number,value,datetime_start,datetime_complete,duration,params_voltage,params_width,params_x,params_y,params_z,state
9050,0.6875,2026-04-08 17:39:00.405699,2026-04-08 17:39:07.712270,0 days 00:00:07.306571,331.0,1.0,122.3,154.3,0.48,COMPLETE
9051,0.6875,2026-04-08 17:39:07.730767,2026-04-08 17:39:14.867624,0 days 00:00:07.136857,321.0,2.0,118.7,149.5,1.57,COMPLETE
9052,0.6875,2026-04-08 17:39:14.881850,2026-04-08 17:39:22.230525,0 days 00:00:07.348675,368.0,1.0,115.9,156.7,0.58,COMPLETE
9053,0.825,2026-04-08 17:39:22.248520,2026-04-08 17:39:56.632181,0 days 00:00:34.383661,390.0,1.0,119.7,153.5,0.01,COMPLETE
9054,0.825,2026-04-08 17:39:56.652051,2026-04-08 17:40:30.671118,0 days 00:00:34.019067,416.0,1.0,118.7,154.5,0.0,COMPLETE
9055,0.6875,2026-04-08 17:40:30.687312,2026-04-08 17:40:38.047162,0 days 00:00:07.359850,204.0,2.0,116.9,154.2,0.65,COMPLETE
9056,0.825,2026-04-08 17:40:38.064437,2026-04-08 17:40:45.235542,0 days 00:00:07.171105,499.0,2.0,115.9,155.5,0.25,COMPLETE
9057,0.6875,2026-04-08 17:40:45.253036,2026-04-08 17:40:52.407472,0 days 00:00:07.154436,385.0,2.0,116.7,150.5,0.01,COMPLETE
9058,0.6875,2026-04-08 17:40:52.424851,2026-04-08 17:40:59.160054,0 days 00:00:06.735203,396.0,2.0,116.2,154.6,0.2,COMPLETE
9059,0.825,2026-04-08 17:40:59.176165,2026-04-08 17:41:33.152596,0 days 00:00:33.976431,400.0,1.0,119.1,156.6,0.0,COMPLETE
9060,0.6875,2026-04-08 17:41:33.170550,2026-04-08 17:41:40.307853,0 days 00:00:07.137303,448.0,1.0,115.0,154.1,0.24,COMPLETE
9061,0.6875,2026-04-08 17:41:40.322672,2026-04-08 17:41:47.475785,0 days 00:00:07.153113,368.0,1.0,117.4,157.6,0.0,COMPLETE
9062,0.6875,2026-04-08 17:41:47.494459,2026-04-08 17:41:54.299247,0 days 00:00:06.804788,424.0,1.0,120.8,158.4,0.38,COMPLETE
9063,0.6875,2026-04-08 17:41:54.316459,2026-04-08 17:42:01.854847,0 days 00:00:07.538388,373.0,1.0,114.6,151.8,0.0,COMPLETE
9064,0.6875,2026-04-08 17:42:01.871259,2026-04-08 17:42:08.806921,0 days 00:00:06.935662,417.0,1.0,114.2,156.4,0.23,COMPLETE
9065,0.6875,2026-04-08 17:42:08.824156,2026-04-08 17:42:16.439012,0 days 00:00:07.614856,455.0,1.0,123.9,155.8,0.52,COMPLETE
9066,0.825,2026-04-08 17:42:16.454650,2026-04-08 17:42:50.980930,0 days 00:00:34.526280,353.0,1.0,119.2,155.7,0.2,COMPLETE
9067,0.825,2026-04-08 17:42:50.998816,2026-04-08 17:43:25.263948,0 days 00:00:34.265132,326.0,1.0,123.2,152.8,0.21,COMPLETE
9068,0.6875,2026-04-08 17:43:25.282360,2026-04-08 17:43:32.411366,0 days 00:00:07.129006,348.0,1.0,121.3,157.2,0.72,COMPLETE
9069,0.6875,2026-04-08 17:43:32.429067,2026-04-08 17:43:39.886202,0 days 00:00:07.457135,397.0,1.0,114.3,152.5,0.24,COMPLETE
9070,0.6875,2026-04-08 17:43:39.904860,2026-04-08 17:43:47.550338,0 days 00:00:07.645478,327.0,1.0,119.3,158.7,0.0,COMPLETE
9071,0.6875,2026-04-08 17:43:47.566019,2026-04-08 17:43:54.560213,0 days 00:00:06.994194,365.0,1.0,115.9,154.9,0.01,COMPLETE
9072,0.6875,2026-04-08 17:43:54.577828,2026-04-08 17:44:01.441150,0 days 00:00:06.863322,412.0,1.0,116.2,150.7,0.21,COMPLETE
9073,0.6875,2026-04-08 17:44:01.456392,2026-04-08 17:44:08.799309,0 days 00:00:07.342917,335.0,1.0,116.8,156.5,0.0,COMPLETE
9074,0.825,2026-04-08 17:44:08.816923,2026-04-08 17:44:43.066972,0 days 00:00:34.250049,449.0,2.0,122.1,157.0,0.6,COMPLETE
9075,0.6875,2026-04-08 17:44:43.083424,2026-04-08 17:44:50.166456,0 days 00:00:07.083032,465.0,1.0,117.3,155.1,0.0,COMPLETE
9076,0.825,2026-04-08 17:44:50.183335,2026-04-08 17:45:24.077216,0 days 00:00:33.893881,411.0,2.0,118.4,155.1,0.33,COMPLETE
9077,0.6875,2026-04-08 17:45:24.094817,2026-04-08 17:45:30.811242,0 days 00:00:06.716425,354.0,1.0,117.4,154.1,0.22,COMPLETE
9078,0.825,2026-04-08 17:45:30.828590,2026-04-08 17:46:05.266737,0 days 00:00:34.438147,361.0,1.0,122.8,155.6,0.2,COMPLETE
9079,0.6875,2026-04-08 17:46:05.285034,2026-04-08 17:46:12.548371,0 days 00:00:07.263337,362.0,1.0,117.3,154.5,0.0,COMPLETE
9080,0.6875,2026-04-08 17:46:12.563667,2026-04-08 17:46:19.272861,0 days 00:00:06.709194,417.0,1.0,118.4,151.6,0.02,COMPLETE
9081,0.6875,2026-04-08 17:46:19.291563,2026-04-08 17:46:26.287863,0 days 00:00:06.996300,442.0,1.0,114.2,154.4,0.25,COMPLETE
9082,0.6875,2026-04-08 17:46:26.305080,2026-04-08 17:46:33.656732,0 days 00:00:07.351652,337.0,1.0,118.0,158.5,0.61,COMPLETE
9083,0.6875,2026-04-08 17:46:33.674153,2026-04-08 17:46:40.930809,0 days 00:00:07.256656,400.0,2.0,122.3,153.1,0.71,COMPLETE
9084,0.6875,2026-04-08 17:46:40.945493,2026-04-08 17:46:48.378240,0 days 00:00:07.432747,425.0,1.0,114.2,156.3,0.54,COMPLETE
9085,0.6875,2026-04-08 17:46:48.396644,2026-04-08 17:46:55.284667,0 days 00:00:06.888023,401.0,1.0,117.2,153.4,0.81,COMPLETE
9086,0.6875,2026-04-08 17:46:55.300146,2026-04-08 17:47:02.004118,0 days 00:00:06.703972,430.0,1.0,115.4,152.6,0.26,COMPLETE
9087,0.825,2026-04-08 17:47:02.022492,2026-04-08 17:47:36.417346,0 days 00:00:34.394854,389.0,1.0,119.9,154.7,0.29,COMPLETE
9088,0.6875,2026-04-08 17:47:36.435018,2026-04-08 17:47:43.278927,0 days 00:00:06.843909,488.0,1.0,118.4,153.8,0.22,COMPLETE
9089,0.6875,2026-04-08 17:47:43.296273,2026-04-08 17:47:50.072196,0 days 00:00:06.775923,415.0,1.0,117.6,153.7,0.0,COMPLETE
9090,0.6875,2026-04-08 17:47:50.087277,2026-04-08 17:47:57.227605,0 days 00:00:07.140328,399.0,1.0,123.9,154.6,0.61,COMPLETE
9091,0.825,2026-04-08 17:47:57.245488,2026-04-08 17:48:31.208834,0 days 00:00:33.963346,403.0,1.0,122.2,155.4,0.45,COMPLETE
9092,0.6875,2026-04-08 17:48:31.227008,2026-04-08 17:48:38.412651,0 days 00:00:07.185643,375.0,1.0,116.9,157.2,0.22,COMPLETE
9093,0.6875,2026-04-08 17:48:38.428455,2026-04-08 17:48:45.255519,0 days 00:00:06.827064,390.0,2.0,113.1,156.6,0.05,COMPLETE
9094,0.6875,2026-04-08 17:48:45.273659,2026-04-08 17:48:52.027153,0 days 00:00:06.753494,495.0,1.0,115.5,156.9,0.04,COMPLETE
9095,0.6875,2026-04-08 17:48:52.043101,2026-04-08 17:48:59.521189,0 days 00:00:07.478088,283.0,2.0,121.7,153.9,0.6,COMPLETE
9096,0.6875,2026-04-08 17:48:59.538727,2026-04-08 17:49:06.601789,0 days 00:00:07.063062,457.0,2.0,116.2,155.1,0.0,COMPLETE
9097,0.6875,2026-04-08 17:49:06.616876,2026-04-08 17:49:13.326536,0 days 00:00:06.709660,428.0,1.0,114.4,154.5,0.54,COMPLETE
9098,0.6875,2026-04-08 17:49:13.342697,2026-04-08 17:49:20.068226,0 days 00:00:06.725529,409.0,1.0,116.7,154.5,0.26,COMPLETE
9099,0.825,2026-04-08 17:49:20.082277,2026-04-08 17:49:54.402196,0 days 00:00:34.319919,444.0,2.0,122.2,156.7,0.29,COMPLETE
9100,0.6875,2026-04-08 17:49:54.420121,2026-04-08 17:50:01.808832,0 days 00:00:07.388711,440.0,1.0,115.5,156.2,0.39,COMPLETE
9101,0.6875,2026-04-08 17:50:01.824392,2026-04-08 17:50:09.307672,0 days 00:00:07.483280,266.0,3.0,121.2,152.4,0.04,COMPLETE
9102,0.6875,2026-04-08 17:50:09.325853,2026-04-08 17:50:16.129367,0 days 00:00:06.803514,405.0,1.0,122.4,154.7,1.02,COMPLETE
9103,0.6875,2026-04-08 17:50:16.143296,2026-04-08 17:50:22.851402,0 days 00:00:06.708106,463.0,2.0,124.4,154.8,0.76,COMPLETE
9104,0.6875,2026-04-08 17:50:22.869557,2026-04-08 17:50:30.315613,0 days 00:00:07.446056,389.0,1.0,117.7,155.3,0.5,COMPLETE
9105,0.6875,2026-04-08 17:50:30.333406,2026-04-08 17:50:37.072496,0 days 00:00:06.739090,397.0,1.0,115.7,153.9,0.54,COMPLETE
9106,0.825,2026-04-08 17:50:37.090897,2026-04-08 17:51:11.206920,0 days 00:00:34.116023,360.0,2.0,118.9,154.9,0.63,COMPLETE
9107,0.6875,2026-04-08 17:51:11.225326,2026-04-08 17:51:18.244722,0 days 00:00:07.019396,373.0,1.0,114.9,157.0,0.2,COMPLETE
9108,0.6875,2026-04-08 17:51:18.262091,2026-04-08 17:51:25.992446,0 days 00:00:07.730355,256.0,2.0,123.8,157.0,0.29,COMPLETE
9109,0.6875,2026-04-08 17:51:26.010563,2026-04-08 17:51:33.266615,0 days 00:00:07.256052,400.0,1.0,116.8,155.8,0.25,COMPLETE
9110,0.6875,2026-04-08 17:51:33.281985,2026-04-08 17:51:40.018640,0 days 00:00:06.736655,442.0,1.0,117.1,153.5,0.31,COMPLETE
9111,0.825,2026-04-08 17:51:40.035767,2026-04-08 17:51:53.271577,0 days 00:00:13.235810,440.0,1.0,117.6,153.2,0.01,COMPLETE
9112,0.6875,2026-04-08 17:51:53.288681,2026-04-08 17:52:00.091470,0 days 00:00:06.802789,500.0,1.0,115.9,153.4,0.3,COMPLETE
9113,0.825,2026-04-08 17:52:00.108512,2026-04-08 17:52:34.895874,0 days 00:00:34.787362,331.0,3.0,123.8,154.4,0.07,COMPLETE
9114,0.6875,2026-04-08 17:52:34.914166,2026-04-08 17:52:42.107455,0 days 00:00:07.193289,228.0,2.0,121.8,155.8,0.27,COMPLETE
9115,0.6875,2026-04-08 17:52:42.121640,2026-04-08 17:52:48.946505,0 days 00:00:06.824865,388.0,2.0,122.0,152.0,0.43,COMPLETE
9116,0.671875,2026-04-08 17:52:48.964505,2026-04-08 17:52:56.033341,0 days 00:00:07.068836,464.0,1.0,116.2,152.6,0.01,COMPLETE
9117,0.6875,2026-04-08 17:52:56.051162,2026-04-08 17:53:03.475208,0 days 00:00:07.424046,350.0,1.0,122.5,151.5,0.51,COMPLETE
9118,0.825,2026-04-08 17:53:03.493619,2026-04-08 17:53:37.886137,0 days 00:00:34.392518,434.0,1.0,119.8,157.1,0.34,COMPLETE
9119,0.6875,2026-04-08 17:53:37.903639,2026-04-08 17:53:45.344370,0 days 00:00:07.440731,306.0,1.0,119.3,151.8,0.0,COMPLETE
9120,0.6875,2026-04-08 17:53:45.359830,2026-04-08 17:53:52.742700,0 days 00:00:07.382870,404.0,2.0,124.7,157.1,0.72,COMPLETE
9121,0.6875,2026-04-08 17:53:52.760687,2026-04-08 17:54:00.397339,0 days 00:00:07.636652,333.0,1.0,118.4,152.6,0.31,COMPLETE
9122,0.6875,2026-04-08 17:54:00.412208,2026-04-08 17:54:07.114942,0 days 00:00:06.702734,412.0,1.0,115.6,153.7,0.27,COMPLETE
9123,0.6875,2026-04-08 17:54:07.133315,2026-04-08 17:54:13.949132,0 days 00:00:06.815817,263.0,1.0,116.7,153.5,0.5,COMPLETE
9124,0.6875,2026-04-08 17:54:13.964053,2026-04-08 17:54:20.870380,0 days 00:00:06.906327,273.0,1.0,120.5,155.5,0.01,COMPLETE
9125,0.6875,2026-04-08 17:54:20.888303,2026-04-08 17:54:27.636422,0 days 00:00:06.748119,459.0,1.0,119.8,153.3,0.3,COMPLETE
9126,0.825,2026-04-08 17:54:27.652503,2026-04-08 17:55:01.860471,0 days 00:00:34.207968,332.0,2.0,119.6,155.9,0.04,COMPLETE
9127,0.6875,2026-04-08 17:55:01.878325,2026-04-08 17:55:09.063929,0 days 00:00:07.185604,225.0,2.0,120.4,153.3,0.22,COMPLETE
9128,0.6875,2026-04-08 17:55:09.081963,2026-04-08 17:55:16.126278,0 days 00:00:07.044315,280.0,2.0,125.6,154.6,0.88,COMPLETE
9129,0.6875,2026-04-08 17:55:16.141002,2026-04-08 17:55:22.961604,0 days 00:00:06.820602,279.0,2.0,122.9,151.9,0.34,COMPLETE
9130,0.6875,2026-04-08 17:55:22.979253,2026-04-08 17:55:30.638273,0 days 00:00:07.659020,366.0,1.0,113.5,155.6,0.02,COMPLETE
9131,0.6875,2026-04-08 17:55:30.654909,2026-04-08 17:55:38.109377,0 days 00:00:07.454468,457.0,2.0,122.0,154.0,0.52,COMPLETE
9132,0.6875,2026-04-08 17:55:38.125288,2026-04-08 17:55:45.709467,0 days 00:00:07.584179,327.0,1.0,115.0,150.9,0.46,COMPLETE
9133,0.6875,2026-04-08 17:55:45.725126,2026-04-08 17:55:52.665854,0 days 00:00:06.940728,388.0,1.0,119.6,152.4,0.32,COMPLETE
9134,0.6875,2026-04-08 17:55:52.683880,2026-04-08 17:55:59.536051,0 days 00:00:06.852171,490.0,2.0,115.9,153.9,0.31,COMPLETE
9135,0.825,2026-04-08 17:55:59.552427,2026-04-08 17:56:33.748377,0 days 00:00:34.195950,370.0,2.0,118.7,153.7,0.18,COMPLETE
9136,0.825,2026-04-08 17:56:33.766490,2026-04-08 17:57:08.037910,0 days 00:00:34.271420,342.0,2.0,122.8,154.6,0.0,COMPLETE
9137,0.6875,2026-04-08 17:57:08.054990,2026-04-08 17:57:15.246701,0 days 00:00:07.191711,362.0,2.0,117.3,153.1,0.01,COMPLETE
9138,0.6875,2026-04-08 17:57:15.264074,2026-04-08 17:57:22.997812,0 days 00:00:07.733738,175.0,1.0,123.2,149.9,1.43,COMPLETE
9139,0.6875,2026-04-08 17:57:23.015551,2026-04-08 17:57:30.041619,0 days 00:00:07.026068,217.0,3.0,121.9,155.0,0.54,COMPLETE
9140,0.6875,2026-04-08 17:57:30.056329,2026-04-08 17:57:37.536451,0 days 00:00:07.480122,457.0,1.0,114.9,150.2,0.62,COMPLETE
9141,0.6875,2026-04-08 17:57:37.554801,2026-04-08 17:57:44.796391,0 days 00:00:07.241590,430.0,1.0,115.2,157.2,0.24,COMPLETE
9142,0.825,2026-04-08 17:57:44.810705,2026-04-08 17:58:18.708966,0 days 00:00:33.898261,466.0,1.0,115.3,155.9,0.23,COMPLETE
9143,0.6875,2026-04-08 17:58:18.726685,2026-04-08 17:58:25.954581,0 days 00:00:07.227896,358.0,1.0,113.6,153.9,0.34,COMPLETE
9144,0.6875,2026-04-08 17:58:25.969791,2026-04-08 17:58:32.866228,0 days 00:00:06.896437,444.0,1.0,118.0,153.9,0.39,COMPLETE
9145,0.6875,2026-04-08 17:58:32.884554,2026-04-08 17:58:40.001416,0 days 00:00:07.116862,359.0,2.0,116.0,150.3,0.43,COMPLETE
9146,0.6875,2026-04-08 17:58:40.017925,2026-04-08 17:58:46.653803,0 days 00:00:06.635878,363.0,1.0,115.9,151.8,0.0,COMPLETE
9147,0.6875,2026-04-08 17:58:46.671677,2026-04-08 17:58:53.551804,0 days 00:00:06.880127,412.0,2.0,115.7,156.0,0.23,COMPLETE
9148,0.825,2026-04-08 17:58:53.567226,2026-04-08 17:59:27.558004,0 days 00:00:33.990778,358.0,1.0,118.5,154.9,0.24,COMPLETE
9149,0.6875,2026-04-08 17:59:27.575628,2026-04-08 17:59:34.766634,0 days 00:00:07.191006,383.0,2.0,123.6,155.0,0.37,COMPLETE
9150,0.703125,2026-04-08 17:59:34.784265,2026-04-08 17:59:41.521023,0 days 00:00:06.736758,497.0,2.0,121.3,154.5,0.43,COMPLETE
9151,0.6875,2026-04-08 17:59:41.539629,2026-04-08 17:59:48.332270,0 days 00:00:06.792641,427.0,1.0,117.8,154.5,0.55,COMPLETE
9152,0.825,2026-04-08 17:59:48.352498,2026-04-08 18:00:22.883653,0 days 00:00:34.531155,319.0,2.0,122.7,156.5,0.19,COMPLETE
9153,0.6875,2026-04-08 18:00:22.898725,2026-04-08 18:00:30.322827,0 days 00:00:07.424102,382.0,1.0,115.6,153.2,0.25,COMPLETE
9154,0.6875,2026-04-08 18:00:30.341475,2026-04-08 18:00:37.099818,0 days 00:00:06.758343,404.0,1.0,113.3,152.5,0.23,COMPLETE
9155,0.6875,2026-04-08 18:00:37.114524,2026-04-08 18:00:44.129301,0 days 00:00:07.014777,392.0,1.0,117.3,156.0,0.22,COMPLETE
9156,0.825,2026-04-08 18:00:44.147934,2026-04-08 18:01:18.197050,0 days 00:00:34.049116,453.0,1.0,118.1,154.3,0.22,COMPLETE
9157,0.6875,2026-04-08 18:01:18.212175,2026-04-08 18:01:25.153102,0 days 00:00:06.940927,435.0,1.0,114.3,154.4,0.0,COMPLETE
9158,0.6875,2026-04-08 18:01:25.170604,2026-04-08 18:01:31.918672,0 days 00:00:06.748068,404.0,1.0,115.9,151.7,0.46,COMPLETE
9159,0.6875,2026-04-08 18:01:31.934217,2026-04-08 18:01:38.649428,0 days 00:00:06.715211,366.0,2.0,113.1,153.2,0.0,COMPLETE
9160,0.825,2026-04-08 18:01:38.666707,2026-04-08 18:01:45.910131,0 days 00:00:07.243424,360.0,1.0,115.9,154.8,0.23,COMPLETE
9161,0.6875,2026-04-08 18:01:45.925111,2026-04-08 18:01:53.559785,0 days 00:00:07.634674,163.0,2.0,122.8,154.4,0.0,COMPLETE
9162,0.6875,2026-04-08 18:01:53.577600,2026-04-08 18:02:00.412700,0 days 00:00:06.835100,369.0,1.0,117.9,153.6,0.58,COMPLETE
9163,0.825,2026-04-08 18:02:00.428024,2026-04-08 18:02:05.478683,0 days 00:00:05.050659,457.0,1.0,116.4,154.7,0.3,COMPLETE
9164,0.6875,2026-04-08 18:02:05.496704,2026-04-08 18:02:12.275705,0 days 00:00:06.779001,385.0,1.0,116.6,155.7,0.0,COMPLETE
9165,0.6875,2026-04-08 18:02:12.291246,2026-04-08 18:02:18.727576,0 days 00:00:06.436330,355.0,2.0,117.4,155.7,0.39,COMPLETE
9166,0.6875,2026-04-08 18:02:18.745294,2026-04-08 18:02:25.996894,0 days 00:00:07.251600,449.0,2.0,125.7,156.7,0.64,COMPLETE
9167,0.6875,2026-04-08 18:02:26.012975,2026-04-08 18:02:33.467915,0 days 00:00:07.454940,174.0,3.0,122.9,159.7,1.47,COMPLETE
9168,0.6875,2026-04-08 18:02:33.485235,2026-04-08 18:02:40.735199,0 days 00:00:07.249964,343.0,1.0,115.4,156.6,0.51,COMPLETE
9169,0.6875,2026-04-08 18:02:40.754224,2026-04-08 18:02:48.166304,0 days 00:00:07.412080,254.0,2.0,122.6,154.1,0.26,COMPLETE
9170,0.825,2026-04-08 18:02:48.181227,2026-04-08 18:03:22.064903,0 days 00:00:33.883676,403.0,2.0,124.7,154.4,0.48,COMPLETE
9171,0.825,2026-04-08 18:03:22.082833,2026-04-08 18:03:56.630002,0 days 00:00:34.547169,455.0,1.0,119.2,157.4,0.21,COMPLETE
9172,0.6875,2026-04-08 18:03:56.644324,2026-04-08 18:04:03.758619,0 days 00:00:07.114295,500.0,3.0,123.3,159.2,1.04,COMPLETE
9173,0.6875,2026-04-08 18:04:03.776289,2026-04-08 18:04:11.294331,0 days 00:00:07.518042,160.0,2.0,122.1,156.7,1.12,COMPLETE
9174,0.6875,2026-04-08 18:04:11.311527,2026-04-08 18:04:18.528505,0 days 00:00:07.216978,371.0,1.0,115.3,156.0,0.31,COMPLETE
9175,0.6875,2026-04-08 18:04:18.545579,2026-04-08 18:04:25.751325,0 days 00:00:07.205746,331.0,2.0,121.3,153.9,0.24,COMPLETE
9176,0.825,2026-04-08 18:04:25.765966,2026-04-08 18:04:59.870715,0 days 00:00:34.104749,415.0,1.0,124.7,153.0,0.35000000000000003,COMPLETE
9177,0.6875,2026-04-08 18:04:59.888943,2026-04-08 18:05:07.783184,0 days 00:00:07.894241,436.0,1.0,113.5,153.1,0.0,COMPLETE
9178,0.6875,2026-04-08 18:05:07.801181,2026-04-08 18:05:15.123458,0 days 00:00:07.322277,463.0,2.0,120.8,154.0,0.24,COMPLETE
9179,0.6875,2026-04-08 18:05:15.138161,2026-04-08 18:05:21.928418,0 days 00:00:06.790257,456.0,2.0,117.2,154.1,0.51,COMPLETE
9180,0.6875,2026-04-08 18:05:21.945376,2026-04-08 18:05:28.468468,0 days 00:00:06.523092,411.0,1.0,117.0,154.2,0.0,COMPLETE
9181,0.6875,2026-04-08 18:05:28.484266,2026-04-08 18:05:35.139826,0 days 00:00:06.655560,410.0,2.0,115.2,154.4,0.05,COMPLETE
9182,0.6875,2026-04-08 18:05:35.157296,2026-04-08 18:05:42.928186,0 days 00:00:07.770890,406.0,1.0,125.9,156.1,0.62,COMPLETE
9183,0.825,2026-04-08 18:05:42.943669,2026-04-08 18:06:17.430110,0 days 00:00:34.486441,357.0,1.0,122.9,151.0,0.05,COMPLETE
9184,0.6875,2026-04-08 18:06:17.451440,2026-04-08 18:06:24.573092,0 days 00:00:07.121652,472.0,1.0,117.6,154.4,0.01,COMPLETE
9185,0.6875,2026-04-08 18:06:24.588762,2026-04-08 18:06:31.142584,0 days 00:00:06.553822,479.0,1.0,117.2,152.5,0.0,COMPLETE
9186,0.825,2026-04-08 18:06:31.160059,2026-04-08 18:07:27.536480,0 days 00:00:56.376421,490.0,2.0,124.2,155.5,0.2,COMPLETE
9187,0.6875,2026-04-08 18:07:27.551197,2026-04-08 18:07:34.758110,0 days 00:00:07.206913,424.0,2.0,117.5,153.2,0.29,COMPLETE
9188,0.825,2026-04-08 18:07:34.776004,2026-04-08 18:08:08.825987,0 days 00:00:34.049983,498.0,2.0,116.8,154.7,0.23,COMPLETE
9189,0.6875,2026-04-08 18:08:08.840257,2026-04-08 18:08:15.854187,0 days 00:00:07.013930,412.0,1.0,114.5,154.7,0.26,COMPLETE
9190,0.825,2026-04-08 18:08:15.872468,2026-04-08 18:08:50.761054,0 days 00:00:34.888586,287.0,1.0,121.7,157.1,0.29,COMPLETE
9191,0.825,2026-04-08 18:08:50.779580,2026-04-08 18:09:24.803749,0 days 00:00:34.024169,424.0,2.0,119.9,154.5,0.22,COMPLETE
9192,0.825,2026-04-08 18:09:24.822239,2026-04-08 18:09:58.861134,0 days 00:00:34.038895,392.0,2.0,118.9,155.1,0.0,COMPLETE
9193,0.6875,2026-04-08 18:09:58.879063,2026-04-08 18:10:05.803575,0 days 00:00:06.924512,451.0,1.0,117.2,157.7,0.17,COMPLETE
9194,0.6875,2026-04-08 18:10:05.820623,2026-04-08 18:10:13.074023,0 days 00:00:07.253400,237.0,1.0,116.3,154.6,0.03,COMPLETE
9195,0.6875,2026-04-08 18:10:13.092802,2026-04-08 18:10:20.019595,0 days 00:00:06.926793,325.0,1.0,120.8,155.0,0.25,COMPLETE
9196,0.6875,2026-04-08 18:10:20.034715,2026-04-08 18:10:27.079430,0 days 00:00:07.044715,328.0,2.0,115.3,154.1,0.31,COMPLETE
9197,0.825,2026-04-08 18:10:27.097383,2026-04-08 18:11:01.322852,0 days 00:00:34.225469,377.0,1.0,119.8,156.0,0.44,COMPLETE
9198,0.825,2026-04-08 18:11:01.338004,2026-04-08 18:11:35.374519,0 days 00:00:34.036515,441.0,1.0,116.2,154.8,0.27,COMPLETE
9199,0.6875,2026-04-08 18:11:35.392229,2026-04-08 18:11:42.722008,0 days 00:00:07.329779,482.0,1.0,123.2,154.5,0.51,COMPLETE
9200,0.825,2026-04-08 18:11:42.737377,2026-04-08 18:12:17.106011,0 days 00:00:34.368634,259.0,2.0,119.7,155.2,0.0,COMPLETE
9201,0.6875,2026-04-08 18:12:17.124663,2026-04-08 18:12:24.113891,0 days 00:00:06.989228,416.0,1.0,116.1,154.8,0.0,COMPLETE
9202,0.6875,2026-04-08 18:12:24.128547,2026-04-08 18:12:30.761840,0 days 00:00:06.633293,369.0,1.0,114.7,154.4,0.19,COMPLETE
9203,0.6875,2026-04-08 18:12:30.779867,2026-04-08 18:12:37.589311,0 days 00:00:06.809444,379.0,2.0,116.6,151.4,0.61,COMPLETE
9204,0.6875,2026-04-08 18:12:37.606207,2026-04-08 18:12:44.735437,0 days 00:00:07.129230,436.0,2.0,114.6,156.9,0.6,COMPLETE
9205,0.6875,2026-04-08 18:12:44.754170,2026-04-08 18:12:51.786451,0 days 00:00:07.032281,329.0,1.0,116.1,154.8,0.0,COMPLETE
9206,0.6875,2026-04-08 18:12:51.804340,2026-04-08 18:12:58.532184,0 days 00:00:06.727844,391.0,1.0,113.9,154.4,0.45,COMPLETE
9207,0.671875,2026-04-08 18:12:58.550585,2026-04-08 18:13:06.150548,0 days 00:00:07.599963,370.0,2.0,123.0,151.4,0.04,COMPLETE
9208,0.825,2026-04-08 18:13:06.168195,2026-04-08 18:13:40.335069,0 days 00:00:34.166874,396.0,1.0,119.2,154.4,0.3,COMPLETE
9209,0.6875,2026-04-08 18:13:40.348109,2026-04-08 18:13:47.191493,0 days 00:00:06.843384,392.0,1.0,118.5,157.9,0.5700000000000001,COMPLETE
9210,0.825,2026-04-08 18:13:47.209621,2026-04-08 18:14:21.245401,0 days 00:00:34.035780,454.0,1.0,117.1,156.3,0.01,COMPLETE
9211,0.825,2026-04-08 18:14:21.261139,2026-04-08 18:14:55.566621,0 days 00:00:34.305482,366.0,2.0,117.9,155.2,0.0,COMPLETE
9212,0.825,2026-04-08 18:14:55.584300,2026-04-08 18:15:00.637051,0 days 00:00:05.052751,441.0,1.0,118.8,154.0,0.31,COMPLETE
9213,0.825,2026-04-08 18:15:00.652529,2026-04-08 18:15:34.743512,0 days 00:00:34.090983,444.0,1.0,120.1,152.4,0.0,COMPLETE
9214,0.825,2026-04-08 18:15:34.761910,2026-04-08 18:16:09.036636,0 days 00:00:34.274726,422.0,1.0,118.4,157.0,0.0,COMPLETE
9215,0.825,2026-04-08 18:16:09.054432,2026-04-08 18:16:43.081253,0 days 00:00:34.026821,384.0,3.0,118.0,153.8,0.06,COMPLETE
9216,0.6875,2026-04-08 18:16:43.098798,2026-04-08 18:16:50.139443,0 days 00:00:07.040645,430.0,1.0,114.7,155.9,0.3,COMPLETE
9217,0.825,2026-04-08 18:16:50.153720,2026-04-08 18:17:24.326795,0 days 00:00:34.173075,433.0,1.0,118.8,156.4,0.32,COMPLETE
9218,0.6875,2026-04-08 18:17:24.344539,2026-04-08 18:17:31.483116,0 days 00:00:07.138577,427.0,1.0,116.4,152.1,0.02,COMPLETE
9219,0.825,2026-04-08 18:17:31.501089,2026-04-08 18:18:05.781267,0 days 00:00:34.280178,448.0,1.0,119.4,155.8,0.58,COMPLETE
9220,0.6875,2026-04-08 18:18:05.796406,2026-04-08 18:18:13.541970,0 days 00:00:07.745564,181.0,3.0,113.2,150.5,1.2,COMPLETE
9221,0.6875,2026-04-08 18:18:13.560122,2026-04-08 18:18:20.372281,0 days 00:00:06.812159,473.0,1.0,115.3,154.7,0.49,COMPLETE
9222,0.825,2026-04-08 18:18:20.389532,2026-04-08 18:18:55.206784,0 days 00:00:34.817252,291.0,2.0,122.8,152.8,0.0,COMPLETE
9223,0.6875,2026-04-08 18:18:55.225509,2026-04-08 18:19:02.851748,0 days 00:00:07.626239,397.0,2.0,114.1,155.6,1.03,COMPLETE
9224,0.6875,2026-04-08 18:19:02.869736,2026-04-08 18:19:09.660347,0 days 00:00:06.790611,448.0,1.0,116.5,158.3,0.41000000000000003,COMPLETE
