number,value,datetime_start,datetime_complete,duration,params_voltage,params_width,params_x,params_y,params_z,state
5041,0.6875,2026-04-05 18:13:25.739721,2026-04-05 18:13:39.644970,0 days 00:00:13.905249,487.0,1.0,114.8,158.5,0.51,COMPLETE
5042,0.825,2026-04-05 18:13:41.003271,2026-04-05 18:14:25.325882,0 days 00:00:44.322611,384.0,1.0,120.1,155.0,0.22,COMPLETE
5043,0.6875,2026-04-05 18:14:26.836289,2026-04-05 18:14:43.475002,0 days 00:00:16.638713,365.0,1.0,113.1,153.5,0.0,COMPLETE
5044,0.671875,2026-04-05 18:14:45.768303,2026-04-05 18:15:02.669427,0 days 00:00:16.901124,438.0,1.0,116.5,155.7,0.25,COMPLETE
5045,0.825,2026-04-05 18:15:03.929321,2026-04-05 18:15:23.190531,0 days 00:00:19.261210,276.0,2.0,124.9,154.0,0.37,COMPLETE
5046,0.825,2026-04-05 18:15:24.490597,2026-04-05 18:16:09.089326,0 days 00:00:44.598729,475.0,1.0,118.1,152.8,0.04,COMPLETE
5047,0.6875,2026-04-05 18:16:10.298542,2026-04-05 18:16:26.272071,0 days 00:00:15.973529,440.0,1.0,115.4,156.6,0.4,COMPLETE
5048,0.825,2026-04-05 18:16:27.347282,2026-04-05 18:17:08.276208,0 days 00:00:40.928926,446.0,2.0,118.1,154.8,0.02,COMPLETE
5049,0.6875,2026-04-05 18:17:09.788793,2026-04-05 18:17:32.254294,0 days 00:00:22.465501,476.0,1.0,118.3,157.8,0.34,COMPLETE
5050,0.6875,2026-04-05 18:17:34.006601,2026-04-05 18:18:34.790656,0 days 00:01:00.784055,494.0,2.0,120.3,154.0,0.42,COMPLETE
5051,0.825,2026-04-05 18:18:36.252819,2026-04-05 18:20:19.663263,0 days 00:01:43.410444,403.0,1.0,116.0,155.6,0.0,COMPLETE
5053,0.825,2026-04-05 18:23:22.747919,2026-04-05 18:23:56.584042,0 days 00:00:33.836123,406.0,1.0,116.0,154.3,0.0,COMPLETE
5054,0.825,2026-04-05 18:23:56.601637,2026-04-05 18:24:30.384370,0 days 00:00:33.782733,427.0,1.0,116.7,155.0,0.0,COMPLETE
5055,0.6875,2026-04-05 18:24:30.399659,2026-04-05 18:24:37.264160,0 days 00:00:06.864501,382.0,2.0,118.6,159.4,0.34,COMPLETE
5056,0.825,2026-04-05 18:24:37.281038,2026-04-05 18:25:11.591638,0 days 00:00:34.310600,408.0,1.0,122.6,156.2,0.06,COMPLETE
5057,0.6875,2026-04-05 18:25:11.605621,2026-04-05 18:25:19.093074,0 days 00:00:07.487453,360.0,2.0,115.2,157.7,0.04,COMPLETE
5058,0.6875,2026-04-05 18:25:19.103446,2026-04-05 18:25:25.953659,0 days 00:00:06.850213,453.0,1.0,114.8,153.5,0.54,COMPLETE
5059,0.6875,2026-04-05 18:25:25.968511,2026-04-05 18:25:32.944858,0 days 00:00:06.976347,344.0,1.0,117.4,153.8,0.0,COMPLETE
5060,0.6875,2026-04-05 18:25:32.959436,2026-04-05 18:25:39.628331,0 days 00:00:06.668895,391.0,1.0,117.2,155.8,0.01,COMPLETE
5061,0.6875,2026-04-05 18:25:39.643334,2026-04-05 18:25:46.447127,0 days 00:00:06.803793,396.0,1.0,114.9,157.7,0.02,COMPLETE
5062,0.6875,2026-04-05 18:25:46.461423,2026-04-05 18:25:53.264850,0 days 00:00:06.803427,466.0,1.0,117.6,155.2,0.0,COMPLETE
5063,0.825,2026-04-05 18:25:53.278975,2026-04-05 18:26:27.639914,0 days 00:00:34.360939,375.0,2.0,121.0,157.0,0.4,COMPLETE
5064,0.825,2026-04-05 18:26:27.654308,2026-04-05 18:27:01.662089,0 days 00:00:34.007781,457.0,1.0,119.3,154.7,0.0,COMPLETE
5065,0.825,2026-04-05 18:27:01.676257,2026-04-05 18:27:35.717292,0 days 00:00:34.041035,394.0,1.0,121.3,155.2,0.26,COMPLETE
5066,0.6875,2026-04-05 18:27:35.734323,2026-04-05 18:27:43.015249,0 days 00:00:07.280926,431.0,1.0,114.7,155.0,0.0,COMPLETE
5067,0.825,2026-04-05 18:27:43.029711,2026-04-05 18:28:17.181901,0 days 00:00:34.152190,400.0,2.0,118.0,155.4,0.01,COMPLETE
5068,0.6875,2026-04-05 18:28:17.196861,2026-04-05 18:28:24.232215,0 days 00:00:07.035354,400.0,1.0,114.3,152.7,0.24,COMPLETE
5069,0.6875,2026-04-05 18:28:24.243755,2026-04-05 18:28:31.636031,0 days 00:00:07.392276,213.0,1.0,116.3,148.9,0.0,COMPLETE
5070,0.825,2026-04-05 18:28:31.650495,2026-04-05 18:28:45.336055,0 days 00:00:13.685560,442.0,1.0,116.6,153.4,0.0,COMPLETE
5071,0.825,2026-04-05 18:28:45.351588,2026-04-05 18:29:19.390009,0 days 00:00:34.038421,435.0,1.0,118.5,154.0,0.31,COMPLETE
5072,0.6875,2026-04-05 18:29:19.405285,2026-04-05 18:29:26.108172,0 days 00:00:06.702887,439.0,2.0,117.2,153.7,0.0,COMPLETE
5073,0.6875,2026-04-05 18:29:26.120710,2026-04-05 18:29:33.871576,0 days 00:00:07.750866,202.0,2.0,124.0,156.6,0.03,COMPLETE
5074,0.671875,2026-04-05 18:29:33.887620,2026-04-05 18:29:41.429875,0 days 00:00:07.542255,438.0,1.0,115.6,152.6,0.02,COMPLETE
5075,0.825,2026-04-05 18:29:41.442869,2026-04-05 18:30:15.962768,0 days 00:00:34.519899,432.0,1.0,119.5,157.6,0.01,COMPLETE
5076,0.6875,2026-04-05 18:30:15.976936,2026-04-05 18:30:23.066930,0 days 00:00:07.089994,381.0,1.0,116.4,154.4,0.33,COMPLETE
5077,0.6875,2026-04-05 18:30:23.081579,2026-04-05 18:30:29.666978,0 days 00:00:06.585399,391.0,1.0,116.2,153.1,0.01,COMPLETE
5078,0.6875,2026-04-05 18:30:29.681411,2026-04-05 18:30:36.534447,0 days 00:00:06.853036,445.0,1.0,116.6,157.1,0.33,COMPLETE
5079,0.825,2026-04-05 18:30:36.546672,2026-04-05 18:31:10.770523,0 days 00:00:34.223851,353.0,1.0,117.6,156.6,0.0,COMPLETE
5080,0.6875,2026-04-05 18:31:10.786263,2026-04-05 18:31:17.781464,0 days 00:00:06.995201,364.0,2.0,115.5,154.6,0.2,COMPLETE
5081,0.6875,2026-04-05 18:31:17.796870,2026-04-05 18:31:24.322214,0 days 00:00:06.525344,417.0,1.0,116.1,154.9,0.43,COMPLETE
5082,0.6875,2026-04-05 18:31:24.333556,2026-04-05 18:31:30.960281,0 days 00:00:06.626725,400.0,1.0,116.9,153.4,0.27,COMPLETE
5083,0.6875,2026-04-05 18:31:30.975331,2026-04-05 18:31:37.565780,0 days 00:00:06.590449,449.0,1.0,115.7,152.7,0.32,COMPLETE
5084,0.6875,2026-04-05 18:31:37.579434,2026-04-05 18:31:44.312211,0 days 00:00:06.732777,498.0,2.0,115.4,155.2,0.28,COMPLETE
5085,0.6875,2026-04-05 18:31:44.326807,2026-04-05 18:31:51.286809,0 days 00:00:06.960002,411.0,2.0,113.8,153.6,0.0,COMPLETE
5086,0.6875,2026-04-05 18:31:51.299767,2026-04-05 18:31:57.938348,0 days 00:00:06.638581,500.0,1.0,115.9,153.1,0.36,COMPLETE
5087,0.825,2026-04-05 18:31:57.953003,2026-04-05 18:32:31.898806,0 days 00:00:33.945803,448.0,1.0,117.2,155.9,0.0,COMPLETE
5088,0.6875,2026-04-05 18:32:31.913945,2026-04-05 18:32:39.037374,0 days 00:00:07.123429,427.0,1.0,115.8,150.8,0.05,COMPLETE
5089,0.825,2026-04-05 18:32:39.049349,2026-04-05 18:33:13.632378,0 days 00:00:34.583029,433.0,2.0,121.6,157.3,0.45,COMPLETE
5090,0.825,2026-04-05 18:33:13.643679,2026-04-05 18:33:27.282432,0 days 00:00:13.638753,430.0,1.0,117.9,154.2,0.02,COMPLETE
5091,0.6875,2026-04-05 18:33:27.295891,2026-04-05 18:33:34.268332,0 days 00:00:06.972441,468.0,1.0,114.5,156.6,0.01,COMPLETE
5092,0.6875,2026-04-05 18:33:34.283665,2026-04-05 18:33:40.752885,0 days 00:00:06.469220,397.0,1.0,114.3,156.9,0.38,COMPLETE
5093,0.6875,2026-04-05 18:33:40.768164,2026-04-05 18:33:47.472478,0 days 00:00:06.704314,411.0,1.0,114.9,153.8,0.0,COMPLETE
5094,0.6875,2026-04-05 18:33:47.487584,2026-04-05 18:33:54.289352,0 days 00:00:06.801768,401.0,1.0,116.9,156.0,0.31,COMPLETE
5095,0.825,2026-04-05 18:33:54.303909,2026-04-05 18:34:28.644024,0 days 00:00:34.340115,296.0,2.0,120.8,156.4,0.28,COMPLETE
5096,0.6875,2026-04-05 18:34:28.658659,2026-04-05 18:34:35.559911,0 days 00:00:06.901252,432.0,1.0,117.3,158.3,0.0,COMPLETE
5097,0.6875,2026-04-05 18:34:35.574826,2026-04-05 18:34:42.322055,0 days 00:00:06.747229,447.0,2.0,115.3,156.5,0.29,COMPLETE
5098,0.6875,2026-04-05 18:34:42.336597,2026-04-05 18:34:49.295607,0 days 00:00:06.959010,363.0,1.0,114.1,154.7,0.26,COMPLETE
5099,0.6875,2026-04-05 18:34:49.307124,2026-04-05 18:34:56.800382,0 days 00:00:07.493258,275.0,1.0,117.1,148.2,1.96,COMPLETE
5100,0.825,2026-04-05 18:34:56.816031,2026-04-05 18:35:31.360312,0 days 00:00:34.544281,405.0,1.0,115.7,156.1,0.01,COMPLETE
5101,0.6875,2026-04-05 18:35:31.375799,2026-04-05 18:35:38.580470,0 days 00:00:07.204671,406.0,3.0,121.9,155.4,1.62,COMPLETE
5102,0.825,2026-04-05 18:35:38.591988,2026-04-05 18:36:12.597288,0 days 00:00:34.005300,441.0,1.0,124.4,155.1,0.4,COMPLETE
5103,0.6875,2026-04-05 18:36:12.608202,2026-04-05 18:36:19.998373,0 days 00:00:07.390171,480.0,3.0,116.9,156.1,0.0,COMPLETE
5104,0.6875,2026-04-05 18:36:20.012927,2026-04-05 18:36:26.988447,0 days 00:00:06.975520,361.0,1.0,115.0,154.7,0.0,COMPLETE
5105,0.825,2026-04-05 18:36:27.003967,2026-04-05 18:37:01.231275,0 days 00:00:34.227308,427.0,1.0,119.6,155.2,0.01,COMPLETE
5106,0.0,2026-04-05 18:37:01.246446,2026-04-05 18:37:08.044728,0 days 00:00:06.798282,391.0,1.0,117.2,154.5,0.01,COMPLETE
5107,0.6875,2026-04-05 18:37:08.059432,2026-04-05 18:37:14.664626,0 days 00:00:06.605194,436.0,1.0,116.3,153.3,0.29,COMPLETE
5108,0.6875,2026-04-05 18:37:14.679844,2026-04-05 18:37:21.614277,0 days 00:00:06.934433,336.0,1.0,117.9,154.5,0.23,COMPLETE
5109,0.825,2026-04-05 18:37:21.629710,2026-04-05 18:37:55.489097,0 days 00:00:33.859387,316.0,1.0,119.3,155.0,0.01,COMPLETE
5110,0.6875,2026-04-05 18:37:55.503019,2026-04-05 18:38:02.311950,0 days 00:00:06.808931,356.0,3.0,117.0,155.9,0.13,COMPLETE
5111,0.825,2026-04-05 18:38:02.327678,2026-04-05 18:38:36.201525,0 days 00:00:33.873847,344.0,1.0,119.2,155.5,0.0,COMPLETE
5112,0.6875,2026-04-05 18:38:36.216605,2026-04-05 18:38:43.086695,0 days 00:00:06.870090,388.0,2.0,116.6,154.7,0.35000000000000003,COMPLETE
5113,0.825,2026-04-05 18:38:43.101937,2026-04-05 18:39:17.156079,0 days 00:00:34.054142,405.0,1.0,119.2,154.6,0.4,COMPLETE
5114,0.6875,2026-04-05 18:39:17.171989,2026-04-05 18:39:24.612319,0 days 00:00:07.440330,233.0,3.0,122.0,155.0,0.3,COMPLETE
5115,0.6875,2026-04-05 18:39:24.627785,2026-04-05 18:39:31.286428,0 days 00:00:06.658643,287.0,2.0,123.7,154.1,0.22,COMPLETE
5116,0.6875,2026-04-05 18:39:31.302374,2026-04-05 18:39:38.556684,0 days 00:00:07.254310,453.0,1.0,116.8,152.0,0.21,COMPLETE
5117,0.825,2026-04-05 18:39:38.571566,2026-04-05 18:40:12.709714,0 days 00:00:34.138148,426.0,1.0,117.8,156.8,0.0,COMPLETE
5118,0.825,2026-04-05 18:40:12.725060,2026-04-05 18:40:46.740838,0 days 00:00:34.015778,452.0,1.0,117.9,155.3,0.24,COMPLETE
5119,0.6875,2026-04-05 18:40:46.755288,2026-04-05 18:40:54.235531,0 days 00:00:07.480243,270.0,2.0,123.5,154.3,0.81,COMPLETE
5120,0.825,2026-04-05 18:40:54.250758,2026-04-05 18:41:28.479521,0 days 00:00:34.228763,456.0,1.0,118.0,152.9,0.05,COMPLETE
5121,0.6875,2026-04-05 18:41:28.494521,2026-04-05 18:41:35.570949,0 days 00:00:07.076428,368.0,1.0,116.2,151.9,0.03,COMPLETE
5122,0.825,2026-04-05 18:41:35.585918,2026-04-05 18:42:09.696636,0 days 00:00:34.110718,384.0,1.0,120.4,153.1,0.02,COMPLETE
5123,0.6875,2026-04-05 18:42:09.708348,2026-04-05 18:42:16.681792,0 days 00:00:06.973444,403.0,1.0,116.6,152.2,0.01,COMPLETE
5124,0.6875,2026-04-05 18:42:16.697031,2026-04-05 18:42:24.240228,0 days 00:00:07.543197,446.0,2.0,125.6,154.4,0.8200000000000001,COMPLETE
5125,0.671875,2026-04-05 18:42:24.255727,2026-04-05 18:42:31.610712,0 days 00:00:07.354985,421.0,2.0,118.0,152.4,0.05,COMPLETE
5126,0.825,2026-04-05 18:42:31.624825,2026-04-05 18:43:05.503499,0 days 00:00:33.878674,495.0,1.0,118.1,153.5,0.07,COMPLETE
5127,0.6875,2026-04-05 18:43:05.518602,2026-04-05 18:43:12.426012,0 days 00:00:06.907410,336.0,2.0,117.5,153.4,0.05,COMPLETE
5128,0.6875,2026-04-05 18:43:12.441031,2026-04-05 18:43:19.413361,0 days 00:00:06.972330,400.0,2.0,122.6,154.8,0.46,COMPLETE
5129,0.825,2026-04-05 18:43:19.428329,2026-04-05 18:43:53.641155,0 days 00:00:34.212826,378.0,1.0,117.9,153.8,0.18,COMPLETE
5130,0.6875,2026-04-05 18:43:53.656552,2026-04-05 18:44:00.547845,0 days 00:00:06.891293,391.0,2.0,117.0,151.5,0.01,COMPLETE
5131,0.6875,2026-04-05 18:44:00.562284,2026-04-05 18:44:07.975780,0 days 00:00:07.413496,428.0,3.0,118.9,159.7,0.78,COMPLETE
5132,0.6875,2026-04-05 18:44:07.990865,2026-04-05 18:44:15.577019,0 days 00:00:07.586154,392.0,1.0,117.3,150.1,0.37,COMPLETE
5133,0.825,2026-04-05 18:44:15.591263,2026-04-05 18:44:49.690985,0 days 00:00:34.099722,405.0,1.0,119.2,154.1,0.02,COMPLETE
5134,0.6875,2026-04-05 18:44:49.706290,2026-04-05 18:44:56.572939,0 days 00:00:06.866649,368.0,1.0,117.4,155.4,0.04,COMPLETE
5135,0.6875,2026-04-05 18:44:56.584899,2026-04-05 18:45:03.854194,0 days 00:00:07.269295,255.0,2.0,122.9,155.6,0.35000000000000003,COMPLETE
5136,0.03125,2026-04-05 18:45:03.866667,2026-04-05 18:45:11.178055,0 days 00:00:07.311388,475.0,1.0,115.3,154.1,0.0,COMPLETE
5137,0.6875,2026-04-05 18:45:11.190191,2026-04-05 18:45:18.166534,0 days 00:00:06.976343,374.0,2.0,117.9,153.3,0.03,COMPLETE
5138,0.6875,2026-04-05 18:45:18.181188,2026-04-05 18:45:24.989691,0 days 00:00:06.808503,483.0,2.0,116.5,157.0,0.02,COMPLETE
5139,0.6875,2026-04-05 18:45:25.004667,2026-04-05 18:45:32.018898,0 days 00:00:07.014231,437.0,1.0,120.8,153.6,0.41000000000000003,COMPLETE
5140,0.6875,2026-04-05 18:45:32.033933,2026-04-05 18:45:39.314455,0 days 00:00:07.280522,481.0,1.0,113.5,155.2,0.0,COMPLETE
5141,0.825,2026-04-05 18:45:39.329632,2026-04-05 18:46:13.451333,0 days 00:00:34.121701,412.0,1.0,117.7,154.8,0.0,COMPLETE
5142,0.825,2026-04-05 18:46:13.465993,2026-04-05 18:46:47.484192,0 days 00:00:34.018199,478.0,1.0,118.6,156.6,0.02,COMPLETE
5143,0.825,2026-04-05 18:46:47.500109,2026-04-05 18:47:21.758419,0 days 00:00:34.258310,408.0,1.0,117.8,155.1,0.32,COMPLETE
5144,0.825,2026-04-05 18:47:21.770120,2026-04-05 18:47:56.111510,0 days 00:00:34.341390,438.0,2.0,122.6,156.4,0.05,COMPLETE
5145,0.825,2026-04-05 18:47:56.126283,2026-04-05 18:48:30.099550,0 days 00:00:33.973267,374.0,2.0,119.3,155.5,0.04,COMPLETE
5146,0.825,2026-04-05 18:48:30.113322,2026-04-05 18:49:04.187513,0 days 00:00:34.074191,408.0,1.0,121.5,153.3,0.27,COMPLETE
5147,0.6875,2026-04-05 18:49:04.201665,2026-04-05 18:49:11.719623,0 days 00:00:07.517958,451.0,1.0,113.0,154.1,0.28,COMPLETE
5148,0.6875,2026-04-05 18:49:11.734536,2026-04-05 18:49:18.726886,0 days 00:00:06.992350,309.0,1.0,116.2,154.9,0.01,COMPLETE
5149,0.825,2026-04-05 18:49:18.741032,2026-04-05 18:49:52.794434,0 days 00:00:34.053402,379.0,1.0,119.8,154.9,0.05,COMPLETE
5150,0.825,2026-04-05 18:49:52.808531,2026-04-05 18:50:26.866348,0 days 00:00:34.057817,500.0,2.0,123.6,155.8,0.47000000000000003,COMPLETE
5151,0.825,2026-04-05 18:50:26.880002,2026-04-05 18:51:01.420833,0 days 00:00:34.540831,419.0,1.0,118.2,154.6,0.21,COMPLETE
5152,0.825,2026-04-05 18:51:01.434655,2026-04-05 18:51:35.481409,0 days 00:00:34.046754,384.0,1.0,118.8,153.6,0.18,COMPLETE
5153,0.6875,2026-04-05 18:51:35.495538,2026-04-05 18:51:42.446233,0 days 00:00:06.950695,400.0,2.0,115.3,153.4,0.28,COMPLETE
5154,0.6875,2026-04-05 18:51:42.461541,2026-04-05 18:51:49.218852,0 days 00:00:06.757311,498.0,1.0,117.1,155.5,0.48,COMPLETE
5155,0.6875,2026-04-05 18:51:49.233463,2026-04-05 18:51:56.248158,0 days 00:00:07.014695,342.0,1.0,118.3,152.4,0.05,COMPLETE
5156,0.825,2026-04-05 18:51:56.259616,2026-04-05 18:52:30.247734,0 days 00:00:33.988118,423.0,1.0,117.1,154.5,0.0,COMPLETE
5157,0.825,2026-04-05 18:52:30.261500,2026-04-05 18:53:04.049513,0 days 00:00:33.788013,407.0,1.0,117.8,153.5,0.0,COMPLETE
5158,0.6875,2026-04-05 18:53:04.064695,2026-04-05 18:53:11.051774,0 days 00:00:06.987079,362.0,1.0,114.2,151.1,0.0,COMPLETE
5159,0.825,2026-04-05 18:53:11.062467,2026-04-05 18:53:45.746073,0 days 00:00:34.683606,392.0,1.0,120.5,155.5,0.01,COMPLETE
5160,0.6875,2026-04-05 18:53:45.759424,2026-04-05 18:53:53.050669,0 days 00:00:07.291245,306.0,2.0,117.0,152.3,0.01,COMPLETE
5161,0.6875,2026-04-05 18:53:53.065291,2026-04-05 18:53:59.922201,0 days 00:00:06.856910,458.0,1.0,114.2,155.3,0.22,COMPLETE
5162,0.825,2026-04-05 18:53:59.936056,2026-04-05 18:54:06.343337,0 days 00:00:06.407281,379.0,2.0,125.5,153.4,0.59,COMPLETE
5163,0.6875,2026-04-05 18:54:06.357936,2026-04-05 18:54:13.248345,0 days 00:00:06.890409,393.0,1.0,122.4,154.2,0.19,COMPLETE
5164,0.825,2026-04-05 18:54:13.263172,2026-04-05 18:54:47.738588,0 days 00:00:34.475416,393.0,1.0,116.5,154.1,0.03,COMPLETE
5165,0.6875,2026-04-05 18:54:47.753700,2026-04-05 18:54:54.343302,0 days 00:00:06.589602,391.0,2.0,115.9,153.8,0.0,COMPLETE
5166,0.825,2026-04-05 18:54:54.357712,2026-04-05 18:55:28.982951,0 days 00:00:34.625239,421.0,1.0,124.0,154.9,0.03,COMPLETE
5167,0.825,2026-04-05 18:55:28.996736,2026-04-05 18:56:03.504378,0 days 00:00:34.507642,368.0,1.0,118.7,157.8,0.01,COMPLETE
5168,0.6875,2026-04-05 18:56:03.518295,2026-04-05 18:56:10.716914,0 days 00:00:07.198619,455.0,1.0,115.8,152.6,0.24,COMPLETE
5169,0.6875,2026-04-05 18:56:10.731309,2026-04-05 18:56:18.317369,0 days 00:00:07.586060,169.0,3.0,115.6,151.5,1.99,COMPLETE
5170,0.6875,2026-04-05 18:56:18.332784,2026-04-05 18:56:25.073239,0 days 00:00:06.740455,344.0,1.0,115.8,148.4,0.45,COMPLETE
5171,0.6875,2026-04-05 18:56:25.086663,2026-04-05 18:56:31.981336,0 days 00:00:06.894673,451.0,1.0,117.2,152.6,0.0,COMPLETE
5172,0.825,2026-04-05 18:56:31.993528,2026-04-05 18:57:05.964792,0 days 00:00:33.971264,390.0,1.0,116.0,154.2,0.03,COMPLETE
5173,0.825,2026-04-05 18:57:05.979265,2026-04-05 18:57:21.675074,0 days 00:00:15.695809,248.0,2.0,124.6,154.4,0.17,COMPLETE
5174,0.6875,2026-04-05 18:57:21.689424,2026-04-05 18:57:29.323093,0 days 00:00:07.633669,455.0,1.0,115.9,156.5,0.0,COMPLETE
5175,0.825,2026-04-05 18:57:29.336906,2026-04-05 18:58:03.570163,0 days 00:00:34.233257,433.0,2.0,119.9,155.9,0.58,COMPLETE
5176,0.6875,2026-04-05 18:58:03.584759,2026-04-05 18:58:10.754877,0 days 00:00:07.170118,397.0,1.0,115.1,152.4,0.01,COMPLETE
5177,0.6875,2026-04-05 18:58:10.769069,2026-04-05 18:58:17.340552,0 days 00:00:06.571483,394.0,1.0,116.3,152.3,0.22,COMPLETE
5178,0.825,2026-04-05 18:58:17.355658,2026-04-05 18:58:51.724769,0 days 00:00:34.369111,442.0,1.0,120.5,155.6,0.24,COMPLETE
5179,0.6875,2026-04-05 18:58:51.739516,2026-04-05 18:58:59.107453,0 days 00:00:07.367937,367.0,1.0,115.7,156.8,0.0,COMPLETE
5180,0.6875,2026-04-05 18:58:59.121528,2026-04-05 18:59:05.793120,0 days 00:00:06.671592,413.0,1.0,115.4,154.7,0.01,COMPLETE
5181,0.825,2026-04-05 18:59:05.807052,2026-04-05 18:59:39.829463,0 days 00:00:34.022411,430.0,1.0,119.0,153.6,0.23,COMPLETE
5182,0.825,2026-04-05 18:59:39.843478,2026-04-05 19:00:13.623908,0 days 00:00:33.780430,391.0,1.0,118.8,152.9,0.01,COMPLETE
5183,0.6875,2026-04-05 19:00:13.637780,2026-04-05 19:00:20.664458,0 days 00:00:07.026678,349.0,1.0,115.3,155.2,0.0,COMPLETE
5184,0.6875,2026-04-05 19:00:20.675023,2026-04-05 19:00:27.318340,0 days 00:00:06.643317,442.0,1.0,116.9,154.2,0.3,COMPLETE
5185,0.6875,2026-04-05 19:00:27.332632,2026-04-05 19:00:34.112395,0 days 00:00:06.779763,351.0,1.0,117.2,153.1,0.0,COMPLETE
5186,0.825,2026-04-05 19:00:34.126806,2026-04-05 19:01:08.409478,0 days 00:00:34.282672,384.0,1.0,119.3,157.0,0.36,COMPLETE
5187,0.6875,2026-04-05 19:01:08.420417,2026-04-05 19:01:15.416088,0 days 00:00:06.995671,421.0,1.0,115.8,155.1,0.02,COMPLETE
5188,0.6875,2026-04-05 19:01:15.427332,2026-04-05 19:01:22.193138,0 days 00:00:06.765806,292.0,2.0,116.7,155.4,0.18,COMPLETE
5189,0.6875,2026-04-05 19:01:22.208582,2026-04-05 19:01:29.046436,0 days 00:00:06.837854,490.0,2.0,113.5,157.5,0.02,COMPLETE
5190,0.6875,2026-04-05 19:01:29.060891,2026-04-05 19:01:36.064039,0 days 00:00:07.003148,426.0,2.0,115.2,152.3,0.0,COMPLETE
5191,0.6875,2026-04-05 19:01:36.078320,2026-04-05 19:01:44.088476,0 days 00:00:08.010156,253.0,2.0,124.3,158.4,0.42,COMPLETE
5192,0.6875,2026-04-05 19:01:44.103619,2026-04-05 19:01:51.505821,0 days 00:00:07.402202,460.0,1.0,116.8,155.3,0.59,COMPLETE
5193,0.6875,2026-04-05 19:01:51.520161,2026-04-05 19:01:58.292322,0 days 00:00:06.772161,450.0,1.0,114.7,157.1,0.29,COMPLETE
5194,0.6875,2026-04-05 19:01:58.306748,2026-04-05 19:02:05.317644,0 days 00:00:07.010896,430.0,2.0,118.3,153.5,1.96,COMPLETE
5195,0.6875,2026-04-05 19:02:05.339565,2026-04-05 19:02:12.055254,0 days 00:00:06.715689,475.0,2.0,116.9,155.7,0.01,COMPLETE
5196,0.671875,2026-04-05 19:02:12.069557,2026-04-05 19:02:18.857558,0 days 00:00:06.788001,438.0,1.0,117.1,152.9,0.0,COMPLETE
5197,0.6875,2026-04-05 19:02:18.869186,2026-04-05 19:02:25.963073,0 days 00:00:07.093887,263.0,2.0,121.2,153.0,0.7000000000000001,COMPLETE
5198,0.825,2026-04-05 19:02:25.978450,2026-04-05 19:02:33.595326,0 days 00:00:07.616876,494.0,1.0,115.2,154.6,0.0,COMPLETE
5199,0.825,2026-04-05 19:02:33.610551,2026-04-05 19:03:08.458999,0 days 00:00:34.848448,439.0,2.0,124.7,153.0,0.29,COMPLETE
5200,0.6875,2026-04-05 19:03:08.474252,2026-04-05 19:03:16.383084,0 days 00:00:07.908832,310.0,3.0,115.3,158.8,0.97,COMPLETE
5201,0.015625,2026-04-05 19:03:16.398107,2026-04-05 19:03:23.205481,0 days 00:00:06.807374,414.0,1.0,116.0,154.1,0.29,COMPLETE
5202,0.825,2026-04-05 19:03:23.221645,2026-04-05 19:03:57.352388,0 days 00:00:34.130743,486.0,2.0,119.8,155.5,0.32,COMPLETE
5203,0.6875,2026-04-05 19:03:57.367855,2026-04-05 19:04:04.513672,0 days 00:00:07.145817,410.0,1.0,117.9,157.9,0.27,COMPLETE
5204,0.6875,2026-04-05 19:04:04.528620,2026-04-05 19:04:11.323781,0 days 00:00:06.795161,451.0,1.0,120.9,155.8,0.8300000000000001,COMPLETE
5205,0.825,2026-04-05 19:04:11.339796,2026-04-05 19:04:45.730803,0 days 00:00:34.391007,382.0,1.0,116.3,155.0,0.0,COMPLETE
5206,0.6875,2026-04-05 19:04:45.746042,2026-04-05 19:04:52.516759,0 days 00:00:06.770717,357.0,1.0,117.4,153.1,0.28,COMPLETE
5207,0.6875,2026-04-05 19:04:52.531570,2026-04-05 19:04:59.092853,0 days 00:00:06.561283,417.0,1.0,118.4,153.9,0.29,COMPLETE
5208,0.6875,2026-04-05 19:04:59.108996,2026-04-05 19:05:05.811842,0 days 00:00:06.702846,456.0,1.0,115.3,153.5,0.01,COMPLETE
5209,0.825,2026-04-05 19:05:05.856007,2026-04-05 19:05:39.779781,0 days 00:00:33.923774,412.0,2.0,117.7,155.4,0.22,COMPLETE
5210,0.6875,2026-04-05 19:05:39.795252,2026-04-05 19:05:46.538357,0 days 00:00:06.743105,376.0,1.0,118.1,154.2,0.22,COMPLETE
5211,0.825,2026-04-05 19:05:46.553073,2026-04-05 19:06:20.465031,0 days 00:00:33.911958,347.0,1.0,117.6,155.8,0.02,COMPLETE
5212,0.6875,2026-04-05 19:06:20.479574,2026-04-05 19:06:27.404484,0 days 00:00:06.924910,406.0,1.0,113.0,153.2,0.04,COMPLETE
5213,0.825,2026-04-05 19:06:27.418700,2026-04-05 19:07:01.653226,0 days 00:00:34.234526,386.0,1.0,118.3,154.5,0.01,COMPLETE
5214,0.671875,2026-04-05 19:07:01.668257,2026-04-05 19:07:08.450304,0 days 00:00:06.782047,452.0,1.0,116.3,155.4,0.36,COMPLETE
5215,0.6875,2026-04-05 19:07:08.465378,2026-04-05 19:07:15.152737,0 days 00:00:06.687359,421.0,1.0,113.2,156.0,0.02,COMPLETE
5216,0.825,2026-04-05 19:07:15.168028,2026-04-05 19:07:49.549273,0 days 00:00:34.381245,389.0,1.0,119.6,155.4,0.03,COMPLETE
