number,value,datetime_start,datetime_complete,duration,params_voltage,params_width,params_x,params_y,params_z,state
3300,0.6875,2026-04-05 12:10:42.000218,2026-04-05 12:10:49.291132,0 days 00:00:07.290914,411.0,2.0,122.9,154.6,0.68,COMPLETE
3301,0.6875,2026-04-05 12:10:49.305136,2026-04-05 12:10:56.465865,0 days 00:00:07.160729,475.0,1.0,115.8,156.4,0.32,COMPLETE
3302,0.825,2026-04-05 12:10:56.479928,2026-04-05 12:11:13.728134,0 days 00:00:17.248206,498.0,2.0,124.3,154.4,0.78,COMPLETE
3303,0.6875,2026-04-05 12:11:13.777629,2026-04-05 12:11:21.974886,0 days 00:00:08.197257,404.0,3.0,113.3,149.4,0.21,COMPLETE
3304,0.825,2026-04-05 12:11:21.989332,2026-04-05 12:11:57.273096,0 days 00:00:35.283764,334.0,1.0,122.8,156.3,0.4,COMPLETE
3305,0.6875,2026-04-05 12:11:57.286973,2026-04-05 12:12:04.088114,0 days 00:00:06.801141,492.0,3.0,124.2,157.0,0.78,COMPLETE
3306,0.6875,2026-04-05 12:12:04.102220,2026-04-05 12:12:11.378085,0 days 00:00:07.275865,200.0,2.0,122.3,155.0,0.38,COMPLETE
3307,0.825,2026-04-05 12:12:11.392259,2026-04-05 12:12:16.924422,0 days 00:00:05.532163,391.0,1.0,115.7,154.8,0.01,COMPLETE
3308,0.6875,2026-04-05 12:12:16.938176,2026-04-05 12:12:24.773748,0 days 00:00:07.835572,263.0,2.0,124.8,156.3,0.23,COMPLETE
3309,0.6875,2026-04-05 12:12:24.784591,2026-04-05 12:12:31.551017,0 days 00:00:06.766426,249.0,2.0,124.1,153.6,0.09,COMPLETE
3310,0.6875,2026-04-05 12:12:31.565068,2026-04-05 12:12:38.304245,0 days 00:00:06.739177,302.0,1.0,121.9,154.3,0.22,COMPLETE
3311,0.6875,2026-04-05 12:12:38.314785,2026-04-05 12:12:45.724881,0 days 00:00:07.410096,202.0,1.0,127.0,157.7,0.56,COMPLETE
3312,0.6875,2026-04-05 12:12:45.735319,2026-04-05 12:12:52.661590,0 days 00:00:06.926271,257.0,1.0,123.5,154.3,0.61,COMPLETE
3313,0.6875,2026-04-05 12:12:52.676495,2026-04-05 12:12:59.488345,0 days 00:00:06.811850,417.0,1.0,120.4,151.8,0.48,COMPLETE
3314,0.825,2026-04-05 12:12:59.502284,2026-04-05 12:13:33.791990,0 days 00:00:34.289706,412.0,1.0,121.3,156.9,0.29,COMPLETE
3315,0.6875,2026-04-05 12:13:33.805851,2026-04-05 12:13:41.280087,0 days 00:00:07.474236,487.0,3.0,116.8,151.0,1.41,COMPLETE
3316,0.825,2026-04-05 12:13:41.293919,2026-04-05 12:14:15.516114,0 days 00:00:34.222195,429.0,1.0,118.5,153.2,0.38,COMPLETE
3317,0.6875,2026-04-05 12:14:15.526957,2026-04-05 12:14:22.430327,0 days 00:00:06.903370,398.0,1.0,115.2,152.9,0.81,COMPLETE
3318,0.825,2026-04-05 12:14:22.443633,2026-04-05 12:14:56.976798,0 days 00:00:34.533165,492.0,2.0,122.5,153.1,0.51,COMPLETE
3319,0.825,2026-04-05 12:14:56.990319,2026-04-05 12:15:31.271056,0 days 00:00:34.280737,363.0,1.0,121.9,155.2,0.01,COMPLETE
3320,0.6875,2026-04-05 12:15:31.284534,2026-04-05 12:15:38.549410,0 days 00:00:07.264876,426.0,1.0,115.4,156.0,0.01,COMPLETE
3321,0.825,2026-04-05 12:15:38.563476,2026-04-05 12:16:12.748717,0 days 00:00:34.185241,500.0,2.0,120.4,155.8,0.62,COMPLETE
3322,0.6875,2026-04-05 12:16:12.762932,2026-04-05 12:16:19.808946,0 days 00:00:07.046014,341.0,2.0,121.7,154.9,0.24,COMPLETE
3323,0.6875,2026-04-05 12:16:19.819634,2026-04-05 12:16:26.914174,0 days 00:00:07.094540,289.0,1.0,125.5,155.7,0.05,COMPLETE
3324,0.825,2026-04-05 12:16:26.928300,2026-04-05 12:17:00.895195,0 days 00:00:33.966895,393.0,1.0,122.4,156.2,0.54,COMPLETE
3325,0.825,2026-04-05 12:17:00.910012,2026-04-05 12:17:35.443281,0 days 00:00:34.533269,482.0,1.0,116.2,155.4,0.02,COMPLETE
3326,0.6875,2026-04-05 12:17:35.457930,2026-04-05 12:17:43.042443,0 days 00:00:07.584513,330.0,2.0,120.8,151.7,0.3,COMPLETE
3327,0.6875,2026-04-05 12:17:43.056418,2026-04-05 12:17:50.197548,0 days 00:00:07.141130,277.0,1.0,123.3,155.3,0.19,COMPLETE
3328,0.6875,2026-04-05 12:17:50.208752,2026-04-05 12:17:56.683067,0 days 00:00:06.474315,371.0,1.0,123.7,154.6,0.42,COMPLETE
3329,0.825,2026-04-05 12:17:56.697331,2026-04-05 12:18:31.734196,0 days 00:00:35.036865,415.0,1.0,119.3,153.2,0.22,COMPLETE
3330,0.825,2026-04-05 12:18:31.748499,2026-04-05 12:19:05.576805,0 days 00:00:33.828306,461.0,1.0,116.6,154.7,0.03,COMPLETE
3331,0.825,2026-04-05 12:19:05.624745,2026-04-05 12:19:39.633410,0 days 00:00:34.008665,498.0,1.0,118.3,154.6,0.04,COMPLETE
3332,0.0,2026-04-05 12:19:39.647229,2026-04-05 12:19:46.758220,0 days 00:00:07.110991,403.0,1.0,116.0,153.6,0.06,COMPLETE
3333,0.6875,2026-04-05 12:19:46.772082,2026-04-05 12:19:53.544147,0 days 00:00:06.772065,417.0,1.0,114.1,152.1,0.35000000000000003,COMPLETE
3334,0.6875,2026-04-05 12:19:53.554617,2026-04-05 12:20:00.518080,0 days 00:00:06.963463,358.0,1.0,115.2,155.3,0.39,COMPLETE
3335,0.6875,2026-04-05 12:20:00.531775,2026-04-05 12:20:07.340839,0 days 00:00:06.809064,413.0,1.0,117.0,151.8,0.17,COMPLETE
3336,0.6875,2026-04-05 12:20:07.355214,2026-04-05 12:20:13.953863,0 days 00:00:06.598649,384.0,1.0,116.2,153.0,0.13,COMPLETE
3337,0.6875,2026-04-05 12:20:13.967598,2026-04-05 12:20:20.773584,0 days 00:00:06.805986,369.0,1.0,113.4,155.2,0.24,COMPLETE
3338,0.6875,2026-04-05 12:20:20.788432,2026-04-05 12:20:27.483817,0 days 00:00:06.695385,454.0,1.0,116.1,153.7,0.0,COMPLETE
3339,0.6875,2026-04-05 12:20:27.494174,2026-04-05 12:20:34.092861,0 days 00:00:06.598687,436.0,1.0,114.7,152.8,0.04,COMPLETE
3340,0.6875,2026-04-05 12:20:34.107261,2026-04-05 12:20:40.895767,0 days 00:00:06.788506,374.0,1.0,115.0,154.0,0.18,COMPLETE
3341,0.6875,2026-04-05 12:20:40.910237,2026-04-05 12:20:47.589211,0 days 00:00:06.678974,410.0,1.0,115.2,152.6,0.04,COMPLETE
3342,0.6875,2026-04-05 12:20:47.603416,2026-04-05 12:20:54.230139,0 days 00:00:06.626723,358.0,1.0,116.9,152.8,0.14,COMPLETE
3343,0.6875,2026-04-05 12:20:54.244582,2026-04-05 12:21:00.828703,0 days 00:00:06.584121,383.0,1.0,116.2,153.7,0.42,COMPLETE
3344,0.6875,2026-04-05 12:21:00.842893,2026-04-05 12:21:07.601031,0 days 00:00:06.758138,377.0,1.0,116.2,151.0,0.12,COMPLETE
3345,0.6875,2026-04-05 12:21:07.615281,2026-04-05 12:21:14.384733,0 days 00:00:06.769452,431.0,1.0,115.8,153.6,0.42,COMPLETE
3346,0.825,2026-04-05 12:21:14.396258,2026-04-05 12:21:48.391946,0 days 00:00:33.995688,380.0,1.0,117.5,152.8,0.07,COMPLETE
3347,0.6875,2026-04-05 12:21:48.406041,2026-04-05 12:21:55.262644,0 days 00:00:06.856603,370.0,1.0,114.3,154.0,0.2,COMPLETE
3348,0.6875,2026-04-05 12:21:55.276337,2026-04-05 12:22:01.766532,0 days 00:00:06.490195,385.0,1.0,113.9,153.5,0.33,COMPLETE
3349,0.6875,2026-04-05 12:22:01.780736,2026-04-05 12:22:08.512208,0 days 00:00:06.731472,382.0,1.0,116.2,153.7,0.23,COMPLETE
3350,0.6875,2026-04-05 12:22:08.525976,2026-04-05 12:22:15.033653,0 days 00:00:06.507677,403.0,1.0,116.7,154.2,0.25,COMPLETE
3351,0.6875,2026-04-05 12:22:15.047368,2026-04-05 12:22:21.693985,0 days 00:00:06.646617,483.0,2.0,117.9,155.5,1.01,COMPLETE
3352,0.825,2026-04-05 12:22:21.706187,2026-04-05 12:22:27.411157,0 days 00:00:05.704970,454.0,3.0,124.9,152.3,0.59,COMPLETE
3353,0.6875,2026-04-05 12:22:27.425219,2026-04-05 12:22:35.568745,0 days 00:00:08.143526,378.0,2.0,113.8,153.0,0.0,COMPLETE
3354,0.6875,2026-04-05 12:22:35.582845,2026-04-05 12:22:42.377447,0 days 00:00:06.794602,404.0,1.0,116.7,152.5,0.31,COMPLETE
3355,0.6875,2026-04-05 12:22:42.391964,2026-04-05 12:22:49.785786,0 days 00:00:07.393822,434.0,2.0,123.3,157.4,0.68,COMPLETE
3356,0.6875,2026-04-05 12:22:49.800289,2026-04-05 12:22:57.434992,0 days 00:00:07.634703,380.0,1.0,113.5,154.0,0.0,COMPLETE
3357,0.6875,2026-04-05 12:22:57.446738,2026-04-05 12:23:05.386937,0 days 00:00:07.940199,362.0,2.0,124.9,158.5,0.04,COMPLETE
3358,0.825,2026-04-05 12:23:05.400692,2026-04-05 12:23:39.490936,0 days 00:00:34.090244,500.0,2.0,122.1,157.5,0.33,COMPLETE
3359,0.6875,2026-04-05 12:23:39.504861,2026-04-05 12:23:47.087860,0 days 00:00:07.582999,444.0,1.0,115.6,152.5,0.09,COMPLETE
3360,0.6875,2026-04-05 12:23:47.102966,2026-04-05 12:23:53.767238,0 days 00:00:06.664272,450.0,1.0,117.2,151.4,0.44,COMPLETE
3361,0.015625,2026-04-05 12:23:53.811689,2026-04-05 12:24:00.616443,0 days 00:00:06.804754,392.0,1.0,116.3,155.0,0.15,COMPLETE
3362,0.6875,2026-04-05 12:24:00.630752,2026-04-05 12:24:07.142219,0 days 00:00:06.511467,402.0,1.0,115.5,154.5,0.13,COMPLETE
3363,0.6875,2026-04-05 12:24:07.156960,2026-04-05 12:24:13.852155,0 days 00:00:06.695195,446.0,2.0,113.5,154.9,0.02,COMPLETE
3364,0.6875,2026-04-05 12:24:13.866151,2026-04-05 12:24:20.918499,0 days 00:00:07.052348,343.0,1.0,117.0,156.0,0.02,COMPLETE
3365,0.825,2026-04-05 12:24:20.932443,2026-04-05 12:24:54.978560,0 days 00:00:34.046117,373.0,1.0,117.9,154.1,0.03,COMPLETE
3366,0.6875,2026-04-05 12:24:54.992104,2026-04-05 12:25:01.903796,0 days 00:00:06.911692,386.0,1.0,115.7,157.0,0.33,COMPLETE
3367,0.825,2026-04-05 12:25:01.918252,2026-04-05 12:25:15.464963,0 days 00:00:13.546711,392.0,1.0,118.1,153.6,0.31,COMPLETE
3368,0.6875,2026-04-05 12:25:15.479062,2026-04-05 12:25:22.276743,0 days 00:00:06.797681,340.0,1.0,116.5,154.7,0.3,COMPLETE
3369,0.6875,2026-04-05 12:25:22.287853,2026-04-05 12:25:28.912242,0 days 00:00:06.624389,313.0,1.0,115.0,155.4,0.3,COMPLETE
3370,0.6875,2026-04-05 12:25:28.926604,2026-04-05 12:25:35.943428,0 days 00:00:07.016824,496.0,1.0,116.8,150.6,0.21,COMPLETE
3371,0.6875,2026-04-05 12:25:35.957603,2026-04-05 12:25:42.892176,0 days 00:00:06.934573,459.0,1.0,117.7,155.2,0.74,COMPLETE
3372,0.6875,2026-04-05 12:25:42.906388,2026-04-05 12:25:49.431460,0 days 00:00:06.525072,399.0,1.0,117.4,154.4,0.33,COMPLETE
3373,0.825,2026-04-05 12:25:49.444926,2026-04-05 12:25:56.525687,0 days 00:00:07.080761,389.0,1.0,115.8,154.3,0.05,COMPLETE
3374,0.6875,2026-04-05 12:25:56.535787,2026-04-05 12:26:03.405858,0 days 00:00:06.870071,417.0,1.0,117.8,154.1,0.39,COMPLETE
3375,0.6875,2026-04-05 12:26:03.419640,2026-04-05 12:26:10.032757,0 days 00:00:06.613117,362.0,1.0,117.4,155.6,0.41000000000000003,COMPLETE
3376,0.6875,2026-04-05 12:26:10.047275,2026-04-05 12:26:16.790649,0 days 00:00:06.743374,428.0,3.0,116.5,157.7,1.51,COMPLETE
3377,0.6875,2026-04-05 12:26:16.801917,2026-04-05 12:26:23.506060,0 days 00:00:06.704143,444.0,1.0,115.9,154.8,0.22,COMPLETE
3378,0.6875,2026-04-05 12:26:23.520148,2026-04-05 12:26:30.049659,0 days 00:00:06.529511,418.0,1.0,115.1,154.6,0.75,COMPLETE
3379,0.6875,2026-04-05 12:26:30.061618,2026-04-05 12:26:36.763114,0 days 00:00:06.701496,400.0,1.0,117.0,155.9,0.67,COMPLETE
3380,0.6875,2026-04-05 12:26:36.773942,2026-04-05 12:26:43.796070,0 days 00:00:07.022128,335.0,1.0,115.3,154.2,0.17,COMPLETE
3381,0.6875,2026-04-05 12:26:43.810165,2026-04-05 12:26:50.488247,0 days 00:00:06.678082,390.0,1.0,114.1,155.8,0.42,COMPLETE
3382,0.6875,2026-04-05 12:26:50.502033,2026-04-05 12:26:57.269752,0 days 00:00:06.767719,383.0,1.0,114.8,153.0,0.0,COMPLETE
3383,0.6875,2026-04-05 12:26:57.283743,2026-04-05 12:27:04.078363,0 days 00:00:06.794620,366.0,1.0,116.1,155.3,0.31,COMPLETE
3384,0.825,2026-04-05 12:27:04.089284,2026-04-05 12:27:37.823034,0 days 00:00:33.733750,413.0,1.0,116.6,154.9,0.08,COMPLETE
3385,0.0,2026-04-05 12:27:37.837662,2026-04-05 12:27:44.617445,0 days 00:00:06.779783,402.0,1.0,117.6,155.8,0.31,COMPLETE
3386,0.825,2026-04-05 12:27:44.631165,2026-04-05 12:28:18.518894,0 days 00:00:33.887729,376.0,1.0,118.0,156.1,0.17,COMPLETE
3387,0.6875,2026-04-05 12:28:18.530208,2026-04-05 12:28:25.319722,0 days 00:00:06.789514,350.0,1.0,116.7,155.8,0.53,COMPLETE
3388,0.6875,2026-04-05 12:28:25.331288,2026-04-05 12:28:31.827375,0 days 00:00:06.496087,422.0,1.0,117.5,155.8,0.36,COMPLETE
3389,0.6875,2026-04-05 12:28:31.844777,2026-04-05 12:28:38.441309,0 days 00:00:06.596532,433.0,1.0,116.1,156.3,0.34,COMPLETE
3390,0.6875,2026-04-05 12:28:38.456683,2026-04-05 12:28:45.160986,0 days 00:00:06.704303,402.0,1.0,117.3,153.4,0.18,COMPLETE
3391,0.825,2026-04-05 12:28:45.173918,2026-04-05 12:29:19.195995,0 days 00:00:34.022077,417.0,1.0,118.2,156.3,0.11,COMPLETE
3392,0.825,2026-04-05 12:29:19.210055,2026-04-05 12:29:53.227716,0 days 00:00:34.017661,447.0,1.0,119.8,155.0,0.28,COMPLETE
3393,0.6875,2026-04-05 12:29:53.241837,2026-04-05 12:30:00.189289,0 days 00:00:06.947452,405.0,1.0,116.9,156.8,0.72,COMPLETE
3394,0.6875,2026-04-05 12:30:00.203326,2026-04-05 12:30:07.067660,0 days 00:00:06.864334,438.0,1.0,113.1,155.2,0.03,COMPLETE
3395,0.825,2026-04-05 12:30:07.082319,2026-04-05 12:30:41.352734,0 days 00:00:34.270415,432.0,1.0,118.1,155.6,0.38,COMPLETE
3396,0.6875,2026-04-05 12:30:41.366380,2026-04-05 12:30:48.227971,0 days 00:00:06.861591,375.0,1.0,116.3,156.1,0.24,COMPLETE
3397,0.825,2026-04-05 12:30:48.242053,2026-04-05 12:31:22.084260,0 days 00:00:33.842207,365.0,1.0,117.5,155.9,0.02,COMPLETE
3398,0.6875,2026-04-05 12:31:22.098335,2026-04-05 12:31:28.968554,0 days 00:00:06.870219,370.0,1.0,117.9,157.6,0.51,COMPLETE
3399,0.6875,2026-04-05 12:31:28.982601,2026-04-05 12:31:35.634259,0 days 00:00:06.651658,409.0,1.0,116.8,155.9,0.38,COMPLETE
3400,0.6875,2026-04-05 12:31:35.647754,2026-04-05 12:31:42.433520,0 days 00:00:06.785766,409.0,1.0,114.0,156.3,0.31,COMPLETE
3401,0.6875,2026-04-05 12:31:42.448203,2026-04-05 12:31:49.216322,0 days 00:00:06.768119,421.0,1.0,117.5,154.9,0.58,COMPLETE
3402,0.6875,2026-04-05 12:31:49.230476,2026-04-05 12:31:56.024660,0 days 00:00:06.794184,371.0,1.0,116.3,158.2,0.36,COMPLETE
3403,0.6875,2026-04-05 12:31:56.038930,2026-04-05 12:32:02.921536,0 days 00:00:06.882606,406.0,1.0,115.4,154.5,0.24,COMPLETE
3404,0.825,2026-04-05 12:32:02.931684,2026-04-05 12:32:37.073758,0 days 00:00:34.142074,374.0,1.0,118.1,156.1,0.49,COMPLETE
3405,0.6875,2026-04-05 12:32:37.088109,2026-04-05 12:32:43.982688,0 days 00:00:06.894579,354.0,1.0,115.0,155.4,0.08,COMPLETE
3406,0.6875,2026-04-05 12:32:43.996652,2026-04-05 12:32:50.760705,0 days 00:00:06.764053,433.0,1.0,117.1,157.8,0.51,COMPLETE
3407,0.6875,2026-04-05 12:32:50.775582,2026-04-05 12:32:57.600078,0 days 00:00:06.824496,424.0,1.0,117.9,153.8,0.0,COMPLETE
3408,0.6875,2026-04-05 12:32:57.613978,2026-04-05 12:33:04.346514,0 days 00:00:06.732536,408.0,1.0,116.5,156.5,0.31,COMPLETE
3409,0.825,2026-04-05 12:33:04.360247,2026-04-05 12:33:38.500345,0 days 00:00:34.140098,426.0,1.0,119.2,155.7,0.33,COMPLETE
3410,0.825,2026-04-05 12:33:38.514676,2026-04-05 12:34:12.308111,0 days 00:00:33.793435,412.0,1.0,119.0,157.1,0.03,COMPLETE
3411,0.6875,2026-04-05 12:34:12.322295,2026-04-05 12:34:18.919573,0 days 00:00:06.597278,426.0,1.0,118.9,157.9,0.32,COMPLETE
3412,0.6875,2026-04-05 12:34:18.933726,2026-04-05 12:34:25.919011,0 days 00:00:06.985285,410.0,1.0,116.5,153.5,0.06,COMPLETE
3413,0.6875,2026-04-05 12:34:25.932927,2026-04-05 12:34:32.472047,0 days 00:00:06.539120,361.0,1.0,115.6,153.4,0.35000000000000003,COMPLETE
3414,0.6875,2026-04-05 12:34:32.482363,2026-04-05 12:34:39.252445,0 days 00:00:06.770082,456.0,1.0,116.3,156.9,0.27,COMPLETE
3415,0.6875,2026-04-05 12:34:39.266558,2026-04-05 12:34:46.283271,0 days 00:00:07.016713,360.0,1.0,113.7,155.8,0.0,COMPLETE
3416,0.6875,2026-04-05 12:34:46.296925,2026-04-05 12:34:54.409130,0 days 00:00:08.112205,205.0,3.0,119.7,148.0,0.56,COMPLETE
3417,0.825,2026-04-05 12:34:54.420268,2026-04-05 12:35:28.849793,0 days 00:00:34.429525,407.0,1.0,119.0,154.2,0.31,COMPLETE
3418,0.825,2026-04-05 12:35:28.863379,2026-04-05 12:36:03.375129,0 days 00:00:34.511750,411.0,1.0,119.1,153.2,0.02,COMPLETE
3419,0.825,2026-04-05 12:36:03.389626,2026-04-05 12:36:37.458125,0 days 00:00:34.068499,394.0,1.0,118.3,157.3,0.33,COMPLETE
3420,0.6875,2026-04-05 12:36:37.507676,2026-04-05 12:36:44.301384,0 days 00:00:06.793708,370.0,1.0,116.3,156.6,0.2,COMPLETE
3421,0.6875,2026-04-05 12:36:44.315362,2026-04-05 12:36:51.086326,0 days 00:00:06.770964,328.0,1.0,115.9,154.1,0.72,COMPLETE
3422,0.825,2026-04-05 12:36:51.100480,2026-04-05 12:36:56.104100,0 days 00:00:05.003620,421.0,1.0,116.4,155.2,0.29,COMPLETE
3423,0.825,2026-04-05 12:36:56.117800,2026-04-05 12:37:30.187061,0 days 00:00:34.069261,409.0,1.0,118.4,154.5,0.04,COMPLETE
3424,0.6875,2026-04-05 12:37:30.201907,2026-04-05 12:37:37.018920,0 days 00:00:06.817013,414.0,1.0,115.7,156.2,0.01,COMPLETE
3425,0.6875,2026-04-05 12:37:37.032917,2026-04-05 12:37:43.768018,0 days 00:00:06.735101,466.0,1.0,115.8,153.6,0.42,COMPLETE
3426,0.6875,2026-04-05 12:37:43.778659,2026-04-05 12:37:50.853876,0 days 00:00:07.075217,495.0,2.0,121.4,153.5,1.07,COMPLETE
3427,0.6875,2026-04-05 12:37:50.868349,2026-04-05 12:37:58.243013,0 days 00:00:07.374664,347.0,1.0,114.9,153.5,0.02,COMPLETE
3428,0.6875,2026-04-05 12:37:58.256838,2026-04-05 12:38:05.000551,0 days 00:00:06.743713,404.0,1.0,115.1,156.0,0.56,COMPLETE
3429,0.825,2026-04-05 12:38:05.014695,2026-04-05 12:38:39.080453,0 days 00:00:34.065758,405.0,1.0,117.8,155.5,0.21,COMPLETE
3430,0.6875,2026-04-05 12:38:39.094730,2026-04-05 12:38:46.084806,0 days 00:00:06.990076,427.0,1.0,113.6,153.7,0.33,COMPLETE
3431,0.6875,2026-04-05 12:38:46.099070,2026-04-05 12:38:52.730562,0 days 00:00:06.631492,399.0,1.0,115.5,153.9,0.51,COMPLETE
3432,0.6875,2026-04-05 12:38:52.741378,2026-04-05 12:38:59.268162,0 days 00:00:06.526784,366.0,1.0,115.3,154.7,0.02,COMPLETE
3433,0.6875,2026-04-05 12:38:59.282365,2026-04-05 12:39:05.882115,0 days 00:00:06.599750,379.0,1.0,116.8,154.8,0.38,COMPLETE
3434,0.6875,2026-04-05 12:39:05.896618,2026-04-05 12:39:12.623863,0 days 00:00:06.727245,494.0,2.0,115.0,155.8,0.03,COMPLETE
3435,0.6875,2026-04-05 12:39:12.638516,2026-04-05 12:39:19.409380,0 days 00:00:06.770864,445.0,1.0,117.5,153.5,0.04,COMPLETE
3436,0.6875,2026-04-05 12:39:19.423629,2026-04-05 12:39:26.195139,0 days 00:00:06.771510,401.0,1.0,120.5,155.1,0.8300000000000001,COMPLETE
3437,0.825,2026-04-05 12:39:26.206087,2026-04-05 12:40:00.214394,0 days 00:00:34.008307,385.0,1.0,116.7,154.4,0.02,COMPLETE
3438,0.825,2026-04-05 12:40:00.228865,2026-04-05 12:40:34.269082,0 days 00:00:34.040217,469.0,1.0,118.8,156.7,0.37,COMPLETE
3439,0.825,2026-04-05 12:40:34.283374,2026-04-05 12:41:09.035925,0 days 00:00:34.752551,417.0,1.0,116.9,155.6,0.0,COMPLETE
3440,0.825,2026-04-05 12:41:09.047693,2026-04-05 12:41:42.867452,0 days 00:00:33.819759,476.0,1.0,118.3,154.2,0.27,COMPLETE
3441,0.825,2026-04-05 12:41:42.914126,2026-04-05 12:42:16.904242,0 days 00:00:33.990116,419.0,2.0,115.8,154.0,0.0,COMPLETE
3442,0.6875,2026-04-05 12:42:16.918521,2026-04-05 12:42:23.941193,0 days 00:00:07.022672,409.0,2.0,117.0,158.7,0.52,COMPLETE
3443,0.6875,2026-04-05 12:42:23.955390,2026-04-05 12:42:31.184199,0 days 00:00:07.228809,495.0,1.0,113.0,153.5,0.9500000000000001,COMPLETE
3444,0.015625,2026-04-05 12:42:31.198597,2026-04-05 12:42:38.195190,0 days 00:00:06.996593,381.0,1.0,116.5,154.4,0.38,COMPLETE
3445,0.6875,2026-04-05 12:42:38.206493,2026-04-05 12:42:44.643009,0 days 00:00:06.436516,332.0,1.0,116.5,154.0,0.43,COMPLETE
3446,0.671875,2026-04-05 12:42:44.657817,2026-04-05 12:42:51.197522,0 days 00:00:06.539705,357.0,1.0,115.9,153.4,0.23,COMPLETE
3447,0.6875,2026-04-05 12:42:51.211606,2026-04-05 12:42:57.975947,0 days 00:00:06.764341,445.0,1.0,118.4,152.4,0.45,COMPLETE
3448,0.6875,2026-04-05 12:42:57.990608,2026-04-05 12:43:04.828510,0 days 00:00:06.837902,410.0,1.0,115.2,149.8,0.46,COMPLETE
3449,0.6875,2026-04-05 12:43:04.843052,2026-04-05 12:43:12.105603,0 days 00:00:07.262551,372.0,1.0,115.3,157.0,0.55,COMPLETE
3450,0.6875,2026-04-05 12:43:12.116562,2026-04-05 12:43:18.766254,0 days 00:00:06.649692,364.0,1.0,115.8,155.3,0.66,COMPLETE
3451,0.6875,2026-04-05 12:43:18.780343,2026-04-05 12:43:25.544279,0 days 00:00:06.763936,360.0,1.0,117.3,152.0,0.45,COMPLETE
3452,0.6875,2026-04-05 12:43:25.558789,2026-04-05 12:43:32.197110,0 days 00:00:06.638321,372.0,1.0,117.2,153.8,0.34,COMPLETE
3453,0.6875,2026-04-05 12:43:32.211106,2026-04-05 12:43:38.746218,0 days 00:00:06.535112,411.0,1.0,116.4,153.1,0.25,COMPLETE
3454,0.6875,2026-04-05 12:43:38.761025,2026-04-05 12:43:45.523964,0 days 00:00:06.762939,446.0,1.0,115.2,155.2,0.71,COMPLETE
3455,0.6875,2026-04-05 12:43:45.535013,2026-04-05 12:43:52.191423,0 days 00:00:06.656410,358.0,1.0,115.4,155.3,0.54,COMPLETE
3456,0.825,2026-04-05 12:43:52.206320,2026-04-05 12:43:57.371046,0 days 00:00:05.164726,344.0,1.0,115.9,152.2,0.01,COMPLETE
3457,0.6875,2026-04-05 12:43:57.381691,2026-04-05 12:44:03.971166,0 days 00:00:06.589475,424.0,1.0,116.5,152.9,0.01,COMPLETE
3458,0.6875,2026-04-05 12:44:03.985186,2026-04-05 12:44:10.714918,0 days 00:00:06.729732,382.0,2.0,116.6,150.2,1.41,COMPLETE
3459,0.6875,2026-04-05 12:44:10.728817,2026-04-05 12:44:17.731486,0 days 00:00:07.002669,364.0,1.0,116.9,155.2,0.44,COMPLETE
3460,0.6875,2026-04-05 12:44:17.746031,2026-04-05 12:44:24.320754,0 days 00:00:06.574723,450.0,1.0,117.4,154.0,0.51,COMPLETE
3461,0.6875,2026-04-05 12:44:24.334618,2026-04-05 12:44:31.067005,0 days 00:00:06.732387,435.0,1.0,114.3,154.2,0.37,COMPLETE
3462,0.6875,2026-04-05 12:44:31.085023,2026-04-05 12:44:37.925527,0 days 00:00:06.840504,381.0,2.0,116.7,157.4,0.17,COMPLETE
3463,0.6875,2026-04-05 12:44:37.936767,2026-04-05 12:44:44.781507,0 days 00:00:06.844740,395.0,1.0,117.3,154.0,0.58,COMPLETE
3464,0.6875,2026-04-05 12:44:44.795562,2026-04-05 12:44:51.503532,0 days 00:00:06.707970,373.0,1.0,116.6,156.2,0.28,COMPLETE
3465,0.6875,2026-04-05 12:44:51.555554,2026-04-05 12:44:58.458553,0 days 00:00:06.902999,371.0,1.0,117.2,151.9,0.67,COMPLETE
3466,0.6875,2026-04-05 12:44:58.509072,2026-04-05 12:45:05.189495,0 days 00:00:06.680423,417.0,1.0,117.4,154.9,0.2,COMPLETE
3467,0.6875,2026-04-05 12:45:05.201074,2026-04-05 12:45:11.929794,0 days 00:00:06.728720,433.0,1.0,115.9,157.6,0.04,COMPLETE
3468,0.6875,2026-04-05 12:45:11.944119,2026-04-05 12:45:19.087974,0 days 00:00:07.143855,320.0,1.0,115.3,153.1,0.36,COMPLETE
3469,0.6875,2026-04-05 12:45:19.102037,2026-04-05 12:45:25.936665,0 days 00:00:06.834628,390.0,1.0,117.6,154.6,0.51,COMPLETE
3470,0.6875,2026-04-05 12:45:25.951460,2026-04-05 12:45:32.721543,0 days 00:00:06.770083,398.0,1.0,115.2,154.1,0.41000000000000003,COMPLETE
3471,0.6875,2026-04-05 12:45:32.735418,2026-04-05 12:45:39.397546,0 days 00:00:06.662128,385.0,1.0,117.2,155.0,0.59,COMPLETE
3472,0.6875,2026-04-05 12:45:39.407965,2026-04-05 12:45:46.085724,0 days 00:00:06.677759,351.0,1.0,114.2,155.3,0.48,COMPLETE
3473,0.6875,2026-04-05 12:45:46.100147,2026-04-05 12:45:52.815030,0 days 00:00:06.714883,449.0,1.0,116.2,155.5,0.3,COMPLETE
