number,value,datetime_start,datetime_complete,duration,params_voltage,params_width,params_x,params_y,params_z,state
4866,0.6875,2026-04-05 17:34:05.384363,2026-04-05 17:34:12.150251,0 days 00:00:06.765888,412.0,1.0,117.6,157.1,0.42,COMPLETE
4867,0.825,2026-04-05 17:34:12.165301,2026-04-05 17:34:46.458368,0 days 00:00:34.293067,342.0,1.0,119.3,155.3,0.3,COMPLETE
4868,0.825,2026-04-05 17:34:46.469481,2026-04-05 17:35:20.510520,0 days 00:00:34.041039,414.0,1.0,118.5,152.8,0.3,COMPLETE
4869,0.825,2026-04-05 17:35:20.525572,2026-04-05 17:35:54.791734,0 days 00:00:34.266162,465.0,2.0,123.4,154.3,0.29,COMPLETE
4870,0.6875,2026-04-05 17:35:54.807017,2026-04-05 17:36:01.804471,0 days 00:00:06.997454,414.0,3.0,127.0,152.2,1.85,COMPLETE
4871,0.6875,2026-04-05 17:36:01.819156,2026-04-05 17:36:09.570982,0 days 00:00:07.751826,385.0,1.0,114.4,151.8,0.26,COMPLETE
4872,0.6875,2026-04-05 17:36:09.583844,2026-04-05 17:36:16.516670,0 days 00:00:06.932826,363.0,2.0,117.6,153.5,0.0,COMPLETE
4873,0.6875,2026-04-05 17:36:16.531657,2026-04-05 17:36:23.262562,0 days 00:00:06.730905,388.0,2.0,115.0,153.4,0.32,COMPLETE
4874,0.6875,2026-04-05 17:36:23.278351,2026-04-05 17:36:30.064926,0 days 00:00:06.786575,395.0,1.0,117.6,152.9,0.01,COMPLETE
4875,0.671875,2026-04-05 17:36:30.079819,2026-04-05 17:36:36.628098,0 days 00:00:06.548279,468.0,2.0,117.5,152.0,0.0,COMPLETE
4876,0.6875,2026-04-05 17:36:36.643403,2026-04-05 17:36:43.311407,0 days 00:00:06.668004,443.0,1.0,116.6,153.7,0.58,COMPLETE
4877,0.6875,2026-04-05 17:36:43.326733,2026-04-05 17:36:49.880611,0 days 00:00:06.553878,403.0,1.0,117.6,153.5,0.0,COMPLETE
4878,0.825,2026-04-05 17:36:49.896592,2026-04-05 17:36:57.031631,0 days 00:00:07.135039,401.0,1.0,115.5,153.6,0.01,COMPLETE
4879,0.6875,2026-04-05 17:36:57.046570,2026-04-05 17:37:04.186500,0 days 00:00:07.139930,383.0,1.0,120.2,154.3,0.31,COMPLETE
4880,0.6875,2026-04-05 17:37:04.202719,2026-04-05 17:37:11.457875,0 days 00:00:07.255156,303.0,1.0,115.1,155.7,0.6,COMPLETE
4881,0.6875,2026-04-05 17:37:11.473246,2026-04-05 17:37:18.786555,0 days 00:00:07.313309,462.0,1.0,116.6,148.2,0.11,COMPLETE
4882,0.6875,2026-04-05 17:37:18.801962,2026-04-05 17:37:26.397584,0 days 00:00:07.595622,352.0,1.0,114.7,155.6,0.25,COMPLETE
4883,0.825,2026-04-05 17:37:26.413426,2026-04-05 17:38:00.513447,0 days 00:00:34.100021,478.0,1.0,118.8,154.6,0.28,COMPLETE
4884,0.6875,2026-04-05 17:38:00.528981,2026-04-05 17:38:07.406537,0 days 00:00:06.877556,498.0,1.0,115.8,156.4,0.24,COMPLETE
4885,0.6875,2026-04-05 17:38:07.421581,2026-04-05 17:38:13.979458,0 days 00:00:06.557877,453.0,1.0,114.5,156.0,0.34,COMPLETE
4886,0.6875,2026-04-05 17:38:13.994959,2026-04-05 17:38:21.360771,0 days 00:00:07.365812,335.0,1.0,118.3,151.6,0.29,COMPLETE
4887,0.6875,2026-04-05 17:38:21.375954,2026-04-05 17:38:28.721569,0 days 00:00:07.345615,424.0,3.0,122.2,158.3,1.92,COMPLETE
4888,0.6875,2026-04-05 17:38:28.737492,2026-04-05 17:38:35.937410,0 days 00:00:07.199918,457.0,2.0,116.3,156.2,0.27,COMPLETE
4889,0.6875,2026-04-05 17:38:35.952912,2026-04-05 17:38:43.115267,0 days 00:00:07.162355,479.0,1.0,119.7,150.7,0.03,COMPLETE
4890,0.6875,2026-04-05 17:38:43.130703,2026-04-05 17:38:50.170966,0 days 00:00:07.040263,333.0,1.0,118.1,153.1,0.63,COMPLETE
4891,0.6875,2026-04-05 17:38:50.185863,2026-04-05 17:38:57.485261,0 days 00:00:07.299398,174.0,1.0,115.7,151.9,0.11,COMPLETE
4892,0.6875,2026-04-05 17:38:57.500598,2026-04-05 17:39:04.014091,0 days 00:00:06.513493,397.0,1.0,115.4,152.6,0.0,COMPLETE
4893,0.6875,2026-04-05 17:39:04.029532,2026-04-05 17:39:10.709660,0 days 00:00:06.680128,355.0,3.0,115.3,154.4,0.61,COMPLETE
4894,0.6875,2026-04-05 17:39:10.722348,2026-04-05 17:39:18.449852,0 days 00:00:07.727504,245.0,2.0,124.0,151.4,0.63,COMPLETE
4895,0.6875,2026-04-05 17:39:18.465952,2026-04-05 17:39:26.119107,0 days 00:00:07.653155,314.0,1.0,114.1,151.7,0.03,COMPLETE
4896,0.6875,2026-04-05 17:39:26.134554,2026-04-05 17:39:32.889997,0 days 00:00:06.755443,451.0,1.0,115.7,153.6,0.32,COMPLETE
4897,0.6875,2026-04-05 17:39:32.905641,2026-04-05 17:39:40.085435,0 days 00:00:07.179794,497.0,2.0,122.2,155.2,0.62,COMPLETE
4898,0.6875,2026-04-05 17:39:40.100628,2026-04-05 17:39:47.697531,0 days 00:00:07.596903,333.0,2.0,115.5,151.3,0.03,COMPLETE
4899,0.825,2026-04-05 17:39:47.712621,2026-04-05 17:40:01.431420,0 days 00:00:13.718799,428.0,1.0,116.6,156.4,0.01,COMPLETE
4900,0.825,2026-04-05 17:40:01.446826,2026-04-05 17:40:08.502487,0 days 00:00:07.055661,470.0,1.0,115.6,155.2,0.0,COMPLETE
4901,0.6875,2026-04-05 17:40:08.517936,2026-04-05 17:40:15.186579,0 days 00:00:06.668643,414.0,2.0,116.8,153.2,0.01,COMPLETE
4902,0.6875,2026-04-05 17:40:15.202289,2026-04-05 17:40:22.538502,0 days 00:00:07.336213,218.0,2.0,122.0,152.2,0.38,COMPLETE
4903,0.6875,2026-04-05 17:40:22.550664,2026-04-05 17:40:29.969570,0 days 00:00:07.418906,323.0,3.0,115.3,159.2,0.13,COMPLETE
4904,0.825,2026-04-05 17:40:29.985100,2026-04-05 17:41:04.043912,0 days 00:00:34.058812,379.0,3.0,118.5,157.3,0.12,COMPLETE
4905,0.6875,2026-04-05 17:41:04.058904,2026-04-05 17:41:11.054948,0 days 00:00:06.996044,427.0,1.0,114.9,155.0,0.28,COMPLETE
4906,0.6875,2026-04-05 17:41:11.067558,2026-04-05 17:41:18.100694,0 days 00:00:07.033136,430.0,3.0,120.0,157.0,1.25,COMPLETE
4907,0.825,2026-04-05 17:41:18.116045,2026-04-05 17:41:52.202082,0 days 00:00:34.086037,491.0,2.0,122.2,155.3,0.29,COMPLETE
4908,0.6875,2026-04-05 17:41:52.219702,2026-04-05 17:41:59.968170,0 days 00:00:07.748468,368.0,1.0,115.4,159.8,0.03,COMPLETE
4909,0.671875,2026-04-05 17:41:59.983691,2026-04-05 17:42:07.410686,0 days 00:00:07.426995,495.0,2.0,121.7,154.2,0.28,COMPLETE
4910,0.6875,2026-04-05 17:42:07.425994,2026-04-05 17:42:14.803832,0 days 00:00:07.377838,385.0,1.0,115.9,152.6,0.0,COMPLETE
4911,0.6875,2026-04-05 17:42:14.819502,2026-04-05 17:42:21.552811,0 days 00:00:06.733309,486.0,3.0,113.2,152.4,1.33,COMPLETE
4912,0.6875,2026-04-05 17:42:21.568656,2026-04-05 17:42:29.687069,0 days 00:00:08.118413,238.0,3.0,121.7,159.8,0.09,COMPLETE
4913,0.6875,2026-04-05 17:42:29.702108,2026-04-05 17:42:37.109348,0 days 00:00:07.407240,426.0,1.0,113.1,156.0,0.4,COMPLETE
4914,0.6875,2026-04-05 17:42:37.124883,2026-04-05 17:42:43.992685,0 days 00:00:06.867802,459.0,1.0,117.4,153.4,0.24,COMPLETE
4915,0.825,2026-04-05 17:42:44.009370,2026-04-05 17:43:18.195821,0 days 00:00:34.186451,422.0,1.0,119.0,156.6,0.25,COMPLETE
4916,0.825,2026-04-05 17:43:18.211082,2026-04-05 17:43:52.239755,0 days 00:00:34.028673,409.0,1.0,116.9,154.3,0.01,COMPLETE
4917,0.6875,2026-04-05 17:43:52.255368,2026-04-05 17:43:59.084986,0 days 00:00:06.829618,411.0,1.0,115.1,153.3,0.0,COMPLETE
4918,0.6875,2026-04-05 17:43:59.096553,2026-04-05 17:44:06.384873,0 days 00:00:07.288320,342.0,1.0,118.0,157.8,0.34,COMPLETE
4919,0.825,2026-04-05 17:44:06.400996,2026-04-05 17:44:40.631937,0 days 00:00:34.230941,386.0,1.0,120.0,153.3,0.0,COMPLETE
4920,0.6875,2026-04-05 17:44:40.646952,2026-04-05 17:44:47.729569,0 days 00:00:07.082617,361.0,1.0,115.3,155.1,0.22,COMPLETE
4921,0.6875,2026-04-05 17:44:47.742551,2026-04-05 17:44:54.280509,0 days 00:00:06.537958,422.0,1.0,114.8,155.8,0.23,COMPLETE
4922,0.6875,2026-04-05 17:44:54.295396,2026-04-05 17:45:00.838023,0 days 00:00:06.542627,482.0,3.0,115.6,155.1,0.49,COMPLETE
4923,0.6875,2026-04-05 17:45:00.853629,2026-04-05 17:45:07.764464,0 days 00:00:06.910835,378.0,1.0,113.6,154.9,0.03,COMPLETE
4924,0.6875,2026-04-05 17:45:07.779307,2026-04-05 17:45:14.692833,0 days 00:00:06.913526,431.0,1.0,118.0,153.7,0.58,COMPLETE
4925,0.825,2026-04-05 17:45:14.708012,2026-04-05 17:45:22.130356,0 days 00:00:07.422344,356.0,1.0,115.5,154.6,0.0,COMPLETE
4926,0.825,2026-04-05 17:45:22.141866,2026-04-05 17:45:56.143785,0 days 00:00:34.001919,345.0,1.0,118.8,152.9,0.01,COMPLETE
4927,0.6875,2026-04-05 17:45:56.159885,2026-04-05 17:46:03.122595,0 days 00:00:06.962710,440.0,1.0,114.9,153.4,0.21,COMPLETE
4928,0.825,2026-04-05 17:46:03.138242,2026-04-05 17:46:37.367345,0 days 00:00:34.229103,468.0,1.0,118.5,156.4,0.23,COMPLETE
4929,0.6875,2026-04-05 17:46:37.382746,2026-04-05 17:46:44.444219,0 days 00:00:07.061473,377.0,1.0,117.0,155.6,0.29,COMPLETE
4930,0.6875,2026-04-05 17:46:44.460251,2026-04-05 17:46:51.091422,0 days 00:00:06.631171,392.0,1.0,117.1,153.8,0.48,COMPLETE
4931,0.6875,2026-04-05 17:46:51.107108,2026-04-05 17:46:57.691995,0 days 00:00:06.584887,422.0,1.0,117.6,155.0,0.01,COMPLETE
4932,0.825,2026-04-05 17:46:57.706421,2026-04-05 17:47:31.892191,0 days 00:00:34.185770,327.0,1.0,118.2,156.0,0.18,COMPLETE
4933,0.6875,2026-04-05 17:47:31.907121,2026-04-05 17:47:38.932077,0 days 00:00:07.024956,489.0,2.0,118.6,158.9,0.54,COMPLETE
4934,0.6875,2026-04-05 17:47:38.947891,2026-04-05 17:47:46.446749,0 days 00:00:07.498858,413.0,1.0,113.0,154.3,0.36,COMPLETE
4935,0.825,2026-04-05 17:47:46.458753,2026-04-05 17:48:21.293083,0 days 00:00:34.834330,427.0,1.0,121.7,156.7,0.32,COMPLETE
4936,0.0,2026-04-05 17:48:21.309545,2026-04-05 17:48:41.508086,0 days 00:00:20.198541,445.0,1.0,115.3,154.0,0.02,COMPLETE
4937,0.6875,2026-04-05 17:48:41.524080,2026-04-05 17:48:48.110400,0 days 00:00:06.586320,463.0,1.0,114.2,152.2,0.14,COMPLETE
4938,0.6875,2026-04-05 17:48:48.125853,2026-04-05 17:48:54.672413,0 days 00:00:06.546560,436.0,1.0,116.1,152.9,0.01,COMPLETE
4939,0.6875,2026-04-05 17:48:54.688515,2026-04-05 17:49:01.155991,0 days 00:00:06.467476,470.0,1.0,116.1,154.3,0.23,COMPLETE
4940,0.825,2026-04-05 17:49:01.171238,2026-04-05 17:49:08.161836,0 days 00:00:06.990598,465.0,1.0,115.3,153.3,0.07,COMPLETE
4941,0.6875,2026-04-05 17:49:08.177388,2026-04-05 17:49:14.944445,0 days 00:00:06.767057,500.0,1.0,116.5,151.7,0.01,COMPLETE
4942,0.6875,2026-04-05 17:49:14.959594,2026-04-05 17:49:21.654378,0 days 00:00:06.694784,463.0,1.0,116.7,153.7,0.09,COMPLETE
4943,0.6875,2026-04-05 17:49:21.667583,2026-04-05 17:49:29.659401,0 days 00:00:07.991818,376.0,2.0,126.7,149.7,1.77,COMPLETE
4944,0.6875,2026-04-05 17:49:29.674693,2026-04-05 17:49:37.648710,0 days 00:00:07.974017,447.0,1.0,114.5,151.8,0.18,COMPLETE
4945,0.6875,2026-04-05 17:49:37.663868,2026-04-05 17:49:44.223444,0 days 00:00:06.559576,443.0,1.0,113.3,152.2,0.07,COMPLETE
4946,0.6875,2026-04-05 17:49:44.239001,2026-04-05 17:49:51.245481,0 days 00:00:07.006480,485.0,1.0,116.3,156.3,0.12,COMPLETE
4947,0.6875,2026-04-05 17:49:51.261748,2026-04-05 17:49:57.902553,0 days 00:00:06.640805,424.0,3.0,115.3,155.4,1.11,COMPLETE
4948,0.6875,2026-04-05 17:49:57.917277,2026-04-05 17:50:04.624268,0 days 00:00:06.706991,487.0,1.0,114.5,152.6,0.28,COMPLETE
4949,0.6875,2026-04-05 17:50:04.641132,2026-04-05 17:50:11.389290,0 days 00:00:06.748158,484.0,1.0,115.5,155.0,0.21,COMPLETE
4950,0.6875,2026-04-05 17:50:11.402394,2026-04-05 17:50:18.364011,0 days 00:00:06.961617,400.0,2.0,114.0,156.7,0.0,COMPLETE
4951,0.6875,2026-04-05 17:50:18.378758,2026-04-05 17:50:25.258705,0 days 00:00:06.879947,498.0,1.0,114.7,152.6,0.04,COMPLETE
4952,0.825,2026-04-05 17:50:25.273838,2026-04-05 17:50:59.526517,0 days 00:00:34.252679,393.0,2.0,117.0,153.7,0.01,COMPLETE
4953,0.825,2026-04-05 17:50:59.538759,2026-04-05 17:51:33.299656,0 days 00:00:33.760897,487.0,1.0,116.3,154.1,0.02,COMPLETE
4954,0.6875,2026-04-05 17:51:33.314796,2026-04-05 17:51:40.936764,0 days 00:00:07.621968,495.0,2.0,127.0,156.3,0.14,COMPLETE
4955,0.6875,2026-04-05 17:51:40.952146,2026-04-05 17:51:48.755994,0 days 00:00:07.803848,454.0,1.0,114.4,154.1,0.24,COMPLETE
4956,0.6875,2026-04-05 17:51:48.771252,2026-04-05 17:51:55.254576,0 days 00:00:06.483324,444.0,1.0,114.7,153.0,0.04,COMPLETE
4957,0.6875,2026-04-05 17:51:55.271014,2026-04-05 17:52:01.923405,0 days 00:00:06.652391,459.0,2.0,114.3,156.5,0.02,COMPLETE
4958,0.6875,2026-04-05 17:52:01.939275,2026-04-05 17:52:08.790288,0 days 00:00:06.851013,434.0,3.0,118.8,154.3,1.72,COMPLETE
4959,0.6875,2026-04-05 17:52:08.806551,2026-04-05 17:52:15.571990,0 days 00:00:06.765439,441.0,1.0,114.8,154.7,0.04,COMPLETE
4960,0.6875,2026-04-05 17:52:15.587445,2026-04-05 17:52:21.988011,0 days 00:00:06.400566,434.0,1.0,114.4,155.1,0.21,COMPLETE
4961,0.6875,2026-04-05 17:52:22.002185,2026-04-05 17:52:28.627676,0 days 00:00:06.625491,448.0,1.0,116.9,154.6,0.02,COMPLETE
4962,0.6875,2026-04-05 17:52:28.643581,2026-04-05 17:52:36.855589,0 days 00:00:08.212008,169.0,2.0,125.8,149.6,1.84,COMPLETE
4963,0.6875,2026-04-05 17:52:36.870867,2026-04-05 17:52:43.912719,0 days 00:00:07.041852,449.0,2.0,124.9,156.1,0.79,COMPLETE
4964,0.6875,2026-04-05 17:52:43.928568,2026-04-05 17:52:51.488858,0 days 00:00:07.560290,434.0,1.0,114.2,154.6,0.11,COMPLETE
4965,0.6875,2026-04-05 17:52:51.504826,2026-04-05 17:52:58.042012,0 days 00:00:06.537186,464.0,1.0,115.7,153.4,0.0,COMPLETE
4966,0.6875,2026-04-05 17:52:58.054582,2026-04-05 17:53:04.488056,0 days 00:00:06.433474,457.0,1.0,115.7,154.2,0.29,COMPLETE
4967,0.6875,2026-04-05 17:53:04.503391,2026-04-05 17:53:11.033561,0 days 00:00:06.530170,458.0,1.0,117.1,153.1,0.21,COMPLETE
4968,0.6875,2026-04-05 17:53:11.047679,2026-04-05 17:53:17.743806,0 days 00:00:06.696127,477.0,1.0,114.3,154.1,0.44,COMPLETE
4969,0.6875,2026-04-05 17:53:17.759245,2026-04-05 17:53:24.455375,0 days 00:00:06.696130,396.0,1.0,113.5,153.0,0.2,COMPLETE
4970,0.6875,2026-04-05 17:53:24.473093,2026-04-05 17:53:31.319514,0 days 00:00:06.846421,453.0,1.0,118.4,151.8,0.03,COMPLETE
4971,0.825,2026-04-05 17:53:31.334823,2026-04-05 17:54:05.384170,0 days 00:00:34.049347,489.0,1.0,116.6,152.8,0.4,COMPLETE
4972,0.6875,2026-04-05 17:54:05.400117,2026-04-05 17:54:12.336292,0 days 00:00:06.936175,429.0,1.0,114.5,153.7,0.03,COMPLETE
4973,0.6875,2026-04-05 17:54:12.351901,2026-04-05 17:54:19.069398,0 days 00:00:06.717497,471.0,1.0,113.9,155.8,0.0,COMPLETE
4974,0.671875,2026-04-05 17:54:19.085350,2026-04-05 17:54:25.797700,0 days 00:00:06.712350,429.0,1.0,116.1,155.9,0.2,COMPLETE
4975,0.6875,2026-04-05 17:54:25.813021,2026-04-05 17:54:32.804319,0 days 00:00:06.991298,300.0,1.0,116.9,153.6,0.0,COMPLETE
4976,0.6875,2026-04-05 17:54:32.820380,2026-04-05 17:54:39.287906,0 days 00:00:06.467526,454.0,1.0,116.5,153.5,0.01,COMPLETE
4977,0.825,2026-04-05 17:54:39.303572,2026-04-05 17:55:13.224973,0 days 00:00:33.921401,459.0,1.0,116.8,155.1,0.02,COMPLETE
4978,0.6875,2026-04-05 17:55:13.243217,2026-04-05 17:55:20.175844,0 days 00:00:06.932627,404.0,1.0,114.5,154.1,0.0,COMPLETE
4979,0.6875,2026-04-05 17:55:20.190591,2026-04-05 17:55:26.710637,0 days 00:00:06.520046,463.0,1.0,114.5,153.2,0.02,COMPLETE
4980,0.6875,2026-04-05 17:55:26.731124,2026-04-05 17:55:34.096640,0 days 00:00:07.365516,381.0,1.0,117.1,159.1,0.0,COMPLETE
4981,0.825,2026-04-05 17:55:34.111392,2026-04-05 17:56:08.256924,0 days 00:00:34.145532,494.0,1.0,119.5,154.6,0.66,COMPLETE
4982,0.6875,2026-04-05 17:56:08.340522,2026-04-05 17:56:15.338146,0 days 00:00:06.997624,490.0,1.0,116.9,155.0,0.29,COMPLETE
4983,0.825,2026-04-05 17:56:15.422135,2026-04-05 17:56:49.533800,0 days 00:00:34.111665,435.0,2.0,120.3,155.1,0.35000000000000003,COMPLETE
4984,0.6875,2026-04-05 17:56:49.616532,2026-04-05 17:56:56.833722,0 days 00:00:07.217190,425.0,1.0,117.0,151.4,0.24,COMPLETE
4985,0.671875,2026-04-05 17:56:56.927395,2026-04-05 17:57:03.969641,0 days 00:00:07.042246,432.0,1.0,115.3,154.6,0.23,COMPLETE
4986,0.6875,2026-04-05 17:57:04.121504,2026-04-05 17:57:11.169490,0 days 00:00:07.047986,420.0,1.0,116.4,157.8,0.19,COMPLETE
4987,0.6875,2026-04-05 17:57:11.290835,2026-04-05 17:57:18.326547,0 days 00:00:07.035712,363.0,1.0,114.3,156.9,0.05,COMPLETE
4988,0.6875,2026-04-05 17:57:18.445568,2026-04-05 17:57:25.672689,0 days 00:00:07.227121,428.0,2.0,115.4,152.6,0.03,COMPLETE
4989,0.6875,2026-04-05 17:57:25.860083,2026-04-05 17:57:34.240568,0 days 00:00:08.380485,288.0,3.0,122.8,148.4,1.49,COMPLETE
4990,0.825,2026-04-05 17:57:34.377000,2026-04-05 17:57:42.292948,0 days 00:00:07.915948,461.0,1.0,122.1,153.9,0.38,COMPLETE
4991,0.6875,2026-04-05 17:57:42.434581,2026-04-05 17:57:50.005737,0 days 00:00:07.571156,465.0,1.0,115.0,156.7,0.0,COMPLETE
4992,0.6875,2026-04-05 17:57:50.158336,2026-04-05 17:57:57.142624,0 days 00:00:06.984288,413.0,2.0,114.9,154.5,0.03,COMPLETE
4993,0.825,2026-04-05 17:57:57.300861,2026-04-05 17:58:31.803794,0 days 00:00:34.502933,490.0,1.0,116.7,155.0,0.0,COMPLETE
4994,0.6875,2026-04-05 17:58:32.096324,2026-04-05 17:58:39.570506,0 days 00:00:07.474182,369.0,1.0,114.5,153.8,0.03,COMPLETE
4995,0.6875,2026-04-05 17:58:39.841038,2026-04-05 17:58:47.127275,0 days 00:00:07.286237,435.0,2.0,114.6,155.7,0.0,COMPLETE
4996,0.825,2026-04-05 17:58:47.373278,2026-04-05 17:59:21.965442,0 days 00:00:34.592164,486.0,2.0,117.3,156.1,0.04,COMPLETE
4997,0.6875,2026-04-05 17:59:22.305623,2026-04-05 17:59:30.108277,0 days 00:00:07.802654,421.0,1.0,114.1,154.2,0.03,COMPLETE
4998,0.6875,2026-04-05 17:59:30.420579,2026-04-05 17:59:37.979042,0 days 00:00:07.558463,494.0,2.0,116.2,152.7,0.01,COMPLETE
4999,0.6875,2026-04-05 17:59:38.396507,2026-04-05 17:59:45.963149,0 days 00:00:07.566642,455.0,1.0,115.3,154.9,0.37,COMPLETE
5000,0.6875,2026-04-05 17:59:46.340791,2026-04-05 17:59:53.801324,0 days 00:00:07.460533,454.0,1.0,114.8,153.8,0.02,COMPLETE
5001,0.6875,2026-04-05 17:59:54.191623,2026-04-05 18:00:03.338899,0 days 00:00:09.147276,413.0,1.0,115.6,151.6,0.01,COMPLETE
5002,0.6875,2026-04-05 18:00:03.648614,2026-04-05 18:00:11.290134,0 days 00:00:07.641520,308.0,3.0,113.3,151.2,0.9400000000000001,COMPLETE
5003,0.6875,2026-04-05 18:00:11.593001,2026-04-05 18:00:20.871850,0 days 00:00:09.278849,449.0,1.0,117.0,156.3,0.26,COMPLETE
5004,0.6875,2026-04-05 18:00:21.147898,2026-04-05 18:00:29.694596,0 days 00:00:08.546698,450.0,1.0,113.3,154.4,0.22,COMPLETE
5005,0.6875,2026-04-05 18:00:30.202091,2026-04-05 18:00:37.494111,0 days 00:00:07.292020,392.0,1.0,113.3,156.1,0.02,COMPLETE
5006,0.6875,2026-04-05 18:00:37.898427,2026-04-05 18:00:45.746556,0 days 00:00:07.848129,427.0,1.0,114.5,155.4,0.02,COMPLETE
5007,0.6875,2026-04-05 18:00:46.159166,2026-04-05 18:00:54.037971,0 days 00:00:07.878805,442.0,1.0,115.5,158.7,0.0,COMPLETE
5008,0.825,2026-04-05 18:00:54.592944,2026-04-05 18:01:31.177963,0 days 00:00:36.585019,447.0,2.0,124.0,155.3,0.35000000000000003,COMPLETE
5009,0.825,2026-04-05 18:01:31.764377,2026-04-05 18:02:07.738477,0 days 00:00:35.974100,452.0,2.0,121.4,155.7,0.4,COMPLETE
5010,0.6875,2026-04-05 18:02:08.261751,2026-04-05 18:02:17.925254,0 days 00:00:09.663503,453.0,1.0,113.0,153.9,0.0,COMPLETE
5011,0.6875,2026-04-05 18:02:18.567737,2026-04-05 18:02:29.835090,0 days 00:00:11.267353,331.0,1.0,115.5,153.1,0.0,COMPLETE
5012,0.825,2026-04-05 18:02:30.462370,2026-04-05 18:02:37.965073,0 days 00:00:07.502703,429.0,1.0,118.0,153.0,0.0,COMPLETE
5013,0.6875,2026-04-05 18:02:38.644483,2026-04-05 18:02:49.417501,0 days 00:00:10.773018,394.0,1.0,117.0,152.9,0.31,COMPLETE
5014,0.6875,2026-04-05 18:02:50.259368,2026-04-05 18:02:59.691659,0 days 00:00:09.432291,432.0,1.0,117.3,153.6,0.25,COMPLETE
5015,0.6875,2026-04-05 18:03:00.489648,2026-04-05 18:03:10.271387,0 days 00:00:09.781739,377.0,1.0,114.6,153.0,0.28,COMPLETE
5016,0.6875,2026-04-05 18:03:11.291947,2026-04-05 18:03:22.563744,0 days 00:00:11.271797,185.0,2.0,126.1,155.5,0.18,COMPLETE
5017,0.6875,2026-04-05 18:03:23.500561,2026-04-05 18:03:34.552581,0 days 00:00:11.052020,343.0,2.0,115.4,154.5,0.33,COMPLETE
5018,0.671875,2026-04-05 18:03:35.244897,2026-04-05 18:03:47.702913,0 days 00:00:12.458016,440.0,1.0,116.9,155.1,0.22,COMPLETE
5019,0.6875,2026-04-05 18:03:48.226239,2026-04-05 18:03:58.508888,0 days 00:00:10.282649,385.0,1.0,115.4,156.1,0.02,COMPLETE
5020,0.6875,2026-04-05 18:03:59.255407,2026-04-05 18:04:13.453941,0 days 00:00:14.198534,351.0,1.0,114.0,155.7,0.0,COMPLETE
5021,0.6875,2026-04-05 18:04:14.633013,2026-04-05 18:04:26.407190,0 days 00:00:11.774177,495.0,2.0,113.8,153.9,0.04,COMPLETE
5022,0.825,2026-04-05 18:04:27.082955,2026-04-05 18:05:07.563064,0 days 00:00:40.480109,500.0,2.0,124.9,153.7,0.46,COMPLETE
5023,0.825,2026-04-05 18:05:09.977868,2026-04-05 18:06:05.062996,0 days 00:00:55.085128,425.0,1.0,118.0,156.4,0.23,COMPLETE
5024,0.825,2026-04-05 18:06:07.334337,2026-04-05 18:06:48.515503,0 days 00:00:41.181166,456.0,1.0,116.2,154.1,0.27,COMPLETE
5025,0.6875,2026-04-05 18:06:49.656280,2026-04-05 18:07:02.765852,0 days 00:00:13.109572,388.0,2.0,126.4,159.3,1.6,COMPLETE
5026,0.825,2026-04-05 18:07:03.785600,2026-04-05 18:08:06.091557,0 days 00:01:02.305957,432.0,2.0,123.9,153.5,0.03,COMPLETE
5027,0.6875,2026-04-05 18:08:06.908033,2026-04-05 18:08:20.264138,0 days 00:00:13.356105,159.0,1.0,114.2,153.6,0.91,COMPLETE
5028,0.825,2026-04-05 18:08:22.899492,2026-04-05 18:09:04.133223,0 days 00:00:41.233731,485.0,1.0,118.7,157.2,0.13,COMPLETE
5029,0.6875,2026-04-05 18:09:05.346215,2026-04-05 18:09:17.247161,0 days 00:00:11.900946,404.0,1.0,115.6,154.6,0.17,COMPLETE
5030,0.6875,2026-04-05 18:09:18.349282,2026-04-05 18:09:30.389685,0 days 00:00:12.040403,406.0,1.0,117.2,154.5,0.05,COMPLETE
5031,0.6875,2026-04-05 18:09:31.336362,2026-04-05 18:09:41.406281,0 days 00:00:10.069919,422.0,1.0,115.9,155.6,0.02,COMPLETE
5032,0.6875,2026-04-05 18:09:42.453726,2026-04-05 18:09:53.176493,0 days 00:00:10.722767,437.0,2.0,115.8,155.0,0.0,COMPLETE
5033,0.671875,2026-04-05 18:09:54.032465,2026-04-05 18:10:05.935543,0 days 00:00:11.903078,492.0,1.0,115.4,156.2,0.0,COMPLETE
5034,0.825,2026-04-05 18:10:06.969018,2026-04-05 18:10:46.718442,0 days 00:00:39.749424,366.0,1.0,116.7,154.0,0.03,COMPLETE
5035,0.6875,2026-04-05 18:10:49.163384,2026-04-05 18:11:02.515508,0 days 00:00:13.352124,476.0,1.0,115.1,154.1,0.27,COMPLETE
5036,0.6875,2026-04-05 18:11:03.793717,2026-04-05 18:11:18.582318,0 days 00:00:14.788601,458.0,1.0,115.6,155.4,0.55,COMPLETE
5037,0.825,2026-04-05 18:11:19.560445,2026-04-05 18:11:59.165308,0 days 00:00:39.604863,492.0,1.0,119.1,154.8,0.06,COMPLETE
5038,0.825,2026-04-05 18:12:00.568219,2026-04-05 18:12:45.644341,0 days 00:00:45.076122,399.0,1.0,121.5,155.8,0.42,COMPLETE
5039,0.6875,2026-04-05 18:12:48.753629,2026-04-05 18:13:10.810403,0 days 00:00:22.056774,464.0,2.0,114.9,156.5,0.43,COMPLETE
5040,0.6875,2026-04-05 18:13:11.936254,2026-04-05 18:13:25.031204,0 days 00:00:13.094950,398.0,3.0,126.3,157.5,0.9,COMPLETE
