number,value,datetime_start,datetime_complete,duration,params_voltage,params_width,params_x,params_y,params_z,state
3474,0.6875,2026-04-05 12:45:52.829690,2026-04-05 12:45:59.667457,0 days 00:00:06.837767,427.0,1.0,118.2,153.7,0.8300000000000001,COMPLETE
3475,0.6875,2026-04-05 12:45:59.681746,2026-04-05 12:46:06.510270,0 days 00:00:06.828524,441.0,1.0,115.8,152.7,1.73,COMPLETE
3476,0.6875,2026-04-05 12:46:06.525257,2026-04-05 12:46:13.294890,0 days 00:00:06.769633,423.0,1.0,115.8,154.0,0.19,COMPLETE
3477,0.6875,2026-04-05 12:46:13.305533,2026-04-05 12:46:19.842431,0 days 00:00:06.536898,409.0,1.0,116.0,153.1,0.02,COMPLETE
3478,0.6875,2026-04-05 12:46:19.856489,2026-04-05 12:46:26.444967,0 days 00:00:06.588478,394.0,1.0,116.7,154.1,0.43,COMPLETE
3479,0.6875,2026-04-05 12:46:26.457102,2026-04-05 12:46:33.681432,0 days 00:00:07.224330,480.0,3.0,121.2,159.4,1.41,COMPLETE
3480,0.6875,2026-04-05 12:46:33.695372,2026-04-05 12:46:41.527910,0 days 00:00:07.832538,375.0,1.0,114.1,153.4,0.53,COMPLETE
3481,0.6875,2026-04-05 12:46:41.553852,2026-04-05 12:46:48.183300,0 days 00:00:06.629448,439.0,1.0,115.9,153.6,0.71,COMPLETE
3482,0.6875,2026-04-05 12:46:48.194789,2026-04-05 12:46:54.808556,0 days 00:00:06.613767,419.0,1.0,115.2,155.2,0.51,COMPLETE
3483,0.6875,2026-04-05 12:46:54.822613,2026-04-05 12:47:01.724341,0 days 00:00:06.901728,500.0,1.0,115.2,151.2,0.09,COMPLETE
3484,0.6875,2026-04-05 12:47:01.739041,2026-04-05 12:47:09.257659,0 days 00:00:07.518618,445.0,3.0,123.9,154.2,0.56,COMPLETE
3485,0.6875,2026-04-05 12:47:09.308110,2026-04-05 12:47:16.826406,0 days 00:00:07.518296,450.0,1.0,113.0,155.0,0.01,COMPLETE
3486,0.6875,2026-04-05 12:47:16.841146,2026-04-05 12:47:23.681453,0 days 00:00:06.840307,441.0,1.0,115.1,155.5,0.0,COMPLETE
3487,0.6875,2026-04-05 12:47:23.691247,2026-04-05 12:47:30.621808,0 days 00:00:06.930561,375.0,2.0,116.6,156.4,0.02,COMPLETE
3488,0.6875,2026-04-05 12:47:30.635558,2026-04-05 12:47:37.290408,0 days 00:00:06.654850,498.0,1.0,117.3,155.8,1.1,COMPLETE
3489,0.6875,2026-04-05 12:47:37.304489,2026-04-05 12:47:44.101783,0 days 00:00:06.797294,464.0,1.0,115.7,153.9,0.39,COMPLETE
3490,0.825,2026-04-05 12:47:44.116283,2026-04-05 12:48:18.400685,0 days 00:00:34.284402,419.0,1.0,119.3,157.0,0.53,COMPLETE
3491,0.6875,2026-04-05 12:48:18.414781,2026-04-05 12:48:25.212847,0 days 00:00:06.798066,451.0,2.0,118.4,155.6,1.74,COMPLETE
3492,0.671875,2026-04-05 12:48:25.227185,2026-04-05 12:48:32.290518,0 days 00:00:07.063333,358.0,1.0,117.4,153.9,0.09,COMPLETE
3493,0.6875,2026-04-05 12:48:32.302395,2026-04-05 12:48:39.036652,0 days 00:00:06.734257,395.0,1.0,115.0,154.9,0.04,COMPLETE
3494,0.825,2026-04-05 12:48:39.050831,2026-04-05 12:48:44.267815,0 days 00:00:05.216984,364.0,1.0,117.7,154.1,0.02,COMPLETE
3495,0.6875,2026-04-05 12:48:44.278929,2026-04-05 12:48:50.972498,0 days 00:00:06.693569,491.0,1.0,116.6,154.6,0.37,COMPLETE
3496,0.825,2026-04-05 12:48:50.987092,2026-04-05 12:49:47.426881,0 days 00:00:56.439789,460.0,3.0,124.8,153.5,0.31,COMPLETE
3497,0.825,2026-04-05 12:49:47.440918,2026-04-05 12:50:43.037825,0 days 00:00:55.596907,499.0,3.0,125.9,153.4,0.37,COMPLETE
3498,0.6875,2026-04-05 12:50:43.054611,2026-04-05 12:50:50.222440,0 days 00:00:07.167829,499.0,2.0,121.7,150.7,0.61,COMPLETE
3499,0.825,2026-04-05 12:50:50.236383,2026-04-05 12:50:56.156814,0 days 00:00:05.920431,478.0,1.0,115.2,157.3,0.01,COMPLETE
3500,0.6875,2026-04-05 12:50:56.171954,2026-04-05 12:51:03.194598,0 days 00:00:07.022644,323.0,2.0,116.1,155.2,0.41000000000000003,COMPLETE
3501,0.6875,2026-04-05 12:51:03.208783,2026-04-05 12:51:09.890741,0 days 00:00:06.681958,459.0,1.0,117.8,155.6,0.43,COMPLETE
3502,0.6875,2026-04-05 12:51:09.901490,2026-04-05 12:51:16.803983,0 days 00:00:06.902493,406.0,2.0,113.5,154.7,0.48,COMPLETE
3503,0.825,2026-04-05 12:51:16.817938,2026-04-05 12:51:51.120580,0 days 00:00:34.302642,372.0,1.0,117.7,155.7,0.03,COMPLETE
3504,0.6875,2026-04-05 12:51:51.134633,2026-04-05 12:51:58.101612,0 days 00:00:06.966979,424.0,1.0,114.6,156.6,0.32,COMPLETE
3505,0.6875,2026-04-05 12:51:58.115635,2026-04-05 12:52:04.848495,0 days 00:00:06.732860,335.0,1.0,114.2,156.5,0.3,COMPLETE
3506,0.6875,2026-04-05 12:52:04.862996,2026-04-05 12:52:12.830317,0 days 00:00:07.967321,317.0,2.0,126.6,153.6,0.9,COMPLETE
3507,0.6875,2026-04-05 12:52:12.844710,2026-04-05 12:52:20.332594,0 days 00:00:07.487884,382.0,1.0,117.7,155.6,0.29,COMPLETE
3508,0.6875,2026-04-05 12:52:20.347001,2026-04-05 12:52:27.149011,0 days 00:00:06.802010,497.0,3.0,118.0,157.6,2.0,COMPLETE
3509,0.6875,2026-04-05 12:52:27.160254,2026-04-05 12:52:34.289942,0 days 00:00:07.129688,467.0,1.0,113.0,154.4,0.28,COMPLETE
3510,0.6875,2026-04-05 12:52:34.303947,2026-04-05 12:52:41.238974,0 days 00:00:06.935027,340.0,1.0,114.8,153.0,0.5700000000000001,COMPLETE
3511,0.6875,2026-04-05 12:52:41.252749,2026-04-05 12:52:48.043085,0 days 00:00:06.790336,426.0,1.0,116.6,155.3,0.3,COMPLETE
3512,0.6875,2026-04-05 12:52:48.057352,2026-04-05 12:52:55.019302,0 days 00:00:06.961950,290.0,1.0,116.1,153.2,0.06,COMPLETE
3513,0.825,2026-04-05 12:52:55.033162,2026-04-05 12:53:29.443342,0 days 00:00:34.410180,491.0,3.0,122.3,155.9,0.4,COMPLETE
3514,0.6875,2026-04-05 12:53:29.458056,2026-04-05 12:53:36.988011,0 days 00:00:07.529955,427.0,1.0,114.9,153.9,0.0,COMPLETE
3515,0.6875,2026-04-05 12:53:37.002334,2026-04-05 12:53:43.765453,0 days 00:00:06.763119,372.0,1.0,115.9,155.9,0.33,COMPLETE
3516,0.6875,2026-04-05 12:53:43.776757,2026-04-05 12:53:50.524169,0 days 00:00:06.747412,460.0,1.0,117.6,158.0,0.33,COMPLETE
3517,0.825,2026-04-05 12:53:50.535103,2026-04-05 12:54:24.454190,0 days 00:00:33.919087,500.0,2.0,118.3,155.2,0.03,COMPLETE
3518,0.6875,2026-04-05 12:54:24.464683,2026-04-05 12:54:31.757135,0 days 00:00:07.292452,407.0,1.0,115.9,151.6,0.41000000000000003,COMPLETE
3519,0.6875,2026-04-05 12:54:31.771099,2026-04-05 12:54:39.624794,0 days 00:00:07.853695,271.0,2.0,124.1,156.4,0.75,COMPLETE
3520,0.6875,2026-04-05 12:54:39.639434,2026-04-05 12:54:47.059353,0 days 00:00:07.419919,338.0,1.0,116.1,157.0,0.27,COMPLETE
3521,0.6875,2026-04-05 12:54:47.073492,2026-04-05 12:54:53.835866,0 days 00:00:06.762374,455.0,1.0,117.2,155.0,0.15,COMPLETE
3522,0.6875,2026-04-05 12:54:53.850155,2026-04-05 12:55:00.714212,0 days 00:00:06.864057,355.0,2.0,115.6,154.9,0.56,COMPLETE
3523,0.6875,2026-04-05 12:55:00.728966,2026-04-05 12:55:08.257863,0 days 00:00:07.528897,238.0,3.0,122.8,152.5,0.02,COMPLETE
3524,0.825,2026-04-05 12:55:08.272084,2026-04-05 12:55:13.356553,0 days 00:00:05.084469,466.0,3.0,122.5,153.8,0.55,COMPLETE
3525,0.825,2026-04-05 12:55:13.370695,2026-04-05 12:55:47.936384,0 days 00:00:34.565689,387.0,1.0,118.0,157.3,0.0,COMPLETE
3526,0.6875,2026-04-05 12:55:47.950700,2026-04-05 12:55:54.786961,0 days 00:00:06.836261,385.0,1.0,115.8,154.9,0.02,COMPLETE
3527,0.6875,2026-04-05 12:55:54.801468,2026-04-05 12:56:02.375112,0 days 00:00:07.573644,436.0,2.0,124.8,151.1,0.36,COMPLETE
3528,0.6875,2026-04-05 12:56:02.390114,2026-04-05 12:56:10.108257,0 days 00:00:07.718143,437.0,2.0,115.5,156.2,0.37,COMPLETE
3529,0.6875,2026-04-05 12:56:10.122889,2026-04-05 12:56:17.099963,0 days 00:00:06.977074,452.0,2.0,120.2,155.9,0.97,COMPLETE
3530,0.6875,2026-04-05 12:56:17.114383,2026-04-05 12:56:24.173243,0 days 00:00:07.058860,477.0,1.0,115.3,152.8,0.04,COMPLETE
3531,0.825,2026-04-05 12:56:24.188493,2026-04-05 12:56:58.323983,0 days 00:00:34.135490,423.0,1.0,118.9,155.0,0.03,COMPLETE
3532,0.6875,2026-04-05 12:56:58.336139,2026-04-05 12:57:05.368601,0 days 00:00:07.032462,305.0,1.0,115.8,155.6,0.17,COMPLETE
3533,0.6875,2026-04-05 12:57:05.382239,2026-04-05 12:57:12.172902,0 days 00:00:06.790663,426.0,1.0,113.0,154.7,0.68,COMPLETE
3534,0.6875,2026-04-05 12:57:12.187096,2026-04-05 12:57:18.939933,0 days 00:00:06.752837,369.0,1.0,114.2,151.6,0.5700000000000001,COMPLETE
3535,0.6875,2026-04-05 12:57:18.954285,2026-04-05 12:57:25.971283,0 days 00:00:07.016998,387.0,1.0,115.2,156.6,0.02,COMPLETE
3536,0.6875,2026-04-05 12:57:25.985848,2026-04-05 12:57:32.913664,0 days 00:00:06.927816,498.0,1.0,117.4,152.4,0.9400000000000001,COMPLETE
3537,0.825,2026-04-05 12:57:32.925093,2026-04-05 12:58:07.179838,0 days 00:00:34.254745,444.0,2.0,122.2,156.1,0.43,COMPLETE
3538,0.6875,2026-04-05 12:58:07.193905,2026-04-05 12:58:14.053018,0 days 00:00:06.859113,391.0,3.0,124.5,156.0,1.21,COMPLETE
3539,0.6875,2026-04-05 12:58:14.067434,2026-04-05 12:58:21.277047,0 days 00:00:07.209613,354.0,1.0,118.1,153.1,0.39,COMPLETE
3540,0.6875,2026-04-05 12:58:21.288410,2026-04-05 12:58:27.853865,0 days 00:00:06.565455,395.0,1.0,118.5,154.0,0.32,COMPLETE
3541,0.015625,2026-04-05 12:58:27.867908,2026-04-05 12:58:34.576044,0 days 00:00:06.708136,420.0,1.0,116.2,154.7,0.24,COMPLETE
3542,0.6875,2026-04-05 12:58:34.587566,2026-04-05 12:58:41.209130,0 days 00:00:06.621564,383.0,1.0,114.6,153.8,0.33,COMPLETE
3543,0.825,2026-04-05 12:58:41.258109,2026-04-05 12:58:46.295548,0 days 00:00:05.037439,398.0,1.0,116.2,154.3,0.4,COMPLETE
3544,0.6875,2026-04-05 12:58:46.309812,2026-04-05 12:58:54.120566,0 days 00:00:07.810754,324.0,3.0,125.1,156.1,0.68,COMPLETE
3545,0.6875,2026-04-05 12:58:54.134623,2026-04-05 12:59:01.718142,0 days 00:00:07.583519,405.0,1.0,115.4,154.1,0.5,COMPLETE
3546,0.6875,2026-04-05 12:59:01.732682,2026-04-05 12:59:08.398253,0 days 00:00:06.665571,392.0,1.0,114.5,155.9,0.29,COMPLETE
3547,0.6875,2026-04-05 12:59:08.411701,2026-04-05 12:59:15.932364,0 days 00:00:07.520663,173.0,1.0,118.2,152.9,1.98,COMPLETE
3548,0.6875,2026-04-05 12:59:15.947195,2026-04-05 12:59:22.801068,0 days 00:00:06.853873,444.0,1.0,115.9,153.6,0.34,COMPLETE
3549,0.825,2026-04-05 12:59:22.815284,2026-04-05 12:59:56.749730,0 days 00:00:33.934446,434.0,1.0,118.0,154.7,0.41000000000000003,COMPLETE
3550,0.6875,2026-04-05 12:59:56.764249,2026-04-05 13:00:03.655237,0 days 00:00:06.890988,419.0,1.0,115.9,151.7,0.35000000000000003,COMPLETE
3551,0.6875,2026-04-05 13:00:03.669231,2026-04-05 13:00:10.765359,0 days 00:00:07.096128,409.0,1.0,115.5,157.7,0.44,COMPLETE
3552,0.825,2026-04-05 13:00:10.780175,2026-04-05 13:00:44.870034,0 days 00:00:34.089859,425.0,1.0,118.6,156.0,0.61,COMPLETE
3553,0.6875,2026-04-05 13:00:44.943447,2026-04-05 13:00:51.849409,0 days 00:00:06.905962,421.0,1.0,117.4,153.2,0.28,COMPLETE
3554,0.825,2026-04-05 13:00:51.863476,2026-04-05 13:01:25.850492,0 days 00:00:33.987016,443.0,2.0,118.4,156.8,0.23,COMPLETE
3555,0.6875,2026-04-05 13:01:25.865614,2026-04-05 13:01:33.497371,0 days 00:00:07.631757,462.0,2.0,114.9,148.1,1.06,COMPLETE
3556,0.6875,2026-04-05 13:01:33.512010,2026-04-05 13:01:40.746800,0 days 00:00:07.234790,411.0,1.0,117.5,154.5,0.19,COMPLETE
3557,0.6875,2026-04-05 13:01:40.761782,2026-04-05 13:01:48.345345,0 days 00:00:07.583563,424.0,3.0,125.9,159.2,1.94,COMPLETE
3558,0.6875,2026-04-05 13:01:48.359680,2026-04-05 13:01:56.225760,0 days 00:00:07.866080,380.0,1.0,115.3,153.9,0.4,COMPLETE
3559,0.6875,2026-04-05 13:01:56.240756,2026-04-05 13:02:02.883143,0 days 00:00:06.642387,430.0,1.0,115.4,155.6,0.24,COMPLETE
3560,0.6875,2026-04-05 13:02:02.892670,2026-04-05 13:02:09.451944,0 days 00:00:06.559274,402.0,1.0,116.6,155.0,0.36,COMPLETE
3561,0.6875,2026-04-05 13:02:09.466426,2026-04-05 13:02:16.046642,0 days 00:00:06.580216,484.0,1.0,116.6,156.1,0.36,COMPLETE
3562,0.6875,2026-04-05 13:02:16.061336,2026-04-05 13:02:22.780280,0 days 00:00:06.718944,483.0,1.0,115.4,154.0,0.5700000000000001,COMPLETE
3563,0.6875,2026-04-05 13:02:22.793679,2026-04-05 13:02:29.320285,0 days 00:00:06.526606,453.0,1.0,116.4,153.6,0.44,COMPLETE
3564,0.6875,2026-04-05 13:02:29.334348,2026-04-05 13:02:37.267135,0 days 00:00:07.932787,276.0,2.0,124.7,159.1,0.68,COMPLETE
3565,0.825,2026-04-05 13:02:37.281830,2026-04-05 13:03:11.819394,0 days 00:00:34.537564,414.0,1.0,117.2,156.2,0.23,COMPLETE
3566,0.6875,2026-04-05 13:03:11.833596,2026-04-05 13:03:18.366632,0 days 00:00:06.533036,392.0,2.0,117.4,156.0,0.49,COMPLETE
3567,0.6875,2026-04-05 13:03:18.381241,2026-04-05 13:03:25.119076,0 days 00:00:06.737835,351.0,1.0,117.4,158.4,0.17,COMPLETE
3568,0.6875,2026-04-05 13:03:25.133786,2026-04-05 13:03:32.425488,0 days 00:00:07.291702,399.0,1.0,114.5,151.8,0.31,COMPLETE
3569,0.6875,2026-04-05 13:03:32.438240,2026-04-05 13:03:39.399661,0 days 00:00:06.961421,397.0,2.0,113.5,156.7,0.11,COMPLETE
3570,0.6875,2026-04-05 13:03:39.449856,2026-04-05 13:03:46.291422,0 days 00:00:06.841566,425.0,1.0,116.7,154.3,0.19,COMPLETE
3571,0.825,2026-04-05 13:03:46.305789,2026-04-05 13:04:20.171020,0 days 00:00:33.865231,446.0,1.0,117.6,152.3,0.3,COMPLETE
3572,0.6875,2026-04-05 13:04:20.185704,2026-04-05 13:04:27.085515,0 days 00:00:06.899811,442.0,1.0,115.6,155.2,0.58,COMPLETE
3573,0.825,2026-04-05 13:04:27.099788,2026-04-05 13:05:01.414952,0 days 00:00:34.315164,441.0,1.0,120.1,156.7,0.0,COMPLETE
3574,0.6875,2026-04-05 13:05:01.429715,2026-04-05 13:05:08.682736,0 days 00:00:07.253021,416.0,3.0,123.5,152.4,0.42,COMPLETE
3575,0.6875,2026-04-05 13:05:08.697075,2026-04-05 13:05:16.011563,0 days 00:00:07.314488,343.0,2.0,126.9,156.9,1.83,COMPLETE
3576,0.6875,2026-04-05 13:05:16.057608,2026-04-05 13:05:23.455567,0 days 00:00:07.397959,445.0,1.0,117.1,156.4,0.32,COMPLETE
3577,0.6875,2026-04-05 13:05:23.469557,2026-04-05 13:05:31.055078,0 days 00:00:07.585521,190.0,1.0,124.3,155.6,0.37,COMPLETE
3578,0.6875,2026-04-05 13:05:31.070140,2026-04-05 13:05:38.200164,0 days 00:00:07.130024,366.0,1.0,116.9,154.3,0.2,COMPLETE
3579,0.6875,2026-04-05 13:05:38.211036,2026-04-05 13:05:45.851723,0 days 00:00:07.640687,165.0,2.0,124.7,154.7,0.5,COMPLETE
3580,0.825,2026-04-05 13:05:45.900026,2026-04-05 13:05:53.548048,0 days 00:00:07.648022,408.0,1.0,117.3,154.5,0.03,COMPLETE
3581,0.0,2026-04-05 13:05:53.562201,2026-04-05 13:06:00.645200,0 days 00:00:07.082999,452.0,2.0,123.6,154.9,0.42,COMPLETE
3582,0.6875,2026-04-05 13:06:00.659338,2026-04-05 13:06:07.656172,0 days 00:00:06.996834,498.0,1.0,117.0,154.5,0.4,COMPLETE
3583,0.671875,2026-04-05 13:06:07.670150,2026-04-05 13:06:15.083376,0 days 00:00:07.413226,412.0,2.0,124.9,156.2,0.4,COMPLETE
3584,0.6875,2026-04-05 13:06:15.133035,2026-04-05 13:06:22.508865,0 days 00:00:07.375830,419.0,1.0,115.8,153.4,0.02,COMPLETE
3585,0.6875,2026-04-05 13:06:22.523890,2026-04-05 13:06:28.960952,0 days 00:00:06.437062,409.0,1.0,116.5,152.9,0.68,COMPLETE
3586,0.6875,2026-04-05 13:06:28.974801,2026-04-05 13:06:35.591042,0 days 00:00:06.616241,390.0,1.0,114.9,154.7,0.01,COMPLETE
3587,0.6875,2026-04-05 13:06:35.601269,2026-04-05 13:06:43.115149,0 days 00:00:07.513880,468.0,2.0,125.3,156.6,0.28,COMPLETE
3588,0.6875,2026-04-05 13:06:43.129684,2026-04-05 13:06:50.573343,0 days 00:00:07.443659,446.0,1.0,115.1,156.0,0.27,COMPLETE
3589,0.825,2026-04-05 13:06:50.587834,2026-04-05 13:07:25.531476,0 days 00:00:34.943642,495.0,1.0,124.3,156.1,0.06,COMPLETE
3590,0.825,2026-04-05 13:07:25.545619,2026-04-05 13:07:59.589402,0 days 00:00:34.043783,467.0,2.0,122.7,155.3,0.4,COMPLETE
3591,0.671875,2026-04-05 13:07:59.604251,2026-04-05 13:08:07.098378,0 days 00:00:07.494127,378.0,1.0,117.3,152.6,0.01,COMPLETE
3592,0.825,2026-04-05 13:08:07.112880,2026-04-05 13:08:41.869195,0 days 00:00:34.756315,441.0,2.0,125.4,153.0,0.64,COMPLETE
3593,0.825,2026-04-05 13:08:41.883167,2026-04-05 13:09:16.631282,0 days 00:00:34.748115,426.0,1.0,117.2,156.9,0.1,COMPLETE
3594,0.0,2026-04-05 13:09:16.646206,2026-04-05 13:09:23.715718,0 days 00:00:07.069512,351.0,1.0,116.6,154.8,0.0,COMPLETE
3595,0.6875,2026-04-05 13:09:23.730197,2026-04-05 13:09:30.463222,0 days 00:00:06.733025,350.0,1.0,117.1,152.5,0.28,COMPLETE
3596,0.6875,2026-04-05 13:09:30.477240,2026-04-05 13:09:37.212171,0 days 00:00:06.734931,338.0,2.0,117.2,155.0,0.21,COMPLETE
3597,0.6875,2026-04-05 13:09:37.226780,2026-04-05 13:09:44.162473,0 days 00:00:06.935693,341.0,1.0,114.1,151.8,0.3,COMPLETE
3598,0.6875,2026-04-05 13:09:44.177094,2026-04-05 13:09:51.092416,0 days 00:00:06.915322,305.0,1.0,117.6,154.1,0.3,COMPLETE
3599,0.6875,2026-04-05 13:09:51.103386,2026-04-05 13:09:57.661514,0 days 00:00:06.558128,316.0,1.0,116.3,154.2,0.15,COMPLETE
3600,0.6875,2026-04-05 13:09:57.672451,2026-04-05 13:10:04.137208,0 days 00:00:06.464757,380.0,1.0,115.8,154.0,0.5,COMPLETE
3601,0.825,2026-04-05 13:10:04.148974,2026-04-05 13:10:38.038880,0 days 00:00:33.889906,354.0,1.0,117.0,154.0,0.01,COMPLETE
3602,0.6875,2026-04-05 13:10:38.053712,2026-04-05 13:10:44.967967,0 days 00:00:06.914255,318.0,1.0,114.9,155.1,0.01,COMPLETE
3603,0.825,2026-04-05 13:10:44.982403,2026-04-05 13:11:18.992720,0 days 00:00:34.010317,347.0,2.0,116.5,154.6,0.05,COMPLETE
3604,0.6875,2026-04-05 13:11:19.007241,2026-04-05 13:11:25.784312,0 days 00:00:06.777071,375.0,1.0,115.1,154.1,0.22,COMPLETE
3605,0.6875,2026-04-05 13:11:25.795440,2026-04-05 13:11:32.825239,0 days 00:00:07.029799,310.0,1.0,117.7,154.9,0.21,COMPLETE
3606,0.6875,2026-04-05 13:11:32.840422,2026-04-05 13:11:39.630400,0 days 00:00:06.789978,310.0,1.0,115.5,153.1,0.01,COMPLETE
3607,0.6875,2026-04-05 13:11:39.644843,2026-04-05 13:11:46.364843,0 days 00:00:06.720000,374.0,1.0,117.2,154.7,0.21,COMPLETE
3608,0.6875,2026-04-05 13:11:46.380314,2026-04-05 13:11:53.083893,0 days 00:00:06.703579,334.0,1.0,116.8,156.9,0.58,COMPLETE
3609,0.015625,2026-04-05 13:11:53.098729,2026-04-05 13:11:59.716453,0 days 00:00:06.617724,394.0,1.0,116.8,155.5,0.07,COMPLETE
3610,0.6875,2026-04-05 13:11:59.730939,2026-04-05 13:12:06.611235,0 days 00:00:06.880296,313.0,1.0,115.3,154.6,0.2,COMPLETE
3611,0.6875,2026-04-05 13:12:06.624908,2026-04-05 13:12:13.216172,0 days 00:00:06.591264,357.0,1.0,115.6,155.8,0.21,COMPLETE
3612,0.6875,2026-04-05 13:12:13.227247,2026-04-05 13:12:20.000395,0 days 00:00:06.773148,420.0,2.0,116.1,159.3,0.07,COMPLETE
3613,0.6875,2026-04-05 13:12:20.013769,2026-04-05 13:12:26.754158,0 days 00:00:06.740389,411.0,1.0,116.3,155.9,0.08,COMPLETE
3614,0.6875,2026-04-05 13:12:26.764707,2026-04-05 13:12:33.458484,0 days 00:00:06.693777,399.0,1.0,114.7,156.9,0.25,COMPLETE
3615,0.6875,2026-04-05 13:12:33.473241,2026-04-05 13:12:40.247876,0 days 00:00:06.774635,369.0,1.0,117.0,155.4,0.24,COMPLETE
3616,0.6875,2026-04-05 13:12:40.262415,2026-04-05 13:12:47.092114,0 days 00:00:06.829699,363.0,1.0,114.7,157.3,0.26,COMPLETE
3617,0.6875,2026-04-05 13:12:47.106318,2026-04-05 13:12:53.763894,0 days 00:00:06.657576,328.0,1.0,115.8,155.8,0.32,COMPLETE
3618,0.825,2026-04-05 13:12:53.778283,2026-04-05 13:13:27.761195,0 days 00:00:33.982912,410.0,1.0,118.9,155.9,0.49,COMPLETE
3619,0.6875,2026-04-05 13:13:27.775406,2026-04-05 13:13:34.560489,0 days 00:00:06.785083,378.0,1.0,117.4,156.9,0.42,COMPLETE
3620,0.6875,2026-04-05 13:13:34.572932,2026-04-05 13:13:41.188581,0 days 00:00:06.615649,428.0,1.0,115.9,157.7,0.03,COMPLETE
3621,0.6875,2026-04-05 13:13:41.202743,2026-04-05 13:13:48.191135,0 days 00:00:06.988392,275.0,1.0,113.1,155.6,0.27,COMPLETE
3622,0.6875,2026-04-05 13:13:48.241650,2026-04-05 13:13:55.151810,0 days 00:00:06.910160,372.0,1.0,117.6,155.5,0.12,COMPLETE
3623,0.6875,2026-04-05 13:13:55.165782,2026-04-05 13:14:02.223689,0 days 00:00:07.057907,172.0,1.0,117.6,156.4,0.37,COMPLETE
3624,0.6875,2026-04-05 13:14:02.238110,2026-04-05 13:14:09.033607,0 days 00:00:06.795497,283.0,1.0,114.2,156.7,0.05,COMPLETE
3625,0.6875,2026-04-05 13:14:09.045095,2026-04-05 13:14:15.812873,0 days 00:00:06.767778,384.0,1.0,116.5,158.1,0.01,COMPLETE
3626,0.825,2026-04-05 13:14:15.827256,2026-04-05 13:14:49.941320,0 days 00:00:34.114064,426.0,1.0,118.5,156.0,0.24,COMPLETE
3627,0.0,2026-04-05 13:14:49.955928,2026-04-05 13:14:56.701078,0 days 00:00:06.745150,395.0,1.0,116.5,156.5,0.0,COMPLETE
3628,0.6875,2026-04-05 13:14:56.715406,2026-04-05 13:15:03.495494,0 days 00:00:06.780088,312.0,1.0,117.0,157.2,0.24,COMPLETE
3629,0.6875,2026-04-05 13:15:03.509791,2026-04-05 13:15:10.196334,0 days 00:00:06.686543,426.0,1.0,115.0,156.4,0.28,COMPLETE
3630,0.6875,2026-04-05 13:15:10.210774,2026-04-05 13:15:16.851056,0 days 00:00:06.640282,399.0,1.0,116.8,156.2,0.31,COMPLETE
3631,0.825,2026-04-05 13:15:16.862284,2026-04-05 13:15:51.122876,0 days 00:00:34.260592,340.0,2.0,117.9,155.5,0.01,COMPLETE
3632,0.6875,2026-04-05 13:15:51.133093,2026-04-05 13:15:58.120889,0 days 00:00:06.987796,401.0,1.0,116.8,158.1,0.41000000000000003,COMPLETE
3633,0.6875,2026-04-05 13:15:58.135612,2026-04-05 13:16:04.694822,0 days 00:00:06.559210,417.0,1.0,117.4,159.0,0.1,COMPLETE
3634,0.6875,2026-04-05 13:16:04.708534,2026-04-05 13:16:11.709414,0 days 00:00:07.000880,407.0,1.0,114.4,155.1,0.08,COMPLETE
3635,0.6875,2026-04-05 13:16:11.724065,2026-04-05 13:16:18.459958,0 days 00:00:06.735893,358.0,1.0,116.4,156.0,0.01,COMPLETE
3636,0.6875,2026-04-05 13:16:18.474210,2026-04-05 13:16:25.154880,0 days 00:00:06.680670,387.0,1.0,115.1,154.2,0.03,COMPLETE
3637,0.6875,2026-04-05 13:16:25.165411,2026-04-05 13:16:32.155744,0 days 00:00:06.990333,320.0,1.0,115.9,157.4,0.12,COMPLETE
3638,0.825,2026-04-05 13:16:32.167411,2026-04-05 13:17:06.392388,0 days 00:00:34.224977,379.0,1.0,118.1,154.6,0.1,COMPLETE
3639,0.825,2026-04-05 13:17:06.407136,2026-04-05 13:17:40.432684,0 days 00:00:34.025548,401.0,2.0,118.9,157.0,0.33,COMPLETE
3640,0.6875,2026-04-05 13:17:40.447044,2026-04-05 13:17:47.349682,0 days 00:00:06.902638,396.0,1.0,115.4,156.3,0.31,COMPLETE
3641,0.6875,2026-04-05 13:17:47.363893,2026-04-05 13:17:54.074543,0 days 00:00:06.710650,358.0,1.0,117.5,155.3,0.14,COMPLETE
3642,0.6875,2026-04-05 13:17:54.089056,2026-04-05 13:18:00.810709,0 days 00:00:06.721653,380.0,1.0,115.3,156.1,0.02,COMPLETE
3643,0.6875,2026-04-05 13:18:00.824792,2026-04-05 13:18:07.619606,0 days 00:00:06.794814,385.0,1.0,115.6,158.8,0.07,COMPLETE
3644,0.6875,2026-04-05 13:18:07.634349,2026-04-05 13:18:14.348595,0 days 00:00:06.714246,384.0,1.0,116.5,157.0,0.17,COMPLETE
3645,0.6875,2026-04-05 13:18:14.363048,2026-04-05 13:18:20.910952,0 days 00:00:06.547904,390.0,2.0,115.7,156.7,0.77,COMPLETE
3646,0.6875,2026-04-05 13:18:20.964923,2026-04-05 13:18:27.552129,0 days 00:00:06.587206,356.0,1.0,115.6,157.9,0.18,COMPLETE
3647,0.825,2026-04-05 13:18:27.566098,2026-04-05 13:19:01.592390,0 days 00:00:34.026292,430.0,2.0,117.4,157.0,0.24,COMPLETE
