number,value,datetime_start,datetime_complete,duration,params_voltage,params_width,params_x,params_y,params_z,state
9225,0.6875,2026-04-08 18:19:09.678420,2026-04-08 18:19:17.338549,0 days 00:00:07.660129,415.0,2.0,118.1,148.2,0.77,COMPLETE
9226,0.671875,2026-04-08 18:19:17.356368,2026-04-08 18:19:25.250838,0 days 00:00:07.894470,276.0,2.0,124.4,155.9,0.27,COMPLETE
9227,0.671875,2026-04-08 18:19:25.266380,2026-04-08 18:19:32.677526,0 days 00:00:07.411146,392.0,1.0,116.7,153.5,0.35000000000000003,COMPLETE
9228,0.825,2026-04-08 18:19:32.695243,2026-04-08 18:20:07.395358,0 days 00:00:34.700115,310.0,2.0,121.9,154.9,0.03,COMPLETE
9229,0.6875,2026-04-08 18:20:07.413430,2026-04-08 18:20:14.452910,0 days 00:00:07.039480,499.0,1.0,117.3,154.2,0.03,COMPLETE
9230,0.6875,2026-04-08 18:20:14.469943,2026-04-08 18:20:21.179826,0 days 00:00:06.709883,492.0,2.0,115.7,153.0,0.0,COMPLETE
9231,0.6875,2026-04-08 18:20:21.196278,2026-04-08 18:20:27.958128,0 days 00:00:06.761850,388.0,1.0,115.6,152.1,0.0,COMPLETE
9232,0.825,2026-04-08 18:20:27.975661,2026-04-08 18:20:35.096988,0 days 00:00:07.121327,470.0,2.0,117.1,153.6,0.01,COMPLETE
9233,0.6875,2026-04-08 18:20:35.112131,2026-04-08 18:20:42.229697,0 days 00:00:07.117566,346.0,1.0,117.2,155.1,0.48,COMPLETE
9234,0.6875,2026-04-08 18:20:42.247179,2026-04-08 18:20:48.858782,0 days 00:00:06.611603,399.0,1.0,117.1,153.7,0.26,COMPLETE
9235,0.6875,2026-04-08 18:20:48.873831,2026-04-08 18:20:55.652788,0 days 00:00:06.778957,380.0,1.0,117.0,151.0,0.26,COMPLETE
9236,0.6875,2026-04-08 18:20:55.670265,2026-04-08 18:21:02.620669,0 days 00:00:06.950404,445.0,1.0,118.1,155.4,0.85,COMPLETE
9237,0.6875,2026-04-08 18:21:02.639862,2026-04-08 18:21:09.419588,0 days 00:00:06.779726,454.0,1.0,115.5,157.6,0.22,COMPLETE
9238,0.825,2026-04-08 18:21:09.437942,2026-04-08 18:21:43.868299,0 days 00:00:34.430357,387.0,1.0,122.1,155.5,0.26,COMPLETE
9239,0.6875,2026-04-08 18:21:43.886538,2026-04-08 18:21:51.194244,0 days 00:00:07.307706,424.0,1.0,116.3,153.5,0.0,COMPLETE
9240,0.6875,2026-04-08 18:21:51.210146,2026-04-08 18:21:57.830436,0 days 00:00:06.620290,473.0,1.0,116.5,155.2,0.0,COMPLETE
9241,0.825,2026-04-08 18:21:57.848807,2026-04-08 18:22:33.024379,0 days 00:00:35.175572,435.0,2.0,123.1,153.7,0.23,COMPLETE
9242,0.6875,2026-04-08 18:22:33.039854,2026-04-08 18:22:40.483537,0 days 00:00:07.443683,360.0,2.0,115.9,153.4,0.05,COMPLETE
9243,0.6875,2026-04-08 18:22:40.500922,2026-04-08 18:22:47.245736,0 days 00:00:06.744814,411.0,1.0,119.8,153.6,0.49,COMPLETE
9244,0.6875,2026-04-08 18:22:47.262073,2026-04-08 18:22:54.117709,0 days 00:00:06.855636,496.0,1.0,123.5,150.6,1.09,COMPLETE
9245,0.6875,2026-04-08 18:22:54.135655,2026-04-08 18:23:02.037444,0 days 00:00:07.901789,231.0,1.0,114.1,153.6,1.22,COMPLETE
9246,0.6875,2026-04-08 18:23:02.052541,2026-04-08 18:23:08.858384,0 days 00:00:06.805843,291.0,2.0,117.2,157.1,0.29,COMPLETE
9247,0.6875,2026-04-08 18:23:08.876090,2026-04-08 18:23:15.408077,0 days 00:00:06.531987,500.0,1.0,115.9,156.1,0.53,COMPLETE
9248,0.6875,2026-04-08 18:23:15.425271,2026-04-08 18:23:22.130769,0 days 00:00:06.705498,412.0,1.0,115.3,157.0,0.03,COMPLETE
9249,0.6875,2026-04-08 18:23:22.147894,2026-04-08 18:23:29.144257,0 days 00:00:06.996363,341.0,1.0,115.9,152.7,0.25,COMPLETE
9250,0.6875,2026-04-08 18:23:29.163380,2026-04-08 18:23:36.325158,0 days 00:00:07.161778,332.0,2.0,123.0,155.2,0.49,COMPLETE
9251,0.6875,2026-04-08 18:23:36.347967,2026-04-08 18:23:43.708465,0 days 00:00:07.360498,454.0,1.0,114.4,151.7,0.26,COMPLETE
9252,0.6875,2026-04-08 18:23:43.726436,2026-04-08 18:23:50.531708,0 days 00:00:06.805272,387.0,1.0,116.4,155.8,0.29,COMPLETE
9253,0.6875,2026-04-08 18:23:50.547963,2026-04-08 18:23:57.474696,0 days 00:00:06.926733,441.0,1.0,121.9,154.4,0.37,COMPLETE
9254,0.6875,2026-04-08 18:23:57.492970,2026-04-08 18:24:04.438920,0 days 00:00:06.945950,422.0,1.0,116.2,153.5,0.25,COMPLETE
9255,0.6875,2026-04-08 18:24:04.454500,2026-04-08 18:24:11.707947,0 days 00:00:07.253447,498.0,2.0,124.2,155.8,0.67,COMPLETE
9256,0.6875,2026-04-08 18:24:11.725723,2026-04-08 18:24:19.342708,0 days 00:00:07.616985,369.0,1.0,114.8,155.7,0.24,COMPLETE
9257,0.671875,2026-04-08 18:24:19.358185,2026-04-08 18:24:26.696278,0 days 00:00:07.338093,500.0,2.0,123.4,154.2,0.47000000000000003,COMPLETE
9258,0.6875,2026-04-08 18:24:26.714630,2026-04-08 18:24:33.968569,0 days 00:00:07.253939,499.0,1.0,115.1,154.7,0.03,COMPLETE
9259,0.6875,2026-04-08 18:24:33.983767,2026-04-08 18:24:40.833397,0 days 00:00:06.849630,412.0,1.0,113.8,152.8,0.0,COMPLETE
9260,0.6875,2026-04-08 18:24:40.851451,2026-04-08 18:24:47.622474,0 days 00:00:06.771023,417.0,1.0,117.8,150.7,0.18,COMPLETE
9261,0.6875,2026-04-08 18:24:47.640401,2026-04-08 18:24:54.529371,0 days 00:00:06.888970,413.0,2.0,117.1,156.1,0.01,COMPLETE
9262,0.6875,2026-04-08 18:24:54.547486,2026-04-08 18:25:01.501709,0 days 00:00:06.954223,320.0,1.0,113.1,156.3,0.25,COMPLETE
9263,0.6875,2026-04-08 18:25:01.519156,2026-04-08 18:25:09.938131,0 days 00:00:08.418975,198.0,1.0,127.0,148.3,0.08,COMPLETE
9264,0.825,2026-04-08 18:25:09.956636,2026-04-08 18:25:45.042222,0 days 00:00:35.085586,349.0,1.0,117.6,156.4,0.0,COMPLETE
9265,0.825,2026-04-08 18:25:45.060189,2026-04-08 18:26:19.346223,0 days 00:00:34.286034,491.0,3.0,121.6,156.1,0.27,COMPLETE
9266,0.6875,2026-04-08 18:26:19.362409,2026-04-08 18:26:27.014041,0 days 00:00:07.651632,383.0,1.0,114.2,155.4,0.01,COMPLETE
9267,0.6875,2026-04-08 18:26:27.031588,2026-04-08 18:26:33.581542,0 days 00:00:06.549954,408.0,1.0,115.2,155.0,0.47000000000000003,COMPLETE
9268,0.6875,2026-04-08 18:26:33.597723,2026-04-08 18:26:40.390740,0 days 00:00:06.793017,419.0,1.0,116.9,152.0,0.23,COMPLETE
9269,0.825,2026-04-08 18:26:40.404913,2026-04-08 18:27:14.636987,0 days 00:00:34.232074,432.0,2.0,117.9,156.1,0.53,COMPLETE
9270,0.6875,2026-04-08 18:27:14.655611,2026-04-08 18:27:21.759192,0 days 00:00:07.103581,355.0,1.0,115.7,154.9,0.27,COMPLETE
9271,0.6875,2026-04-08 18:27:21.778012,2026-04-08 18:27:28.512428,0 days 00:00:06.734416,460.0,1.0,114.3,156.7,0.01,COMPLETE
9272,0.825,2026-04-08 18:27:28.527917,2026-04-08 18:28:03.309776,0 days 00:00:34.781859,449.0,1.0,122.5,153.8,0.13,COMPLETE
9273,0.825,2026-04-08 18:28:03.328018,2026-04-08 18:28:37.586284,0 days 00:00:34.258266,496.0,2.0,117.7,156.1,0.01,COMPLETE
9274,0.825,2026-04-08 18:28:37.604466,2026-04-08 18:29:11.877704,0 days 00:00:34.273238,444.0,2.0,122.3,152.9,0.0,COMPLETE
9275,0.6875,2026-04-08 18:29:11.892086,2026-04-08 18:29:19.209156,0 days 00:00:07.317070,392.0,2.0,115.2,153.1,0.02,COMPLETE
9276,0.825,2026-04-08 18:29:19.227503,2026-04-08 18:29:53.376783,0 days 00:00:34.149280,454.0,2.0,119.0,154.7,0.2,COMPLETE
9277,0.6875,2026-04-08 18:29:53.395091,2026-04-08 18:30:00.684016,0 days 00:00:07.288925,381.0,1.0,117.0,158.8,0.77,COMPLETE
9278,0.6875,2026-04-08 18:30:00.701509,2026-04-08 18:30:07.781739,0 days 00:00:07.080230,391.0,1.0,115.6,153.4,0.0,COMPLETE
9279,0.6875,2026-04-08 18:30:07.796793,2026-04-08 18:30:14.970939,0 days 00:00:07.174146,310.0,2.0,119.4,151.9,1.99,COMPLETE
9280,0.825,2026-04-08 18:30:14.985621,2026-04-08 18:30:49.202454,0 days 00:00:34.216833,352.0,1.0,118.8,154.8,0.0,COMPLETE
9281,0.6875,2026-04-08 18:30:49.219937,2026-04-08 18:30:56.070154,0 days 00:00:06.850217,393.0,2.0,120.3,155.1,0.5,COMPLETE
9282,0.825,2026-04-08 18:30:56.088376,2026-04-08 18:31:31.145208,0 days 00:00:35.056832,389.0,2.0,116.0,154.4,0.0,COMPLETE
9283,0.825,2026-04-08 18:31:31.163793,2026-04-08 18:32:05.202892,0 days 00:00:34.039099,375.0,1.0,118.6,157.2,0.28,COMPLETE
9284,0.6875,2026-04-08 18:32:05.219225,2026-04-08 18:32:12.053439,0 days 00:00:06.834214,331.0,1.0,117.5,154.1,0.22,COMPLETE
9285,0.6875,2026-04-08 18:32:12.071181,2026-04-08 18:32:19.076484,0 days 00:00:07.005303,328.0,1.0,122.9,154.1,0.34,COMPLETE
9286,0.6875,2026-04-08 18:32:19.091709,2026-04-08 18:32:25.895564,0 days 00:00:06.803855,459.0,2.0,122.1,154.7,1.8900000000000001,COMPLETE
9287,0.6875,2026-04-08 18:32:25.913178,2026-04-08 18:32:33.124258,0 days 00:00:07.211080,429.0,2.0,115.6,155.3,0.34,COMPLETE
9288,0.825,2026-04-08 18:32:33.141902,2026-04-08 18:33:08.135944,0 days 00:00:34.994042,347.0,1.0,117.8,156.2,0.25,COMPLETE
9289,0.6875,2026-04-08 18:33:08.149689,2026-04-08 18:33:15.338728,0 days 00:00:07.189039,278.0,2.0,123.0,155.1,0.29,COMPLETE
9290,0.6875,2026-04-08 18:33:15.351886,2026-04-08 18:33:22.435153,0 days 00:00:07.083267,342.0,2.0,116.4,153.0,0.01,COMPLETE
9291,0.6875,2026-04-08 18:33:22.453055,2026-04-08 18:33:29.035729,0 days 00:00:06.582674,461.0,1.0,115.3,154.7,0.26,COMPLETE
9292,0.6875,2026-04-08 18:33:29.049773,2026-04-08 18:33:35.546755,0 days 00:00:06.496982,407.0,1.0,116.0,155.6,0.49,COMPLETE
9293,0.825,2026-04-08 18:33:35.564861,2026-04-08 18:33:50.254928,0 days 00:00:14.690067,398.0,2.0,116.0,155.3,0.0,COMPLETE
9294,0.825,2026-04-08 18:33:50.270611,2026-04-08 18:34:24.728156,0 days 00:00:34.457545,310.0,1.0,119.4,157.4,0.21,COMPLETE
9295,0.6875,2026-04-08 18:34:24.746567,2026-04-08 18:34:31.678734,0 days 00:00:06.932167,393.0,1.0,116.9,156.0,0.0,COMPLETE
9296,0.6875,2026-04-08 18:34:31.694079,2026-04-08 18:34:38.943223,0 days 00:00:07.249144,402.0,1.0,123.6,154.0,0.39,COMPLETE
9297,0.825,2026-04-08 18:34:38.961405,2026-04-08 18:35:13.374980,0 days 00:00:34.413575,443.0,2.0,119.5,157.5,0.36,COMPLETE
9298,0.6875,2026-04-08 18:35:13.389432,2026-04-08 18:35:20.848544,0 days 00:00:07.459112,464.0,1.0,113.2,153.1,0.0,COMPLETE
9299,0.825,2026-04-08 18:35:20.866608,2026-04-08 18:35:55.350342,0 days 00:00:34.483734,370.0,1.0,118.4,154.2,0.21,COMPLETE
9300,0.825,2026-04-08 18:35:55.368045,2026-04-08 18:36:29.910510,0 days 00:00:34.542465,298.0,2.0,124.3,155.5,0.01,COMPLETE
9301,0.6875,2026-04-08 18:36:29.928709,2026-04-08 18:36:37.355862,0 days 00:00:07.427153,454.0,1.0,117.1,152.8,0.59,COMPLETE
9302,0.825,2026-04-08 18:36:37.372835,2026-04-08 18:37:12.400053,0 days 00:00:35.027218,302.0,2.0,125.1,153.2,0.33,COMPLETE
9303,0.825,2026-04-08 18:37:12.418420,2026-04-08 18:37:46.961546,0 days 00:00:34.543126,405.0,1.0,118.9,155.8,0.24,COMPLETE
9304,0.825,2026-04-08 18:37:46.980081,2026-04-08 18:38:20.756004,0 days 00:00:33.775923,484.0,1.0,118.5,155.2,0.22,COMPLETE
9305,0.6875,2026-04-08 18:38:20.774458,2026-04-08 18:38:28.203866,0 days 00:00:07.429408,192.0,2.0,122.2,156.1,0.28,COMPLETE
9306,0.6875,2026-04-08 18:38:28.217189,2026-04-08 18:38:35.385859,0 days 00:00:07.168670,455.0,3.0,116.2,153.7,0.35000000000000003,COMPLETE
9307,0.6875,2026-04-08 18:38:35.404796,2026-04-08 18:38:42.385535,0 days 00:00:06.980739,383.0,3.0,118.7,152.0,0.45,COMPLETE
9308,0.6875,2026-04-08 18:38:42.403626,2026-04-08 18:38:49.329077,0 days 00:00:06.925451,302.0,2.0,117.5,153.5,0.39,COMPLETE
9309,0.825,2026-04-08 18:38:49.346111,2026-04-08 18:39:23.225913,0 days 00:00:33.879802,415.0,1.0,116.4,154.1,0.25,COMPLETE
9310,0.6875,2026-04-08 18:39:23.243975,2026-04-08 18:39:30.060305,0 days 00:00:06.816330,362.0,1.0,116.1,152.2,0.58,COMPLETE
9311,0.6875,2026-04-08 18:39:30.075211,2026-04-08 18:39:36.722252,0 days 00:00:06.647041,466.0,1.0,114.5,153.1,0.32,COMPLETE
9312,0.671875,2026-04-08 18:39:36.740677,2026-04-08 18:39:43.519004,0 days 00:00:06.778327,436.0,1.0,116.6,154.3,0.0,COMPLETE
9313,0.6875,2026-04-08 18:39:43.534143,2026-04-08 18:39:50.197592,0 days 00:00:06.663449,397.0,1.0,114.8,153.7,0.0,COMPLETE
9314,0.6875,2026-04-08 18:39:50.215813,2026-04-08 18:39:57.423460,0 days 00:00:07.207647,499.0,2.0,121.1,155.1,0.5700000000000001,COMPLETE
9315,0.825,2026-04-08 18:39:57.439117,2026-04-08 18:40:31.589017,0 days 00:00:34.149900,393.0,1.0,121.8,153.5,0.2,COMPLETE
9316,0.6875,2026-04-08 18:40:31.608208,2026-04-08 18:40:38.724689,0 days 00:00:07.116481,283.0,2.0,119.7,153.9,0.04,COMPLETE
9317,0.6875,2026-04-08 18:40:38.742294,2026-04-08 18:40:45.940341,0 days 00:00:07.198047,389.0,1.0,113.1,153.3,0.29,COMPLETE
9318,0.6875,2026-04-08 18:40:45.958768,2026-04-08 18:40:52.755936,0 days 00:00:06.797168,429.0,2.0,116.7,153.3,0.28,COMPLETE
9319,0.6875,2026-04-08 18:40:52.770995,2026-04-08 18:40:59.547917,0 days 00:00:06.776922,347.0,1.0,117.1,153.8,0.22,COMPLETE
9320,0.6875,2026-04-08 18:40:59.566015,2026-04-08 18:41:06.138040,0 days 00:00:06.572025,327.0,1.0,116.3,154.5,0.01,COMPLETE
9321,0.825,2026-04-08 18:41:06.153907,2026-04-08 18:41:40.437831,0 days 00:00:34.283924,286.0,2.0,121.6,156.1,0.26,COMPLETE
9322,0.6875,2026-04-08 18:41:40.453293,2026-04-08 18:41:47.717390,0 days 00:00:07.264097,396.0,1.0,115.6,157.8,0.02,COMPLETE
9323,0.825,2026-04-08 18:41:47.733263,2026-04-08 18:42:22.164110,0 days 00:00:34.430847,442.0,2.0,121.9,156.5,0.16,COMPLETE
9324,0.6875,2026-04-08 18:42:22.182309,2026-04-08 18:42:29.338006,0 days 00:00:07.155697,422.0,1.0,116.5,158.0,0.24,COMPLETE
9325,0.6875,2026-04-08 18:42:29.356362,2026-04-08 18:42:36.685428,0 days 00:00:07.329066,488.0,1.0,116.3,150.6,0.04,COMPLETE
9326,0.825,2026-04-08 18:42:36.828603,2026-04-08 18:43:11.833849,0 days 00:00:35.005246,470.0,1.0,125.5,154.3,0.5700000000000001,COMPLETE
9327,0.6875,2026-04-08 18:43:11.852517,2026-04-08 18:43:19.220842,0 days 00:00:07.368325,498.0,1.0,116.8,156.2,0.25,COMPLETE
9328,0.6875,2026-04-08 18:43:19.235828,2026-04-08 18:43:25.958528,0 days 00:00:06.722700,417.0,1.0,116.7,154.7,0.49,COMPLETE
9329,0.6875,2026-04-08 18:43:25.976757,2026-04-08 18:43:32.687235,0 days 00:00:06.710478,399.0,1.0,113.5,157.0,0.54,COMPLETE
9330,0.6875,2026-04-08 18:43:32.701901,2026-04-08 18:43:39.175085,0 days 00:00:06.473184,440.0,1.0,114.5,156.4,0.0,COMPLETE
9331,0.6875,2026-04-08 18:43:39.193251,2026-04-08 18:43:45.714532,0 days 00:00:06.521281,455.0,1.0,113.7,155.1,0.22,COMPLETE
9332,0.6875,2026-04-08 18:43:45.729736,2026-04-08 18:43:52.577433,0 days 00:00:06.847697,367.0,1.0,116.7,156.2,0.0,COMPLETE
9333,0.6875,2026-04-08 18:43:52.595837,2026-04-08 18:43:59.201108,0 days 00:00:06.605271,406.0,1.0,114.5,154.1,0.28,COMPLETE
9334,0.6875,2026-04-08 18:43:59.215351,2026-04-08 18:44:06.092437,0 days 00:00:06.877086,304.0,3.0,116.3,155.6,1.06,COMPLETE
9335,0.6875,2026-04-08 18:44:06.109974,2026-04-08 18:44:12.662284,0 days 00:00:06.552310,458.0,1.0,117.0,154.1,0.27,COMPLETE
9336,0.6875,2026-04-08 18:44:12.677735,2026-04-08 18:44:19.441368,0 days 00:00:06.763633,328.0,1.0,116.6,152.5,0.02,COMPLETE
9337,0.825,2026-04-08 18:44:19.460379,2026-04-08 18:44:53.692165,0 days 00:00:34.231786,444.0,1.0,118.9,155.6,0.25,COMPLETE
9338,0.6875,2026-04-08 18:44:53.707752,2026-04-08 18:45:00.612368,0 days 00:00:06.904616,412.0,1.0,118.8,151.9,0.28,COMPLETE
9339,0.6875,2026-04-08 18:45:00.630004,2026-04-08 18:45:07.831470,0 days 00:00:07.201466,417.0,1.0,114.8,157.0,0.0,COMPLETE
9340,0.6875,2026-04-08 18:45:07.849462,2026-04-08 18:45:14.841717,0 days 00:00:06.992255,298.0,1.0,115.1,153.9,0.36,COMPLETE
9341,0.825,2026-04-08 18:45:14.859296,2026-04-08 18:45:48.990391,0 days 00:00:34.131095,471.0,1.0,117.8,156.6,0.62,COMPLETE
9342,0.6875,2026-04-08 18:45:49.008328,2026-04-08 18:45:56.385726,0 days 00:00:07.377398,484.0,3.0,116.4,148.3,0.86,COMPLETE
9343,0.825,2026-04-08 18:45:56.403780,2026-04-08 18:46:30.998840,0 days 00:00:34.595060,426.0,1.0,117.7,156.4,0.53,COMPLETE
9344,0.6875,2026-04-08 18:46:31.017045,2026-04-08 18:46:38.687238,0 days 00:00:07.670193,150.0,3.0,116.0,158.6,1.56,COMPLETE
9345,0.6875,2026-04-08 18:46:38.703909,2026-04-08 18:46:46.396971,0 days 00:00:07.693062,310.0,2.0,113.2,148.6,0.45,COMPLETE
9346,0.6875,2026-04-08 18:46:46.414971,2026-04-08 18:46:53.740640,0 days 00:00:07.325669,364.0,1.0,117.7,154.3,0.0,COMPLETE
9347,0.6875,2026-04-08 18:46:53.756072,2026-04-08 18:47:00.457497,0 days 00:00:06.701425,422.0,1.0,117.1,156.1,0.31,COMPLETE
9348,0.6875,2026-04-08 18:47:00.474758,2026-04-08 18:47:07.052018,0 days 00:00:06.577260,435.0,1.0,116.1,156.2,0.2,COMPLETE
9349,0.825,2026-04-08 18:47:07.067382,2026-04-08 18:47:41.125094,0 days 00:00:34.057712,392.0,1.0,118.6,156.4,0.5700000000000001,COMPLETE
9350,0.6875,2026-04-08 18:47:41.143731,2026-04-08 18:47:48.156418,0 days 00:00:07.012687,419.0,2.0,114.4,154.5,0.36,COMPLETE
9351,0.825,2026-04-08 18:47:48.172287,2026-04-08 18:48:22.340083,0 days 00:00:34.167796,393.0,1.0,117.9,155.0,0.24,COMPLETE
9352,0.6875,2026-04-08 18:48:22.358223,2026-04-08 18:48:29.214148,0 days 00:00:06.855925,457.0,1.0,117.9,151.9,0.27,COMPLETE
9353,0.6875,2026-04-08 18:48:29.227946,2026-04-08 18:48:37.109083,0 days 00:00:07.881137,189.0,3.0,118.6,159.7,0.28,COMPLETE
9354,0.6875,2026-04-08 18:48:37.126948,2026-04-08 18:48:44.729852,0 days 00:00:07.602904,374.0,1.0,116.7,150.1,0.01,COMPLETE
9355,0.6875,2026-04-08 18:48:44.748220,2026-04-08 18:48:51.629982,0 days 00:00:06.881762,383.0,1.0,115.6,154.2,0.28,COMPLETE
9356,0.6875,2026-04-08 18:48:51.645620,2026-04-08 18:48:58.921640,0 days 00:00:07.276020,299.0,1.0,120.9,153.3,0.61,COMPLETE
9357,0.6875,2026-04-08 18:48:58.939238,2026-04-08 18:49:06.013084,0 days 00:00:07.073846,463.0,2.0,116.7,156.9,0.25,COMPLETE
9358,0.6875,2026-04-08 18:49:06.028551,2026-04-08 18:49:13.621738,0 days 00:00:07.593187,162.0,1.0,116.0,153.3,1.34,COMPLETE
9359,0.6875,2026-04-08 18:49:13.639423,2026-04-08 18:49:20.287136,0 days 00:00:06.647713,489.0,1.0,117.6,153.8,0.65,COMPLETE
9360,0.6875,2026-04-08 18:49:20.302964,2026-04-08 18:49:27.101977,0 days 00:00:06.799013,417.0,1.0,118.4,154.0,0.23,COMPLETE
9361,0.6875,2026-04-08 18:49:27.120175,2026-04-08 18:49:34.610388,0 days 00:00:07.490213,226.0,2.0,123.3,154.0,0.3,COMPLETE
9362,0.6875,2026-04-08 18:49:34.625327,2026-04-08 18:49:41.457185,0 days 00:00:06.831858,280.0,2.0,121.2,152.0,0.59,COMPLETE
9363,0.825,2026-04-08 18:49:41.474778,2026-04-08 18:50:15.768800,0 days 00:00:34.294022,497.0,1.0,115.4,152.2,0.02,COMPLETE
9364,0.825,2026-04-08 18:50:15.786739,2026-04-08 18:50:33.331075,0 days 00:00:17.544336,313.0,2.0,126.6,153.0,0.01,COMPLETE
9365,0.6875,2026-04-08 18:50:33.349484,2026-04-08 18:50:41.160447,0 days 00:00:07.810963,412.0,2.0,115.1,150.3,0.0,COMPLETE
9366,0.825,2026-04-08 18:50:41.176074,2026-04-08 18:51:16.979289,0 days 00:00:35.803215,356.0,1.0,124.5,154.0,0.16,COMPLETE
9367,0.6875,2026-04-08 18:51:16.997293,2026-04-08 18:51:23.833441,0 days 00:00:06.836148,360.0,1.0,120.1,154.7,0.4,COMPLETE
9368,0.825,2026-04-08 18:51:23.851036,2026-04-08 18:51:57.668190,0 days 00:00:33.817154,391.0,1.0,118.2,154.1,0.0,COMPLETE
9369,0.6875,2026-04-08 18:51:57.686070,2026-04-08 18:52:04.965518,0 days 00:00:07.279448,272.0,2.0,122.0,155.4,0.64,COMPLETE
9370,0.6875,2026-04-08 18:52:04.983181,2026-04-08 18:52:12.026605,0 days 00:00:07.043424,497.0,2.0,116.5,155.3,0.74,COMPLETE
9371,0.6875,2026-04-08 18:52:12.043281,2026-04-08 18:52:19.407044,0 days 00:00:07.363763,283.0,2.0,122.2,153.5,0.24,COMPLETE
9372,0.6875,2026-04-08 18:52:19.424662,2026-04-08 18:52:26.564894,0 days 00:00:07.140232,447.0,1.0,116.6,155.5,0.23,COMPLETE
9373,0.6875,2026-04-08 18:52:26.580858,2026-04-08 18:52:34.020304,0 days 00:00:07.439446,256.0,3.0,122.8,153.6,0.5700000000000001,COMPLETE
9374,0.6875,2026-04-08 18:52:34.037602,2026-04-08 18:52:41.612508,0 days 00:00:07.574906,383.0,2.0,113.4,155.3,0.0,COMPLETE
9375,0.825,2026-04-08 18:52:41.629240,2026-04-08 18:53:15.975938,0 days 00:00:34.346698,381.0,1.0,118.2,153.5,0.01,COMPLETE
9376,0.825,2026-04-08 18:53:15.994410,2026-04-08 18:53:50.274765,0 days 00:00:34.280355,422.0,1.0,122.2,156.6,0.23,COMPLETE
9377,0.6875,2026-04-08 18:53:50.293482,2026-04-08 18:53:57.835589,0 days 00:00:07.542107,381.0,1.0,114.1,153.6,0.01,COMPLETE
9378,0.6875,2026-04-08 18:53:57.853672,2026-04-08 18:54:04.778040,0 days 00:00:06.924368,425.0,1.0,116.5,149.8,0.01,COMPLETE
9379,0.6875,2026-04-08 18:54:04.794693,2026-04-08 18:54:12.258715,0 days 00:00:07.464022,251.0,2.0,121.3,154.6,0.01,COMPLETE
9380,0.6875,2026-04-08 18:54:12.274809,2026-04-08 18:54:19.315440,0 days 00:00:07.040631,319.0,3.0,119.5,159.7,0.0,COMPLETE
9381,0.6875,2026-04-08 18:54:19.333526,2026-04-08 18:54:26.402865,0 days 00:00:07.069339,337.0,1.0,116.1,155.4,0.49,COMPLETE
9382,0.6875,2026-04-08 18:54:26.420102,2026-04-08 18:54:32.966833,0 days 00:00:06.546731,329.0,2.0,116.4,156.2,0.28,COMPLETE
9383,0.6875,2026-04-08 18:54:32.984697,2026-04-08 18:54:39.752900,0 days 00:00:06.768203,498.0,1.0,113.6,154.4,0.33,COMPLETE
9384,0.6875,2026-04-08 18:54:39.769250,2026-04-08 18:54:46.758686,0 days 00:00:06.989436,373.0,1.0,116.9,154.3,0.4,COMPLETE
9385,0.6875,2026-04-08 18:54:46.776784,2026-04-08 18:54:53.567510,0 days 00:00:06.790726,432.0,1.0,119.7,153.9,0.23,COMPLETE
9386,0.6875,2026-04-08 18:54:53.582871,2026-04-08 18:55:00.763939,0 days 00:00:07.181068,433.0,1.0,115.4,158.6,0.81,COMPLETE
9387,0.6875,2026-04-08 18:55:00.782422,2026-04-08 18:55:07.616025,0 days 00:00:06.833603,483.0,1.0,114.5,155.9,0.0,COMPLETE
9388,0.6875,2026-04-08 18:55:07.631298,2026-04-08 18:55:15.334044,0 days 00:00:07.702746,280.0,2.0,122.9,154.3,0.03,COMPLETE
9389,0.6875,2026-04-08 18:55:15.353111,2026-04-08 18:55:22.514175,0 days 00:00:07.161064,363.0,1.0,116.9,152.7,0.24,COMPLETE
9390,0.6875,2026-04-08 18:55:22.532104,2026-04-08 18:55:29.217422,0 days 00:00:06.685318,363.0,1.0,115.1,153.4,0.01,COMPLETE
9391,0.6875,2026-04-08 18:55:29.235852,2026-04-08 18:55:35.883787,0 days 00:00:06.647935,444.0,1.0,116.7,153.1,0.39,COMPLETE
9392,0.6875,2026-04-08 18:55:35.900112,2026-04-08 18:55:42.640993,0 days 00:00:06.740881,477.0,1.0,114.9,154.5,0.0,COMPLETE
9393,0.6875,2026-04-08 18:55:42.658687,2026-04-08 18:55:49.250823,0 days 00:00:06.592136,412.0,1.0,115.6,155.6,0.28,COMPLETE
9394,0.6875,2026-04-08 18:55:49.268997,2026-04-08 18:55:55.831646,0 days 00:00:06.562649,413.0,1.0,115.5,154.5,0.26,COMPLETE
9395,0.6875,2026-04-08 18:55:55.850024,2026-04-08 18:56:02.898298,0 days 00:00:07.048274,297.0,2.0,117.6,154.8,1.86,COMPLETE
9396,0.6875,2026-04-08 18:56:02.915304,2026-04-08 18:56:09.693145,0 days 00:00:06.777841,316.0,1.0,116.3,154.0,0.28,COMPLETE
9397,0.6875,2026-04-08 18:56:09.712424,2026-04-08 18:56:16.556379,0 days 00:00:06.843955,352.0,1.0,113.0,152.0,0.01,COMPLETE
9398,0.6875,2026-04-08 18:56:16.572853,2026-04-08 18:56:23.825092,0 days 00:00:07.252239,235.0,2.0,118.2,151.4,0.1,COMPLETE
