number,value,datetime_start,datetime_complete,duration,params_voltage,params_width,params_x,params_y,params_z,state
2085,0.825,2026-04-05 00:53:17.942537,2026-04-05 00:53:51.846522,0 days 00:00:33.903985,424.0,1.0,124.6,153.8,0.43,COMPLETE
2086,0.6875,2026-04-05 00:53:51.859325,2026-04-05 00:53:59.355234,0 days 00:00:07.495909,418.0,1.0,114.4,154.0,0.8200000000000001,COMPLETE
2087,0.6875,2026-04-05 00:53:59.368548,2026-04-05 00:54:06.631102,0 days 00:00:07.262554,369.0,2.0,121.8,150.9,0.32,COMPLETE
2088,0.825,2026-04-05 00:54:06.640678,2026-04-05 00:54:40.481941,0 days 00:00:33.841263,444.0,3.0,122.2,152.6,0.0,COMPLETE
2089,0.6875,2026-04-05 00:54:40.496451,2026-04-05 00:54:47.253700,0 days 00:00:06.757249,354.0,2.0,122.0,153.6,0.45,COMPLETE
2090,0.825,2026-04-05 00:54:47.266551,2026-04-05 00:55:21.447805,0 days 00:00:34.181254,493.0,3.0,124.3,157.1,0.02,COMPLETE
2091,0.6875,2026-04-05 00:55:21.461358,2026-04-05 00:55:28.494377,0 days 00:00:07.033019,499.0,3.0,120.4,152.7,1.05,COMPLETE
2092,0.6875,2026-04-05 00:55:28.506766,2026-04-05 00:55:35.204371,0 days 00:00:06.697605,500.0,3.0,124.0,154.8,0.6,COMPLETE
2093,0.825,2026-04-05 00:55:35.217430,2026-04-05 00:55:40.559389,0 days 00:00:05.341959,222.0,2.0,124.7,155.0,0.07,COMPLETE
2094,0.6875,2026-04-05 00:55:40.572518,2026-04-05 00:55:47.286015,0 days 00:00:06.713497,497.0,2.0,122.8,152.0,0.22,COMPLETE
2095,0.6875,2026-04-05 00:55:47.299204,2026-04-05 00:55:53.783666,0 days 00:00:06.484462,438.0,2.0,121.3,152.2,0.68,COMPLETE
2096,0.6875,2026-04-05 00:55:53.796787,2026-04-05 00:56:00.651096,0 days 00:00:06.854309,495.0,2.0,120.4,157.3,0.99,COMPLETE
2097,0.825,2026-04-05 00:56:00.663935,2026-04-05 00:56:35.187350,0 days 00:00:34.523415,297.0,1.0,122.7,153.2,0.05,COMPLETE
2098,0.0,2026-04-05 00:56:35.200962,2026-04-05 00:56:41.808041,0 days 00:00:06.607079,500.0,2.0,121.9,155.0,0.43,COMPLETE
2099,0.671875,2026-04-05 00:56:41.816941,2026-04-05 00:56:48.239446,0 days 00:00:06.422505,489.0,2.0,121.5,154.7,0.14,COMPLETE
2100,0.825,2026-04-05 00:56:48.252344,2026-04-05 00:57:22.023274,0 days 00:00:33.770930,480.0,3.0,121.9,155.1,0.34,COMPLETE
2101,0.825,2026-04-05 00:57:22.036531,2026-04-05 00:57:27.182739,0 days 00:00:05.146208,430.0,2.0,125.7,155.0,0.42,COMPLETE
2102,0.825,2026-04-05 00:57:27.195793,2026-04-05 00:58:01.182719,0 days 00:00:33.986926,462.0,2.0,122.2,154.6,0.0,COMPLETE
2103,0.825,2026-04-05 00:58:01.192144,2026-04-05 00:58:35.274270,0 days 00:00:34.082126,490.0,2.0,120.1,157.0,0.38,COMPLETE
2104,0.825,2026-04-05 00:58:35.287614,2026-04-05 00:59:09.542842,0 days 00:00:34.255228,489.0,2.0,123.6,154.7,0.22,COMPLETE
2105,0.825,2026-04-05 00:59:09.555868,2026-04-05 00:59:43.584569,0 days 00:00:34.028701,495.0,2.0,120.2,155.0,0.41000000000000003,COMPLETE
2106,0.6875,2026-04-05 00:59:43.598086,2026-04-05 00:59:50.308188,0 days 00:00:06.710102,477.0,2.0,119.0,152.2,0.05,COMPLETE
2107,0.825,2026-04-05 00:59:50.321588,2026-04-05 01:00:24.801862,0 days 00:00:34.480274,458.0,2.0,122.6,157.7,0.32,COMPLETE
2108,0.6875,2026-04-05 01:00:24.815807,2026-04-05 01:00:31.550332,0 days 00:00:06.734525,471.0,2.0,120.9,154.4,0.24,COMPLETE
2109,0.671875,2026-04-05 01:00:31.563566,2026-04-05 01:00:37.954068,0 days 00:00:06.390502,467.0,2.0,119.9,153.7,0.15,COMPLETE
2110,0.6875,2026-04-05 01:00:37.966901,2026-04-05 01:00:44.844054,0 days 00:00:06.877153,457.0,2.0,124.5,156.6,0.55,COMPLETE
2111,0.825,2026-04-05 01:00:44.856619,2026-04-05 01:01:40.505806,0 days 00:00:55.649187,449.0,2.0,124.2,155.3,0.02,COMPLETE
2112,0.825,2026-04-05 01:01:40.519445,2026-04-05 01:02:14.359090,0 days 00:00:33.839645,466.0,2.0,124.4,153.3,0.2,COMPLETE
2113,0.825,2026-04-05 01:02:14.370488,2026-04-05 01:02:48.688598,0 days 00:00:34.318110,491.0,2.0,118.8,156.4,0.7000000000000001,COMPLETE
2114,0.825,2026-04-05 01:02:48.701356,2026-04-05 01:03:22.973485,0 days 00:00:34.272129,445.0,2.0,123.8,156.3,0.64,COMPLETE
2115,0.6875,2026-04-05 01:03:22.986868,2026-04-05 01:03:29.711829,0 days 00:00:06.724961,480.0,2.0,125.0,157.2,0.19,COMPLETE
2116,0.825,2026-04-05 01:03:29.725109,2026-04-05 01:04:03.952089,0 days 00:00:34.226980,441.0,2.0,122.6,152.6,0.11,COMPLETE
2117,0.6875,2026-04-05 01:04:03.960984,2026-04-05 01:04:10.636106,0 days 00:00:06.675122,479.0,2.0,123.3,155.1,0.55,COMPLETE
2118,0.825,2026-04-05 01:04:10.648953,2026-04-05 01:04:45.367898,0 days 00:00:34.718945,438.0,2.0,122.0,156.1,0.59,COMPLETE
2119,0.825,2026-04-05 01:04:45.381721,2026-04-05 01:05:19.203604,0 days 00:00:33.821883,449.0,2.0,120.9,155.5,0.11,COMPLETE
2120,0.825,2026-04-05 01:05:19.216655,2026-04-05 01:05:53.259754,0 days 00:00:34.043099,470.0,2.0,122.4,154.0,0.03,COMPLETE
2121,0.825,2026-04-05 01:05:53.273650,2026-04-05 01:06:27.292166,0 days 00:00:34.018516,491.0,2.0,121.0,155.9,0.18,COMPLETE
2122,0.825,2026-04-05 01:06:27.305303,2026-04-05 01:07:01.107706,0 days 00:00:33.802403,500.0,2.0,120.2,157.2,0.46,COMPLETE
2123,0.825,2026-04-05 01:07:01.120956,2026-04-05 01:07:35.388576,0 days 00:00:34.267620,491.0,2.0,124.4,155.4,0.3,COMPLETE
2124,0.825,2026-04-05 01:07:35.400240,2026-04-05 01:08:09.692901,0 days 00:00:34.292661,470.0,2.0,118.8,155.7,0.32,COMPLETE
2125,0.6875,2026-04-05 01:08:09.706523,2026-04-05 01:08:16.813735,0 days 00:00:07.107212,488.0,1.0,125.5,156.7,0.33,COMPLETE
2126,0.671875,2026-04-05 01:08:16.826625,2026-04-05 01:08:23.599284,0 days 00:00:06.772659,456.0,2.0,121.1,154.9,0.36,COMPLETE
2127,0.6875,2026-04-05 01:08:23.609078,2026-04-05 01:08:30.158063,0 days 00:00:06.548985,500.0,2.0,122.6,154.3,0.65,COMPLETE
2128,0.825,2026-04-05 01:08:30.171127,2026-04-05 01:09:04.234635,0 days 00:00:34.063508,443.0,2.0,120.2,152.5,0.32,COMPLETE
2129,0.6875,2026-04-05 01:09:04.247378,2026-04-05 01:09:10.988193,0 days 00:00:06.740815,488.0,2.0,122.5,153.9,0.88,COMPLETE
2130,0.6875,2026-04-05 01:09:11.000993,2026-04-05 01:09:17.532885,0 days 00:00:06.531892,482.0,2.0,122.3,154.7,0.45,COMPLETE
2131,0.825,2026-04-05 01:09:17.543193,2026-04-05 01:09:51.589427,0 days 00:00:34.046234,479.0,2.0,123.2,157.4,0.14,COMPLETE
2132,0.825,2026-04-05 01:09:51.602555,2026-04-05 01:10:25.375192,0 days 00:00:33.772637,480.0,2.0,122.2,156.6,0.18,COMPLETE
2133,0.825,2026-04-05 01:10:25.388738,2026-04-05 01:10:30.472255,0 days 00:00:05.083517,475.0,2.0,121.1,153.7,0.27,COMPLETE
2134,0.825,2026-04-05 01:10:30.485031,2026-04-05 01:11:04.557468,0 days 00:00:34.072437,449.0,2.0,120.9,156.0,0.22,COMPLETE
2135,0.6875,2026-04-05 01:11:04.570517,2026-04-05 01:11:11.125970,0 days 00:00:06.555453,458.0,3.0,121.0,154.3,0.53,COMPLETE
2136,0.6875,2026-04-05 01:11:11.138846,2026-04-05 01:11:18.604587,0 days 00:00:07.465741,236.0,1.0,126.9,153.7,0.03,COMPLETE
2137,0.6875,2026-04-05 01:11:18.617407,2026-04-05 01:11:25.661617,0 days 00:00:07.044210,489.0,2.0,121.2,154.2,0.28,COMPLETE
2138,0.825,2026-04-05 01:11:25.675108,2026-04-05 01:11:59.586685,0 days 00:00:33.911577,465.0,2.0,121.1,156.7,0.79,COMPLETE
2139,0.6875,2026-04-05 01:11:59.599686,2026-04-05 01:12:06.379368,0 days 00:00:06.779682,500.0,1.0,123.7,154.7,0.37,COMPLETE
2140,0.6875,2026-04-05 01:12:06.392692,2026-04-05 01:12:13.075058,0 days 00:00:06.682366,491.0,2.0,120.6,152.5,0.59,COMPLETE
2141,0.825,2026-04-05 01:12:13.088415,2026-04-05 01:12:46.938472,0 days 00:00:33.850057,483.0,2.0,120.8,153.2,0.06,COMPLETE
2142,0.825,2026-04-05 01:12:46.952089,2026-04-05 01:13:21.016271,0 days 00:00:34.064182,495.0,2.0,120.3,155.0,0.06,COMPLETE
2143,0.6875,2026-04-05 01:13:21.028512,2026-04-05 01:13:27.633388,0 days 00:00:06.604876,461.0,2.0,121.7,154.8,0.44,COMPLETE
2144,0.825,2026-04-05 01:13:27.645954,2026-04-05 01:14:01.441853,0 days 00:00:33.795899,434.0,3.0,122.1,156.1,0.18,COMPLETE
2145,0.6875,2026-04-05 01:14:01.455041,2026-04-05 01:14:07.999373,0 days 00:00:06.544332,417.0,2.0,121.8,154.5,0.56,COMPLETE
2146,0.6875,2026-04-05 01:14:08.012334,2026-04-05 01:14:14.737171,0 days 00:00:06.724837,474.0,3.0,124.1,150.8,0.56,COMPLETE
2147,0.6875,2026-04-05 01:14:14.750491,2026-04-05 01:14:21.808296,0 days 00:00:07.057805,271.0,1.0,122.8,155.7,0.4,COMPLETE
2148,0.6875,2026-04-05 01:14:21.821314,2026-04-05 01:14:28.747648,0 days 00:00:06.926334,385.0,2.0,118.0,152.0,0.52,COMPLETE
2149,0.6875,2026-04-05 01:14:28.761734,2026-04-05 01:14:35.522616,0 days 00:00:06.760882,451.0,3.0,121.4,151.4,0.43,COMPLETE
2150,0.6875,2026-04-05 01:14:35.535139,2026-04-05 01:14:42.134618,0 days 00:00:06.599479,419.0,1.0,121.0,153.4,0.38,COMPLETE
2151,0.6875,2026-04-05 01:14:42.147887,2026-04-05 01:14:48.794949,0 days 00:00:06.647062,415.0,1.0,120.1,151.8,0.13,COMPLETE
2152,0.6875,2026-04-05 01:14:48.807846,2026-04-05 01:14:55.395849,0 days 00:00:06.588003,495.0,2.0,117.8,153.7,0.45,COMPLETE
2153,0.825,2026-04-05 01:14:55.405271,2026-04-05 01:15:29.485201,0 days 00:00:34.079930,491.0,3.0,121.8,153.2,0.14,COMPLETE
2154,0.6875,2026-04-05 01:15:29.497903,2026-04-05 01:15:36.396990,0 days 00:00:06.899087,403.0,3.0,124.1,154.4,0.59,COMPLETE
2155,0.6875,2026-04-05 01:15:36.409711,2026-04-05 01:15:42.956562,0 days 00:00:06.546851,275.0,1.0,123.8,154.5,0.61,COMPLETE
2156,0.825,2026-04-05 01:15:42.969538,2026-04-05 01:16:16.861010,0 days 00:00:33.891472,401.0,2.0,123.8,153.9,0.11,COMPLETE
2157,0.6875,2026-04-05 01:16:16.873826,2026-04-05 01:16:23.666983,0 days 00:00:06.793157,373.0,2.0,121.2,152.1,0.16,COMPLETE
2158,0.6875,2026-04-05 01:16:23.680028,2026-04-05 01:16:30.820181,0 days 00:00:07.140153,225.0,3.0,117.4,153.8,1.98,COMPLETE
2159,0.6875,2026-04-05 01:16:30.833995,2026-04-05 01:16:37.808766,0 days 00:00:06.974771,477.0,2.0,122.0,155.3,0.44,COMPLETE
2160,0.6875,2026-04-05 01:16:37.822000,2026-04-05 01:16:44.513967,0 days 00:00:06.691967,420.0,1.0,123.8,153.7,0.13,COMPLETE
2161,0.6875,2026-04-05 01:16:44.527346,2026-04-05 01:16:51.082246,0 days 00:00:06.554900,490.0,2.0,122.5,153.6,0.48,COMPLETE
2162,0.6875,2026-04-05 01:16:51.095084,2026-04-05 01:16:57.805582,0 days 00:00:06.710498,497.0,2.0,121.0,155.5,0.46,COMPLETE
2163,0.825,2026-04-05 01:16:57.815615,2026-04-05 01:17:31.604127,0 days 00:00:33.788512,476.0,1.0,120.7,156.3,0.17,COMPLETE
2164,0.6875,2026-04-05 01:17:31.613978,2026-04-05 01:17:38.324852,0 days 00:00:06.710874,411.0,2.0,120.3,153.9,0.45,COMPLETE
2165,0.825,2026-04-05 01:17:38.335777,2026-04-05 01:18:12.579506,0 days 00:00:34.243729,485.0,3.0,124.9,152.0,0.11,COMPLETE
2166,0.825,2026-04-05 01:18:12.592829,2026-04-05 01:18:46.887984,0 days 00:00:34.295155,485.0,2.0,122.7,156.4,0.27,COMPLETE
2167,0.6875,2026-04-05 01:18:46.900897,2026-04-05 01:18:54.063435,0 days 00:00:07.162538,476.0,3.0,116.1,153.3,1.98,COMPLETE
2168,0.825,2026-04-05 01:18:54.079909,2026-04-05 01:19:12.463605,0 days 00:00:18.383696,353.0,1.0,126.2,155.4,0.0,COMPLETE
2169,0.6875,2026-04-05 01:19:12.476728,2026-04-05 01:19:19.911493,0 days 00:00:07.434765,493.0,3.0,118.6,158.5,0.64,COMPLETE
2170,0.825,2026-04-05 01:19:19.924300,2026-04-05 01:19:53.677281,0 days 00:00:33.752981,461.0,3.0,119.1,157.7,0.16,COMPLETE
2171,0.825,2026-04-05 01:19:53.691152,2026-04-05 01:20:27.729656,0 days 00:00:34.038504,496.0,2.0,122.0,155.8,0.5700000000000001,COMPLETE
2172,0.6875,2026-04-05 01:20:27.742382,2026-04-05 01:20:34.701424,0 days 00:00:06.959042,288.0,1.0,123.8,153.6,0.21,COMPLETE
2173,0.6875,2026-04-05 01:20:34.714504,2026-04-05 01:20:41.534968,0 days 00:00:06.820464,475.0,1.0,120.6,154.4,0.31,COMPLETE
2174,0.6875,2026-04-05 01:20:41.547931,2026-04-05 01:20:48.173282,0 days 00:00:06.625351,478.0,2.0,124.1,152.6,0.58,COMPLETE
2175,0.825,2026-04-05 01:20:48.186414,2026-04-05 01:21:22.268297,0 days 00:00:34.081883,447.0,3.0,122.5,154.7,0.37,COMPLETE
2176,0.6875,2026-04-05 01:21:22.281536,2026-04-05 01:21:28.838065,0 days 00:00:06.556529,490.0,2.0,124.1,153.8,0.32,COMPLETE
2177,0.6875,2026-04-05 01:21:28.848219,2026-04-05 01:21:35.624988,0 days 00:00:06.776769,309.0,1.0,125.4,156.7,0.29,COMPLETE
2178,0.6875,2026-04-05 01:21:35.639264,2026-04-05 01:21:42.703276,0 days 00:00:07.064012,390.0,2.0,119.9,152.6,0.33,COMPLETE
2179,0.6875,2026-04-05 01:21:42.716893,2026-04-05 01:21:49.415070,0 days 00:00:06.698177,447.0,2.0,120.2,154.8,0.75,COMPLETE
2180,0.6875,2026-04-05 01:21:49.428080,2026-04-05 01:21:56.758809,0 days 00:00:07.330729,309.0,3.0,118.5,148.1,1.93,COMPLETE
2181,0.6875,2026-04-05 01:21:56.771767,2026-04-05 01:22:04.000179,0 days 00:00:07.228412,375.0,2.0,122.4,155.3,0.5700000000000001,COMPLETE
2182,0.6875,2026-04-05 01:22:04.009834,2026-04-05 01:22:10.817738,0 days 00:00:06.807904,400.0,2.0,126.8,157.8,0.29,COMPLETE
2183,0.825,2026-04-05 01:22:10.831464,2026-04-05 01:22:45.216970,0 days 00:00:34.385506,348.0,1.0,120.6,156.6,0.42,COMPLETE
2184,0.825,2026-04-05 01:22:45.229862,2026-04-05 01:22:50.440949,0 days 00:00:05.211087,445.0,1.0,119.2,154.1,0.32,COMPLETE
2185,0.6875,2026-04-05 01:22:50.451576,2026-04-05 01:22:57.350083,0 days 00:00:06.898507,428.0,3.0,123.3,153.9,0.29,COMPLETE
2186,0.6875,2026-04-05 01:22:57.359981,2026-04-05 01:23:04.145914,0 days 00:00:06.785933,464.0,3.0,126.3,156.3,0.96,COMPLETE
2187,0.6875,2026-04-05 01:23:04.159204,2026-04-05 01:23:11.010591,0 days 00:00:06.851387,443.0,3.0,123.6,152.4,0.32,COMPLETE
2188,0.6875,2026-04-05 01:23:11.024153,2026-04-05 01:23:18.293894,0 days 00:00:07.269741,312.0,1.0,121.8,157.6,0.23,COMPLETE
2189,0.6875,2026-04-05 01:23:18.307474,2026-04-05 01:23:25.477068,0 days 00:00:07.169594,446.0,3.0,122.5,150.2,0.32,COMPLETE
2190,0.825,2026-04-05 01:23:25.490336,2026-04-05 01:23:31.330608,0 days 00:00:05.840272,238.0,1.0,120.2,156.2,0.29,COMPLETE
2191,0.671875,2026-04-05 01:23:31.343972,2026-04-05 01:23:38.360129,0 days 00:00:07.016157,496.0,2.0,124.5,155.4,0.54,COMPLETE
2192,0.6875,2026-04-05 01:23:38.373536,2026-04-05 01:23:45.244220,0 days 00:00:06.870684,462.0,3.0,126.5,150.7,0.41000000000000003,COMPLETE
2193,0.6875,2026-04-05 01:23:45.256926,2026-04-05 01:23:52.178387,0 days 00:00:06.921461,441.0,1.0,126.4,155.4,0.85,COMPLETE
2194,0.6875,2026-04-05 01:23:52.191328,2026-04-05 01:23:59.491626,0 days 00:00:07.300298,217.0,2.0,124.0,158.4,0.1,COMPLETE
2195,0.6875,2026-04-05 01:23:59.507244,2026-04-05 01:24:06.197891,0 days 00:00:06.690647,220.0,1.0,126.6,156.9,0.96,COMPLETE
2196,0.825,2026-04-05 01:24:06.210951,2026-04-05 01:25:02.056996,0 days 00:00:55.846045,435.0,3.0,124.9,151.7,0.23,COMPLETE
2197,0.825,2026-04-05 01:25:02.070214,2026-04-05 01:25:07.128717,0 days 00:00:05.058503,396.0,2.0,124.3,153.4,0.49,COMPLETE
2198,0.825,2026-04-05 01:25:07.142353,2026-04-05 01:25:41.580405,0 days 00:00:34.438052,402.0,2.0,118.5,154.6,0.25,COMPLETE
2199,0.6875,2026-04-05 01:25:41.593539,2026-04-05 01:25:48.465775,0 days 00:00:06.872236,494.0,3.0,121.6,152.0,0.04,COMPLETE
2200,0.825,2026-04-05 01:25:48.479322,2026-04-05 01:26:22.536452,0 days 00:00:34.057130,491.0,2.0,121.3,156.3,0.05,COMPLETE
2201,0.6875,2026-04-05 01:26:22.550300,2026-04-05 01:26:29.410824,0 days 00:00:06.860524,449.0,1.0,124.0,152.1,0.1,COMPLETE
2202,0.6875,2026-04-05 01:26:29.424057,2026-04-05 01:26:36.412168,0 days 00:00:06.988111,267.0,1.0,124.6,156.5,0.23,COMPLETE
2203,0.6875,2026-04-05 01:26:36.425548,2026-04-05 01:26:43.517189,0 days 00:00:07.091641,163.0,1.0,125.6,159.8,1.6400000000000001,COMPLETE
2204,0.6875,2026-04-05 01:26:43.530323,2026-04-05 01:26:50.601896,0 days 00:00:07.071573,321.0,3.0,122.4,154.0,0.27,COMPLETE
2205,0.6875,2026-04-05 01:26:50.616389,2026-04-05 01:26:57.174986,0 days 00:00:06.558597,320.0,1.0,122.0,155.2,0.52,COMPLETE
2206,0.6875,2026-04-05 01:26:57.188181,2026-04-05 01:27:03.889160,0 days 00:00:06.700979,369.0,1.0,119.9,153.8,0.76,COMPLETE
2207,0.825,2026-04-05 01:27:03.898464,2026-04-05 01:27:37.822666,0 days 00:00:33.924202,470.0,1.0,121.8,154.1,0.02,COMPLETE
2208,0.825,2026-04-05 01:27:37.835617,2026-04-05 01:28:11.856898,0 days 00:00:34.021281,449.0,2.0,118.2,155.3,0.02,COMPLETE
2209,0.6875,2026-04-05 01:28:11.867239,2026-04-05 01:28:18.996356,0 days 00:00:07.129117,331.0,1.0,120.7,154.5,0.29,COMPLETE
2210,0.6875,2026-04-05 01:28:19.009620,2026-04-05 01:28:26.067564,0 days 00:00:07.057944,390.0,1.0,118.9,149.2,0.6,COMPLETE
2211,0.6875,2026-04-05 01:28:26.080711,2026-04-05 01:28:33.672165,0 days 00:00:07.591454,408.0,2.0,121.5,158.7,0.05,COMPLETE
2212,0.6875,2026-04-05 01:28:33.682018,2026-04-05 01:28:40.862726,0 days 00:00:07.180708,382.0,1.0,121.4,152.0,0.39,COMPLETE
2213,0.6875,2026-04-05 01:28:40.876114,2026-04-05 01:28:47.661117,0 days 00:00:06.785003,345.0,3.0,120.6,154.8,0.02,COMPLETE
2214,0.6875,2026-04-05 01:28:47.674350,2026-04-05 01:28:54.373688,0 days 00:00:06.699338,308.0,1.0,123.6,154.8,0.39,COMPLETE
2215,0.6875,2026-04-05 01:28:54.387021,2026-04-05 01:29:01.241346,0 days 00:00:06.854325,385.0,3.0,123.5,149.6,0.06,COMPLETE
2216,0.825,2026-04-05 01:29:01.254211,2026-04-05 01:29:35.315319,0 days 00:00:34.061108,492.0,2.0,121.9,152.5,0.18,COMPLETE
2217,0.6875,2026-04-05 01:29:35.329069,2026-04-05 01:29:42.417932,0 days 00:00:07.088863,412.0,1.0,124.7,156.0,0.44,COMPLETE
2218,0.6875,2026-04-05 01:29:42.431381,2026-04-05 01:29:48.996454,0 days 00:00:06.565073,496.0,3.0,123.1,153.5,0.93,COMPLETE
2219,0.825,2026-04-05 01:29:49.010069,2026-04-05 01:30:06.607283,0 days 00:00:17.597214,495.0,2.0,123.6,153.9,0.2,COMPLETE
2220,0.6875,2026-04-05 01:30:06.620390,2026-04-05 01:30:14.512115,0 days 00:00:07.891725,294.0,3.0,113.2,149.3,0.0,COMPLETE
2221,0.671875,2026-04-05 01:30:14.525104,2026-04-05 01:30:22.189237,0 days 00:00:07.664133,363.0,1.0,123.4,155.0,0.42,COMPLETE
2222,0.6875,2026-04-05 01:30:22.202617,2026-04-05 01:30:29.097912,0 days 00:00:06.895295,421.0,2.0,123.1,149.4,0.26,COMPLETE
2223,0.825,2026-04-05 01:30:29.111018,2026-04-05 01:31:03.638118,0 days 00:00:34.527100,355.0,1.0,120.9,156.5,0.08,COMPLETE
2224,0.825,2026-04-05 01:31:03.651681,2026-04-05 01:31:37.700104,0 days 00:00:34.048423,429.0,3.0,124.3,154.3,0.16,COMPLETE
2225,0.6875,2026-04-05 01:31:37.713479,2026-04-05 01:31:44.856603,0 days 00:00:07.143124,443.0,3.0,118.2,153.8,0.34,COMPLETE
2226,0.6875,2026-04-05 01:31:44.870372,2026-04-05 01:31:51.843184,0 days 00:00:06.972812,364.0,1.0,119.6,152.3,0.17,COMPLETE
2227,0.6875,2026-04-05 01:31:51.856915,2026-04-05 01:31:58.632461,0 days 00:00:06.775546,476.0,3.0,123.0,150.7,0.5700000000000001,COMPLETE
2228,0.6875,2026-04-05 01:31:58.642757,2026-04-05 01:32:05.494859,0 days 00:00:06.852102,488.0,3.0,120.9,154.2,0.54,COMPLETE
2229,0.6875,2026-04-05 01:32:05.506583,2026-04-05 01:32:12.546263,0 days 00:00:07.039680,281.0,1.0,121.1,159.0,0.0,COMPLETE
2230,0.825,2026-04-05 01:32:12.559421,2026-04-05 01:32:46.818890,0 days 00:00:34.259469,489.0,3.0,123.9,154.6,0.16,COMPLETE
2231,0.6875,2026-04-05 01:32:46.832754,2026-04-05 01:32:53.503611,0 days 00:00:06.670857,452.0,3.0,124.1,152.1,0.4,COMPLETE
2232,0.6875,2026-04-05 01:32:53.517661,2026-04-05 01:33:01.462288,0 days 00:00:07.944627,180.0,3.0,113.5,151.2,0.35000000000000003,COMPLETE
2233,0.825,2026-04-05 01:33:01.473044,2026-04-05 01:33:36.459130,0 days 00:00:34.986086,500.0,3.0,124.8,153.3,0.33,COMPLETE
2234,0.6875,2026-04-05 01:33:36.473110,2026-04-05 01:33:43.104369,0 days 00:00:06.631259,446.0,2.0,124.6,154.2,0.67,COMPLETE
2235,0.6875,2026-04-05 01:33:43.117835,2026-04-05 01:33:50.695753,0 days 00:00:07.577918,378.0,3.0,117.0,149.3,0.26,COMPLETE
2236,0.825,2026-04-05 01:33:50.708652,2026-04-05 01:34:25.367721,0 days 00:00:34.659069,499.0,2.0,122.7,155.1,0.03,COMPLETE
2237,0.6875,2026-04-05 01:34:25.381161,2026-04-05 01:34:32.710821,0 days 00:00:07.329660,500.0,2.0,114.7,158.0,1.12,COMPLETE
2238,0.825,2026-04-05 01:34:32.724453,2026-04-05 01:35:07.873857,0 days 00:00:35.149404,349.0,1.0,124.5,153.2,0.0,COMPLETE
2239,0.6875,2026-04-05 01:35:07.886761,2026-04-05 01:35:14.682745,0 days 00:00:06.795984,325.0,1.0,124.8,151.7,0.37,COMPLETE
2240,0.6875,2026-04-05 01:35:14.696065,2026-04-05 01:35:21.309928,0 days 00:00:06.613863,349.0,1.0,125.6,153.6,0.64,COMPLETE
2241,0.825,2026-04-05 01:35:21.323433,2026-04-05 01:35:55.473454,0 days 00:00:34.150021,363.0,1.0,121.2,153.3,0.16,COMPLETE
2242,0.6875,2026-04-05 01:35:55.486256,2026-04-05 01:36:02.072311,0 days 00:00:06.586055,489.0,2.0,120.6,154.8,0.6,COMPLETE
2243,0.6875,2026-04-05 01:36:02.085938,2026-04-05 01:36:09.093148,0 days 00:00:07.007210,292.0,1.0,124.5,151.9,0.8300000000000001,COMPLETE
2244,0.825,2026-04-05 01:36:09.104830,2026-04-05 01:36:14.290672,0 days 00:00:05.185842,432.0,2.0,122.4,154.8,0.44,COMPLETE
2245,0.6875,2026-04-05 01:36:14.304415,2026-04-05 01:36:21.330494,0 days 00:00:07.026079,316.0,2.0,126.5,155.7,0.43,COMPLETE
2246,0.6875,2026-04-05 01:36:21.343568,2026-04-05 01:36:27.875872,0 days 00:00:06.532304,421.0,3.0,124.9,156.7,0.04,COMPLETE
2247,0.825,2026-04-05 01:36:27.889635,2026-04-05 01:37:02.053151,0 days 00:00:34.163516,375.0,1.0,120.3,155.8,0.62,COMPLETE
2248,0.6875,2026-04-05 01:37:02.066827,2026-04-05 01:37:08.806900,0 days 00:00:06.740073,269.0,1.0,121.2,154.9,0.09,COMPLETE
2249,0.6875,2026-04-05 01:37:08.820516,2026-04-05 01:37:15.550474,0 days 00:00:06.729958,417.0,1.0,122.1,152.4,0.61,COMPLETE
2250,0.6875,2026-04-05 01:37:15.563665,2026-04-05 01:37:22.719407,0 days 00:00:07.155742,487.0,1.0,115.5,152.9,0.93,COMPLETE
2251,0.6875,2026-04-05 01:37:22.732999,2026-04-05 01:37:29.876021,0 days 00:00:07.143022,277.0,2.0,119.8,151.8,0.46,COMPLETE
2252,0.6875,2026-04-05 01:37:29.888874,2026-04-05 01:37:36.606938,0 days 00:00:06.718064,380.0,3.0,120.7,154.6,0.8,COMPLETE
2253,0.6875,2026-04-05 01:37:36.617079,2026-04-05 01:37:43.781594,0 days 00:00:07.164515,368.0,1.0,127.0,153.3,0.31,COMPLETE
2254,0.6875,2026-04-05 01:37:43.794588,2026-04-05 01:37:51.728045,0 days 00:00:07.933457,309.0,1.0,116.3,154.3,0.13,COMPLETE
2255,0.6875,2026-04-05 01:37:51.741498,2026-04-05 01:37:58.687677,0 days 00:00:06.946179,231.0,1.0,120.3,153.7,0.51,COMPLETE
2256,0.825,2026-04-05 01:37:58.701127,2026-04-05 01:38:32.657096,0 days 00:00:33.955969,327.0,2.0,122.0,156.8,0.43,COMPLETE
2257,0.6875,2026-04-05 01:38:32.670030,2026-04-05 01:38:39.795174,0 days 00:00:07.125144,278.0,1.0,126.6,155.2,0.38,COMPLETE
2258,0.6875,2026-04-05 01:38:39.808820,2026-04-05 01:38:47.062650,0 days 00:00:07.253830,390.0,1.0,118.0,153.7,0.21,COMPLETE
