number,value,datetime_start,datetime_complete,duration,params_voltage,params_width,params_x,params_y,params_z,state
11477,0.825,2026-04-09 02:55:51.403960,2026-04-09 02:56:25.395032,0 days 00:00:33.991072,500.0,2.0,118.6,154.9,0.07,COMPLETE
11478,0.6875,2026-04-09 02:56:25.415599,2026-04-09 02:56:32.835440,0 days 00:00:07.419841,247.0,2.0,118.2,152.0,0.46,COMPLETE
11479,0.6875,2026-04-09 02:56:32.854269,2026-04-09 02:56:39.624235,0 days 00:00:06.769966,393.0,1.0,116.6,153.8,0.01,COMPLETE
11480,0.6875,2026-04-09 02:56:39.643139,2026-04-09 02:56:46.548498,0 days 00:00:06.905359,368.0,2.0,120.8,152.9,0.41000000000000003,COMPLETE
11481,0.6875,2026-04-09 02:56:46.567802,2026-04-09 02:56:54.100278,0 days 00:00:07.532476,267.0,2.0,123.1,159.6,0.04,COMPLETE
11482,0.825,2026-04-09 02:56:54.120041,2026-04-09 02:57:28.602487,0 days 00:00:34.482446,497.0,2.0,118.5,156.5,0.13,COMPLETE
11483,0.825,2026-04-09 02:57:28.622210,2026-04-09 02:58:03.143806,0 days 00:00:34.521596,419.0,1.0,121.6,152.8,0.51,COMPLETE
11484,0.825,2026-04-09 02:58:03.161471,2026-04-09 02:58:37.239550,0 days 00:00:34.078079,386.0,1.0,121.6,156.0,0.19,COMPLETE
11485,0.825,2026-04-09 02:58:37.261513,2026-04-09 02:59:11.524763,0 days 00:00:34.263250,354.0,1.0,119.1,156.9,0.66,COMPLETE
11486,0.6875,2026-04-09 02:59:11.543001,2026-04-09 02:59:18.563604,0 days 00:00:07.020603,416.0,1.0,115.7,155.7,0.19,COMPLETE
11487,0.109375,2026-04-09 02:59:18.583604,2026-04-09 02:59:25.265195,0 days 00:00:06.681591,496.0,1.0,116.2,154.1,0.29,COMPLETE
11488,0.6875,2026-04-09 02:59:25.282592,2026-04-09 02:59:32.292708,0 days 00:00:07.010116,447.0,1.0,115.0,158.9,0.31,COMPLETE
11489,0.6875,2026-04-09 02:59:32.310932,2026-04-09 02:59:39.149187,0 days 00:00:06.838255,449.0,1.0,115.1,155.2,0.2,COMPLETE
11490,0.6875,2026-04-09 02:59:39.167738,2026-04-09 02:59:45.810893,0 days 00:00:06.643155,427.0,1.0,115.5,154.0,0.0,COMPLETE
11491,0.6875,2026-04-09 02:59:45.828501,2026-04-09 02:59:52.531298,0 days 00:00:06.702797,500.0,1.0,116.5,152.7,0.37,COMPLETE
11492,0.825,2026-04-09 02:59:52.550830,2026-04-09 03:00:27.293269,0 days 00:00:34.742439,393.0,2.0,122.6,155.0,0.4,COMPLETE
11493,0.671875,2026-04-09 03:00:27.313628,2026-04-09 03:00:34.147744,0 days 00:00:06.834116,396.0,1.0,120.6,154.8,0.23,COMPLETE
11494,0.6875,2026-04-09 03:00:34.169557,2026-04-09 03:00:41.049594,0 days 00:00:06.880037,412.0,1.0,116.8,156.3,0.5,COMPLETE
11495,0.6875,2026-04-09 03:00:41.067517,2026-04-09 03:00:47.687530,0 days 00:00:06.620013,452.0,2.0,117.3,155.1,0.72,COMPLETE
11496,0.825,2026-04-09 03:00:47.707142,2026-04-09 03:01:22.053492,0 days 00:00:34.346350,414.0,2.0,122.2,156.5,0.65,COMPLETE
11497,0.6875,2026-04-09 03:01:22.070972,2026-04-09 03:01:28.930494,0 days 00:00:06.859522,411.0,2.0,120.9,155.4,0.38,COMPLETE
11498,0.6875,2026-04-09 03:01:28.950292,2026-04-09 03:01:36.331457,0 days 00:00:07.381165,500.0,1.0,113.0,154.9,0.3,COMPLETE
11499,0.825,2026-04-09 03:01:36.349589,2026-04-09 03:02:11.493022,0 days 00:00:35.143433,290.0,3.0,122.5,155.0,0.04,COMPLETE
11500,0.6875,2026-04-09 03:02:11.512346,2026-04-09 03:02:18.702674,0 days 00:00:07.190328,351.0,1.0,116.9,153.7,0.28,COMPLETE
11501,0.6875,2026-04-09 03:02:18.721129,2026-04-09 03:02:26.210675,0 days 00:00:07.489546,405.0,2.0,125.4,155.6,0.67,COMPLETE
11502,0.825,2026-04-09 03:02:26.229063,2026-04-09 03:03:00.641356,0 days 00:00:34.412293,452.0,1.0,119.6,155.8,0.22,COMPLETE
11503,0.6875,2026-04-09 03:03:00.660396,2026-04-09 03:03:07.725480,0 days 00:00:07.065084,421.0,1.0,115.5,156.5,0.24,COMPLETE
11504,0.825,2026-04-09 03:03:07.746084,2026-04-09 03:03:42.118758,0 days 00:00:34.372674,459.0,2.0,121.6,155.5,0.01,COMPLETE
11505,0.825,2026-04-09 03:03:42.141741,2026-04-09 03:04:16.139632,0 days 00:00:33.997891,461.0,1.0,119.8,156.9,0.75,COMPLETE
11506,0.825,2026-04-09 03:04:16.160448,2026-04-09 03:04:50.270220,0 days 00:00:34.109772,500.0,1.0,118.5,155.6,0.24,COMPLETE
11507,0.6875,2026-04-09 03:04:50.290725,2026-04-09 03:04:57.905744,0 days 00:00:07.615019,371.0,1.0,113.1,151.8,0.4,COMPLETE
11508,0.825,2026-04-09 03:04:57.923306,2026-04-09 03:05:54.829803,0 days 00:00:56.906497,393.0,2.0,124.4,153.6,0.05,COMPLETE
11509,0.6875,2026-04-09 03:05:54.850802,2026-04-09 03:06:01.947996,0 days 00:00:07.097194,392.0,1.0,119.4,157.8,0.46,COMPLETE
11510,0.6875,2026-04-09 03:06:01.967627,2026-04-09 03:06:08.859468,0 days 00:00:06.891841,360.0,1.0,120.0,152.6,0.49,COMPLETE
11511,0.6875,2026-04-09 03:06:08.877670,2026-04-09 03:06:16.226844,0 days 00:00:07.349174,219.0,1.0,119.7,159.7,0.54,COMPLETE
11512,0.6875,2026-04-09 03:06:16.245611,2026-04-09 03:06:22.908517,0 days 00:00:06.662906,427.0,1.0,117.2,157.3,0.21,COMPLETE
11513,0.6875,2026-04-09 03:06:22.926402,2026-04-09 03:06:29.821516,0 days 00:00:06.895114,391.0,1.0,116.7,152.0,0.24,COMPLETE
11514,0.6875,2026-04-09 03:06:29.842640,2026-04-09 03:06:36.622208,0 days 00:00:06.779568,495.0,2.0,115.2,156.0,0.31,COMPLETE
11515,0.6875,2026-04-09 03:06:36.640453,2026-04-09 03:06:43.076456,0 days 00:00:06.436003,496.0,1.0,114.3,156.1,0.02,COMPLETE
11516,0.6875,2026-04-09 03:06:43.096698,2026-04-09 03:06:49.663902,0 days 00:00:06.567204,473.0,1.0,115.6,157.3,0.29,COMPLETE
11517,0.825,2026-04-09 03:06:49.682300,2026-04-09 03:06:56.959105,0 days 00:00:07.276805,417.0,1.0,116.9,155.0,0.01,COMPLETE
11518,0.6875,2026-04-09 03:06:56.978055,2026-04-09 03:07:04.744089,0 days 00:00:07.766034,190.0,1.0,113.2,150.1,0.11,COMPLETE
11519,0.6875,2026-04-09 03:07:04.762544,2026-04-09 03:07:12.696798,0 days 00:00:07.934254,444.0,3.0,124.0,155.2,0.42,COMPLETE
11520,0.6875,2026-04-09 03:07:12.716151,2026-04-09 03:07:20.058050,0 days 00:00:07.341899,412.0,1.0,116.8,157.6,0.0,COMPLETE
11521,0.825,2026-04-09 03:07:20.076332,2026-04-09 03:07:35.359832,0 days 00:00:15.283500,288.0,2.0,121.2,155.7,0.58,COMPLETE
11522,0.6875,2026-04-09 03:07:35.379156,2026-04-09 03:07:42.316433,0 days 00:00:06.937277,226.0,2.0,122.2,155.4,0.21,COMPLETE
11523,0.6875,2026-04-09 03:07:42.335600,2026-04-09 03:07:49.322593,0 days 00:00:06.986993,324.0,3.0,122.8,160.0,0.03,COMPLETE
11524,0.6875,2026-04-09 03:07:49.340701,2026-04-09 03:07:56.917969,0 days 00:00:07.577268,362.0,1.0,116.6,153.3,0.0,COMPLETE
11525,0.825,2026-04-09 03:07:56.936428,2026-04-09 03:08:31.639299,0 days 00:00:34.702871,343.0,2.0,123.1,156.4,0.05,COMPLETE
11526,0.6875,2026-04-09 03:08:31.660098,2026-04-09 03:08:39.029312,0 days 00:00:07.369214,359.0,1.0,114.4,154.8,0.46,COMPLETE
11527,0.825,2026-04-09 03:08:39.049341,2026-04-09 03:08:59.696731,0 days 00:00:20.647390,485.0,1.0,118.8,152.2,0.27,COMPLETE
11528,0.825,2026-04-09 03:08:59.717564,2026-04-09 03:09:34.109791,0 days 00:00:34.392227,403.0,1.0,117.5,154.3,0.0,COMPLETE
11529,0.6875,2026-04-09 03:09:34.129251,2026-04-09 03:09:40.934637,0 days 00:00:06.805386,400.0,1.0,115.6,155.0,0.2,COMPLETE
11530,0.6875,2026-04-09 03:09:40.952134,2026-04-09 03:09:47.592400,0 days 00:00:06.640266,398.0,1.0,115.2,153.5,0.0,COMPLETE
11531,0.671875,2026-04-09 03:09:47.612699,2026-04-09 03:09:54.339804,0 days 00:00:06.727105,500.0,1.0,117.2,154.5,0.23,COMPLETE
11532,0.6875,2026-04-09 03:09:54.356588,2026-04-09 03:10:01.335090,0 days 00:00:06.978502,422.0,2.0,115.2,154.1,0.27,COMPLETE
11533,0.6875,2026-04-09 03:10:01.353308,2026-04-09 03:10:07.871742,0 days 00:00:06.518434,494.0,1.0,115.3,154.5,0.0,COMPLETE
11534,0.6875,2026-04-09 03:10:07.889922,2026-04-09 03:10:14.458041,0 days 00:00:06.568119,496.0,2.0,116.1,155.1,0.23,COMPLETE
11535,0.6875,2026-04-09 03:10:14.477885,2026-04-09 03:10:21.661374,0 days 00:00:07.183489,361.0,1.0,120.5,154.6,0.22,COMPLETE
11536,0.6875,2026-04-09 03:10:21.681412,2026-04-09 03:10:28.609855,0 days 00:00:06.928443,468.0,2.0,117.9,151.3,0.0,COMPLETE
11537,0.6875,2026-04-09 03:10:28.630215,2026-04-09 03:10:36.184014,0 days 00:00:07.553799,346.0,1.0,124.3,154.5,0.65,COMPLETE
11538,0.6875,2026-04-09 03:10:36.203904,2026-04-09 03:10:43.384591,0 days 00:00:07.180687,338.0,1.0,118.9,152.0,0.23,COMPLETE
11539,0.6875,2026-04-09 03:10:43.404880,2026-04-09 03:10:50.544010,0 days 00:00:07.139130,238.0,1.0,122.0,154.8,0.6900000000000001,COMPLETE
11540,0.6875,2026-04-09 03:10:50.566484,2026-04-09 03:10:57.582530,0 days 00:00:07.016046,410.0,1.0,117.2,154.4,0.45,COMPLETE
11541,0.6875,2026-04-09 03:10:57.602416,2026-04-09 03:11:04.535235,0 days 00:00:06.932819,389.0,2.0,113.4,152.1,1.22,COMPLETE
11542,0.6875,2026-04-09 03:11:04.552535,2026-04-09 03:11:11.725029,0 days 00:00:07.172494,278.0,2.0,116.3,154.8,0.0,COMPLETE
11543,0.825,2026-04-09 03:11:11.744672,2026-04-09 03:11:17.692174,0 days 00:00:05.947502,430.0,1.0,124.8,154.7,0.64,COMPLETE
11544,0.6875,2026-04-09 03:11:17.709444,2026-04-09 03:11:25.439160,0 days 00:00:07.729716,422.0,1.0,115.6,157.8,0.01,COMPLETE
11545,0.6875,2026-04-09 03:11:25.460086,2026-04-09 03:11:32.555750,0 days 00:00:07.095664,413.0,1.0,116.1,152.1,0.22,COMPLETE
11546,0.825,2026-04-09 03:11:32.573741,2026-04-09 03:12:06.643449,0 days 00:00:34.069708,447.0,1.0,118.2,154.3,0.34,COMPLETE
11547,0.6875,2026-04-09 03:12:06.663574,2026-04-09 03:12:14.005474,0 days 00:00:07.341900,314.0,1.0,113.8,153.6,0.0,COMPLETE
11548,0.825,2026-04-09 03:12:14.024283,2026-04-09 03:12:48.899782,0 days 00:00:34.875499,437.0,1.0,124.3,153.7,0.19,COMPLETE
11549,0.6875,2026-04-09 03:12:48.920293,2026-04-09 03:12:56.626308,0 days 00:00:07.706015,372.0,1.0,117.2,155.1,0.0,COMPLETE
11550,0.6875,2026-04-09 03:12:56.643008,2026-04-09 03:13:04.199323,0 days 00:00:07.556315,259.0,2.0,124.6,156.0,0.15,COMPLETE
11551,0.6875,2026-04-09 03:13:04.219400,2026-04-09 03:13:11.611435,0 days 00:00:07.392035,331.0,3.0,116.7,156.6,0.02,COMPLETE
11552,0.6875,2026-04-09 03:13:11.629403,2026-04-09 03:13:18.402691,0 days 00:00:06.773288,460.0,1.0,114.2,154.5,0.27,COMPLETE
11553,0.6875,2026-04-09 03:13:18.423740,2026-04-09 03:13:25.245369,0 days 00:00:06.821629,459.0,2.0,117.7,154.5,0.02,COMPLETE
11554,0.6875,2026-04-09 03:13:25.263907,2026-04-09 03:13:32.055665,0 days 00:00:06.791758,465.0,2.0,116.4,157.7,0.0,COMPLETE
11555,0.6875,2026-04-09 03:13:32.075261,2026-04-09 03:13:38.960935,0 days 00:00:06.885674,423.0,1.0,117.4,153.9,0.24,COMPLETE
11556,0.6875,2026-04-09 03:13:38.977934,2026-04-09 03:13:45.583721,0 days 00:00:06.605787,384.0,1.0,116.4,154.3,0.27,COMPLETE
11557,0.825,2026-04-09 03:13:45.604185,2026-04-09 03:14:20.065599,0 days 00:00:34.461414,325.0,1.0,118.7,155.7,0.0,COMPLETE
11558,0.6875,2026-04-09 03:14:20.083223,2026-04-09 03:14:26.970341,0 days 00:00:06.887118,306.0,2.0,121.8,155.4,0.21,COMPLETE
11559,0.6875,2026-04-09 03:14:26.990362,2026-04-09 03:14:33.925002,0 days 00:00:06.934640,251.0,2.0,123.2,154.1,0.49,COMPLETE
11560,0.825,2026-04-09 03:14:33.943639,2026-04-09 03:14:39.701296,0 days 00:00:05.757657,423.0,1.0,116.5,156.2,0.0,COMPLETE
11561,0.6875,2026-04-09 03:14:39.718770,2026-04-09 03:14:46.733065,0 days 00:00:07.014295,424.0,1.0,114.7,152.1,0.22,COMPLETE
11562,0.6875,2026-04-09 03:14:46.753929,2026-04-09 03:14:53.504331,0 days 00:00:06.750402,384.0,1.0,113.1,154.7,0.24,COMPLETE
11563,0.6875,2026-04-09 03:14:53.520716,2026-04-09 03:15:00.372117,0 days 00:00:06.851401,385.0,1.0,114.1,152.0,0.01,COMPLETE
11564,0.6875,2026-04-09 03:15:00.391947,2026-04-09 03:15:08.515129,0 days 00:00:08.123182,483.0,1.0,124.8,159.6,1.61,COMPLETE
11565,0.6875,2026-04-09 03:15:08.532023,2026-04-09 03:15:16.457250,0 days 00:00:07.925227,150.0,3.0,119.9,155.5,1.72,COMPLETE
11566,0.6875,2026-04-09 03:15:16.478667,2026-04-09 03:15:23.500248,0 days 00:00:07.021581,441.0,2.0,124.3,157.7,0.7000000000000001,COMPLETE
11567,0.6875,2026-04-09 03:15:23.519829,2026-04-09 03:15:31.202818,0 days 00:00:07.682989,431.0,1.0,115.5,152.7,0.0,COMPLETE
11568,0.6875,2026-04-09 03:15:31.222856,2026-04-09 03:15:38.147499,0 days 00:00:06.924643,460.0,2.0,117.3,156.5,0.56,COMPLETE
11569,0.6875,2026-04-09 03:15:38.165069,2026-04-09 03:15:45.215770,0 days 00:00:07.050701,368.0,3.0,116.5,153.3,0.34,COMPLETE
11570,0.825,2026-04-09 03:15:45.237247,2026-04-09 03:16:19.319823,0 days 00:00:34.082576,472.0,1.0,118.1,155.1,0.48,COMPLETE
11571,0.6875,2026-04-09 03:16:19.339460,2026-04-09 03:16:26.045781,0 days 00:00:06.706321,472.0,1.0,117.1,157.2,0.47000000000000003,COMPLETE
11572,0.6875,2026-04-09 03:16:26.064879,2026-04-09 03:16:33.089312,0 days 00:00:07.024433,454.0,2.0,122.0,152.9,0.47000000000000003,COMPLETE
11573,0.6875,2026-04-09 03:16:33.109455,2026-04-09 03:16:40.256417,0 days 00:00:07.146962,401.0,1.0,115.1,155.3,0.19,COMPLETE
11574,0.6875,2026-04-09 03:16:40.277240,2026-04-09 03:16:46.894128,0 days 00:00:06.616888,423.0,1.0,115.5,152.9,0.49,COMPLETE
11575,0.6875,2026-04-09 03:16:46.914627,2026-04-09 03:16:54.297299,0 days 00:00:07.382672,217.0,3.0,120.9,154.2,0.43,COMPLETE
11576,0.825,2026-04-09 03:16:54.316154,2026-04-09 03:16:59.699751,0 days 00:00:05.383597,283.0,2.0,125.5,153.9,0.24,COMPLETE
11577,0.825,2026-04-09 03:16:59.720885,2026-04-09 03:17:34.087481,0 days 00:00:34.366596,339.0,2.0,120.5,153.1,0.23,COMPLETE
11578,0.825,2026-04-09 03:17:34.105774,2026-04-09 03:18:08.125808,0 days 00:00:34.020034,404.0,1.0,118.8,155.6,0.24,COMPLETE
11579,0.825,2026-04-09 03:18:08.145771,2026-04-09 03:18:42.204756,0 days 00:00:34.058985,449.0,1.0,117.5,153.1,0.0,COMPLETE
11580,0.825,2026-04-09 03:18:42.222605,2026-04-09 03:19:16.763387,0 days 00:00:34.540782,462.0,2.0,124.6,152.3,0.23,COMPLETE
11581,0.6875,2026-04-09 03:19:16.785487,2026-04-09 03:19:24.468589,0 days 00:00:07.683102,359.0,2.0,115.4,150.5,0.02,COMPLETE
11582,0.825,2026-04-09 03:19:24.489335,2026-04-09 03:19:59.509279,0 days 00:00:35.019944,499.0,3.0,123.2,155.6,0.51,COMPLETE
11583,0.6875,2026-04-09 03:19:59.530730,2026-04-09 03:20:07.293150,0 days 00:00:07.762420,356.0,2.0,115.1,155.1,0.24,COMPLETE
11584,0.6875,2026-04-09 03:20:07.312825,2026-04-09 03:20:14.688184,0 days 00:00:07.375359,379.0,1.0,122.5,153.2,0.45,COMPLETE
11585,0.6875,2026-04-09 03:20:14.708437,2026-04-09 03:20:21.699378,0 days 00:00:06.990941,333.0,1.0,124.1,157.7,0.19,COMPLETE
11586,0.825,2026-04-09 03:20:21.718650,2026-04-09 03:20:37.336046,0 days 00:00:15.617396,426.0,1.0,115.5,155.2,0.0,COMPLETE
11587,0.825,2026-04-09 03:20:37.353117,2026-04-09 03:21:11.953886,0 days 00:00:34.600769,278.0,2.0,119.8,156.9,0.26,COMPLETE
11588,0.6875,2026-04-09 03:21:11.974500,2026-04-09 03:21:19.241262,0 days 00:00:07.266762,290.0,2.0,122.4,151.3,0.14,COMPLETE
11589,0.6875,2026-04-09 03:21:19.258986,2026-04-09 03:21:26.598670,0 days 00:00:07.339684,342.0,1.0,116.3,155.6,0.21,COMPLETE
11590,0.6875,2026-04-09 03:21:26.618979,2026-04-09 03:21:33.411389,0 days 00:00:06.792410,456.0,1.0,118.2,154.0,0.75,COMPLETE
11591,0.6875,2026-04-09 03:21:33.429469,2026-04-09 03:21:40.236479,0 days 00:00:06.807010,436.0,1.0,116.1,155.8,0.51,COMPLETE
11592,0.6875,2026-04-09 03:21:40.256547,2026-04-09 03:21:47.037001,0 days 00:00:06.780454,471.0,1.0,115.2,153.6,0.25,COMPLETE
11593,0.6875,2026-04-09 03:21:47.056701,2026-04-09 03:21:54.060931,0 days 00:00:07.004230,378.0,1.0,117.6,153.3,0.25,COMPLETE
11594,0.6875,2026-04-09 03:21:54.082189,2026-04-09 03:22:01.018381,0 days 00:00:06.936192,465.0,1.0,121.9,151.7,0.63,COMPLETE
11595,0.6875,2026-04-09 03:22:01.038528,2026-04-09 03:22:08.086604,0 days 00:00:07.048076,271.0,2.0,122.2,149.1,1.43,COMPLETE
11596,0.6875,2026-04-09 03:22:08.104254,2026-04-09 03:22:15.143198,0 days 00:00:07.038944,446.0,1.0,120.3,153.7,0.27,COMPLETE
11597,0.6875,2026-04-09 03:22:15.161518,2026-04-09 03:22:22.195446,0 days 00:00:07.033928,428.0,2.0,115.4,155.5,0.24,COMPLETE
11598,0.6875,2026-04-09 03:22:22.215224,2026-04-09 03:22:28.834490,0 days 00:00:06.619266,441.0,1.0,114.5,156.4,0.22,COMPLETE
11599,0.825,2026-04-09 03:22:28.851851,2026-04-09 03:23:03.291774,0 days 00:00:34.439923,312.0,2.0,119.4,154.9,0.06,COMPLETE
11600,0.6875,2026-04-09 03:23:03.311449,2026-04-09 03:23:10.288823,0 days 00:00:06.977374,255.0,2.0,120.9,155.1,0.44,COMPLETE
11601,0.6875,2026-04-09 03:23:10.308493,2026-04-09 03:23:17.134580,0 days 00:00:06.826087,420.0,2.0,118.6,152.3,0.31,COMPLETE
11602,0.6875,2026-04-09 03:23:17.152168,2026-04-09 03:23:24.155547,0 days 00:00:07.003379,351.0,1.0,118.0,154.5,0.92,COMPLETE
11603,0.825,2026-04-09 03:23:24.174520,2026-04-09 03:23:58.338157,0 days 00:00:34.163637,396.0,1.0,117.5,157.0,0.25,COMPLETE
11604,0.6875,2026-04-09 03:23:58.358683,2026-04-09 03:24:05.400558,0 days 00:00:07.041875,432.0,1.0,113.1,157.9,0.8300000000000001,COMPLETE
11605,0.825,2026-04-09 03:24:05.419666,2026-04-09 03:24:40.843510,0 days 00:00:35.423844,236.0,2.0,123.2,153.7,0.01,COMPLETE
11606,0.6875,2026-04-09 03:24:40.860230,2026-04-09 03:24:48.400990,0 days 00:00:07.540760,353.0,1.0,114.7,153.6,0.31,COMPLETE
11607,0.6875,2026-04-09 03:24:48.420286,2026-04-09 03:24:56.273773,0 days 00:00:07.853487,244.0,2.0,124.2,155.7,0.47000000000000003,COMPLETE
11608,0.6875,2026-04-09 03:24:56.292896,2026-04-09 03:25:03.548911,0 days 00:00:07.256015,417.0,2.0,119.1,151.6,0.06,COMPLETE
11609,0.825,2026-04-09 03:25:03.568245,2026-04-09 03:25:38.696842,0 days 00:00:35.128597,431.0,1.0,123.3,155.3,0.5,COMPLETE
11610,0.6875,2026-04-09 03:25:38.716711,2026-04-09 03:25:46.400896,0 days 00:00:07.684185,372.0,2.0,114.3,154.7,0.02,COMPLETE
11611,0.6875,2026-04-09 03:25:46.420729,2026-04-09 03:25:53.237650,0 days 00:00:06.816921,358.0,1.0,117.6,153.3,0.0,COMPLETE
11612,0.6875,2026-04-09 03:25:53.255215,2026-04-09 03:26:00.012667,0 days 00:00:06.757452,315.0,3.0,120.0,153.0,0.28,COMPLETE
11613,0.6875,2026-04-09 03:26:00.030997,2026-04-09 03:26:07.155562,0 days 00:00:07.124565,460.0,1.0,118.9,158.7,0.26,COMPLETE
11614,0.6875,2026-04-09 03:26:07.172997,2026-04-09 03:26:14.683158,0 days 00:00:07.510161,485.0,1.0,116.4,150.3,0.0,COMPLETE
11615,0.6875,2026-04-09 03:26:14.703170,2026-04-09 03:26:22.586804,0 days 00:00:07.883634,233.0,1.0,116.2,158.0,0.78,COMPLETE
11616,0.6875,2026-04-09 03:26:22.604203,2026-04-09 03:26:29.373431,0 days 00:00:06.769228,447.0,1.0,116.7,155.9,0.39,COMPLETE
11617,0.6875,2026-04-09 03:26:29.391733,2026-04-09 03:26:36.072215,0 days 00:00:06.680482,403.0,2.0,116.0,154.4,0.53,COMPLETE
11618,0.825,2026-04-09 03:26:36.090654,2026-04-09 03:27:10.093239,0 days 00:00:34.002585,497.0,2.0,119.7,156.1,0.0,COMPLETE
11619,0.671875,2026-04-09 03:27:10.113432,2026-04-09 03:27:17.350161,0 days 00:00:07.236729,407.0,1.0,118.1,153.8,0.01,COMPLETE
11620,0.6875,2026-04-09 03:27:17.367553,2026-04-09 03:27:24.171576,0 days 00:00:06.804023,487.0,1.0,116.3,155.6,0.91,COMPLETE
11621,0.825,2026-04-09 03:27:24.191115,2026-04-09 03:27:58.223753,0 days 00:00:34.032638,452.0,1.0,118.4,154.4,0.02,COMPLETE
11622,0.6875,2026-04-09 03:27:58.242848,2026-04-09 03:28:05.327099,0 days 00:00:07.084251,331.0,1.0,121.4,154.4,0.34,COMPLETE
11623,0.015625,2026-04-09 03:28:05.346571,2026-04-09 03:28:12.337109,0 days 00:00:06.990538,373.0,2.0,116.7,154.0,0.18,COMPLETE
11624,0.6875,2026-04-09 03:28:12.355989,2026-04-09 03:28:19.030002,0 days 00:00:06.674013,408.0,2.0,116.5,152.6,0.5700000000000001,COMPLETE
11625,0.825,2026-04-09 03:28:19.050235,2026-04-09 03:28:36.790309,0 days 00:00:17.740074,475.0,2.0,124.8,155.0,0.65,COMPLETE
11626,0.6875,2026-04-09 03:28:36.811039,2026-04-09 03:28:44.107263,0 days 00:00:07.296224,289.0,1.0,124.1,149.3,0.58,COMPLETE
11627,0.6875,2026-04-09 03:28:44.125245,2026-04-09 03:28:51.804062,0 days 00:00:07.678817,381.0,1.0,115.1,156.0,0.34,COMPLETE
11628,0.6875,2026-04-09 03:28:51.822629,2026-04-09 03:28:58.518297,0 days 00:00:06.695668,443.0,2.0,115.9,153.5,0.48,COMPLETE
11629,0.6875,2026-04-09 03:28:58.536378,2026-04-09 03:29:05.834808,0 days 00:00:07.298430,318.0,1.0,114.1,159.8,1.46,COMPLETE
11630,0.6875,2026-04-09 03:29:05.854265,2026-04-09 03:29:12.842327,0 days 00:00:06.988062,431.0,2.0,116.7,154.8,0.0,COMPLETE
11631,0.825,2026-04-09 03:29:12.859776,2026-04-09 03:29:47.010633,0 days 00:00:34.150857,428.0,1.0,119.0,155.3,0.51,COMPLETE
11632,0.6875,2026-04-09 03:29:47.030401,2026-04-09 03:29:54.321622,0 days 00:00:07.291221,458.0,2.0,115.4,159.7,1.98,COMPLETE
11633,0.6875,2026-04-09 03:29:54.338580,2026-04-09 03:30:02.198905,0 days 00:00:07.860325,322.0,1.0,118.2,150.2,1.45,COMPLETE
11634,0.825,2026-04-09 03:30:02.218815,2026-04-09 03:30:36.712603,0 days 00:00:34.493788,444.0,2.0,118.4,155.6,0.0,COMPLETE
11635,0.6875,2026-04-09 03:30:36.732873,2026-04-09 03:30:44.043653,0 days 00:00:07.310780,410.0,1.0,124.2,155.9,0.27,COMPLETE
11636,0.6875,2026-04-09 03:30:44.063274,2026-04-09 03:30:50.795561,0 days 00:00:06.732287,483.0,1.0,121.4,156.9,1.06,COMPLETE
11637,0.6875,2026-04-09 03:30:50.813503,2026-04-09 03:30:58.317364,0 days 00:00:07.503861,300.0,1.0,114.5,156.8,0.38,COMPLETE
11638,0.6875,2026-04-09 03:30:58.338205,2026-04-09 03:31:05.141386,0 days 00:00:06.803181,418.0,1.0,115.2,153.8,0.41000000000000003,COMPLETE
11639,0.825,2026-04-09 03:31:05.161123,2026-04-09 03:31:39.396079,0 days 00:00:34.234956,491.0,3.0,119.1,152.9,0.08,COMPLETE
11640,0.6875,2026-04-09 03:31:39.416938,2026-04-09 03:31:46.432559,0 days 00:00:07.015621,476.0,3.0,115.3,152.6,0.03,COMPLETE
11641,0.825,2026-04-09 03:31:46.450728,2026-04-09 03:32:01.479667,0 days 00:00:15.028939,487.0,2.0,117.8,153.7,0.0,COMPLETE
11642,0.6875,2026-04-09 03:32:01.497494,2026-04-09 03:32:08.579080,0 days 00:00:07.081586,371.0,1.0,116.4,153.9,0.48,COMPLETE
11643,0.6875,2026-04-09 03:32:08.598732,2026-04-09 03:32:15.420630,0 days 00:00:06.821898,477.0,1.0,113.1,152.3,0.15,COMPLETE
11644,0.6875,2026-04-09 03:32:15.438910,2026-04-09 03:32:22.385448,0 days 00:00:06.946538,437.0,1.0,117.5,153.3,0.66,COMPLETE
11645,0.6875,2026-04-09 03:32:22.405295,2026-04-09 03:32:29.852317,0 days 00:00:07.447022,467.0,2.0,125.6,155.6,0.32,COMPLETE
11646,0.6875,2026-04-09 03:32:29.869927,2026-04-09 03:32:36.701851,0 days 00:00:06.831924,425.0,2.0,123.0,153.2,0.81,COMPLETE
11647,0.825,2026-04-09 03:32:36.721891,2026-04-09 03:33:11.562890,0 days 00:00:34.840999,341.0,1.0,116.4,154.6,0.24,COMPLETE
11648,0.6875,2026-04-09 03:33:11.580428,2026-04-09 03:33:18.834367,0 days 00:00:07.253939,500.0,2.0,121.5,153.7,0.33,COMPLETE
11649,0.825,2026-04-09 03:33:18.854130,2026-04-09 03:33:53.041582,0 days 00:00:34.187452,329.0,1.0,121.3,156.0,0.2,COMPLETE
