number,value,datetime_start,datetime_complete,duration,params_voltage,params_width,params_x,params_y,params_z,state
10095,0.6875,2026-04-08 21:36:12.473372,2026-04-08 21:36:19.863974,0 days 00:00:07.390602,427.0,2.0,124.3,153.3,0.8300000000000001,COMPLETE
10096,0.6875,2026-04-08 21:36:19.881135,2026-04-08 21:36:27.596027,0 days 00:00:07.714892,431.0,1.0,115.7,158.6,0.21,COMPLETE
10097,0.825,2026-04-08 21:36:27.614927,2026-04-08 21:37:02.034738,0 days 00:00:34.419811,481.0,1.0,121.2,155.5,0.0,COMPLETE
10098,0.6875,2026-04-08 21:37:02.054401,2026-04-08 21:37:09.495562,0 days 00:00:07.441161,399.0,1.0,117.5,151.9,0.8,COMPLETE
10099,0.6875,2026-04-08 21:37:09.513233,2026-04-08 21:37:16.169281,0 days 00:00:06.656048,415.0,1.0,116.5,150.8,0.46,COMPLETE
10100,0.6875,2026-04-08 21:37:16.189071,2026-04-08 21:37:22.982397,0 days 00:00:06.793326,391.0,1.0,114.8,153.9,0.44,COMPLETE
10101,0.6875,2026-04-08 21:37:22.998824,2026-04-08 21:37:30.301152,0 days 00:00:07.302328,491.0,3.0,119.2,148.2,1.3800000000000001,COMPLETE
10102,0.6875,2026-04-08 21:37:30.321087,2026-04-08 21:37:37.910008,0 days 00:00:07.588921,461.0,1.0,113.0,155.0,0.22,COMPLETE
10103,0.6875,2026-04-08 21:37:37.928132,2026-04-08 21:37:44.926397,0 days 00:00:06.998265,459.0,1.0,117.5,152.8,0.27,COMPLETE
10104,0.6875,2026-04-08 21:37:44.948312,2026-04-08 21:37:52.029170,0 days 00:00:07.080858,387.0,2.0,114.8,152.1,0.0,COMPLETE
10105,0.6875,2026-04-08 21:37:52.045221,2026-04-08 21:37:59.324063,0 days 00:00:07.278842,314.0,1.0,116.0,157.3,0.23,COMPLETE
10106,0.6875,2026-04-08 21:37:59.343445,2026-04-08 21:38:06.373163,0 days 00:00:07.029718,474.0,1.0,121.0,158.7,0.75,COMPLETE
10107,0.825,2026-04-08 21:38:06.388844,2026-04-08 21:38:40.574137,0 days 00:00:34.185293,464.0,2.0,123.1,157.5,0.08,COMPLETE
10108,0.825,2026-04-08 21:38:40.593303,2026-04-08 21:38:46.670092,0 days 00:00:06.076789,365.0,2.0,117.1,151.1,0.03,COMPLETE
10109,0.825,2026-04-08 21:38:46.686491,2026-04-08 21:39:21.030788,0 days 00:00:34.344297,497.0,2.0,120.1,154.8,0.35000000000000003,COMPLETE
10110,0.6875,2026-04-08 21:39:21.048891,2026-04-08 21:39:27.896538,0 days 00:00:06.847647,448.0,2.0,118.4,154.3,0.84,COMPLETE
10111,0.6875,2026-04-08 21:39:27.912165,2026-04-08 21:39:34.797535,0 days 00:00:06.885370,405.0,2.0,114.1,154.4,0.37,COMPLETE
10112,0.6875,2026-04-08 21:39:34.816539,2026-04-08 21:39:42.463711,0 days 00:00:07.647172,234.0,2.0,122.3,155.3,0.28,COMPLETE
10113,0.6875,2026-04-08 21:39:42.480826,2026-04-08 21:39:49.483612,0 days 00:00:07.002786,391.0,2.0,117.5,154.1,0.56,COMPLETE
10114,0.825,2026-04-08 21:39:49.502598,2026-04-08 21:40:23.504934,0 days 00:00:34.002336,374.0,1.0,118.6,154.8,0.5,COMPLETE
10115,0.6875,2026-04-08 21:40:23.523885,2026-04-08 21:40:30.523594,0 days 00:00:06.999709,496.0,2.0,115.0,154.3,0.26,COMPLETE
10116,0.6875,2026-04-08 21:40:30.542646,2026-04-08 21:40:37.215540,0 days 00:00:06.672894,446.0,2.0,116.2,152.8,0.42,COMPLETE
10117,0.825,2026-04-08 21:40:37.232925,2026-04-08 21:41:11.601926,0 days 00:00:34.369001,362.0,1.0,118.0,153.6,0.0,COMPLETE
10118,0.6875,2026-04-08 21:41:11.620382,2026-04-08 21:41:18.863456,0 days 00:00:07.243074,344.0,1.0,121.5,157.7,0.34,COMPLETE
10119,0.6875,2026-04-08 21:41:18.879325,2026-04-08 21:41:26.292929,0 days 00:00:07.413604,467.0,1.0,114.9,153.1,0.52,COMPLETE
10120,0.6875,2026-04-08 21:41:26.313513,2026-04-08 21:41:33.097391,0 days 00:00:06.783878,437.0,1.0,118.2,152.4,0.23,COMPLETE
10121,0.6875,2026-04-08 21:41:33.112849,2026-04-08 21:41:40.013481,0 days 00:00:06.900632,424.0,1.0,114.8,154.9,0.25,COMPLETE
10122,0.825,2026-04-08 21:41:40.033188,2026-04-08 21:41:47.400193,0 days 00:00:07.367005,360.0,1.0,115.9,154.9,0.23,COMPLETE
10123,0.825,2026-04-08 21:41:47.416740,2026-04-08 21:42:22.283097,0 days 00:00:34.866357,232.0,2.0,123.6,156.9,0.02,COMPLETE
10124,0.6875,2026-04-08 21:42:22.308800,2026-04-08 21:42:29.839084,0 days 00:00:07.530284,395.0,1.0,115.2,157.4,0.0,COMPLETE
10125,0.6875,2026-04-08 21:42:29.858973,2026-04-08 21:42:36.742248,0 days 00:00:06.883275,360.0,2.0,114.9,153.2,0.0,COMPLETE
10126,0.6875,2026-04-08 21:42:36.758546,2026-04-08 21:42:43.500652,0 days 00:00:06.742106,461.0,1.0,115.2,155.4,0.01,COMPLETE
10127,0.6875,2026-04-08 21:42:43.519536,2026-04-08 21:42:50.385818,0 days 00:00:06.866282,309.0,1.0,113.5,154.8,0.24,COMPLETE
10128,0.825,2026-04-08 21:42:50.401512,2026-04-08 21:43:24.730387,0 days 00:00:34.328875,401.0,1.0,118.0,154.7,0.21,COMPLETE
10129,0.825,2026-04-08 21:43:24.750134,2026-04-08 21:43:58.531325,0 days 00:00:33.781191,452.0,1.0,118.0,155.6,0.29,COMPLETE
10130,0.6875,2026-04-08 21:43:58.547591,2026-04-08 21:44:05.687481,0 days 00:00:07.139890,369.0,3.0,115.7,154.3,0.04,COMPLETE
10131,0.6875,2026-04-08 21:44:05.706444,2026-04-08 21:44:13.344428,0 days 00:00:07.637984,191.0,2.0,121.4,156.2,0.53,COMPLETE
10132,0.6875,2026-04-08 21:44:13.360024,2026-04-08 21:44:20.238669,0 days 00:00:06.878645,440.0,1.0,117.2,156.4,0.59,COMPLETE
10133,0.6875,2026-04-08 21:44:20.256868,2026-04-08 21:44:27.085118,0 days 00:00:06.828250,433.0,1.0,114.6,155.7,0.0,COMPLETE
10134,0.825,2026-04-08 21:44:27.102263,2026-04-08 21:45:02.274795,0 days 00:00:35.172532,335.0,1.0,123.7,155.2,0.01,COMPLETE
10135,0.6875,2026-04-08 21:45:02.293300,2026-04-08 21:45:09.306227,0 days 00:00:07.012927,422.0,3.0,120.7,153.5,1.19,COMPLETE
10136,0.6875,2026-04-08 21:45:09.322566,2026-04-08 21:45:16.334676,0 days 00:00:07.012110,387.0,1.0,116.1,155.7,0.53,COMPLETE
10137,0.6875,2026-04-08 21:45:16.354567,2026-04-08 21:45:23.095821,0 days 00:00:06.741254,430.0,1.0,117.5,154.0,0.0,COMPLETE
10138,0.825,2026-04-08 21:45:23.113382,2026-04-08 21:46:19.651840,0 days 00:00:56.538458,279.0,2.0,124.4,153.2,0.02,COMPLETE
10139,0.6875,2026-04-08 21:46:19.671814,2026-04-08 21:46:27.292413,0 days 00:00:07.620599,404.0,2.0,116.4,156.4,0.26,COMPLETE
10140,0.825,2026-04-08 21:46:27.310317,2026-04-08 21:47:01.545452,0 days 00:00:34.235135,334.0,1.0,116.6,155.2,0.02,COMPLETE
10141,0.6875,2026-04-08 21:47:01.564863,2026-04-08 21:47:08.470434,0 days 00:00:06.905571,407.0,1.0,116.7,153.2,0.48,COMPLETE
10142,0.825,2026-04-08 21:47:08.487787,2026-04-08 21:47:42.537640,0 days 00:00:34.049853,433.0,1.0,117.5,156.3,0.0,COMPLETE
10143,0.6875,2026-04-08 21:47:42.556938,2026-04-08 21:47:49.556318,0 days 00:00:06.999380,399.0,1.0,115.7,154.0,0.0,COMPLETE
10144,0.6875,2026-04-08 21:47:49.574539,2026-04-08 21:47:57.541045,0 days 00:00:07.966506,294.0,2.0,126.1,155.3,0.24,COMPLETE
10145,0.6875,2026-04-08 21:47:57.560494,2026-04-08 21:48:05.594657,0 days 00:00:08.034163,371.0,1.0,113.5,157.5,1.95,COMPLETE
10146,0.825,2026-04-08 21:48:05.610739,2026-04-08 21:48:40.127280,0 days 00:00:34.516541,401.0,1.0,118.6,154.8,0.0,COMPLETE
10147,0.6875,2026-04-08 21:48:40.145552,2026-04-08 21:48:46.875665,0 days 00:00:06.730113,405.0,1.0,115.2,155.3,0.0,COMPLETE
10148,0.825,2026-04-08 21:48:46.891442,2026-04-08 21:49:21.087330,0 days 00:00:34.195888,434.0,2.0,118.3,154.1,0.04,COMPLETE
10149,0.6875,2026-04-08 21:49:21.105539,2026-04-08 21:49:28.192207,0 days 00:00:07.086668,381.0,2.0,119.1,149.7,0.0,COMPLETE
10150,0.6875,2026-04-08 21:49:28.208300,2026-04-08 21:49:35.086743,0 days 00:00:06.878443,492.0,2.0,118.2,153.6,0.7000000000000001,COMPLETE
10151,0.6875,2026-04-08 21:49:35.105514,2026-04-08 21:49:41.835503,0 days 00:00:06.729989,461.0,1.0,117.0,150.9,0.0,COMPLETE
10152,0.6875,2026-04-08 21:49:41.852362,2026-04-08 21:49:49.048688,0 days 00:00:07.196326,450.0,1.0,113.1,155.9,0.62,COMPLETE
10153,0.6875,2026-04-08 21:49:49.067173,2026-04-08 21:49:56.017927,0 days 00:00:06.950754,447.0,1.0,115.3,151.6,0.3,COMPLETE
10154,0.6875,2026-04-08 21:49:56.034298,2026-04-08 21:50:02.817611,0 days 00:00:06.783313,466.0,1.0,117.6,154.0,0.51,COMPLETE
10155,0.825,2026-04-08 21:50:02.836546,2026-04-08 21:50:37.580016,0 days 00:00:34.743470,408.0,1.0,119.1,153.7,0.01,COMPLETE
10156,0.825,2026-04-08 21:50:37.600284,2026-04-08 21:51:11.432154,0 days 00:00:33.831870,375.0,1.0,119.7,155.3,0.33,COMPLETE
10157,0.825,2026-04-08 21:51:11.450895,2026-04-08 21:51:45.476116,0 days 00:00:34.025221,455.0,1.0,118.6,154.7,0.31,COMPLETE
10158,0.6875,2026-04-08 21:51:45.494311,2026-04-08 21:51:52.453544,0 days 00:00:06.959233,280.0,2.0,116.3,152.4,0.0,COMPLETE
10159,0.6875,2026-04-08 21:51:52.472450,2026-04-08 21:51:59.188263,0 days 00:00:06.715813,382.0,1.0,115.3,153.0,0.29,COMPLETE
10160,0.6875,2026-04-08 21:51:59.204422,2026-04-08 21:52:05.982482,0 days 00:00:06.778060,371.0,1.0,115.5,155.5,0.0,COMPLETE
10161,0.671875,2026-04-08 21:52:06.000938,2026-04-08 21:52:13.074597,0 days 00:00:07.073659,344.0,1.0,121.1,155.2,0.17,COMPLETE
10162,0.825,2026-04-08 21:52:13.091029,2026-04-08 21:52:47.180882,0 days 00:00:34.089853,422.0,1.0,118.1,156.5,0.32,COMPLETE
10163,0.6875,2026-04-08 21:52:47.199317,2026-04-08 21:52:54.214429,0 days 00:00:07.015112,500.0,1.0,116.2,153.2,0.61,COMPLETE
10164,0.825,2026-04-08 21:52:54.229889,2026-04-08 21:53:28.904227,0 days 00:00:34.674338,302.0,2.0,121.0,157.1,0.24,COMPLETE
10165,0.825,2026-04-08 21:53:28.922409,2026-04-08 21:53:34.366852,0 days 00:00:05.444443,340.0,1.0,124.2,153.6,0.01,COMPLETE
10166,0.6875,2026-04-08 21:53:34.384911,2026-04-08 21:53:41.710383,0 days 00:00:07.325472,370.0,1.0,117.4,155.0,0.28,COMPLETE
10167,0.6875,2026-04-08 21:53:41.729631,2026-04-08 21:53:48.606774,0 days 00:00:06.877143,329.0,1.0,121.3,156.3,0.51,COMPLETE
10168,0.6875,2026-04-08 21:53:48.625323,2026-04-08 21:53:55.582327,0 days 00:00:06.957004,399.0,3.0,117.0,154.0,0.42,COMPLETE
10169,0.825,2026-04-08 21:53:55.601135,2026-04-08 21:54:30.086833,0 days 00:00:34.485698,500.0,2.0,122.4,155.8,0.6,COMPLETE
10170,0.825,2026-04-08 21:54:30.105579,2026-04-08 21:55:04.386915,0 days 00:00:34.281336,420.0,1.0,121.6,157.3,0.56,COMPLETE
10171,0.6875,2026-04-08 21:55:04.404771,2026-04-08 21:55:11.889020,0 days 00:00:07.484249,439.0,1.0,114.8,150.7,0.03,COMPLETE
10172,0.6875,2026-04-08 21:55:11.907083,2026-04-08 21:55:18.786282,0 days 00:00:06.879199,490.0,1.0,119.1,153.4,0.55,COMPLETE
10173,0.6875,2026-04-08 21:55:18.802665,2026-04-08 21:55:25.632511,0 days 00:00:06.829846,401.0,1.0,117.3,154.8,0.01,COMPLETE
10174,0.6875,2026-04-08 21:55:25.650323,2026-04-08 21:55:32.361400,0 days 00:00:06.711077,423.0,1.0,114.9,151.6,0.01,COMPLETE
10175,0.6875,2026-04-08 21:55:32.378346,2026-04-08 21:55:39.203381,0 days 00:00:06.825035,492.0,1.0,116.6,156.2,0.52,COMPLETE
10176,0.6875,2026-04-08 21:55:39.221383,2026-04-08 21:55:46.104229,0 days 00:00:06.882846,273.0,2.0,119.1,153.9,0.6900000000000001,COMPLETE
10177,0.6875,2026-04-08 21:55:46.120176,2026-04-08 21:55:52.718153,0 days 00:00:06.597977,443.0,1.0,117.3,155.1,0.23,COMPLETE
10178,0.6875,2026-04-08 21:55:52.736919,2026-04-08 21:55:59.244770,0 days 00:00:06.507851,387.0,1.0,117.5,153.7,0.54,COMPLETE
10179,0.6875,2026-04-08 21:55:59.261371,2026-04-08 21:56:06.001678,0 days 00:00:06.740307,442.0,1.0,121.7,154.5,0.35000000000000003,COMPLETE
10180,0.825,2026-04-08 21:56:06.019839,2026-04-08 21:56:40.374872,0 days 00:00:34.355033,304.0,1.0,118.6,155.9,0.14,COMPLETE
10181,0.825,2026-04-08 21:56:40.392012,2026-04-08 21:57:14.431943,0 days 00:00:34.039931,500.0,2.0,115.9,154.1,0.02,COMPLETE
10182,0.825,2026-04-08 21:57:14.451467,2026-04-08 21:57:21.528863,0 days 00:00:07.077396,450.0,1.0,116.8,153.5,0.23,COMPLETE
10183,0.825,2026-04-08 21:57:21.543976,2026-04-08 21:57:55.909230,0 days 00:00:34.365254,331.0,1.0,119.3,153.4,0.25,COMPLETE
10184,0.825,2026-04-08 21:57:55.928673,2026-04-08 21:58:30.191994,0 days 00:00:34.263321,384.0,3.0,122.5,157.6,0.12,COMPLETE
10185,0.825,2026-04-08 21:58:30.207389,2026-04-08 21:59:04.239106,0 days 00:00:34.031717,450.0,2.0,119.7,156.3,0.8,COMPLETE
10186,0.6875,2026-04-08 21:59:04.257404,2026-04-08 21:59:11.626827,0 days 00:00:07.369423,421.0,1.0,113.2,153.4,0.35000000000000003,COMPLETE
10187,0.6875,2026-04-08 21:59:11.643383,2026-04-08 21:59:19.162010,0 days 00:00:07.518627,337.0,2.0,117.6,148.1,0.43,COMPLETE
10188,0.6875,2026-04-08 21:59:19.180575,2026-04-08 21:59:26.948335,0 days 00:00:07.767760,472.0,2.0,113.4,158.3,0.46,COMPLETE
10189,0.825,2026-04-08 21:59:26.965689,2026-04-08 21:59:41.542509,0 days 00:00:14.576820,451.0,2.0,125.0,156.0,0.42,COMPLETE
10190,0.6875,2026-04-08 21:59:41.558804,2026-04-08 21:59:49.404612,0 days 00:00:07.845808,346.0,1.0,116.4,156.5,0.3,COMPLETE
10191,0.6875,2026-04-08 21:59:49.420895,2026-04-08 21:59:56.251277,0 days 00:00:06.830382,407.0,2.0,115.0,153.9,0.0,COMPLETE
10192,0.6875,2026-04-08 21:59:56.269748,2026-04-08 22:00:04.229295,0 days 00:00:07.959547,169.0,1.0,123.5,154.2,0.02,COMPLETE
10193,0.825,2026-04-08 22:00:04.250491,2026-04-08 22:00:38.718046,0 days 00:00:34.467555,362.0,2.0,117.2,155.8,0.01,COMPLETE
10194,0.6875,2026-04-08 22:00:38.737124,2026-04-08 22:00:46.251752,0 days 00:00:07.514628,428.0,2.0,124.4,151.6,0.49,COMPLETE
10195,0.6875,2026-04-08 22:00:46.268414,2026-04-08 22:00:53.921679,0 days 00:00:07.653265,431.0,1.0,115.0,154.5,0.0,COMPLETE
10196,0.6875,2026-04-08 22:00:53.940680,2026-04-08 22:01:00.689451,0 days 00:00:06.748771,454.0,1.0,116.4,157.3,0.25,COMPLETE
10197,0.6875,2026-04-08 22:01:00.705761,2026-04-08 22:01:07.240049,0 days 00:00:06.534288,500.0,1.0,117.1,157.7,0.24,COMPLETE
10198,0.6875,2026-04-08 22:01:07.259217,2026-04-08 22:01:14.239224,0 days 00:00:06.980007,414.0,1.0,114.9,157.3,0.35000000000000003,COMPLETE
10199,0.6875,2026-04-08 22:01:14.254396,2026-04-08 22:01:21.936499,0 days 00:00:07.682103,427.0,2.0,125.0,157.7,0.13,COMPLETE
10200,0.6875,2026-04-08 22:01:21.955344,2026-04-08 22:01:29.341046,0 days 00:00:07.385702,449.0,1.0,117.1,156.3,0.87,COMPLETE
10201,0.6875,2026-04-08 22:01:29.356696,2026-04-08 22:01:36.766965,0 days 00:00:07.410269,260.0,2.0,121.5,152.0,0.31,COMPLETE
10202,0.825,2026-04-08 22:01:36.787133,2026-04-08 22:02:10.882843,0 days 00:00:34.095710,433.0,2.0,121.9,155.4,0.31,COMPLETE
10203,0.6875,2026-04-08 22:02:10.901995,2026-04-08 22:02:18.462517,0 days 00:00:07.560522,344.0,1.0,116.6,152.0,0.03,COMPLETE
10204,0.825,2026-04-08 22:02:18.480795,2026-04-08 22:02:53.113518,0 days 00:00:34.632723,345.0,2.0,122.9,155.7,0.31,COMPLETE
10205,0.6875,2026-04-08 22:02:53.132036,2026-04-08 22:03:00.574820,0 days 00:00:07.442784,332.0,1.0,115.6,152.6,0.32,COMPLETE
10206,0.825,2026-04-08 22:03:00.592298,2026-04-08 22:03:34.847391,0 days 00:00:34.255093,372.0,2.0,120.0,154.7,0.06,COMPLETE
10207,0.6875,2026-04-08 22:03:34.866073,2026-04-08 22:03:41.982430,0 days 00:00:07.116357,452.0,1.0,115.3,154.6,0.31,COMPLETE
10208,0.6875,2026-04-08 22:03:41.998273,2026-04-08 22:03:49.316803,0 days 00:00:07.318530,493.0,2.0,122.7,153.1,0.77,COMPLETE
10209,0.825,2026-04-08 22:03:49.336139,2026-04-08 22:04:23.499375,0 days 00:00:34.163236,415.0,1.0,123.2,152.1,0.0,COMPLETE
10210,0.6875,2026-04-08 22:04:23.515289,2026-04-08 22:04:31.102653,0 days 00:00:07.587364,351.0,1.0,117.2,155.0,0.0,COMPLETE
10211,0.6875,2026-04-08 22:04:31.121024,2026-04-08 22:04:38.661933,0 days 00:00:07.540909,269.0,2.0,124.5,154.9,0.54,COMPLETE
10212,0.6875,2026-04-08 22:04:38.680500,2026-04-08 22:04:45.979947,0 days 00:00:07.299447,409.0,2.0,117.8,152.4,0.29,COMPLETE
10213,0.6875,2026-04-08 22:04:45.998295,2026-04-08 22:04:53.758579,0 days 00:00:07.760284,196.0,2.0,124.6,154.6,0.23,COMPLETE
10214,0.6875,2026-04-08 22:04:53.775151,2026-04-08 22:05:01.424793,0 days 00:00:07.649642,432.0,1.0,115.1,153.5,0.27,COMPLETE
10215,0.6875,2026-04-08 22:05:01.443066,2026-04-08 22:05:08.663474,0 days 00:00:07.220408,422.0,2.0,121.6,153.6,0.49,COMPLETE
10216,0.6875,2026-04-08 22:05:08.679287,2026-04-08 22:05:15.938902,0 days 00:00:07.259615,441.0,1.0,115.1,156.1,0.49,COMPLETE
10217,0.825,2026-04-08 22:05:15.957015,2026-04-08 22:05:50.002803,0 days 00:00:34.045788,443.0,1.0,116.4,155.1,0.0,COMPLETE
10218,0.6875,2026-04-08 22:05:50.022265,2026-04-08 22:05:56.742607,0 days 00:00:06.720342,461.0,1.0,117.5,154.4,0.27,COMPLETE
10219,0.6875,2026-04-08 22:05:56.760969,2026-04-08 22:06:04.176001,0 days 00:00:07.415032,201.0,2.0,121.8,154.3,0.33,COMPLETE
10220,0.6875,2026-04-08 22:06:04.195892,2026-04-08 22:06:10.783523,0 days 00:00:06.587631,288.0,3.0,120.7,154.9,0.02,COMPLETE
10221,0.6875,2026-04-08 22:06:10.802407,2026-04-08 22:06:17.934788,0 days 00:00:07.132381,393.0,1.0,115.1,157.0,0.26,COMPLETE
10222,0.825,2026-04-08 22:06:17.953760,2026-04-08 22:06:51.952082,0 days 00:00:33.998322,409.0,1.0,117.3,156.3,0.24,COMPLETE
10223,0.6875,2026-04-08 22:06:51.971021,2026-04-08 22:06:59.082501,0 days 00:00:07.111480,422.0,1.0,114.7,152.0,0.0,COMPLETE
10224,0.6875,2026-04-08 22:06:59.101187,2026-04-08 22:07:06.897193,0 days 00:00:07.796006,261.0,2.0,123.6,155.0,0.25,COMPLETE
10225,0.825,2026-04-08 22:07:06.913959,2026-04-08 22:07:11.989270,0 days 00:00:05.075311,360.0,1.0,122.5,155.2,0.43,COMPLETE
10226,0.6875,2026-04-08 22:07:12.007398,2026-04-08 22:07:19.356779,0 days 00:00:07.349381,336.0,1.0,115.4,153.9,0.5,COMPLETE
10227,0.825,2026-04-08 22:07:19.375049,2026-04-08 22:07:53.417218,0 days 00:00:34.042169,492.0,1.0,115.9,151.9,0.27,COMPLETE
10228,0.6875,2026-04-08 22:07:53.436057,2026-04-08 22:08:01.021364,0 days 00:00:07.585307,254.0,2.0,121.2,156.0,0.24,COMPLETE
10229,0.6875,2026-04-08 22:08:01.037435,2026-04-08 22:08:07.979693,0 days 00:00:06.942258,479.0,3.0,115.6,155.0,0.02,COMPLETE
10230,0.6875,2026-04-08 22:08:07.998907,2026-04-08 22:08:15.039888,0 days 00:00:07.040981,462.0,2.0,122.1,154.0,0.22,COMPLETE
10231,0.6875,2026-04-08 22:08:15.055557,2026-04-08 22:08:22.167810,0 days 00:00:07.112253,448.0,2.0,115.0,154.9,0.25,COMPLETE
10232,0.6875,2026-04-08 22:08:22.186700,2026-04-08 22:08:29.018569,0 days 00:00:06.831869,384.0,2.0,117.5,154.7,0.31,COMPLETE
10233,0.6875,2026-04-08 22:08:29.033660,2026-04-08 22:08:35.547119,0 days 00:00:06.513459,448.0,2.0,115.8,154.8,0.49,COMPLETE
10234,0.671875,2026-04-08 22:08:35.566678,2026-04-08 22:08:42.853495,0 days 00:00:07.286817,207.0,2.0,120.6,154.7,0.03,COMPLETE
10235,0.6875,2026-04-08 22:08:42.869093,2026-04-08 22:08:49.910165,0 days 00:00:07.041072,495.0,1.0,127.0,153.5,0.43,COMPLETE
10236,0.6875,2026-04-08 22:08:49.929801,2026-04-08 22:08:57.856827,0 days 00:00:07.927026,338.0,1.0,115.1,154.4,0.01,COMPLETE
10237,0.6875,2026-04-08 22:08:57.873812,2026-04-08 22:09:05.043144,0 days 00:00:07.169332,391.0,3.0,122.0,157.6,1.04,COMPLETE
10238,0.6875,2026-04-08 22:09:05.061885,2026-04-08 22:09:12.183732,0 days 00:00:07.121847,365.0,1.0,116.2,153.6,0.25,COMPLETE
10239,0.825,2026-04-08 22:09:12.199832,2026-04-08 22:09:46.287938,0 days 00:00:34.088106,416.0,1.0,118.3,152.8,0.31,COMPLETE
10240,0.6875,2026-04-08 22:09:46.306835,2026-04-08 22:09:53.302353,0 days 00:00:06.995518,495.0,1.0,115.6,156.3,0.22,COMPLETE
10241,0.6875,2026-04-08 22:09:53.317913,2026-04-08 22:10:00.355884,0 days 00:00:07.037971,324.0,1.0,117.4,154.3,0.58,COMPLETE
10242,0.6875,2026-04-08 22:10:00.375108,2026-04-08 22:10:07.265091,0 days 00:00:06.889983,380.0,1.0,120.8,151.9,0.44,COMPLETE
10243,0.6875,2026-04-08 22:10:07.281579,2026-04-08 22:10:14.615387,0 days 00:00:07.333808,386.0,1.0,115.9,157.5,0.01,COMPLETE
10244,0.6875,2026-04-08 22:10:14.634130,2026-04-08 22:10:21.158158,0 days 00:00:06.524028,405.0,2.0,115.5,156.9,0.08,COMPLETE
10245,0.6875,2026-04-08 22:10:21.174201,2026-04-08 22:10:28.162219,0 days 00:00:06.988018,325.0,2.0,115.6,153.9,0.01,COMPLETE
10246,0.825,2026-04-08 22:10:28.181551,2026-04-08 22:11:02.582628,0 days 00:00:34.401077,394.0,1.0,120.7,156.2,0.48,COMPLETE
10247,0.6875,2026-04-08 22:11:02.601802,2026-04-08 22:11:09.890388,0 days 00:00:07.288586,392.0,1.0,115.0,154.7,0.22,COMPLETE
10248,0.6875,2026-04-08 22:11:09.909329,2026-04-08 22:11:17.394771,0 days 00:00:07.485442,461.0,1.0,123.8,155.0,0.58,COMPLETE
10249,0.825,2026-04-08 22:11:17.410812,2026-04-08 22:11:51.464000,0 days 00:00:34.053188,428.0,2.0,120.9,156.6,0.62,COMPLETE
10250,0.825,2026-04-08 22:11:51.483395,2026-04-08 22:12:25.532281,0 days 00:00:34.048886,373.0,1.0,118.0,156.6,0.54,COMPLETE
10251,0.6875,2026-04-08 22:12:25.551080,2026-04-08 22:12:32.420893,0 days 00:00:06.869813,469.0,1.0,116.7,155.3,0.0,COMPLETE
10252,0.6875,2026-04-08 22:12:32.439437,2026-04-08 22:12:39.473380,0 days 00:00:07.033943,393.0,1.0,113.6,153.8,0.02,COMPLETE
10253,0.825,2026-04-08 22:12:39.492734,2026-04-08 22:13:14.162186,0 days 00:00:34.669452,410.0,1.0,120.2,157.1,0.89,COMPLETE
10254,0.6875,2026-04-08 22:13:14.178513,2026-04-08 22:13:21.792929,0 days 00:00:07.614416,424.0,1.0,113.1,151.8,0.33,COMPLETE
10255,0.6875,2026-04-08 22:13:21.811797,2026-04-08 22:13:29.322320,0 days 00:00:07.510523,370.0,1.0,121.7,153.9,0.23,COMPLETE
10256,0.6875,2026-04-08 22:13:29.337964,2026-04-08 22:13:36.345707,0 days 00:00:07.007743,497.0,1.0,116.9,152.6,0.0,COMPLETE
10257,0.825,2026-04-08 22:13:36.363889,2026-04-08 22:13:50.041529,0 days 00:00:13.677640,394.0,1.0,117.7,154.4,0.0,COMPLETE
10258,0.825,2026-04-08 22:13:50.060591,2026-04-08 22:14:23.816590,0 days 00:00:33.755999,413.0,2.0,118.1,154.5,0.01,COMPLETE
10259,0.6875,2026-04-08 22:14:23.833133,2026-04-08 22:14:30.628268,0 days 00:00:06.795135,397.0,2.0,118.7,154.6,1.19,COMPLETE
10260,0.6875,2026-04-08 22:14:30.646391,2026-04-08 22:14:37.527466,0 days 00:00:06.881075,464.0,1.0,114.9,154.8,0.01,COMPLETE
10261,0.6875,2026-04-08 22:14:37.542795,2026-04-08 22:14:44.851065,0 days 00:00:07.308270,482.0,1.0,122.1,154.6,0.47000000000000003,COMPLETE
10262,0.6875,2026-04-08 22:14:44.866743,2026-04-08 22:14:52.201513,0 days 00:00:07.334770,472.0,1.0,114.5,154.0,0.23,COMPLETE
10263,0.6875,2026-04-08 22:14:52.223499,2026-04-08 22:15:00.044291,0 days 00:00:07.820792,299.0,2.0,123.8,153.8,0.01,COMPLETE
10264,0.6875,2026-04-08 22:15:00.063205,2026-04-08 22:15:07.649678,0 days 00:00:07.586473,359.0,1.0,114.4,156.1,0.38,COMPLETE
10265,0.6875,2026-04-08 22:15:07.665794,2026-04-08 22:15:15.441865,0 days 00:00:07.776071,499.0,2.0,125.2,154.3,0.86,COMPLETE
10266,0.825,2026-04-08 22:15:15.460138,2026-04-08 22:15:50.086843,0 days 00:00:34.626705,381.0,1.0,119.3,157.3,0.19,COMPLETE
10267,0.6875,2026-04-08 22:15:50.105609,2026-04-08 22:15:56.969935,0 days 00:00:06.864326,427.0,2.0,116.7,157.0,0.0,COMPLETE
