number,value,datetime_start,datetime_complete,duration,params_voltage,params_width,params_x,params_y,params_z,state
3126,0.6875,2026-04-05 11:35:08.039020,2026-04-05 11:35:15.715613,0 days 00:00:07.676593,311.0,1.0,124.7,153.8,0.66,COMPLETE
3127,0.6875,2026-04-05 11:35:15.727820,2026-04-05 11:35:22.564779,0 days 00:00:06.836959,461.0,1.0,126.5,157.4,1.83,COMPLETE
3128,0.6875,2026-04-05 11:35:22.577282,2026-04-05 11:35:31.144244,0 days 00:00:08.566962,227.0,3.0,113.7,152.9,1.93,COMPLETE
3129,0.825,2026-04-05 11:35:31.156265,2026-04-05 11:36:06.115993,0 days 00:00:34.959728,434.0,1.0,123.4,154.5,0.12,COMPLETE
3130,0.6875,2026-04-05 11:36:06.127881,2026-04-05 11:36:13.182413,0 days 00:00:07.054532,352.0,1.0,125.7,156.7,0.04,COMPLETE
3131,0.6875,2026-04-05 11:36:13.194803,2026-04-05 11:36:21.177685,0 days 00:00:07.982882,383.0,1.0,113.1,153.9,0.29,COMPLETE
3132,0.6875,2026-04-05 11:36:21.189551,2026-04-05 11:36:28.799535,0 days 00:00:07.609984,439.0,2.0,123.1,152.4,0.8200000000000001,COMPLETE
3133,0.6875,2026-04-05 11:36:28.811503,2026-04-05 11:36:36.022414,0 days 00:00:07.210911,387.0,1.0,116.1,151.9,0.26,COMPLETE
3134,0.6875,2026-04-05 11:36:36.034479,2026-04-05 11:36:42.735401,0 days 00:00:06.700922,478.0,2.0,113.0,152.0,0.37,COMPLETE
3135,0.825,2026-04-05 11:36:42.744368,2026-04-05 11:37:18.032333,0 days 00:00:35.287965,320.0,2.0,124.9,153.8,0.03,COMPLETE
3136,0.6875,2026-04-05 11:37:18.043956,2026-04-05 11:37:24.923263,0 days 00:00:06.879307,384.0,3.0,124.4,151.9,0.56,COMPLETE
3137,0.6875,2026-04-05 11:37:24.935472,2026-04-05 11:37:31.618287,0 days 00:00:06.682815,488.0,2.0,124.1,154.2,0.6,COMPLETE
3138,0.825,2026-04-05 11:37:31.630111,2026-04-05 11:38:05.981853,0 days 00:00:34.351742,467.0,1.0,118.9,154.5,0.47000000000000003,COMPLETE
3139,0.6875,2026-04-05 11:38:05.993940,2026-04-05 11:38:13.046441,0 days 00:00:07.052501,387.0,1.0,116.6,153.1,0.0,COMPLETE
3140,0.825,2026-04-05 11:38:13.058099,2026-04-05 11:38:47.120601,0 days 00:00:34.062502,408.0,1.0,119.1,155.1,0.0,COMPLETE
3141,0.825,2026-04-05 11:38:47.132497,2026-04-05 11:39:21.437903,0 days 00:00:34.305406,364.0,1.0,123.2,152.9,0.26,COMPLETE
3142,0.825,2026-04-05 11:39:21.449756,2026-04-05 11:39:55.739314,0 days 00:00:34.289558,306.0,2.0,122.7,156.8,0.11,COMPLETE
3143,0.825,2026-04-05 11:39:55.751499,2026-04-05 11:40:29.833918,0 days 00:00:34.082419,374.0,2.0,123.1,155.1,0.29,COMPLETE
3144,0.6875,2026-04-05 11:40:29.846232,2026-04-05 11:40:36.747993,0 days 00:00:06.901761,459.0,3.0,122.0,152.1,0.63,COMPLETE
3145,0.6875,2026-04-05 11:40:36.757534,2026-04-05 11:40:44.051850,0 days 00:00:07.294316,461.0,1.0,114.9,154.8,0.03,COMPLETE
3146,0.825,2026-04-05 11:40:44.064896,2026-04-05 11:41:19.667593,0 days 00:00:35.602697,330.0,1.0,122.7,156.4,0.01,COMPLETE
3147,0.6875,2026-04-05 11:41:19.681054,2026-04-05 11:41:26.397048,0 days 00:00:06.715994,426.0,1.0,120.5,154.6,0.38,COMPLETE
3148,0.825,2026-04-05 11:41:26.409906,2026-04-05 11:42:00.135914,0 days 00:00:33.726008,487.0,2.0,122.1,155.6,0.5,COMPLETE
3149,0.6875,2026-04-05 11:42:00.147700,2026-04-05 11:42:07.104588,0 days 00:00:06.956888,445.0,2.0,120.8,158.0,0.45,COMPLETE
3150,0.825,2026-04-05 11:42:07.114687,2026-04-05 11:42:41.382078,0 days 00:00:34.267391,302.0,1.0,120.5,156.1,0.04,COMPLETE
3151,0.6875,2026-04-05 11:42:41.390916,2026-04-05 11:42:48.348668,0 days 00:00:06.957752,313.0,1.0,124.5,155.4,0.41000000000000003,COMPLETE
3152,0.6875,2026-04-05 11:42:48.360348,2026-04-05 11:42:55.133096,0 days 00:00:06.772748,415.0,3.0,126.3,152.6,0.65,COMPLETE
3153,0.6875,2026-04-05 11:42:55.145309,2026-04-05 11:43:01.924897,0 days 00:00:06.779588,402.0,2.0,124.0,155.4,0.43,COMPLETE
3154,0.6875,2026-04-05 11:43:01.936245,2026-04-05 11:43:09.175707,0 days 00:00:07.239462,365.0,2.0,119.0,150.5,0.39,COMPLETE
3155,0.6875,2026-04-05 11:43:09.187993,2026-04-05 11:43:16.094999,0 days 00:00:06.907006,378.0,2.0,123.6,151.7,0.34,COMPLETE
3156,0.825,2026-04-05 11:43:16.107365,2026-04-05 11:43:50.496216,0 days 00:00:34.388851,389.0,1.0,118.4,152.5,0.03,COMPLETE
3157,0.6875,2026-04-05 11:43:50.508154,2026-04-05 11:43:58.352233,0 days 00:00:07.844079,187.0,1.0,122.5,158.6,0.12,COMPLETE
3158,0.825,2026-04-05 11:43:58.361627,2026-04-05 11:44:32.472216,0 days 00:00:34.110589,499.0,2.0,122.9,155.0,0.32,COMPLETE
3159,0.6875,2026-04-05 11:44:32.481206,2026-04-05 11:44:39.582530,0 days 00:00:07.101324,300.0,1.0,122.9,151.3,0.42,COMPLETE
3160,0.6875,2026-04-05 11:44:39.593785,2026-04-05 11:44:46.286486,0 days 00:00:06.692701,456.0,3.0,124.0,153.0,0.56,COMPLETE
3161,0.6875,2026-04-05 11:44:46.298358,2026-04-05 11:44:53.342217,0 days 00:00:07.043859,352.0,1.0,124.5,155.9,0.25,COMPLETE
3162,0.6875,2026-04-05 11:44:53.366879,2026-04-05 11:45:00.945751,0 days 00:00:07.578872,444.0,1.0,115.0,157.8,0.37,COMPLETE
3163,0.6875,2026-04-05 11:45:00.958023,2026-04-05 11:45:07.830357,0 days 00:00:06.872334,423.0,1.0,115.8,153.4,0.22,COMPLETE
3164,0.6875,2026-04-05 11:45:07.842214,2026-04-05 11:45:15.057450,0 days 00:00:07.215236,283.0,2.0,120.5,152.3,0.09,COMPLETE
3165,0.6875,2026-04-05 11:45:15.069347,2026-04-05 11:45:21.681158,0 days 00:00:06.611811,439.0,1.0,121.3,151.0,0.18,COMPLETE
3166,0.6875,2026-04-05 11:45:21.693107,2026-04-05 11:45:28.434327,0 days 00:00:06.741220,498.0,1.0,119.5,152.7,0.41000000000000003,COMPLETE
3167,0.6875,2026-04-05 11:45:28.443481,2026-04-05 11:45:35.195457,0 days 00:00:06.751976,467.0,1.0,117.2,154.1,0.41000000000000003,COMPLETE
3168,0.825,2026-04-05 11:45:35.207817,2026-04-05 11:46:09.975934,0 days 00:00:34.768117,480.0,3.0,118.9,156.3,0.86,COMPLETE
3169,0.825,2026-04-05 11:46:09.987351,2026-04-05 11:46:43.789076,0 days 00:00:33.801725,457.0,2.0,119.0,154.8,0.41000000000000003,COMPLETE
3170,0.6875,2026-04-05 11:46:43.800725,2026-04-05 11:46:50.956009,0 days 00:00:07.155284,378.0,2.0,117.3,152.7,0.29,COMPLETE
3171,0.6875,2026-04-05 11:46:50.968437,2026-04-05 11:46:57.987082,0 days 00:00:07.018645,466.0,2.0,122.6,153.5,0.53,COMPLETE
3172,0.6875,2026-04-05 11:46:57.996881,2026-04-05 11:47:05.529857,0 days 00:00:07.532976,461.0,1.0,113.2,155.1,0.92,COMPLETE
3173,0.6875,2026-04-05 11:47:05.541726,2026-04-05 11:47:13.003345,0 days 00:00:07.461619,499.0,3.0,121.8,153.0,0.58,COMPLETE
3174,0.6875,2026-04-05 11:47:13.015532,2026-04-05 11:47:20.530690,0 days 00:00:07.515158,166.0,2.0,122.1,156.3,0.03,COMPLETE
3175,0.825,2026-04-05 11:47:20.539325,2026-04-05 11:47:37.354101,0 days 00:00:16.814776,490.0,2.0,126.4,153.2,0.37,COMPLETE
3176,0.6875,2026-04-05 11:47:37.366316,2026-04-05 11:47:45.309226,0 days 00:00:07.942910,391.0,1.0,115.4,157.0,0.44,COMPLETE
3177,0.6875,2026-04-05 11:47:45.320976,2026-04-05 11:47:52.902298,0 days 00:00:07.581322,244.0,1.0,124.1,153.6,0.03,COMPLETE
3178,0.6875,2026-04-05 11:47:52.914238,2026-04-05 11:48:00.513704,0 days 00:00:07.599466,250.0,2.0,113.1,155.8,1.9000000000000001,COMPLETE
3179,0.6875,2026-04-05 11:48:00.525514,2026-04-05 11:48:07.929953,0 days 00:00:07.404439,151.0,1.0,118.0,152.8,0.79,COMPLETE
3180,0.6875,2026-04-05 11:48:07.942089,2026-04-05 11:48:14.591603,0 days 00:00:06.649514,369.0,1.0,116.6,155.2,0.23,COMPLETE
3181,0.825,2026-04-05 11:48:14.603401,2026-04-05 11:48:48.479039,0 days 00:00:33.875638,441.0,1.0,119.4,157.1,0.25,COMPLETE
3182,0.6875,2026-04-05 11:48:48.490577,2026-04-05 11:48:55.688487,0 days 00:00:07.197910,263.0,1.0,122.7,154.1,0.29,COMPLETE
3183,0.6875,2026-04-05 11:48:55.718628,2026-04-05 11:49:02.543827,0 days 00:00:06.825199,234.0,2.0,126.7,154.8,0.65,COMPLETE
3184,0.6875,2026-04-05 11:49:02.553140,2026-04-05 11:49:09.047747,0 days 00:00:06.494607,322.0,1.0,126.9,154.1,0.5,COMPLETE
3185,0.825,2026-04-05 11:49:09.059611,2026-04-05 11:49:42.990896,0 days 00:00:33.931285,486.0,3.0,125.7,153.7,0.53,COMPLETE
3186,0.671875,2026-04-05 11:49:43.002339,2026-04-05 11:49:50.177069,0 days 00:00:07.174730,352.0,1.0,122.3,154.5,0.14,COMPLETE
3187,0.6875,2026-04-05 11:49:50.189367,2026-04-05 11:49:57.533481,0 days 00:00:07.344114,389.0,1.0,114.6,155.1,0.0,COMPLETE
3188,0.6875,2026-04-05 11:49:57.542806,2026-04-05 11:50:05.075006,0 days 00:00:07.532200,447.0,1.0,124.0,154.0,0.78,COMPLETE
3189,0.825,2026-04-05 11:50:05.086671,2026-04-05 11:51:00.725903,0 days 00:00:55.639232,360.0,1.0,124.5,155.1,0.04,COMPLETE
3190,0.6875,2026-04-05 11:51:00.737910,2026-04-05 11:51:07.502253,0 days 00:00:06.764343,390.0,2.0,124.0,156.6,0.85,COMPLETE
3191,0.6875,2026-04-05 11:51:07.514259,2026-04-05 11:51:14.802754,0 days 00:00:07.288495,386.0,1.0,120.1,150.4,0.38,COMPLETE
3192,0.6875,2026-04-05 11:51:14.814855,2026-04-05 11:51:21.651125,0 days 00:00:06.836270,452.0,3.0,116.1,151.0,0.17,COMPLETE
3193,0.6875,2026-04-05 11:51:21.662814,2026-04-05 11:51:28.767373,0 days 00:00:07.104559,409.0,1.0,121.3,153.7,0.48,COMPLETE
3194,0.6875,2026-04-05 11:51:28.779002,2026-04-05 11:51:35.963037,0 days 00:00:07.184035,446.0,1.0,114.7,154.3,0.33,COMPLETE
3195,0.6875,2026-04-05 11:51:35.974999,2026-04-05 11:51:43.392747,0 days 00:00:07.417748,314.0,1.0,121.5,153.9,0.01,COMPLETE
3196,0.825,2026-04-05 11:51:43.404418,2026-04-05 11:52:17.624580,0 days 00:00:34.220162,435.0,1.0,117.3,156.9,0.35000000000000003,COMPLETE
3197,0.0,2026-04-05 11:52:17.636292,2026-04-05 11:52:24.489999,0 days 00:00:06.853707,462.0,1.0,115.7,153.7,0.0,COMPLETE
3198,0.6875,2026-04-05 11:52:24.499196,2026-04-05 11:52:30.972164,0 days 00:00:06.472968,437.0,1.0,114.8,153.5,0.06,COMPLETE
3199,0.671875,2026-04-05 11:52:30.984418,2026-04-05 11:52:37.782391,0 days 00:00:06.797973,448.0,1.0,116.4,151.3,0.06,COMPLETE
3200,0.6875,2026-04-05 11:52:37.793903,2026-04-05 11:52:44.601196,0 days 00:00:06.807293,441.0,1.0,115.2,155.2,0.28,COMPLETE
3201,0.6875,2026-04-05 11:52:44.612911,2026-04-05 11:52:51.734434,0 days 00:00:07.121523,391.0,1.0,120.4,151.8,0.03,COMPLETE
3202,0.6875,2026-04-05 11:52:51.746638,2026-04-05 11:52:58.749639,0 days 00:00:07.003001,451.0,1.0,116.0,154.4,0.27,COMPLETE
3203,0.6875,2026-04-05 11:52:58.760665,2026-04-05 11:53:05.412879,0 days 00:00:06.652214,451.0,1.0,115.8,152.2,0.19,COMPLETE
3204,0.6875,2026-04-05 11:53:05.424380,2026-04-05 11:53:12.000540,0 days 00:00:06.576160,445.0,1.0,114.5,151.6,0.17,COMPLETE
3205,0.6875,2026-04-05 11:53:12.013762,2026-04-05 11:53:18.869527,0 days 00:00:06.855765,449.0,1.0,115.1,155.7,0.35000000000000003,COMPLETE
3206,0.6875,2026-04-05 11:53:18.882595,2026-04-05 11:53:25.566813,0 days 00:00:06.684218,450.0,1.0,114.1,153.5,0.1,COMPLETE
3207,0.6875,2026-04-05 11:53:25.578402,2026-04-05 11:53:32.048169,0 days 00:00:06.469767,455.0,1.0,114.5,153.7,0.03,COMPLETE
3208,0.6875,2026-04-05 11:53:32.057528,2026-04-05 11:53:38.829599,0 days 00:00:06.772071,474.0,1.0,117.2,153.7,0.23,COMPLETE
3209,0.6875,2026-04-05 11:53:38.842138,2026-04-05 11:53:45.404230,0 days 00:00:06.562092,499.0,1.0,115.8,153.8,0.06,COMPLETE
3210,0.825,2026-04-05 11:53:45.416652,2026-04-05 11:53:50.454938,0 days 00:00:05.038286,467.0,1.0,116.1,154.9,0.3,COMPLETE
3211,0.6875,2026-04-05 11:53:50.466753,2026-04-05 11:53:57.255932,0 days 00:00:06.789179,445.0,1.0,116.1,152.8,0.26,COMPLETE
3212,0.6875,2026-04-05 11:53:57.267600,2026-04-05 11:54:04.018043,0 days 00:00:06.750443,338.0,1.0,115.5,152.9,0.09,COMPLETE
3213,0.6875,2026-04-05 11:54:04.027393,2026-04-05 11:54:11.461034,0 days 00:00:07.433641,367.0,3.0,119.9,159.9,0.4,COMPLETE
3214,0.6875,2026-04-05 11:54:11.473454,2026-04-05 11:54:18.865963,0 days 00:00:07.392509,458.0,1.0,117.3,151.8,0.09,COMPLETE
3215,0.6875,2026-04-05 11:54:18.877814,2026-04-05 11:54:25.700763,0 days 00:00:06.822949,479.0,1.0,115.1,154.8,0.12,COMPLETE
3216,0.6875,2026-04-05 11:54:25.712537,2026-04-05 11:54:32.503577,0 days 00:00:06.791040,453.0,1.0,114.7,151.1,0.01,COMPLETE
3217,0.825,2026-04-05 11:54:32.515616,2026-04-05 11:54:37.906360,0 days 00:00:05.390744,436.0,1.0,116.9,155.2,0.0,COMPLETE
3218,0.825,2026-04-05 11:54:37.915571,2026-04-05 11:54:57.872169,0 days 00:00:19.956598,412.0,1.0,116.2,154.9,0.22,COMPLETE
3219,0.825,2026-04-05 11:54:57.884665,2026-04-05 11:55:31.921547,0 days 00:00:34.036882,438.0,1.0,118.4,154.6,0.14,COMPLETE
3220,0.6875,2026-04-05 11:55:31.933121,2026-04-05 11:55:38.792571,0 days 00:00:06.859450,447.0,1.0,115.6,154.2,0.01,COMPLETE
3221,0.825,2026-04-05 11:55:38.805241,2026-04-05 11:56:12.912667,0 days 00:00:34.107426,477.0,1.0,117.9,153.2,0.02,COMPLETE
3222,0.6875,2026-04-05 11:56:12.924352,2026-04-05 11:56:20.629332,0 days 00:00:07.704980,235.0,3.0,120.4,148.0,1.58,COMPLETE
3223,0.6875,2026-04-05 11:56:20.639256,2026-04-05 11:56:28.118983,0 days 00:00:07.479727,484.0,1.0,115.4,154.8,0.31,COMPLETE
3224,0.6875,2026-04-05 11:56:28.130829,2026-04-05 11:56:36.070354,0 days 00:00:07.939525,244.0,1.0,123.8,157.0,0.21,COMPLETE
3225,0.6875,2026-04-05 11:56:36.082556,2026-04-05 11:56:43.233826,0 days 00:00:07.151270,485.0,2.0,120.3,151.8,1.7,COMPLETE
3226,0.6875,2026-04-05 11:56:43.242725,2026-04-05 11:56:50.348623,0 days 00:00:07.105898,282.0,2.0,121.8,155.7,0.38,COMPLETE
3227,0.825,2026-04-05 11:56:50.360514,2026-04-05 11:57:24.321813,0 days 00:00:33.961299,430.0,3.0,122.7,156.4,0.32,COMPLETE
3228,0.6875,2026-04-05 11:57:24.333233,2026-04-05 11:57:31.322157,0 days 00:00:06.988924,416.0,1.0,126.9,154.7,0.37,COMPLETE
3229,0.6875,2026-04-05 11:57:31.333846,2026-04-05 11:57:38.989220,0 days 00:00:07.655374,481.0,1.0,116.8,152.7,0.12,COMPLETE
3230,0.6875,2026-04-05 11:57:38.998044,2026-04-05 11:57:46.363286,0 days 00:00:07.365242,366.0,1.0,121.7,156.3,0.91,COMPLETE
3231,0.825,2026-04-05 11:57:46.375608,2026-04-05 11:58:00.130612,0 days 00:00:13.755004,464.0,1.0,117.0,153.7,0.07,COMPLETE
3232,0.6875,2026-04-05 11:58:00.139799,2026-04-05 11:58:07.014936,0 days 00:00:06.875137,481.0,1.0,114.2,152.0,0.33,COMPLETE
3233,0.825,2026-04-05 11:58:07.026670,2026-04-05 11:58:28.277314,0 days 00:00:21.250644,406.0,1.0,123.0,154.7,0.28,COMPLETE
3234,0.6875,2026-04-05 11:58:28.286888,2026-04-05 11:58:35.547557,0 days 00:00:07.260669,290.0,2.0,126.9,156.5,0.32,COMPLETE
3235,0.825,2026-04-05 11:58:35.559871,2026-04-05 11:58:40.941297,0 days 00:00:05.381426,495.0,3.0,122.8,154.2,0.31,COMPLETE
3236,0.6875,2026-04-05 11:58:40.953471,2026-04-05 11:58:48.622040,0 days 00:00:07.668569,373.0,1.0,114.9,153.0,0.05,COMPLETE
3237,0.6875,2026-04-05 11:58:48.634069,2026-04-05 11:58:55.169896,0 days 00:00:06.535827,469.0,1.0,115.6,153.7,0.14,COMPLETE
3238,0.6875,2026-04-05 11:58:55.181552,2026-04-05 11:59:01.736848,0 days 00:00:06.555296,497.0,1.0,114.3,153.8,0.27,COMPLETE
3239,0.6875,2026-04-05 11:59:01.748670,2026-04-05 11:59:09.342490,0 days 00:00:07.593820,381.0,1.0,121.8,154.6,0.3,COMPLETE
3240,0.6875,2026-04-05 11:59:09.353857,2026-04-05 11:59:16.557082,0 days 00:00:07.203225,475.0,2.0,116.2,157.8,1.62,COMPLETE
3241,0.671875,2026-04-05 11:59:16.569201,2026-04-05 11:59:23.537416,0 days 00:00:06.968215,383.0,1.0,114.9,155.1,0.27,COMPLETE
3242,0.6875,2026-04-05 11:59:23.546962,2026-04-05 11:59:30.180857,0 days 00:00:06.633895,429.0,1.0,113.7,154.1,0.01,COMPLETE
3243,0.825,2026-04-05 11:59:30.190025,2026-04-05 12:00:04.319729,0 days 00:00:34.129704,486.0,1.0,116.1,156.8,0.07,COMPLETE
3244,0.6875,2026-04-05 12:00:04.334299,2026-04-05 12:00:11.829774,0 days 00:00:07.495475,380.0,1.0,113.2,152.0,0.03,COMPLETE
3245,0.6875,2026-04-05 12:00:11.843508,2026-04-05 12:00:19.985135,0 days 00:00:08.141627,213.0,1.0,122.2,156.1,0.01,COMPLETE
3246,0.6875,2026-04-05 12:00:19.999535,2026-04-05 12:00:27.846486,0 days 00:00:07.846951,333.0,1.0,113.3,148.8,0.04,COMPLETE
3247,0.6875,2026-04-05 12:00:27.857681,2026-04-05 12:00:36.051658,0 days 00:00:08.193977,194.0,1.0,123.2,155.5,1.06,COMPLETE
3248,0.6875,2026-04-05 12:00:36.065380,2026-04-05 12:00:43.010606,0 days 00:00:06.945226,235.0,1.0,126.3,153.3,0.25,COMPLETE
3249,0.825,2026-04-05 12:00:43.024921,2026-04-05 12:01:17.825989,0 days 00:00:34.801068,492.0,1.0,117.8,156.3,0.01,COMPLETE
3250,0.6875,2026-04-05 12:01:17.840388,2026-04-05 12:01:25.430289,0 days 00:00:07.589901,322.0,3.0,122.0,151.5,1.97,COMPLETE
3251,0.6875,2026-04-05 12:01:25.443977,2026-04-05 12:01:32.671777,0 days 00:00:07.227800,487.0,1.0,115.5,153.9,0.04,COMPLETE
3252,0.6875,2026-04-05 12:01:32.686112,2026-04-05 12:01:39.362055,0 days 00:00:06.675943,468.0,1.0,113.8,152.7,0.0,COMPLETE
3253,0.6875,2026-04-05 12:01:39.375970,2026-04-05 12:01:46.846444,0 days 00:00:07.470474,289.0,1.0,120.7,157.6,0.01,COMPLETE
3254,0.6875,2026-04-05 12:01:46.860444,2026-04-05 12:01:54.057130,0 days 00:00:07.196686,434.0,1.0,113.6,153.7,0.51,COMPLETE
3255,0.6875,2026-04-05 12:01:54.071057,2026-04-05 12:02:00.779022,0 days 00:00:06.707965,496.0,1.0,116.0,155.3,0.23,COMPLETE
3256,0.6875,2026-04-05 12:02:00.788903,2026-04-05 12:02:07.498399,0 days 00:00:06.709496,408.0,1.0,117.6,154.9,0.04,COMPLETE
3257,0.6875,2026-04-05 12:02:07.512467,2026-04-05 12:02:14.572820,0 days 00:00:07.060353,364.0,1.0,123.7,152.0,0.66,COMPLETE
3258,0.6875,2026-04-05 12:02:14.586998,2026-04-05 12:02:22.094739,0 days 00:00:07.507741,411.0,1.0,115.3,157.9,0.06,COMPLETE
3259,0.825,2026-04-05 12:02:22.108620,2026-04-05 12:02:37.493808,0 days 00:00:15.385188,418.0,2.0,126.0,153.4,0.3,COMPLETE
3260,0.6875,2026-04-05 12:02:37.508584,2026-04-05 12:02:44.923853,0 days 00:00:07.415269,434.0,1.0,116.9,156.0,0.33,COMPLETE
3261,0.825,2026-04-05 12:02:44.937992,2026-04-05 12:02:52.214998,0 days 00:00:07.277006,468.0,1.0,119.7,152.9,0.05,COMPLETE
3262,0.6875,2026-04-05 12:02:52.229848,2026-04-05 12:02:59.547883,0 days 00:00:07.318035,262.0,1.0,125.6,155.6,0.3,COMPLETE
3263,0.671875,2026-04-05 12:02:59.592969,2026-04-05 12:03:06.232489,0 days 00:00:06.639520,412.0,1.0,123.1,154.2,0.52,COMPLETE
3264,0.825,2026-04-05 12:03:06.247071,2026-04-05 12:03:40.632848,0 days 00:00:34.385777,374.0,1.0,116.5,155.0,0.03,COMPLETE
3265,0.6875,2026-04-05 12:03:40.646847,2026-04-05 12:03:48.044438,0 days 00:00:07.397591,375.0,2.0,123.7,154.1,1.11,COMPLETE
3266,0.825,2026-04-05 12:03:48.058902,2026-04-05 12:04:03.420462,0 days 00:00:15.361560,471.0,1.0,116.8,156.4,0.01,COMPLETE
3267,0.825,2026-04-05 12:04:03.434278,2026-04-05 12:04:37.984754,0 days 00:00:34.550476,428.0,2.0,122.9,155.0,0.31,COMPLETE
3268,0.6875,2026-04-05 12:04:37.999226,2026-04-05 12:04:45.146579,0 days 00:00:07.147353,269.0,1.0,122.1,152.3,0.03,COMPLETE
3269,0.6875,2026-04-05 12:04:45.160562,2026-04-05 12:04:51.901450,0 days 00:00:06.740888,488.0,3.0,120.3,154.0,0.6,COMPLETE
3270,0.6875,2026-04-05 12:04:51.912429,2026-04-05 12:04:59.512883,0 days 00:00:07.600454,381.0,1.0,126.8,149.3,0.52,COMPLETE
3271,0.6875,2026-04-05 12:04:59.527267,2026-04-05 12:05:07.248680,0 days 00:00:07.721413,500.0,1.0,116.8,153.2,0.02,COMPLETE
3272,0.6875,2026-04-05 12:05:07.262482,2026-04-05 12:05:15.129771,0 days 00:00:07.867289,422.0,1.0,125.8,157.6,0.45,COMPLETE
3273,0.6875,2026-04-05 12:05:15.139586,2026-04-05 12:05:22.123615,0 days 00:00:06.984029,259.0,1.0,123.9,156.4,0.78,COMPLETE
3274,0.825,2026-04-05 12:05:22.137947,2026-04-05 12:05:56.311856,0 days 00:00:34.173909,498.0,1.0,118.8,157.6,0.0,COMPLETE
3275,0.6875,2026-04-05 12:05:56.326156,2026-04-05 12:06:03.267469,0 days 00:00:06.941313,432.0,1.0,115.3,155.6,0.05,COMPLETE
3276,0.6875,2026-04-05 12:06:03.281943,2026-04-05 12:06:09.971665,0 days 00:00:06.689722,432.0,1.0,113.5,153.6,1.3800000000000001,COMPLETE
3277,0.825,2026-04-05 12:06:10.026229,2026-04-05 12:06:44.207518,0 days 00:00:34.181289,464.0,2.0,115.5,156.2,0.01,COMPLETE
3278,0.6875,2026-04-05 12:06:44.221853,2026-04-05 12:06:51.055888,0 days 00:00:06.834035,474.0,1.0,115.3,157.4,1.16,COMPLETE
3279,0.6875,2026-04-05 12:06:51.069967,2026-04-05 12:06:57.869863,0 days 00:00:06.799896,437.0,1.0,113.2,154.3,1.09,COMPLETE
3280,0.6875,2026-04-05 12:06:57.883436,2026-04-05 12:07:05.248085,0 days 00:00:07.364649,496.0,1.0,121.0,154.2,0.42,COMPLETE
3281,0.6875,2026-04-05 12:07:05.259897,2026-04-05 12:07:12.462869,0 days 00:00:07.202972,487.0,1.0,114.0,154.4,0.0,COMPLETE
3282,0.6875,2026-04-05 12:07:12.510611,2026-04-05 12:07:20.117817,0 days 00:00:07.607206,230.0,2.0,120.3,153.9,0.12,COMPLETE
3283,0.6875,2026-04-05 12:07:20.128883,2026-04-05 12:07:27.125014,0 days 00:00:06.996131,406.0,1.0,115.9,151.3,0.0,COMPLETE
3284,0.6875,2026-04-05 12:07:27.139118,2026-04-05 12:07:34.579887,0 days 00:00:07.440769,332.0,1.0,115.5,157.8,0.01,COMPLETE
3285,0.825,2026-04-05 12:07:34.593799,2026-04-05 12:08:08.673963,0 days 00:00:34.080164,461.0,1.0,116.5,155.3,0.0,COMPLETE
3286,0.6875,2026-04-05 12:08:08.688038,2026-04-05 12:08:16.466217,0 days 00:00:07.778179,368.0,1.0,122.6,150.1,0.45,COMPLETE
3287,0.6875,2026-04-05 12:08:16.476143,2026-04-05 12:08:23.617593,0 days 00:00:07.141450,357.0,1.0,124.5,156.3,0.51,COMPLETE
3288,0.6875,2026-04-05 12:08:23.631712,2026-04-05 12:08:31.079296,0 days 00:00:07.447584,246.0,1.0,125.2,149.5,0.55,COMPLETE
3289,0.6875,2026-04-05 12:08:31.093070,2026-04-05 12:08:38.692928,0 days 00:00:07.599858,432.0,1.0,116.2,153.2,0.13,COMPLETE
3290,0.6875,2026-04-05 12:08:38.703003,2026-04-05 12:08:46.274422,0 days 00:00:07.571419,166.0,1.0,118.8,156.1,1.98,COMPLETE
3291,0.6875,2026-04-05 12:08:46.288786,2026-04-05 12:08:53.653949,0 days 00:00:07.365163,270.0,1.0,126.7,156.1,0.49,COMPLETE
3292,0.671875,2026-04-05 12:08:53.668515,2026-04-05 12:09:01.204799,0 days 00:00:07.536284,437.0,1.0,117.1,155.5,0.0,COMPLETE
3293,0.6875,2026-04-05 12:09:01.266203,2026-04-05 12:09:08.959236,0 days 00:00:07.693033,399.0,1.0,125.5,149.6,1.6,COMPLETE
3294,0.6875,2026-04-05 12:09:08.973263,2026-04-05 12:09:17.265746,0 days 00:00:08.292483,419.0,1.0,113.4,157.4,0.02,COMPLETE
3295,0.825,2026-04-05 12:09:17.279682,2026-04-05 12:10:14.148161,0 days 00:00:56.868479,448.0,3.0,125.1,154.4,0.23,COMPLETE
3296,0.6875,2026-04-05 12:10:14.161870,2026-04-05 12:10:21.248059,0 days 00:00:07.086189,368.0,1.0,122.3,158.1,0.31,COMPLETE
3297,0.6875,2026-04-05 12:10:21.258001,2026-04-05 12:10:28.067068,0 days 00:00:06.809067,304.0,1.0,125.3,158.4,0.29,COMPLETE
3298,0.6875,2026-04-05 12:10:28.081389,2026-04-05 12:10:34.745176,0 days 00:00:06.663787,291.0,1.0,124.0,155.0,0.27,COMPLETE
3299,0.6875,2026-04-05 12:10:34.759321,2026-04-05 12:10:41.989635,0 days 00:00:07.230314,492.0,1.0,116.0,156.6,0.56,COMPLETE
