number,value,datetime_start,datetime_complete,duration,params_voltage,params_width,params_x,params_y,params_z,state
7479,0.6875,2026-04-06 22:42:13.054332,2026-04-06 22:42:20.463843,0 days 00:00:07.409511,353.0,1.0,114.8,158.7,0.0,COMPLETE
7480,0.6875,2026-04-06 22:42:20.479486,2026-04-06 22:42:27.556418,0 days 00:00:07.076932,437.0,1.0,118.0,153.6,0.9400000000000001,COMPLETE
7481,0.825,2026-04-06 22:42:27.573340,2026-04-06 22:43:02.660549,0 days 00:00:35.087209,394.0,2.0,123.9,156.4,0.0,COMPLETE
7482,0.6875,2026-04-06 22:43:02.678102,2026-04-06 22:43:10.169176,0 days 00:00:07.491074,428.0,2.0,115.6,153.0,0.2,COMPLETE
7483,0.825,2026-04-06 22:43:10.186625,2026-04-06 22:43:44.191128,0 days 00:00:34.004503,446.0,1.0,117.9,156.2,0.43,COMPLETE
7484,0.6875,2026-04-06 22:43:44.208091,2026-04-06 22:43:51.198845,0 days 00:00:06.990754,446.0,1.0,114.3,154.3,0.26,COMPLETE
7485,0.825,2026-04-06 22:43:51.213075,2026-04-06 22:43:58.422811,0 days 00:00:07.209736,437.0,1.0,116.4,154.0,0.28,COMPLETE
7486,0.6875,2026-04-06 22:43:58.439494,2026-04-06 22:44:05.009744,0 days 00:00:06.570250,386.0,1.0,116.3,153.5,0.29,COMPLETE
7487,0.825,2026-04-06 22:44:05.027850,2026-04-06 22:44:38.953462,0 days 00:00:33.925612,499.0,1.0,118.4,154.9,0.2,COMPLETE
7488,0.6875,2026-04-06 22:44:38.970435,2026-04-06 22:44:46.065097,0 days 00:00:07.094662,203.0,2.0,119.9,153.8,0.0,COMPLETE
7489,0.6875,2026-04-06 22:44:46.082126,2026-04-06 22:44:53.049716,0 days 00:00:06.967590,345.0,1.0,115.1,156.4,0.18,COMPLETE
7490,0.6875,2026-04-06 22:44:53.067593,2026-04-06 22:44:59.832361,0 days 00:00:06.764768,354.0,1.0,118.1,153.9,0.3,COMPLETE
7491,0.6875,2026-04-06 22:44:59.849248,2026-04-06 22:45:06.457899,0 days 00:00:06.608651,354.0,1.0,117.6,154.6,0.39,COMPLETE
7492,0.825,2026-04-06 22:45:06.473946,2026-04-06 22:45:40.427763,0 days 00:00:33.953817,396.0,1.0,119.2,156.0,0.18,COMPLETE
7493,0.6875,2026-04-06 22:45:40.445517,2026-04-06 22:45:47.723449,0 days 00:00:07.277932,187.0,1.0,121.5,152.5,0.25,COMPLETE
7494,0.6875,2026-04-06 22:45:47.737172,2026-04-06 22:45:54.264766,0 days 00:00:06.527594,292.0,2.0,120.0,153.4,0.32,COMPLETE
7495,0.6875,2026-04-06 22:45:54.282618,2026-04-06 22:46:01.032898,0 days 00:00:06.750280,499.0,1.0,123.5,155.7,0.64,COMPLETE
7496,0.6875,2026-04-06 22:46:01.046946,2026-04-06 22:46:08.432721,0 days 00:00:07.385775,498.0,1.0,115.7,153.6,0.46,COMPLETE
7497,0.6875,2026-04-06 22:46:08.450513,2026-04-06 22:46:15.552163,0 days 00:00:07.101650,370.0,1.0,116.6,158.7,0.42,COMPLETE
7498,0.825,2026-04-06 22:46:15.566650,2026-04-06 22:46:35.383730,0 days 00:00:19.817080,428.0,1.0,116.3,155.0,0.01,COMPLETE
7499,0.6875,2026-04-06 22:46:35.400897,2026-04-06 22:46:42.294664,0 days 00:00:06.893767,356.0,1.0,117.7,157.7,0.04,COMPLETE
7500,0.6875,2026-04-06 22:46:42.311403,2026-04-06 22:46:49.188890,0 days 00:00:06.877487,418.0,1.0,119.0,152.4,0.59,COMPLETE
7501,0.6875,2026-04-06 22:46:49.203848,2026-04-06 22:46:56.274304,0 days 00:00:07.070456,456.0,1.0,113.3,153.4,0.23,COMPLETE
7502,0.6875,2026-04-06 22:46:56.287576,2026-04-06 22:47:03.293309,0 days 00:00:07.005733,332.0,1.0,117.0,155.4,0.0,COMPLETE
7503,0.6875,2026-04-06 22:47:03.306715,2026-04-06 22:47:10.737898,0 days 00:00:07.431183,197.0,2.0,123.3,156.0,0.28,COMPLETE
7504,0.825,2026-04-06 22:47:10.754682,2026-04-06 22:47:45.044921,0 days 00:00:34.290239,435.0,1.0,117.9,156.1,0.26,COMPLETE
7505,0.825,2026-04-06 22:47:45.062058,2026-04-06 22:48:19.381155,0 days 00:00:34.319097,451.0,2.0,123.8,156.0,0.19,COMPLETE
7506,0.6875,2026-04-06 22:48:19.397122,2026-04-06 22:48:27.157006,0 days 00:00:07.759884,379.0,2.0,115.9,150.9,0.02,COMPLETE
7507,0.671875,2026-04-06 22:48:27.173726,2026-04-06 22:48:34.073586,0 days 00:00:06.899860,425.0,1.0,117.7,154.8,0.0,COMPLETE
7508,0.6875,2026-04-06 22:48:34.088129,2026-04-06 22:48:40.862722,0 days 00:00:06.774593,496.0,1.0,115.2,154.6,0.17,COMPLETE
7509,0.825,2026-04-06 22:48:40.879334,2026-04-06 22:49:15.171314,0 days 00:00:34.291980,410.0,1.0,119.0,153.9,0.0,COMPLETE
7510,0.6875,2026-04-06 22:49:15.189311,2026-04-06 22:49:21.939848,0 days 00:00:06.750537,491.0,2.0,120.1,155.5,1.02,COMPLETE
7511,0.6875,2026-04-06 22:49:21.952915,2026-04-06 22:49:29.172485,0 days 00:00:07.219570,375.0,2.0,116.1,151.2,0.33,COMPLETE
7512,0.6875,2026-04-06 22:49:29.190644,2026-04-06 22:49:36.126250,0 days 00:00:06.935606,282.0,2.0,117.7,155.1,0.1,COMPLETE
7513,0.6875,2026-04-06 22:49:36.141021,2026-04-06 22:49:42.874120,0 days 00:00:06.733099,457.0,1.0,113.9,153.3,0.0,COMPLETE
7514,0.6875,2026-04-06 22:49:42.888704,2026-04-06 22:49:49.714903,0 days 00:00:06.826199,396.0,1.0,114.8,156.8,0.01,COMPLETE
7515,0.6875,2026-04-06 22:49:49.729516,2026-04-06 22:49:56.434110,0 days 00:00:06.704594,422.0,1.0,114.3,153.4,0.22,COMPLETE
7516,0.6875,2026-04-06 22:49:56.451960,2026-04-06 22:50:03.318697,0 days 00:00:06.866737,417.0,1.0,117.2,157.4,0.22,COMPLETE
7517,0.6875,2026-04-06 22:50:03.332741,2026-04-06 22:50:10.440493,0 days 00:00:07.107752,315.0,1.0,116.7,153.6,0.43,COMPLETE
7518,0.6875,2026-04-06 22:50:10.457609,2026-04-06 22:50:16.927251,0 days 00:00:06.469642,390.0,1.0,116.5,154.7,0.01,COMPLETE
7519,0.6875,2026-04-06 22:50:16.943561,2026-04-06 22:50:23.737648,0 days 00:00:06.794087,436.0,2.0,113.0,152.2,0.72,COMPLETE
7520,0.825,2026-04-06 22:50:23.754933,2026-04-06 22:50:44.218596,0 days 00:00:20.463663,474.0,1.0,118.8,151.5,0.21,COMPLETE
7521,0.6875,2026-04-06 22:50:44.236793,2026-04-06 22:50:51.533567,0 days 00:00:07.296774,394.0,1.0,115.2,155.8,0.21,COMPLETE
7522,0.6875,2026-04-06 22:50:51.550272,2026-04-06 22:50:59.098429,0 days 00:00:07.548157,319.0,2.0,122.9,159.7,0.37,COMPLETE
7523,0.825,2026-04-06 22:50:59.115351,2026-04-06 22:51:33.172981,0 days 00:00:34.057630,427.0,1.0,123.2,155.7,0.26,COMPLETE
7524,0.703125,2026-04-06 22:51:33.186577,2026-04-06 22:51:40.147322,0 days 00:00:06.960745,398.0,2.0,118.3,153.4,0.3,COMPLETE
7525,0.6875,2026-04-06 22:51:40.164268,2026-04-06 22:51:47.374604,0 days 00:00:07.210336,209.0,2.0,121.8,155.4,0.0,COMPLETE
7526,0.825,2026-04-06 22:51:47.389233,2026-04-06 22:52:21.546182,0 days 00:00:34.156949,494.0,1.0,117.6,153.5,0.04,COMPLETE
7527,0.6875,2026-04-06 22:52:21.561128,2026-04-06 22:52:28.632886,0 days 00:00:07.071758,400.0,1.0,122.0,154.0,0.23,COMPLETE
7528,0.6875,2026-04-06 22:52:28.649390,2026-04-06 22:52:35.385842,0 days 00:00:06.736452,407.0,1.0,117.8,154.6,0.26,COMPLETE
7529,0.6875,2026-04-06 22:52:35.400269,2026-04-06 22:52:42.504578,0 days 00:00:07.104309,347.0,3.0,113.1,153.3,0.13,COMPLETE
7530,0.6875,2026-04-06 22:52:42.521180,2026-04-06 22:52:49.510162,0 days 00:00:06.988982,373.0,1.0,117.9,155.5,0.5,COMPLETE
7531,0.6875,2026-04-06 22:52:49.524253,2026-04-06 22:52:56.149288,0 days 00:00:06.625035,471.0,1.0,116.2,157.0,0.36,COMPLETE
7532,0.6875,2026-04-06 22:52:56.165986,2026-04-06 22:53:02.921936,0 days 00:00:06.755950,465.0,1.0,114.6,156.0,0.0,COMPLETE
7533,0.6875,2026-04-06 22:53:02.938004,2026-04-06 22:53:09.727987,0 days 00:00:06.789983,372.0,2.0,115.7,156.2,0.0,COMPLETE
7534,0.825,2026-04-06 22:53:09.744597,2026-04-06 22:53:43.716341,0 days 00:00:33.971744,459.0,2.0,118.0,155.3,0.35000000000000003,COMPLETE
7535,0.825,2026-04-06 22:53:43.733580,2026-04-06 22:54:17.757011,0 days 00:00:34.023431,446.0,2.0,117.9,157.1,0.27,COMPLETE
7536,0.6875,2026-04-06 22:54:17.771755,2026-04-06 22:54:24.610924,0 days 00:00:06.839169,397.0,2.0,113.5,156.1,0.63,COMPLETE
7537,0.825,2026-04-06 22:54:24.627635,2026-04-06 22:54:58.986675,0 days 00:00:34.359040,370.0,1.0,118.2,152.9,0.03,COMPLETE
7538,0.825,2026-04-06 22:54:59.004702,2026-04-06 22:55:33.273478,0 days 00:00:34.268776,321.0,2.0,123.5,155.5,0.0,COMPLETE
7539,0.6875,2026-04-06 22:55:33.288261,2026-04-06 22:55:40.869678,0 days 00:00:07.581417,436.0,1.0,114.2,155.1,0.5700000000000001,COMPLETE
7540,0.6875,2026-04-06 22:55:40.886614,2026-04-06 22:55:47.869652,0 days 00:00:06.983038,352.0,1.0,115.1,153.1,0.24,COMPLETE
7541,0.6875,2026-04-06 22:55:47.884690,2026-04-06 22:55:54.614151,0 days 00:00:06.729461,499.0,2.0,115.3,156.6,0.02,COMPLETE
7542,0.6875,2026-04-06 22:55:54.627482,2026-04-06 22:56:01.826257,0 days 00:00:07.198775,386.0,1.0,117.5,152.4,0.0,COMPLETE
7543,0.825,2026-04-06 22:56:01.843906,2026-04-06 22:56:36.009410,0 days 00:00:34.165504,370.0,1.0,119.1,154.3,0.0,COMPLETE
7544,0.6875,2026-04-06 22:56:36.026470,2026-04-06 22:56:42.756369,0 days 00:00:06.729899,361.0,1.0,121.8,154.0,0.07,COMPLETE
7545,0.6875,2026-04-06 22:56:42.770396,2026-04-06 22:56:49.364066,0 days 00:00:06.593670,394.0,1.0,119.3,154.5,0.5700000000000001,COMPLETE
7546,0.6875,2026-04-06 22:56:49.382806,2026-04-06 22:56:56.213673,0 days 00:00:06.830867,378.0,1.0,114.4,153.8,0.21,COMPLETE
7547,0.6875,2026-04-06 22:56:56.230753,2026-04-06 22:57:02.773649,0 days 00:00:06.542896,401.0,1.0,116.0,152.9,0.47000000000000003,COMPLETE
7548,0.6875,2026-04-06 22:57:02.791283,2026-04-06 22:57:09.389445,0 days 00:00:06.598162,451.0,2.0,118.1,153.6,0.33,COMPLETE
7549,0.825,2026-04-06 22:57:09.406051,2026-04-06 22:57:43.857244,0 days 00:00:34.451193,418.0,2.0,123.7,156.1,0.36,COMPLETE
7550,0.825,2026-04-06 22:57:43.873878,2026-04-06 22:58:18.162784,0 days 00:00:34.288906,330.0,1.0,119.2,155.7,0.24,COMPLETE
7551,0.6875,2026-04-06 22:58:18.180380,2026-04-06 22:58:24.771570,0 days 00:00:06.591190,418.0,2.0,117.4,155.0,0.01,COMPLETE
7552,0.6875,2026-04-06 22:58:24.788829,2026-04-06 22:58:31.344633,0 days 00:00:06.555804,379.0,2.0,115.4,154.6,0.28,COMPLETE
7553,0.825,2026-04-06 22:58:31.362002,2026-04-06 22:59:05.510265,0 days 00:00:34.148263,448.0,1.0,118.9,154.7,0.24,COMPLETE
7554,0.6875,2026-04-06 22:59:05.527398,2026-04-06 22:59:12.345756,0 days 00:00:06.818358,448.0,1.0,116.4,153.3,0.3,COMPLETE
7555,0.825,2026-04-06 22:59:12.362513,2026-04-06 22:59:46.463580,0 days 00:00:34.101067,394.0,1.0,119.3,152.8,0.31,COMPLETE
7556,0.6875,2026-04-06 22:59:46.481069,2026-04-06 22:59:56.512937,0 days 00:00:10.031868,242.0,3.0,120.5,155.5,0.41000000000000003,COMPLETE
7557,0.6875,2026-04-06 22:59:56.527174,2026-04-06 23:00:03.291378,0 days 00:00:06.764204,242.0,2.0,120.3,151.2,0.29,COMPLETE
7558,0.825,2026-04-06 23:00:03.307618,2026-04-06 23:00:37.461985,0 days 00:00:34.154367,500.0,2.0,121.8,155.0,0.24,COMPLETE
7559,0.6875,2026-04-06 23:00:37.479688,2026-04-06 23:00:44.784349,0 days 00:00:07.304661,388.0,1.0,117.3,156.3,0.53,COMPLETE
7560,0.6875,2026-04-06 23:00:44.801091,2026-04-06 23:00:51.681153,0 days 00:00:06.880062,428.0,1.0,116.2,151.5,0.01,COMPLETE
7561,0.6875,2026-04-06 23:00:51.698486,2026-04-06 23:00:59.102902,0 days 00:00:07.404416,497.0,2.0,123.8,154.3,0.45,COMPLETE
7562,0.6875,2026-04-06 23:00:59.119049,2026-04-06 23:01:05.989541,0 days 00:00:06.870492,285.0,2.0,122.4,153.9,0.01,COMPLETE
7563,0.6875,2026-04-06 23:01:06.004266,2026-04-06 23:01:12.891814,0 days 00:00:06.887548,411.0,1.0,117.6,153.6,0.0,COMPLETE
7564,0.6875,2026-04-06 23:01:12.908767,2026-04-06 23:01:19.457024,0 days 00:00:06.548257,418.0,1.0,117.0,153.5,0.25,COMPLETE
7565,0.6875,2026-04-06 23:01:19.471245,2026-04-06 23:01:25.999954,0 days 00:00:06.528709,474.0,1.0,117.1,155.2,0.24,COMPLETE
7566,0.6875,2026-04-06 23:01:26.016405,2026-04-06 23:01:32.950895,0 days 00:00:06.934490,306.0,1.0,117.0,159.2,0.07,COMPLETE
7567,0.6875,2026-04-06 23:01:32.967541,2026-04-06 23:01:39.828010,0 days 00:00:06.860469,360.0,1.0,114.7,155.9,0.01,COMPLETE
7568,0.6875,2026-04-06 23:01:39.844713,2026-04-06 23:01:46.742790,0 days 00:00:06.898077,398.0,1.0,114.6,152.1,0.07,COMPLETE
7569,0.6875,2026-04-06 23:01:46.757789,2026-04-06 23:01:53.703111,0 days 00:00:06.945322,336.0,1.0,118.7,151.8,0.38,COMPLETE
7570,0.825,2026-04-06 23:01:53.719915,2026-04-06 23:02:28.480386,0 days 00:00:34.760471,407.0,1.0,116.7,153.6,0.01,COMPLETE
7571,0.6875,2026-04-06 23:02:28.497153,2026-04-06 23:02:35.312323,0 days 00:00:06.815170,399.0,2.0,113.9,154.3,0.0,COMPLETE
7572,0.6875,2026-04-06 23:02:35.327973,2026-04-06 23:02:41.903502,0 days 00:00:06.575529,402.0,1.0,115.1,154.6,0.19,COMPLETE
7573,0.6875,2026-04-06 23:02:41.920374,2026-04-06 23:02:48.746930,0 days 00:00:06.826556,488.0,2.0,114.8,159.2,0.0,COMPLETE
7574,0.6875,2026-04-06 23:02:48.761581,2026-04-06 23:02:56.505822,0 days 00:00:07.744241,246.0,3.0,120.9,152.8,0.27,COMPLETE
7575,0.6875,2026-04-06 23:02:56.523273,2026-04-06 23:03:03.336951,0 days 00:00:06.813678,376.0,1.0,116.1,153.0,0.02,COMPLETE
7576,0.6875,2026-04-06 23:03:03.350805,2026-04-06 23:03:10.236320,0 days 00:00:06.885515,377.0,1.0,115.7,156.9,0.0,COMPLETE
7577,0.671875,2026-04-06 23:03:10.253978,2026-04-06 23:03:17.041565,0 days 00:00:06.787587,371.0,1.0,117.7,154.9,0.03,COMPLETE
7578,0.671875,2026-04-06 23:03:17.055916,2026-04-06 23:03:23.884611,0 days 00:00:06.828695,437.0,1.0,116.6,151.3,0.0,COMPLETE
7579,0.6875,2026-04-06 23:03:23.902098,2026-04-06 23:03:31.220076,0 days 00:00:07.317978,304.0,1.0,117.9,157.1,0.34,COMPLETE
7580,0.6875,2026-04-06 23:03:31.236932,2026-04-06 23:03:37.980812,0 days 00:00:06.743880,453.0,1.0,117.8,154.8,0.6,COMPLETE
7581,0.671875,2026-04-06 23:03:37.998335,2026-04-06 23:03:44.725620,0 days 00:00:06.727285,493.0,1.0,115.5,155.3,0.02,COMPLETE
7582,0.6875,2026-04-06 23:03:44.742676,2026-04-06 23:03:51.303279,0 days 00:00:06.560603,493.0,2.0,114.5,155.0,0.24,COMPLETE
7583,0.6875,2026-04-06 23:03:51.319285,2026-04-06 23:03:57.985185,0 days 00:00:06.665900,403.0,1.0,114.4,153.9,0.01,COMPLETE
7584,0.825,2026-04-06 23:03:58.001766,2026-04-06 23:04:32.438278,0 days 00:00:34.436512,421.0,1.0,119.8,157.2,0.05,COMPLETE
7585,0.6875,2026-04-06 23:04:32.455219,2026-04-06 23:04:39.264359,0 days 00:00:06.809140,422.0,1.0,117.6,154.7,0.31,COMPLETE
7586,0.6875,2026-04-06 23:04:39.281740,2026-04-06 23:04:46.106742,0 days 00:00:06.825002,488.0,2.0,113.9,153.5,0.39,COMPLETE
7587,0.6875,2026-04-06 23:04:46.123851,2026-04-06 23:04:53.131804,0 days 00:00:07.007953,343.0,1.0,116.8,155.5,0.0,COMPLETE
7588,0.6875,2026-04-06 23:04:53.148717,2026-04-06 23:05:00.371177,0 days 00:00:07.222460,436.0,1.0,123.0,158.1,0.08,COMPLETE
7589,0.825,2026-04-06 23:05:00.389510,2026-04-06 23:05:34.664205,0 days 00:00:34.274695,430.0,1.0,125.1,154.3,0.42,COMPLETE
7590,0.6875,2026-04-06 23:05:34.678032,2026-04-06 23:05:41.561509,0 days 00:00:06.883477,492.0,2.0,124.6,157.1,0.92,COMPLETE
7591,0.6875,2026-04-06 23:05:41.579026,2026-04-06 23:05:48.779255,0 days 00:00:07.200229,350.0,1.0,121.2,154.6,0.14,COMPLETE
7592,0.6875,2026-04-06 23:05:48.793888,2026-04-06 23:05:55.597049,0 days 00:00:06.803161,470.0,1.0,117.0,152.6,0.56,COMPLETE
7593,0.6875,2026-04-06 23:05:55.614174,2026-04-06 23:06:03.315978,0 days 00:00:07.701804,180.0,2.0,123.5,152.6,0.48,COMPLETE
7594,0.6875,2026-04-06 23:06:03.329850,2026-04-06 23:06:09.822998,0 days 00:00:06.493148,401.0,2.0,122.3,153.5,0.49,COMPLETE
7595,0.6875,2026-04-06 23:06:09.836477,2026-04-06 23:06:17.026115,0 days 00:00:07.189638,367.0,1.0,114.7,155.7,0.8300000000000001,COMPLETE
7596,0.6875,2026-04-06 23:06:17.043432,2026-04-06 23:06:24.556455,0 days 00:00:07.513023,259.0,2.0,122.9,155.2,0.37,COMPLETE
7597,0.6875,2026-04-06 23:06:24.571155,2026-04-06 23:06:31.748833,0 days 00:00:07.177678,352.0,2.0,116.6,153.0,0.26,COMPLETE
7598,0.6875,2026-04-06 23:06:31.765990,2026-04-06 23:06:38.935757,0 days 00:00:07.169767,266.0,2.0,121.1,155.1,0.0,COMPLETE
7599,0.6875,2026-04-06 23:06:38.949496,2026-04-06 23:06:45.659774,0 days 00:00:06.710278,453.0,2.0,121.6,153.2,0.66,COMPLETE
7600,0.825,2026-04-06 23:06:45.677587,2026-04-06 23:07:20.317440,0 days 00:00:34.639853,424.0,2.0,121.4,156.2,0.39,COMPLETE
7601,0.6875,2026-04-06 23:07:20.331402,2026-04-06 23:07:27.527629,0 days 00:00:07.196227,400.0,1.0,115.4,154.2,0.0,COMPLETE
7602,0.6875,2026-04-06 23:07:27.544299,2026-04-06 23:07:34.254046,0 days 00:00:06.709747,370.0,1.0,116.6,156.7,0.4,COMPLETE
7603,0.6875,2026-04-06 23:07:34.271650,2026-04-06 23:07:41.396843,0 days 00:00:07.125193,493.0,3.0,113.0,152.2,1.93,COMPLETE
7604,0.6875,2026-04-06 23:07:41.412809,2026-04-06 23:07:48.470564,0 days 00:00:07.057755,359.0,1.0,116.5,154.4,0.28,COMPLETE
7605,0.6875,2026-04-06 23:07:48.487941,2026-04-06 23:07:55.184989,0 days 00:00:06.697048,422.0,1.0,115.1,155.2,0.28,COMPLETE
7606,0.6875,2026-04-06 23:07:55.199836,2026-04-06 23:08:01.847821,0 days 00:00:06.647985,455.0,1.0,116.3,157.0,0.18,COMPLETE
7607,0.6875,2026-04-06 23:08:01.864993,2026-04-06 23:08:09.191039,0 days 00:00:07.326046,323.0,2.0,122.6,154.7,0.27,COMPLETE
7608,0.6875,2026-04-06 23:08:09.206998,2026-04-06 23:08:16.061119,0 days 00:00:06.854121,375.0,2.0,117.7,154.8,0.28,COMPLETE
7609,0.6875,2026-04-06 23:08:16.078266,2026-04-06 23:08:23.348462,0 days 00:00:07.270196,280.0,2.0,124.5,155.7,0.3,COMPLETE
7610,0.825,2026-04-06 23:08:23.363814,2026-04-06 23:08:57.630985,0 days 00:00:34.267171,457.0,1.0,119.4,155.3,0.01,COMPLETE
7611,0.6875,2026-04-06 23:08:57.647703,2026-04-06 23:09:04.175927,0 days 00:00:06.528224,423.0,1.0,120.4,154.7,0.46,COMPLETE
7612,0.6875,2026-04-06 23:09:04.192581,2026-04-06 23:09:11.349909,0 days 00:00:07.157328,448.0,1.0,114.7,156.5,0.48,COMPLETE
7613,0.6875,2026-04-06 23:09:11.363976,2026-04-06 23:09:18.062021,0 days 00:00:06.698045,411.0,1.0,116.9,156.7,0.0,COMPLETE
7614,0.671875,2026-04-06 23:09:18.078982,2026-04-06 23:09:24.637439,0 days 00:00:06.558457,494.0,1.0,116.0,155.9,0.2,COMPLETE
7615,0.6875,2026-04-06 23:09:24.653060,2026-04-06 23:09:31.835053,0 days 00:00:07.181993,341.0,1.0,116.0,151.3,0.2,COMPLETE
7616,0.6875,2026-04-06 23:09:31.851979,2026-04-06 23:09:38.724669,0 days 00:00:06.872690,461.0,1.0,113.5,154.4,0.02,COMPLETE
7617,0.6875,2026-04-06 23:09:38.737163,2026-04-06 23:09:45.415931,0 days 00:00:06.678768,424.0,1.0,115.5,154.7,0.01,COMPLETE
7618,0.6875,2026-04-06 23:09:45.432758,2026-04-06 23:09:52.576994,0 days 00:00:07.144236,352.0,1.0,115.3,160.0,0.36,COMPLETE
7619,0.825,2026-04-06 23:09:52.590925,2026-04-06 23:10:27.499571,0 days 00:00:34.908646,467.0,2.0,122.9,152.8,0.34,COMPLETE
7620,0.6875,2026-04-06 23:10:27.516816,2026-04-06 23:10:35.010991,0 days 00:00:07.494175,449.0,1.0,114.5,154.9,0.0,COMPLETE
7621,0.825,2026-04-06 23:10:35.028230,2026-04-06 23:11:09.207516,0 days 00:00:34.179286,410.0,1.0,118.4,153.1,0.27,COMPLETE
7622,0.825,2026-04-06 23:11:09.224725,2026-04-06 23:11:43.321363,0 days 00:00:34.096638,395.0,1.0,118.1,155.1,0.0,COMPLETE
7623,0.6875,2026-04-06 23:11:43.338242,2026-04-06 23:11:50.749988,0 days 00:00:07.411746,242.0,2.0,123.9,154.0,0.32,COMPLETE
7624,0.6875,2026-04-06 23:11:50.766996,2026-04-06 23:11:57.342558,0 days 00:00:06.575562,243.0,3.0,122.5,153.9,0.1,COMPLETE
7625,0.6875,2026-04-06 23:11:57.359564,2026-04-06 23:12:04.927067,0 days 00:00:07.567503,466.0,2.0,113.1,156.8,0.32,COMPLETE
7626,0.6875,2026-04-06 23:12:04.944005,2026-04-06 23:12:11.784141,0 days 00:00:06.840136,429.0,2.0,115.0,153.0,0.31,COMPLETE
7627,0.015625,2026-04-06 23:12:11.798678,2026-04-06 23:12:18.511753,0 days 00:00:06.713075,468.0,1.0,116.9,156.8,0.01,COMPLETE
7628,0.6875,2026-04-06 23:12:18.528953,2026-04-06 23:12:25.544117,0 days 00:00:07.015164,500.0,2.0,121.1,154.9,0.86,COMPLETE
7629,0.825,2026-04-06 23:12:25.558762,2026-04-06 23:12:59.574097,0 days 00:00:34.015335,498.0,2.0,123.9,155.3,0.03,COMPLETE
7630,0.6875,2026-04-06 23:12:59.590970,2026-04-06 23:13:07.539987,0 days 00:00:07.949017,311.0,1.0,113.2,151.9,0.35000000000000003,COMPLETE
7631,0.6875,2026-04-06 23:13:07.558489,2026-04-06 23:13:15.234361,0 days 00:00:07.675872,361.0,1.0,124.3,153.7,0.59,COMPLETE
7632,0.6875,2026-04-06 23:13:15.251825,2026-04-06 23:13:22.576388,0 days 00:00:07.324563,496.0,1.0,117.6,157.4,0.47000000000000003,COMPLETE
7633,0.6875,2026-04-06 23:13:22.593242,2026-04-06 23:13:29.928748,0 days 00:00:07.335506,306.0,2.0,124.6,155.2,0.46,COMPLETE
7634,0.825,2026-04-06 23:13:29.944314,2026-04-06 23:13:35.320020,0 days 00:00:05.375706,398.0,1.0,122.1,151.0,0.03,COMPLETE
7635,0.6875,2026-04-06 23:13:35.337156,2026-04-06 23:13:42.491338,0 days 00:00:07.154182,386.0,1.0,115.7,153.4,0.5700000000000001,COMPLETE
7636,0.6875,2026-04-06 23:13:42.505812,2026-04-06 23:13:49.106879,0 days 00:00:06.601067,419.0,2.0,114.5,155.8,0.04,COMPLETE
7637,0.6875,2026-04-06 23:13:49.122032,2026-04-06 23:13:56.985465,0 days 00:00:07.863433,255.0,2.0,126.2,155.8,0.0,COMPLETE
7638,0.6875,2026-04-06 23:13:57.000459,2026-04-06 23:14:04.142734,0 days 00:00:07.142275,310.0,2.0,120.0,152.1,0.0,COMPLETE
7639,0.6875,2026-04-06 23:14:04.159247,2026-04-06 23:14:11.155860,0 days 00:00:06.996613,458.0,1.0,114.7,153.7,0.21,COMPLETE
7640,0.6875,2026-04-06 23:14:11.171522,2026-04-06 23:14:17.964682,0 days 00:00:06.793160,449.0,1.0,116.1,155.9,0.33,COMPLETE
7641,0.6875,2026-04-06 23:14:17.981152,2026-04-06 23:14:24.537954,0 days 00:00:06.556802,390.0,1.0,116.1,154.6,0.24,COMPLETE
7642,0.671875,2026-04-06 23:14:24.555641,2026-04-06 23:14:31.278255,0 days 00:00:06.722614,496.0,2.0,116.3,151.6,0.01,COMPLETE
7643,0.825,2026-04-06 23:14:31.292008,2026-04-06 23:15:05.538086,0 days 00:00:34.246078,431.0,2.0,119.7,154.9,0.59,COMPLETE
7644,0.6875,2026-04-06 23:15:05.555228,2026-04-06 23:15:12.214272,0 days 00:00:06.659044,410.0,2.0,120.5,152.0,0.0,COMPLETE
7645,0.825,2026-04-06 23:15:12.227927,2026-04-06 23:15:46.466645,0 days 00:00:34.238718,364.0,1.0,118.6,155.5,0.3,COMPLETE
7646,0.6875,2026-04-06 23:15:46.484688,2026-04-06 23:15:53.368727,0 days 00:00:06.884039,497.0,2.0,116.1,154.0,0.01,COMPLETE
7647,0.6875,2026-04-06 23:15:53.383939,2026-04-06 23:16:00.432652,0 days 00:00:07.048713,388.0,2.0,120.5,154.2,0.38,COMPLETE
7648,0.6875,2026-04-06 23:16:00.449897,2026-04-06 23:16:07.662753,0 days 00:00:07.212856,403.0,2.0,126.4,155.6,0.51,COMPLETE
7649,0.6875,2026-04-06 23:16:07.680253,2026-04-06 23:16:14.730284,0 days 00:00:07.050031,460.0,1.0,119.9,153.7,0.3,COMPLETE
7650,0.825,2026-04-06 23:16:14.748024,2026-04-06 23:16:48.924725,0 days 00:00:34.176701,458.0,2.0,124.9,154.9,0.43,COMPLETE
7651,0.6875,2026-04-06 23:16:48.942570,2026-04-06 23:16:56.366497,0 days 00:00:07.423927,404.0,1.0,116.0,156.4,0.28,COMPLETE
7652,0.6875,2026-04-06 23:16:56.380661,2026-04-06 23:17:02.902864,0 days 00:00:06.522203,357.0,1.0,116.7,157.9,0.01,COMPLETE
