number,value,datetime_start,datetime_complete,duration,params_voltage,params_width,params_x,params_y,params_z,state
12688,0.6875,2026-04-09 14:33:43.460425,2026-04-09 14:33:50.863998,0 days 00:00:07.403573,196.0,2.0,123.9,154.8,0.01,COMPLETE
12689,0.6875,2026-04-09 14:33:50.883157,2026-04-09 14:33:58.193350,0 days 00:00:07.310193,406.0,1.0,117.1,152.3,0.61,COMPLETE
12690,0.825,2026-04-09 14:33:58.212119,2026-04-09 14:34:32.331994,0 days 00:00:34.119875,461.0,1.0,119.0,154.4,0.29,COMPLETE
12691,0.6875,2026-04-09 14:34:32.352343,2026-04-09 14:34:40.048270,0 days 00:00:07.695927,249.0,1.0,117.0,159.0,0.43,COMPLETE
12692,0.825,2026-04-09 14:34:40.065799,2026-04-09 14:35:14.554239,0 days 00:00:34.488440,390.0,1.0,121.8,155.0,0.0,COMPLETE
12693,0.825,2026-04-09 14:35:14.574705,2026-04-09 14:35:48.871162,0 days 00:00:34.296457,441.0,1.0,117.9,157.3,0.48,COMPLETE
12694,0.6875,2026-04-09 14:35:48.891133,2026-04-09 14:35:56.223639,0 days 00:00:07.332506,318.0,1.0,114.1,155.7,0.0,COMPLETE
12695,0.825,2026-04-09 14:35:56.242792,2026-04-09 14:36:31.127710,0 days 00:00:34.884918,304.0,3.0,122.3,156.9,0.0,COMPLETE
12696,0.6875,2026-04-09 14:36:31.148336,2026-04-09 14:36:38.274595,0 days 00:00:07.126259,399.0,2.0,123.1,152.7,0.43,COMPLETE
12697,0.6875,2026-04-09 14:36:38.291773,2026-04-09 14:36:45.113957,0 days 00:00:06.822184,460.0,2.0,121.6,154.9,0.54,COMPLETE
12698,0.6875,2026-04-09 14:36:45.134098,2026-04-09 14:36:52.303144,0 days 00:00:07.169046,270.0,3.0,123.3,151.2,0.03,COMPLETE
12699,0.6875,2026-04-09 14:36:52.320184,2026-04-09 14:36:59.770511,0 days 00:00:07.450327,482.0,1.0,115.0,151.6,0.27,COMPLETE
12700,0.6875,2026-04-09 14:36:59.790931,2026-04-09 14:37:07.452504,0 days 00:00:07.661573,230.0,2.0,119.6,155.6,0.27,COMPLETE
12701,0.6875,2026-04-09 14:37:07.469850,2026-04-09 14:37:14.263881,0 days 00:00:06.794031,406.0,1.0,121.2,153.5,0.58,COMPLETE
12702,0.6875,2026-04-09 14:37:14.283895,2026-04-09 14:37:21.400235,0 days 00:00:07.116340,420.0,2.0,115.9,155.5,0.25,COMPLETE
12703,0.6875,2026-04-09 14:37:21.417428,2026-04-09 14:37:28.223762,0 days 00:00:06.806334,469.0,1.0,113.0,157.2,0.1,COMPLETE
12704,0.671875,2026-04-09 14:37:28.244790,2026-04-09 14:37:36.256542,0 days 00:00:08.011752,296.0,2.0,123.5,155.4,0.21,COMPLETE
12705,0.6875,2026-04-09 14:37:36.273901,2026-04-09 14:37:43.778632,0 days 00:00:07.504731,486.0,2.0,115.1,156.5,0.02,COMPLETE
12706,0.825,2026-04-09 14:37:43.798847,2026-04-09 14:38:19.155339,0 days 00:00:35.356492,310.0,2.0,124.6,151.8,0.02,COMPLETE
12707,0.6875,2026-04-09 14:38:19.175112,2026-04-09 14:38:26.131782,0 days 00:00:06.956670,281.0,2.0,122.3,154.2,0.22,COMPLETE
12708,0.6875,2026-04-09 14:38:26.151057,2026-04-09 14:38:33.404430,0 days 00:00:07.253373,447.0,1.0,115.6,155.0,0.4,COMPLETE
12709,0.6875,2026-04-09 14:38:33.422559,2026-04-09 14:38:40.373084,0 days 00:00:06.950525,323.0,1.0,115.8,153.2,0.21,COMPLETE
12710,0.6875,2026-04-09 14:38:40.393433,2026-04-09 14:38:47.059548,0 days 00:00:06.666115,360.0,1.0,116.4,151.9,0.01,COMPLETE
12711,0.6875,2026-04-09 14:38:47.080224,2026-04-09 14:38:54.726730,0 days 00:00:07.646506,428.0,1.0,122.6,159.1,0.88,COMPLETE
12712,0.825,2026-04-09 14:38:54.746221,2026-04-09 14:39:29.286658,0 days 00:00:34.540437,345.0,2.0,125.1,154.8,0.29,COMPLETE
12713,0.6875,2026-04-09 14:39:29.302710,2026-04-09 14:39:36.042523,0 days 00:00:06.739813,382.0,1.0,126.5,154.9,0.6,COMPLETE
12714,0.6875,2026-04-09 14:39:36.062281,2026-04-09 14:39:43.176310,0 days 00:00:07.114029,269.0,2.0,122.9,156.4,0.71,COMPLETE
12715,0.6875,2026-04-09 14:39:43.195263,2026-04-09 14:39:50.686000,0 days 00:00:07.490737,381.0,1.0,114.5,154.5,0.21,COMPLETE
12716,0.825,2026-04-09 14:39:50.705265,2026-04-09 14:40:25.604894,0 days 00:00:34.899629,436.0,2.0,123.8,157.1,0.02,COMPLETE
12717,0.825,2026-04-09 14:40:25.622487,2026-04-09 14:41:00.176712,0 days 00:00:34.554225,368.0,3.0,125.5,151.9,0.07,COMPLETE
12718,0.6875,2026-04-09 14:41:00.197032,2026-04-09 14:41:07.636790,0 days 00:00:07.439758,322.0,1.0,117.0,155.2,0.26,COMPLETE
12719,0.6875,2026-04-09 14:41:07.654129,2026-04-09 14:41:14.280076,0 days 00:00:06.625947,400.0,1.0,119.7,153.5,0.3,COMPLETE
12720,0.6875,2026-04-09 14:41:14.297809,2026-04-09 14:41:21.225364,0 days 00:00:06.927555,471.0,1.0,114.7,154.9,0.64,COMPLETE
12721,0.6875,2026-04-09 14:41:21.241513,2026-04-09 14:41:27.930904,0 days 00:00:06.689391,416.0,1.0,116.8,156.2,0.42,COMPLETE
12722,0.825,2026-04-09 14:41:27.949436,2026-04-09 14:42:01.865189,0 days 00:00:33.915753,500.0,1.0,119.1,154.1,0.0,COMPLETE
12723,0.6875,2026-04-09 14:42:01.885485,2026-04-09 14:42:09.145992,0 days 00:00:07.260507,288.0,1.0,120.4,150.4,1.8,COMPLETE
12724,0.825,2026-04-09 14:42:09.163580,2026-04-09 14:42:43.597010,0 days 00:00:34.433430,475.0,1.0,118.5,155.7,0.29,COMPLETE
12725,0.825,2026-04-09 14:42:43.616714,2026-04-09 14:42:57.060303,0 days 00:00:13.443589,430.0,2.0,117.6,154.4,0.01,COMPLETE
12726,0.6875,2026-04-09 14:42:57.081241,2026-04-09 14:43:04.920662,0 days 00:00:07.839421,335.0,1.0,125.7,156.4,1.35,COMPLETE
12727,0.6875,2026-04-09 14:43:04.938162,2026-04-09 14:43:12.659739,0 days 00:00:07.721577,401.0,1.0,116.3,152.8,0.24,COMPLETE
12728,0.6875,2026-04-09 14:43:12.679748,2026-04-09 14:43:19.682831,0 days 00:00:07.003083,389.0,1.0,117.2,148.1,1.02,COMPLETE
12729,0.6875,2026-04-09 14:43:19.700480,2026-04-09 14:43:26.664741,0 days 00:00:06.964261,361.0,1.0,117.9,152.7,0.26,COMPLETE
12730,0.6875,2026-04-09 14:43:26.682803,2026-04-09 14:43:34.218375,0 days 00:00:07.535572,217.0,2.0,123.4,156.7,0.28,COMPLETE
12731,0.825,2026-04-09 14:43:34.235632,2026-04-09 14:44:08.349260,0 days 00:00:34.113628,442.0,2.0,120.5,156.3,0.28,COMPLETE
12732,0.6875,2026-04-09 14:44:08.369027,2026-04-09 14:44:15.892039,0 days 00:00:07.523012,364.0,2.0,115.2,154.1,0.28,COMPLETE
12733,0.6875,2026-04-09 14:44:15.910039,2026-04-09 14:44:24.080209,0 days 00:00:08.170170,165.0,2.0,124.6,157.5,0.29,COMPLETE
12734,0.825,2026-04-09 14:44:24.100082,2026-04-09 14:44:58.737565,0 days 00:00:34.637483,371.0,2.0,117.8,154.0,0.0,COMPLETE
12735,0.6875,2026-04-09 14:44:58.756502,2026-04-09 14:45:06.099691,0 days 00:00:07.343189,500.0,2.0,123.9,154.1,0.5700000000000001,COMPLETE
12736,0.825,2026-04-09 14:45:06.119311,2026-04-09 14:45:40.488800,0 days 00:00:34.369489,275.0,1.0,122.5,157.1,0.48,COMPLETE
12737,0.825,2026-04-09 14:45:40.508520,2026-04-09 14:46:15.256346,0 days 00:00:34.747826,419.0,1.0,120.2,155.9,0.16,COMPLETE
12738,0.825,2026-04-09 14:46:15.276808,2026-04-09 14:46:49.094126,0 days 00:00:33.817318,431.0,1.0,118.2,154.9,0.25,COMPLETE
12739,0.6875,2026-04-09 14:46:49.114063,2026-04-09 14:46:56.176942,0 days 00:00:07.062879,460.0,1.0,114.4,153.3,0.27,COMPLETE
12740,0.6875,2026-04-09 14:46:56.195016,2026-04-09 14:47:03.836676,0 days 00:00:07.641660,418.0,2.0,124.1,154.6,0.6900000000000001,COMPLETE
12741,0.825,2026-04-09 14:47:03.857810,2026-04-09 14:47:38.482785,0 days 00:00:34.624975,457.0,1.0,117.0,156.5,0.0,COMPLETE
12742,0.6875,2026-04-09 14:47:38.499486,2026-04-09 14:47:45.635582,0 days 00:00:07.136096,389.0,1.0,117.2,154.7,0.44,COMPLETE
12743,0.6875,2026-04-09 14:47:45.654990,2026-04-09 14:47:52.808250,0 days 00:00:07.153260,297.0,1.0,121.1,154.5,0.15,COMPLETE
12744,0.825,2026-04-09 14:47:52.828953,2026-04-09 14:48:27.152545,0 days 00:00:34.323592,403.0,2.0,116.8,153.1,0.0,COMPLETE
12745,0.6875,2026-04-09 14:48:27.174112,2026-04-09 14:48:34.143684,0 days 00:00:06.969572,449.0,1.0,116.3,156.8,0.01,COMPLETE
12746,0.6875,2026-04-09 14:48:34.162744,2026-04-09 14:48:42.205666,0 days 00:00:08.042922,263.0,3.0,122.8,148.5,0.65,COMPLETE
12747,0.6875,2026-04-09 14:48:42.222961,2026-04-09 14:48:49.912559,0 days 00:00:07.689598,409.0,1.0,114.9,154.2,0.53,COMPLETE
12748,0.6875,2026-04-09 14:48:49.931766,2026-04-09 14:48:56.709345,0 days 00:00:06.777579,393.0,1.0,116.4,155.9,0.22,COMPLETE
12749,0.6875,2026-04-09 14:48:56.728023,2026-04-09 14:49:03.458967,0 days 00:00:06.730944,374.0,1.0,117.1,157.8,0.0,COMPLETE
12750,0.6875,2026-04-09 14:49:03.479351,2026-04-09 14:49:10.455210,0 days 00:00:06.975859,355.0,1.0,115.9,153.5,0.25,COMPLETE
12751,0.6875,2026-04-09 14:49:10.472994,2026-04-09 14:49:18.080117,0 days 00:00:07.607123,277.0,2.0,123.0,150.8,0.37,COMPLETE
12752,0.6875,2026-04-09 14:49:18.100140,2026-04-09 14:49:25.576960,0 days 00:00:07.476820,460.0,1.0,115.3,154.0,0.19,COMPLETE
12753,0.825,2026-04-09 14:49:25.594504,2026-04-09 14:49:59.801623,0 days 00:00:34.207119,383.0,1.0,117.6,153.5,0.22,COMPLETE
12754,0.6875,2026-04-09 14:49:59.822584,2026-04-09 14:50:06.639547,0 days 00:00:06.816963,373.0,1.0,116.2,154.4,0.23,COMPLETE
12755,0.6875,2026-04-09 14:50:06.657202,2026-04-09 14:50:13.439372,0 days 00:00:06.782170,368.0,1.0,113.2,154.1,0.04,COMPLETE
12756,0.825,2026-04-09 14:50:13.460857,2026-04-09 14:50:47.944203,0 days 00:00:34.483346,401.0,1.0,119.2,155.7,0.19,COMPLETE
12757,0.6875,2026-04-09 14:50:47.963704,2026-04-09 14:50:55.077632,0 days 00:00:07.113928,449.0,2.0,115.0,157.9,0.99,COMPLETE
12758,0.6875,2026-04-09 14:50:55.097556,2026-04-09 14:51:01.995577,0 days 00:00:06.898021,444.0,2.0,115.2,154.2,0.17,COMPLETE
12759,0.6875,2026-04-09 14:51:02.014155,2026-04-09 14:51:08.660451,0 days 00:00:06.646296,465.0,2.0,114.6,155.5,0.0,COMPLETE
12760,0.6875,2026-04-09 14:51:08.675354,2026-04-09 14:51:15.351648,0 days 00:00:06.676294,459.0,1.0,116.2,154.9,0.29,COMPLETE
12761,0.6875,2026-04-09 14:51:15.370151,2026-04-09 14:51:22.098340,0 days 00:00:06.728189,497.0,1.0,114.6,153.9,0.0,COMPLETE
12762,0.825,2026-04-09 14:51:22.115956,2026-04-09 14:51:29.589239,0 days 00:00:07.473283,369.0,1.0,116.5,155.5,0.0,COMPLETE
12763,0.6875,2026-04-09 14:51:29.609523,2026-04-09 14:51:36.405612,0 days 00:00:06.796089,400.0,2.0,116.6,158.4,0.24,COMPLETE
12764,0.6875,2026-04-09 14:51:36.422937,2026-04-09 14:51:43.829541,0 days 00:00:07.406604,217.0,2.0,120.8,154.8,0.31,COMPLETE
12765,0.6875,2026-04-09 14:51:43.849850,2026-04-09 14:51:50.630492,0 days 00:00:06.780642,375.0,2.0,118.0,151.7,0.45,COMPLETE
12766,0.825,2026-04-09 14:51:50.647794,2026-04-09 14:51:56.070529,0 days 00:00:05.422735,451.0,3.0,122.5,154.8,0.32,COMPLETE
12767,0.6875,2026-04-09 14:51:56.089962,2026-04-09 14:52:03.446154,0 days 00:00:07.356192,397.0,1.0,114.8,157.4,0.56,COMPLETE
12768,0.6875,2026-04-09 14:52:03.469640,2026-04-09 14:52:10.365375,0 days 00:00:06.895735,431.0,1.0,117.0,152.8,0.47000000000000003,COMPLETE
12769,0.6875,2026-04-09 14:52:10.385317,2026-04-09 14:52:16.863774,0 days 00:00:06.478457,465.0,1.0,116.7,153.3,0.0,COMPLETE
12770,0.6875,2026-04-09 14:52:16.883572,2026-04-09 14:52:23.903405,0 days 00:00:07.019833,357.0,1.0,120.9,154.3,0.25,COMPLETE
12771,0.6875,2026-04-09 14:52:23.924018,2026-04-09 14:52:30.867612,0 days 00:00:06.943594,376.0,3.0,115.9,152.5,0.02,COMPLETE
12772,0.6875,2026-04-09 14:52:30.884952,2026-04-09 14:52:38.100207,0 days 00:00:07.215255,250.0,3.0,121.7,153.7,0.39,COMPLETE
12773,0.6875,2026-04-09 14:52:38.120566,2026-04-09 14:52:45.088110,0 days 00:00:06.967544,162.0,1.0,125.3,152.7,1.3900000000000001,COMPLETE
12774,0.6875,2026-04-09 14:52:45.105786,2026-04-09 14:52:52.816472,0 days 00:00:07.710686,258.0,1.0,113.7,151.4,0.3,COMPLETE
12775,0.6875,2026-04-09 14:52:52.836649,2026-04-09 14:52:59.480109,0 days 00:00:06.643460,273.0,1.0,114.5,148.4,0.89,COMPLETE
12776,0.825,2026-04-09 14:52:59.498215,2026-04-09 14:53:34.070825,0 days 00:00:34.572610,430.0,1.0,116.9,154.7,0.01,COMPLETE
12777,0.6875,2026-04-09 14:53:34.090822,2026-04-09 14:53:41.093503,0 days 00:00:07.002681,411.0,2.0,113.0,155.5,0.19,COMPLETE
12778,0.6875,2026-04-09 14:53:41.112970,2026-04-09 14:53:48.104598,0 days 00:00:06.991628,394.0,1.0,115.4,151.2,0.27,COMPLETE
12779,0.825,2026-04-09 14:53:48.122569,2026-04-09 14:54:23.251656,0 days 00:00:35.129087,297.0,2.0,123.7,155.6,0.01,COMPLETE
12780,0.825,2026-04-09 14:54:23.271777,2026-04-09 14:54:58.267255,0 days 00:00:34.995478,368.0,1.0,119.6,154.5,0.22,COMPLETE
12781,0.825,2026-04-09 14:54:58.283908,2026-04-09 14:55:33.340710,0 days 00:00:35.056802,296.0,2.0,122.3,155.4,0.0,COMPLETE
12782,0.6875,2026-04-09 14:55:33.360671,2026-04-09 14:55:40.614761,0 days 00:00:07.254090,179.0,2.0,122.9,156.0,0.5700000000000001,COMPLETE
12783,0.6875,2026-04-09 14:55:40.632456,2026-04-09 14:55:47.382252,0 days 00:00:06.749796,203.0,2.0,120.7,156.8,0.32,COMPLETE
12784,0.6875,2026-04-09 14:55:47.402665,2026-04-09 14:55:54.359294,0 days 00:00:06.956629,308.0,1.0,116.3,157.3,0.29,COMPLETE
12785,0.6875,2026-04-09 14:55:54.377008,2026-04-09 14:56:01.121894,0 days 00:00:06.744886,297.0,2.0,117.3,154.2,0.0,COMPLETE
12786,0.6875,2026-04-09 14:56:01.141647,2026-04-09 14:56:08.436614,0 days 00:00:07.294967,449.0,2.0,124.1,151.9,0.65,COMPLETE
12787,0.6875,2026-04-09 14:56:08.454061,2026-04-09 14:56:15.447744,0 days 00:00:06.993683,465.0,2.0,125.2,156.5,0.58,COMPLETE
12788,0.6875,2026-04-09 14:56:15.467352,2026-04-09 14:56:22.398158,0 days 00:00:06.930806,499.0,1.0,121.1,155.5,0.37,COMPLETE
12789,0.6875,2026-04-09 14:56:22.417291,2026-04-09 14:56:29.386833,0 days 00:00:06.969542,414.0,1.0,118.1,154.8,0.78,COMPLETE
12790,0.6875,2026-04-09 14:56:29.404136,2026-04-09 14:56:36.380401,0 days 00:00:06.976265,345.0,1.0,117.0,156.2,0.67,COMPLETE
12791,0.6875,2026-04-09 14:56:36.398525,2026-04-09 14:56:43.108002,0 days 00:00:06.709477,448.0,1.0,117.7,154.7,0.0,COMPLETE
12792,0.825,2026-04-09 14:56:43.125846,2026-04-09 14:57:17.829956,0 days 00:00:34.704110,263.0,2.0,125.3,153.1,0.06,COMPLETE
12793,0.825,2026-04-09 14:57:17.850120,2026-04-09 14:57:51.891087,0 days 00:00:34.040967,432.0,1.0,123.5,154.0,0.09,COMPLETE
12794,0.6875,2026-04-09 14:57:51.906775,2026-04-09 14:57:59.482856,0 days 00:00:07.576081,329.0,1.0,117.4,154.8,0.25,COMPLETE
12795,0.6875,2026-04-09 14:57:59.502099,2026-04-09 14:58:06.277389,0 days 00:00:06.775290,387.0,1.0,114.6,153.2,0.21,COMPLETE
12796,0.6875,2026-04-09 14:58:06.294330,2026-04-09 14:58:13.205604,0 days 00:00:06.911274,459.0,1.0,115.9,157.4,0.21,COMPLETE
12797,0.6875,2026-04-09 14:58:13.225138,2026-04-09 14:58:19.863801,0 days 00:00:06.638663,423.0,1.0,116.0,156.1,0.46,COMPLETE
12798,0.6875,2026-04-09 14:58:19.882848,2026-04-09 14:58:26.477510,0 days 00:00:06.594662,454.0,1.0,116.0,155.0,0.0,COMPLETE
12799,0.6875,2026-04-09 14:58:26.496560,2026-04-09 14:58:33.264083,0 days 00:00:06.767523,404.0,1.0,117.9,152.7,0.81,COMPLETE
12800,0.6875,2026-04-09 14:58:33.281354,2026-04-09 14:58:40.054543,0 days 00:00:06.773189,407.0,1.0,116.4,155.5,0.24,COMPLETE
12801,0.6875,2026-04-09 14:58:40.071547,2026-04-09 14:58:47.472892,0 days 00:00:07.401345,278.0,2.0,122.2,157.5,0.32,COMPLETE
12802,0.6875,2026-04-09 14:58:47.492415,2026-04-09 14:58:54.896117,0 days 00:00:07.403702,407.0,1.0,116.0,153.0,0.01,COMPLETE
12803,0.671875,2026-04-09 14:58:54.912215,2026-04-09 14:59:02.237643,0 days 00:00:07.325428,345.0,1.0,122.8,154.9,0.47000000000000003,COMPLETE
12804,0.825,2026-04-09 14:59:02.256723,2026-04-09 14:59:36.845397,0 days 00:00:34.588674,352.0,1.0,116.1,154.5,0.01,COMPLETE
12805,0.6875,2026-04-09 14:59:36.866159,2026-04-09 14:59:43.810605,0 days 00:00:06.944446,439.0,1.0,114.9,151.2,0.39,COMPLETE
12806,0.6875,2026-04-09 14:59:43.830424,2026-04-09 14:59:51.026704,0 days 00:00:07.196280,441.0,1.0,115.2,157.3,0.39,COMPLETE
12807,0.825,2026-04-09 14:59:51.044343,2026-04-09 15:00:25.474032,0 days 00:00:34.429689,377.0,2.0,119.1,156.3,0.17,COMPLETE
12808,0.825,2026-04-09 15:00:25.493831,2026-04-09 15:00:59.513026,0 days 00:00:34.019195,415.0,2.0,118.9,154.7,0.56,COMPLETE
12809,0.6875,2026-04-09 15:00:59.530889,2026-04-09 15:01:06.749870,0 days 00:00:07.218981,429.0,1.0,124.3,156.5,0.5,COMPLETE
12810,0.6875,2026-04-09 15:01:06.769112,2026-04-09 15:01:14.047594,0 days 00:00:07.278482,500.0,1.0,117.7,154.0,1.0,COMPLETE
12811,0.6875,2026-04-09 15:01:14.065880,2026-04-09 15:01:21.985689,0 days 00:00:07.919809,256.0,2.0,125.5,154.9,0.5700000000000001,COMPLETE
12812,0.6875,2026-04-09 15:01:22.005644,2026-04-09 15:01:29.903991,0 days 00:00:07.898347,359.0,1.0,114.1,155.5,0.23,COMPLETE
12813,0.6875,2026-04-09 15:01:29.922331,2026-04-09 15:01:36.544979,0 days 00:00:06.622648,416.0,1.0,115.2,154.8,0.29,COMPLETE
12814,0.6875,2026-04-09 15:01:36.565640,2026-04-09 15:01:43.475295,0 days 00:00:06.909655,396.0,2.0,118.3,152.1,0.01,COMPLETE
12815,0.6875,2026-04-09 15:01:43.493347,2026-04-09 15:01:50.417368,0 days 00:00:06.924021,426.0,2.0,116.1,155.8,0.0,COMPLETE
12816,0.6875,2026-04-09 15:01:50.434964,2026-04-09 15:01:57.386135,0 days 00:00:06.951171,441.0,1.0,118.8,152.2,0.25,COMPLETE
12817,0.6875,2026-04-09 15:01:57.404863,2026-04-09 15:02:03.982863,0 days 00:00:06.578000,402.0,1.0,118.0,152.4,0.27,COMPLETE
12818,0.825,2026-04-09 15:02:03.999421,2026-04-09 15:02:38.339312,0 days 00:00:34.339891,499.0,2.0,122.2,155.2,0.4,COMPLETE
12819,0.6875,2026-04-09 15:02:38.359701,2026-04-09 15:02:45.601344,0 days 00:00:07.241643,340.0,2.0,119.9,154.0,0.03,COMPLETE
12820,0.6875,2026-04-09 15:02:45.619945,2026-04-09 15:02:52.576900,0 days 00:00:06.956955,443.0,1.0,115.7,155.6,0.24,COMPLETE
12821,0.825,2026-04-09 15:02:52.598001,2026-04-09 15:03:27.226731,0 days 00:00:34.628730,471.0,1.0,121.6,152.9,0.29,COMPLETE
12822,0.6875,2026-04-09 15:03:27.243053,2026-04-09 15:03:34.629556,0 days 00:00:07.386503,420.0,1.0,115.2,153.8,0.31,COMPLETE
12823,0.6875,2026-04-09 15:03:34.648969,2026-04-09 15:03:41.245703,0 days 00:00:06.596734,367.0,1.0,115.5,154.4,0.86,COMPLETE
12824,0.6875,2026-04-09 15:03:41.263737,2026-04-09 15:03:47.960313,0 days 00:00:06.696576,353.0,1.0,114.6,152.8,0.03,COMPLETE
12825,0.6875,2026-04-09 15:03:47.977452,2026-04-09 15:03:55.210965,0 days 00:00:07.233513,491.0,2.0,120.6,155.5,0.7000000000000001,COMPLETE
12826,0.825,2026-04-09 15:03:55.229467,2026-04-09 15:04:29.449303,0 days 00:00:34.219836,396.0,1.0,117.7,156.7,0.0,COMPLETE
12827,0.6875,2026-04-09 15:04:29.462875,2026-04-09 15:04:36.759655,0 days 00:00:07.296780,444.0,3.0,116.1,151.6,1.86,COMPLETE
12828,0.6875,2026-04-09 15:04:36.780586,2026-04-09 15:04:44.498797,0 days 00:00:07.718211,495.0,2.0,125.7,155.3,0.58,COMPLETE
12829,0.6875,2026-04-09 15:04:44.516120,2026-04-09 15:04:52.280275,0 days 00:00:07.764155,394.0,1.0,117.0,155.2,0.26,COMPLETE
12830,0.6875,2026-04-09 15:04:52.299184,2026-04-09 15:04:59.115588,0 days 00:00:06.816404,364.0,1.0,116.3,152.6,0.54,COMPLETE
12831,0.6875,2026-04-09 15:04:59.133224,2026-04-09 15:05:06.438949,0 days 00:00:07.305725,430.0,3.0,117.0,159.5,1.36,COMPLETE
12832,0.6875,2026-04-09 15:05:06.458776,2026-04-09 15:05:13.615740,0 days 00:00:07.156964,434.0,1.0,117.4,153.6,0.47000000000000003,COMPLETE
12833,0.6875,2026-04-09 15:05:13.634371,2026-04-09 15:05:20.346595,0 days 00:00:06.712224,483.0,1.0,116.8,155.5,0.28,COMPLETE
12834,0.6875,2026-04-09 15:05:20.366399,2026-04-09 15:05:26.885483,0 days 00:00:06.519084,500.0,1.0,117.1,155.4,0.27,COMPLETE
12835,0.6875,2026-04-09 15:05:26.904071,2026-04-09 15:05:34.357597,0 days 00:00:07.453526,348.0,1.0,123.1,153.0,0.6,COMPLETE
12836,0.6875,2026-04-09 15:05:34.377305,2026-04-09 15:05:41.510753,0 days 00:00:07.133448,222.0,1.0,123.0,157.2,0.35000000000000003,COMPLETE
12837,0.825,2026-04-09 15:05:41.528748,2026-04-09 15:06:15.666802,0 days 00:00:34.138054,227.0,1.0,122.5,153.4,0.0,COMPLETE
12838,0.6875,2026-04-09 15:06:15.687130,2026-04-09 15:06:22.902057,0 days 00:00:07.214927,371.0,1.0,117.0,153.5,0.2,COMPLETE
12839,0.6875,2026-04-09 15:06:22.920163,2026-04-09 15:06:29.917399,0 days 00:00:06.997236,430.0,1.0,117.5,158.2,0.35000000000000003,COMPLETE
12840,0.6875,2026-04-09 15:06:29.936675,2026-04-09 15:06:37.002604,0 days 00:00:07.065929,360.0,1.0,116.9,155.4,0.48,COMPLETE
12841,0.6875,2026-04-09 15:06:37.019997,2026-04-09 15:06:43.901961,0 days 00:00:06.881964,358.0,1.0,114.1,158.1,0.36,COMPLETE
12842,0.6875,2026-04-09 15:06:43.922418,2026-04-09 15:06:50.949736,0 days 00:00:07.027318,392.0,1.0,115.9,153.4,0.0,COMPLETE
12843,0.6875,2026-04-09 15:06:50.967442,2026-04-09 15:06:57.807047,0 days 00:00:06.839605,339.0,1.0,115.5,154.1,0.49,COMPLETE
12844,0.6875,2026-04-09 15:06:57.827858,2026-04-09 15:07:04.651133,0 days 00:00:06.823275,379.0,2.0,117.3,156.0,0.23,COMPLETE
12845,0.6875,2026-04-09 15:07:04.669346,2026-04-09 15:07:11.622279,0 days 00:00:06.952933,498.0,2.0,117.4,151.5,0.43,COMPLETE
12846,0.825,2026-04-09 15:07:11.640859,2026-04-09 15:07:46.309134,0 days 00:00:34.668275,460.0,2.0,123.3,154.1,0.04,COMPLETE
12847,0.6875,2026-04-09 15:07:46.330425,2026-04-09 15:07:53.360561,0 days 00:00:07.030136,331.0,2.0,123.8,154.6,0.24,COMPLETE
12848,0.6875,2026-04-09 15:07:53.378013,2026-04-09 15:08:01.032421,0 days 00:00:07.654408,496.0,2.0,114.2,156.4,0.35000000000000003,COMPLETE
12849,0.6875,2026-04-09 15:08:01.053925,2026-04-09 15:08:07.844299,0 days 00:00:06.790374,444.0,1.0,115.7,153.5,0.23,COMPLETE
12850,0.6875,2026-04-09 15:08:07.863219,2026-04-09 15:08:14.661941,0 days 00:00:06.798722,500.0,1.0,116.6,155.9,0.0,COMPLETE
12851,0.6875,2026-04-09 15:08:14.682017,2026-04-09 15:08:21.261886,0 days 00:00:06.579869,459.0,2.0,116.2,156.4,0.48,COMPLETE
12852,0.6875,2026-04-09 15:08:21.279855,2026-04-09 15:08:28.504769,0 days 00:00:07.224914,361.0,1.0,120.5,154.6,0.0,COMPLETE
12853,0.6875,2026-04-09 15:08:28.525750,2026-04-09 15:08:35.369266,0 days 00:00:06.843516,366.0,2.0,117.2,156.2,0.0,COMPLETE
12854,0.015625,2026-04-09 15:08:35.387145,2026-04-09 15:08:42.049470,0 days 00:00:06.662325,406.0,1.0,116.8,154.8,0.26,COMPLETE
12855,0.6875,2026-04-09 15:08:42.071104,2026-04-09 15:08:48.941364,0 days 00:00:06.870260,405.0,1.0,113.0,155.0,0.03,COMPLETE
12856,0.825,2026-04-09 15:08:48.958616,2026-04-09 15:09:23.597360,0 days 00:00:34.638744,496.0,3.0,121.0,156.8,0.54,COMPLETE
12857,0.6875,2026-04-09 15:09:23.619022,2026-04-09 15:09:31.075485,0 days 00:00:07.456463,398.0,1.0,115.5,155.2,0.0,COMPLETE
12858,0.825,2026-04-09 15:09:31.092569,2026-04-09 15:10:06.093863,0 days 00:00:35.001294,307.0,3.0,122.8,153.5,0.0,COMPLETE
12859,0.6875,2026-04-09 15:10:06.113976,2026-04-09 15:10:13.563453,0 days 00:00:07.449477,442.0,1.0,115.4,158.7,0.0,COMPLETE
