number,value,datetime_start,datetime_complete,duration,params_voltage,params_width,params_x,params_y,params_z,state
15799,0.6875,2026-04-10 01:52:54.082541,2026-04-10 01:53:01.188174,0 days 00:00:07.105633,413.0,1.0,114.0,153.5,0.0,COMPLETE
15800,0.6875,2026-04-10 01:53:01.209158,2026-04-10 01:53:07.705645,0 days 00:00:06.496487,442.0,1.0,114.7,153.5,0.4,COMPLETE
15801,0.825,2026-04-10 01:53:07.726832,2026-04-10 01:53:42.051340,0 days 00:00:34.324508,401.0,1.0,119.5,156.1,0.26,COMPLETE
15802,0.6875,2026-04-10 01:53:42.072934,2026-04-10 01:53:49.534994,0 days 00:00:07.462060,248.0,2.0,124.6,157.1,0.0,COMPLETE
15803,0.6875,2026-04-10 01:53:49.556854,2026-04-10 01:53:56.719701,0 days 00:00:07.162847,212.0,2.0,122.9,153.7,0.97,COMPLETE
15804,0.6875,2026-04-10 01:53:56.745575,2026-04-10 01:54:04.030878,0 days 00:00:07.285303,322.0,1.0,118.3,158.3,0.0,COMPLETE
15805,0.6875,2026-04-10 01:54:04.050805,2026-04-10 01:54:11.184407,0 days 00:00:07.133602,450.0,2.0,120.6,153.1,0.42,COMPLETE
15806,0.6875,2026-04-10 01:54:11.205947,2026-04-10 01:54:18.607181,0 days 00:00:07.401234,231.0,2.0,123.3,155.9,0.36,COMPLETE
15807,0.6875,2026-04-10 01:54:18.628108,2026-04-10 01:54:25.736698,0 days 00:00:07.108590,337.0,1.0,118.1,153.5,0.19,COMPLETE
15808,0.6875,2026-04-10 01:54:25.758668,2026-04-10 01:54:32.885181,0 days 00:00:07.126513,439.0,3.0,115.9,158.6,0.0,COMPLETE
15809,0.6875,2026-04-10 01:54:32.905499,2026-04-10 01:54:39.921860,0 days 00:00:07.016361,290.0,1.0,114.4,156.8,0.01,COMPLETE
15810,0.6875,2026-04-10 01:54:39.945955,2026-04-10 01:54:46.673961,0 days 00:00:06.728006,383.0,2.0,115.8,155.7,0.01,COMPLETE
15811,0.825,2026-04-10 01:54:46.695130,2026-04-10 01:55:21.106613,0 days 00:00:34.411483,268.0,2.0,117.9,155.4,0.01,COMPLETE
15812,0.825,2026-04-10 01:55:21.130270,2026-04-10 01:55:55.425872,0 days 00:00:34.295602,412.0,2.0,122.0,155.7,0.48,COMPLETE
15813,0.6875,2026-04-10 01:55:55.447878,2026-04-10 01:56:02.650183,0 days 00:00:07.202305,437.0,1.0,117.5,152.9,0.9,COMPLETE
15814,0.825,2026-04-10 01:56:02.671589,2026-04-10 01:56:36.624163,0 days 00:00:33.952574,390.0,1.0,116.6,154.3,0.21,COMPLETE
15815,0.6875,2026-04-10 01:56:36.645101,2026-04-10 01:56:43.692375,0 days 00:00:07.047274,380.0,1.0,120.2,152.7,0.58,COMPLETE
15816,0.6875,2026-04-10 01:56:43.713698,2026-04-10 01:56:50.787709,0 days 00:00:07.074011,349.0,3.0,116.4,156.0,1.83,COMPLETE
15817,0.6875,2026-04-10 01:56:50.809680,2026-04-10 01:56:57.705619,0 days 00:00:06.895939,386.0,2.0,116.8,152.3,0.51,COMPLETE
15818,0.6875,2026-04-10 01:56:57.725265,2026-04-10 01:57:04.461276,0 days 00:00:06.736011,430.0,1.0,116.1,153.8,0.0,COMPLETE
15819,0.6875,2026-04-10 01:57:04.484896,2026-04-10 01:57:11.266817,0 days 00:00:06.781921,343.0,1.0,116.0,153.9,0.21,COMPLETE
15820,0.6875,2026-04-10 01:57:11.286773,2026-04-10 01:57:18.748824,0 days 00:00:07.462051,242.0,1.0,121.0,157.3,0.02,COMPLETE
15821,0.6875,2026-04-10 01:57:18.771118,2026-04-10 01:57:25.683833,0 days 00:00:06.912715,466.0,1.0,117.3,159.2,0.47000000000000003,COMPLETE
15822,0.6875,2026-04-10 01:57:25.705294,2026-04-10 01:57:32.920053,0 days 00:00:07.214759,422.0,1.0,118.5,153.2,0.49,COMPLETE
15823,0.825,2026-04-10 01:57:32.942520,2026-04-10 01:58:06.992175,0 days 00:00:34.049655,456.0,1.0,118.3,155.6,0.22,COMPLETE
15824,0.6875,2026-04-10 01:58:07.015067,2026-04-10 01:58:14.157016,0 days 00:00:07.141949,383.0,1.0,117.7,153.9,0.67,COMPLETE
15825,0.6875,2026-04-10 01:58:14.175541,2026-04-10 01:58:20.997117,0 days 00:00:06.821576,377.0,1.0,116.0,151.3,0.22,COMPLETE
15826,0.6875,2026-04-10 01:58:21.019353,2026-04-10 01:58:27.639089,0 days 00:00:06.619736,384.0,2.0,116.9,151.1,0.0,COMPLETE
15827,0.825,2026-04-10 01:58:27.660899,2026-04-10 01:59:01.790889,0 days 00:00:34.129990,422.0,1.0,116.6,154.7,0.0,COMPLETE
15828,0.6875,2026-04-10 01:59:01.812902,2026-04-10 01:59:08.603250,0 days 00:00:06.790348,439.0,1.0,116.2,156.0,0.71,COMPLETE
15829,0.6875,2026-04-10 01:59:08.625102,2026-04-10 01:59:15.470355,0 days 00:00:06.845253,470.0,1.0,118.2,153.3,0.8,COMPLETE
15830,0.6875,2026-04-10 01:59:15.493630,2026-04-10 01:59:22.539611,0 days 00:00:07.045981,348.0,1.0,118.1,155.5,0.71,COMPLETE
15831,0.6875,2026-04-10 01:59:22.561312,2026-04-10 01:59:29.416087,0 days 00:00:06.854775,366.0,1.0,120.5,154.0,0.0,COMPLETE
15832,0.825,2026-04-10 01:59:29.439217,2026-04-10 02:00:03.733876,0 days 00:00:34.294659,349.0,1.0,118.3,155.9,0.53,COMPLETE
15833,0.6875,2026-04-10 02:00:03.755921,2026-04-10 02:00:10.837285,0 days 00:00:07.081364,391.0,1.0,121.9,154.5,0.8200000000000001,COMPLETE
15834,0.671875,2026-04-10 02:00:10.858676,2026-04-10 02:00:18.033846,0 days 00:00:07.175170,424.0,1.0,116.4,156.6,0.21,COMPLETE
15835,0.6875,2026-04-10 02:00:18.058531,2026-04-10 02:00:24.975011,0 days 00:00:06.916480,447.0,2.0,115.8,152.6,0.53,COMPLETE
15836,0.6875,2026-04-10 02:00:24.997327,2026-04-10 02:00:32.877961,0 days 00:00:07.880634,261.0,2.0,124.0,157.1,0.66,COMPLETE
15837,0.6875,2026-04-10 02:00:32.898764,2026-04-10 02:00:39.772601,0 days 00:00:06.873837,474.0,2.0,122.2,153.9,0.41000000000000003,COMPLETE
15838,0.6875,2026-04-10 02:00:39.791489,2026-04-10 02:00:46.529234,0 days 00:00:06.737745,266.0,2.0,122.3,153.9,0.26,COMPLETE
15839,0.825,2026-04-10 02:00:46.549088,2026-04-10 02:01:20.809364,0 days 00:00:34.260276,321.0,3.0,120.4,157.2,0.05,COMPLETE
15840,0.825,2026-04-10 02:01:20.829491,2026-04-10 02:01:34.685481,0 days 00:00:13.855990,338.0,1.0,118.6,151.9,0.0,COMPLETE
15841,0.6875,2026-04-10 02:01:34.706669,2026-04-10 02:01:41.724081,0 days 00:00:07.017412,438.0,1.0,116.0,154.7,0.27,COMPLETE
15842,0.6875,2026-04-10 02:01:41.743112,2026-04-10 02:01:49.401659,0 days 00:00:07.658547,485.0,2.0,125.5,154.7,0.7000000000000001,COMPLETE
15843,0.6875,2026-04-10 02:01:49.422731,2026-04-10 02:01:57.137366,0 days 00:00:07.714635,440.0,1.0,115.4,154.3,0.53,COMPLETE
15844,0.6875,2026-04-10 02:01:57.156511,2026-04-10 02:02:04.277736,0 days 00:00:07.121225,350.0,1.0,116.2,151.5,0.01,COMPLETE
15845,0.671875,2026-04-10 02:02:04.301054,2026-04-10 02:02:11.393496,0 days 00:00:07.092442,458.0,1.0,116.6,156.8,0.23,COMPLETE
15846,0.825,2026-04-10 02:02:11.413150,2026-04-10 02:02:46.041724,0 days 00:00:34.628574,393.0,1.0,123.2,152.8,0.22,COMPLETE
15847,0.825,2026-04-10 02:02:46.064147,2026-04-10 02:03:20.358973,0 days 00:00:34.294826,204.0,2.0,122.8,153.4,0.0,COMPLETE
15848,0.6875,2026-04-10 02:03:20.381951,2026-04-10 02:03:27.770998,0 days 00:00:07.389047,396.0,1.0,116.1,152.9,0.0,COMPLETE
15849,0.6875,2026-04-10 02:03:27.791515,2026-04-10 02:03:35.444962,0 days 00:00:07.653447,312.0,1.0,123.1,155.9,1.01,COMPLETE
15850,0.6875,2026-04-10 02:03:35.468891,2026-04-10 02:03:42.634527,0 days 00:00:07.165636,460.0,1.0,117.2,155.1,0.21,COMPLETE
15851,0.825,2026-04-10 02:03:42.658383,2026-04-10 02:03:56.084626,0 days 00:00:13.426243,485.0,1.0,117.7,154.3,0.0,COMPLETE
15852,0.6875,2026-04-10 02:03:56.105588,2026-04-10 02:04:03.391674,0 days 00:00:07.286086,352.0,2.0,120.6,154.8,0.28,COMPLETE
15853,0.6875,2026-04-10 02:04:03.411951,2026-04-10 02:04:10.632322,0 days 00:00:07.220371,310.0,2.0,116.6,150.4,1.98,COMPLETE
15854,0.825,2026-04-10 02:04:10.652930,2026-04-10 02:04:44.830160,0 days 00:00:34.177230,481.0,1.0,119.6,153.0,0.01,COMPLETE
15855,0.825,2026-04-10 02:04:44.852512,2026-04-10 02:05:19.405432,0 days 00:00:34.552920,404.0,2.0,123.3,157.1,0.18,COMPLETE
15856,0.825,2026-04-10 02:05:19.427440,2026-04-10 02:05:54.443090,0 days 00:00:35.015650,337.0,1.0,121.8,155.3,0.24,COMPLETE
15857,0.6875,2026-04-10 02:05:54.465312,2026-04-10 02:06:01.580441,0 days 00:00:07.115129,473.0,1.0,115.3,155.8,0.0,COMPLETE
15858,0.6875,2026-04-10 02:06:01.601395,2026-04-10 02:06:08.471339,0 days 00:00:06.869944,343.0,1.0,117.4,157.0,0.25,COMPLETE
15859,0.6875,2026-04-10 02:06:08.493575,2026-04-10 02:06:15.052144,0 days 00:00:06.558569,368.0,1.0,115.9,157.4,0.49,COMPLETE
15860,0.6875,2026-04-10 02:06:15.072767,2026-04-10 02:06:22.697879,0 days 00:00:07.625112,257.0,2.0,124.2,154.2,0.23,COMPLETE
15861,0.6875,2026-04-10 02:06:22.718922,2026-04-10 02:06:29.661626,0 days 00:00:06.942704,453.0,2.0,124.3,159.4,1.87,COMPLETE
15862,0.6875,2026-04-10 02:06:29.682345,2026-04-10 02:06:37.530081,0 days 00:00:07.847736,444.0,1.0,113.0,153.2,0.48,COMPLETE
15863,0.6875,2026-04-10 02:06:37.550047,2026-04-10 02:06:45.384493,0 days 00:00:07.834446,231.0,3.0,121.7,154.7,0.21,COMPLETE
15864,0.6875,2026-04-10 02:06:45.406777,2026-04-10 02:06:52.817790,0 days 00:00:07.411013,377.0,1.0,113.1,157.4,0.85,COMPLETE
15865,0.6875,2026-04-10 02:06:52.839405,2026-04-10 02:07:00.037890,0 days 00:00:07.198485,498.0,2.0,119.9,154.4,0.48,COMPLETE
15866,0.6875,2026-04-10 02:07:00.061853,2026-04-10 02:07:06.893385,0 days 00:00:06.831532,413.0,1.0,118.2,154.1,0.47000000000000003,COMPLETE
15867,0.6875,2026-04-10 02:07:06.918032,2026-04-10 02:07:13.615066,0 days 00:00:06.697034,452.0,2.0,115.6,152.5,0.01,COMPLETE
15868,0.6875,2026-04-10 02:07:13.637960,2026-04-10 02:07:20.588677,0 days 00:00:06.950717,350.0,3.0,118.1,152.3,0.3,COMPLETE
15869,0.6875,2026-04-10 02:07:20.609555,2026-04-10 02:07:27.622903,0 days 00:00:07.013348,459.0,2.0,123.9,152.9,0.62,COMPLETE
15870,0.6875,2026-04-10 02:07:27.645054,2026-04-10 02:07:35.269232,0 days 00:00:07.624178,463.0,1.0,113.4,154.6,0.24,COMPLETE
15871,0.6875,2026-04-10 02:07:35.290763,2026-04-10 02:07:42.322618,0 days 00:00:07.031855,337.0,1.0,117.3,152.4,0.01,COMPLETE
15872,0.825,2026-04-10 02:07:42.341536,2026-04-10 02:08:16.297148,0 days 00:00:33.955612,439.0,1.0,117.8,155.7,0.01,COMPLETE
15873,0.6875,2026-04-10 02:08:16.318513,2026-04-10 02:08:23.525914,0 days 00:00:07.207401,353.0,1.0,116.1,154.4,0.53,COMPLETE
15874,0.6875,2026-04-10 02:08:23.546642,2026-04-10 02:08:30.116157,0 days 00:00:06.569515,498.0,2.0,116.4,153.7,0.19,COMPLETE
15875,0.6875,2026-04-10 02:08:30.137664,2026-04-10 02:08:36.860663,0 days 00:00:06.722999,461.0,1.0,116.3,152.0,0.0,COMPLETE
15876,0.825,2026-04-10 02:08:36.880758,2026-04-10 02:09:11.326273,0 days 00:00:34.445515,475.0,1.0,119.6,156.6,0.28,COMPLETE
15877,0.6875,2026-04-10 02:09:11.346363,2026-04-10 02:09:18.317464,0 days 00:00:06.971101,448.0,1.0,116.9,157.1,0.0,COMPLETE
15878,0.6875,2026-04-10 02:09:18.338941,2026-04-10 02:09:25.277540,0 days 00:00:06.938599,412.0,2.0,114.0,153.9,0.45,COMPLETE
15879,0.6875,2026-04-10 02:09:25.300251,2026-04-10 02:09:32.253236,0 days 00:00:06.952985,416.0,2.0,118.1,152.7,0.78,COMPLETE
15880,0.6875,2026-04-10 02:09:32.272544,2026-04-10 02:09:39.082467,0 days 00:00:06.809923,427.0,1.0,119.8,154.4,0.26,COMPLETE
15881,0.6875,2026-04-10 02:09:39.103582,2026-04-10 02:09:46.209853,0 days 00:00:07.106271,321.0,2.0,122.4,154.5,0.28,COMPLETE
15882,0.6875,2026-04-10 02:09:46.229867,2026-04-10 02:09:53.545806,0 days 00:00:07.315939,348.0,1.0,115.4,154.2,0.0,COMPLETE
15883,0.6875,2026-04-10 02:09:53.567159,2026-04-10 02:10:00.109511,0 days 00:00:06.542352,379.0,1.0,115.1,154.5,0.0,COMPLETE
15884,0.825,2026-04-10 02:10:00.129782,2026-04-10 02:10:34.272278,0 days 00:00:34.142496,360.0,1.0,117.0,156.0,0.0,COMPLETE
15885,0.6875,2026-04-10 02:10:34.294946,2026-04-10 02:10:42.005537,0 days 00:00:07.710591,219.0,1.0,125.6,159.5,1.16,COMPLETE
15886,0.6875,2026-04-10 02:10:42.026457,2026-04-10 02:10:49.968446,0 days 00:00:07.941989,437.0,1.0,116.2,150.7,0.0,COMPLETE
15887,0.6875,2026-04-10 02:10:49.988440,2026-04-10 02:10:56.763302,0 days 00:00:06.774862,274.0,2.0,116.4,152.1,0.39,COMPLETE
15888,0.825,2026-04-10 02:10:56.785409,2026-04-10 02:11:31.113599,0 days 00:00:34.328190,438.0,1.0,118.8,156.7,0.62,COMPLETE
15889,0.6875,2026-04-10 02:11:31.134159,2026-04-10 02:11:38.392499,0 days 00:00:07.258340,412.0,1.0,114.2,153.9,0.26,COMPLETE
15890,0.6875,2026-04-10 02:11:38.415361,2026-04-10 02:11:46.280081,0 days 00:00:07.864720,298.0,1.0,122.9,157.4,1.8900000000000001,COMPLETE
15891,0.6875,2026-04-10 02:11:46.300857,2026-04-10 02:11:53.146338,0 days 00:00:06.845481,407.0,2.0,126.1,156.3,0.85,COMPLETE
15892,0.6875,2026-04-10 02:11:53.167319,2026-04-10 02:12:01.055441,0 days 00:00:07.888122,411.0,1.0,115.3,152.7,0.0,COMPLETE
15893,0.6875,2026-04-10 02:12:01.075727,2026-04-10 02:12:08.182081,0 days 00:00:07.106354,491.0,1.0,115.0,154.7,0.43,COMPLETE
15894,0.6875,2026-04-10 02:12:08.201122,2026-04-10 02:12:15.720719,0 days 00:00:07.519597,336.0,2.0,121.6,153.2,0.39,COMPLETE
15895,0.6875,2026-04-10 02:12:15.743683,2026-04-10 02:12:22.873034,0 days 00:00:07.129351,459.0,1.0,117.3,156.5,0.46,COMPLETE
15896,0.6875,2026-04-10 02:12:22.892805,2026-04-10 02:12:29.946780,0 days 00:00:07.053975,344.0,3.0,118.2,158.7,0.6900000000000001,COMPLETE
15897,0.6875,2026-04-10 02:12:29.969872,2026-04-10 02:12:36.806346,0 days 00:00:06.836474,370.0,1.0,117.1,156.2,0.32,COMPLETE
15898,0.6875,2026-04-10 02:12:36.827874,2026-04-10 02:12:43.665242,0 days 00:00:06.837368,414.0,1.0,115.3,154.9,0.27,COMPLETE
15899,0.6875,2026-04-10 02:12:43.687245,2026-04-10 02:12:51.340665,0 days 00:00:07.653420,322.0,2.0,122.9,152.5,0.28,COMPLETE
15900,0.6875,2026-04-10 02:12:51.360261,2026-04-10 02:12:58.650912,0 days 00:00:07.290651,449.0,1.0,116.1,152.2,0.27,COMPLETE
15901,0.6875,2026-04-10 02:12:58.672637,2026-04-10 02:13:06.414232,0 days 00:00:07.741595,373.0,1.0,124.1,155.1,0.38,COMPLETE
15902,0.6875,2026-04-10 02:13:06.435683,2026-04-10 02:13:14.027921,0 days 00:00:07.592238,439.0,2.0,114.8,154.7,0.0,COMPLETE
15903,0.6875,2026-04-10 02:13:14.049744,2026-04-10 02:13:21.712185,0 days 00:00:07.662441,385.0,1.0,124.5,156.0,0.79,COMPLETE
15904,0.6875,2026-04-10 02:13:21.731615,2026-04-10 02:13:29.314674,0 days 00:00:07.583059,388.0,2.0,116.1,152.9,0.23,COMPLETE
15905,0.6875,2026-04-10 02:13:29.334545,2026-04-10 02:13:36.116270,0 days 00:00:06.781725,355.0,2.0,117.7,155.8,0.23,COMPLETE
15906,0.6875,2026-04-10 02:13:36.137085,2026-04-10 02:13:42.850051,0 days 00:00:06.712966,346.0,1.0,116.1,155.7,0.0,COMPLETE
15907,0.6875,2026-04-10 02:13:42.871233,2026-04-10 02:13:49.469042,0 days 00:00:06.597809,498.0,1.0,116.9,156.1,0.34,COMPLETE
15908,0.6875,2026-04-10 02:13:49.490566,2026-04-10 02:13:57.237703,0 days 00:00:07.747137,274.0,2.0,123.5,151.0,0.01,COMPLETE
15909,0.6875,2026-04-10 02:13:57.260681,2026-04-10 02:14:05.133858,0 days 00:00:07.873177,434.0,1.0,115.1,158.3,0.3,COMPLETE
15910,0.6875,2026-04-10 02:14:05.155929,2026-04-10 02:14:11.904896,0 days 00:00:06.748967,396.0,1.0,116.2,156.7,0.01,COMPLETE
