number,value,datetime_start,datetime_complete,duration,params_voltage,params_width,params_x,params_y,params_z,state
3822,0.6875,2026-04-05 13:54:24.543197,2026-04-05 13:54:31.864970,0 days 00:00:07.321773,500.0,1.0,117.2,159.7,0.29,COMPLETE
3823,0.6875,2026-04-05 13:54:31.879416,2026-04-05 13:54:39.649557,0 days 00:00:07.770141,453.0,1.0,113.6,149.0,0.3,COMPLETE
3824,0.6875,2026-04-05 13:54:39.666314,2026-04-05 13:54:46.902639,0 days 00:00:07.236325,407.0,1.0,116.3,155.5,0.6,COMPLETE
3825,0.825,2026-04-05 13:54:46.917327,2026-04-05 13:55:20.964531,0 days 00:00:34.047204,427.0,1.0,117.6,157.0,0.02,COMPLETE
3826,0.6875,2026-04-05 13:55:20.979534,2026-04-05 13:55:27.768806,0 days 00:00:06.789272,424.0,1.0,115.7,155.5,0.28,COMPLETE
3827,0.6875,2026-04-05 13:55:27.782639,2026-04-05 13:55:34.562992,0 days 00:00:06.780353,363.0,2.0,115.4,151.9,0.0,COMPLETE
3828,0.825,2026-04-05 13:55:34.577877,2026-04-05 13:56:09.269565,0 days 00:00:34.691688,352.0,1.0,117.9,152.3,0.0,COMPLETE
3829,0.6875,2026-04-05 13:56:09.284075,2026-04-05 13:56:16.226874,0 days 00:00:06.942799,357.0,1.0,117.8,154.5,0.39,COMPLETE
3830,0.825,2026-04-05 13:56:16.240910,2026-04-05 13:56:49.993336,0 days 00:00:33.752426,377.0,1.0,118.0,154.5,0.02,COMPLETE
3831,0.6875,2026-04-05 13:56:50.008089,2026-04-05 13:56:56.933897,0 days 00:00:06.925808,398.0,1.0,117.7,158.0,0.27,COMPLETE
3832,0.6875,2026-04-05 13:56:56.948065,2026-04-05 13:57:03.623062,0 days 00:00:06.674997,462.0,1.0,117.5,155.0,0.28,COMPLETE
3833,0.825,2026-04-05 13:57:03.633911,2026-04-05 13:57:37.615388,0 days 00:00:33.981477,436.0,1.0,118.3,157.2,0.26,COMPLETE
3834,0.6875,2026-04-05 13:57:37.625274,2026-04-05 13:57:44.509530,0 days 00:00:06.884256,439.0,1.0,117.4,155.1,0.7000000000000001,COMPLETE
3835,0.825,2026-04-05 13:57:44.523566,2026-04-05 13:58:18.607669,0 days 00:00:34.084103,385.0,1.0,119.3,155.9,0.03,COMPLETE
3836,0.6875,2026-04-05 13:58:18.621824,2026-04-05 13:58:25.661940,0 days 00:00:07.040116,430.0,1.0,114.6,154.0,0.25,COMPLETE
3837,0.6875,2026-04-05 13:58:25.676017,2026-04-05 13:58:32.397942,0 days 00:00:06.721925,483.0,1.0,117.0,154.7,0.31,COMPLETE
3838,0.825,2026-04-05 13:58:32.412715,2026-04-05 13:59:06.447845,0 days 00:00:34.035130,455.0,1.0,118.5,155.5,0.26,COMPLETE
3839,0.6875,2026-04-05 13:59:06.462382,2026-04-05 13:59:13.457639,0 days 00:00:06.995257,432.0,1.0,114.9,153.0,1.07,COMPLETE
3840,0.825,2026-04-05 13:59:13.472076,2026-04-05 13:59:48.690255,0 days 00:00:35.218179,232.0,3.0,122.4,156.8,0.35000000000000003,COMPLETE
3841,0.6875,2026-04-05 13:59:48.704856,2026-04-05 13:59:55.703529,0 days 00:00:06.998673,448.0,1.0,120.1,157.8,1.92,COMPLETE
3842,0.6875,2026-04-05 13:59:55.715058,2026-04-05 14:00:02.885654,0 days 00:00:07.170596,415.0,1.0,114.3,154.9,0.31,COMPLETE
3843,0.6875,2026-04-05 14:00:02.900229,2026-04-05 14:00:09.671514,0 days 00:00:06.771285,421.0,1.0,115.6,157.4,0.38,COMPLETE
3844,0.6875,2026-04-05 14:00:09.685968,2026-04-05 14:00:16.418464,0 days 00:00:06.732496,412.0,1.0,116.8,154.3,0.04,COMPLETE
3845,0.6875,2026-04-05 14:00:16.432580,2026-04-05 14:00:23.479099,0 days 00:00:07.046519,371.0,1.0,113.1,158.2,0.59,COMPLETE
3846,0.6875,2026-04-05 14:00:23.490994,2026-04-05 14:00:30.276117,0 days 00:00:06.785123,401.0,1.0,115.5,155.3,0.86,COMPLETE
3847,0.6875,2026-04-05 14:00:30.287593,2026-04-05 14:00:36.862740,0 days 00:00:06.575147,370.0,1.0,115.3,156.0,0.04,COMPLETE
3848,0.6875,2026-04-05 14:00:36.877070,2026-04-05 14:00:43.455221,0 days 00:00:06.578151,442.0,1.0,114.7,154.6,0.0,COMPLETE
3849,0.6875,2026-04-05 14:00:43.469934,2026-04-05 14:00:50.211459,0 days 00:00:06.741525,403.0,1.0,116.1,152.2,0.0,COMPLETE
3850,0.6875,2026-04-05 14:00:50.222782,2026-04-05 14:00:57.078311,0 days 00:00:06.855529,460.0,1.0,116.1,156.3,0.29,COMPLETE
3851,0.6875,2026-04-05 14:00:57.092783,2026-04-05 14:01:03.700974,0 days 00:00:06.608191,496.0,2.0,115.2,155.3,0.9,COMPLETE
3852,0.6875,2026-04-05 14:01:03.715023,2026-04-05 14:01:10.556579,0 days 00:00:06.841556,373.0,1.0,115.0,154.1,0.03,COMPLETE
3853,0.825,2026-04-05 14:01:10.571320,2026-04-05 14:01:44.649033,0 days 00:00:34.077713,438.0,1.0,117.3,154.2,0.02,COMPLETE
3854,0.6875,2026-04-05 14:01:44.663949,2026-04-05 14:01:51.443602,0 days 00:00:06.779653,405.0,1.0,119.2,153.3,0.48,COMPLETE
3855,0.825,2026-04-05 14:01:51.458164,2026-04-05 14:02:25.617138,0 days 00:00:34.158974,441.0,2.0,116.7,154.6,0.08,COMPLETE
3856,0.825,2026-04-05 14:02:25.631527,2026-04-05 14:02:59.666912,0 days 00:00:34.035385,400.0,1.0,118.7,157.5,0.43,COMPLETE
3857,0.6875,2026-04-05 14:02:59.678766,2026-04-05 14:03:06.762165,0 days 00:00:07.083399,363.0,1.0,116.2,153.6,0.88,COMPLETE
3858,0.6875,2026-04-05 14:03:06.774696,2026-04-05 14:03:13.507638,0 days 00:00:06.732942,494.0,1.0,114.8,155.7,1.09,COMPLETE
3859,0.825,2026-04-05 14:03:13.521643,2026-04-05 14:03:48.047478,0 days 00:00:34.525835,393.0,1.0,119.1,152.9,0.03,COMPLETE
3860,0.825,2026-04-05 14:03:48.062205,2026-04-05 14:04:22.088048,0 days 00:00:34.025843,374.0,1.0,118.0,156.9,0.34,COMPLETE
3861,0.6875,2026-04-05 14:04:22.101015,2026-04-05 14:04:28.916482,0 days 00:00:06.815467,488.0,2.0,117.3,155.4,0.45,COMPLETE
3862,0.6875,2026-04-05 14:04:28.928085,2026-04-05 14:04:35.891995,0 days 00:00:06.963910,372.0,1.0,114.3,154.4,0.42,COMPLETE
3863,0.6875,2026-04-05 14:04:35.904790,2026-04-05 14:04:42.565156,0 days 00:00:06.660366,377.0,2.0,115.7,155.7,0.0,COMPLETE
3864,0.825,2026-04-05 14:04:42.578345,2026-04-05 14:05:16.617209,0 days 00:00:34.038864,382.0,1.0,118.1,155.0,0.35000000000000003,COMPLETE
3865,0.6875,2026-04-05 14:05:16.632424,2026-04-05 14:05:23.540811,0 days 00:00:06.908387,397.0,1.0,116.7,152.0,0.0,COMPLETE
3866,0.825,2026-04-05 14:05:23.552029,2026-04-05 14:05:58.095864,0 days 00:00:34.543835,259.0,3.0,120.1,156.2,0.04,COMPLETE
3867,0.6875,2026-04-05 14:05:58.107633,2026-04-05 14:06:05.146067,0 days 00:00:07.038434,399.0,1.0,118.5,152.1,0.33,COMPLETE
3868,0.6875,2026-04-05 14:06:05.159516,2026-04-05 14:06:12.887278,0 days 00:00:07.727762,158.0,2.0,113.8,153.0,1.84,COMPLETE
3869,0.6875,2026-04-05 14:06:12.903101,2026-04-05 14:06:19.630831,0 days 00:00:06.727730,311.0,1.0,116.9,152.4,0.42,COMPLETE
3870,0.6875,2026-04-05 14:06:19.646904,2026-04-05 14:06:26.680897,0 days 00:00:07.033993,378.0,1.0,115.0,157.6,0.01,COMPLETE
3871,0.825,2026-04-05 14:06:26.696086,2026-04-05 14:06:31.900430,0 days 00:00:05.204344,469.0,1.0,116.5,154.7,0.3,COMPLETE
3872,0.825,2026-04-05 14:06:31.915024,2026-04-05 14:07:05.692343,0 days 00:00:33.777319,468.0,1.0,117.5,154.1,0.01,COMPLETE
3873,0.6875,2026-04-05 14:07:05.706786,2026-04-05 14:07:12.838698,0 days 00:00:07.131912,342.0,1.0,113.6,153.6,0.78,COMPLETE
3874,0.6875,2026-04-05 14:07:12.853516,2026-04-05 14:07:20.041518,0 days 00:00:07.188002,434.0,1.0,118.9,149.9,0.0,COMPLETE
3875,0.6875,2026-04-05 14:07:20.053071,2026-04-05 14:07:27.798270,0 days 00:00:07.745199,324.0,1.0,117.9,159.0,0.01,COMPLETE
3876,0.6875,2026-04-05 14:07:27.812504,2026-04-05 14:07:34.566187,0 days 00:00:06.753683,391.0,1.0,117.7,155.4,0.35000000000000003,COMPLETE
3877,0.6875,2026-04-05 14:07:34.577831,2026-04-05 14:07:41.354493,0 days 00:00:06.776662,282.0,1.0,117.1,154.6,0.04,COMPLETE
3878,0.6875,2026-04-05 14:07:41.365221,2026-04-05 14:07:48.120628,0 days 00:00:06.755407,431.0,1.0,114.4,157.0,0.01,COMPLETE
3879,0.6875,2026-04-05 14:07:48.132053,2026-04-05 14:07:54.725190,0 days 00:00:06.593137,396.0,1.0,115.2,155.7,0.01,COMPLETE
3880,0.6875,2026-04-05 14:07:54.737475,2026-04-05 14:08:01.386810,0 days 00:00:06.649335,473.0,1.0,115.1,153.9,0.3,COMPLETE
3881,0.825,2026-04-05 14:08:01.402011,2026-04-05 14:08:35.818416,0 days 00:00:34.416405,388.0,1.0,116.8,155.5,0.02,COMPLETE
3882,0.6875,2026-04-05 14:08:35.831086,2026-04-05 14:08:42.615383,0 days 00:00:06.784297,415.0,1.0,115.7,152.6,0.38,COMPLETE
3883,0.6875,2026-04-05 14:08:42.630096,2026-04-05 14:08:49.360096,0 days 00:00:06.730000,453.0,1.0,113.6,153.9,0.0,COMPLETE
3884,0.825,2026-04-05 14:08:49.372259,2026-04-05 14:09:02.946328,0 days 00:00:13.574069,487.0,1.0,117.9,153.3,0.32,COMPLETE
3885,0.825,2026-04-05 14:09:02.959473,2026-04-05 14:09:36.976433,0 days 00:00:34.016960,463.0,1.0,118.4,156.9,0.62,COMPLETE
3886,0.6875,2026-04-05 14:09:36.991631,2026-04-05 14:09:43.924805,0 days 00:00:06.933174,419.0,1.0,114.6,155.4,0.36,COMPLETE
3887,0.6875,2026-04-05 14:09:43.939440,2026-04-05 14:09:50.553761,0 days 00:00:06.614321,397.0,1.0,114.2,153.8,0.01,COMPLETE
3888,0.6875,2026-04-05 14:09:50.568797,2026-04-05 14:09:57.433921,0 days 00:00:06.865124,318.0,1.0,114.8,155.3,0.0,COMPLETE
3889,0.825,2026-04-05 14:09:57.445041,2026-04-05 14:10:31.758877,0 days 00:00:34.313836,499.0,1.0,119.0,152.8,0.0,COMPLETE
3890,0.6875,2026-04-05 14:10:31.771544,2026-04-05 14:10:38.777839,0 days 00:00:07.006295,412.0,1.0,117.2,153.5,0.34,COMPLETE
3891,0.6875,2026-04-05 14:10:38.792511,2026-04-05 14:10:45.374918,0 days 00:00:06.582407,420.0,1.0,116.4,154.7,0.54,COMPLETE
3892,0.825,2026-04-05 14:10:45.389535,2026-04-05 14:11:19.101652,0 days 00:00:33.712117,397.0,1.0,116.8,155.0,0.28,COMPLETE
3893,0.671875,2026-04-05 14:11:19.112700,2026-04-05 14:11:25.951416,0 days 00:00:06.838716,453.0,1.0,117.4,152.6,0.31,COMPLETE
3894,0.825,2026-04-05 14:11:25.965685,2026-04-05 14:12:00.579862,0 days 00:00:34.614177,364.0,2.0,119.4,157.6,0.12,COMPLETE
3895,0.6875,2026-04-05 14:12:00.594212,2026-04-05 14:12:07.623418,0 days 00:00:07.029206,455.0,1.0,116.3,155.0,0.31,COMPLETE
3896,0.6875,2026-04-05 14:12:07.633556,2026-04-05 14:12:14.195588,0 days 00:00:06.562032,437.0,1.0,117.4,155.7,0.01,COMPLETE
3897,0.6875,2026-04-05 14:12:14.211415,2026-04-05 14:12:21.052418,0 days 00:00:06.841003,392.0,1.0,113.2,156.1,0.28,COMPLETE
3898,0.6875,2026-04-05 14:12:21.067392,2026-04-05 14:12:27.909823,0 days 00:00:06.842431,407.0,1.0,116.1,153.1,0.38,COMPLETE
3899,0.6875,2026-04-05 14:12:27.924346,2026-04-05 14:12:34.940044,0 days 00:00:07.015698,377.0,1.0,113.5,148.4,1.4000000000000001,COMPLETE
3900,0.6875,2026-04-05 14:12:34.954688,2026-04-05 14:12:42.062711,0 days 00:00:07.108023,350.0,1.0,116.8,153.3,0.5700000000000001,COMPLETE
3901,0.6875,2026-04-05 14:12:42.073746,2026-04-05 14:12:49.645220,0 days 00:00:07.571474,365.0,3.0,124.5,158.5,0.33,COMPLETE
3902,0.6875,2026-04-05 14:12:49.660030,2026-04-05 14:12:56.286946,0 days 00:00:06.626916,494.0,2.0,124.8,159.9,1.05,COMPLETE
3903,0.6875,2026-04-05 14:12:56.301688,2026-04-05 14:13:03.783693,0 days 00:00:07.482005,457.0,1.0,116.3,157.3,0.35000000000000003,COMPLETE
3904,0.825,2026-04-05 14:13:03.798714,2026-04-05 14:13:17.231316,0 days 00:00:13.432602,473.0,1.0,117.0,154.8,0.02,COMPLETE
3905,0.825,2026-04-05 14:13:17.246120,2026-04-05 14:13:51.254641,0 days 00:00:34.008521,411.0,1.0,116.4,153.8,0.04,COMPLETE
3906,0.6875,2026-04-05 14:13:51.264949,2026-04-05 14:13:57.912975,0 days 00:00:06.648026,376.0,1.0,115.3,154.5,0.03,COMPLETE
3907,0.6875,2026-04-05 14:13:57.927698,2026-04-05 14:14:04.604122,0 days 00:00:06.676424,462.0,1.0,113.5,153.8,0.37,COMPLETE
3908,0.6875,2026-04-05 14:14:04.616499,2026-04-05 14:14:11.581902,0 days 00:00:06.965403,463.0,2.0,116.3,157.9,0.2,COMPLETE
3909,0.825,2026-04-05 14:14:11.596292,2026-04-05 14:14:16.650716,0 days 00:00:05.054424,443.0,2.0,116.8,156.1,0.03,COMPLETE
3910,0.825,2026-04-05 14:14:16.661921,2026-04-05 14:14:50.851539,0 days 00:00:34.189618,372.0,2.0,118.0,155.2,0.23,COMPLETE
3911,0.6875,2026-04-05 14:14:50.866414,2026-04-05 14:14:57.712155,0 days 00:00:06.845741,472.0,1.0,114.9,156.8,0.7000000000000001,COMPLETE
3912,0.825,2026-04-05 14:14:57.726550,2026-04-05 14:15:32.041027,0 days 00:00:34.314477,385.0,1.0,118.7,156.8,0.04,COMPLETE
3913,0.6875,2026-04-05 14:15:32.055916,2026-04-05 14:15:39.074072,0 days 00:00:07.018156,457.0,1.0,114.8,157.8,0.26,COMPLETE
3914,0.6875,2026-04-05 14:15:39.088928,2026-04-05 14:15:46.004955,0 days 00:00:06.916027,329.0,1.0,115.8,156.0,0.36,COMPLETE
3915,0.6875,2026-04-05 14:15:46.019457,2026-04-05 14:15:52.458848,0 days 00:00:06.439391,395.0,1.0,116.1,155.8,0.3,COMPLETE
3916,0.6875,2026-04-05 14:15:52.471252,2026-04-05 14:15:58.932222,0 days 00:00:06.460970,470.0,1.0,116.1,155.7,0.0,COMPLETE
3917,0.6875,2026-04-05 14:15:58.943427,2026-04-05 14:16:05.553854,0 days 00:00:06.610427,424.0,1.0,117.3,154.7,0.4,COMPLETE
3918,0.6875,2026-04-05 14:16:05.568930,2026-04-05 14:16:12.332668,0 days 00:00:06.763738,390.0,1.0,114.4,152.6,0.0,COMPLETE
3919,0.825,2026-04-05 14:16:12.344554,2026-04-05 14:16:46.795430,0 days 00:00:34.450876,451.0,1.0,119.8,156.7,0.12,COMPLETE
3920,0.6875,2026-04-05 14:16:46.807634,2026-04-05 14:16:54.014077,0 days 00:00:07.206443,350.0,1.0,116.7,154.0,0.33,COMPLETE
3921,0.6875,2026-04-05 14:16:54.028845,2026-04-05 14:17:00.759329,0 days 00:00:06.730484,436.0,1.0,113.6,152.9,0.02,COMPLETE
3922,0.6875,2026-04-05 14:17:00.774364,2026-04-05 14:17:08.097237,0 days 00:00:07.322873,329.0,1.0,113.4,158.5,0.19,COMPLETE
3923,0.6875,2026-04-05 14:17:08.111063,2026-04-05 14:17:14.997965,0 days 00:00:06.886902,499.0,1.0,114.8,155.5,0.01,COMPLETE
3924,0.825,2026-04-05 14:17:15.012065,2026-04-05 14:17:49.252188,0 days 00:00:34.240123,334.0,1.0,118.0,155.0,0.01,COMPLETE
3925,0.6875,2026-04-05 14:17:49.263543,2026-04-05 14:17:56.207951,0 days 00:00:06.944408,407.0,1.0,115.3,155.0,0.0,COMPLETE
3926,0.825,2026-04-05 14:17:56.223064,2026-04-05 14:18:30.505423,0 days 00:00:34.282359,321.0,1.0,116.8,152.3,0.0,COMPLETE
3927,0.6875,2026-04-05 14:18:30.520669,2026-04-05 14:18:37.574300,0 days 00:00:07.053631,463.0,1.0,115.1,156.3,0.38,COMPLETE
3928,0.6875,2026-04-05 14:18:37.589052,2026-04-05 14:18:44.377511,0 days 00:00:06.788459,413.0,1.0,113.3,153.0,0.4,COMPLETE
3929,0.825,2026-04-05 14:18:44.389250,2026-04-05 14:19:18.855989,0 days 00:00:34.466739,378.0,1.0,118.7,155.4,0.0,COMPLETE
3930,0.6875,2026-04-05 14:19:18.870582,2026-04-05 14:19:25.902708,0 days 00:00:07.032126,422.0,2.0,114.6,157.7,0.39,COMPLETE
3931,0.6875,2026-04-05 14:19:25.914785,2026-04-05 14:19:32.610479,0 days 00:00:06.695694,425.0,1.0,116.8,156.6,0.62,COMPLETE
3932,0.6875,2026-04-05 14:19:32.622543,2026-04-05 14:19:39.434130,0 days 00:00:06.811587,403.0,1.0,113.2,155.2,0.01,COMPLETE
3933,0.825,2026-04-05 14:19:39.448040,2026-04-05 14:19:59.861342,0 days 00:00:20.413302,416.0,1.0,116.2,154.8,0.26,COMPLETE
3934,0.6875,2026-04-05 14:19:59.875988,2026-04-05 14:20:06.351508,0 days 00:00:06.475520,417.0,2.0,116.0,154.1,0.01,COMPLETE
3935,0.825,2026-04-05 14:20:06.366148,2026-04-05 14:20:40.511401,0 days 00:00:34.145253,441.0,1.0,119.4,156.7,0.01,COMPLETE
3936,0.6875,2026-04-05 14:20:40.525568,2026-04-05 14:20:47.679357,0 days 00:00:07.153789,463.0,1.0,115.4,153.6,0.25,COMPLETE
3937,0.6875,2026-04-05 14:20:47.693430,2026-04-05 14:20:54.778061,0 days 00:00:07.084631,351.0,2.0,117.2,157.3,0.01,COMPLETE
3938,0.6875,2026-04-05 14:20:54.789343,2026-04-05 14:21:01.660958,0 days 00:00:06.871615,393.0,1.0,116.4,153.0,0.33,COMPLETE
3939,0.6875,2026-04-05 14:21:01.675095,2026-04-05 14:21:08.249965,0 days 00:00:06.574870,446.0,1.0,115.2,153.5,0.8,COMPLETE
3940,0.6875,2026-04-05 14:21:08.264650,2026-04-05 14:21:14.883828,0 days 00:00:06.619178,495.0,1.0,116.6,153.6,0.0,COMPLETE
3941,0.6875,2026-04-05 14:21:14.898110,2026-04-05 14:21:21.635473,0 days 00:00:06.737363,436.0,1.0,114.6,156.1,0.96,COMPLETE
3942,0.6875,2026-04-05 14:21:21.650610,2026-04-05 14:21:29.877630,0 days 00:00:08.227020,226.0,2.0,122.4,148.8,1.97,COMPLETE
3943,0.825,2026-04-05 14:21:29.891926,2026-04-05 14:22:04.484742,0 days 00:00:34.592816,403.0,1.0,119.1,155.6,0.29,COMPLETE
3944,0.6875,2026-04-05 14:22:04.499141,2026-04-05 14:22:11.785162,0 days 00:00:07.286021,500.0,1.0,116.7,149.7,0.8,COMPLETE
3945,0.6875,2026-04-05 14:22:11.800166,2026-04-05 14:22:19.126248,0 days 00:00:07.326082,329.0,1.0,117.7,155.8,0.33,COMPLETE
3946,0.6875,2026-04-05 14:22:19.136911,2026-04-05 14:22:25.851606,0 days 00:00:06.714695,443.0,1.0,116.9,153.7,0.01,COMPLETE
3947,0.6875,2026-04-05 14:22:25.866648,2026-04-05 14:22:32.824323,0 days 00:00:06.957675,309.0,1.0,115.3,156.5,0.01,COMPLETE
3948,0.6875,2026-04-05 14:22:32.839486,2026-04-05 14:22:39.564351,0 days 00:00:06.724865,434.0,1.0,113.3,156.6,1.28,COMPLETE
3949,0.825,2026-04-05 14:22:39.579071,2026-04-05 14:23:13.598757,0 days 00:00:34.019686,444.0,1.0,117.2,156.9,0.02,COMPLETE
3950,0.825,2026-04-05 14:23:13.613886,2026-04-05 14:23:18.664629,0 days 00:00:05.050743,440.0,1.0,115.8,155.4,0.01,COMPLETE
3951,0.6875,2026-04-05 14:23:18.676116,2026-04-05 14:23:25.744070,0 days 00:00:07.067954,362.0,1.0,116.2,153.6,0.0,COMPLETE
3952,0.825,2026-04-05 14:23:25.759351,2026-04-05 14:23:59.708850,0 days 00:00:33.949499,415.0,1.0,119.3,154.5,0.39,COMPLETE
3953,0.6875,2026-04-05 14:23:59.724069,2026-04-05 14:24:06.831752,0 days 00:00:07.107683,464.0,1.0,114.5,154.5,0.28,COMPLETE
3954,0.825,2026-04-05 14:24:06.843676,2026-04-05 14:24:40.896394,0 days 00:00:34.052718,490.0,1.0,117.6,156.1,0.26,COMPLETE
3955,0.6875,2026-04-05 14:24:40.906373,2026-04-05 14:24:48.216195,0 days 00:00:07.309822,324.0,3.0,113.5,155.1,1.2,COMPLETE
3956,0.6875,2026-04-05 14:24:48.230619,2026-04-05 14:24:54.906917,0 days 00:00:06.676298,365.0,1.0,115.5,155.1,0.25,COMPLETE
3957,0.6875,2026-04-05 14:24:54.919431,2026-04-05 14:25:01.608377,0 days 00:00:06.688946,407.0,1.0,115.0,153.2,0.0,COMPLETE
3958,0.6875,2026-04-05 14:25:01.622562,2026-04-05 14:25:08.322767,0 days 00:00:06.700205,373.0,1.0,116.1,155.0,0.03,COMPLETE
3959,0.6875,2026-04-05 14:25:08.338572,2026-04-05 14:25:14.797570,0 days 00:00:06.458998,378.0,1.0,115.9,155.3,0.35000000000000003,COMPLETE
3960,0.825,2026-04-05 14:25:14.811983,2026-04-05 14:25:48.780685,0 days 00:00:33.968702,432.0,1.0,118.4,155.2,0.18,COMPLETE
3961,0.6875,2026-04-05 14:25:48.795483,2026-04-05 14:25:55.894587,0 days 00:00:07.099104,324.0,1.0,116.8,158.3,0.59,COMPLETE
3962,0.6875,2026-04-05 14:25:55.908862,2026-04-05 14:26:04.090149,0 days 00:00:08.181287,214.0,2.0,123.7,148.0,0.85,COMPLETE
3963,0.6875,2026-04-05 14:26:04.102253,2026-04-05 14:26:11.832771,0 days 00:00:07.730518,428.0,1.0,115.1,154.5,0.2,COMPLETE
3964,0.825,2026-04-05 14:26:11.847312,2026-04-05 14:26:46.090042,0 days 00:00:34.242730,381.0,1.0,119.6,153.4,0.02,COMPLETE
3965,0.825,2026-04-05 14:26:46.104640,2026-04-05 14:27:20.142971,0 days 00:00:34.038331,430.0,1.0,117.9,156.8,0.34,COMPLETE
3966,0.6875,2026-04-05 14:27:20.156742,2026-04-05 14:27:27.065525,0 days 00:00:06.908783,408.0,1.0,114.1,157.0,0.22,COMPLETE
3967,0.6875,2026-04-05 14:27:27.079363,2026-04-05 14:27:33.824555,0 days 00:00:06.745192,463.0,1.0,116.6,157.0,0.01,COMPLETE
3968,0.6875,2026-04-05 14:27:33.839206,2026-04-05 14:27:40.717130,0 days 00:00:06.877924,426.0,2.0,114.1,153.3,0.3,COMPLETE
3969,0.6875,2026-04-05 14:27:40.731367,2026-04-05 14:27:47.854712,0 days 00:00:07.123345,445.0,2.0,118.0,158.0,0.74,COMPLETE
3970,0.825,2026-04-05 14:27:47.870609,2026-04-05 14:27:53.270519,0 days 00:00:05.399910,486.0,2.0,116.0,153.2,0.06,COMPLETE
3971,0.6875,2026-04-05 14:27:53.284691,2026-04-05 14:28:00.290525,0 days 00:00:07.005834,379.0,2.0,116.2,155.1,0.44,COMPLETE
3972,0.6875,2026-04-05 14:28:00.306033,2026-04-05 14:28:07.223156,0 days 00:00:06.917123,441.0,1.0,119.9,152.6,0.38,COMPLETE
3973,0.6875,2026-04-05 14:28:07.238015,2026-04-05 14:28:14.042264,0 days 00:00:06.804249,401.0,1.0,122.1,150.6,0.73,COMPLETE
3974,0.6875,2026-04-05 14:28:14.056470,2026-04-05 14:28:21.168007,0 days 00:00:07.111537,471.0,1.0,117.4,154.5,0.74,COMPLETE
3975,0.6875,2026-04-05 14:28:21.179825,2026-04-05 14:28:28.042703,0 days 00:00:06.862878,381.0,1.0,117.1,152.9,0.23,COMPLETE
3976,0.6875,2026-04-05 14:28:28.057963,2026-04-05 14:28:34.991690,0 days 00:00:06.933727,384.0,1.0,117.0,157.7,0.03,COMPLETE
3977,0.6875,2026-04-05 14:28:35.006600,2026-04-05 14:28:41.510326,0 days 00:00:06.503726,391.0,1.0,116.6,157.1,0.36,COMPLETE
3978,0.6875,2026-04-05 14:28:41.525776,2026-04-05 14:28:48.218242,0 days 00:00:06.692466,491.0,1.0,114.4,155.0,0.24,COMPLETE
3979,0.825,2026-04-05 14:28:48.232560,2026-04-05 14:29:22.527860,0 days 00:00:34.295300,443.0,1.0,119.2,155.4,0.0,COMPLETE
3980,0.6875,2026-04-05 14:29:22.542808,2026-04-05 14:29:29.586372,0 days 00:00:07.043564,493.0,1.0,114.5,154.3,1.16,COMPLETE
3981,0.6875,2026-04-05 14:29:29.598073,2026-04-05 14:29:36.517257,0 days 00:00:06.919184,410.0,1.0,114.5,154.7,0.01,COMPLETE
3982,0.825,2026-04-05 14:29:36.530807,2026-04-05 14:30:10.393456,0 days 00:00:33.862649,482.0,1.0,116.0,154.8,0.0,COMPLETE
3983,0.6875,2026-04-05 14:30:10.408805,2026-04-05 14:30:17.465912,0 days 00:00:07.057107,370.0,1.0,113.9,155.0,0.49,COMPLETE
3984,0.825,2026-04-05 14:30:17.480937,2026-04-05 14:30:51.589775,0 days 00:00:34.108838,354.0,1.0,118.6,155.5,0.02,COMPLETE
3985,0.825,2026-04-05 14:30:51.600481,2026-04-05 14:30:58.819738,0 days 00:00:07.219257,421.0,1.0,115.8,155.6,0.24,COMPLETE
3986,0.6875,2026-04-05 14:30:58.834167,2026-04-05 14:31:05.703830,0 days 00:00:06.869663,497.0,1.0,116.1,154.2,1.31,COMPLETE
3987,0.6875,2026-04-05 14:31:05.718644,2026-04-05 14:31:12.586747,0 days 00:00:06.868103,402.0,1.0,117.4,154.0,0.23,COMPLETE
3988,0.6875,2026-04-05 14:31:12.600877,2026-04-05 14:31:19.212892,0 days 00:00:06.612015,398.0,1.0,115.9,154.7,0.0,COMPLETE
3989,0.6875,2026-04-05 14:31:19.227723,2026-04-05 14:31:25.827149,0 days 00:00:06.599426,367.0,1.0,115.7,153.1,0.0,COMPLETE
3990,0.6875,2026-04-05 14:31:25.839485,2026-04-05 14:31:32.565851,0 days 00:00:06.726366,443.0,1.0,114.2,156.1,0.29,COMPLETE
3991,0.6875,2026-04-05 14:31:32.581041,2026-04-05 14:31:39.288725,0 days 00:00:06.707684,437.0,1.0,114.9,153.1,0.02,COMPLETE
3992,0.825,2026-04-05 14:31:39.303747,2026-04-05 14:32:13.256337,0 days 00:00:33.952590,405.0,1.0,117.8,154.9,0.0,COMPLETE
3993,0.671875,2026-04-05 14:32:13.268154,2026-04-05 14:32:19.935847,0 days 00:00:06.667693,437.0,1.0,117.3,155.4,0.27,COMPLETE
3994,0.6875,2026-04-05 14:32:19.950648,2026-04-05 14:32:26.876867,0 days 00:00:06.926219,418.0,1.0,116.2,160.0,0.0,COMPLETE
3995,0.6875,2026-04-05 14:32:26.891777,2026-04-05 14:32:33.906842,0 days 00:00:07.015065,394.0,1.0,115.4,154.7,0.31,COMPLETE
