number,value,datetime_start,datetime_complete,duration,params_voltage,params_width,params_x,params_y,params_z,state
11650,0.6875,2026-04-09 03:33:53.059798,2026-04-09 03:34:00.186661,0 days 00:00:07.126863,385.0,1.0,119.3,151.9,0.0,COMPLETE
11651,0.6875,2026-04-09 03:34:00.205943,2026-04-09 03:34:07.216874,0 days 00:00:07.010931,351.0,1.0,115.7,155.3,0.01,COMPLETE
11652,0.6875,2026-04-09 03:34:07.237268,2026-04-09 03:34:13.924695,0 days 00:00:06.687427,459.0,1.0,116.0,156.9,0.0,COMPLETE
11653,0.6875,2026-04-09 03:34:13.944753,2026-04-09 03:34:20.767315,0 days 00:00:06.822562,407.0,1.0,116.2,154.3,0.0,COMPLETE
11654,0.6875,2026-04-09 03:34:20.784621,2026-04-09 03:34:27.496345,0 days 00:00:06.711724,372.0,1.0,118.2,153.7,0.21,COMPLETE
11655,0.6875,2026-04-09 03:34:27.515826,2026-04-09 03:34:34.438896,0 days 00:00:06.923070,346.0,2.0,117.1,149.6,0.9500000000000001,COMPLETE
11656,0.6875,2026-04-09 03:34:34.458356,2026-04-09 03:34:41.418293,0 days 00:00:06.959937,458.0,1.0,116.2,154.3,0.3,COMPLETE
11657,0.825,2026-04-09 03:34:41.437817,2026-04-09 03:35:15.467611,0 days 00:00:34.029794,406.0,1.0,116.6,155.3,0.21,COMPLETE
11658,0.825,2026-04-09 03:35:15.485992,2026-04-09 03:35:49.492942,0 days 00:00:34.006950,465.0,1.0,116.8,154.2,0.24,COMPLETE
11659,0.825,2026-04-09 03:35:49.513558,2026-04-09 03:35:54.554255,0 days 00:00:05.040697,406.0,2.0,117.0,155.2,0.01,COMPLETE
11660,0.6875,2026-04-09 03:35:54.574073,2026-04-09 03:36:01.410151,0 days 00:00:06.836078,456.0,1.0,115.5,153.5,0.64,COMPLETE
11661,0.6875,2026-04-09 03:36:01.428567,2026-04-09 03:36:08.600349,0 days 00:00:07.171782,383.0,1.0,119.8,154.3,0.54,COMPLETE
11662,0.825,2026-04-09 03:36:08.620554,2026-04-09 03:36:42.766853,0 days 00:00:34.146299,363.0,2.0,119.1,156.8,0.09,COMPLETE
11663,0.6875,2026-04-09 03:36:42.783468,2026-04-09 03:36:49.982526,0 days 00:00:07.199058,463.0,1.0,116.4,151.2,0.01,COMPLETE
11664,0.6875,2026-04-09 03:36:50.002821,2026-04-09 03:36:58.323385,0 days 00:00:08.320564,249.0,3.0,126.4,156.5,0.26,COMPLETE
11665,0.6875,2026-04-09 03:36:58.341893,2026-04-09 03:37:05.791373,0 days 00:00:07.449480,310.0,2.0,120.4,151.1,0.39,COMPLETE
11666,0.825,2026-04-09 03:37:05.811425,2026-04-09 03:38:01.820225,0 days 00:00:56.008800,408.0,2.0,124.6,152.8,0.37,COMPLETE
11667,0.6875,2026-04-09 03:38:01.840786,2026-04-09 03:38:09.773491,0 days 00:00:07.932705,386.0,1.0,114.4,157.3,0.3,COMPLETE
11668,0.6875,2026-04-09 03:38:09.790653,2026-04-09 03:38:16.559840,0 days 00:00:06.769187,386.0,1.0,115.4,154.2,0.68,COMPLETE
11669,0.825,2026-04-09 03:38:16.579851,2026-04-09 03:38:50.510153,0 days 00:00:33.930302,490.0,1.0,116.9,154.1,0.0,COMPLETE
11670,0.6875,2026-04-09 03:38:50.527559,2026-04-09 03:38:57.897086,0 days 00:00:07.369527,287.0,2.0,122.0,155.5,0.02,COMPLETE
11671,0.6875,2026-04-09 03:38:57.916145,2026-04-09 03:39:05.264887,0 days 00:00:07.348742,468.0,1.0,115.1,152.9,0.23,COMPLETE
11672,0.825,2026-04-09 03:39:05.284674,2026-04-09 03:39:11.213740,0 days 00:00:05.929066,410.0,2.0,119.0,154.0,0.37,COMPLETE
11673,0.6875,2026-04-09 03:39:11.233592,2026-04-09 03:39:18.265384,0 days 00:00:07.031792,283.0,1.0,117.7,152.6,0.31,COMPLETE
11674,0.6875,2026-04-09 03:39:18.283449,2026-04-09 03:39:24.955617,0 days 00:00:06.672168,417.0,1.0,117.3,154.2,0.23,COMPLETE
11675,0.825,2026-04-09 03:39:24.976099,2026-04-09 03:39:59.137632,0 days 00:00:34.161533,421.0,1.0,119.2,155.8,0.24,COMPLETE
11676,0.825,2026-04-09 03:39:59.154838,2026-04-09 03:40:33.433299,0 days 00:00:34.278461,357.0,1.0,118.9,154.5,0.26,COMPLETE
11677,0.825,2026-04-09 03:40:33.453460,2026-04-09 03:41:07.739914,0 days 00:00:34.286454,500.0,2.0,121.7,155.5,0.27,COMPLETE
11678,0.6875,2026-04-09 03:41:07.758118,2026-04-09 03:41:15.138178,0 days 00:00:07.380060,490.0,3.0,114.2,159.9,1.32,COMPLETE
11679,0.6875,2026-04-09 03:41:15.157899,2026-04-09 03:41:22.476812,0 days 00:00:07.318913,328.0,2.0,116.9,153.6,0.0,COMPLETE
11680,0.6875,2026-04-09 03:41:22.495049,2026-04-09 03:41:29.045634,0 days 00:00:06.550585,389.0,1.0,116.8,155.2,0.34,COMPLETE
11681,0.6875,2026-04-09 03:41:29.063348,2026-04-09 03:41:35.811811,0 days 00:00:06.748463,325.0,1.0,117.4,156.7,0.5,COMPLETE
11682,0.6875,2026-04-09 03:41:35.832145,2026-04-09 03:41:42.427299,0 days 00:00:06.595154,364.0,1.0,116.3,154.9,0.0,COMPLETE
11683,0.825,2026-04-09 03:41:42.446049,2026-04-09 03:42:16.846858,0 days 00:00:34.400809,297.0,1.0,117.9,156.4,0.21,COMPLETE
11684,0.6875,2026-04-09 03:42:16.866373,2026-04-09 03:42:24.221921,0 days 00:00:07.355548,417.0,1.0,113.0,152.6,0.29,COMPLETE
11685,0.6875,2026-04-09 03:42:24.240275,2026-04-09 03:42:32.146222,0 days 00:00:07.905947,202.0,3.0,120.6,155.6,0.09,COMPLETE
11686,0.825,2026-04-09 03:42:32.167061,2026-04-09 03:42:37.424489,0 days 00:00:05.257428,386.0,2.0,122.9,154.0,0.18,COMPLETE
11687,0.825,2026-04-09 03:42:37.447854,2026-04-09 03:43:11.624817,0 days 00:00:34.176963,435.0,2.0,123.9,156.1,0.27,COMPLETE
11688,0.6875,2026-04-09 03:43:11.644530,2026-04-09 03:43:18.999141,0 days 00:00:07.354611,385.0,2.0,118.0,152.6,0.02,COMPLETE
11689,0.6875,2026-04-09 03:43:19.018147,2026-04-09 03:43:26.032273,0 days 00:00:07.014126,399.0,1.0,114.0,155.1,0.29,COMPLETE
11690,0.825,2026-04-09 03:43:26.052442,2026-04-09 03:44:00.273868,0 days 00:00:34.221426,414.0,1.0,118.3,155.0,0.01,COMPLETE
11691,0.6875,2026-04-09 03:44:00.292842,2026-04-09 03:44:07.545978,0 days 00:00:07.253136,327.0,1.0,119.1,157.8,0.01,COMPLETE
11692,0.6875,2026-04-09 03:44:07.566635,2026-04-09 03:44:14.718689,0 days 00:00:07.152054,345.0,1.0,114.9,153.6,0.19,COMPLETE
11693,0.6875,2026-04-09 03:44:14.736664,2026-04-09 03:44:22.134504,0 days 00:00:07.397840,266.0,2.0,119.5,157.3,0.81,COMPLETE
11694,0.825,2026-04-09 03:44:22.151266,2026-04-09 03:44:56.063689,0 days 00:00:33.912423,397.0,1.0,121.3,157.1,0.03,COMPLETE
11695,0.0,2026-04-09 03:44:56.082459,2026-04-09 03:45:03.057195,0 days 00:00:06.974736,420.0,1.0,123.1,153.6,0.36,COMPLETE
11696,0.6875,2026-04-09 03:45:03.077654,2026-04-09 03:45:10.081878,0 days 00:00:07.004224,247.0,2.0,120.4,155.3,0.2,COMPLETE
11697,0.6875,2026-04-09 03:45:10.100564,2026-04-09 03:45:17.107906,0 days 00:00:07.007342,381.0,3.0,117.5,151.7,1.1300000000000001,COMPLETE
11698,0.825,2026-04-09 03:45:17.124853,2026-04-09 03:45:51.382579,0 days 00:00:34.257726,437.0,1.0,121.1,154.7,0.01,COMPLETE
11699,0.6875,2026-04-09 03:45:51.402619,2026-04-09 03:45:58.938211,0 days 00:00:07.535592,438.0,1.0,113.0,155.4,0.21,COMPLETE
11700,0.6875,2026-04-09 03:45:58.955129,2026-04-09 03:46:05.832808,0 days 00:00:06.877679,480.0,1.0,115.7,152.7,0.0,COMPLETE
11701,0.6875,2026-04-09 03:46:05.853714,2026-04-09 03:46:13.618905,0 days 00:00:07.765191,301.0,2.0,124.5,150.7,0.01,COMPLETE
11702,0.825,2026-04-09 03:46:13.636540,2026-04-09 03:46:48.010770,0 days 00:00:34.374230,482.0,1.0,123.5,155.7,0.03,COMPLETE
11703,0.6875,2026-04-09 03:46:48.030865,2026-04-09 03:46:55.561415,0 days 00:00:07.530550,410.0,1.0,117.1,155.1,0.25,COMPLETE
11704,0.825,2026-04-09 03:46:55.578757,2026-04-09 03:47:30.000861,0 days 00:00:34.422104,441.0,1.0,120.5,157.7,0.06,COMPLETE
11705,0.825,2026-04-09 03:47:30.021774,2026-04-09 03:48:04.485036,0 days 00:00:34.463262,363.0,1.0,117.9,157.1,0.26,COMPLETE
11706,0.825,2026-04-09 03:48:04.503596,2026-04-09 03:48:11.872698,0 days 00:00:07.369102,393.0,1.0,116.1,153.4,0.23,COMPLETE
11707,0.825,2026-04-09 03:48:11.892544,2026-04-09 03:48:46.211683,0 days 00:00:34.319139,499.0,2.0,121.0,156.5,0.76,COMPLETE
11708,0.6875,2026-04-09 03:48:46.230213,2026-04-09 03:48:53.765806,0 days 00:00:07.535593,418.0,1.0,117.0,152.3,0.01,COMPLETE
11709,0.671875,2026-04-09 03:48:53.785851,2026-04-09 03:49:01.531439,0 days 00:00:07.745588,496.0,1.0,126.5,157.0,0.02,COMPLETE
11710,0.825,2026-04-09 03:49:01.550659,2026-04-09 03:49:35.624431,0 days 00:00:34.073772,452.0,2.0,123.2,155.8,0.6,COMPLETE
11711,0.825,2026-04-09 03:49:35.646790,2026-04-09 03:50:09.931159,0 days 00:00:34.284369,407.0,1.0,117.8,156.3,0.49,COMPLETE
11712,0.825,2026-04-09 03:50:09.951816,2026-04-09 03:50:43.953477,0 days 00:00:34.001661,431.0,3.0,120.9,156.1,0.49,COMPLETE
11713,0.6875,2026-04-09 03:50:43.973304,2026-04-09 03:50:51.110973,0 days 00:00:07.137669,418.0,1.0,116.5,157.6,0.49,COMPLETE
11714,0.6875,2026-04-09 03:50:51.130208,2026-04-09 03:50:58.327837,0 days 00:00:07.197629,332.0,1.0,116.0,152.9,0.2,COMPLETE
11715,0.6875,2026-04-09 03:50:58.349323,2026-04-09 03:51:05.136608,0 days 00:00:06.787285,385.0,1.0,115.1,155.4,0.21,COMPLETE
11716,0.6875,2026-04-09 03:51:05.155437,2026-04-09 03:51:12.846513,0 days 00:00:07.691076,305.0,2.0,123.4,154.5,0.41000000000000003,COMPLETE
11717,0.825,2026-04-09 03:51:12.867251,2026-04-09 03:51:46.950648,0 days 00:00:34.083397,479.0,2.0,123.9,155.3,0.01,COMPLETE
11718,0.6875,2026-04-09 03:51:46.965891,2026-04-09 03:51:54.552995,0 days 00:00:07.587104,500.0,1.0,113.5,155.9,0.0,COMPLETE
11719,0.6875,2026-04-09 03:51:54.570466,2026-04-09 03:52:01.462993,0 days 00:00:06.892527,384.0,1.0,116.7,155.9,0.5700000000000001,COMPLETE
11720,0.6875,2026-04-09 03:52:01.483421,2026-04-09 03:52:08.141304,0 days 00:00:06.657883,453.0,2.0,117.1,152.7,0.29,COMPLETE
11721,0.0,2026-04-09 03:52:08.158748,2026-04-09 03:52:14.930322,0 days 00:00:06.771574,407.0,1.0,116.4,156.8,0.01,COMPLETE
11722,0.6875,2026-04-09 03:52:14.951535,2026-04-09 03:52:22.474319,0 days 00:00:07.522784,419.0,1.0,126.7,154.9,1.27,COMPLETE
11723,0.6875,2026-04-09 03:52:22.491596,2026-04-09 03:52:30.026776,0 days 00:00:07.535180,437.0,2.0,116.9,151.9,0.03,COMPLETE
11724,0.6875,2026-04-09 03:52:30.046498,2026-04-09 03:52:36.824223,0 days 00:00:06.777725,408.0,2.0,113.9,155.0,0.28,COMPLETE
11725,0.6875,2026-04-09 03:52:36.841967,2026-04-09 03:52:43.443445,0 days 00:00:06.601478,401.0,1.0,114.7,152.9,0.39,COMPLETE
11726,0.6875,2026-04-09 03:52:43.463748,2026-04-09 03:52:50.910722,0 days 00:00:07.446974,331.0,1.0,122.4,155.2,0.73,COMPLETE
11727,0.825,2026-04-09 03:52:50.928708,2026-04-09 03:53:25.011435,0 days 00:00:34.082727,348.0,1.0,124.8,154.0,0.36,COMPLETE
11728,0.6875,2026-04-09 03:53:25.031430,2026-04-09 03:53:32.733189,0 days 00:00:07.701759,443.0,1.0,115.8,154.1,0.44,COMPLETE
11729,0.6875,2026-04-09 03:53:32.752269,2026-04-09 03:53:39.299527,0 days 00:00:06.547258,495.0,3.0,115.8,154.0,0.18,COMPLETE
11730,0.6875,2026-04-09 03:53:39.320675,2026-04-09 03:53:46.198632,0 days 00:00:06.877957,383.0,2.0,115.9,155.6,0.02,COMPLETE
11731,0.6875,2026-04-09 03:53:46.217362,2026-04-09 03:53:52.968512,0 days 00:00:06.751150,336.0,1.0,114.2,156.9,0.03,COMPLETE
11732,0.6875,2026-04-09 03:53:52.989085,2026-04-09 03:53:59.821675,0 days 00:00:06.832590,208.0,3.0,113.0,156.8,0.02,COMPLETE
11733,0.6875,2026-04-09 03:53:59.839211,2026-04-09 03:54:06.629891,0 days 00:00:06.790680,467.0,2.0,115.1,154.5,0.23,COMPLETE
11734,0.6875,2026-04-09 03:54:06.649627,2026-04-09 03:54:14.946100,0 days 00:00:08.296473,256.0,1.0,126.3,148.0,0.53,COMPLETE
11735,0.6875,2026-04-09 03:54:14.965256,2026-04-09 03:54:22.994854,0 days 00:00:08.029598,404.0,1.0,114.6,152.8,0.19,COMPLETE
11736,0.015625,2026-04-09 03:54:23.015061,2026-04-09 03:54:29.796309,0 days 00:00:06.781248,408.0,1.0,116.2,154.7,0.0,COMPLETE
11737,0.825,2026-04-09 03:54:29.814998,2026-04-09 03:55:04.815251,0 days 00:00:35.000253,224.0,2.0,123.3,156.0,0.02,COMPLETE
11738,0.6875,2026-04-09 03:55:04.835308,2026-04-09 03:55:12.024836,0 days 00:00:07.189528,475.0,1.0,118.2,153.3,0.34,COMPLETE
11739,0.825,2026-04-09 03:55:12.042811,2026-04-09 03:55:46.049588,0 days 00:00:34.006777,462.0,1.0,120.3,153.5,0.0,COMPLETE
11740,0.6875,2026-04-09 03:55:46.070374,2026-04-09 03:55:53.272386,0 days 00:00:07.202012,295.0,2.0,123.8,153.8,0.66,COMPLETE
11741,0.6875,2026-04-09 03:55:53.290004,2026-04-09 03:56:00.232298,0 days 00:00:06.942294,248.0,2.0,122.1,154.0,0.15,COMPLETE
11742,0.825,2026-04-09 03:56:00.252503,2026-04-09 03:56:34.426782,0 days 00:00:34.174279,392.0,1.0,119.3,155.7,0.43,COMPLETE
11743,0.6875,2026-04-09 03:56:34.445990,2026-04-09 03:56:41.284625,0 days 00:00:06.838635,367.0,2.0,116.4,156.9,0.42,COMPLETE
11744,0.6875,2026-04-09 03:56:41.304857,2026-04-09 03:56:48.442129,0 days 00:00:07.137272,500.0,2.0,121.9,154.3,0.35000000000000003,COMPLETE
11745,0.6875,2026-04-09 03:56:48.462075,2026-04-09 03:56:55.541171,0 days 00:00:07.079096,460.0,1.0,116.7,154.9,0.66,COMPLETE
11746,0.6875,2026-04-09 03:56:55.561305,2026-04-09 03:57:02.220485,0 days 00:00:06.659180,432.0,1.0,115.1,155.0,0.0,COMPLETE
11747,0.6875,2026-04-09 03:57:02.238901,2026-04-09 03:57:09.065509,0 days 00:00:06.826608,479.0,1.0,113.7,157.4,0.24,COMPLETE
11748,0.671875,2026-04-09 03:57:09.082796,2026-04-09 03:57:16.900388,0 days 00:00:07.817592,366.0,1.0,122.4,154.1,0.25,COMPLETE
11749,0.825,2026-04-09 03:57:16.919697,2026-04-09 03:57:51.535530,0 days 00:00:34.615833,476.0,1.0,115.7,154.8,0.22,COMPLETE
11750,0.825,2026-04-09 03:57:51.556185,2026-04-09 03:58:25.555112,0 days 00:00:33.998927,415.0,2.0,117.8,157.1,0.26,COMPLETE
11751,0.6875,2026-04-09 03:58:25.575138,2026-04-09 03:58:32.501394,0 days 00:00:06.926256,377.0,1.0,114.9,156.7,0.23,COMPLETE
11752,0.825,2026-04-09 03:58:32.519841,2026-04-09 03:59:06.778844,0 days 00:00:34.259003,393.0,1.0,117.3,154.0,0.0,COMPLETE
11753,0.825,2026-04-09 03:59:06.798782,2026-04-09 03:59:40.784406,0 days 00:00:33.985624,436.0,1.0,116.1,155.7,0.27,COMPLETE
11754,0.6875,2026-04-09 03:59:40.802812,2026-04-09 03:59:47.655170,0 days 00:00:06.852358,439.0,1.0,115.3,153.5,0.19,COMPLETE
11755,0.825,2026-04-09 03:59:47.675295,2026-04-09 04:00:22.016915,0 days 00:00:34.341620,427.0,1.0,118.3,157.0,0.0,COMPLETE
11756,0.825,2026-04-09 04:00:22.036605,2026-04-09 04:00:56.079012,0 days 00:00:34.042407,446.0,1.0,118.2,154.7,0.25,COMPLETE
11757,0.825,2026-04-09 04:00:56.099834,2026-04-09 04:01:30.111865,0 days 00:00:34.012031,451.0,2.0,119.3,155.4,0.23,COMPLETE
11758,0.6875,2026-04-09 04:01:30.131704,2026-04-09 04:01:37.208046,0 days 00:00:07.076342,499.0,2.0,122.7,158.5,0.2,COMPLETE
11759,0.6875,2026-04-09 04:01:37.225550,2026-04-09 04:01:45.150948,0 days 00:00:07.925398,402.0,1.0,115.7,151.5,0.0,COMPLETE
11760,0.825,2026-04-09 04:01:45.171191,2026-04-09 04:02:20.037550,0 days 00:00:34.866359,342.0,2.0,122.2,155.7,0.21,COMPLETE
11761,0.6875,2026-04-09 04:02:20.057446,2026-04-09 04:02:27.213407,0 days 00:00:07.155961,349.0,1.0,117.8,154.3,0.47000000000000003,COMPLETE
11762,0.6875,2026-04-09 04:02:27.233055,2026-04-09 04:02:33.971615,0 days 00:00:06.738560,363.0,1.0,114.8,154.7,0.19,COMPLETE
11763,0.825,2026-04-09 04:02:33.990744,2026-04-09 04:03:08.912789,0 days 00:00:34.922045,396.0,1.0,124.8,152.8,0.02,COMPLETE
11764,0.6875,2026-04-09 04:03:08.934495,2026-04-09 04:03:16.984354,0 days 00:00:08.049859,437.0,1.0,113.6,158.0,0.01,COMPLETE
11765,0.6875,2026-04-09 04:03:17.001741,2026-04-09 04:03:24.678348,0 days 00:00:07.676607,496.0,2.0,123.0,154.2,0.9500000000000001,COMPLETE
11766,0.6875,2026-04-09 04:03:24.698721,2026-04-09 04:03:32.266473,0 days 00:00:07.567752,330.0,2.0,115.5,153.4,0.3,COMPLETE
11767,0.6875,2026-04-09 04:03:32.284884,2026-04-09 04:03:39.236742,0 days 00:00:06.951858,449.0,2.0,113.8,157.5,0.18,COMPLETE
11768,0.6875,2026-04-09 04:03:39.257463,2026-04-09 04:03:46.174491,0 days 00:00:06.917028,411.0,1.0,113.4,152.9,0.8300000000000001,COMPLETE
11769,0.825,2026-04-09 04:03:46.191808,2026-04-09 04:04:20.604515,0 days 00:00:34.412707,499.0,2.0,117.7,156.3,0.0,COMPLETE
11770,0.6875,2026-04-09 04:04:20.624577,2026-04-09 04:04:28.588276,0 days 00:00:07.963699,494.0,1.0,126.5,149.5,1.86,COMPLETE
11771,0.6875,2026-04-09 04:04:28.606640,2026-04-09 04:04:36.833079,0 days 00:00:08.226439,325.0,1.0,115.0,154.1,0.58,COMPLETE
11772,0.6875,2026-04-09 04:04:36.854103,2026-04-09 04:04:44.824491,0 days 00:00:07.970388,427.0,1.0,126.9,151.8,0.53,COMPLETE
11773,0.6875,2026-04-09 04:04:44.842680,2026-04-09 04:04:52.196455,0 days 00:00:07.353775,477.0,1.0,119.6,149.3,1.9100000000000001,COMPLETE
11774,0.825,2026-04-09 04:04:52.214183,2026-04-09 04:05:26.664775,0 days 00:00:34.450592,460.0,1.0,118.3,154.0,0.23,COMPLETE
11775,0.6875,2026-04-09 04:05:26.684519,2026-04-09 04:05:33.545690,0 days 00:00:06.861171,438.0,1.0,116.1,155.1,0.0,COMPLETE
11776,0.825,2026-04-09 04:05:33.566149,2026-04-09 04:06:07.632383,0 days 00:00:34.066234,411.0,1.0,118.7,152.7,0.32,COMPLETE
11777,0.6875,2026-04-09 04:06:07.653074,2026-04-09 04:06:14.618474,0 days 00:00:06.965400,389.0,1.0,114.8,153.5,0.46,COMPLETE
11778,0.825,2026-04-09 04:06:14.638513,2026-04-09 04:06:49.361835,0 days 00:00:34.723322,479.0,1.0,122.9,156.6,0.38,COMPLETE
11779,0.6875,2026-04-09 04:06:49.382229,2026-04-09 04:06:56.864179,0 days 00:00:07.481950,446.0,1.0,113.5,154.1,0.68,COMPLETE
11780,0.6875,2026-04-09 04:06:56.883743,2026-04-09 04:07:04.291341,0 days 00:00:07.407598,308.0,2.0,121.0,154.9,0.23,COMPLETE
11781,0.6875,2026-04-09 04:07:04.308342,2026-04-09 04:07:11.164764,0 days 00:00:06.856422,412.0,1.0,116.3,153.4,0.46,COMPLETE
11782,0.6875,2026-04-09 04:07:11.184801,2026-04-09 04:07:17.824658,0 days 00:00:06.639857,432.0,1.0,113.0,152.8,0.01,COMPLETE
11783,0.825,2026-04-09 04:07:17.852202,2026-04-09 04:07:52.348178,0 days 00:00:34.495976,464.0,1.0,117.6,157.2,0.21,COMPLETE
11784,0.825,2026-04-09 04:07:52.368986,2026-04-09 04:08:26.377649,0 days 00:00:34.008663,429.0,1.0,118.1,154.8,0.0,COMPLETE
11785,0.671875,2026-04-09 04:08:26.395921,2026-04-09 04:08:33.788409,0 days 00:00:07.392488,363.0,1.0,124.4,156.2,0.32,COMPLETE
11786,0.6875,2026-04-09 04:08:33.807492,2026-04-09 04:08:41.358479,0 days 00:00:07.550987,400.0,1.0,114.0,154.3,0.01,COMPLETE
11787,0.6875,2026-04-09 04:08:41.377081,2026-04-09 04:08:49.401220,0 days 00:00:08.024139,337.0,2.0,126.7,155.0,0.16,COMPLETE
11788,0.6875,2026-04-09 04:08:49.422312,2026-04-09 04:08:57.413196,0 days 00:00:07.990884,172.0,3.0,119.8,148.0,1.55,COMPLETE
11789,0.6875,2026-04-09 04:08:57.433307,2026-04-09 04:09:04.738124,0 days 00:00:07.304817,353.0,1.0,116.5,155.8,0.26,COMPLETE
11790,0.671875,2026-04-09 04:09:04.758223,2026-04-09 04:09:11.464895,0 days 00:00:06.706672,423.0,2.0,116.3,152.2,0.0,COMPLETE
11791,0.6875,2026-04-09 04:09:11.483173,2026-04-09 04:09:18.059663,0 days 00:00:06.576490,390.0,2.0,115.4,153.8,0.29,COMPLETE
11792,0.0,2026-04-09 04:09:18.076770,2026-04-09 04:09:24.616523,0 days 00:00:06.539753,462.0,2.0,116.9,154.6,0.3,COMPLETE
11793,0.6875,2026-04-09 04:09:24.634127,2026-04-09 04:09:31.216183,0 days 00:00:06.582056,432.0,1.0,115.8,156.2,0.0,COMPLETE
11794,0.6875,2026-04-09 04:09:31.235903,2026-04-09 04:09:38.176878,0 days 00:00:06.940975,364.0,1.0,115.9,152.6,0.22,COMPLETE
11795,0.6875,2026-04-09 04:09:38.195427,2026-04-09 04:09:45.608970,0 days 00:00:07.413543,274.0,2.0,123.3,154.9,0.29,COMPLETE
11796,0.6875,2026-04-09 04:09:45.629077,2026-04-09 04:09:52.262456,0 days 00:00:06.633379,456.0,2.0,121.0,154.6,0.6,COMPLETE
11797,0.6875,2026-04-09 04:09:52.281380,2026-04-09 04:09:59.138178,0 days 00:00:06.856798,498.0,1.0,116.3,156.5,0.24,COMPLETE
11798,0.825,2026-04-09 04:09:59.157555,2026-04-09 04:10:06.370982,0 days 00:00:07.213427,432.0,1.0,116.8,153.9,0.2,COMPLETE
11799,0.6875,2026-04-09 04:10:06.389395,2026-04-09 04:10:13.302198,0 days 00:00:06.912803,450.0,1.0,115.1,156.1,0.43,COMPLETE
11800,0.6875,2026-04-09 04:10:13.322392,2026-04-09 04:10:21.102387,0 days 00:00:07.779995,283.0,2.0,123.4,153.1,0.35000000000000003,COMPLETE
11801,0.6875,2026-04-09 04:10:21.120245,2026-04-09 04:10:28.826287,0 days 00:00:07.706042,377.0,2.0,113.2,153.5,0.02,COMPLETE
11802,0.825,2026-04-09 04:10:28.845653,2026-04-09 04:11:03.056270,0 days 00:00:34.210617,465.0,1.0,116.9,154.4,0.01,COMPLETE
11803,0.825,2026-04-09 04:11:03.075755,2026-04-09 04:11:38.133963,0 days 00:00:35.058208,240.0,2.0,124.6,153.0,0.15,COMPLETE
11804,0.6875,2026-04-09 04:11:38.154338,2026-04-09 04:11:45.928109,0 days 00:00:07.773771,393.0,2.0,113.3,149.2,0.11,COMPLETE
11805,0.825,2026-04-09 04:11:45.947590,2026-04-09 04:12:20.646321,0 days 00:00:34.698731,393.0,1.0,117.8,156.3,0.01,COMPLETE
11806,0.6875,2026-04-09 04:12:20.666545,2026-04-09 04:12:27.792829,0 days 00:00:07.126284,491.0,3.0,113.0,154.7,0.08,COMPLETE
11807,0.6875,2026-04-09 04:12:27.812667,2026-04-09 04:12:35.521479,0 days 00:00:07.708812,318.0,2.0,121.5,155.7,0.01,COMPLETE
11808,0.6875,2026-04-09 04:12:35.539370,2026-04-09 04:12:42.185115,0 days 00:00:06.645745,339.0,1.0,120.2,155.7,0.5700000000000001,COMPLETE
11809,0.6875,2026-04-09 04:12:42.204785,2026-04-09 04:12:49.188430,0 days 00:00:06.983645,453.0,1.0,116.9,152.3,0.36,COMPLETE
11810,0.6875,2026-04-09 04:12:49.206054,2026-04-09 04:12:56.345546,0 days 00:00:07.139492,332.0,1.0,120.7,153.9,0.0,COMPLETE
11811,0.6875,2026-04-09 04:12:56.365157,2026-04-09 04:13:03.054660,0 days 00:00:06.689503,423.0,2.0,122.1,154.7,0.56,COMPLETE
11812,0.6875,2026-04-09 04:13:03.072542,2026-04-09 04:13:10.237897,0 days 00:00:07.165355,431.0,1.0,116.5,157.2,0.41000000000000003,COMPLETE
11813,0.6875,2026-04-09 04:13:10.257311,2026-04-09 04:13:17.208795,0 days 00:00:06.951484,391.0,1.0,117.3,152.9,0.52,COMPLETE
11814,0.6875,2026-04-09 04:13:17.227307,2026-04-09 04:13:24.015408,0 days 00:00:06.788101,492.0,1.0,117.1,156.3,0.46,COMPLETE
11815,0.6875,2026-04-09 04:13:24.034871,2026-04-09 04:13:31.479451,0 days 00:00:07.444580,424.0,3.0,125.2,154.4,0.8200000000000001,COMPLETE
11816,0.6875,2026-04-09 04:13:31.497468,2026-04-09 04:13:38.249713,0 days 00:00:06.752245,376.0,1.0,125.0,157.4,0.52,COMPLETE
11817,0.6875,2026-04-09 04:13:38.269590,2026-04-09 04:13:45.977470,0 days 00:00:07.707880,426.0,1.0,115.1,154.6,0.0,COMPLETE
11818,0.825,2026-04-09 04:13:45.994983,2026-04-09 04:14:20.202644,0 days 00:00:34.207661,381.0,1.0,119.3,153.7,0.03,COMPLETE
11819,0.6875,2026-04-09 04:14:20.222798,2026-04-09 04:14:27.186272,0 days 00:00:06.963474,441.0,1.0,117.6,152.0,0.18,COMPLETE
11820,0.6875,2026-04-09 04:14:27.203325,2026-04-09 04:14:34.108683,0 days 00:00:06.905358,444.0,1.0,114.1,154.2,0.27,COMPLETE
11821,0.6875,2026-04-09 04:14:34.129892,2026-04-09 04:14:41.944516,0 days 00:00:07.814624,198.0,2.0,121.2,155.8,0.45,COMPLETE
