number,value,datetime_start,datetime_complete,duration,params_voltage,params_width,params_x,params_y,params_z,state
9922,0.6875,2026-04-08 20:57:24.500212,2026-04-08 20:57:31.227939,0 days 00:00:06.727727,448.0,1.0,117.6,153.4,0.49,COMPLETE
9923,0.015625,2026-04-08 20:57:31.245716,2026-04-08 20:57:38.168882,0 days 00:00:06.923166,451.0,1.0,116.7,156.1,0.04,COMPLETE
9924,0.6875,2026-04-08 20:57:38.185096,2026-04-08 20:57:44.803380,0 days 00:00:06.618284,499.0,2.0,117.3,154.8,0.36,COMPLETE
9925,0.6875,2026-04-08 20:57:44.821302,2026-04-08 20:57:51.759265,0 days 00:00:06.937963,470.0,1.0,113.0,156.5,0.25,COMPLETE
9926,0.825,2026-04-08 20:57:51.774641,2026-04-08 20:57:57.587804,0 days 00:00:05.813163,493.0,3.0,120.6,154.8,0.55,COMPLETE
9927,0.6875,2026-04-08 20:57:57.603508,2026-04-08 20:58:04.990857,0 days 00:00:07.387349,500.0,1.0,113.6,152.8,0.22,COMPLETE
9928,0.825,2026-04-08 20:58:05.007668,2026-04-08 20:58:12.496603,0 days 00:00:07.488935,381.0,1.0,115.7,153.9,0.24,COMPLETE
9929,0.825,2026-04-08 20:58:12.514510,2026-04-08 20:58:46.473219,0 days 00:00:33.958709,453.0,1.0,116.0,155.0,0.25,COMPLETE
9930,0.6875,2026-04-08 20:58:46.491767,2026-04-08 20:58:54.114674,0 days 00:00:07.622907,309.0,2.0,123.3,154.9,0.23,COMPLETE
9931,0.6875,2026-04-08 20:58:54.133473,2026-04-08 20:59:01.480935,0 days 00:00:07.347462,384.0,1.0,116.1,157.3,0.5700000000000001,COMPLETE
9932,0.6875,2026-04-08 20:59:01.496621,2026-04-08 20:59:08.036371,0 days 00:00:06.539750,400.0,1.0,116.8,156.6,0.43,COMPLETE
9933,0.6875,2026-04-08 20:59:08.054707,2026-04-08 20:59:15.275862,0 days 00:00:07.221155,414.0,1.0,120.2,150.6,0.0,COMPLETE
9934,0.6875,2026-04-08 20:59:15.292553,2026-04-08 20:59:22.515911,0 days 00:00:07.223358,452.0,1.0,114.1,153.6,0.22,COMPLETE
9935,0.6875,2026-04-08 20:59:22.531353,2026-04-08 20:59:29.080758,0 days 00:00:06.549405,449.0,1.0,113.3,154.1,0.49,COMPLETE
9936,0.6875,2026-04-08 20:59:29.097690,2026-04-08 20:59:35.736094,0 days 00:00:06.638404,469.0,1.0,114.4,153.6,0.0,COMPLETE
9937,0.6875,2026-04-08 20:59:35.754647,2026-04-08 20:59:42.657924,0 days 00:00:06.903277,378.0,1.0,116.0,153.2,0.01,COMPLETE
9938,0.6875,2026-04-08 20:59:42.674582,2026-04-08 20:59:49.782785,0 days 00:00:07.108203,241.0,2.0,119.2,155.8,0.56,COMPLETE
9939,0.6875,2026-04-08 20:59:49.801091,2026-04-08 20:59:57.300343,0 days 00:00:07.499252,189.0,2.0,125.9,157.5,0.03,COMPLETE
9940,0.6875,2026-04-08 20:59:57.319555,2026-04-08 21:00:04.568700,0 days 00:00:07.249145,381.0,1.0,119.6,154.1,0.27,COMPLETE
9941,0.6875,2026-04-08 21:00:04.586245,2026-04-08 21:00:11.730798,0 days 00:00:07.144553,201.0,3.0,120.5,152.9,0.1,COMPLETE
9942,0.6875,2026-04-08 21:00:11.749285,2026-04-08 21:00:18.440029,0 days 00:00:06.690744,280.0,2.0,121.1,154.6,0.37,COMPLETE
9943,0.825,2026-04-08 21:00:18.455516,2026-04-08 21:00:52.418251,0 days 00:00:33.962735,256.0,2.0,122.5,155.0,0.02,COMPLETE
9944,0.6875,2026-04-08 21:00:52.436879,2026-04-08 21:00:59.169607,0 days 00:00:06.732728,282.0,2.0,122.8,154.1,0.0,COMPLETE
9945,0.825,2026-04-08 21:00:59.185654,2026-04-08 21:01:33.129933,0 days 00:00:33.944279,499.0,2.0,123.1,155.6,0.48,COMPLETE
9946,0.825,2026-04-08 21:01:33.148561,2026-04-08 21:02:07.721193,0 days 00:00:34.572632,411.0,1.0,117.4,156.6,0.0,COMPLETE
9947,0.6875,2026-04-08 21:02:07.736941,2026-04-08 21:02:14.714286,0 days 00:00:06.977345,341.0,1.0,116.7,156.1,0.23,COMPLETE
9948,0.6875,2026-04-08 21:02:14.732368,2026-04-08 21:02:21.558265,0 days 00:00:06.825897,500.0,1.0,117.4,152.4,0.24,COMPLETE
9949,0.6875,2026-04-08 21:02:21.573845,2026-04-08 21:02:28.520402,0 days 00:00:06.946557,313.0,2.0,115.4,151.9,0.32,COMPLETE
9950,0.6875,2026-04-08 21:02:28.538827,2026-04-08 21:02:35.192129,0 days 00:00:06.653302,454.0,1.0,116.7,150.8,0.81,COMPLETE
9951,0.6875,2026-04-08 21:02:35.207682,2026-04-08 21:02:42.392924,0 days 00:00:07.185242,483.0,2.0,123.0,149.3,1.12,COMPLETE
9952,0.6875,2026-04-08 21:02:42.411174,2026-04-08 21:02:50.007100,0 days 00:00:07.595926,425.0,1.0,115.6,154.8,0.48,COMPLETE
9953,0.6875,2026-04-08 21:02:50.024624,2026-04-08 21:02:57.224890,0 days 00:00:07.200266,394.0,3.0,118.5,149.1,1.01,COMPLETE
9954,0.671875,2026-04-08 21:02:57.243292,2026-04-08 21:03:04.045126,0 days 00:00:06.801834,399.0,2.0,116.7,152.1,0.01,COMPLETE
9955,0.825,2026-04-08 21:03:04.061438,2026-04-08 21:03:38.044974,0 days 00:00:33.983536,446.0,1.0,117.9,154.5,0.03,COMPLETE
9956,0.825,2026-04-08 21:03:38.063296,2026-04-08 21:04:12.093595,0 days 00:00:34.030299,423.0,2.0,116.7,154.0,0.01,COMPLETE
9957,0.6875,2026-04-08 21:04:12.112594,2026-04-08 21:04:18.924704,0 days 00:00:06.812110,429.0,1.0,116.1,151.9,0.47000000000000003,COMPLETE
9958,0.6875,2026-04-08 21:04:18.943940,2026-04-08 21:04:25.676731,0 days 00:00:06.732791,398.0,2.0,118.4,152.2,0.24,COMPLETE
9959,0.6875,2026-04-08 21:04:25.693917,2026-04-08 21:04:32.502543,0 days 00:00:06.808626,393.0,1.0,116.5,154.4,0.15,COMPLETE
9960,0.6875,2026-04-08 21:04:32.521314,2026-04-08 21:04:39.187303,0 days 00:00:06.665989,424.0,1.0,116.6,152.7,0.19,COMPLETE
9961,0.6875,2026-04-08 21:04:39.203364,2026-04-08 21:04:46.046216,0 days 00:00:06.842852,392.0,1.0,115.1,156.3,0.01,COMPLETE
9962,0.825,2026-04-08 21:04:46.064188,2026-04-08 21:05:20.450604,0 days 00:00:34.386416,412.0,2.0,120.8,155.9,0.19,COMPLETE
9963,0.6875,2026-04-08 21:05:20.469103,2026-04-08 21:05:27.730276,0 days 00:00:07.261173,467.0,2.0,120.8,148.8,0.67,COMPLETE
9964,0.825,2026-04-08 21:05:27.748869,2026-04-08 21:06:02.418287,0 days 00:00:34.669418,463.0,1.0,123.4,156.8,0.44,COMPLETE
9965,0.825,2026-04-08 21:06:02.437472,2026-04-08 21:06:36.999596,0 days 00:00:34.562124,367.0,1.0,119.0,152.8,0.01,COMPLETE
9966,0.825,2026-04-08 21:06:37.015143,2026-04-08 21:07:11.287692,0 days 00:00:34.272549,431.0,1.0,117.9,157.0,0.21,COMPLETE
9967,0.6875,2026-04-08 21:07:11.306211,2026-04-08 21:07:18.835070,0 days 00:00:07.528859,253.0,2.0,124.4,156.3,0.54,COMPLETE
9968,0.671875,2026-04-08 21:07:18.851367,2026-04-08 21:07:26.201207,0 days 00:00:07.349840,385.0,1.0,116.9,155.1,0.2,COMPLETE
9969,0.825,2026-04-08 21:07:26.220127,2026-04-08 21:08:00.216008,0 days 00:00:33.995881,439.0,1.0,116.8,154.4,0.2,COMPLETE
9970,0.6875,2026-04-08 21:08:00.231351,2026-04-08 21:08:07.064313,0 days 00:00:06.832962,318.0,1.0,116.6,154.1,0.32,COMPLETE
9971,0.825,2026-04-08 21:08:07.083215,2026-04-08 21:08:41.160571,0 days 00:00:34.077356,468.0,2.0,115.4,155.2,0.0,COMPLETE
9972,0.6875,2026-04-08 21:08:41.175645,2026-04-08 21:08:48.207769,0 days 00:00:07.032124,388.0,2.0,116.3,154.4,0.26,COMPLETE
9973,0.825,2026-04-08 21:08:48.225502,2026-04-08 21:09:22.372466,0 days 00:00:34.146964,494.0,2.0,118.7,153.7,0.09,COMPLETE
9974,0.6875,2026-04-08 21:09:22.390652,2026-04-08 21:09:29.295790,0 days 00:00:06.905138,463.0,1.0,116.2,156.2,0.31,COMPLETE
9975,0.6875,2026-04-08 21:09:29.314002,2026-04-08 21:09:36.466271,0 days 00:00:07.152269,352.0,3.0,120.2,154.1,0.44,COMPLETE
9976,0.6875,2026-04-08 21:09:36.483380,2026-04-08 21:09:43.213940,0 days 00:00:06.730560,360.0,1.0,122.7,151.9,0.33,COMPLETE
9977,0.6875,2026-04-08 21:09:43.232520,2026-04-08 21:09:50.427143,0 days 00:00:07.194623,397.0,1.0,116.2,150.8,0.0,COMPLETE
9978,0.825,2026-04-08 21:09:50.443444,2026-04-08 21:10:25.139870,0 days 00:00:34.696426,416.0,1.0,121.6,155.1,0.09,COMPLETE
9979,0.6875,2026-04-08 21:10:25.158056,2026-04-08 21:10:32.091592,0 days 00:00:06.933536,366.0,3.0,125.4,155.5,0.48,COMPLETE
9980,0.6875,2026-04-08 21:10:32.107655,2026-04-08 21:10:39.143827,0 days 00:00:07.036172,448.0,2.0,121.2,152.4,0.56,COMPLETE
9981,0.6875,2026-04-08 21:10:39.162154,2026-04-08 21:10:46.111089,0 days 00:00:06.948935,386.0,1.0,121.8,154.5,0.5700000000000001,COMPLETE
9982,0.6875,2026-04-08 21:10:46.126884,2026-04-08 21:10:53.368479,0 days 00:00:07.241595,351.0,2.0,115.0,154.5,0.24,COMPLETE
9983,0.6875,2026-04-08 21:10:53.386909,2026-04-08 21:11:00.908392,0 days 00:00:07.521483,399.0,1.0,124.1,155.1,0.33,COMPLETE
9984,0.825,2026-04-08 21:11:00.926746,2026-04-08 21:11:35.749115,0 days 00:00:34.822369,418.0,1.0,116.1,152.9,0.0,COMPLETE
9985,0.6875,2026-04-08 21:11:35.765479,2026-04-08 21:11:42.455263,0 days 00:00:06.689784,407.0,1.0,115.8,154.1,0.46,COMPLETE
9986,0.6875,2026-04-08 21:11:42.473379,2026-04-08 21:11:49.302844,0 days 00:00:06.829465,393.0,1.0,119.7,153.4,0.73,COMPLETE
9987,0.6875,2026-04-08 21:11:49.318660,2026-04-08 21:11:56.340912,0 days 00:00:07.022252,263.0,1.0,122.2,153.3,0.81,COMPLETE
9988,0.6875,2026-04-08 21:11:56.359563,2026-04-08 21:12:03.486861,0 days 00:00:07.127298,296.0,1.0,118.4,157.7,0.06,COMPLETE
9989,0.6875,2026-04-08 21:12:03.501634,2026-04-08 21:12:10.308161,0 days 00:00:06.806527,392.0,1.0,114.9,159.1,0.34,COMPLETE
9990,0.6875,2026-04-08 21:12:10.326443,2026-04-08 21:12:17.093579,0 days 00:00:06.767136,432.0,1.0,113.4,156.1,0.0,COMPLETE
9991,0.6875,2026-04-08 21:12:17.109324,2026-04-08 21:12:24.789701,0 days 00:00:07.680377,360.0,2.0,121.8,157.7,0.3,COMPLETE
9992,0.6875,2026-04-08 21:12:24.808237,2026-04-08 21:12:31.561977,0 days 00:00:06.753740,355.0,2.0,120.7,155.3,0.45,COMPLETE
9993,0.6875,2026-04-08 21:12:31.578484,2026-04-08 21:12:38.520221,0 days 00:00:06.941737,268.0,3.0,122.6,155.2,0.33,COMPLETE
9994,0.825,2026-04-08 21:12:38.538826,2026-04-08 21:13:12.793797,0 days 00:00:34.254971,444.0,2.0,118.2,155.1,0.51,COMPLETE
9995,0.6875,2026-04-08 21:13:12.812762,2026-04-08 21:13:20.081181,0 days 00:00:07.268419,328.0,1.0,118.2,150.5,0.0,COMPLETE
9996,0.6875,2026-04-08 21:13:20.098919,2026-04-08 21:13:27.152834,0 days 00:00:07.053915,500.0,1.0,116.2,155.6,0.18,COMPLETE
9997,0.6875,2026-04-08 21:13:27.169312,2026-04-08 21:13:34.175447,0 days 00:00:07.006135,362.0,2.0,118.1,153.8,0.03,COMPLETE
9998,0.825,2026-04-08 21:13:34.193382,2026-04-08 21:14:08.584236,0 days 00:00:34.390854,425.0,3.0,123.0,155.8,0.27,COMPLETE
9999,0.825,2026-04-08 21:14:08.603601,2026-04-08 21:14:42.866940,0 days 00:00:34.263339,330.0,2.0,121.3,154.9,0.0,COMPLETE
10000,0.6875,2026-04-08 21:14:42.886013,2026-04-08 21:14:50.394178,0 days 00:00:07.508165,421.0,2.0,113.1,155.7,0.0,COMPLETE
10001,0.6875,2026-04-08 21:14:50.413003,2026-04-08 21:14:57.840234,0 days 00:00:07.427231,311.0,2.0,118.7,152.5,0.34,COMPLETE
10002,0.6875,2026-04-08 21:14:57.858152,2026-04-08 21:15:04.894268,0 days 00:00:07.036116,354.0,2.0,121.5,156.9,0.8300000000000001,COMPLETE
10003,0.825,2026-04-08 21:15:04.913050,2026-04-08 21:15:38.933854,0 days 00:00:34.020804,332.0,1.0,123.2,156.1,0.34,COMPLETE
10004,0.825,2026-04-08 21:15:38.952871,2026-04-08 21:16:13.236593,0 days 00:00:34.283722,456.0,1.0,117.6,156.3,0.35000000000000003,COMPLETE
10005,0.825,2026-04-08 21:16:13.255250,2026-04-08 21:16:48.072747,0 days 00:00:34.817497,380.0,1.0,124.3,156.9,0.0,COMPLETE
10006,0.6875,2026-04-08 21:16:48.087808,2026-04-08 21:16:56.114850,0 days 00:00:08.027042,436.0,1.0,114.5,150.0,0.25,COMPLETE
10007,0.6875,2026-04-08 21:16:56.133096,2026-04-08 21:17:03.433253,0 days 00:00:07.300157,437.0,1.0,120.1,154.2,0.23,COMPLETE
10008,0.6875,2026-04-08 21:17:03.449848,2026-04-08 21:17:10.350692,0 days 00:00:06.900844,405.0,1.0,115.9,154.7,0.2,COMPLETE
10009,0.6875,2026-04-08 21:17:10.368813,2026-04-08 21:17:18.298554,0 days 00:00:07.929741,229.0,2.0,124.0,156.2,0.24,COMPLETE
10010,0.6875,2026-04-08 21:17:18.314487,2026-04-08 21:17:25.515625,0 days 00:00:07.201138,420.0,1.0,117.7,154.8,0.21,COMPLETE
10011,0.825,2026-04-08 21:17:25.533887,2026-04-08 21:17:59.729621,0 days 00:00:34.195734,314.0,1.0,119.2,154.6,0.3,COMPLETE
10012,0.825,2026-04-08 21:17:59.749178,2026-04-08 21:18:33.781307,0 days 00:00:34.032129,479.0,1.0,118.2,155.2,0.04,COMPLETE
10013,0.825,2026-04-08 21:18:33.799826,2026-04-08 21:19:30.385441,0 days 00:00:56.585615,360.0,2.0,125.5,154.4,0.12,COMPLETE
10014,0.6875,2026-04-08 21:19:30.402513,2026-04-08 21:19:37.664586,0 days 00:00:07.262073,453.0,2.0,117.5,154.9,0.27,COMPLETE
10015,0.6875,2026-04-08 21:19:37.682217,2026-04-08 21:19:44.292895,0 days 00:00:06.610678,437.0,1.0,115.9,153.4,0.0,COMPLETE
10016,0.6875,2026-04-08 21:19:44.308843,2026-04-08 21:19:51.618979,0 days 00:00:07.310136,437.0,1.0,124.3,150.3,0.37,COMPLETE
10017,0.6875,2026-04-08 21:19:51.637408,2026-04-08 21:19:59.119982,0 days 00:00:07.482574,423.0,1.0,114.9,153.5,0.0,COMPLETE
10018,0.825,2026-04-08 21:19:59.136997,2026-04-08 21:20:33.091376,0 days 00:00:33.954379,444.0,2.0,118.7,153.8,0.22,COMPLETE
10019,0.6875,2026-04-08 21:20:33.110836,2026-04-08 21:20:40.488762,0 days 00:00:07.377926,315.0,1.0,113.6,152.6,0.59,COMPLETE
10020,0.6875,2026-04-08 21:20:40.504664,2026-04-08 21:20:47.985141,0 days 00:00:07.480477,250.0,1.0,120.3,154.2,1.48,COMPLETE
10021,0.825,2026-04-08 21:20:48.004699,2026-04-08 21:20:55.298609,0 days 00:00:07.293910,416.0,2.0,124.1,153.6,0.46,COMPLETE
10022,0.6875,2026-04-08 21:20:55.314535,2026-04-08 21:21:02.816966,0 days 00:00:07.502431,301.0,1.0,116.4,154.1,0.1,COMPLETE
10023,0.6875,2026-04-08 21:21:02.836209,2026-04-08 21:21:09.616800,0 days 00:00:06.780591,367.0,1.0,113.0,156.7,0.2,COMPLETE
10024,0.825,2026-04-08 21:21:09.632845,2026-04-08 21:21:44.760297,0 days 00:00:35.127452,461.0,1.0,124.6,155.0,0.19,COMPLETE
10025,0.825,2026-04-08 21:21:44.776478,2026-04-08 21:22:19.336447,0 days 00:00:34.559969,413.0,2.0,117.5,156.0,0.24,COMPLETE
10026,0.6875,2026-04-08 21:22:19.355472,2026-04-08 21:22:26.423144,0 days 00:00:07.067672,393.0,1.0,113.4,154.2,0.26,COMPLETE
10027,0.6875,2026-04-08 21:22:26.439467,2026-04-08 21:22:33.227091,0 days 00:00:06.787624,497.0,1.0,116.9,153.7,0.01,COMPLETE
10028,0.6875,2026-04-08 21:22:33.246401,2026-04-08 21:22:40.212869,0 days 00:00:06.966468,353.0,1.0,120.0,154.3,0.0,COMPLETE
10029,0.6875,2026-04-08 21:22:40.229349,2026-04-08 21:22:46.972337,0 days 00:00:06.742988,390.0,1.0,117.7,154.4,0.26,COMPLETE
10030,0.825,2026-04-08 21:22:46.991101,2026-04-08 21:23:21.009304,0 days 00:00:34.018203,496.0,2.0,118.3,156.4,0.5700000000000001,COMPLETE
10031,0.6875,2026-04-08 21:23:21.024178,2026-04-08 21:23:28.175668,0 days 00:00:07.151490,411.0,1.0,116.5,155.0,0.3,COMPLETE
10032,0.6875,2026-04-08 21:23:28.195054,2026-04-08 21:23:35.030070,0 days 00:00:06.835016,363.0,2.0,114.2,153.1,0.6,COMPLETE
10033,0.6875,2026-04-08 21:23:35.045857,2026-04-08 21:23:43.103319,0 days 00:00:08.057462,441.0,3.0,126.5,148.3,1.06,COMPLETE
10034,0.6875,2026-04-08 21:23:43.121388,2026-04-08 21:23:50.597232,0 days 00:00:07.475844,500.0,2.0,122.2,155.9,0.89,COMPLETE
10035,0.6875,2026-04-08 21:23:50.613922,2026-04-08 21:23:57.985777,0 days 00:00:07.371855,397.0,1.0,116.3,156.6,0.24,COMPLETE
10036,0.6875,2026-04-08 21:23:58.004475,2026-04-08 21:24:04.801249,0 days 00:00:06.796774,472.0,1.0,115.5,154.1,0.4,COMPLETE
10037,0.825,2026-04-08 21:24:04.817491,2026-04-08 21:24:39.352297,0 days 00:00:34.534806,384.0,1.0,119.8,155.1,0.0,COMPLETE
10038,0.6875,2026-04-08 21:24:39.370653,2026-04-08 21:24:46.750962,0 days 00:00:07.380309,159.0,1.0,121.1,153.6,1.28,COMPLETE
10039,0.825,2026-04-08 21:24:46.771732,2026-04-08 21:25:00.650365,0 days 00:00:13.878633,346.0,1.0,115.6,154.9,0.0,COMPLETE
10040,0.825,2026-04-08 21:25:00.669686,2026-04-08 21:25:21.696460,0 days 00:00:21.026774,410.0,1.0,122.8,154.2,0.25,COMPLETE
10041,0.6875,2026-04-08 21:25:21.714760,2026-04-08 21:25:29.040824,0 days 00:00:07.326064,424.0,1.0,115.7,158.2,0.48,COMPLETE
10042,0.6875,2026-04-08 21:25:29.059223,2026-04-08 21:25:35.779467,0 days 00:00:06.720244,435.0,1.0,115.4,154.2,0.29,COMPLETE
10043,0.6875,2026-04-08 21:25:35.795849,2026-04-08 21:25:42.457444,0 days 00:00:06.661595,427.0,1.0,117.5,152.9,0.23,COMPLETE
10044,0.6875,2026-04-08 21:25:42.475186,2026-04-08 21:25:49.276017,0 days 00:00:06.800831,317.0,1.0,117.1,154.7,0.21,COMPLETE
10045,0.6875,2026-04-08 21:25:49.292768,2026-04-08 21:25:55.908304,0 days 00:00:06.615536,340.0,1.0,115.3,153.7,0.01,COMPLETE
10046,0.6875,2026-04-08 21:25:55.926216,2026-04-08 21:26:02.473167,0 days 00:00:06.546951,458.0,1.0,114.3,155.2,0.26,COMPLETE
10047,0.6875,2026-04-08 21:26:02.492745,2026-04-08 21:26:09.393884,0 days 00:00:06.901139,317.0,1.0,117.7,155.9,0.5700000000000001,COMPLETE
10048,0.6875,2026-04-08 21:26:09.412737,2026-04-08 21:26:16.086569,0 days 00:00:06.673832,417.0,1.0,114.9,155.4,0.53,COMPLETE
10049,0.825,2026-04-08 21:26:16.103141,2026-04-08 21:26:23.166275,0 days 00:00:07.063134,433.0,1.0,116.0,155.8,0.01,COMPLETE
10050,0.6875,2026-04-08 21:26:23.185037,2026-04-08 21:26:30.358488,0 days 00:00:07.173451,331.0,1.0,117.9,152.5,0.25,COMPLETE
10051,0.6875,2026-04-08 21:26:30.375446,2026-04-08 21:26:37.104946,0 days 00:00:06.729500,451.0,1.0,116.3,155.1,0.26,COMPLETE
10052,0.6875,2026-04-08 21:26:37.122922,2026-04-08 21:26:44.019556,0 days 00:00:06.896634,347.0,2.0,115.4,156.4,0.55,COMPLETE
10053,0.825,2026-04-08 21:26:44.036641,2026-04-08 21:27:18.639538,0 days 00:00:34.602897,500.0,2.0,122.1,152.5,0.1,COMPLETE
10054,0.6875,2026-04-08 21:27:18.658123,2026-04-08 21:27:26.324339,0 days 00:00:07.666216,389.0,1.0,114.4,152.2,0.39,COMPLETE
10055,0.825,2026-04-08 21:27:26.339306,2026-04-08 21:28:00.842177,0 days 00:00:34.502871,407.0,1.0,120.6,153.1,0.25,COMPLETE
10056,0.825,2026-04-08 21:28:00.861626,2026-04-08 21:28:34.875507,0 days 00:00:34.013881,411.0,2.0,122.8,155.7,0.49,COMPLETE
10057,0.6875,2026-04-08 21:28:34.893832,2026-04-08 21:28:42.112599,0 days 00:00:07.218767,410.0,1.0,116.9,155.3,0.61,COMPLETE
10058,0.6875,2026-04-08 21:28:42.131054,2026-04-08 21:28:49.380523,0 days 00:00:07.249469,315.0,3.0,118.8,159.8,1.97,COMPLETE
10059,0.6875,2026-04-08 21:28:49.396227,2026-04-08 21:28:56.802325,0 days 00:00:07.406098,356.0,2.0,121.6,152.3,0.26,COMPLETE
10060,0.6875,2026-04-08 21:28:56.820337,2026-04-08 21:29:04.191503,0 days 00:00:07.371166,441.0,2.0,116.4,158.2,0.6,COMPLETE
10061,0.825,2026-04-08 21:29:04.207663,2026-04-08 21:29:38.365857,0 days 00:00:34.158194,367.0,1.0,117.5,156.4,0.24,COMPLETE
10062,0.6875,2026-04-08 21:29:38.384779,2026-04-08 21:29:45.256918,0 days 00:00:06.872139,498.0,1.0,114.9,157.5,0.01,COMPLETE
10063,0.6875,2026-04-08 21:29:45.273834,2026-04-08 21:29:52.014782,0 days 00:00:06.740948,449.0,2.0,116.9,159.8,0.01,COMPLETE
10064,0.6875,2026-04-08 21:29:52.035135,2026-04-08 21:29:58.773664,0 days 00:00:06.738529,432.0,1.0,116.1,156.7,0.22,COMPLETE
10065,0.6875,2026-04-08 21:29:58.790185,2026-04-08 21:30:05.636053,0 days 00:00:06.845868,442.0,1.0,116.5,152.6,0.25,COMPLETE
10066,0.825,2026-04-08 21:30:05.655411,2026-04-08 21:30:39.816687,0 days 00:00:34.161276,393.0,1.0,117.5,156.4,0.01,COMPLETE
10067,0.6875,2026-04-08 21:30:39.838290,2026-04-08 21:30:46.867224,0 days 00:00:07.028934,255.0,2.0,117.5,154.5,0.31,COMPLETE
10068,0.825,2026-04-08 21:30:46.884779,2026-04-08 21:31:21.538916,0 days 00:00:34.654137,307.0,2.0,124.9,152.4,0.21,COMPLETE
10069,0.6875,2026-04-08 21:31:21.558627,2026-04-08 21:31:28.980373,0 days 00:00:07.421746,397.0,1.0,115.9,154.8,0.0,COMPLETE
10070,0.6875,2026-04-08 21:31:28.998095,2026-04-08 21:31:35.673845,0 days 00:00:06.675750,398.0,1.0,117.1,152.4,0.0,COMPLETE
10071,0.6875,2026-04-08 21:31:35.695176,2026-04-08 21:31:42.702262,0 days 00:00:07.007086,266.0,2.0,121.6,153.2,0.22,COMPLETE
10072,0.825,2026-04-08 21:31:42.719470,2026-04-08 21:32:17.098192,0 days 00:00:34.378722,438.0,2.0,116.0,154.3,0.01,COMPLETE
10073,0.825,2026-04-08 21:32:17.116547,2026-04-08 21:32:51.143161,0 days 00:00:34.026614,409.0,1.0,119.3,156.1,0.24,COMPLETE
10074,0.6875,2026-04-08 21:32:51.159344,2026-04-08 21:32:58.288443,0 days 00:00:07.129099,301.0,2.0,122.3,154.1,0.5,COMPLETE
10075,0.6875,2026-04-08 21:32:58.307340,2026-04-08 21:33:05.659965,0 days 00:00:07.352625,497.0,1.0,114.8,155.9,0.34,COMPLETE
10076,0.6875,2026-04-08 21:33:05.676349,2026-04-08 21:33:12.803671,0 days 00:00:07.127322,381.0,3.0,113.6,159.7,1.6400000000000001,COMPLETE
10077,0.6875,2026-04-08 21:33:12.822024,2026-04-08 21:33:19.594766,0 days 00:00:06.772742,411.0,3.0,115.0,158.6,0.24,COMPLETE
10078,0.6875,2026-04-08 21:33:19.610552,2026-04-08 21:33:26.328257,0 days 00:00:06.717705,441.0,1.0,116.1,156.9,0.0,COMPLETE
10079,0.6875,2026-04-08 21:33:26.347920,2026-04-08 21:33:33.146712,0 days 00:00:06.798792,388.0,1.0,117.8,154.0,0.22,COMPLETE
10080,0.6875,2026-04-08 21:33:33.163054,2026-04-08 21:33:40.080562,0 days 00:00:06.917508,401.0,1.0,113.1,154.5,0.0,COMPLETE
10081,0.825,2026-04-08 21:33:40.099110,2026-04-08 21:34:15.123203,0 days 00:00:35.024093,431.0,3.0,123.1,156.4,0.72,COMPLETE
10082,0.6875,2026-04-08 21:34:15.137150,2026-04-08 21:34:22.714570,0 days 00:00:07.577420,368.0,1.0,116.3,158.0,0.01,COMPLETE
10083,0.6875,2026-04-08 21:34:22.732709,2026-04-08 21:34:29.501494,0 days 00:00:06.768785,440.0,3.0,115.7,154.7,0.18,COMPLETE
10084,0.6875,2026-04-08 21:34:29.517986,2026-04-08 21:34:36.361195,0 days 00:00:06.843209,378.0,1.0,115.1,155.4,0.19,COMPLETE
10085,0.6875,2026-04-08 21:34:36.379531,2026-04-08 21:34:43.213190,0 days 00:00:06.833659,393.0,1.0,113.6,158.9,0.15,COMPLETE
10086,0.6875,2026-04-08 21:34:43.232344,2026-04-08 21:34:50.085822,0 days 00:00:06.853478,493.0,2.0,116.6,156.5,0.32,COMPLETE
10087,0.825,2026-04-08 21:34:50.105114,2026-04-08 21:35:24.206719,0 days 00:00:34.101605,428.0,1.0,118.9,154.9,0.61,COMPLETE
10088,0.6875,2026-04-08 21:35:24.226722,2026-04-08 21:35:31.101322,0 days 00:00:06.874600,460.0,1.0,116.3,154.9,0.49,COMPLETE
10089,0.6875,2026-04-08 21:35:31.120327,2026-04-08 21:35:37.896388,0 days 00:00:06.776061,336.0,2.0,116.9,155.2,0.25,COMPLETE
10090,0.6875,2026-04-08 21:35:37.913329,2026-04-08 21:35:44.731144,0 days 00:00:06.817815,377.0,1.0,117.6,152.3,0.47000000000000003,COMPLETE
10091,0.6875,2026-04-08 21:35:44.750586,2026-04-08 21:35:51.468307,0 days 00:00:06.717721,364.0,1.0,115.7,153.1,0.0,COMPLETE
10092,0.6875,2026-04-08 21:35:51.485021,2026-04-08 21:35:58.362280,0 days 00:00:06.877259,461.0,1.0,119.6,154.0,0.81,COMPLETE
10093,0.825,2026-04-08 21:35:58.381472,2026-04-08 21:36:05.677791,0 days 00:00:07.296319,440.0,1.0,115.8,154.4,0.01,COMPLETE
10094,0.6875,2026-04-08 21:36:05.693967,2026-04-08 21:36:12.454491,0 days 00:00:06.760524,389.0,1.0,116.5,153.9,0.23,COMPLETE
