number,value,datetime_start,datetime_complete,duration,params_voltage,params_width,params_x,params_y,params_z,state
2259,0.825,2026-04-05 01:38:47.075778,2026-04-05 01:39:21.033599,0 days 00:00:33.957821,356.0,2.0,121.7,155.5,0.09,COMPLETE
2260,0.825,2026-04-05 01:39:21.047564,2026-04-05 01:39:55.096215,0 days 00:00:34.048651,500.0,2.0,120.7,152.9,0.33,COMPLETE
2261,0.6875,2026-04-05 01:39:55.109176,2026-04-05 01:40:02.294762,0 days 00:00:07.185586,287.0,2.0,121.7,155.5,0.72,COMPLETE
2262,0.6875,2026-04-05 01:40:02.308222,2026-04-05 01:40:09.321297,0 days 00:00:07.013075,495.0,1.0,116.5,156.8,1.29,COMPLETE
2263,0.825,2026-04-05 01:40:09.330984,2026-04-05 01:40:44.743463,0 days 00:00:35.412479,498.0,3.0,125.1,153.0,0.65,COMPLETE
2264,0.825,2026-04-05 01:40:44.758127,2026-04-05 01:41:18.801923,0 days 00:00:34.043796,436.0,1.0,123.1,156.0,0.28,COMPLETE
2265,0.825,2026-04-05 01:41:18.817045,2026-04-05 01:41:52.837860,0 days 00:00:34.020815,401.0,1.0,121.0,155.8,0.32,COMPLETE
2266,0.6875,2026-04-05 01:41:52.850875,2026-04-05 01:41:59.797318,0 days 00:00:06.946443,496.0,3.0,121.8,150.4,0.49,COMPLETE
2267,0.6875,2026-04-05 01:41:59.810663,2026-04-05 01:42:06.683878,0 days 00:00:06.873215,403.0,3.0,124.3,153.1,0.43,COMPLETE
2268,0.6875,2026-04-05 01:42:06.697090,2026-04-05 01:42:14.558463,0 days 00:00:07.861373,492.0,2.0,113.2,156.1,0.71,COMPLETE
2269,0.825,2026-04-05 01:42:14.571366,2026-04-05 01:42:49.440212,0 days 00:00:34.868846,431.0,2.0,122.5,156.2,0.33,COMPLETE
2270,0.6875,2026-04-05 01:42:49.453169,2026-04-05 01:42:56.263743,0 days 00:00:06.810574,451.0,1.0,122.0,153.5,0.65,COMPLETE
2271,0.6875,2026-04-05 01:42:56.274012,2026-04-05 01:43:02.762045,0 days 00:00:06.488033,454.0,3.0,123.4,153.8,0.7000000000000001,COMPLETE
2272,0.6875,2026-04-05 01:43:02.775492,2026-04-05 01:43:09.626796,0 days 00:00:06.851304,407.0,2.0,119.3,152.9,0.23,COMPLETE
2273,0.6875,2026-04-05 01:43:09.639796,2026-04-05 01:43:16.361777,0 days 00:00:06.721981,418.0,1.0,120.6,154.6,0.04,COMPLETE
2274,0.6875,2026-04-05 01:43:16.374757,2026-04-05 01:43:23.067904,0 days 00:00:06.693147,291.0,1.0,121.6,154.7,0.04,COMPLETE
2275,0.6875,2026-04-05 01:43:23.077783,2026-04-05 01:43:29.797612,0 days 00:00:06.719829,326.0,2.0,119.7,154.1,0.55,COMPLETE
2276,0.825,2026-04-05 01:43:29.811032,2026-04-05 01:44:03.672918,0 days 00:00:33.861886,498.0,3.0,118.9,154.1,0.17,COMPLETE
2277,0.6875,2026-04-05 01:44:03.686641,2026-04-05 01:44:10.728880,0 days 00:00:07.042239,500.0,2.0,114.7,150.4,1.96,COMPLETE
2278,0.6875,2026-04-05 01:44:10.741468,2026-04-05 01:44:18.192991,0 days 00:00:07.451523,411.0,3.0,121.3,154.8,0.4,COMPLETE
2279,0.6875,2026-04-05 01:44:18.206612,2026-04-05 01:44:24.968611,0 days 00:00:06.761999,499.0,2.0,122.4,150.1,0.05,COMPLETE
2280,0.825,2026-04-05 01:44:24.982072,2026-04-05 01:44:58.968915,0 days 00:00:33.986843,500.0,3.0,123.2,151.8,0.41000000000000003,COMPLETE
2281,0.825,2026-04-05 01:44:58.982312,2026-04-05 01:45:33.049449,0 days 00:00:34.067137,488.0,3.0,125.7,151.8,0.0,COMPLETE
2282,0.825,2026-04-05 01:45:33.062779,2026-04-05 01:46:07.295863,0 days 00:00:34.233084,439.0,3.0,120.6,155.0,0.33,COMPLETE
2283,0.6875,2026-04-05 01:46:07.309425,2026-04-05 01:46:14.205278,0 days 00:00:06.895853,324.0,1.0,119.4,152.9,0.41000000000000003,COMPLETE
2284,0.6875,2026-04-05 01:46:14.218625,2026-04-05 01:46:21.020716,0 days 00:00:06.802091,359.0,1.0,123.0,154.1,0.42,COMPLETE
2285,0.6875,2026-04-05 01:46:21.033953,2026-04-05 01:46:28.396226,0 days 00:00:07.362273,401.0,2.0,114.3,153.6,0.39,COMPLETE
2286,0.6875,2026-04-05 01:46:28.409998,2026-04-05 01:46:35.727295,0 days 00:00:07.317297,388.0,1.0,121.7,155.0,0.73,COMPLETE
2287,0.6875,2026-04-05 01:46:35.740149,2026-04-05 01:46:42.756617,0 days 00:00:07.016468,489.0,1.0,116.1,154.0,1.04,COMPLETE
2288,0.6875,2026-04-05 01:46:42.769719,2026-04-05 01:46:50.098207,0 days 00:00:07.328488,418.0,3.0,121.5,152.1,0.5,COMPLETE
2289,0.825,2026-04-05 01:46:50.111740,2026-04-05 01:47:24.104231,0 days 00:00:33.992491,382.0,1.0,122.6,153.4,0.38,COMPLETE
2290,0.6875,2026-04-05 01:47:24.117819,2026-04-05 01:47:30.603130,0 days 00:00:06.485311,500.0,2.0,122.7,154.7,0.56,COMPLETE
2291,0.6875,2026-04-05 01:47:30.614305,2026-04-05 01:47:38.133707,0 days 00:00:07.519402,418.0,1.0,114.1,156.5,0.84,COMPLETE
2292,0.6875,2026-04-05 01:47:38.147686,2026-04-05 01:47:45.585197,0 days 00:00:07.437511,286.0,1.0,121.8,156.0,0.92,COMPLETE
2293,0.6875,2026-04-05 01:47:45.598008,2026-04-05 01:47:52.371200,0 days 00:00:06.773192,437.0,2.0,123.1,152.3,0.53,COMPLETE
2294,0.825,2026-04-05 01:47:52.381728,2026-04-05 01:48:26.833928,0 days 00:00:34.452200,344.0,1.0,118.7,156.0,0.39,COMPLETE
2295,0.6875,2026-04-05 01:48:26.846841,2026-04-05 01:48:34.047594,0 days 00:00:07.200753,220.0,2.0,124.0,157.3,0.62,COMPLETE
2296,0.6875,2026-04-05 01:48:34.061514,2026-04-05 01:48:41.392469,0 days 00:00:07.330955,376.0,3.0,117.1,152.1,0.81,COMPLETE
2297,0.6875,2026-04-05 01:48:41.405733,2026-04-05 01:48:48.148792,0 days 00:00:06.743059,382.0,2.0,120.5,152.0,0.66,COMPLETE
2298,0.825,2026-04-05 01:48:48.158234,2026-04-05 01:49:22.385685,0 days 00:00:34.227451,499.0,2.0,118.7,156.5,0.08,COMPLETE
2299,0.6875,2026-04-05 01:49:22.399278,2026-04-05 01:49:30.307174,0 days 00:00:07.907896,154.0,1.0,125.9,155.5,0.29,COMPLETE
2300,0.6875,2026-04-05 01:49:30.320208,2026-04-05 01:49:38.362693,0 days 00:00:08.042485,486.0,3.0,113.4,151.0,0.14,COMPLETE
2301,0.6875,2026-04-05 01:49:38.376015,2026-04-05 01:49:46.534065,0 days 00:00:08.158050,323.0,1.0,125.1,156.0,0.19,COMPLETE
2302,0.825,2026-04-05 01:49:46.547555,2026-04-05 01:50:20.495750,0 days 00:00:33.948195,435.0,3.0,125.1,152.3,0.29,COMPLETE
2303,0.825,2026-04-05 01:50:20.509272,2026-04-05 01:50:55.073206,0 days 00:00:34.563934,278.0,1.0,122.1,156.5,0.0,COMPLETE
2304,0.6875,2026-04-05 01:50:55.086018,2026-04-05 01:51:01.913046,0 days 00:00:06.827028,378.0,3.0,122.8,152.0,0.33,COMPLETE
2305,0.6875,2026-04-05 01:51:01.926364,2026-04-05 01:51:08.858804,0 days 00:00:06.932440,386.0,1.0,121.2,154.4,0.06,COMPLETE
2306,0.825,2026-04-05 01:51:08.871969,2026-04-05 01:51:42.667073,0 days 00:00:33.795104,428.0,2.0,122.1,153.2,0.34,COMPLETE
2307,0.6875,2026-04-05 01:51:42.679938,2026-04-05 01:51:49.751881,0 days 00:00:07.071943,325.0,1.0,123.9,154.3,0.5,COMPLETE
2308,0.6875,2026-04-05 01:51:49.765318,2026-04-05 01:51:56.668381,0 days 00:00:06.903063,208.0,1.0,125.4,158.2,0.04,COMPLETE
2309,0.6875,2026-04-05 01:51:56.682316,2026-04-05 01:52:03.311727,0 days 00:00:06.629411,257.0,1.0,123.3,155.3,0.26,COMPLETE
2310,0.6875,2026-04-05 01:52:03.324832,2026-04-05 01:52:10.736855,0 days 00:00:07.412023,405.0,2.0,115.4,149.3,0.03,COMPLETE
2311,0.825,2026-04-05 01:52:10.750177,2026-04-05 01:52:45.670047,0 days 00:00:34.919870,342.0,1.0,122.4,155.5,0.22,COMPLETE
2312,0.825,2026-04-05 01:52:45.683543,2026-04-05 01:52:52.988869,0 days 00:00:07.305326,434.0,3.0,122.5,151.3,0.21,COMPLETE
2313,0.825,2026-04-05 01:52:53.002099,2026-04-05 01:53:27.125766,0 days 00:00:34.123667,499.0,3.0,121.4,155.9,0.58,COMPLETE
2314,0.6875,2026-04-05 01:53:27.140522,2026-04-05 01:53:34.322141,0 days 00:00:07.181619,494.0,3.0,124.8,150.1,0.39,COMPLETE
2315,0.6875,2026-04-05 01:53:34.332676,2026-04-05 01:53:41.844551,0 days 00:00:07.511875,500.0,1.0,115.3,154.9,1.57,COMPLETE
2316,0.6875,2026-04-05 01:53:41.857762,2026-04-05 01:53:48.678144,0 days 00:00:06.820382,419.0,2.0,116.9,152.3,0.22,COMPLETE
2317,0.825,2026-04-05 01:53:48.691759,2026-04-05 01:54:23.191912,0 days 00:00:34.500153,422.0,2.0,122.2,156.5,0.89,COMPLETE
2318,0.6875,2026-04-05 01:54:23.205749,2026-04-05 01:54:30.949034,0 days 00:00:07.743285,186.0,1.0,114.3,155.6,1.93,COMPLETE
2319,0.6875,2026-04-05 01:54:30.962274,2026-04-05 01:54:37.596436,0 days 00:00:06.634162,304.0,2.0,117.4,154.5,0.28,COMPLETE
2320,0.6875,2026-04-05 01:54:37.609794,2026-04-05 01:54:44.264124,0 days 00:00:06.654330,487.0,3.0,120.0,151.9,0.47000000000000003,COMPLETE
2321,0.825,2026-04-05 01:54:44.277886,2026-04-05 01:55:18.482576,0 days 00:00:34.204690,431.0,2.0,119.9,156.4,0.5700000000000001,COMPLETE
2322,0.6875,2026-04-05 01:55:18.496061,2026-04-05 01:55:25.116605,0 days 00:00:06.620544,431.0,3.0,121.3,153.7,0.11,COMPLETE
2323,0.671875,2026-04-05 01:55:25.130273,2026-04-05 01:55:31.808235,0 days 00:00:06.677962,371.0,1.0,118.8,150.7,0.0,COMPLETE
2324,0.825,2026-04-05 01:55:31.821531,2026-04-05 01:56:05.846545,0 days 00:00:34.025014,385.0,1.0,122.4,152.7,0.0,COMPLETE
2325,0.825,2026-04-05 01:56:05.856275,2026-04-05 01:56:40.618925,0 days 00:00:34.762650,497.0,3.0,122.5,154.6,0.4,COMPLETE
2326,0.6875,2026-04-05 01:56:40.632425,2026-04-05 01:56:47.925575,0 days 00:00:07.293150,223.0,1.0,122.0,150.0,0.45,COMPLETE
2327,0.825,2026-04-05 01:56:47.938591,2026-04-05 01:57:21.872772,0 days 00:00:33.934181,339.0,2.0,125.0,152.8,0.18,COMPLETE
2328,0.825,2026-04-05 01:57:21.882693,2026-04-05 01:57:55.901034,0 days 00:00:34.018341,438.0,1.0,122.5,155.5,0.52,COMPLETE
2329,0.6875,2026-04-05 01:57:55.914182,2026-04-05 01:58:03.510832,0 days 00:00:07.596650,394.0,2.0,117.4,148.2,0.43,COMPLETE
2330,0.825,2026-04-05 01:58:03.524403,2026-04-05 01:58:37.911062,0 days 00:00:34.386659,440.0,1.0,122.7,153.5,0.22,COMPLETE
2331,0.6875,2026-04-05 01:58:37.921430,2026-04-05 01:58:44.693190,0 days 00:00:06.771760,317.0,2.0,123.3,152.5,0.78,COMPLETE
2332,0.825,2026-04-05 01:58:44.704372,2026-04-05 01:59:18.599270,0 days 00:00:33.894898,499.0,2.0,122.8,155.5,0.34,COMPLETE
2333,0.825,2026-04-05 01:59:18.612713,2026-04-05 01:59:52.653462,0 days 00:00:34.040749,406.0,2.0,121.7,156.0,0.28,COMPLETE
2334,0.825,2026-04-05 01:59:52.667483,2026-04-05 02:00:26.700817,0 days 00:00:34.033334,431.0,1.0,120.5,152.7,0.22,COMPLETE
2335,0.6875,2026-04-05 02:00:26.714585,2026-04-05 02:00:33.292707,0 days 00:00:06.578122,498.0,3.0,122.2,153.2,0.5700000000000001,COMPLETE
2336,0.825,2026-04-05 02:00:33.306017,2026-04-05 02:00:38.410190,0 days 00:00:05.104173,433.0,2.0,124.5,154.5,0.41000000000000003,COMPLETE
2337,0.825,2026-04-05 02:00:38.423947,2026-04-05 02:01:12.269781,0 days 00:00:33.845834,439.0,3.0,123.4,154.9,0.06,COMPLETE
2338,0.6875,2026-04-05 02:01:12.282555,2026-04-05 02:01:19.691715,0 days 00:00:07.409160,360.0,3.0,126.4,148.7,0.29,COMPLETE
2339,0.825,2026-04-05 02:01:19.704993,2026-04-05 02:01:54.247695,0 days 00:00:34.542702,256.0,1.0,124.5,155.2,0.07,COMPLETE
2340,0.6875,2026-04-05 02:01:54.261308,2026-04-05 02:02:00.716503,0 days 00:00:06.455195,333.0,1.0,125.2,155.4,0.38,COMPLETE
2341,0.6875,2026-04-05 02:02:00.729856,2026-04-05 02:02:07.380153,0 days 00:00:06.650297,498.0,2.0,121.6,154.2,0.39,COMPLETE
2342,0.6875,2026-04-05 02:02:07.393171,2026-04-05 02:02:14.130471,0 days 00:00:06.737300,269.0,1.0,121.3,153.4,0.3,COMPLETE
2343,0.6875,2026-04-05 02:02:14.143566,2026-04-05 02:02:20.476990,0 days 00:00:06.333424,319.0,1.0,121.0,153.6,0.58,COMPLETE
2344,0.6875,2026-04-05 02:02:20.486514,2026-04-05 02:02:27.410605,0 days 00:00:06.924091,319.0,2.0,123.8,158.8,0.25,COMPLETE
2345,0.671875,2026-04-05 02:02:27.423939,2026-04-05 02:02:34.176552,0 days 00:00:06.752613,345.0,1.0,123.6,153.8,0.2,COMPLETE
2346,0.825,2026-04-05 02:02:34.189928,2026-04-05 02:03:07.997636,0 days 00:00:33.807708,449.0,1.0,124.3,155.5,0.26,COMPLETE
2347,0.6875,2026-04-05 02:03:08.010807,2026-04-05 02:03:15.361296,0 days 00:00:07.350489,363.0,3.0,120.6,152.1,0.0,COMPLETE
2348,0.6875,2026-04-05 02:03:15.374703,2026-04-05 02:03:22.260638,0 days 00:00:06.885935,378.0,1.0,125.4,155.4,0.75,COMPLETE
2349,0.6875,2026-04-05 02:03:22.274389,2026-04-05 02:03:28.991624,0 days 00:00:06.717235,247.0,2.0,124.9,155.3,0.4,COMPLETE
2350,0.6875,2026-04-05 02:03:29.005010,2026-04-05 02:03:35.743446,0 days 00:00:06.738436,233.0,1.0,122.6,158.3,0.36,COMPLETE
2351,0.6875,2026-04-05 02:03:35.752749,2026-04-05 02:03:42.560866,0 days 00:00:06.808117,267.0,2.0,122.6,154.5,0.31,COMPLETE
2352,0.825,2026-04-05 02:03:42.574416,2026-04-05 02:04:16.600601,0 days 00:00:34.026185,486.0,1.0,121.0,155.6,0.4,COMPLETE
2353,0.825,2026-04-05 02:04:16.608903,2026-04-05 02:04:51.159388,0 days 00:00:34.550485,278.0,1.0,124.7,152.1,0.05,COMPLETE
2354,0.6875,2026-04-05 02:04:51.172885,2026-04-05 02:04:58.042092,0 days 00:00:06.869207,341.0,1.0,127.0,156.0,0.58,COMPLETE
2355,0.825,2026-04-05 02:04:58.055329,2026-04-05 02:05:32.370087,0 days 00:00:34.314758,384.0,1.0,122.1,156.2,0.0,COMPLETE
2356,0.6875,2026-04-05 02:05:32.383690,2026-04-05 02:05:39.749000,0 days 00:00:07.365310,466.0,2.0,116.0,149.8,0.66,COMPLETE
2357,0.6875,2026-04-05 02:05:39.761932,2026-04-05 02:05:46.387508,0 days 00:00:06.625576,417.0,2.0,119.7,149.9,0.6,COMPLETE
2358,0.6875,2026-04-05 02:05:46.400711,2026-04-05 02:05:53.390914,0 days 00:00:06.990203,307.0,1.0,120.6,153.4,0.21,COMPLETE
2359,0.825,2026-04-05 02:05:53.400356,2026-04-05 02:05:58.685138,0 days 00:00:05.284782,498.0,3.0,124.5,152.0,0.39,COMPLETE
2360,0.825,2026-04-05 02:05:58.695415,2026-04-05 02:06:33.051190,0 days 00:00:34.355775,441.0,1.0,119.6,154.4,0.37,COMPLETE
2361,0.6875,2026-04-05 02:06:33.064637,2026-04-05 02:06:40.622868,0 days 00:00:07.558231,188.0,1.0,115.8,149.5,1.94,COMPLETE
2362,0.825,2026-04-05 02:06:40.635948,2026-04-05 02:07:15.045809,0 days 00:00:34.409861,333.0,1.0,120.0,154.9,0.31,COMPLETE
2363,0.6875,2026-04-05 02:07:15.055656,2026-04-05 02:07:22.416223,0 days 00:00:07.360567,481.0,1.0,127.0,158.9,0.04,COMPLETE
2364,0.825,2026-04-05 02:07:22.426973,2026-04-05 02:07:56.768228,0 days 00:00:34.341255,289.0,3.0,122.9,156.8,0.23,COMPLETE
2365,0.6875,2026-04-05 02:07:56.782163,2026-04-05 02:08:03.518287,0 days 00:00:06.736124,417.0,1.0,125.7,155.8,0.11,COMPLETE
2366,0.825,2026-04-05 02:08:03.531628,2026-04-05 02:08:37.693422,0 days 00:00:34.161794,459.0,3.0,122.9,151.9,0.13,COMPLETE
2367,0.6875,2026-04-05 02:08:37.702784,2026-04-05 02:08:45.074441,0 days 00:00:07.371657,224.0,1.0,123.3,154.1,0.5700000000000001,COMPLETE
2368,0.6875,2026-04-05 02:08:45.087541,2026-04-05 02:08:51.809676,0 days 00:00:06.722135,431.0,3.0,126.0,151.9,0.37,COMPLETE
2369,0.6875,2026-04-05 02:08:51.823328,2026-04-05 02:08:58.803019,0 days 00:00:06.979691,349.0,1.0,122.4,151.9,0.33,COMPLETE
2370,0.6875,2026-04-05 02:08:58.816636,2026-04-05 02:09:05.426426,0 days 00:00:06.609790,428.0,2.0,123.1,154.8,0.7000000000000001,COMPLETE
2371,0.6875,2026-04-05 02:09:05.440464,2026-04-05 02:09:12.123688,0 days 00:00:06.683224,378.0,2.0,123.7,151.1,0.79,COMPLETE
2372,0.6875,2026-04-05 02:09:12.137057,2026-04-05 02:09:19.300022,0 days 00:00:07.162965,435.0,2.0,116.9,154.4,0.3,COMPLETE
2373,0.6875,2026-04-05 02:09:19.313050,2026-04-05 02:09:26.219016,0 days 00:00:06.905966,494.0,1.0,113.0,152.0,1.26,COMPLETE
2374,0.6875,2026-04-05 02:09:26.232412,2026-04-05 02:09:34.254093,0 days 00:00:08.021681,319.0,1.0,125.2,156.6,0.02,COMPLETE
2375,0.6875,2026-04-05 02:09:34.267288,2026-04-05 02:09:40.862792,0 days 00:00:06.595504,484.0,2.0,122.4,155.2,1.11,COMPLETE
2376,0.825,2026-04-05 02:09:40.876088,2026-04-05 02:10:14.754019,0 days 00:00:33.877931,454.0,2.0,122.7,153.1,0.48,COMPLETE
2377,0.6875,2026-04-05 02:10:14.767259,2026-04-05 02:10:22.108974,0 days 00:00:07.341715,360.0,2.0,126.8,155.5,0.24,COMPLETE
2378,0.6875,2026-04-05 02:10:22.122376,2026-04-05 02:10:29.572897,0 days 00:00:07.450521,319.0,1.0,118.7,152.4,0.79,COMPLETE
2379,0.825,2026-04-05 02:10:29.587083,2026-04-05 02:11:03.634708,0 days 00:00:34.047625,292.0,2.0,119.5,155.2,0.1,COMPLETE
2380,0.6875,2026-04-05 02:11:03.646761,2026-04-05 02:11:10.369298,0 days 00:00:06.722537,447.0,3.0,122.9,155.9,1.0,COMPLETE
2381,0.6875,2026-04-05 02:11:10.383117,2026-04-05 02:11:17.826950,0 days 00:00:07.443833,450.0,1.0,113.2,155.0,1.09,COMPLETE
2382,0.6875,2026-04-05 02:11:17.840124,2026-04-05 02:11:25.248562,0 days 00:00:07.408438,388.0,2.0,121.8,153.8,0.27,COMPLETE
2383,0.6875,2026-04-05 02:11:25.261973,2026-04-05 02:11:31.993978,0 days 00:00:06.732005,358.0,2.0,119.7,152.2,0.38,COMPLETE
2384,0.6875,2026-04-05 02:11:32.007432,2026-04-05 02:11:39.051149,0 days 00:00:07.043717,300.0,1.0,122.9,154.3,0.02,COMPLETE
2385,0.6875,2026-04-05 02:11:39.064701,2026-04-05 02:11:45.858285,0 days 00:00:06.793584,451.0,3.0,123.5,150.5,0.18,COMPLETE
2386,0.825,2026-04-05 02:11:45.869131,2026-04-05 02:12:20.192589,0 days 00:00:34.323458,493.0,3.0,124.0,155.8,0.31,COMPLETE
2387,0.6875,2026-04-05 02:12:20.206065,2026-04-05 02:12:27.279138,0 days 00:00:07.073073,321.0,2.0,123.3,151.1,0.02,COMPLETE
2388,0.6875,2026-04-05 02:12:27.292933,2026-04-05 02:12:33.906670,0 days 00:00:06.613737,410.0,3.0,120.4,149.0,0.35000000000000003,COMPLETE
2389,0.6875,2026-04-05 02:12:33.920059,2026-04-05 02:12:41.471683,0 days 00:00:07.551624,271.0,2.0,124.5,157.3,0.0,COMPLETE
2390,0.6875,2026-04-05 02:12:41.482130,2026-04-05 02:12:48.305058,0 days 00:00:06.822928,282.0,2.0,124.7,154.2,0.35000000000000003,COMPLETE
2391,0.6875,2026-04-05 02:12:48.318226,2026-04-05 02:12:55.078778,0 days 00:00:06.760552,427.0,3.0,124.8,150.2,0.45,COMPLETE
2392,0.6875,2026-04-05 02:12:55.092381,2026-04-05 02:13:02.593559,0 days 00:00:07.501178,426.0,3.0,121.7,159.0,0.61,COMPLETE
2393,0.825,2026-04-05 02:13:02.606894,2026-04-05 02:13:36.983247,0 days 00:00:34.376353,440.0,3.0,123.7,153.2,0.36,COMPLETE
2394,0.6875,2026-04-05 02:13:36.996259,2026-04-05 02:13:44.168927,0 days 00:00:07.172668,365.0,1.0,118.7,152.1,0.34,COMPLETE
2395,0.825,2026-04-05 02:13:44.182456,2026-04-05 02:14:18.443240,0 days 00:00:34.260784,341.0,1.0,120.1,156.3,0.0,COMPLETE
2396,0.6875,2026-04-05 02:14:18.456209,2026-04-05 02:14:25.578333,0 days 00:00:07.122124,227.0,1.0,124.9,157.8,0.46,COMPLETE
2397,0.6875,2026-04-05 02:14:25.592348,2026-04-05 02:14:32.995812,0 days 00:00:07.403464,369.0,2.0,119.1,150.8,0.08,COMPLETE
2398,0.825,2026-04-05 02:14:33.007136,2026-04-05 02:15:07.091273,0 days 00:00:34.084137,350.0,2.0,121.5,153.7,0.0,COMPLETE
2399,0.6875,2026-04-05 02:15:07.101976,2026-04-05 02:15:14.101973,0 days 00:00:06.999997,259.0,1.0,125.3,153.4,0.35000000000000003,COMPLETE
2400,0.6875,2026-04-05 02:15:14.115058,2026-04-05 02:15:20.850343,0 days 00:00:06.735285,496.0,3.0,124.2,149.2,0.05,COMPLETE
2401,0.671875,2026-04-05 02:15:20.864190,2026-04-05 02:15:27.778307,0 days 00:00:06.914117,445.0,3.0,125.8,154.8,0.52,COMPLETE
2402,0.825,2026-04-05 02:15:27.791776,2026-04-05 02:16:01.870841,0 days 00:00:34.079065,475.0,3.0,122.0,153.8,0.0,COMPLETE
2403,0.825,2026-04-05 02:16:01.880074,2026-04-05 02:16:33.946909,0 days 00:00:32.066835,242.0,1.0,118.5,156.1,0.05,COMPLETE
2404,0.6875,2026-04-05 02:16:33.960119,2026-04-05 02:16:40.791900,0 days 00:00:06.831781,447.0,3.0,118.0,152.3,0.27,COMPLETE
2405,0.6875,2026-04-05 02:16:40.805074,2026-04-05 02:16:47.911676,0 days 00:00:07.106602,487.0,2.0,121.7,158.2,0.67,COMPLETE
2406,0.6875,2026-04-05 02:16:47.922284,2026-04-05 02:16:55.585456,0 days 00:00:07.663172,343.0,1.0,121.9,148.0,0.4,COMPLETE
2407,0.825,2026-04-05 02:16:55.598450,2026-04-05 02:17:30.197132,0 days 00:00:34.598682,379.0,1.0,123.9,156.6,0.3,COMPLETE
2408,0.6875,2026-04-05 02:17:30.209953,2026-04-05 02:17:37.387957,0 days 00:00:07.178004,342.0,2.0,119.1,153.3,0.45,COMPLETE
2409,0.825,2026-04-05 02:17:37.401267,2026-04-05 02:18:11.152702,0 days 00:00:33.751435,418.0,2.0,119.5,153.3,0.25,COMPLETE
2410,0.6875,2026-04-05 02:18:11.166025,2026-04-05 02:18:18.007623,0 days 00:00:06.841598,356.0,1.0,120.6,155.0,0.26,COMPLETE
2411,0.825,2026-04-05 02:18:18.020776,2026-04-05 02:18:25.096425,0 days 00:00:07.075649,401.0,3.0,121.8,153.3,0.38,COMPLETE
2412,0.6875,2026-04-05 02:18:25.110975,2026-04-05 02:18:31.979800,0 days 00:00:06.868825,314.0,1.0,123.5,153.0,0.34,COMPLETE
2413,0.6875,2026-04-05 02:18:31.993275,2026-04-05 02:18:38.703586,0 days 00:00:06.710311,241.0,2.0,123.2,151.8,0.22,COMPLETE
2414,0.825,2026-04-05 02:18:38.714724,2026-04-05 02:19:12.859471,0 days 00:00:34.144747,379.0,1.0,124.0,154.3,0.04,COMPLETE
2415,0.6875,2026-04-05 02:19:12.868442,2026-04-05 02:19:19.631119,0 days 00:00:06.762677,441.0,2.0,119.6,154.2,0.49,COMPLETE
2416,0.6875,2026-04-05 02:19:19.644947,2026-04-05 02:19:26.264610,0 days 00:00:06.619663,382.0,1.0,122.0,155.2,0.5,COMPLETE
2417,0.6875,2026-04-05 02:19:26.278553,2026-04-05 02:19:32.960097,0 days 00:00:06.681544,290.0,2.0,123.6,155.4,0.11,COMPLETE
2418,0.6875,2026-04-05 02:19:32.973720,2026-04-05 02:19:40.059254,0 days 00:00:07.085534,420.0,1.0,117.7,150.9,0.35000000000000003,COMPLETE
2419,0.6875,2026-04-05 02:19:40.072763,2026-04-05 02:19:46.744544,0 days 00:00:06.671781,297.0,1.0,119.3,150.6,0.44,COMPLETE
2420,0.825,2026-04-05 02:19:46.755437,2026-04-05 02:19:52.070265,0 days 00:00:05.314828,449.0,3.0,124.0,151.9,0.0,COMPLETE
2421,0.6875,2026-04-05 02:19:52.083377,2026-04-05 02:19:59.141267,0 days 00:00:07.057890,287.0,1.0,124.7,156.4,0.48,COMPLETE
2422,0.6875,2026-04-05 02:19:59.154507,2026-04-05 02:20:05.858912,0 days 00:00:06.704405,401.0,1.0,121.2,154.2,0.63,COMPLETE
2423,0.6875,2026-04-05 02:20:05.872474,2026-04-05 02:20:12.677686,0 days 00:00:06.805212,444.0,1.0,118.9,150.4,0.8200000000000001,COMPLETE
2424,0.825,2026-04-05 02:20:12.691250,2026-04-05 02:20:47.299382,0 days 00:00:34.608132,232.0,1.0,122.2,153.5,0.0,COMPLETE
2425,0.6875,2026-04-05 02:20:47.312630,2026-04-05 02:20:53.883974,0 days 00:00:06.571344,457.0,2.0,123.8,153.5,0.28,COMPLETE
2426,0.825,2026-04-05 02:20:53.897191,2026-04-05 02:21:28.011627,0 days 00:00:34.114436,495.0,2.0,122.2,156.1,0.3,COMPLETE
2427,0.825,2026-04-05 02:21:28.024927,2026-04-05 02:22:02.052228,0 days 00:00:34.027301,456.0,3.0,120.1,155.4,0.29,COMPLETE
2428,0.6875,2026-04-05 02:22:02.065368,2026-04-05 02:22:12.068323,0 days 00:00:10.002955,351.0,1.0,116.5,156.2,0.12,COMPLETE
2429,0.6875,2026-04-05 02:22:12.077727,2026-04-05 02:22:19.888684,0 days 00:00:07.810957,490.0,3.0,126.0,150.3,0.6900000000000001,COMPLETE
2430,0.6875,2026-04-05 02:22:19.901668,2026-04-05 02:22:27.502215,0 days 00:00:07.600547,376.0,1.0,118.5,153.5,0.52,COMPLETE
2431,0.825,2026-04-05 02:22:27.515929,2026-04-05 02:23:01.441342,0 days 00:00:33.925413,436.0,2.0,122.2,153.9,0.0,COMPLETE
