number,value,datetime_start,datetime_complete,duration,params_voltage,params_width,params_x,params_y,params_z,state
8001,0.6875,2026-04-07 00:32:05.336075,2026-04-07 00:32:12.296677,0 days 00:00:06.960602,499.0,2.0,121.0,153.6,0.5,COMPLETE
8002,0.6875,2026-04-07 00:32:12.311610,2026-04-07 00:32:19.886488,0 days 00:00:07.574878,379.0,1.0,114.6,158.0,0.37,COMPLETE
8003,0.6875,2026-04-07 00:32:19.903936,2026-04-07 00:32:26.525096,0 days 00:00:06.621160,374.0,1.0,117.4,156.1,0.25,COMPLETE
8004,0.6875,2026-04-07 00:32:26.539529,2026-04-07 00:32:33.565285,0 days 00:00:07.025756,274.0,2.0,122.0,154.3,0.25,COMPLETE
8005,0.6875,2026-04-07 00:32:33.583734,2026-04-07 00:32:40.321779,0 days 00:00:06.738045,479.0,1.0,117.7,154.0,0.8200000000000001,COMPLETE
8006,0.6875,2026-04-07 00:32:40.337083,2026-04-07 00:32:47.174642,0 days 00:00:06.837559,403.0,1.0,114.9,155.7,0.0,COMPLETE
8007,0.6875,2026-04-07 00:32:47.192523,2026-04-07 00:32:54.253708,0 days 00:00:07.061185,368.0,1.0,121.9,155.8,0.56,COMPLETE
8008,0.6875,2026-04-07 00:32:54.269222,2026-04-07 00:33:00.898553,0 days 00:00:06.629331,386.0,1.0,121.6,152.4,0.33,COMPLETE
8009,0.6875,2026-04-07 00:33:00.915787,2026-04-07 00:33:08.060842,0 days 00:00:07.145055,419.0,1.0,116.7,157.2,0.0,COMPLETE
8010,0.6875,2026-04-07 00:33:08.079251,2026-04-07 00:33:14.819437,0 days 00:00:06.740186,369.0,1.0,117.6,154.0,0.24,COMPLETE
8011,0.6875,2026-04-07 00:33:14.837122,2026-04-07 00:33:21.557054,0 days 00:00:06.719932,346.0,1.0,114.5,153.8,0.24,COMPLETE
8012,0.6875,2026-04-07 00:33:21.575693,2026-04-07 00:33:29.389633,0 days 00:00:07.813940,383.0,2.0,126.9,154.2,0.28,COMPLETE
8013,0.6875,2026-04-07 00:33:29.405339,2026-04-07 00:33:36.889775,0 days 00:00:07.484436,445.0,1.0,117.3,156.5,0.53,COMPLETE
8014,0.6875,2026-04-07 00:33:36.904655,2026-04-07 00:33:43.494009,0 days 00:00:06.589354,445.0,1.0,115.0,155.9,0.26,COMPLETE
8015,0.6875,2026-04-07 00:33:43.509284,2026-04-07 00:33:49.999344,0 days 00:00:06.490060,441.0,1.0,114.6,154.8,0.26,COMPLETE
8016,0.6875,2026-04-07 00:33:50.016480,2026-04-07 00:33:57.101100,0 days 00:00:07.084620,495.0,2.0,121.8,154.3,0.36,COMPLETE
8017,0.6875,2026-04-07 00:33:57.122276,2026-04-07 00:34:04.199598,0 days 00:00:07.077322,206.0,2.0,123.5,153.0,0.0,COMPLETE
8018,0.6875,2026-04-07 00:34:04.217637,2026-04-07 00:34:11.522431,0 days 00:00:07.304794,383.0,1.0,114.9,154.2,0.29,COMPLETE
8019,0.825,2026-04-07 00:34:11.536314,2026-04-07 00:34:46.042000,0 days 00:00:34.505686,229.0,2.0,118.7,156.5,0.21,COMPLETE
8020,0.6875,2026-04-07 00:34:46.060407,2026-04-07 00:34:52.885215,0 days 00:00:06.824808,227.0,2.0,122.8,156.7,0.72,COMPLETE
8021,0.825,2026-04-07 00:34:52.902665,2026-04-07 00:35:27.270796,0 days 00:00:34.368131,426.0,2.0,118.9,153.2,0.03,COMPLETE
8022,0.6875,2026-04-07 00:35:27.285963,2026-04-07 00:35:34.317799,0 days 00:00:07.031836,362.0,2.0,115.3,155.1,0.39,COMPLETE
8023,0.6875,2026-04-07 00:35:34.334361,2026-04-07 00:35:41.919614,0 days 00:00:07.585253,237.0,2.0,123.7,154.3,0.59,COMPLETE
8024,0.6875,2026-04-07 00:35:41.936964,2026-04-07 00:35:49.340992,0 days 00:00:07.404028,440.0,1.0,115.7,153.7,0.24,COMPLETE
8025,0.6875,2026-04-07 00:35:49.356631,2026-04-07 00:35:56.081758,0 days 00:00:06.725127,381.0,2.0,118.0,154.0,0.33,COMPLETE
8026,0.825,2026-04-07 00:35:56.099683,2026-04-07 00:36:30.759493,0 days 00:00:34.659810,444.0,1.0,125.4,152.8,0.31,COMPLETE
8027,0.6875,2026-04-07 00:36:30.777164,2026-04-07 00:36:38.163362,0 days 00:00:07.386198,311.0,2.0,118.4,152.7,0.0,COMPLETE
8028,0.825,2026-04-07 00:36:38.180978,2026-04-07 00:37:12.227884,0 days 00:00:34.046906,450.0,1.0,120.5,156.1,0.18,COMPLETE
8029,0.6875,2026-04-07 00:37:12.245379,2026-04-07 00:37:19.210085,0 days 00:00:06.964706,499.0,1.0,115.5,154.7,0.29,COMPLETE
8030,0.6875,2026-04-07 00:37:19.225013,2026-04-07 00:37:26.057481,0 days 00:00:06.832468,404.0,1.0,117.3,153.1,0.28,COMPLETE
8031,0.6875,2026-04-07 00:37:26.072792,2026-04-07 00:37:32.593973,0 days 00:00:06.521181,377.0,1.0,115.8,153.4,0.01,COMPLETE
8032,0.6875,2026-04-07 00:37:32.608524,2026-04-07 00:37:39.357913,0 days 00:00:06.749389,456.0,2.0,113.2,156.4,0.0,COMPLETE
8033,0.825,2026-04-07 00:37:39.375708,2026-04-07 00:38:13.658104,0 days 00:00:34.282396,452.0,1.0,118.9,154.0,0.11,COMPLETE
8034,0.6875,2026-04-07 00:38:13.672086,2026-04-07 00:38:20.672499,0 days 00:00:07.000413,448.0,2.0,116.7,150.6,0.39,COMPLETE
8035,0.6875,2026-04-07 00:38:20.689923,2026-04-07 00:38:27.385752,0 days 00:00:06.695829,498.0,1.0,116.1,153.5,0.01,COMPLETE
8036,0.825,2026-04-07 00:38:27.400822,2026-04-07 00:39:02.039057,0 days 00:00:34.638235,353.0,2.0,121.6,156.1,0.09,COMPLETE
8037,0.825,2026-04-07 00:39:02.056068,2026-04-07 00:39:36.090221,0 days 00:00:34.034153,478.0,1.0,118.1,155.7,0.0,COMPLETE
8038,0.825,2026-04-07 00:39:36.107365,2026-04-07 00:40:09.879636,0 days 00:00:33.772271,414.0,1.0,118.7,154.6,0.53,COMPLETE
8039,0.825,2026-04-07 00:40:09.897464,2026-04-07 00:40:17.014255,0 days 00:00:07.116791,431.0,1.0,116.5,154.7,0.0,COMPLETE
8040,0.6875,2026-04-07 00:40:17.031829,2026-04-07 00:40:23.725817,0 days 00:00:06.693988,320.0,1.0,116.3,154.8,0.27,COMPLETE
8041,0.6875,2026-04-07 00:40:23.742035,2026-04-07 00:40:30.150695,0 days 00:00:06.408660,390.0,1.0,115.8,154.4,0.6,COMPLETE
8042,0.6875,2026-04-07 00:40:30.168113,2026-04-07 00:40:36.803851,0 days 00:00:06.635738,438.0,1.0,115.9,150.9,0.26,COMPLETE
8043,0.6875,2026-04-07 00:40:36.820650,2026-04-07 00:40:43.898903,0 days 00:00:07.078253,361.0,1.0,119.6,153.6,0.84,COMPLETE
8044,0.6875,2026-04-07 00:40:43.916526,2026-04-07 00:40:50.933031,0 days 00:00:07.016505,403.0,1.0,116.4,157.4,0.26,COMPLETE
8045,0.6875,2026-04-07 00:40:50.948880,2026-04-07 00:40:57.711457,0 days 00:00:06.762577,399.0,1.0,117.8,154.4,0.34,COMPLETE
8046,0.6875,2026-04-07 00:40:57.729607,2026-04-07 00:41:04.854679,0 days 00:00:07.125072,289.0,2.0,121.9,155.9,0.0,COMPLETE
8047,0.6875,2026-04-07 00:41:04.872896,2026-04-07 00:41:11.532849,0 days 00:00:06.659953,428.0,1.0,122.6,154.3,0.44,COMPLETE
8048,0.825,2026-04-07 00:41:11.549660,2026-04-07 00:41:45.865615,0 days 00:00:34.315955,495.0,1.0,118.1,155.2,0.43,COMPLETE
8049,0.825,2026-04-07 00:41:45.884095,2026-04-07 00:42:20.174084,0 days 00:00:34.289989,403.0,1.0,117.9,157.3,0.44,COMPLETE
8050,0.6875,2026-04-07 00:42:20.192975,2026-04-07 00:42:27.242713,0 days 00:00:07.049738,498.0,2.0,115.5,153.9,0.17,COMPLETE
8051,0.6875,2026-04-07 00:42:27.260150,2026-04-07 00:42:33.986480,0 days 00:00:06.726330,445.0,2.0,115.6,157.1,0.4,COMPLETE
8052,0.825,2026-04-07 00:42:34.002571,2026-04-07 00:42:54.099168,0 days 00:00:20.096597,392.0,1.0,119.2,151.9,0.01,COMPLETE
8053,0.6875,2026-04-07 00:42:54.117123,2026-04-07 00:43:01.285715,0 days 00:00:07.168592,477.0,2.0,113.6,148.3,1.53,COMPLETE
8054,0.6875,2026-04-07 00:43:01.303265,2026-04-07 00:43:08.455382,0 days 00:00:07.152117,413.0,1.0,116.6,155.5,0.72,COMPLETE
8055,0.015625,2026-04-07 00:43:08.470990,2026-04-07 00:43:14.952093,0 days 00:00:06.481103,433.0,1.0,115.8,154.5,0.01,COMPLETE
8056,0.6875,2026-04-07 00:43:14.969508,2026-04-07 00:43:21.678347,0 days 00:00:06.708839,350.0,1.0,116.9,154.8,0.29,COMPLETE
8057,0.825,2026-04-07 00:43:21.694502,2026-04-07 00:43:56.193889,0 days 00:00:34.499387,439.0,1.0,123.5,152.5,0.2,COMPLETE
8058,0.6875,2026-04-07 00:43:56.210696,2026-04-07 00:44:03.662916,0 days 00:00:07.452220,438.0,1.0,116.0,155.1,0.51,COMPLETE
8059,0.6875,2026-04-07 00:44:03.677354,2026-04-07 00:44:10.418822,0 days 00:00:06.741468,362.0,1.0,116.3,156.6,0.21,COMPLETE
8060,0.6875,2026-04-07 00:44:10.436671,2026-04-07 00:44:17.349270,0 days 00:00:06.912599,418.0,1.0,116.5,152.6,0.59,COMPLETE
8061,0.6875,2026-04-07 00:44:17.364169,2026-04-07 00:44:24.170221,0 days 00:00:06.806052,358.0,2.0,115.6,152.3,0.03,COMPLETE
8062,0.6875,2026-04-07 00:44:24.188792,2026-04-07 00:44:31.585328,0 days 00:00:07.396536,497.0,2.0,123.9,157.1,0.63,COMPLETE
8063,0.6875,2026-04-07 00:44:31.600203,2026-04-07 00:44:39.044546,0 days 00:00:07.444343,465.0,1.0,115.8,152.2,0.2,COMPLETE
8064,0.6875,2026-04-07 00:44:39.060741,2026-04-07 00:44:46.720326,0 days 00:00:07.659585,223.0,3.0,121.5,148.4,1.0,COMPLETE
8065,0.6875,2026-04-07 00:44:46.737643,2026-04-07 00:44:53.743644,0 days 00:00:07.006001,499.0,1.0,116.9,152.3,0.3,COMPLETE
8066,0.6875,2026-04-07 00:44:53.759150,2026-04-07 00:45:01.910001,0 days 00:00:08.150851,150.0,1.0,126.5,149.6,1.6600000000000001,COMPLETE
8067,0.6875,2026-04-07 00:45:01.927316,2026-04-07 00:45:09.466723,0 days 00:00:07.539407,429.0,2.0,117.1,154.5,0.02,COMPLETE
8068,0.6875,2026-04-07 00:45:09.483171,2026-04-07 00:45:15.919348,0 days 00:00:06.436177,408.0,1.0,117.2,155.2,0.36,COMPLETE
8069,0.6875,2026-04-07 00:45:15.934302,2026-04-07 00:45:23.286956,0 days 00:00:07.352654,330.0,2.0,122.0,151.7,0.66,COMPLETE
8070,0.6875,2026-04-07 00:45:23.304881,2026-04-07 00:45:30.343258,0 days 00:00:07.038377,372.0,1.0,116.2,153.8,0.02,COMPLETE
8071,0.6875,2026-04-07 00:45:30.357106,2026-04-07 00:45:37.079275,0 days 00:00:06.722169,380.0,2.0,114.6,153.6,0.27,COMPLETE
8072,0.6875,2026-04-07 00:45:37.096614,2026-04-07 00:45:43.880473,0 days 00:00:06.783859,269.0,2.0,116.1,154.1,0.32,COMPLETE
8073,0.6875,2026-04-07 00:45:43.894835,2026-04-07 00:45:50.610215,0 days 00:00:06.715380,437.0,1.0,114.6,153.2,0.23,COMPLETE
8074,0.6875,2026-04-07 00:45:50.628071,2026-04-07 00:45:57.492841,0 days 00:00:06.864770,336.0,1.0,116.1,154.1,0.02,COMPLETE
8075,0.825,2026-04-07 00:45:57.510945,2026-04-07 00:46:31.848996,0 days 00:00:34.338051,429.0,1.0,121.6,157.1,0.02,COMPLETE
8076,0.825,2026-04-07 00:46:31.866303,2026-04-07 00:47:06.152992,0 days 00:00:34.286689,460.0,2.0,116.1,156.3,0.26,COMPLETE
8077,0.6875,2026-04-07 00:47:06.171690,2026-04-07 00:47:12.844412,0 days 00:00:06.672722,449.0,1.0,116.8,155.1,0.24,COMPLETE
8078,0.6875,2026-04-07 00:47:12.861917,2026-04-07 00:47:20.111651,0 days 00:00:07.249734,365.0,1.0,120.6,152.4,0.15,COMPLETE
8079,0.6875,2026-04-07 00:47:20.128977,2026-04-07 00:47:27.177948,0 days 00:00:07.048971,333.0,1.0,115.1,156.1,0.01,COMPLETE
8080,0.6875,2026-04-07 00:47:27.192980,2026-04-07 00:47:33.810823,0 days 00:00:06.617843,295.0,1.0,115.0,153.8,0.0,COMPLETE
8081,0.6875,2026-04-07 00:47:33.825675,2026-04-07 00:47:40.761946,0 days 00:00:06.936271,372.0,1.0,115.8,151.2,0.31,COMPLETE
8082,0.825,2026-04-07 00:47:40.779435,2026-04-07 00:48:15.254657,0 days 00:00:34.475222,498.0,2.0,119.4,157.2,0.8,COMPLETE
8083,0.6875,2026-04-07 00:48:15.272086,2026-04-07 00:48:22.480149,0 days 00:00:07.208063,367.0,1.0,113.7,156.5,0.53,COMPLETE
8084,0.6875,2026-04-07 00:48:22.494437,2026-04-07 00:48:30.460240,0 days 00:00:07.965803,282.0,2.0,124.0,153.6,0.35000000000000003,COMPLETE
8085,0.6875,2026-04-07 00:48:30.478230,2026-04-07 00:48:37.863125,0 days 00:00:07.384895,431.0,2.0,115.5,153.0,0.32,COMPLETE
8086,0.6875,2026-04-07 00:48:37.877597,2026-04-07 00:48:45.261785,0 days 00:00:07.384188,493.0,2.0,123.4,153.2,0.22,COMPLETE
8087,0.825,2026-04-07 00:48:45.280242,2026-04-07 00:49:19.510170,0 days 00:00:34.229928,352.0,1.0,122.0,153.1,0.0,COMPLETE
8088,0.825,2026-04-07 00:49:19.527883,2026-04-07 00:49:53.543658,0 days 00:00:34.015775,377.0,2.0,120.9,156.8,0.24,COMPLETE
8089,0.825,2026-04-07 00:49:53.559767,2026-04-07 00:50:07.192823,0 days 00:00:13.633056,240.0,2.0,124.6,156.1,0.25,COMPLETE
8090,0.825,2026-04-07 00:50:07.208329,2026-04-07 00:50:41.681583,0 days 00:00:34.473254,322.0,1.0,118.6,155.5,0.23,COMPLETE
8091,0.6875,2026-04-07 00:50:41.699192,2026-04-07 00:50:48.530323,0 days 00:00:06.831131,497.0,1.0,116.8,157.0,0.23,COMPLETE
8092,0.825,2026-04-07 00:50:48.548040,2026-04-07 00:51:22.905665,0 days 00:00:34.357625,425.0,1.0,119.8,153.7,0.01,COMPLETE
8093,0.6875,2026-04-07 00:51:22.919487,2026-04-07 00:51:29.899961,0 days 00:00:06.980474,359.0,1.0,117.6,151.7,0.0,COMPLETE
8094,0.6875,2026-04-07 00:51:29.917740,2026-04-07 00:51:37.602834,0 days 00:00:07.685094,311.0,2.0,126.7,158.8,0.5700000000000001,COMPLETE
8095,0.825,2026-04-07 00:51:37.619414,2026-04-07 00:52:12.311754,0 days 00:00:34.692340,458.0,1.0,119.0,156.9,0.44,COMPLETE
8096,0.6875,2026-04-07 00:52:12.329061,2026-04-07 00:52:19.178448,0 days 00:00:06.849387,457.0,1.0,114.7,155.3,0.27,COMPLETE
8097,0.825,2026-04-07 00:52:19.193483,2026-04-07 00:52:53.277367,0 days 00:00:34.083884,455.0,2.0,118.7,155.5,0.28,COMPLETE
8098,0.6875,2026-04-07 00:52:53.292501,2026-04-07 00:52:59.940560,0 days 00:00:06.648059,447.0,1.0,116.9,154.4,0.49,COMPLETE
8099,0.6875,2026-04-07 00:52:59.958762,2026-04-07 00:53:06.545391,0 days 00:00:06.586629,453.0,2.0,114.8,154.9,0.28,COMPLETE
8100,0.825,2026-04-07 00:53:06.561396,2026-04-07 00:53:40.606992,0 days 00:00:34.045596,416.0,1.0,118.2,154.8,0.31,COMPLETE
8101,0.6875,2026-04-07 00:53:40.625469,2026-04-07 00:53:47.481062,0 days 00:00:06.855593,453.0,1.0,115.9,152.5,0.0,COMPLETE
8102,0.825,2026-04-07 00:53:47.499208,2026-04-07 00:54:21.610560,0 days 00:00:34.111352,400.0,1.0,116.2,154.7,0.23,COMPLETE
8103,0.825,2026-04-07 00:54:21.629646,2026-04-07 00:54:55.642555,0 days 00:00:34.012909,379.0,2.0,119.3,155.5,0.01,COMPLETE
8104,0.6875,2026-04-07 00:54:55.660642,2026-04-07 00:55:02.673278,0 days 00:00:07.012636,256.0,2.0,121.1,154.8,0.29,COMPLETE
8105,0.6875,2026-04-07 00:55:02.691030,2026-04-07 00:55:09.497296,0 days 00:00:06.806266,393.0,1.0,117.1,156.0,0.23,COMPLETE
8106,0.6875,2026-04-07 00:55:09.515276,2026-04-07 00:55:16.115908,0 days 00:00:06.600632,361.0,1.0,116.1,154.5,0.01,COMPLETE
8107,0.6875,2026-04-07 00:55:16.133850,2026-04-07 00:55:23.162148,0 days 00:00:07.028298,454.0,2.0,114.6,149.8,0.01,COMPLETE
8108,0.6875,2026-04-07 00:55:23.180185,2026-04-07 00:55:29.824339,0 days 00:00:06.644154,447.0,1.0,114.9,152.6,0.01,COMPLETE
8109,0.6875,2026-04-07 00:55:29.841657,2026-04-07 00:55:36.496887,0 days 00:00:06.655230,412.0,1.0,115.0,153.7,0.25,COMPLETE
8110,0.6875,2026-04-07 00:55:36.511466,2026-04-07 00:55:43.322624,0 days 00:00:06.811158,407.0,1.0,114.9,156.6,0.22,COMPLETE
8111,0.825,2026-04-07 00:55:43.339002,2026-04-07 00:56:17.798038,0 days 00:00:34.459036,391.0,1.0,121.7,156.6,0.55,COMPLETE
8112,0.6875,2026-04-07 00:56:17.816499,2026-04-07 00:56:24.940163,0 days 00:00:07.123664,390.0,2.0,115.7,154.1,0.56,COMPLETE
8113,0.6875,2026-04-07 00:56:24.956765,2026-04-07 00:56:31.589035,0 days 00:00:06.632270,350.0,1.0,115.1,151.5,0.2,COMPLETE
8114,0.6875,2026-04-07 00:56:31.607087,2026-04-07 00:56:38.256159,0 days 00:00:06.649072,405.0,1.0,118.4,152.5,0.21,COMPLETE
8115,0.6875,2026-04-07 00:56:38.271797,2026-04-07 00:56:45.077215,0 days 00:00:06.805418,370.0,1.0,114.3,154.8,0.0,COMPLETE
8116,0.825,2026-04-07 00:56:45.094032,2026-04-07 00:57:19.778985,0 days 00:00:34.684953,435.0,1.0,122.5,154.8,0.23,COMPLETE
8117,0.6875,2026-04-07 00:57:19.797485,2026-04-07 00:57:27.227247,0 days 00:00:07.429762,418.0,1.0,114.0,158.6,0.08,COMPLETE
8118,0.825,2026-04-07 00:57:27.243150,2026-04-07 00:57:33.389328,0 days 00:00:06.146178,460.0,2.0,124.3,153.5,0.51,COMPLETE
8119,0.825,2026-04-07 00:57:33.407110,2026-04-07 00:58:07.408347,0 days 00:00:34.001237,499.0,2.0,124.1,157.2,0.3,COMPLETE
8120,0.6875,2026-04-07 00:58:07.423597,2026-04-07 00:58:14.965787,0 days 00:00:07.542190,436.0,1.0,114.3,155.7,0.01,COMPLETE
8121,0.6875,2026-04-07 00:58:14.983477,2026-04-07 00:58:22.413950,0 days 00:00:07.430473,496.0,2.0,124.1,155.2,0.88,COMPLETE
8122,0.6875,2026-04-07 00:58:22.428676,2026-04-07 00:58:29.697333,0 days 00:00:07.268657,479.0,2.0,115.9,156.6,0.0,COMPLETE
8123,0.825,2026-04-07 00:58:29.712451,2026-04-07 00:59:04.221051,0 days 00:00:34.508600,372.0,1.0,120.1,155.1,0.27,COMPLETE
8124,0.6875,2026-04-07 00:59:04.238581,2026-04-07 00:59:11.099639,0 days 00:00:06.861058,394.0,1.0,118.1,153.1,0.53,COMPLETE
8125,0.015625,2026-04-07 00:59:11.114972,2026-04-07 00:59:17.807491,0 days 00:00:06.692519,477.0,1.0,116.3,154.1,0.29,COMPLETE
8126,0.825,2026-04-07 00:59:17.825394,2026-04-07 00:59:52.326073,0 days 00:00:34.500679,443.0,1.0,122.3,157.1,0.81,COMPLETE
8127,0.6875,2026-04-07 00:59:52.342939,2026-04-07 00:59:59.324639,0 days 00:00:06.981700,463.0,1.0,117.1,157.2,0.22,COMPLETE
8128,0.6875,2026-04-07 00:59:59.342338,2026-04-07 01:00:05.809176,0 days 00:00:06.466838,414.0,1.0,115.8,157.2,0.22,COMPLETE
8129,0.6875,2026-04-07 01:00:05.823637,2026-04-07 01:00:13.007184,0 days 00:00:07.183547,402.0,2.0,123.0,154.8,0.55,COMPLETE
8130,0.825,2026-04-07 01:00:13.025303,2026-04-07 01:00:20.591233,0 days 00:00:07.565930,401.0,1.0,117.0,155.2,0.0,COMPLETE
8131,0.825,2026-04-07 01:00:20.607852,2026-04-07 01:00:54.788378,0 days 00:00:34.180526,232.0,2.0,119.2,155.3,0.03,COMPLETE
8132,0.6875,2026-04-07 01:00:54.805843,2026-04-07 01:01:01.874801,0 days 00:00:07.068958,257.0,2.0,123.8,155.1,0.0,COMPLETE
8133,0.6875,2026-04-07 01:01:01.889104,2026-04-07 01:01:09.015830,0 days 00:00:07.126726,421.0,1.0,116.4,156.4,0.0,COMPLETE
8134,0.6875,2026-04-07 01:01:09.033682,2026-04-07 01:01:16.203606,0 days 00:00:07.169924,403.0,1.0,120.3,159.6,0.61,COMPLETE
8135,0.6875,2026-04-07 01:01:16.220676,2026-04-07 01:01:23.479425,0 days 00:00:07.258749,326.0,2.0,117.3,155.4,0.04,COMPLETE
8136,0.825,2026-04-07 01:01:23.494780,2026-04-07 01:01:57.537476,0 days 00:00:34.042696,429.0,2.0,118.0,152.7,0.0,COMPLETE
8137,0.6875,2026-04-07 01:01:57.555346,2026-04-07 01:02:04.864877,0 days 00:00:07.309531,362.0,1.0,114.0,150.8,0.0,COMPLETE
8138,0.6875,2026-04-07 01:02:04.880630,2026-04-07 01:02:11.644350,0 days 00:00:06.763720,496.0,1.0,114.3,153.7,0.33,COMPLETE
8139,0.825,2026-04-07 01:02:11.661933,2026-04-07 01:02:46.150765,0 days 00:00:34.488832,353.0,1.0,120.2,155.5,0.05,COMPLETE
8140,0.6875,2026-04-07 01:02:46.168295,2026-04-07 01:02:52.971698,0 days 00:00:06.803403,332.0,1.0,116.3,153.5,0.55,COMPLETE
8141,0.6875,2026-04-07 01:02:52.989141,2026-04-07 01:03:00.099613,0 days 00:00:07.110472,433.0,2.0,123.5,154.6,0.36,COMPLETE
8142,0.6875,2026-04-07 01:03:00.118029,2026-04-07 01:03:06.997265,0 days 00:00:06.879236,448.0,1.0,118.1,154.1,0.29,COMPLETE
8143,0.825,2026-04-07 01:03:07.012273,2026-04-07 01:03:41.200566,0 days 00:00:34.188293,400.0,1.0,118.6,156.7,0.37,COMPLETE
8144,0.6875,2026-04-07 01:03:41.220543,2026-04-07 01:03:48.082715,0 days 00:00:06.862172,465.0,1.0,116.0,157.7,0.53,COMPLETE
8145,0.825,2026-04-07 01:03:48.100567,2026-04-07 01:04:01.919495,0 days 00:00:13.818928,328.0,1.0,117.7,153.4,0.02,COMPLETE
8146,0.6875,2026-04-07 01:04:01.937672,2026-04-07 01:04:08.591465,0 days 00:00:06.653793,391.0,2.0,116.8,155.2,0.27,COMPLETE
8147,0.6875,2026-04-07 01:04:08.610140,2026-04-07 01:04:15.112327,0 days 00:00:06.502187,387.0,1.0,115.8,156.0,0.52,COMPLETE
8148,0.6875,2026-04-07 01:04:15.130693,2026-04-07 01:04:21.604604,0 days 00:00:06.473911,396.0,1.0,115.3,155.0,0.23,COMPLETE
8149,0.825,2026-04-07 01:04:21.621911,2026-04-07 01:04:55.701778,0 days 00:00:34.079867,377.0,1.0,118.6,154.9,0.01,COMPLETE
8150,0.6875,2026-04-07 01:04:55.719809,2026-04-07 01:05:02.783586,0 days 00:00:07.063777,428.0,2.0,113.0,153.8,0.03,COMPLETE
8151,0.6875,2026-04-07 01:05:02.800239,2026-04-07 01:05:09.667478,0 days 00:00:06.867239,444.0,1.0,116.2,153.2,0.0,COMPLETE
8152,0.6875,2026-04-07 01:05:09.686235,2026-04-07 01:05:16.630151,0 days 00:00:06.943916,274.0,3.0,116.3,151.0,1.98,COMPLETE
8153,0.6875,2026-04-07 01:05:16.647335,2026-04-07 01:05:23.845726,0 days 00:00:07.198391,468.0,1.0,115.5,156.3,0.21,COMPLETE
8154,0.6875,2026-04-07 01:05:23.866412,2026-04-07 01:05:30.628638,0 days 00:00:06.762226,372.0,1.0,114.8,155.6,0.24,COMPLETE
8155,0.6875,2026-04-07 01:05:30.646386,2026-04-07 01:05:37.415354,0 days 00:00:06.768968,383.0,1.0,117.3,154.8,0.22,COMPLETE
8156,0.6875,2026-04-07 01:05:37.432714,2026-04-07 01:05:44.523828,0 days 00:00:07.091114,441.0,1.0,123.0,153.7,0.68,COMPLETE
8157,0.6875,2026-04-07 01:05:44.539507,2026-04-07 01:05:52.283347,0 days 00:00:07.743840,357.0,1.0,114.1,153.6,0.01,COMPLETE
8158,0.6875,2026-04-07 01:05:52.299273,2026-04-07 01:05:58.824120,0 days 00:00:06.524847,365.0,2.0,115.4,154.5,0.06,COMPLETE
8159,0.6875,2026-04-07 01:05:58.841479,2026-04-07 01:06:06.114408,0 days 00:00:07.272929,458.0,2.0,122.2,154.9,0.77,COMPLETE
8160,0.6875,2026-04-07 01:06:06.129793,2026-04-07 01:06:13.233615,0 days 00:00:07.103822,463.0,1.0,116.5,156.0,0.45,COMPLETE
8161,0.6875,2026-04-07 01:06:13.250914,2026-04-07 01:06:19.947099,0 days 00:00:06.696185,400.0,1.0,113.5,156.5,0.24,COMPLETE
8162,0.6875,2026-04-07 01:06:19.965385,2026-04-07 01:06:26.714879,0 days 00:00:06.749494,438.0,1.0,114.9,153.6,0.0,COMPLETE
8163,0.6875,2026-04-07 01:06:26.731256,2026-04-07 01:06:34.676857,0 days 00:00:07.945601,223.0,2.0,124.3,152.7,0.28,COMPLETE
8164,0.6875,2026-04-07 01:06:34.692537,2026-04-07 01:06:41.567336,0 days 00:00:06.874799,281.0,2.0,121.4,155.2,0.26,COMPLETE
8165,0.6875,2026-04-07 01:06:41.585023,2026-04-07 01:06:48.704368,0 days 00:00:07.119345,459.0,2.0,115.1,152.4,0.0,COMPLETE
8166,0.6875,2026-04-07 01:06:48.720588,2026-04-07 01:06:55.847060,0 days 00:00:07.126472,325.0,1.0,119.0,154.0,0.62,COMPLETE
8167,0.6875,2026-04-07 01:06:55.865023,2026-04-07 01:07:02.793598,0 days 00:00:06.928575,406.0,1.0,114.8,153.0,0.01,COMPLETE
8168,0.6875,2026-04-07 01:07:02.811756,2026-04-07 01:07:09.494020,0 days 00:00:06.682264,395.0,1.0,116.4,152.1,0.21,COMPLETE
8169,0.6875,2026-04-07 01:07:09.510686,2026-04-07 01:07:16.218339,0 days 00:00:06.707653,457.0,2.0,114.8,154.7,0.59,COMPLETE
8170,0.825,2026-04-07 01:07:16.236579,2026-04-07 01:07:51.052778,0 days 00:00:34.816199,347.0,2.0,122.7,155.9,0.03,COMPLETE
8171,0.6875,2026-04-07 01:07:51.071293,2026-04-07 01:07:58.133730,0 days 00:00:07.062437,428.0,3.0,123.4,150.1,2.0,COMPLETE
8172,0.6875,2026-04-07 01:07:58.150750,2026-04-07 01:08:05.235862,0 days 00:00:07.085112,391.0,1.0,116.8,152.4,0.27,COMPLETE
8173,0.6875,2026-04-07 01:08:05.249880,2026-04-07 01:08:11.931922,0 days 00:00:06.682042,398.0,1.0,116.1,156.1,0.01,COMPLETE
8174,0.6875,2026-04-07 01:08:11.949916,2026-04-07 01:08:18.663785,0 days 00:00:06.713869,413.0,1.0,114.4,153.1,0.5,COMPLETE
8175,0.825,2026-04-07 01:08:18.679031,2026-04-07 01:08:53.781114,0 days 00:00:35.102083,289.0,2.0,123.4,155.4,0.0,COMPLETE
