number,value,datetime_start,datetime_complete,duration,params_voltage,params_width,params_x,params_y,params_z,state
14071,0.6875,2026-04-09 19:42:36.618988,2026-04-09 19:42:43.525082,0 days 00:00:06.906094,428.0,1.0,114.0,153.6,0.0,COMPLETE
14072,0.6875,2026-04-09 19:42:43.544298,2026-04-09 19:42:50.619500,0 days 00:00:07.075202,352.0,1.0,114.9,156.2,0.16,COMPLETE
14073,0.6875,2026-04-09 19:42:50.639805,2026-04-09 19:42:57.856207,0 days 00:00:07.216402,437.0,2.0,117.9,150.7,0.0,COMPLETE
14074,0.825,2026-04-09 19:42:57.876262,2026-04-09 19:43:05.518472,0 days 00:00:07.642210,373.0,1.0,116.8,154.8,0.01,COMPLETE
14075,0.6875,2026-04-09 19:43:05.537442,2026-04-09 19:43:12.108476,0 days 00:00:06.571034,347.0,1.0,117.0,153.4,0.24,COMPLETE
14076,0.6875,2026-04-09 19:43:12.128040,2026-04-09 19:43:18.942801,0 days 00:00:06.814761,401.0,1.0,121.0,152.3,0.42,COMPLETE
14077,0.6875,2026-04-09 19:43:18.963811,2026-04-09 19:43:25.786507,0 days 00:00:06.822696,451.0,2.0,117.5,154.7,0.29,COMPLETE
14078,0.6875,2026-04-09 19:43:25.806936,2026-04-09 19:43:32.494387,0 days 00:00:06.687451,420.0,1.0,118.6,158.1,0.16,COMPLETE
14079,0.6875,2026-04-09 19:43:32.515891,2026-04-09 19:43:39.496664,0 days 00:00:06.980773,359.0,1.0,115.7,153.2,0.76,COMPLETE
14080,0.6875,2026-04-09 19:43:39.514551,2026-04-09 19:43:46.789497,0 days 00:00:07.274946,465.0,2.0,123.7,154.1,0.44,COMPLETE
14081,0.6875,2026-04-09 19:43:46.809120,2026-04-09 19:43:53.756301,0 days 00:00:06.947181,352.0,3.0,126.7,155.8,1.96,COMPLETE
14082,0.6875,2026-04-09 19:43:53.774498,2026-04-09 19:44:01.265578,0 days 00:00:07.491080,384.0,1.0,117.1,155.2,0.52,COMPLETE
14083,0.6875,2026-04-09 19:44:01.283299,2026-04-09 19:44:07.961502,0 days 00:00:06.678203,449.0,1.0,114.7,153.1,0.56,COMPLETE
14084,0.825,2026-04-09 19:44:07.981324,2026-04-09 19:44:42.457387,0 days 00:00:34.476063,499.0,2.0,121.8,154.9,0.13,COMPLETE
14085,0.6875,2026-04-09 19:44:42.479427,2026-04-09 19:44:49.492572,0 days 00:00:07.013145,452.0,1.0,117.7,155.7,0.55,COMPLETE
14086,0.6875,2026-04-09 19:44:49.512928,2026-04-09 19:44:56.436011,0 days 00:00:06.923083,415.0,3.0,116.1,152.0,0.26,COMPLETE
14087,0.6875,2026-04-09 19:44:56.454432,2026-04-09 19:45:02.984182,0 days 00:00:06.529750,449.0,1.0,116.4,152.3,0.5700000000000001,COMPLETE
14088,0.6875,2026-04-09 19:45:03.004709,2026-04-09 19:45:10.101966,0 days 00:00:07.097257,347.0,1.0,117.0,155.8,0.47000000000000003,COMPLETE
14089,0.6875,2026-04-09 19:45:10.121507,2026-04-09 19:45:17.079295,0 days 00:00:06.957788,421.0,2.0,114.4,152.3,0.22,COMPLETE
14090,0.6875,2026-04-09 19:45:17.099479,2026-04-09 19:45:23.867254,0 days 00:00:06.767775,393.0,1.0,117.2,153.4,0.17,COMPLETE
14091,0.6875,2026-04-09 19:45:23.886953,2026-04-09 19:45:31.627377,0 days 00:00:07.740424,256.0,3.0,125.7,153.7,0.31,COMPLETE
14092,0.6875,2026-04-09 19:45:31.648472,2026-04-09 19:45:39.085656,0 days 00:00:07.437184,434.0,1.0,118.0,151.0,0.01,COMPLETE
14093,0.6875,2026-04-09 19:45:39.103750,2026-04-09 19:45:46.684922,0 days 00:00:07.581172,213.0,2.0,120.3,155.8,0.09,COMPLETE
14094,0.671875,2026-04-09 19:45:46.705205,2026-04-09 19:45:53.603693,0 days 00:00:06.898488,468.0,1.0,116.3,155.6,0.28,COMPLETE
14095,0.825,2026-04-09 19:45:53.623421,2026-04-09 19:46:28.169058,0 days 00:00:34.545637,494.0,1.0,123.6,153.9,0.46,COMPLETE
14096,0.6875,2026-04-09 19:46:28.191553,2026-04-09 19:46:35.346374,0 days 00:00:07.154821,326.0,2.0,123.2,151.9,0.48,COMPLETE
14097,0.6875,2026-04-09 19:46:35.366456,2026-04-09 19:46:43.021112,0 days 00:00:07.654656,420.0,1.0,113.9,154.9,0.2,COMPLETE
14098,0.6875,2026-04-09 19:46:43.040757,2026-04-09 19:46:49.878651,0 days 00:00:06.837894,413.0,1.0,114.8,157.7,0.01,COMPLETE
14099,0.6875,2026-04-09 19:46:49.899070,2026-04-09 19:46:57.192048,0 days 00:00:07.292978,374.0,2.0,120.5,154.2,0.27,COMPLETE
14100,0.6875,2026-04-09 19:46:57.212008,2026-04-09 19:47:05.428552,0 days 00:00:08.216544,155.0,2.0,126.7,159.3,1.34,COMPLETE
14101,0.825,2026-04-09 19:47:05.448449,2026-04-09 19:47:39.855270,0 days 00:00:34.406821,236.0,2.0,122.5,156.7,0.08,COMPLETE
14102,0.6875,2026-04-09 19:47:39.873345,2026-04-09 19:47:47.457400,0 days 00:00:07.584055,397.0,1.0,113.6,152.1,0.0,COMPLETE
14103,0.6875,2026-04-09 19:47:47.478690,2026-04-09 19:47:54.134871,0 days 00:00:06.656181,418.0,1.0,115.4,153.8,0.19,COMPLETE
14104,0.6875,2026-04-09 19:47:54.155143,2026-04-09 19:48:00.877039,0 days 00:00:06.721896,495.0,1.0,113.3,151.9,0.05,COMPLETE
14105,0.6875,2026-04-09 19:48:00.895175,2026-04-09 19:48:08.195208,0 days 00:00:07.300033,498.0,2.0,121.3,154.2,0.52,COMPLETE
14106,0.6875,2026-04-09 19:48:08.216625,2026-04-09 19:48:15.303705,0 days 00:00:07.087080,261.0,2.0,122.0,152.2,0.14,COMPLETE
14107,0.6875,2026-04-09 19:48:15.321270,2026-04-09 19:48:22.251131,0 days 00:00:06.929861,325.0,2.0,126.9,150.2,0.8200000000000001,COMPLETE
14108,0.825,2026-04-09 19:48:22.272188,2026-04-09 19:48:57.164267,0 days 00:00:34.892079,415.0,1.0,118.2,156.0,0.22,COMPLETE
14109,0.6875,2026-04-09 19:48:57.183973,2026-04-09 19:49:04.283239,0 days 00:00:07.099266,301.0,1.0,119.2,152.0,0.23,COMPLETE
14110,0.6875,2026-04-09 19:49:04.303077,2026-04-09 19:49:11.082545,0 days 00:00:06.779468,392.0,1.0,116.1,155.0,0.0,COMPLETE
14111,0.6875,2026-04-09 19:49:11.101167,2026-04-09 19:49:17.668714,0 days 00:00:06.567547,424.0,1.0,117.5,154.0,0.0,COMPLETE
14112,0.6875,2026-04-09 19:49:17.689739,2026-04-09 19:49:24.347094,0 days 00:00:06.657355,392.0,1.0,116.6,150.9,0.35000000000000003,COMPLETE
14113,0.825,2026-04-09 19:49:24.366714,2026-04-09 19:49:58.347024,0 days 00:00:33.980310,457.0,1.0,118.4,153.2,0.24,COMPLETE
14114,0.6875,2026-04-09 19:49:58.367696,2026-04-09 19:50:05.304453,0 days 00:00:06.936757,465.0,1.0,114.9,152.4,0.02,COMPLETE
14115,0.6875,2026-04-09 19:50:05.324423,2026-04-09 19:50:12.785662,0 days 00:00:07.461239,426.0,2.0,122.6,155.3,0.5700000000000001,COMPLETE
14116,0.825,2026-04-09 19:50:12.806513,2026-04-09 19:50:46.744252,0 days 00:00:33.937739,481.0,1.0,121.1,156.5,0.24,COMPLETE
14117,0.825,2026-04-09 19:50:46.765074,2026-04-09 19:50:54.445955,0 days 00:00:07.680881,368.0,2.0,116.6,153.8,0.24,COMPLETE
14118,0.6875,2026-04-09 19:50:54.464491,2026-04-09 19:51:01.116773,0 days 00:00:06.652282,344.0,1.0,115.7,155.5,0.01,COMPLETE
14119,0.6875,2026-04-09 19:51:01.135578,2026-04-09 19:51:07.676990,0 days 00:00:06.541412,500.0,1.0,115.7,154.3,0.31,COMPLETE
14120,0.6875,2026-04-09 19:51:07.696456,2026-04-09 19:51:15.113817,0 days 00:00:07.417361,306.0,1.0,120.7,159.5,0.79,COMPLETE
14121,0.6875,2026-04-09 19:51:15.133434,2026-04-09 19:51:22.344333,0 days 00:00:07.210899,499.0,2.0,119.4,152.0,0.51,COMPLETE
14122,0.671875,2026-04-09 19:51:22.364684,2026-04-09 19:51:29.001369,0 days 00:00:06.636685,460.0,1.0,120.9,153.8,0.53,COMPLETE
14123,0.6875,2026-04-09 19:51:29.021402,2026-04-09 19:51:35.936602,0 days 00:00:06.915200,391.0,1.0,116.5,151.1,0.0,COMPLETE
14124,0.6875,2026-04-09 19:51:35.956518,2026-04-09 19:51:43.088130,0 days 00:00:07.131612,492.0,2.0,123.1,153.4,0.66,COMPLETE
14125,0.0,2026-04-09 19:51:43.108297,2026-04-09 19:51:50.316626,0 days 00:00:07.208329,440.0,1.0,115.6,154.2,0.24,COMPLETE
14126,0.6875,2026-04-09 19:51:50.337035,2026-04-09 19:51:56.947868,0 days 00:00:06.610833,499.0,1.0,114.1,155.3,0.19,COMPLETE
14127,0.6875,2026-04-09 19:51:56.968368,2026-04-09 19:52:03.715750,0 days 00:00:06.747382,451.0,1.0,117.7,154.3,0.66,COMPLETE
14128,0.6875,2026-04-09 19:52:03.736629,2026-04-09 19:52:10.488406,0 days 00:00:06.751777,425.0,2.0,115.5,157.2,0.31,COMPLETE
14129,0.6875,2026-04-09 19:52:10.508060,2026-04-09 19:52:17.550658,0 days 00:00:07.042598,346.0,1.0,117.5,153.1,0.45,COMPLETE
14130,0.825,2026-04-09 19:52:17.569261,2026-04-09 19:52:51.665783,0 days 00:00:34.096522,442.0,1.0,119.6,155.2,0.24,COMPLETE
14131,0.6875,2026-04-09 19:52:51.686459,2026-04-09 19:52:58.586745,0 days 00:00:06.900286,413.0,1.0,117.6,155.3,0.2,COMPLETE
14132,0.6875,2026-04-09 19:52:58.608581,2026-04-09 19:53:06.043409,0 days 00:00:07.434828,263.0,2.0,123.7,154.4,0.79,COMPLETE
14133,0.6875,2026-04-09 19:53:06.064736,2026-04-09 19:53:13.406512,0 days 00:00:07.341776,422.0,2.0,116.5,155.2,0.15,COMPLETE
14134,0.6875,2026-04-09 19:53:13.426500,2026-04-09 19:53:21.130751,0 days 00:00:07.704251,175.0,3.0,120.6,159.4,1.6600000000000001,COMPLETE
14135,0.825,2026-04-09 19:53:21.151653,2026-04-09 19:53:55.476676,0 days 00:00:34.325023,457.0,1.0,122.5,156.1,0.54,COMPLETE
14136,0.6875,2026-04-09 19:53:55.496793,2026-04-09 19:54:02.996107,0 days 00:00:07.499314,428.0,1.0,115.5,152.5,0.47000000000000003,COMPLETE
14137,0.825,2026-04-09 19:54:03.016932,2026-04-09 19:54:37.923485,0 days 00:00:34.906553,310.0,2.0,121.3,156.5,0.03,COMPLETE
14138,0.6875,2026-04-09 19:54:37.945081,2026-04-09 19:54:45.333138,0 days 00:00:07.388057,499.0,2.0,115.7,153.5,0.0,COMPLETE
14139,0.825,2026-04-09 19:54:45.350806,2026-04-09 19:55:19.900041,0 days 00:00:34.549235,276.0,1.0,119.0,156.6,0.55,COMPLETE
14140,0.6875,2026-04-09 19:55:19.921695,2026-04-09 19:55:27.160223,0 days 00:00:07.238528,428.0,2.0,113.7,153.8,0.01,COMPLETE
14141,0.825,2026-04-09 19:55:27.178752,2026-04-09 19:56:01.644241,0 days 00:00:34.465489,456.0,1.0,119.1,156.1,0.02,COMPLETE
14142,0.6875,2026-04-09 19:56:01.665676,2026-04-09 19:56:08.684871,0 days 00:00:07.019195,401.0,2.0,116.9,154.7,0.8200000000000001,COMPLETE
14143,0.6875,2026-04-09 19:56:08.704755,2026-04-09 19:56:15.370870,0 days 00:00:06.666115,365.0,1.0,117.0,154.9,0.01,COMPLETE
14144,0.671875,2026-04-09 19:56:15.388968,2026-04-09 19:56:22.059084,0 days 00:00:06.670116,399.0,1.0,117.8,153.7,0.0,COMPLETE
14145,0.6875,2026-04-09 19:56:22.080068,2026-04-09 19:56:28.933589,0 days 00:00:06.853521,439.0,1.0,114.2,154.1,0.48,COMPLETE
14146,0.6875,2026-04-09 19:56:28.953949,2026-04-09 19:56:36.018628,0 days 00:00:07.064679,371.0,1.0,116.7,154.8,0.47000000000000003,COMPLETE
14147,0.825,2026-04-09 19:56:36.039445,2026-04-09 19:57:09.968219,0 days 00:00:33.928774,433.0,1.0,116.8,154.7,0.0,COMPLETE
14148,0.6875,2026-04-09 19:57:09.989339,2026-04-09 19:57:16.910848,0 days 00:00:06.921509,384.0,1.0,114.2,154.9,0.49,COMPLETE
14149,0.6875,2026-04-09 19:57:16.931313,2026-04-09 19:57:23.524401,0 days 00:00:06.593088,436.0,1.0,114.5,155.7,0.51,COMPLETE
14150,0.825,2026-04-09 19:57:23.546162,2026-04-09 19:57:57.866156,0 days 00:00:34.319994,392.0,1.0,119.7,155.2,0.2,COMPLETE
14151,0.6875,2026-04-09 19:57:57.885307,2026-04-09 19:58:05.324858,0 days 00:00:07.439551,301.0,3.0,114.8,152.7,0.12,COMPLETE
14152,0.6875,2026-04-09 19:58:05.345839,2026-04-09 19:58:11.953457,0 days 00:00:06.607618,333.0,1.0,115.4,153.6,0.23,COMPLETE
14153,0.6875,2026-04-09 19:58:11.971819,2026-04-09 19:58:18.489098,0 days 00:00:06.517279,373.0,1.0,115.3,153.7,0.0,COMPLETE
14154,0.6875,2026-04-09 19:58:18.509776,2026-04-09 19:58:25.087896,0 days 00:00:06.578120,421.0,1.0,115.1,153.1,0.45,COMPLETE
14155,0.6875,2026-04-09 19:58:25.106816,2026-04-09 19:58:32.204039,0 days 00:00:07.097223,433.0,1.0,116.9,158.4,0.56,COMPLETE
14156,0.6875,2026-04-09 19:58:32.221823,2026-04-09 19:58:39.171447,0 days 00:00:06.949624,399.0,2.0,114.7,154.8,0.02,COMPLETE
14157,0.6875,2026-04-09 19:58:39.191959,2026-04-09 19:58:45.945831,0 days 00:00:06.753872,365.0,1.0,115.4,153.0,0.27,COMPLETE
14158,0.825,2026-04-09 19:58:45.964568,2026-04-09 19:59:20.009026,0 days 00:00:34.044458,422.0,1.0,116.0,152.1,0.22,COMPLETE
14159,0.6875,2026-04-09 19:59:20.030178,2026-04-09 19:59:27.111776,0 days 00:00:07.081598,450.0,1.0,114.1,156.1,0.26,COMPLETE
14160,0.6875,2026-04-09 19:59:27.130209,2026-04-09 19:59:34.040633,0 days 00:00:06.910424,423.0,1.0,117.2,153.3,0.0,COMPLETE
14161,0.6875,2026-04-09 19:59:34.061867,2026-04-09 19:59:40.736148,0 days 00:00:06.674281,442.0,1.0,117.0,154.7,0.26,COMPLETE
14162,0.825,2026-04-09 19:59:40.754854,2026-04-09 20:00:15.564470,0 days 00:00:34.809616,370.0,1.0,123.5,155.6,0.24,COMPLETE
14163,0.6875,2026-04-09 20:00:15.585745,2026-04-09 20:00:23.077781,0 days 00:00:07.492036,242.0,2.0,120.6,159.7,0.18,COMPLETE
14164,0.6875,2026-04-09 20:00:23.098165,2026-04-09 20:00:30.552929,0 days 00:00:07.454764,459.0,2.0,124.5,152.4,0.51,COMPLETE
14165,0.6875,2026-04-09 20:00:30.574779,2026-04-09 20:00:38.042871,0 days 00:00:07.468092,441.0,1.0,116.8,156.1,0.25,COMPLETE
14166,0.6875,2026-04-09 20:00:38.063728,2026-04-09 20:00:45.062356,0 days 00:00:06.998628,411.0,1.0,115.7,151.4,0.0,COMPLETE
14167,0.825,2026-04-09 20:00:45.084638,2026-04-09 20:01:19.808531,0 days 00:00:34.723893,319.0,2.0,119.5,155.4,0.0,COMPLETE
14168,0.6875,2026-04-09 20:01:19.830579,2026-04-09 20:01:26.955851,0 days 00:00:07.125272,342.0,3.0,117.1,151.1,0.31,COMPLETE
14169,0.825,2026-04-09 20:01:26.976761,2026-04-09 20:02:01.059607,0 days 00:00:34.082846,357.0,1.0,118.9,154.0,0.16,COMPLETE
14170,0.0,2026-04-09 20:02:01.082509,2026-04-09 20:02:08.059735,0 days 00:00:06.977226,429.0,1.0,115.8,155.1,0.25,COMPLETE
14171,0.671875,2026-04-09 20:02:08.080018,2026-04-09 20:02:15.278255,0 days 00:00:07.198237,495.0,3.0,122.1,154.6,0.23,COMPLETE
14172,0.6875,2026-04-09 20:02:15.298490,2026-04-09 20:02:22.266465,0 days 00:00:06.967975,450.0,2.0,126.1,156.6,0.92,COMPLETE
14173,0.825,2026-04-09 20:02:22.287374,2026-04-09 20:02:56.858450,0 days 00:00:34.571076,361.0,1.0,122.3,153.4,0.3,COMPLETE
14174,0.6875,2026-04-09 20:02:56.879287,2026-04-09 20:03:03.743412,0 days 00:00:06.864125,470.0,2.0,121.6,155.5,0.87,COMPLETE
14175,0.825,2026-04-09 20:03:03.764132,2026-04-09 20:03:37.803986,0 days 00:00:34.039854,408.0,1.0,118.9,154.4,0.45,COMPLETE
14176,0.6875,2026-04-09 20:03:37.825923,2026-04-09 20:03:45.105073,0 days 00:00:07.279150,327.0,1.0,116.7,152.5,0.24,COMPLETE
14177,0.825,2026-04-09 20:03:45.125091,2026-04-09 20:04:19.292888,0 days 00:00:34.167797,498.0,1.0,117.9,156.7,0.21,COMPLETE
14178,0.6875,2026-04-09 20:04:19.314087,2026-04-09 20:04:27.011699,0 days 00:00:07.697612,312.0,2.0,124.7,157.1,0.31,COMPLETE
14179,0.6875,2026-04-09 20:04:27.029424,2026-04-09 20:04:34.640085,0 days 00:00:07.610661,341.0,2.0,115.6,154.6,0.02,COMPLETE
14180,0.6875,2026-04-09 20:04:34.659954,2026-04-09 20:04:41.236296,0 days 00:00:06.576342,500.0,1.0,115.9,155.3,0.18,COMPLETE
14181,0.6875,2026-04-09 20:04:41.255918,2026-04-09 20:04:48.131625,0 days 00:00:06.875707,420.0,1.0,115.0,155.9,0.37,COMPLETE
14182,0.6875,2026-04-09 20:04:48.149989,2026-04-09 20:04:54.952355,0 days 00:00:06.802366,475.0,1.0,115.7,152.4,0.0,COMPLETE
14183,0.6875,2026-04-09 20:04:54.973215,2026-04-09 20:05:02.678851,0 days 00:00:07.705636,288.0,2.0,124.0,153.0,0.16,COMPLETE
14184,0.825,2026-04-09 20:05:02.697768,2026-04-09 20:05:37.382504,0 days 00:00:34.684736,359.0,1.0,117.8,156.9,0.27,COMPLETE
14185,0.825,2026-04-09 20:05:37.403319,2026-04-09 20:06:11.416610,0 days 00:00:34.013291,406.0,2.0,117.2,156.2,0.01,COMPLETE
14186,0.6875,2026-04-09 20:06:11.438180,2026-04-09 20:06:18.626850,0 days 00:00:07.188670,350.0,2.0,114.9,151.4,0.0,COMPLETE
14187,0.825,2026-04-09 20:06:18.645377,2026-04-09 20:06:36.995761,0 days 00:00:18.350384,391.0,2.0,125.9,155.5,0.47000000000000003,COMPLETE
14188,0.6875,2026-04-09 20:06:37.017343,2026-04-09 20:06:44.721838,0 days 00:00:07.704495,368.0,1.0,115.0,154.9,0.22,COMPLETE
14189,0.6875,2026-04-09 20:06:44.740352,2026-04-09 20:06:51.210141,0 days 00:00:06.469789,428.0,1.0,115.1,153.9,0.02,COMPLETE
14190,0.6875,2026-04-09 20:06:51.228812,2026-04-09 20:06:58.295361,0 days 00:00:07.066549,388.0,1.0,121.4,152.2,0.05,COMPLETE
14191,0.6875,2026-04-09 20:06:58.315523,2026-04-09 20:07:05.586202,0 days 00:00:07.270679,382.0,1.0,115.0,157.3,0.0,COMPLETE
14192,0.015625,2026-04-09 20:07:05.604284,2026-04-09 20:07:13.206017,0 days 00:00:07.601733,272.0,1.0,123.4,154.2,0.0,COMPLETE
14193,0.825,2026-04-09 20:07:13.226915,2026-04-09 20:07:47.433541,0 days 00:00:34.206626,304.0,1.0,120.9,156.3,0.31,COMPLETE
14194,0.6875,2026-04-09 20:07:47.453147,2026-04-09 20:07:54.902948,0 days 00:00:07.449801,237.0,3.0,124.7,159.3,0.8200000000000001,COMPLETE
14195,0.6875,2026-04-09 20:07:54.923665,2026-04-09 20:08:02.523028,0 days 00:00:07.599363,384.0,1.0,117.6,153.8,0.46,COMPLETE
14196,0.6875,2026-04-09 20:08:02.542530,2026-04-09 20:08:09.366708,0 days 00:00:06.824178,449.0,1.0,114.3,153.7,0.0,COMPLETE
14197,0.6875,2026-04-09 20:08:09.387012,2026-04-09 20:08:16.075025,0 days 00:00:06.688013,465.0,1.0,115.5,152.7,0.0,COMPLETE
14198,0.6875,2026-04-09 20:08:16.094036,2026-04-09 20:08:22.763914,0 days 00:00:06.669878,455.0,1.0,116.8,153.4,0.39,COMPLETE
14199,0.825,2026-04-09 20:08:22.784306,2026-04-09 20:08:28.004771,0 days 00:00:05.220465,425.0,1.0,115.7,155.6,0.23,COMPLETE
14200,0.6875,2026-04-09 20:08:28.025386,2026-04-09 20:08:34.730811,0 days 00:00:06.705425,370.0,1.0,115.6,154.5,0.47000000000000003,COMPLETE
14201,0.6875,2026-04-09 20:08:34.748258,2026-04-09 20:08:41.599566,0 days 00:00:06.851308,363.0,2.0,118.5,152.6,0.29,COMPLETE
14202,0.6875,2026-04-09 20:08:41.620258,2026-04-09 20:08:48.376948,0 days 00:00:06.756690,450.0,3.0,117.0,154.1,0.33,COMPLETE
14203,0.6875,2026-04-09 20:08:48.397239,2026-04-09 20:08:55.177625,0 days 00:00:06.780386,499.0,2.0,115.7,155.8,0.04,COMPLETE
14204,0.6875,2026-04-09 20:08:55.198493,2026-04-09 20:09:03.195860,0 days 00:00:07.997367,311.0,3.0,125.4,151.9,0.97,COMPLETE
14205,0.6875,2026-04-09 20:09:03.214254,2026-04-09 20:09:10.890743,0 days 00:00:07.676489,461.0,1.0,116.5,156.3,0.55,COMPLETE
14206,0.6875,2026-04-09 20:09:10.913453,2026-04-09 20:09:18.921549,0 days 00:00:08.008096,260.0,2.0,127.0,155.2,0.35000000000000003,COMPLETE
14207,0.6875,2026-04-09 20:09:18.940966,2026-04-09 20:09:26.913889,0 days 00:00:07.972923,499.0,1.0,115.0,157.3,0.5,COMPLETE
14208,0.6875,2026-04-09 20:09:26.935415,2026-04-09 20:09:33.705769,0 days 00:00:06.770354,455.0,1.0,118.1,157.6,0.5,COMPLETE
14209,0.6875,2026-04-09 20:09:33.724437,2026-04-09 20:09:41.024892,0 days 00:00:07.300455,366.0,1.0,121.0,153.3,0.67,COMPLETE
14210,0.825,2026-04-09 20:09:41.045365,2026-04-09 20:10:15.120927,0 days 00:00:34.075562,447.0,1.0,118.4,155.0,0.21,COMPLETE
14211,0.671875,2026-04-09 20:10:15.141254,2026-04-09 20:10:22.161577,0 days 00:00:07.020323,386.0,1.0,116.9,156.9,0.0,COMPLETE
14212,0.6875,2026-04-09 20:10:22.181878,2026-04-09 20:10:29.530236,0 days 00:00:07.348358,458.0,2.0,124.3,156.0,0.38,COMPLETE
14213,0.825,2026-04-09 20:10:29.552388,2026-04-09 20:11:04.014752,0 days 00:00:34.462364,346.0,1.0,122.0,155.7,0.01,COMPLETE
14214,0.6875,2026-04-09 20:11:04.034031,2026-04-09 20:11:11.307413,0 days 00:00:07.273382,404.0,1.0,117.6,153.0,0.24,COMPLETE
14215,0.825,2026-04-09 20:11:11.327585,2026-04-09 20:11:24.687962,0 days 00:00:13.360377,402.0,1.0,118.8,153.3,0.26,COMPLETE
14216,0.6875,2026-04-09 20:11:24.708079,2026-04-09 20:11:31.775679,0 days 00:00:07.067600,456.0,2.0,114.8,154.6,0.01,COMPLETE
14217,0.6875,2026-04-09 20:11:31.793833,2026-04-09 20:11:39.687182,0 days 00:00:07.893349,246.0,2.0,122.6,154.2,0.37,COMPLETE
14218,0.6875,2026-04-09 20:11:39.705812,2026-04-09 20:11:46.349989,0 days 00:00:06.644177,285.0,2.0,123.4,155.0,0.48,COMPLETE
14219,0.6875,2026-04-09 20:11:46.368564,2026-04-09 20:11:53.567273,0 days 00:00:07.198709,332.0,1.0,117.3,155.7,0.38,COMPLETE
14220,0.6875,2026-04-09 20:11:53.587200,2026-04-09 20:12:00.907064,0 days 00:00:07.319864,387.0,1.0,122.0,150.6,0.35000000000000003,COMPLETE
14221,0.825,2026-04-09 20:12:00.927585,2026-04-09 20:12:35.681325,0 days 00:00:34.753740,452.0,2.0,117.9,156.8,0.34,COMPLETE
14222,0.6875,2026-04-09 20:12:35.700212,2026-04-09 20:12:42.817414,0 days 00:00:07.117202,447.0,1.0,114.2,154.7,0.01,COMPLETE
14223,0.6875,2026-04-09 20:12:42.837658,2026-04-09 20:12:49.533599,0 days 00:00:06.695941,433.0,1.0,114.6,153.1,0.31,COMPLETE
14224,0.6875,2026-04-09 20:12:49.552276,2026-04-09 20:12:57.524298,0 days 00:00:07.972022,259.0,1.0,124.2,156.6,0.29,COMPLETE
14225,0.6875,2026-04-09 20:12:57.545091,2026-04-09 20:13:05.175513,0 days 00:00:07.630422,498.0,2.0,119.2,148.5,1.9000000000000001,COMPLETE
14226,0.6875,2026-04-09 20:13:05.195936,2026-04-09 20:13:12.308093,0 days 00:00:07.112157,483.0,3.0,119.6,154.1,1.67,COMPLETE
14227,0.6875,2026-04-09 20:13:12.328649,2026-04-09 20:13:19.566696,0 days 00:00:07.238047,393.0,2.0,115.5,152.2,0.0,COMPLETE
14228,0.6875,2026-04-09 20:13:19.586768,2026-04-09 20:13:27.260050,0 days 00:00:07.673282,371.0,1.0,124.8,155.8,0.52,COMPLETE
14229,0.6875,2026-04-09 20:13:27.280559,2026-04-09 20:13:35.155838,0 days 00:00:07.875279,350.0,2.0,113.6,154.1,0.29,COMPLETE
14230,0.6875,2026-04-09 20:13:35.174530,2026-04-09 20:13:42.047677,0 days 00:00:06.873147,398.0,2.0,116.8,152.1,0.21,COMPLETE
14231,0.825,2026-04-09 20:13:42.068138,2026-04-09 20:14:16.558974,0 days 00:00:34.490836,407.0,1.0,120.4,156.4,0.22,COMPLETE
14232,0.6875,2026-04-09 20:14:16.580729,2026-04-09 20:14:23.461412,0 days 00:00:06.880683,424.0,1.0,118.5,154.0,0.48,COMPLETE
14233,0.6875,2026-04-09 20:14:23.480814,2026-04-09 20:14:30.254062,0 days 00:00:06.773248,456.0,2.0,116.2,153.9,0.0,COMPLETE
14234,0.6875,2026-04-09 20:14:30.274575,2026-04-09 20:14:37.024056,0 days 00:00:06.749481,500.0,2.0,117.3,152.3,0.04,COMPLETE
14235,0.6875,2026-04-09 20:14:37.042106,2026-04-09 20:14:43.668291,0 days 00:00:06.626185,428.0,1.0,116.0,152.6,0.22,COMPLETE
14236,0.6875,2026-04-09 20:14:43.688959,2026-04-09 20:14:50.373009,0 days 00:00:06.684050,451.0,1.0,117.3,153.3,0.43,COMPLETE
14237,0.6875,2026-04-09 20:14:50.391892,2026-04-09 20:14:57.097702,0 days 00:00:06.705810,425.0,1.0,117.2,155.1,0.48,COMPLETE
14238,0.6875,2026-04-09 20:14:57.116546,2026-04-09 20:15:03.910933,0 days 00:00:06.794387,402.0,1.0,116.2,157.0,0.62,COMPLETE
14239,0.6875,2026-04-09 20:15:03.930648,2026-04-09 20:15:10.762985,0 days 00:00:06.832337,394.0,1.0,118.1,158.5,0.39,COMPLETE
14240,0.825,2026-04-09 20:15:10.781820,2026-04-09 20:15:25.700095,0 days 00:00:14.918275,351.0,2.0,116.5,155.2,0.0,COMPLETE
14241,0.6875,2026-04-09 20:15:25.719235,2026-04-09 20:15:32.534727,0 days 00:00:06.815492,405.0,2.0,118.1,153.9,0.33,COMPLETE
14242,0.6875,2026-04-09 20:15:32.555006,2026-04-09 20:15:39.401022,0 days 00:00:06.846016,406.0,1.0,116.2,156.8,0.31,COMPLETE
