number,value,datetime_start,datetime_complete,duration,params_voltage,params_width,params_x,params_y,params_z,state
5913,0.6875,2026-04-06 12:03:53.688268,2026-04-06 12:04:01.377271,0 days 00:00:07.689003,293.0,1.0,122.1,159.7,0.34,COMPLETE
5914,0.6875,2026-04-06 12:04:01.390263,2026-04-06 12:04:09.538502,0 days 00:00:08.148239,212.0,3.0,113.9,150.4,0.66,COMPLETE
5915,0.6875,2026-04-06 12:04:09.554702,2026-04-06 12:04:17.368390,0 days 00:00:07.813688,469.0,2.0,125.0,154.4,1.96,COMPLETE
5916,0.6875,2026-04-06 12:04:17.383623,2026-04-06 12:04:24.210664,0 days 00:00:06.827041,433.0,3.0,121.3,156.2,1.59,COMPLETE
5917,0.6875,2026-04-06 12:04:24.224238,2026-04-06 12:04:32.316741,0 days 00:00:08.092503,164.0,2.0,118.0,148.8,0.78,COMPLETE
5918,0.6875,2026-04-06 12:04:32.332001,2026-04-06 12:04:40.249145,0 days 00:00:07.917144,258.0,3.0,125.7,158.5,0.2,COMPLETE
5919,0.6875,2026-04-06 12:04:40.265647,2026-04-06 12:04:48.142730,0 days 00:00:07.877083,341.0,1.0,114.9,152.6,1.42,COMPLETE
5920,0.6875,2026-04-06 12:04:48.154722,2026-04-06 12:04:56.051182,0 days 00:00:07.896460,367.0,3.0,126.7,148.5,0.42,COMPLETE
5921,0.6875,2026-04-06 12:04:56.066647,2026-04-06 12:05:04.427620,0 days 00:00:08.360973,273.0,1.0,115.7,156.6,1.2,COMPLETE
5922,0.6875,2026-04-06 12:05:04.443065,2026-04-06 12:05:11.683663,0 days 00:00:07.240598,192.0,2.0,120.4,153.8,1.81,COMPLETE
5923,0.6875,2026-04-06 12:05:11.699119,2026-04-06 12:05:18.622404,0 days 00:00:06.923285,451.0,1.0,117.2,157.4,0.56,COMPLETE
5924,0.6875,2026-04-06 12:05:18.638012,2026-04-06 12:05:25.480084,0 days 00:00:06.842072,495.0,3.0,113.0,158.6,0.9500000000000001,COMPLETE
5925,0.6875,2026-04-06 12:05:25.491607,2026-04-06 12:05:33.897262,0 days 00:00:08.405655,227.0,1.0,124.1,152.4,1.68,COMPLETE
5926,0.6875,2026-04-06 12:05:33.912719,2026-04-06 12:05:40.809064,0 days 00:00:06.896345,322.0,3.0,119.9,154.8,1.32,COMPLETE
5927,0.6875,2026-04-06 12:05:40.822457,2026-04-06 12:05:47.854920,0 days 00:00:07.032463,403.0,2.0,122.9,150.0,0.05,COMPLETE
5928,0.6875,2026-04-06 12:05:47.870767,2026-04-06 12:05:55.533000,0 days 00:00:07.662233,397.0,3.0,116.3,157.9,1.94,COMPLETE
5929,0.6875,2026-04-06 12:05:55.549012,2026-04-06 12:06:03.555455,0 days 00:00:08.006443,304.0,2.0,126.6,153.2,0.6900000000000001,COMPLETE
5930,0.6875,2026-04-06 12:06:03.567506,2026-04-06 12:06:11.399882,0 days 00:00:07.832376,223.0,3.0,116.6,155.7,0.3,COMPLETE
5931,0.6875,2026-04-06 12:06:11.415635,2026-04-06 12:06:18.669765,0 days 00:00:07.254130,480.0,1.0,120.5,149.4,1.07,COMPLETE
5932,0.6875,2026-04-06 12:06:18.684919,2026-04-06 12:06:25.390030,0 days 00:00:06.705111,444.0,2.0,123.8,150.7,1.44,COMPLETE
5933,0.6875,2026-04-06 12:06:25.406430,2026-04-06 12:06:33.810047,0 days 00:00:08.403617,175.0,1.0,113.8,154.3,0.18,COMPLETE
5934,0.6875,2026-04-06 12:06:33.825796,2026-04-06 12:06:41.389152,0 days 00:00:07.563356,269.0,3.0,123.2,151.4,0.8200000000000001,COMPLETE
5935,0.6875,2026-04-06 12:06:41.401287,2026-04-06 12:06:48.862496,0 days 00:00:07.461209,352.0,1.0,119.2,159.5,1.55,COMPLETE
5936,0.6875,2026-04-06 12:06:48.877825,2026-04-06 12:06:55.843566,0 days 00:00:06.965741,334.0,2.0,122.4,155.4,0.54,COMPLETE
5937,0.6875,2026-04-06 12:06:55.859277,2026-04-06 12:07:03.335455,0 days 00:00:07.476178,241.0,1.0,118.2,149.5,1.83,COMPLETE
5938,0.6875,2026-04-06 12:07:03.347829,2026-04-06 12:07:11.397789,0 days 00:00:08.049960,159.0,3.0,124.6,159.1,1.16,COMPLETE
5939,0.6875,2026-04-06 12:07:11.413718,2026-04-06 12:07:19.375803,0 days 00:00:07.962085,418.0,2.0,114.7,151.7,0.46,COMPLETE
5940,0.671875,2026-04-06 12:07:19.391523,2026-04-06 12:07:26.094843,0 days 00:00:06.703320,462.0,3.0,117.5,153.6,0.07,COMPLETE
5941,0.6875,2026-04-06 12:07:26.111039,2026-04-06 12:07:33.614588,0 days 00:00:07.503549,195.0,1.0,121.4,157.5,1.29,COMPLETE
5942,0.6875,2026-04-06 12:07:33.629582,2026-04-06 12:07:41.389417,0 days 00:00:07.759835,289.0,2.0,115.5,148.3,1.72,COMPLETE
5943,0.6875,2026-04-06 12:07:41.401238,2026-04-06 12:07:49.395099,0 days 00:00:07.993861,371.0,1.0,125.6,156.8,0.91,COMPLETE
5944,0.6875,2026-04-06 12:07:49.411557,2026-04-06 12:07:57.400880,0 days 00:00:07.989323,373.0,3.0,115.1,149.6,0.32,COMPLETE
5945,0.6875,2026-04-06 12:07:57.417286,2026-04-06 12:08:05.541738,0 days 00:00:08.124452,292.0,1.0,126.0,155.5,1.06,COMPLETE
5946,0.6875,2026-04-06 12:08:05.553760,2026-04-06 12:08:13.225387,0 days 00:00:07.671627,197.0,3.0,117.8,151.9,1.96,COMPLETE
5947,0.6875,2026-04-06 12:08:13.241047,2026-04-06 12:08:20.581832,0 days 00:00:07.340785,465.0,2.0,121.1,159.2,0.68,COMPLETE
5948,0.6875,2026-04-06 12:08:20.596416,2026-04-06 12:08:27.447156,0 days 00:00:06.850740,415.0,3.0,125.2,157.4,0.81,COMPLETE
5949,0.6875,2026-04-06 12:08:27.465189,2026-04-06 12:08:36.053640,0 days 00:00:08.588451,157.0,2.0,114.1,153.4,1.57,COMPLETE
5950,0.6875,2026-04-06 12:08:36.070022,2026-04-06 12:08:43.432654,0 days 00:00:07.362632,237.0,2.0,121.8,156.7,1.43,COMPLETE
5951,0.6875,2026-04-06 12:08:43.446043,2026-04-06 12:08:50.919242,0 days 00:00:07.473199,332.0,1.0,118.8,148.2,0.2,COMPLETE
5952,0.6875,2026-04-06 12:08:50.935561,2026-04-06 12:08:58.062682,0 days 00:00:07.127121,349.0,3.0,122.7,153.1,1.21,COMPLETE
5953,0.6875,2026-04-06 12:08:58.079018,2026-04-06 12:09:05.325873,0 days 00:00:07.246855,267.0,2.0,119.8,157.8,0.42,COMPLETE
5954,0.6875,2026-04-06 12:09:05.342357,2026-04-06 12:09:13.068604,0 days 00:00:07.726247,171.0,3.0,124.4,149.3,0.59,COMPLETE
5955,0.6875,2026-04-06 12:09:13.083008,2026-04-06 12:09:21.012650,0 days 00:00:07.929642,441.0,1.0,113.2,155.6,1.79,COMPLETE
5956,0.6875,2026-04-06 12:09:21.024943,2026-04-06 12:09:27.834239,0 days 00:00:06.809296,483.0,2.0,117.0,154.3,1.67,COMPLETE
5957,0.6875,2026-04-06 12:09:27.849916,2026-04-06 12:09:35.248831,0 days 00:00:07.398915,226.0,1.0,120.1,150.8,0.96,COMPLETE
5958,0.6875,2026-04-06 12:09:35.264146,2026-04-06 12:09:42.828594,0 days 00:00:07.564448,307.0,3.0,115.9,159.6,0.03,COMPLETE
5959,0.6875,2026-04-06 12:09:42.840735,2026-04-06 12:09:50.938485,0 days 00:00:08.097750,400.0,1.0,126.9,151.5,1.34,COMPLETE
5960,0.825,2026-04-06 12:09:50.953508,2026-04-06 12:10:25.795599,0 days 00:00:34.842091,406.0,3.0,119.4,156.5,0.72,COMPLETE
5961,0.6875,2026-04-06 12:10:25.811473,2026-04-06 12:10:33.620885,0 days 00:00:07.809412,325.0,1.0,123.4,148.3,1.92,COMPLETE
5962,0.6875,2026-04-06 12:10:33.634090,2026-04-06 12:10:41.673189,0 days 00:00:08.039099,230.0,2.0,113.5,157.3,1.08,COMPLETE
5963,0.6875,2026-04-06 12:10:41.688662,2026-04-06 12:10:49.169288,0 days 00:00:07.480626,498.0,1.0,123.6,153.7,0.29,COMPLETE
5964,0.825,2026-04-06 12:10:49.184805,2026-04-06 12:11:23.099794,0 days 00:00:33.914989,448.0,3.0,120.7,152.5,0.16,COMPLETE
5965,0.6875,2026-04-06 12:11:23.115513,2026-04-06 12:11:30.943376,0 days 00:00:07.827863,190.0,1.0,116.9,158.7,1.47,COMPLETE
5966,0.6875,2026-04-06 12:11:30.960970,2026-04-06 12:11:38.913491,0 days 00:00:07.952521,270.0,3.0,126.4,150.2,1.55,COMPLETE
5967,0.6875,2026-04-06 12:11:38.929817,2026-04-06 12:11:46.700617,0 days 00:00:07.770800,365.0,2.0,116.0,154.9,0.8300000000000001,COMPLETE
5968,0.6875,2026-04-06 12:11:46.713760,2026-04-06 12:11:54.347973,0 days 00:00:07.634213,338.0,2.0,125.4,159.8,1.83,COMPLETE
5969,0.6875,2026-04-06 12:11:54.364672,2026-04-06 12:12:02.661153,0 days 00:00:08.296481,256.0,1.0,115.2,151.3,0.55,COMPLETE
5970,0.6875,2026-04-06 12:12:02.676512,2026-04-06 12:12:10.360191,0 days 00:00:07.683679,161.0,3.0,121.6,154.5,0.44,COMPLETE
5971,0.6875,2026-04-06 12:12:10.373019,2026-04-06 12:12:17.385026,0 days 00:00:07.012007,430.0,1.0,117.7,150.5,1.19,COMPLETE
5972,0.6875,2026-04-06 12:12:17.400518,2026-04-06 12:12:24.112184,0 days 00:00:06.711666,472.0,3.0,114.5,148.7,1.3,COMPLETE
5973,0.6875,2026-04-06 12:12:24.124720,2026-04-06 12:12:32.534822,0 days 00:00:08.410102,215.0,2.0,124.4,156.1,0.07,COMPLETE
5974,0.6875,2026-04-06 12:12:32.550434,2026-04-06 12:12:39.733484,0 days 00:00:07.183050,296.0,2.0,118.5,152.6,0.93,COMPLETE
5975,0.6875,2026-04-06 12:12:39.749700,2026-04-06 12:12:46.950692,0 days 00:00:07.200992,388.0,1.0,122.6,158.4,1.7,COMPLETE
5976,0.6875,2026-04-06 12:12:46.963466,2026-04-06 12:12:53.720190,0 days 00:00:06.756724,385.0,3.0,124.0,155.1,0.22,COMPLETE
5977,0.6875,2026-04-06 12:12:53.735988,2026-04-06 12:13:01.827663,0 days 00:00:08.091675,302.0,2.0,113.1,150.0,1.4000000000000001,COMPLETE
5978,0.6875,2026-04-06 12:13:01.843112,2026-04-06 12:13:10.123326,0 days 00:00:08.280214,208.0,2.0,123.0,158.9,1.6,COMPLETE
5979,0.6875,2026-04-06 12:13:10.135447,2026-04-06 12:13:17.352838,0 days 00:00:07.217391,476.0,1.0,119.8,152.2,0.77,COMPLETE
5980,0.6875,2026-04-06 12:13:17.368491,2026-04-06 12:13:24.215092,0 days 00:00:06.846601,426.0,2.0,115.7,153.8,0.65,COMPLETE
5981,0.6875,2026-04-06 12:13:24.229137,2026-04-06 12:13:32.769394,0 days 00:00:08.540257,167.0,1.0,126.8,157.0,1.98,COMPLETE
5982,0.6875,2026-04-06 12:13:32.784691,2026-04-06 12:13:40.768675,0 days 00:00:07.983984,249.0,3.0,117.3,148.6,1.02,COMPLETE
5983,0.825,2026-04-06 12:13:40.784266,2026-04-06 12:14:15.420894,0 days 00:00:34.636628,342.0,2.0,120.3,156.3,0.35000000000000003,COMPLETE
5984,0.6875,2026-04-06 12:14:15.437168,2026-04-06 12:14:22.291651,0 days 00:00:06.854483,360.0,3.0,118.2,158.2,1.36,COMPLETE
5985,0.6875,2026-04-06 12:14:22.306956,2026-04-06 12:14:29.642862,0 days 00:00:07.335906,277.0,1.0,121.1,152.7,0.0,COMPLETE
5986,0.6875,2026-04-06 12:14:29.654427,2026-04-06 12:14:37.112289,0 days 00:00:07.457862,183.0,3.0,114.7,156.0,0.99,COMPLETE
5987,0.6875,2026-04-06 12:14:37.124108,2026-04-06 12:14:45.172494,0 days 00:00:08.048386,452.0,2.0,125.9,149.0,1.6300000000000001,COMPLETE
5988,0.6875,2026-04-06 12:14:45.188064,2026-04-06 12:14:51.986147,0 days 00:00:06.798083,494.0,3.0,122.1,150.4,1.76,COMPLETE
5989,0.6875,2026-04-06 12:14:51.998719,2026-04-06 12:14:59.503606,0 days 00:00:07.504887,237.0,1.0,119.0,154.7,0.61,COMPLETE
5990,0.6875,2026-04-06 12:14:59.518842,2026-04-06 12:15:06.698637,0 days 00:00:07.179795,318.0,2.0,124.9,151.1,0.38,COMPLETE
5991,0.6875,2026-04-06 12:15:06.712152,2026-04-06 12:15:14.824294,0 days 00:00:08.112142,410.0,1.0,114.0,160.0,1.25,COMPLETE
5992,0.6875,2026-04-06 12:15:14.840284,2026-04-06 12:15:22.970066,0 days 00:00:08.129782,395.0,2.0,121.4,148.0,0.87,COMPLETE
5993,0.6875,2026-04-06 12:15:22.985544,2026-04-06 12:15:30.781530,0 days 00:00:07.795986,314.0,1.0,117.4,156.8,1.5,COMPLETE
5994,0.6875,2026-04-06 12:15:30.798143,2026-04-06 12:15:38.455675,0 days 00:00:07.657532,219.0,3.0,125.6,153.3,1.49,COMPLETE
5995,0.6875,2026-04-06 12:15:38.467985,2026-04-06 12:15:46.209996,0 days 00:00:07.742011,487.0,1.0,115.5,157.7,0.13,COMPLETE
5996,0.6875,2026-04-06 12:15:46.226453,2026-04-06 12:15:52.907350,0 days 00:00:06.680897,437.0,3.0,118.4,159.1,0.25,COMPLETE
5997,0.6875,2026-04-06 12:15:52.920002,2026-04-06 12:16:00.744612,0 days 00:00:07.824610,179.0,2.0,122.2,152.1,1.12,COMPLETE
5998,0.6875,2026-04-06 12:16:00.759672,2026-04-06 12:16:08.177593,0 days 00:00:07.417921,260.0,3.0,114.5,155.3,1.8900000000000001,COMPLETE
5999,0.6875,2026-04-06 12:16:08.193535,2026-04-06 12:16:15.989742,0 days 00:00:07.796207,353.0,1.0,124.8,149.8,0.74,COMPLETE
6000,0.6875,2026-04-06 12:16:16.002858,2026-04-06 12:16:23.556075,0 days 00:00:07.553217,328.0,3.0,113.7,151.7,1.73,COMPLETE
6001,0.6875,2026-04-06 12:16:23.571799,2026-04-06 12:16:31.612345,0 days 00:00:08.040546,244.0,2.0,123.9,159.5,0.89,COMPLETE
6002,0.6875,2026-04-06 12:16:31.627885,2026-04-06 12:16:39.468354,0 days 00:00:07.840469,150.0,2.0,119.3,150.9,0.09,COMPLETE
6003,0.6875,2026-04-06 12:16:39.480446,2026-04-06 12:16:46.277640,0 days 00:00:06.797194,419.0,1.0,123.2,154.1,1.28,COMPLETE
6004,0.6875,2026-04-06 12:16:46.293621,2026-04-06 12:16:52.898390,0 days 00:00:06.604769,461.0,2.0,126.4,155.7,1.1400000000000001,COMPLETE
6005,0.6875,2026-04-06 12:16:52.911996,2026-04-06 12:17:01.020854,0 days 00:00:08.108858,204.0,1.0,116.4,149.1,0.48,COMPLETE
6006,0.6875,2026-04-06 12:17:01.036492,2026-04-06 12:17:08.404809,0 days 00:00:07.368317,285.0,3.0,120.6,158.0,0.52,COMPLETE
6007,0.6875,2026-04-06 12:17:08.420732,2026-04-06 12:17:15.410068,0 days 00:00:06.989336,377.0,2.0,116.5,152.9,1.85,COMPLETE
6008,0.6875,2026-04-06 12:17:15.423282,2026-04-06 12:17:22.133865,0 days 00:00:06.710583,378.0,3.0,113.2,156.3,1.01,COMPLETE
6009,0.6875,2026-04-06 12:17:22.149587,2026-04-06 12:17:30.227666,0 days 00:00:08.078079,284.0,2.0,124.0,148.6,0.36,COMPLETE
6010,0.6875,2026-04-06 12:17:30.240480,2026-04-06 12:17:37.765202,0 days 00:00:07.524722,204.0,2.0,119.8,157.1,0.62,COMPLETE
6011,0.6875,2026-04-06 12:17:37.781623,2026-04-06 12:17:44.562800,0 days 00:00:06.781177,462.0,1.0,123.1,153.8,2.0,COMPLETE
6012,0.6875,2026-04-06 12:17:44.578295,2026-04-06 12:17:51.222725,0 days 00:00:06.644430,419.0,2.0,126.7,152.2,1.61,COMPLETE
6013,0.6875,2026-04-06 12:17:51.237071,2026-04-06 12:17:59.731075,0 days 00:00:08.494004,150.0,1.0,115.7,158.8,0.76,COMPLETE
6014,0.6875,2026-04-06 12:17:59.746402,2026-04-06 12:18:07.117531,0 days 00:00:07.371129,245.0,3.0,120.3,150.0,0.24,COMPLETE
6015,0.6875,2026-04-06 12:18:07.129761,2026-04-06 12:18:14.011123,0 days 00:00:06.881362,327.0,2.0,117.3,155.1,1.3800000000000001,COMPLETE
6016,0.6875,2026-04-06 12:18:14.027186,2026-04-06 12:18:20.969464,0 days 00:00:06.942278,353.0,3.0,121.1,160.0,0.4,COMPLETE
6017,0.6875,2026-04-06 12:18:20.982651,2026-04-06 12:18:28.529765,0 days 00:00:07.547114,260.0,1.0,118.2,151.1,1.22,COMPLETE
6018,0.6875,2026-04-06 12:18:28.541470,2026-04-06 12:18:35.973347,0 days 00:00:07.431877,179.0,3.0,125.9,154.8,1.77,COMPLETE
6019,0.6875,2026-04-06 12:18:35.985141,2026-04-06 12:18:43.592460,0 days 00:00:07.607319,436.0,2.0,114.8,150.4,0.6,COMPLETE
6020,0.6875,2026-04-06 12:18:43.605940,2026-04-06 12:18:50.280316,0 days 00:00:06.674376,488.0,3.0,119.0,149.0,0.97,COMPLETE
6021,0.6875,2026-04-06 12:18:50.296012,2026-04-06 12:18:57.847954,0 days 00:00:07.551942,218.0,1.0,122.1,155.9,1.6600000000000001,COMPLETE
6022,0.6875,2026-04-06 12:18:57.859773,2026-04-06 12:19:05.097774,0 days 00:00:07.238001,313.0,2.0,114.0,152.7,1.36,COMPLETE
6023,0.6875,2026-04-06 12:19:05.114177,2026-04-06 12:19:12.768598,0 days 00:00:07.654421,396.0,1.0,124.9,158.2,0.01,COMPLETE
6024,0.6875,2026-04-06 12:19:12.783851,2026-04-06 12:19:20.372482,0 days 00:00:07.588631,411.0,2.0,117.4,149.8,1.9000000000000001,COMPLETE
6025,0.6875,2026-04-06 12:19:20.385221,2026-04-06 12:19:27.613100,0 days 00:00:07.227879,317.0,1.0,121.5,155.2,0.73,COMPLETE
6026,0.6875,2026-04-06 12:19:27.628841,2026-04-06 12:19:34.875197,0 days 00:00:07.246356,236.0,3.0,115.5,152.1,0.27,COMPLETE
6027,0.6875,2026-04-06 12:19:34.891018,2026-04-06 12:19:42.594152,0 days 00:00:07.703134,495.0,1.0,125.6,159.1,1.1,COMPLETE
6028,0.6875,2026-04-06 12:19:42.609791,2026-04-06 12:19:49.221942,0 days 00:00:06.612151,452.0,3.0,122.2,157.6,1.48,COMPLETE
6029,0.6875,2026-04-06 12:19:49.238080,2026-04-06 12:19:56.592396,0 days 00:00:07.354316,183.0,2.0,118.4,153.3,0.14,COMPLETE
6030,0.6875,2026-04-06 12:19:56.606321,2026-04-06 12:20:03.677483,0 days 00:00:07.071162,278.0,3.0,124.8,156.9,0.85,COMPLETE
6031,0.6875,2026-04-06 12:20:03.689959,2026-04-06 12:20:11.547073,0 days 00:00:07.857114,360.0,1.0,114.5,148.0,1.53,COMPLETE
6032,0.6875,2026-04-06 12:20:11.562653,2026-04-06 12:20:19.062285,0 days 00:00:07.499632,342.0,3.0,123.9,152.9,0.5,COMPLETE
6033,0.6875,2026-04-06 12:20:19.078581,2026-04-06 12:20:26.864119,0 days 00:00:07.785538,249.0,2.0,113.7,158.0,1.87,COMPLETE
6034,0.6875,2026-04-06 12:20:26.877345,2026-04-06 12:20:34.883211,0 days 00:00:08.005866,169.0,2.0,123.2,149.1,1.1300000000000001,COMPLETE
6035,0.825,2026-04-06 12:20:34.898689,2026-04-06 12:21:09.629322,0 days 00:00:34.730633,425.0,1.0,119.2,155.7,0.48,COMPLETE
6036,0.825,2026-04-06 12:21:09.645312,2026-04-06 12:21:43.669027,0 days 00:00:34.023715,477.0,2.0,116.5,154.1,0.12,COMPLETE
6037,0.6875,2026-04-06 12:21:43.681976,2026-04-06 12:21:51.685240,0 days 00:00:08.003264,207.0,1.0,126.4,150.9,1.26,COMPLETE
6038,0.6875,2026-04-06 12:21:51.701847,2026-04-06 12:21:59.505712,0 days 00:00:07.803865,302.0,3.0,116.5,159.5,1.74,COMPLETE
6039,0.6875,2026-04-06 12:21:59.521557,2026-04-06 12:22:06.767618,0 days 00:00:07.246061,385.0,2.0,120.6,151.7,0.88,COMPLETE
6040,0.6875,2026-04-06 12:22:06.783497,2026-04-06 12:22:13.742819,0 days 00:00:06.959322,389.0,2.0,126.0,148.2,1.42,COMPLETE
6041,0.6875,2026-04-06 12:22:13.758469,2026-04-06 12:22:21.882652,0 days 00:00:08.124183,295.0,1.0,115.1,156.7,0.21,COMPLETE
6042,0.6875,2026-04-06 12:22:21.895232,2026-04-06 12:22:29.099858,0 days 00:00:07.204626,214.0,3.0,121.1,153.5,0.79,COMPLETE
6043,0.6875,2026-04-06 12:22:29.115615,2026-04-06 12:22:35.953187,0 days 00:00:06.837572,473.0,2.0,117.8,157.4,1.6,COMPLETE
6044,0.6875,2026-04-06 12:22:35.964763,2026-04-06 12:22:42.600200,0 days 00:00:06.635437,429.0,3.0,114.2,159.2,1.96,COMPLETE
6045,0.6875,2026-04-06 12:22:42.616325,2026-04-06 12:22:51.170936,0 days 00:00:08.554611,162.0,1.0,125.2,151.8,0.67,COMPLETE
6046,0.825,2026-04-06 12:22:51.186369,2026-04-06 12:23:25.520581,0 days 00:00:34.334212,256.0,2.0,118.8,155.5,0.34,COMPLETE
6047,0.6875,2026-04-06 12:23:25.536178,2026-04-06 12:23:32.788804,0 days 00:00:07.252626,338.0,1.0,121.9,149.6,1.04,COMPLETE
6048,0.6875,2026-04-06 12:23:32.804193,2026-04-06 12:23:39.497296,0 days 00:00:06.693103,363.0,3.0,119.7,151.5,0.06,COMPLETE
6049,0.6875,2026-04-06 12:23:39.513343,2026-04-06 12:23:47.192330,0 days 00:00:07.678987,271.0,2.0,122.7,159.6,1.32,COMPLETE
6050,0.6875,2026-04-06 12:23:47.205038,2026-04-06 12:23:55.413211,0 days 00:00:08.208173,190.0,3.0,113.2,150.8,1.68,COMPLETE
6051,0.6875,2026-04-06 12:23:55.428802,2026-04-06 12:24:03.237349,0 days 00:00:07.808547,448.0,1.0,124.4,154.4,0.9500000000000001,COMPLETE
6052,0.825,2026-04-06 12:24:03.253353,2026-04-06 12:24:37.481250,0 days 00:00:34.227897,499.0,2.0,120.2,155.6,0.5700000000000001,COMPLETE
6053,0.6875,2026-04-06 12:24:37.496880,2026-04-06 12:24:45.261892,0 days 00:00:07.765012,230.0,1.0,117.0,149.3,1.81,COMPLETE
6054,0.6875,2026-04-06 12:24:45.277225,2026-04-06 12:24:53.300741,0 days 00:00:08.023516,324.0,3.0,126.9,157.8,1.2,COMPLETE
6055,0.6875,2026-04-06 12:24:53.316513,2026-04-06 12:25:01.145320,0 days 00:00:07.828807,407.0,1.0,116.0,153.1,0.42,COMPLETE
6056,0.6875,2026-04-06 12:25:01.158312,2026-04-06 12:25:08.440205,0 days 00:00:07.281893,400.0,3.0,123.5,154.9,1.56,COMPLETE
6057,0.6875,2026-04-06 12:25:08.455894,2026-04-06 12:25:15.804105,0 days 00:00:07.348211,306.0,1.0,119.4,150.1,0.8300000000000001,COMPLETE
6058,0.6875,2026-04-06 12:25:15.814567,2026-04-06 12:25:23.588179,0 days 00:00:07.773612,225.0,2.0,123.6,158.7,0.18,COMPLETE
6059,0.6875,2026-04-06 12:25:23.604131,2026-04-06 12:25:31.469212,0 days 00:00:07.865081,484.0,1.0,113.5,152.5,1.45,COMPLETE
6060,0.6875,2026-04-06 12:25:31.484793,2026-04-06 12:25:38.168359,0 days 00:00:06.683566,440.0,3.0,116.9,153.7,1.07,COMPLETE
6061,0.6875,2026-04-06 12:25:38.181054,2026-04-06 12:25:45.906704,0 days 00:00:07.725650,173.0,1.0,120.7,157.3,0.3,COMPLETE
6062,0.6875,2026-04-06 12:25:45.922215,2026-04-06 12:25:53.479975,0 days 00:00:07.557760,267.0,3.0,116.1,148.4,0.6900000000000001,COMPLETE
6063,0.6875,2026-04-06 12:25:53.497037,2026-04-06 12:26:01.493798,0 days 00:00:07.996761,349.0,2.0,126.3,156.5,1.94,COMPLETE
6064,0.6875,2026-04-06 12:26:01.509048,2026-04-06 12:26:09.220550,0 days 00:00:07.711502,331.0,2.0,115.3,158.4,0.91,COMPLETE
6065,0.6875,2026-04-06 12:26:09.236910,2026-04-06 12:26:17.058045,0 days 00:00:07.821135,238.0,1.0,125.4,152.5,1.72,COMPLETE
6066,0.6875,2026-04-06 12:26:17.070482,2026-04-06 12:26:24.495222,0 days 00:00:07.424740,157.0,3.0,117.7,156.1,1.3,COMPLETE
6067,0.6875,2026-04-06 12:26:24.511534,2026-04-06 12:26:31.707672,0 days 00:00:07.196138,415.0,2.0,121.7,148.7,0.08,COMPLETE
6068,0.6875,2026-04-06 12:26:31.723174,2026-04-06 12:26:38.300670,0 days 00:00:06.577496,466.0,3.0,124.4,150.5,0.46,COMPLETE
6069,0.6875,2026-04-06 12:26:38.316714,2026-04-06 12:26:46.267692,0 days 00:00:07.950978,197.0,2.0,114.5,154.5,1.16,COMPLETE
6070,0.6875,2026-04-06 12:26:46.283476,2026-04-06 12:26:53.516754,0 days 00:00:07.233278,291.0,3.0,122.6,151.3,1.84,COMPLETE
6071,0.6875,2026-04-06 12:26:53.529282,2026-04-06 12:27:00.851981,0 days 00:00:07.322699,374.0,1.0,118.5,159.8,0.54,COMPLETE
6072,0.825,2026-04-06 12:27:00.864912,2026-04-06 12:27:35.403784,0 days 00:00:34.538872,371.0,2.0,122.1,152.7,0.19,COMPLETE
6073,0.6875,2026-04-06 12:27:35.420076,2026-04-06 12:27:42.963852,0 days 00:00:07.543776,289.0,1.0,119.0,158.5,1.43,COMPLETE
6074,0.6875,2026-04-06 12:27:42.978167,2026-04-06 12:27:51.017854,0 days 00:00:08.039687,193.0,3.0,125.0,148.8,1.57,COMPLETE
6075,0.6875,2026-04-06 12:27:51.034498,2026-04-06 12:27:59.101074,0 days 00:00:08.066576,463.0,1.0,113.9,156.2,0.81,COMPLETE
6076,0.6875,2026-04-06 12:27:59.117454,2026-04-06 12:28:05.956735,0 days 00:00:06.839281,417.0,3.0,118.1,154.4,0.67,COMPLETE
6077,0.6875,2026-04-06 12:28:05.969712,2026-04-06 12:28:13.778267,0 days 00:00:07.808555,160.0,2.0,121.3,150.4,1.95,COMPLETE
6078,0.6875,2026-04-06 12:28:13.793581,2026-04-06 12:28:21.587280,0 days 00:00:07.793699,241.0,2.0,114.9,159.7,1.06,COMPLETE
6079,0.6875,2026-04-06 12:28:21.603395,2026-04-06 12:28:29.727266,0 days 00:00:08.123871,334.0,1.0,125.8,151.2,0.31,COMPLETE
6080,0.6875,2026-04-06 12:28:29.741672,2026-04-06 12:28:37.331458,0 days 00:00:07.589786,351.0,3.0,115.7,150.1,1.34,COMPLETE
6081,0.6875,2026-04-06 12:28:37.347605,2026-04-06 12:28:45.436848,0 days 00:00:08.089243,270.0,1.0,126.7,154.8,0.03,COMPLETE
6082,0.6875,2026-04-06 12:28:45.450241,2026-04-06 12:28:53.256753,0 days 00:00:07.806512,175.0,2.0,117.2,152.4,0.96,COMPLETE
6083,0.6875,2026-04-06 12:28:53.272765,2026-04-06 12:29:00.457575,0 days 00:00:07.184810,443.0,1.0,120.4,158.6,1.67,COMPLETE
6084,0.6875,2026-04-06 12:29:00.473014,2026-04-06 12:29:07.272186,0 days 00:00:06.799172,481.0,3.0,124.2,157.4,1.79,COMPLETE
6085,0.6875,2026-04-06 12:29:07.285592,2026-04-06 12:29:15.591169,0 days 00:00:08.305577,223.0,1.0,113.0,153.8,0.59,COMPLETE
