number,value,datetime_start,datetime_complete,duration,params_voltage,params_width,params_x,params_y,params_z,state
10613,0.825,2026-04-08 23:35:10.572540,2026-04-08 23:35:44.933048,0 days 00:00:34.360508,340.0,2.0,116.6,154.8,0.01,COMPLETE
10614,0.6875,2026-04-08 23:35:44.953201,2026-04-08 23:35:51.810547,0 days 00:00:06.857346,315.0,1.0,115.7,151.7,0.0,COMPLETE
10615,0.825,2026-04-08 23:35:51.827351,2026-04-08 23:36:25.899864,0 days 00:00:34.072513,499.0,1.0,118.9,153.9,0.33,COMPLETE
10616,0.6875,2026-04-08 23:36:25.918592,2026-04-08 23:36:32.823171,0 days 00:00:06.904579,459.0,2.0,115.3,155.0,0.25,COMPLETE
10617,0.6875,2026-04-08 23:36:32.839885,2026-04-08 23:36:39.719602,0 days 00:00:06.879717,362.0,2.0,114.6,156.1,0.29,COMPLETE
10618,0.6875,2026-04-08 23:36:39.738793,2026-04-08 23:36:46.370156,0 days 00:00:06.631363,382.0,1.0,115.8,155.6,0.01,COMPLETE
10619,0.825,2026-04-08 23:36:46.387326,2026-04-08 23:37:20.451612,0 days 00:00:34.064286,392.0,1.0,118.5,153.5,0.14,COMPLETE
10620,0.6875,2026-04-08 23:37:20.470907,2026-04-08 23:37:27.838688,0 days 00:00:07.367781,433.0,2.0,124.6,157.1,0.47000000000000003,COMPLETE
10621,0.6875,2026-04-08 23:37:27.855657,2026-04-08 23:37:35.418301,0 days 00:00:07.562644,377.0,1.0,122.2,148.0,0.81,COMPLETE
10622,0.6875,2026-04-08 23:37:35.437996,2026-04-08 23:37:43.228563,0 days 00:00:07.790567,266.0,2.0,126.4,156.2,0.79,COMPLETE
10623,0.6875,2026-04-08 23:37:43.246449,2026-04-08 23:37:50.848815,0 days 00:00:07.602366,447.0,2.0,115.7,152.3,0.03,COMPLETE
10624,0.6875,2026-04-08 23:37:50.869242,2026-04-08 23:37:57.441366,0 days 00:00:06.572124,404.0,2.0,116.0,154.7,0.21,COMPLETE
10625,0.6875,2026-04-08 23:37:57.460195,2026-04-08 23:38:03.961251,0 days 00:00:06.501056,452.0,1.0,117.1,155.3,0.25,COMPLETE
10626,0.825,2026-04-08 23:38:03.981861,2026-04-08 23:38:38.500998,0 days 00:00:34.519137,499.0,2.0,123.8,156.3,0.3,COMPLETE
10627,0.6875,2026-04-08 23:38:38.518292,2026-04-08 23:38:45.475412,0 days 00:00:06.957120,500.0,2.0,121.5,154.2,0.65,COMPLETE
10628,0.6875,2026-04-08 23:38:45.493867,2026-04-08 23:38:52.889422,0 days 00:00:07.395555,391.0,1.0,117.2,158.3,0.0,COMPLETE
10629,0.671875,2026-04-08 23:38:52.908595,2026-04-08 23:39:00.436160,0 days 00:00:07.527565,229.0,2.0,123.7,155.0,0.16,COMPLETE
10630,0.6875,2026-04-08 23:39:00.455435,2026-04-08 23:39:07.781431,0 days 00:00:07.325996,404.0,1.0,117.2,151.4,0.44,COMPLETE
10631,0.6875,2026-04-08 23:39:07.798079,2026-04-08 23:39:14.450507,0 days 00:00:06.652428,457.0,1.0,116.7,152.8,0.73,COMPLETE
10632,0.825,2026-04-08 23:39:14.466726,2026-04-08 23:39:49.188119,0 days 00:00:34.721393,425.0,1.0,123.6,156.0,0.3,COMPLETE
10633,0.6875,2026-04-08 23:39:49.207513,2026-04-08 23:39:57.483156,0 days 00:00:08.275643,226.0,3.0,114.0,159.6,0.56,COMPLETE
10634,0.825,2026-04-08 23:39:57.502916,2026-04-08 23:40:31.959143,0 days 00:00:34.456227,443.0,1.0,119.0,155.7,0.28,COMPLETE
10635,0.6875,2026-04-08 23:40:31.978410,2026-04-08 23:40:38.914786,0 days 00:00:06.936376,425.0,2.0,121.6,155.6,0.59,COMPLETE
10636,0.6875,2026-04-08 23:40:38.933669,2026-04-08 23:40:46.254469,0 days 00:00:07.320800,452.0,1.0,114.6,153.9,0.52,COMPLETE
10637,0.6875,2026-04-08 23:40:46.274612,2026-04-08 23:40:52.912881,0 days 00:00:06.638269,426.0,1.0,114.2,152.6,0.02,COMPLETE
10638,0.6875,2026-04-08 23:40:52.930204,2026-04-08 23:40:59.748576,0 days 00:00:06.818372,380.0,2.0,117.1,152.5,0.0,COMPLETE
10639,0.6875,2026-04-08 23:40:59.768546,2026-04-08 23:41:06.415401,0 days 00:00:06.646855,336.0,1.0,115.6,152.8,0.46,COMPLETE
10640,0.825,2026-04-08 23:41:06.432742,2026-04-08 23:41:11.579521,0 days 00:00:05.146779,457.0,1.0,116.7,151.8,0.0,COMPLETE
10641,0.6875,2026-04-08 23:41:11.597173,2026-04-08 23:41:19.723396,0 days 00:00:08.126223,210.0,2.0,123.6,157.4,0.36,COMPLETE
10642,0.825,2026-04-08 23:41:19.743309,2026-04-08 23:41:53.843586,0 days 00:00:34.100277,324.0,2.0,123.4,155.5,0.23,COMPLETE
10643,0.6875,2026-04-08 23:41:53.863225,2026-04-08 23:42:01.189033,0 days 00:00:07.325808,424.0,1.0,115.0,157.1,0.58,COMPLETE
10644,0.6875,2026-04-08 23:42:01.209610,2026-04-08 23:42:07.659842,0 days 00:00:06.450232,437.0,1.0,114.9,156.1,0.21,COMPLETE
10645,0.825,2026-04-08 23:42:07.675732,2026-04-08 23:42:41.972668,0 days 00:00:34.296936,450.0,1.0,119.3,154.1,0.18,COMPLETE
10646,0.6875,2026-04-08 23:42:41.992897,2026-04-08 23:42:48.996269,0 days 00:00:07.003372,470.0,1.0,116.4,153.5,0.24,COMPLETE
10647,0.825,2026-04-08 23:42:49.014679,2026-04-08 23:43:23.199085,0 days 00:00:34.184406,488.0,1.0,117.4,156.4,0.01,COMPLETE
10648,0.6875,2026-04-08 23:43:23.219378,2026-04-08 23:43:30.388230,0 days 00:00:07.168852,499.0,1.0,118.0,151.0,0.41000000000000003,COMPLETE
10649,0.825,2026-04-08 23:43:30.404257,2026-04-08 23:44:04.933079,0 days 00:00:34.528822,440.0,2.0,123.0,156.1,0.77,COMPLETE
10650,0.825,2026-04-08 23:44:04.953683,2026-04-08 23:44:39.488461,0 days 00:00:34.534778,425.0,1.0,117.1,153.0,0.0,COMPLETE
10651,0.825,2026-04-08 23:44:39.508996,2026-04-08 23:45:14.304715,0 days 00:00:34.795719,355.0,2.0,123.7,155.3,0.04,COMPLETE
10652,0.6875,2026-04-08 23:45:14.322398,2026-04-08 23:45:21.956406,0 days 00:00:07.634008,441.0,1.0,115.4,154.5,0.24,COMPLETE
10653,0.6875,2026-04-08 23:45:22.100848,2026-04-08 23:45:29.370104,0 days 00:00:07.269256,271.0,2.0,120.4,154.0,0.51,COMPLETE
10654,0.825,2026-04-08 23:45:29.389129,2026-04-08 23:46:03.438542,0 days 00:00:34.049413,319.0,1.0,119.3,157.3,0.45,COMPLETE
10655,0.6875,2026-04-08 23:46:03.456782,2026-04-08 23:46:11.002752,0 days 00:00:07.545970,182.0,2.0,122.2,159.6,1.34,COMPLETE
10656,0.825,2026-04-08 23:46:11.021855,2026-04-08 23:46:46.153577,0 days 00:00:35.131722,335.0,2.0,117.5,156.7,0.01,COMPLETE
10657,0.6875,2026-04-08 23:46:46.171256,2026-04-08 23:46:53.009124,0 days 00:00:06.837868,362.0,1.0,115.6,156.1,0.0,COMPLETE
10658,0.6875,2026-04-08 23:46:53.030142,2026-04-08 23:46:59.795850,0 days 00:00:06.765708,384.0,1.0,116.4,153.9,0.28,COMPLETE
10659,0.6875,2026-04-08 23:46:59.812566,2026-04-08 23:47:07.119036,0 days 00:00:07.306470,226.0,2.0,122.0,154.6,0.6900000000000001,COMPLETE
10660,0.6875,2026-04-08 23:47:07.138320,2026-04-08 23:47:14.298517,0 days 00:00:07.160197,345.0,2.0,118.4,159.5,0.0,COMPLETE
10661,0.6875,2026-04-08 23:47:14.316120,2026-04-08 23:47:21.364256,0 days 00:00:07.048136,338.0,1.0,117.0,154.3,0.0,COMPLETE
10662,0.6875,2026-04-08 23:47:21.382669,2026-04-08 23:47:28.292192,0 days 00:00:06.909523,414.0,1.0,121.2,153.5,0.59,COMPLETE
10663,0.6875,2026-04-08 23:47:28.310004,2026-04-08 23:47:35.167522,0 days 00:00:06.857518,398.0,2.0,117.6,155.1,0.27,COMPLETE
10664,0.825,2026-04-08 23:47:35.187903,2026-04-08 23:47:40.283423,0 days 00:00:05.095520,500.0,1.0,115.8,155.1,0.18,COMPLETE
10665,0.6875,2026-04-08 23:47:40.299842,2026-04-08 23:47:47.662141,0 days 00:00:07.362299,414.0,1.0,120.8,153.3,0.89,COMPLETE
10666,0.6875,2026-04-08 23:47:47.681184,2026-04-08 23:47:54.331499,0 days 00:00:06.650315,382.0,1.0,121.1,154.1,0.02,COMPLETE
10667,0.825,2026-04-08 23:47:54.348303,2026-04-08 23:48:29.331337,0 days 00:00:34.983034,389.0,1.0,119.6,156.3,0.53,COMPLETE
10668,0.825,2026-04-08 23:48:29.350619,2026-04-08 23:49:03.409189,0 days 00:00:34.058570,375.0,1.0,118.5,153.2,0.29,COMPLETE
10669,0.6875,2026-04-08 23:49:03.427559,2026-04-08 23:49:10.727072,0 days 00:00:07.299513,419.0,2.0,124.2,155.6,0.5700000000000001,COMPLETE
10670,0.6875,2026-04-08 23:49:10.745993,2026-04-08 23:49:18.143552,0 days 00:00:07.397559,434.0,2.0,116.2,154.9,0.92,COMPLETE
10671,0.6875,2026-04-08 23:49:18.160496,2026-04-08 23:49:26.342279,0 days 00:00:08.181783,222.0,2.0,126.3,154.6,0.41000000000000003,COMPLETE
10672,0.6875,2026-04-08 23:49:26.361171,2026-04-08 23:49:33.464405,0 days 00:00:07.103234,427.0,3.0,120.6,154.7,0.58,COMPLETE
10673,0.6875,2026-04-08 23:49:33.480344,2026-04-08 23:49:40.302039,0 days 00:00:06.821695,398.0,1.0,120.4,158.4,0.0,COMPLETE
10674,0.825,2026-04-08 23:49:40.318510,2026-04-08 23:50:14.579061,0 days 00:00:34.260551,431.0,1.0,119.3,154.7,0.56,COMPLETE
10675,0.671875,2026-04-08 23:50:14.598033,2026-04-08 23:50:21.492409,0 days 00:00:06.894376,389.0,1.0,115.7,155.3,0.0,COMPLETE
10676,0.6875,2026-04-08 23:50:21.510311,2026-04-08 23:50:29.101739,0 days 00:00:07.591428,292.0,3.0,123.6,155.5,0.56,COMPLETE
10677,0.6875,2026-04-08 23:50:29.121547,2026-04-08 23:50:35.898295,0 days 00:00:06.776748,452.0,2.0,127.0,155.5,0.6900000000000001,COMPLETE
10678,0.6875,2026-04-08 23:50:35.914910,2026-04-08 23:50:43.688536,0 days 00:00:07.773626,438.0,2.0,116.2,156.5,0.0,COMPLETE
10679,0.825,2026-04-08 23:50:43.706733,2026-04-08 23:51:18.557773,0 days 00:00:34.851040,500.0,2.0,125.2,152.8,0.58,COMPLETE
10680,0.825,2026-04-08 23:51:18.576762,2026-04-08 23:51:53.401947,0 days 00:00:34.825185,336.0,1.0,117.2,154.6,0.0,COMPLETE
10681,0.6875,2026-04-08 23:51:53.419414,2026-04-08 23:52:00.243653,0 days 00:00:06.824239,390.0,1.0,115.1,154.3,0.36,COMPLETE
10682,0.6875,2026-04-08 23:52:00.263020,2026-04-08 23:52:07.018398,0 days 00:00:06.755378,423.0,2.0,116.9,153.0,0.24,COMPLETE
10683,0.825,2026-04-08 23:52:07.037449,2026-04-08 23:52:41.023340,0 days 00:00:33.985891,430.0,1.0,119.0,153.3,0.02,COMPLETE
10684,0.6875,2026-04-08 23:52:41.043404,2026-04-08 23:52:47.848216,0 days 00:00:06.804812,450.0,1.0,117.3,154.0,0.2,COMPLETE
10685,0.6875,2026-04-08 23:52:47.867687,2026-04-08 23:52:54.689745,0 days 00:00:06.822058,409.0,2.0,114.8,152.6,0.24,COMPLETE
10686,0.6875,2026-04-08 23:52:54.707333,2026-04-08 23:53:01.376341,0 days 00:00:06.669008,440.0,1.0,116.2,153.6,0.02,COMPLETE
10687,0.6875,2026-04-08 23:53:01.395579,2026-04-08 23:53:08.215243,0 days 00:00:06.819664,494.0,2.0,113.6,153.3,0.68,COMPLETE
10688,0.6875,2026-04-08 23:53:08.232758,2026-04-08 23:53:15.831736,0 days 00:00:07.598978,150.0,3.0,117.2,153.4,1.3800000000000001,COMPLETE
10689,0.6875,2026-04-08 23:53:15.849190,2026-04-08 23:53:22.614163,0 days 00:00:06.764973,418.0,1.0,117.2,155.5,0.51,COMPLETE
10690,0.6875,2026-04-08 23:53:22.634032,2026-04-08 23:53:29.133057,0 days 00:00:06.499025,422.0,1.0,117.0,155.0,0.2,COMPLETE
10691,0.6875,2026-04-08 23:53:29.152917,2026-04-08 23:53:36.194171,0 days 00:00:07.041254,344.0,1.0,114.2,155.4,0.29,COMPLETE
10692,0.6875,2026-04-08 23:53:36.210671,2026-04-08 23:53:42.808062,0 days 00:00:06.597391,357.0,2.0,115.0,154.6,0.01,COMPLETE
10693,0.6875,2026-04-08 23:53:42.827073,2026-04-08 23:53:50.380252,0 days 00:00:07.553179,283.0,2.0,121.8,157.0,0.5700000000000001,COMPLETE
10694,0.6875,2026-04-08 23:53:50.400986,2026-04-08 23:53:57.937915,0 days 00:00:07.536929,498.0,1.0,113.7,152.6,0.43,COMPLETE
10695,0.6875,2026-04-08 23:53:57.954660,2026-04-08 23:54:04.751806,0 days 00:00:06.797146,444.0,1.0,116.1,153.2,0.0,COMPLETE
10696,0.6875,2026-04-08 23:54:04.772004,2026-04-08 23:54:11.822830,0 days 00:00:07.050826,443.0,2.0,121.2,154.0,0.27,COMPLETE
10697,0.6875,2026-04-08 23:54:11.838892,2026-04-08 23:54:18.854561,0 days 00:00:07.015669,433.0,1.0,116.3,156.2,0.5,COMPLETE
10698,0.825,2026-04-08 23:54:18.875363,2026-04-08 23:54:52.847447,0 days 00:00:33.972084,456.0,2.0,117.5,156.4,0.34,COMPLETE
10699,0.825,2026-04-08 23:54:52.864012,2026-04-08 23:55:26.899453,0 days 00:00:34.035441,433.0,1.0,117.0,153.7,0.0,COMPLETE
10700,0.6875,2026-04-08 23:55:26.918899,2026-04-08 23:55:33.785945,0 days 00:00:06.867046,424.0,1.0,116.8,156.9,0.29,COMPLETE
10701,0.6875,2026-04-08 23:55:33.805857,2026-04-08 23:55:40.634900,0 days 00:00:06.829043,489.0,1.0,114.8,154.1,0.71,COMPLETE
10702,0.6875,2026-04-08 23:55:40.652801,2026-04-08 23:55:47.618448,0 days 00:00:06.965647,325.0,1.0,116.5,154.8,0.31,COMPLETE
10703,0.6875,2026-04-08 23:55:47.637793,2026-04-08 23:55:54.175350,0 days 00:00:06.537557,405.0,1.0,116.7,155.6,0.0,COMPLETE
10704,0.6875,2026-04-08 23:55:54.192375,2026-04-08 23:56:00.823491,0 days 00:00:06.631116,457.0,1.0,115.4,155.7,0.0,COMPLETE
10705,0.6875,2026-04-08 23:56:00.839322,2026-04-08 23:56:07.788742,0 days 00:00:06.949420,390.0,1.0,115.4,153.7,0.2,COMPLETE
10706,0.825,2026-04-08 23:56:07.807409,2026-04-08 23:56:42.668355,0 days 00:00:34.860946,298.0,1.0,122.5,157.4,0.03,COMPLETE
10707,0.6875,2026-04-08 23:56:42.687878,2026-04-08 23:56:50.408434,0 days 00:00:07.720556,374.0,1.0,114.5,152.0,0.21,COMPLETE
10708,0.6875,2026-04-08 23:56:50.425522,2026-04-08 23:56:57.707514,0 days 00:00:07.281992,454.0,1.0,116.3,159.0,0.19,COMPLETE
10709,0.6875,2026-04-08 23:56:57.725919,2026-04-08 23:57:04.837729,0 days 00:00:07.111810,439.0,1.0,113.3,153.9,0.0,COMPLETE
10710,0.6875,2026-04-08 23:57:04.856934,2026-04-08 23:57:13.107053,0 days 00:00:08.250119,224.0,2.0,122.1,154.5,0.0,COMPLETE
10711,0.825,2026-04-08 23:57:13.124018,2026-04-08 23:57:47.938928,0 days 00:00:34.814910,338.0,2.0,120.0,155.2,0.2,COMPLETE
10712,0.825,2026-04-08 23:57:47.958909,2026-04-08 23:58:21.746684,0 days 00:00:33.787775,494.0,2.0,120.5,155.2,0.08,COMPLETE
10713,0.6875,2026-04-08 23:58:21.763316,2026-04-08 23:58:29.359492,0 days 00:00:07.596176,336.0,1.0,113.5,155.2,0.0,COMPLETE
10714,0.6875,2026-04-08 23:58:29.378887,2026-04-08 23:58:36.145379,0 days 00:00:06.766492,401.0,1.0,115.9,155.8,0.45,COMPLETE
10715,0.6875,2026-04-08 23:58:36.162958,2026-04-08 23:58:43.882850,0 days 00:00:07.719892,221.0,3.0,122.5,155.2,0.23,COMPLETE
10716,0.6875,2026-04-08 23:58:43.902848,2026-04-08 23:58:51.272385,0 days 00:00:07.369537,454.0,1.0,114.9,153.6,0.01,COMPLETE
10717,0.6875,2026-04-08 23:58:51.291119,2026-04-08 23:58:58.154390,0 days 00:00:06.863271,453.0,1.0,118.4,154.9,0.8200000000000001,COMPLETE
10718,0.6875,2026-04-08 23:58:58.173837,2026-04-08 23:59:05.014674,0 days 00:00:06.840837,463.0,2.0,115.8,154.0,0.0,COMPLETE
10719,0.671875,2026-04-08 23:59:05.032145,2026-04-08 23:59:12.306874,0 days 00:00:07.274729,292.0,2.0,121.0,154.8,0.23,COMPLETE
10720,0.671875,2026-04-08 23:59:12.325649,2026-04-08 23:59:19.156211,0 days 00:00:06.830562,369.0,1.0,117.3,155.0,0.0,COMPLETE
10721,0.6875,2026-04-08 23:59:19.174801,2026-04-08 23:59:25.871464,0 days 00:00:06.696663,393.0,1.0,117.2,153.3,0.53,COMPLETE
10722,0.6875,2026-04-08 23:59:25.890087,2026-04-08 23:59:33.585231,0 days 00:00:07.695144,231.0,2.0,125.8,152.3,0.81,COMPLETE
10723,0.825,2026-04-08 23:59:33.601426,2026-04-09 00:00:08.493903,0 days 00:00:34.892477,490.0,1.0,115.2,154.9,0.0,COMPLETE
10724,0.6875,2026-04-09 00:00:08.512122,2026-04-09 00:00:15.320410,0 days 00:00:06.808288,498.0,2.0,116.6,156.3,0.04,COMPLETE
10725,0.6875,2026-04-09 00:00:15.391978,2026-04-09 00:00:23.436439,0 days 00:00:08.044461,417.0,3.0,126.7,156.5,0.42,COMPLETE
10726,0.6875,2026-04-09 00:00:23.456635,2026-04-09 00:00:31.432743,0 days 00:00:07.976108,413.0,1.0,114.5,154.7,0.25,COMPLETE
10727,0.6875,2026-04-09 00:00:31.449325,2026-04-09 00:00:37.970882,0 days 00:00:06.521557,443.0,3.0,114.1,155.4,0.18,COMPLETE
10728,0.825,2026-04-09 00:00:37.990465,2026-04-09 00:01:12.511544,0 days 00:00:34.521079,345.0,1.0,118.9,155.8,0.51,COMPLETE
10729,0.825,2026-04-09 00:01:12.528149,2026-04-09 00:01:26.276892,0 days 00:00:13.748743,361.0,1.0,118.9,151.3,0.23,COMPLETE
10730,0.825,2026-04-09 00:01:26.294683,2026-04-09 00:02:00.649088,0 days 00:00:34.354405,412.0,2.0,118.4,156.4,0.43,COMPLETE
10731,0.6875,2026-04-09 00:02:00.669218,2026-04-09 00:02:07.835690,0 days 00:00:07.166472,277.0,2.0,114.8,155.8,0.07,COMPLETE
10732,0.825,2026-04-09 00:02:07.852821,2026-04-09 00:02:42.598027,0 days 00:00:34.745206,272.0,3.0,122.5,157.3,0.07,COMPLETE
10733,0.825,2026-04-09 00:02:42.618797,2026-04-09 00:03:16.909024,0 days 00:00:34.290227,390.0,2.0,119.3,154.2,0.3,COMPLETE
10734,0.825,2026-04-09 00:03:16.926313,2026-04-09 00:03:50.733652,0 days 00:00:33.807339,382.0,1.0,119.5,155.1,0.25,COMPLETE
10735,0.6875,2026-04-09 00:03:50.752880,2026-04-09 00:03:57.938479,0 days 00:00:07.185599,323.0,1.0,117.4,157.2,0.2,COMPLETE
10736,0.6875,2026-04-09 00:03:57.956388,2026-04-09 00:04:04.802651,0 days 00:00:06.846263,393.0,2.0,115.9,153.7,0.01,COMPLETE
10737,0.6875,2026-04-09 00:04:04.822091,2026-04-09 00:04:11.501267,0 days 00:00:06.679176,456.0,1.0,117.2,154.6,0.55,COMPLETE
10738,0.6875,2026-04-09 00:04:11.518811,2026-04-09 00:04:18.154784,0 days 00:00:06.635973,431.0,1.0,118.2,153.7,0.23,COMPLETE
10739,0.6875,2026-04-09 00:04:18.174777,2026-04-09 00:04:25.183693,0 days 00:00:07.008916,451.0,2.0,117.5,158.5,0.41000000000000003,COMPLETE
10740,0.6875,2026-04-09 00:04:25.201797,2026-04-09 00:04:32.818700,0 days 00:00:07.616903,348.0,1.0,116.4,150.8,0.51,COMPLETE
10741,0.6875,2026-04-09 00:04:32.839136,2026-04-09 00:04:39.594026,0 days 00:00:06.754890,336.0,2.0,118.8,152.6,1.51,COMPLETE
10742,0.6875,2026-04-09 00:04:39.611109,2026-04-09 00:04:46.712075,0 days 00:00:07.100966,457.0,1.0,113.3,152.6,0.43,COMPLETE
10743,0.825,2026-04-09 00:04:46.731490,2026-04-09 00:05:21.076265,0 days 00:00:34.344775,488.0,1.0,118.5,153.7,0.0,COMPLETE
10744,0.6875,2026-04-09 00:05:21.094870,2026-04-09 00:05:28.224679,0 days 00:00:07.129809,443.0,2.0,114.3,155.1,0.02,COMPLETE
10745,0.671875,2026-04-09 00:05:28.244351,2026-04-09 00:05:35.701406,0 days 00:00:07.457055,270.0,1.0,120.8,153.6,0.0,COMPLETE
10746,0.825,2026-04-09 00:05:35.719105,2026-04-09 00:06:09.722135,0 days 00:00:34.003030,429.0,1.0,119.4,152.3,0.22,COMPLETE
10747,0.6875,2026-04-09 00:06:09.741678,2026-04-09 00:06:16.941772,0 days 00:00:07.200094,368.0,1.0,115.5,152.3,0.0,COMPLETE
10748,0.6875,2026-04-09 00:06:16.958467,2026-04-09 00:06:23.711429,0 days 00:00:06.752962,330.0,1.0,118.4,153.5,0.3,COMPLETE
10749,0.6875,2026-04-09 00:06:23.731248,2026-04-09 00:06:30.412652,0 days 00:00:06.681404,471.0,2.0,117.7,151.9,0.85,COMPLETE
10750,0.6875,2026-04-09 00:06:30.429495,2026-04-09 00:06:37.553765,0 days 00:00:07.124270,460.0,2.0,113.9,156.3,0.26,COMPLETE
10751,0.671875,2026-04-09 00:06:37.574058,2026-04-09 00:06:44.398100,0 days 00:00:06.824042,450.0,2.0,116.7,155.6,0.23,COMPLETE
10752,0.6875,2026-04-09 00:06:44.419233,2026-04-09 00:06:51.428504,0 days 00:00:07.009271,377.0,1.0,114.8,154.6,0.0,COMPLETE
10753,0.6875,2026-04-09 00:06:51.448611,2026-04-09 00:06:59.848589,0 days 00:00:08.399978,305.0,3.0,126.7,148.0,1.83,COMPLETE
10754,0.6875,2026-04-09 00:06:59.865601,2026-04-09 00:07:07.539919,0 days 00:00:07.674318,453.0,2.0,118.4,153.1,0.36,COMPLETE
10755,0.6875,2026-04-09 00:07:07.560243,2026-04-09 00:07:14.577293,0 days 00:00:07.017050,448.0,2.0,123.4,153.4,0.5,COMPLETE
10756,0.6875,2026-04-09 00:07:14.593533,2026-04-09 00:07:21.729311,0 days 00:00:07.135778,280.0,2.0,122.3,157.5,0.35000000000000003,COMPLETE
10757,0.825,2026-04-09 00:07:21.750083,2026-04-09 00:07:55.940890,0 days 00:00:34.190807,433.0,1.0,120.9,155.8,0.01,COMPLETE
10758,0.825,2026-04-09 00:07:55.959261,2026-04-09 00:08:01.732295,0 days 00:00:05.773034,230.0,2.0,118.6,154.1,0.01,COMPLETE
10759,0.671875,2026-04-09 00:08:01.751696,2026-04-09 00:08:08.741661,0 days 00:00:06.989965,436.0,1.0,122.5,154.8,0.38,COMPLETE
10760,0.6875,2026-04-09 00:08:08.759229,2026-04-09 00:08:15.970558,0 days 00:00:07.211329,410.0,1.0,116.1,157.0,0.29,COMPLETE
10761,0.825,2026-04-09 00:08:15.990265,2026-04-09 00:08:50.725910,0 days 00:00:34.735645,456.0,1.0,123.9,154.1,0.22,COMPLETE
10762,0.6875,2026-04-09 00:08:50.742684,2026-04-09 00:08:58.020712,0 days 00:00:07.278028,406.0,1.0,117.6,152.5,0.0,COMPLETE
10763,0.6875,2026-04-09 00:08:58.040651,2026-04-09 00:09:04.846986,0 days 00:00:06.806335,434.0,1.0,116.4,155.9,0.0,COMPLETE
10764,0.825,2026-04-09 00:09:04.865458,2026-04-09 00:09:39.365346,0 days 00:00:34.499888,381.0,1.0,122.7,155.2,0.25,COMPLETE
10765,0.825,2026-04-09 00:09:39.385730,2026-04-09 00:10:13.690169,0 days 00:00:34.304439,274.0,2.0,122.3,153.2,0.0,COMPLETE
10766,0.6875,2026-04-09 00:10:13.706245,2026-04-09 00:10:20.946200,0 days 00:00:07.239955,469.0,1.0,116.5,155.6,0.46,COMPLETE
10767,0.825,2026-04-09 00:10:20.966964,2026-04-09 00:10:54.889085,0 days 00:00:33.922121,456.0,1.0,117.0,154.5,0.0,COMPLETE
10768,0.6875,2026-04-09 00:10:54.907585,2026-04-09 00:11:02.606545,0 days 00:00:07.698960,355.0,2.0,124.1,151.7,0.35000000000000003,COMPLETE
10769,0.6875,2026-04-09 00:11:02.625976,2026-04-09 00:11:10.224247,0 days 00:00:07.598271,327.0,1.0,114.7,152.3,0.32,COMPLETE
10770,0.825,2026-04-09 00:11:10.243757,2026-04-09 00:11:45.567708,0 days 00:00:35.323951,387.0,2.0,120.5,156.5,0.0,COMPLETE
10771,0.6875,2026-04-09 00:11:45.587486,2026-04-09 00:11:52.388827,0 days 00:00:06.801341,360.0,1.0,116.5,155.4,0.23,COMPLETE
10772,0.6875,2026-04-09 00:11:52.405164,2026-04-09 00:11:58.898203,0 days 00:00:06.493039,474.0,1.0,116.3,156.5,0.31,COMPLETE
10773,0.6875,2026-04-09 00:11:58.917900,2026-04-09 00:12:05.955770,0 days 00:00:07.037870,393.0,1.0,113.7,152.7,0.01,COMPLETE
10774,0.825,2026-04-09 00:12:05.973389,2026-04-09 00:12:14.411644,0 days 00:00:08.438255,265.0,2.0,124.7,153.8,0.28,COMPLETE
10775,0.6875,2026-04-09 00:12:14.433100,2026-04-09 00:12:22.215738,0 days 00:00:07.782638,500.0,2.0,114.5,154.9,0.31,COMPLETE
10776,0.6875,2026-04-09 00:12:22.236510,2026-04-09 00:12:29.326502,0 days 00:00:07.089992,308.0,1.0,117.4,155.5,0.01,COMPLETE
10777,0.6875,2026-04-09 00:12:29.348127,2026-04-09 00:12:36.624652,0 days 00:00:07.276525,437.0,1.0,123.6,152.3,0.38,COMPLETE
10778,0.6875,2026-04-09 00:12:36.641553,2026-04-09 00:12:44.205472,0 days 00:00:07.563919,293.0,2.0,117.1,155.3,0.09,COMPLETE
10779,0.6875,2026-04-09 00:12:44.224057,2026-04-09 00:12:50.737106,0 days 00:00:06.513049,392.0,1.0,117.4,155.6,0.22,COMPLETE
10780,0.825,2026-04-09 00:12:50.756491,2026-04-09 00:13:24.654195,0 days 00:00:33.897704,367.0,1.0,117.6,156.4,0.0,COMPLETE
10781,0.825,2026-04-09 00:13:24.673601,2026-04-09 00:13:58.424603,0 days 00:00:33.751002,434.0,1.0,117.5,156.2,0.25,COMPLETE
10782,0.6875,2026-04-09 00:13:58.443232,2026-04-09 00:14:05.330211,0 days 00:00:06.886979,390.0,1.0,115.8,153.4,0.0,COMPLETE
10783,0.825,2026-04-09 00:14:05.350686,2026-04-09 00:14:39.923831,0 days 00:00:34.573145,484.0,3.0,121.8,156.4,0.84,COMPLETE
10784,0.6875,2026-04-09 00:14:39.944205,2026-04-09 00:14:47.304834,0 days 00:00:07.360629,380.0,1.0,123.9,151.7,0.38,COMPLETE
