number,value,datetime_start,datetime_complete,duration,params_voltage,params_width,params_x,params_y,params_z,state
14589,0.6875,2026-04-09 21:30:12.724231,2026-04-09 21:30:20.488582,0 days 00:00:07.764351,440.0,2.0,124.7,149.9,0.56,COMPLETE
14590,0.6875,2026-04-09 21:30:20.507235,2026-04-09 21:30:27.764609,0 days 00:00:07.257374,281.0,2.0,121.9,155.4,0.25,COMPLETE
14591,0.6875,2026-04-09 21:30:27.786130,2026-04-09 21:30:34.764439,0 days 00:00:06.978309,440.0,1.0,117.2,152.5,0.0,COMPLETE
14592,0.6875,2026-04-09 21:30:34.783624,2026-04-09 21:30:42.262801,0 days 00:00:07.479177,499.0,2.0,126.8,154.7,0.12,COMPLETE
14593,0.6875,2026-04-09 21:30:42.283471,2026-04-09 21:30:49.559838,0 days 00:00:07.276367,430.0,1.0,119.2,157.9,0.28,COMPLETE
14594,0.6875,2026-04-09 21:30:49.579981,2026-04-09 21:30:57.415612,0 days 00:00:07.835631,160.0,2.0,125.5,159.9,0.68,COMPLETE
14595,0.6875,2026-04-09 21:30:57.436788,2026-04-09 21:31:04.939170,0 days 00:00:07.502382,327.0,1.0,116.7,155.4,0.01,COMPLETE
14596,0.825,2026-04-09 21:31:04.957207,2026-04-09 21:31:39.332060,0 days 00:00:34.374853,334.0,2.0,122.0,155.9,0.21,COMPLETE
14597,0.6875,2026-04-09 21:31:39.352720,2026-04-09 21:31:46.767020,0 days 00:00:07.414300,468.0,3.0,114.8,156.1,0.58,COMPLETE
14598,0.825,2026-04-09 21:31:46.786302,2026-04-09 21:32:21.570452,0 days 00:00:34.784150,471.0,2.0,123.6,155.4,0.38,COMPLETE
14599,0.6875,2026-04-09 21:32:21.592348,2026-04-09 21:32:29.233701,0 days 00:00:07.641353,388.0,1.0,116.6,154.5,0.27,COMPLETE
14600,0.6875,2026-04-09 21:32:29.254317,2026-04-09 21:32:35.970062,0 days 00:00:06.715745,363.0,1.0,116.9,156.3,0.01,COMPLETE
14601,0.6875,2026-04-09 21:32:35.990416,2026-04-09 21:32:42.827069,0 days 00:00:06.836653,347.0,2.0,119.6,154.3,0.45,COMPLETE
14602,0.825,2026-04-09 21:32:42.847580,2026-04-09 21:33:17.112491,0 days 00:00:34.264911,458.0,1.0,121.4,150.1,0.07,COMPLETE
14603,0.825,2026-04-09 21:33:17.132694,2026-04-09 21:33:51.403822,0 days 00:00:34.271128,413.0,2.0,118.2,155.0,0.02,COMPLETE
14604,0.825,2026-04-09 21:33:51.423360,2026-04-09 21:34:25.469949,0 days 00:00:34.046589,397.0,1.0,119.5,154.5,0.2,COMPLETE
14605,0.6875,2026-04-09 21:34:25.491116,2026-04-09 21:34:32.407132,0 days 00:00:06.916016,446.0,1.0,116.2,154.6,0.49,COMPLETE
14606,0.6875,2026-04-09 21:34:32.428037,2026-04-09 21:34:39.228480,0 days 00:00:06.800443,356.0,2.0,116.5,154.0,0.19,COMPLETE
14607,0.6875,2026-04-09 21:34:39.247817,2026-04-09 21:34:45.946108,0 days 00:00:06.698291,346.0,1.0,114.9,154.4,0.01,COMPLETE
14608,0.6875,2026-04-09 21:34:45.966743,2026-04-09 21:34:52.840630,0 days 00:00:06.873887,444.0,2.0,113.6,157.9,0.0,COMPLETE
14609,0.6875,2026-04-09 21:34:52.860907,2026-04-09 21:35:00.484149,0 days 00:00:07.623242,418.0,1.0,122.5,154.3,0.53,COMPLETE
14610,0.6875,2026-04-09 21:35:00.505711,2026-04-09 21:35:08.110658,0 days 00:00:07.604947,356.0,2.0,115.0,155.6,0.44,COMPLETE
14611,0.6875,2026-04-09 21:35:08.131699,2026-04-09 21:35:14.947944,0 days 00:00:06.816245,369.0,1.0,113.0,154.1,0.0,COMPLETE
14612,0.6875,2026-04-09 21:35:14.968445,2026-04-09 21:35:21.834658,0 days 00:00:06.866213,407.0,1.0,115.3,151.1,0.26,COMPLETE
14613,0.6875,2026-04-09 21:35:21.856933,2026-04-09 21:35:28.858321,0 days 00:00:07.001388,378.0,1.0,117.3,155.2,0.0,COMPLETE
14614,0.6875,2026-04-09 21:35:28.878611,2026-04-09 21:35:35.548225,0 days 00:00:06.669614,394.0,1.0,116.6,156.3,0.41000000000000003,COMPLETE
14615,0.6875,2026-04-09 21:35:35.566817,2026-04-09 21:35:42.671691,0 days 00:00:07.104874,423.0,2.0,119.3,151.8,0.23,COMPLETE
14616,0.6875,2026-04-09 21:35:42.692753,2026-04-09 21:35:49.695741,0 days 00:00:07.002988,410.0,2.0,116.2,155.3,0.47000000000000003,COMPLETE
14617,0.825,2026-04-09 21:35:49.715864,2026-04-09 21:36:24.273860,0 days 00:00:34.557996,357.0,1.0,122.5,153.9,0.23,COMPLETE
14618,0.6875,2026-04-09 21:36:24.295570,2026-04-09 21:36:31.798218,0 days 00:00:07.502648,357.0,2.0,116.6,157.9,0.05,COMPLETE
14619,0.6875,2026-04-09 21:36:31.818749,2026-04-09 21:36:38.343071,0 days 00:00:06.524322,332.0,1.0,116.7,157.7,0.34,COMPLETE
14620,0.825,2026-04-09 21:36:38.364061,2026-04-09 21:37:12.668669,0 days 00:00:34.304608,492.0,1.0,120.2,155.8,0.73,COMPLETE
14621,0.825,2026-04-09 21:37:12.690564,2026-04-09 21:37:46.971108,0 days 00:00:34.280544,348.0,1.0,119.7,156.1,0.46,COMPLETE
14622,0.6875,2026-04-09 21:37:46.992748,2026-04-09 21:37:54.156380,0 days 00:00:07.163632,451.0,2.0,114.9,152.3,0.33,COMPLETE
14623,0.6875,2026-04-09 21:37:54.175385,2026-04-09 21:38:00.850627,0 days 00:00:06.675242,438.0,1.0,117.2,153.7,0.23,COMPLETE
14624,0.6875,2026-04-09 21:38:00.872217,2026-04-09 21:38:08.676510,0 days 00:00:07.804293,240.0,2.0,125.3,156.5,0.26,COMPLETE
14625,0.6875,2026-04-09 21:38:08.695096,2026-04-09 21:38:16.316140,0 days 00:00:07.621044,462.0,1.0,115.1,152.6,0.42,COMPLETE
14626,0.6875,2026-04-09 21:38:16.337757,2026-04-09 21:38:23.178243,0 days 00:00:06.840486,378.0,1.0,117.2,152.5,0.22,COMPLETE
14627,0.6875,2026-04-09 21:38:23.197584,2026-04-09 21:38:29.895679,0 days 00:00:06.698095,437.0,1.0,113.9,153.8,0.23,COMPLETE
14628,0.6875,2026-04-09 21:38:29.916008,2026-04-09 21:38:37.590981,0 days 00:00:07.674973,463.0,2.0,125.1,154.8,0.9400000000000001,COMPLETE
14629,0.6875,2026-04-09 21:38:37.611220,2026-04-09 21:38:45.255591,0 days 00:00:07.644371,369.0,1.0,116.0,152.8,0.01,COMPLETE
14630,0.6875,2026-04-09 21:38:45.275008,2026-04-09 21:38:52.346568,0 days 00:00:07.071560,436.0,2.0,122.4,152.4,0.5700000000000001,COMPLETE
14631,0.6875,2026-04-09 21:38:52.365586,2026-04-09 21:38:59.651034,0 days 00:00:07.285448,375.0,1.0,114.2,152.4,0.27,COMPLETE
14632,0.6875,2026-04-09 21:38:59.671235,2026-04-09 21:39:06.116145,0 days 00:00:06.444910,433.0,1.0,115.0,152.5,0.01,COMPLETE
14633,0.6875,2026-04-09 21:39:06.136058,2026-04-09 21:39:12.842601,0 days 00:00:06.706543,388.0,2.0,116.7,155.5,0.18,COMPLETE
14634,0.6875,2026-04-09 21:39:12.862912,2026-04-09 21:39:20.626066,0 days 00:00:07.763154,207.0,2.0,124.9,155.6,0.22,COMPLETE
14635,0.6875,2026-04-09 21:39:20.646970,2026-04-09 21:39:27.574740,0 days 00:00:06.927770,233.0,2.0,122.7,153.5,0.16,COMPLETE
14636,0.6875,2026-04-09 21:39:27.595076,2026-04-09 21:39:34.361560,0 days 00:00:06.766484,395.0,2.0,119.3,154.8,1.97,COMPLETE
14637,0.6875,2026-04-09 21:39:34.382372,2026-04-09 21:39:41.444456,0 days 00:00:07.062084,475.0,2.0,124.1,158.2,0.41000000000000003,COMPLETE
14638,0.6875,2026-04-09 21:39:41.464749,2026-04-09 21:39:48.731162,0 days 00:00:07.266413,454.0,1.0,117.8,153.8,0.36,COMPLETE
14639,0.6875,2026-04-09 21:39:48.752432,2026-04-09 21:39:55.618416,0 days 00:00:06.865984,415.0,1.0,113.1,154.1,0.02,COMPLETE
14640,0.6875,2026-04-09 21:39:55.637658,2026-04-09 21:40:02.342671,0 days 00:00:06.705013,409.0,1.0,116.7,153.0,0.46,COMPLETE
14641,0.6875,2026-04-09 21:40:02.363548,2026-04-09 21:40:08.898087,0 days 00:00:06.534539,398.0,1.0,116.1,154.3,0.38,COMPLETE
14642,0.6875,2026-04-09 21:40:08.916921,2026-04-09 21:40:15.651707,0 days 00:00:06.734786,500.0,1.0,115.3,150.7,0.06,COMPLETE
14643,0.825,2026-04-09 21:40:15.670857,2026-04-09 21:40:50.537454,0 days 00:00:34.866597,390.0,1.0,119.8,156.0,0.8200000000000001,COMPLETE
14644,0.6875,2026-04-09 21:40:50.560079,2026-04-09 21:40:57.768043,0 days 00:00:07.207964,401.0,1.0,114.7,152.3,0.0,COMPLETE
14645,0.825,2026-04-09 21:40:57.787693,2026-04-09 21:41:32.719784,0 days 00:00:34.932091,262.0,2.0,120.9,156.8,0.01,COMPLETE
14646,0.6875,2026-04-09 21:41:32.741473,2026-04-09 21:41:40.111420,0 days 00:00:07.369947,337.0,2.0,121.3,150.6,0.09,COMPLETE
14647,0.671875,2026-04-09 21:41:40.131606,2026-04-09 21:41:46.990072,0 days 00:00:06.858466,462.0,1.0,118.4,152.7,0.47000000000000003,COMPLETE
14648,0.825,2026-04-09 21:41:47.010283,2026-04-09 21:42:21.127056,0 days 00:00:34.116773,425.0,1.0,118.2,155.4,0.2,COMPLETE
14649,0.6875,2026-04-09 21:42:21.148342,2026-04-09 21:42:28.213462,0 days 00:00:07.065120,247.0,2.0,119.7,154.6,0.46,COMPLETE
14650,0.6875,2026-04-09 21:42:28.232860,2026-04-09 21:42:35.004403,0 days 00:00:06.771543,499.0,2.0,117.5,153.9,0.34,COMPLETE
14651,0.6875,2026-04-09 21:42:35.025427,2026-04-09 21:42:41.942243,0 days 00:00:06.916816,459.0,1.0,113.8,154.9,0.0,COMPLETE
14652,0.6875,2026-04-09 21:42:41.960725,2026-04-09 21:42:48.722966,0 days 00:00:06.762241,425.0,1.0,115.6,155.9,0.0,COMPLETE
14653,0.825,2026-04-09 21:42:48.742777,2026-04-09 21:43:23.056748,0 days 00:00:34.313971,491.0,1.0,120.0,157.3,0.09,COMPLETE
14654,0.6875,2026-04-09 21:43:23.077726,2026-04-09 21:43:30.360073,0 days 00:00:07.282347,456.0,2.0,123.9,153.7,0.22,COMPLETE
14655,0.6875,2026-04-09 21:43:30.380475,2026-04-09 21:43:38.058424,0 days 00:00:07.677949,306.0,1.0,116.2,155.0,0.23,COMPLETE
14656,0.6875,2026-04-09 21:43:38.079182,2026-04-09 21:43:44.640212,0 days 00:00:06.561030,460.0,1.0,116.0,155.4,0.42,COMPLETE
14657,0.6875,2026-04-09 21:43:44.659572,2026-04-09 21:43:52.012095,0 days 00:00:07.352523,397.0,1.0,122.5,152.1,0.23,COMPLETE
14658,0.6875,2026-04-09 21:43:52.034058,2026-04-09 21:43:59.235333,0 days 00:00:07.201275,338.0,2.0,124.2,148.3,0.15,COMPLETE
14659,0.6875,2026-04-09 21:43:59.254854,2026-04-09 21:44:07.080094,0 days 00:00:07.825240,392.0,1.0,116.1,155.5,0.8200000000000001,COMPLETE
14660,0.6875,2026-04-09 21:44:07.103128,2026-04-09 21:44:14.092632,0 days 00:00:06.989504,390.0,1.0,119.3,152.0,0.27,COMPLETE
14661,0.6875,2026-04-09 21:44:14.111371,2026-04-09 21:44:21.160429,0 days 00:00:07.049058,370.0,2.0,122.7,155.8,0.8200000000000001,COMPLETE
14662,0.6875,2026-04-09 21:44:21.182375,2026-04-09 21:44:28.723797,0 days 00:00:07.541422,389.0,2.0,114.4,152.5,0.23,COMPLETE
14663,0.6875,2026-04-09 21:44:28.742216,2026-04-09 21:44:35.864213,0 days 00:00:07.121997,458.0,1.0,120.1,153.5,0.32,COMPLETE
14664,0.825,2026-04-09 21:44:35.884171,2026-04-09 21:45:10.095356,0 days 00:00:34.211185,393.0,1.0,121.3,156.9,0.29,COMPLETE
14665,0.6875,2026-04-09 21:45:10.117648,2026-04-09 21:45:17.221121,0 days 00:00:07.103473,381.0,1.0,116.8,155.5,0.0,COMPLETE
14666,0.825,2026-04-09 21:45:17.239868,2026-04-09 21:45:52.092583,0 days 00:00:34.852715,248.0,2.0,124.5,153.8,0.02,COMPLETE
14667,0.6875,2026-04-09 21:45:52.114801,2026-04-09 21:45:59.909607,0 days 00:00:07.794806,444.0,1.0,114.6,156.3,0.18,COMPLETE
14668,0.6875,2026-04-09 21:45:59.929857,2026-04-09 21:46:06.964562,0 days 00:00:07.034705,308.0,2.0,117.9,155.5,0.31,COMPLETE
14669,0.6875,2026-04-09 21:46:06.983739,2026-04-09 21:46:13.771835,0 days 00:00:06.788096,419.0,1.0,115.8,155.3,0.24,COMPLETE
14670,0.825,2026-04-09 21:46:13.791885,2026-04-09 21:46:48.645797,0 days 00:00:34.853912,395.0,2.0,125.1,154.4,0.24,COMPLETE
14671,0.6875,2026-04-09 21:46:48.664726,2026-04-09 21:46:56.138983,0 days 00:00:07.474257,361.0,1.0,117.6,159.6,0.0,COMPLETE
14672,0.6875,2026-04-09 21:46:56.159843,2026-04-09 21:47:03.166622,0 days 00:00:07.006779,446.0,2.0,117.3,153.6,0.64,COMPLETE
14673,0.825,2026-04-09 21:47:03.185623,2026-04-09 21:47:38.006684,0 days 00:00:34.821061,380.0,1.0,118.3,155.3,0.23,COMPLETE
14674,0.6875,2026-04-09 21:47:38.028101,2026-04-09 21:47:44.971175,0 days 00:00:06.943074,423.0,1.0,117.0,156.4,0.47000000000000003,COMPLETE
14675,0.6875,2026-04-09 21:47:44.992539,2026-04-09 21:47:52.098387,0 days 00:00:07.105848,347.0,1.0,116.4,153.7,0.22,COMPLETE
14676,0.825,2026-04-09 21:47:52.117328,2026-04-09 21:48:26.194354,0 days 00:00:34.077026,384.0,1.0,118.9,155.4,0.53,COMPLETE
14677,0.6875,2026-04-09 21:48:26.215505,2026-04-09 21:48:33.118820,0 days 00:00:06.903315,443.0,1.0,117.3,153.6,0.25,COMPLETE
14678,0.6875,2026-04-09 21:48:33.137352,2026-04-09 21:48:40.052449,0 days 00:00:06.915097,304.0,1.0,118.0,155.0,0.53,COMPLETE
14679,0.825,2026-04-09 21:48:40.071674,2026-04-09 21:49:14.311471,0 days 00:00:34.239797,460.0,2.0,122.7,156.0,0.59,COMPLETE
14680,0.6875,2026-04-09 21:49:14.332475,2026-04-09 21:49:21.883561,0 days 00:00:07.551086,356.0,1.0,114.7,155.4,0.0,COMPLETE
14681,0.825,2026-04-09 21:49:21.902129,2026-04-09 21:49:56.035828,0 days 00:00:34.133699,417.0,1.0,119.0,155.7,0.01,COMPLETE
14682,0.6875,2026-04-09 21:49:56.059898,2026-04-09 21:50:03.492133,0 days 00:00:07.432235,235.0,1.0,124.2,153.8,0.64,COMPLETE
14683,0.6875,2026-04-09 21:50:03.512687,2026-04-09 21:50:10.413416,0 days 00:00:06.900729,222.0,1.0,120.8,155.9,0.24,COMPLETE
14684,0.6875,2026-04-09 21:50:10.433056,2026-04-09 21:50:17.387025,0 days 00:00:06.953969,497.0,1.0,116.9,154.3,0.46,COMPLETE
14685,0.6875,2026-04-09 21:50:17.407934,2026-04-09 21:50:25.865786,0 days 00:00:08.457852,160.0,2.0,126.7,151.8,0.67,COMPLETE
14686,0.6875,2026-04-09 21:50:25.887603,2026-04-09 21:50:32.471950,0 days 00:00:06.584347,261.0,2.0,126.6,151.8,0.12,COMPLETE
14687,0.6875,2026-04-09 21:50:32.492393,2026-04-09 21:50:40.214434,0 days 00:00:07.722041,479.0,1.0,116.5,151.7,0.23,COMPLETE
14688,0.6875,2026-04-09 21:50:40.241146,2026-04-09 21:50:47.031955,0 days 00:00:06.790809,433.0,1.0,114.6,152.9,0.26,COMPLETE
14689,0.6875,2026-04-09 21:50:47.052849,2026-04-09 21:50:54.482718,0 days 00:00:07.429869,380.0,3.0,122.4,154.6,0.8,COMPLETE
14690,0.6875,2026-04-09 21:50:54.501691,2026-04-09 21:51:01.913214,0 days 00:00:07.411523,476.0,1.0,114.9,152.8,0.0,COMPLETE
14691,0.6875,2026-04-09 21:51:01.933644,2026-04-09 21:51:08.901446,0 days 00:00:06.967802,476.0,1.0,116.9,156.8,0.22,COMPLETE
14692,0.6875,2026-04-09 21:51:08.921833,2026-04-09 21:51:17.176700,0 days 00:00:08.254867,174.0,3.0,126.9,159.0,1.01,COMPLETE
14693,0.825,2026-04-09 21:51:17.197562,2026-04-09 21:51:51.752237,0 days 00:00:34.554675,499.0,2.0,120.2,154.8,0.33,COMPLETE
14694,0.825,2026-04-09 21:51:51.773327,2026-04-09 21:52:26.041661,0 days 00:00:34.268334,387.0,1.0,119.0,153.5,0.0,COMPLETE
14695,0.6875,2026-04-09 21:52:26.060786,2026-04-09 21:52:33.542449,0 days 00:00:07.481663,478.0,1.0,113.5,157.6,0.64,COMPLETE
14696,0.6875,2026-04-09 21:52:33.563436,2026-04-09 21:52:40.457442,0 days 00:00:06.894006,430.0,1.0,115.9,154.7,0.22,COMPLETE
14697,0.6875,2026-04-09 21:52:40.477247,2026-04-09 21:52:48.289923,0 days 00:00:07.812676,182.0,2.0,122.9,154.3,0.49,COMPLETE
14698,0.6875,2026-04-09 21:52:48.310704,2026-04-09 21:52:55.654404,0 days 00:00:07.343700,405.0,1.0,115.8,155.9,0.22,COMPLETE
14699,0.6875,2026-04-09 21:52:55.673870,2026-04-09 21:53:03.019879,0 days 00:00:07.346009,495.0,1.0,121.7,152.1,1.05,COMPLETE
14700,0.6875,2026-04-09 21:53:03.041601,2026-04-09 21:53:09.955851,0 days 00:00:06.914250,434.0,1.0,124.3,155.2,0.61,COMPLETE
14701,0.6875,2026-04-09 21:53:09.975602,2026-04-09 21:53:17.763617,0 days 00:00:07.788015,362.0,1.0,115.6,156.6,0.29,COMPLETE
14702,0.6875,2026-04-09 21:53:17.784020,2026-04-09 21:53:24.383863,0 days 00:00:06.599843,348.0,1.0,116.4,156.5,0.0,COMPLETE
14703,0.6875,2026-04-09 21:53:24.403497,2026-04-09 21:53:31.285578,0 days 00:00:06.882081,370.0,1.0,117.3,152.9,0.43,COMPLETE
14704,0.6875,2026-04-09 21:53:31.306224,2026-04-09 21:53:38.219608,0 days 00:00:06.913384,345.0,1.0,121.3,153.4,0.43,COMPLETE
14705,0.6875,2026-04-09 21:53:38.241551,2026-04-09 21:53:45.213351,0 days 00:00:06.971800,372.0,1.0,121.3,157.7,0.76,COMPLETE
14706,0.6875,2026-04-09 21:53:45.235044,2026-04-09 21:53:53.099587,0 days 00:00:07.864543,162.0,3.0,114.8,154.2,0.77,COMPLETE
14707,0.6875,2026-04-09 21:53:53.120025,2026-04-09 21:54:00.329906,0 days 00:00:07.209881,242.0,2.0,121.0,154.7,0.28,COMPLETE
14708,0.6875,2026-04-09 21:54:00.349096,2026-04-09 21:54:07.283529,0 days 00:00:06.934433,425.0,2.0,124.7,156.4,0.31,COMPLETE
14709,0.825,2026-04-09 21:54:07.305025,2026-04-09 21:54:41.722502,0 days 00:00:34.417477,315.0,1.0,122.0,153.8,0.01,COMPLETE
14710,0.6875,2026-04-09 21:54:41.744071,2026-04-09 21:54:49.396611,0 days 00:00:07.652540,420.0,1.0,114.6,157.5,0.46,COMPLETE
14711,0.6875,2026-04-09 21:54:49.416947,2026-04-09 21:54:56.315184,0 days 00:00:06.898237,449.0,2.0,115.0,153.5,0.25,COMPLETE
14712,0.825,2026-04-09 21:54:56.335006,2026-04-09 21:55:30.622213,0 days 00:00:34.287207,486.0,1.0,119.1,156.4,0.03,COMPLETE
14713,0.6875,2026-04-09 21:55:30.642170,2026-04-09 21:55:38.175525,0 days 00:00:07.533355,185.0,1.0,121.7,157.7,0.59,COMPLETE
14714,0.825,2026-04-09 21:55:38.196467,2026-04-09 21:55:45.796490,0 days 00:00:07.600023,406.0,1.0,116.6,154.5,0.0,COMPLETE
14715,0.825,2026-04-09 21:55:45.816780,2026-04-09 21:56:20.290305,0 days 00:00:34.473525,278.0,1.0,120.4,154.7,0.02,COMPLETE
14716,0.825,2026-04-09 21:56:20.311689,2026-04-09 21:56:54.336636,0 days 00:00:34.024947,500.0,2.0,117.6,156.8,0.3,COMPLETE
14717,0.825,2026-04-09 21:56:54.357170,2026-04-09 21:57:28.388949,0 days 00:00:34.031779,439.0,1.0,116.6,155.6,0.24,COMPLETE
14718,0.6875,2026-04-09 21:57:28.411109,2026-04-09 21:57:35.875895,0 days 00:00:07.464786,250.0,2.0,123.9,155.5,0.0,COMPLETE
14719,0.6875,2026-04-09 21:57:35.899089,2026-04-09 21:57:42.486549,0 days 00:00:06.587460,253.0,3.0,122.1,155.4,0.31,COMPLETE
14720,0.6875,2026-04-09 21:57:42.508041,2026-04-09 21:57:49.601225,0 days 00:00:07.093184,448.0,1.0,115.5,155.2,0.19,COMPLETE
14721,0.6875,2026-04-09 21:57:49.619789,2026-04-09 21:57:56.337986,0 days 00:00:06.718197,435.0,1.0,116.0,152.5,0.71,COMPLETE
14722,0.6875,2026-04-09 21:57:56.358886,2026-04-09 21:58:02.871877,0 days 00:00:06.512991,381.0,1.0,115.9,152.9,0.0,COMPLETE
14723,0.825,2026-04-09 21:58:02.889983,2026-04-09 21:58:36.992043,0 days 00:00:34.102060,465.0,2.0,117.6,156.2,0.23,COMPLETE
14724,0.6875,2026-04-09 21:58:37.013669,2026-04-09 21:58:43.868928,0 days 00:00:06.855259,429.0,2.0,115.6,156.5,0.2,COMPLETE
14725,0.6875,2026-04-09 21:58:43.890136,2026-04-09 21:58:51.347820,0 days 00:00:07.457684,206.0,3.0,119.4,154.7,0.31,COMPLETE
14726,0.825,2026-04-09 21:58:51.367009,2026-04-09 21:59:25.375141,0 days 00:00:34.008132,460.0,1.0,118.5,156.7,0.72,COMPLETE
14727,0.825,2026-04-09 21:59:25.397390,2026-04-09 21:59:59.945670,0 days 00:00:34.548280,478.0,3.0,119.4,150.1,0.07,COMPLETE
14728,0.6875,2026-04-09 21:59:59.967574,2026-04-09 22:00:06.929106,0 days 00:00:06.961532,439.0,2.0,117.6,153.2,0.18,COMPLETE
14729,0.825,2026-04-09 22:00:06.947895,2026-04-09 22:00:41.187089,0 days 00:00:34.239194,316.0,1.0,119.4,153.0,0.28,COMPLETE
14730,0.6875,2026-04-09 22:00:41.207987,2026-04-09 22:00:48.120088,0 days 00:00:06.912101,408.0,1.0,117.7,154.0,0.21,COMPLETE
14731,0.6875,2026-04-09 22:00:48.138871,2026-04-09 22:00:55.195251,0 days 00:00:07.056380,328.0,2.0,115.2,153.6,0.22,COMPLETE
14732,0.6875,2026-04-09 22:00:55.214543,2026-04-09 22:01:02.662155,0 days 00:00:07.447612,457.0,3.0,121.9,157.7,1.1300000000000001,COMPLETE
14733,0.6875,2026-04-09 22:01:02.682980,2026-04-09 22:01:10.060414,0 days 00:00:07.377434,405.0,1.0,116.1,153.2,0.22,COMPLETE
14734,0.6875,2026-04-09 22:01:10.079815,2026-04-09 22:01:17.221001,0 days 00:00:07.141186,498.0,2.0,121.8,154.6,0.81,COMPLETE
14735,0.6875,2026-04-09 22:01:17.242924,2026-04-09 22:01:24.575371,0 days 00:00:07.332447,498.0,1.0,114.6,155.1,0.01,COMPLETE
14736,0.825,2026-04-09 22:01:24.594979,2026-04-09 22:01:38.441369,0 days 00:00:13.846390,330.0,2.0,118.0,153.0,0.14,COMPLETE
14737,0.6875,2026-04-09 22:01:38.464413,2026-04-09 22:01:45.057942,0 days 00:00:06.593529,360.0,3.0,118.8,153.8,0.46,COMPLETE
14738,0.6875,2026-04-09 22:01:45.078847,2026-04-09 22:01:51.683797,0 days 00:00:06.604950,432.0,1.0,117.2,155.3,0.46,COMPLETE
14739,0.6875,2026-04-09 22:01:51.703309,2026-04-09 22:01:58.589803,0 days 00:00:06.886494,322.0,1.0,114.9,155.7,0.0,COMPLETE
14740,0.6875,2026-04-09 22:01:58.610470,2026-04-09 22:02:06.176860,0 days 00:00:07.566390,377.0,3.0,124.9,152.9,0.85,COMPLETE
14741,0.6875,2026-04-09 22:02:06.196553,2026-04-09 22:02:13.126855,0 days 00:00:06.930302,370.0,3.0,119.9,150.5,1.26,COMPLETE
14742,0.6875,2026-04-09 22:02:13.148164,2026-04-09 22:02:20.672044,0 days 00:00:07.523880,424.0,2.0,115.9,159.8,0.71,COMPLETE
14743,0.825,2026-04-09 22:02:20.692145,2026-04-09 22:02:55.036562,0 days 00:00:34.344417,372.0,1.0,118.1,155.5,0.24,COMPLETE
14744,0.825,2026-04-09 22:02:55.056266,2026-04-09 22:03:29.077588,0 days 00:00:34.021322,500.0,2.0,120.7,155.0,0.18,COMPLETE
14745,0.6875,2026-04-09 22:03:29.098450,2026-04-09 22:03:36.337496,0 days 00:00:07.239046,374.0,2.0,116.9,156.3,0.0,COMPLETE
14746,0.825,2026-04-09 22:03:36.358370,2026-04-09 22:04:10.552814,0 days 00:00:34.194444,476.0,2.0,117.8,154.2,0.0,COMPLETE
14747,0.825,2026-04-09 22:04:10.572690,2026-04-09 22:04:44.616252,0 days 00:00:34.043562,442.0,1.0,119.0,155.6,0.43,COMPLETE
14748,0.6875,2026-04-09 22:04:44.637980,2026-04-09 22:04:51.660049,0 days 00:00:07.022069,488.0,1.0,116.4,153.4,0.26,COMPLETE
14749,0.6875,2026-04-09 22:04:51.680136,2026-04-09 22:04:58.630490,0 days 00:00:06.950354,381.0,1.0,114.9,152.5,0.23,COMPLETE
14750,0.6875,2026-04-09 22:04:58.650887,2026-04-09 22:05:05.397016,0 days 00:00:06.746129,406.0,1.0,114.4,154.3,0.2,COMPLETE
14751,0.6875,2026-04-09 22:05:05.417309,2026-04-09 22:05:13.445799,0 days 00:00:08.028490,439.0,2.0,126.1,159.1,0.58,COMPLETE
14752,0.6875,2026-04-09 22:05:13.465811,2026-04-09 22:05:21.092868,0 days 00:00:07.627057,376.0,2.0,118.4,151.4,0.01,COMPLETE
14753,0.825,2026-04-09 22:05:21.113186,2026-04-09 22:05:55.238536,0 days 00:00:34.125350,388.0,2.0,117.8,155.2,0.01,COMPLETE
14754,0.6875,2026-04-09 22:05:55.258328,2026-04-09 22:06:03.238715,0 days 00:00:07.980387,264.0,1.0,125.1,149.0,0.03,COMPLETE
14755,0.825,2026-04-09 22:06:03.259174,2026-04-09 22:06:37.781150,0 days 00:00:34.521976,291.0,2.0,123.0,155.6,0.28,COMPLETE
14756,0.6875,2026-04-09 22:06:37.803646,2026-04-09 22:06:45.139476,0 days 00:00:07.335830,454.0,2.0,117.1,156.3,0.51,COMPLETE
14757,0.825,2026-04-09 22:06:45.162048,2026-04-09 22:07:19.249149,0 days 00:00:34.087101,472.0,3.0,119.5,156.9,0.28,COMPLETE
14758,0.6875,2026-04-09 22:07:19.270663,2026-04-09 22:07:26.517116,0 days 00:00:07.246453,293.0,2.0,121.2,153.4,0.27,COMPLETE
14759,0.825,2026-04-09 22:07:26.536151,2026-04-09 22:08:00.955006,0 days 00:00:34.418855,387.0,1.0,117.3,156.5,0.0,COMPLETE
14760,0.6875,2026-04-09 22:08:00.977845,2026-04-09 22:08:07.866149,0 days 00:00:06.888304,373.0,1.0,116.5,158.1,0.47000000000000003,COMPLETE
