number,value,datetime_start,datetime_complete,duration,params_voltage,params_width,params_x,params_y,params_z,state
6782,0.671875,2026-04-06 20:04:45.353002,2026-04-06 20:04:51.769509,0 days 00:00:06.416507,384.0,1.0,116.1,151.8,0.0,COMPLETE
6783,0.6875,2026-04-06 20:04:51.784412,2026-04-06 20:04:58.373163,0 days 00:00:06.588751,353.0,1.0,114.5,153.2,0.55,COMPLETE
6784,0.6875,2026-04-06 20:04:58.389333,2026-04-06 20:05:05.822490,0 days 00:00:07.433157,293.0,2.0,121.5,156.0,0.37,COMPLETE
6785,0.6875,2026-04-06 20:05:05.836781,2026-04-06 20:05:12.934040,0 days 00:00:07.097259,446.0,1.0,117.2,152.0,0.27,COMPLETE
6786,0.6875,2026-04-06 20:05:12.950558,2026-04-06 20:05:19.643594,0 days 00:00:06.693036,410.0,1.0,117.3,154.1,0.27,COMPLETE
6787,0.825,2026-04-06 20:05:19.659873,2026-04-06 20:05:53.723256,0 days 00:00:34.063383,389.0,2.0,121.5,156.2,0.02,COMPLETE
6788,0.6875,2026-04-06 20:05:53.736934,2026-04-06 20:06:00.638227,0 days 00:00:06.901293,224.0,2.0,121.8,154.2,0.34,COMPLETE
6789,0.825,2026-04-06 20:06:00.654824,2026-04-06 20:06:34.705619,0 days 00:00:34.050795,308.0,2.0,121.3,155.2,0.01,COMPLETE
6790,0.6875,2026-04-06 20:06:34.721532,2026-04-06 20:06:41.466420,0 days 00:00:06.744888,289.0,2.0,122.7,154.1,0.05,COMPLETE
6791,0.6875,2026-04-06 20:06:41.482514,2026-04-06 20:06:48.581950,0 days 00:00:07.099436,461.0,1.0,115.8,152.3,0.29,COMPLETE
6792,0.6875,2026-04-06 20:06:48.598756,2026-04-06 20:06:55.710929,0 days 00:00:07.112173,333.0,1.0,119.6,153.8,0.22,COMPLETE
6793,0.6875,2026-04-06 20:06:55.726122,2026-04-06 20:07:02.645064,0 days 00:00:06.918942,406.0,1.0,114.0,153.6,0.66,COMPLETE
6794,0.6875,2026-04-06 20:07:02.661828,2026-04-06 20:07:09.988836,0 days 00:00:07.327008,386.0,1.0,123.1,153.1,0.36,COMPLETE
6795,0.6875,2026-04-06 20:07:10.002152,2026-04-06 20:07:17.172216,0 days 00:00:07.170064,367.0,1.0,116.6,156.6,0.22,COMPLETE
6796,0.825,2026-04-06 20:07:17.188368,2026-04-06 20:07:51.256675,0 days 00:00:34.068307,448.0,1.0,118.2,155.3,0.6,COMPLETE
6797,0.6875,2026-04-06 20:07:51.273392,2026-04-06 20:07:58.239477,0 days 00:00:06.966085,364.0,2.0,116.6,156.6,0.03,COMPLETE
6798,0.6875,2026-04-06 20:07:58.253982,2026-04-06 20:08:05.170267,0 days 00:00:06.916285,409.0,1.0,116.6,152.6,0.24,COMPLETE
6799,0.6875,2026-04-06 20:08:05.183834,2026-04-06 20:08:11.735793,0 days 00:00:06.551959,468.0,1.0,116.1,154.2,0.25,COMPLETE
6800,0.6875,2026-04-06 20:08:11.749519,2026-04-06 20:08:18.443645,0 days 00:00:06.694126,439.0,1.0,115.8,155.8,0.36,COMPLETE
6801,0.825,2026-04-06 20:08:18.460451,2026-04-06 20:08:53.180740,0 days 00:00:34.720289,459.0,2.0,124.4,154.7,0.14,COMPLETE
6802,0.6875,2026-04-06 20:08:53.198418,2026-04-06 20:09:00.366219,0 days 00:00:07.167801,240.0,2.0,122.1,157.1,0.37,COMPLETE
6803,0.6875,2026-04-06 20:09:00.382070,2026-04-06 20:09:07.184507,0 days 00:00:06.802437,447.0,2.0,124.1,153.9,0.63,COMPLETE
6804,0.6875,2026-04-06 20:09:07.201429,2026-04-06 20:09:14.686808,0 days 00:00:07.485379,402.0,1.0,113.9,152.3,0.29,COMPLETE
6805,0.6875,2026-04-06 20:09:14.702418,2026-04-06 20:09:21.331971,0 days 00:00:06.629553,418.0,1.0,115.5,154.4,0.55,COMPLETE
6806,0.6875,2026-04-06 20:09:21.348320,2026-04-06 20:09:28.097542,0 days 00:00:06.749222,408.0,1.0,118.2,157.7,0.61,COMPLETE
6807,0.6875,2026-04-06 20:09:28.110819,2026-04-06 20:09:34.749687,0 days 00:00:06.638868,439.0,1.0,116.9,156.7,0.29,COMPLETE
6808,0.825,2026-04-06 20:09:34.766216,2026-04-06 20:10:08.964962,0 days 00:00:34.198746,399.0,1.0,119.8,156.2,0.25,COMPLETE
6809,0.0,2026-04-06 20:10:08.981269,2026-04-06 20:10:15.622702,0 days 00:00:06.641433,492.0,2.0,116.5,155.9,0.0,COMPLETE
6810,0.825,2026-04-06 20:10:15.638663,2026-04-06 20:10:49.903000,0 days 00:00:34.264337,355.0,2.0,117.9,154.9,0.27,COMPLETE
6811,0.825,2026-04-06 20:10:49.919743,2026-04-06 20:10:54.987433,0 days 00:00:05.067690,397.0,2.0,117.0,155.7,0.06,COMPLETE
6812,0.6875,2026-04-06 20:10:55.001250,2026-04-06 20:11:01.739393,0 days 00:00:06.738143,418.0,1.0,115.8,153.3,0.0,COMPLETE
6813,0.6875,2026-04-06 20:11:01.755777,2026-04-06 20:11:08.200303,0 days 00:00:06.444526,366.0,1.0,116.2,153.2,0.25,COMPLETE
6814,0.671875,2026-04-06 20:11:08.213237,2026-04-06 20:11:14.865264,0 days 00:00:06.652027,363.0,1.0,116.9,156.3,0.23,COMPLETE
6815,0.825,2026-04-06 20:11:14.881318,2026-04-06 20:11:49.329850,0 days 00:00:34.448532,297.0,2.0,122.5,156.6,0.03,COMPLETE
6816,0.825,2026-04-06 20:11:49.346817,2026-04-06 20:12:23.611968,0 days 00:00:34.265151,348.0,2.0,118.0,154.0,0.0,COMPLETE
6817,0.6875,2026-04-06 20:12:23.628743,2026-04-06 20:12:30.463843,0 days 00:00:06.835100,481.0,1.0,116.6,154.2,0.71,COMPLETE
6818,0.6875,2026-04-06 20:12:30.477635,2026-04-06 20:12:37.170834,0 days 00:00:06.693199,494.0,3.0,115.4,155.6,0.06,COMPLETE
6819,0.825,2026-04-06 20:12:37.184465,2026-04-06 20:13:11.771504,0 days 00:00:34.587039,447.0,1.0,123.0,154.9,0.33,COMPLETE
6820,0.6875,2026-04-06 20:13:11.785127,2026-04-06 20:13:18.695036,0 days 00:00:06.909909,430.0,1.0,120.0,154.4,0.27,COMPLETE
6821,0.6875,2026-04-06 20:13:18.710784,2026-04-06 20:13:25.683217,0 days 00:00:06.972433,426.0,1.0,115.6,150.8,0.25,COMPLETE
6822,0.6875,2026-04-06 20:13:25.697480,2026-04-06 20:13:32.553468,0 days 00:00:06.855988,487.0,1.0,115.5,155.7,0.47000000000000003,COMPLETE
6823,0.6875,2026-04-06 20:13:32.569904,2026-04-06 20:13:39.315172,0 days 00:00:06.745268,439.0,1.0,113.9,153.0,0.3,COMPLETE
6824,0.671875,2026-04-06 20:13:39.329323,2026-04-06 20:13:46.726761,0 days 00:00:07.397438,368.0,1.0,117.9,157.6,0.12,COMPLETE
6825,0.825,2026-04-06 20:13:46.743186,2026-04-06 20:14:21.119186,0 days 00:00:34.376000,496.0,2.0,122.9,155.6,0.51,COMPLETE
6826,0.6875,2026-04-06 20:14:21.135893,2026-04-06 20:14:28.040866,0 days 00:00:06.904973,396.0,2.0,120.4,155.4,0.46,COMPLETE
6827,0.825,2026-04-06 20:14:28.054794,2026-04-06 20:14:48.859043,0 days 00:00:20.804249,392.0,2.0,116.1,155.4,0.0,COMPLETE
6828,0.6875,2026-04-06 20:14:48.875859,2026-04-06 20:14:55.614787,0 days 00:00:06.738928,455.0,2.0,116.4,152.0,0.27,COMPLETE
6829,0.015625,2026-04-06 20:14:55.628088,2026-04-06 20:15:02.155423,0 days 00:00:06.527335,452.0,1.0,117.8,153.5,0.24,COMPLETE
6830,0.015625,2026-04-06 20:15:02.172739,2026-04-06 20:15:09.421836,0 days 00:00:07.249097,349.0,2.0,124.2,154.2,0.41000000000000003,COMPLETE
6831,0.825,2026-04-06 20:15:09.438390,2026-04-06 20:15:43.807114,0 days 00:00:34.368724,441.0,1.0,118.9,157.4,0.18,COMPLETE
6832,0.825,2026-04-06 20:15:43.820716,2026-04-06 20:16:18.100186,0 days 00:00:34.279470,324.0,1.0,118.0,155.5,0.0,COMPLETE
6833,0.825,2026-04-06 20:16:18.116903,2026-04-06 20:16:52.154239,0 days 00:00:34.037336,454.0,1.0,116.7,154.5,0.28,COMPLETE
6834,0.825,2026-04-06 20:16:52.170777,2026-04-06 20:17:26.988368,0 days 00:00:34.817591,304.0,2.0,123.6,154.5,0.03,COMPLETE
6835,0.6875,2026-04-06 20:17:27.004634,2026-04-06 20:17:34.230366,0 days 00:00:07.225732,382.0,1.0,117.1,152.8,0.26,COMPLETE
6836,0.6875,2026-04-06 20:17:34.244241,2026-04-06 20:17:40.983313,0 days 00:00:06.739072,409.0,2.0,114.5,154.8,0.44,COMPLETE
6837,0.6875,2026-04-06 20:17:41.000195,2026-04-06 20:17:47.708786,0 days 00:00:06.708591,377.0,1.0,118.6,153.9,0.31,COMPLETE
6838,0.825,2026-04-06 20:17:47.722546,2026-04-06 20:18:21.765684,0 days 00:00:34.043138,368.0,1.0,119.6,155.9,0.0,COMPLETE
6839,0.825,2026-04-06 20:18:21.781487,2026-04-06 20:18:56.073861,0 days 00:00:34.292374,500.0,2.0,122.8,152.4,0.55,COMPLETE
6840,0.825,2026-04-06 20:18:56.089867,2026-04-06 20:19:31.098859,0 days 00:00:35.008992,461.0,2.0,116.9,154.8,0.0,COMPLETE
6841,0.6875,2026-04-06 20:19:31.115078,2026-04-06 20:19:38.211678,0 days 00:00:07.096600,355.0,1.0,118.9,153.8,0.51,COMPLETE
6842,0.6875,2026-04-06 20:19:38.227402,2026-04-06 20:19:45.222358,0 days 00:00:06.994956,340.0,1.0,116.3,158.4,0.27,COMPLETE
6843,0.6875,2026-04-06 20:19:45.239460,2026-04-06 20:19:51.992445,0 days 00:00:06.752985,403.0,1.0,116.9,155.8,0.42,COMPLETE
6844,0.825,2026-04-06 20:19:52.007564,2026-04-06 20:20:26.181125,0 days 00:00:34.173561,436.0,2.0,122.6,156.9,0.36,COMPLETE
6845,0.825,2026-04-06 20:20:26.197487,2026-04-06 20:21:00.949291,0 days 00:00:34.751804,497.0,2.0,122.6,153.7,0.05,COMPLETE
6846,0.6875,2026-04-06 20:21:00.965660,2026-04-06 20:21:08.156919,0 days 00:00:07.191259,258.0,2.0,124.3,157.0,0.07,COMPLETE
6847,0.6875,2026-04-06 20:21:08.170260,2026-04-06 20:21:15.399076,0 days 00:00:07.228816,450.0,1.0,117.0,153.0,0.3,COMPLETE
6848,0.6875,2026-04-06 20:21:15.415850,2026-04-06 20:21:22.153338,0 days 00:00:06.737488,379.0,2.0,115.7,154.0,0.27,COMPLETE
6849,0.6875,2026-04-06 20:21:22.166084,2026-04-06 20:21:29.778394,0 days 00:00:07.612310,251.0,3.0,123.7,156.6,0.18,COMPLETE
6850,0.6875,2026-04-06 20:21:29.794651,2026-04-06 20:21:37.187909,0 days 00:00:07.393258,436.0,1.0,115.8,158.3,0.34,COMPLETE
6851,0.6875,2026-04-06 20:21:37.204468,2026-04-06 20:21:43.906336,0 days 00:00:06.701868,434.0,1.0,113.7,157.1,0.36,COMPLETE
6852,0.6875,2026-04-06 20:21:43.920603,2026-04-06 20:21:51.192361,0 days 00:00:07.271758,475.0,2.0,120.4,152.2,0.36,COMPLETE
6853,0.825,2026-04-06 20:21:51.208208,2026-04-06 20:22:25.216337,0 days 00:00:34.008129,363.0,1.0,119.0,152.1,0.0,COMPLETE
6854,0.6875,2026-04-06 20:22:25.233585,2026-04-06 20:22:32.323656,0 days 00:00:07.090071,486.0,2.0,116.6,157.2,0.61,COMPLETE
6855,0.6875,2026-04-06 20:22:32.339629,2026-04-06 20:22:39.124524,0 days 00:00:06.784895,491.0,1.0,115.9,153.3,0.28,COMPLETE
6856,0.6875,2026-04-06 20:22:39.141709,2026-04-06 20:22:46.794814,0 days 00:00:07.653105,496.0,2.0,126.9,155.5,0.44,COMPLETE
6857,0.6875,2026-04-06 20:22:46.808890,2026-04-06 20:22:54.609418,0 days 00:00:07.800528,422.0,1.0,115.9,153.9,0.26,COMPLETE
6858,0.6875,2026-04-06 20:22:54.626188,2026-04-06 20:23:01.195279,0 days 00:00:06.569091,404.0,1.0,118.4,153.6,0.73,COMPLETE
6859,0.825,2026-04-06 20:23:01.210276,2026-04-06 20:23:35.091989,0 days 00:00:33.881713,457.0,1.0,119.0,156.7,0.23,COMPLETE
6860,0.6875,2026-04-06 20:23:35.107819,2026-04-06 20:23:41.950359,0 days 00:00:06.842540,446.0,1.0,115.5,154.0,0.37,COMPLETE
6861,0.03125,2026-04-06 20:23:41.965127,2026-04-06 20:23:48.620873,0 days 00:00:06.655746,364.0,1.0,116.0,155.1,0.24,COMPLETE
6862,0.825,2026-04-06 20:23:48.638174,2026-04-06 20:24:22.703413,0 days 00:00:34.065239,354.0,2.0,119.6,152.9,0.01,COMPLETE
6863,0.6875,2026-04-06 20:24:22.719283,2026-04-06 20:24:29.608446,0 days 00:00:06.889163,223.0,3.0,119.9,154.0,0.02,COMPLETE
6864,0.6875,2026-04-06 20:24:29.625051,2026-04-06 20:24:36.353392,0 days 00:00:06.728341,236.0,2.0,121.6,152.2,0.0,COMPLETE
6865,0.6875,2026-04-06 20:24:36.370307,2026-04-06 20:24:43.652341,0 days 00:00:07.282034,405.0,1.0,119.0,158.8,0.06,COMPLETE
6866,0.6875,2026-04-06 20:24:43.668233,2026-04-06 20:24:50.647795,0 days 00:00:06.979562,480.0,1.0,114.8,155.3,0.29,COMPLETE
6867,0.6875,2026-04-06 20:24:50.663682,2026-04-06 20:24:57.750880,0 days 00:00:07.087198,261.0,1.0,115.2,152.4,0.03,COMPLETE
6868,0.825,2026-04-06 20:24:57.764192,2026-04-06 20:25:32.352180,0 days 00:00:34.587988,395.0,1.0,123.5,153.3,0.08,COMPLETE
6869,0.6875,2026-04-06 20:25:32.368640,2026-04-06 20:25:39.757576,0 days 00:00:07.388936,445.0,1.0,114.8,152.5,0.15,COMPLETE
6870,0.825,2026-04-06 20:25:39.771752,2026-04-06 20:26:14.083487,0 days 00:00:34.311735,436.0,1.0,118.3,154.7,0.31,COMPLETE
6871,0.825,2026-04-06 20:26:14.096480,2026-04-06 20:26:47.914151,0 days 00:00:33.817671,414.0,2.0,119.4,154.3,0.32,COMPLETE
6872,0.6875,2026-04-06 20:26:47.931037,2026-04-06 20:26:54.971356,0 days 00:00:07.040319,301.0,2.0,121.7,157.7,0.58,COMPLETE
6873,0.6875,2026-04-06 20:26:54.984755,2026-04-06 20:27:02.202456,0 days 00:00:07.217701,445.0,1.0,113.9,156.1,0.29,COMPLETE
6874,0.6875,2026-04-06 20:27:02.218710,2026-04-06 20:27:08.924007,0 days 00:00:06.705297,448.0,1.0,115.4,152.3,0.02,COMPLETE
6875,0.825,2026-04-06 20:27:08.938405,2026-04-06 20:27:43.437287,0 days 00:00:34.498882,478.0,2.0,118.5,157.0,0.0,COMPLETE
6876,0.6875,2026-04-06 20:27:43.451329,2026-04-06 20:27:50.395866,0 days 00:00:06.944537,496.0,1.0,117.2,152.2,0.0,COMPLETE
6877,0.6875,2026-04-06 20:27:50.412221,2026-04-06 20:27:57.046428,0 days 00:00:06.634207,427.0,2.0,115.3,154.6,0.29,COMPLETE
6878,0.6875,2026-04-06 20:27:57.059917,2026-04-06 20:28:03.743213,0 days 00:00:06.683296,394.0,1.0,115.3,155.6,0.28,COMPLETE
6879,0.6875,2026-04-06 20:28:03.759892,2026-04-06 20:28:10.499782,0 days 00:00:06.739890,390.0,1.0,117.8,157.6,0.02,COMPLETE
6880,0.825,2026-04-06 20:28:10.513637,2026-04-06 20:28:44.332616,0 days 00:00:33.818979,435.0,1.0,117.8,156.5,0.24,COMPLETE
6881,0.825,2026-04-06 20:28:44.345603,2026-04-06 20:29:18.408065,0 days 00:00:34.062462,381.0,1.0,118.8,154.2,0.17,COMPLETE
6882,0.6875,2026-04-06 20:29:18.424652,2026-04-06 20:29:25.195302,0 days 00:00:06.770650,404.0,2.0,116.6,155.1,0.27,COMPLETE
6883,0.6875,2026-04-06 20:29:25.209045,2026-04-06 20:29:32.630861,0 days 00:00:07.421816,205.0,2.0,122.4,153.1,0.05,COMPLETE
6884,0.6875,2026-04-06 20:29:32.647188,2026-04-06 20:29:39.745290,0 days 00:00:07.098102,349.0,1.0,115.0,153.8,0.34,COMPLETE
6885,0.6875,2026-04-06 20:29:39.761341,2026-04-06 20:29:46.392914,0 days 00:00:06.631573,452.0,2.0,114.1,151.4,0.07,COMPLETE
6886,0.6875,2026-04-06 20:29:46.409767,2026-04-06 20:29:53.941096,0 days 00:00:07.531329,183.0,2.0,120.0,148.5,0.39,COMPLETE
6887,0.825,2026-04-06 20:29:53.957708,2026-04-06 20:30:28.540553,0 days 00:00:34.582845,430.0,1.0,117.4,156.1,0.29,COMPLETE
6888,0.6875,2026-04-06 20:30:28.553292,2026-04-06 20:30:35.688227,0 days 00:00:07.134935,373.0,1.0,117.1,150.0,0.03,COMPLETE
6889,0.6875,2026-04-06 20:30:35.704125,2026-04-06 20:30:42.449919,0 days 00:00:06.745794,399.0,2.0,118.7,151.9,0.0,COMPLETE
6890,0.6875,2026-04-06 20:30:42.466528,2026-04-06 20:30:49.180741,0 days 00:00:06.714213,448.0,1.0,122.2,153.8,0.5700000000000001,COMPLETE
6891,0.6875,2026-04-06 20:30:49.195092,2026-04-06 20:30:56.090552,0 days 00:00:06.895460,265.0,2.0,122.9,154.8,0.43,COMPLETE
6892,0.6875,2026-04-06 20:30:56.107649,2026-04-06 20:31:02.697766,0 days 00:00:06.590117,395.0,1.0,124.0,154.0,0.29,COMPLETE
6893,0.825,2026-04-06 20:31:02.713234,2026-04-06 20:31:36.662052,0 days 00:00:33.948818,357.0,1.0,121.5,153.2,0.23,COMPLETE
6894,0.6875,2026-04-06 20:31:36.679260,2026-04-06 20:31:43.526334,0 days 00:00:06.847074,419.0,1.0,117.0,152.0,0.0,COMPLETE
6895,0.6875,2026-04-06 20:31:43.544846,2026-04-06 20:31:50.990197,0 days 00:00:07.445351,367.0,2.0,123.7,158.0,0.4,COMPLETE
6896,0.6875,2026-04-06 20:31:51.007252,2026-04-06 20:31:58.691723,0 days 00:00:07.684471,376.0,1.0,114.6,152.8,0.33,COMPLETE
6897,0.6875,2026-04-06 20:31:58.708693,2026-04-06 20:32:05.405043,0 days 00:00:06.696350,385.0,1.0,116.9,153.5,0.27,COMPLETE
6898,0.6875,2026-04-06 20:32:05.422462,2026-04-06 20:32:11.999810,0 days 00:00:06.577348,361.0,1.0,117.1,155.7,0.26,COMPLETE
6899,0.6875,2026-04-06 20:32:12.015886,2026-04-06 20:32:18.774017,0 days 00:00:06.758131,356.0,1.0,116.4,153.8,0.55,COMPLETE
6900,0.825,2026-04-06 20:32:18.790466,2026-04-06 20:32:38.800179,0 days 00:00:20.009713,425.0,1.0,116.5,154.6,0.35000000000000003,COMPLETE
6901,0.0,2026-04-06 20:32:38.817007,2026-04-06 20:32:45.259544,0 days 00:00:06.442537,380.0,1.0,116.7,154.6,0.28,COMPLETE
6902,0.6875,2026-04-06 20:32:45.272342,2026-04-06 20:32:51.750819,0 days 00:00:06.478477,454.0,2.0,116.1,155.9,0.28,COMPLETE
6903,0.6875,2026-04-06 20:32:51.767699,2026-04-06 20:32:58.536225,0 days 00:00:06.768526,446.0,2.0,113.8,154.8,0.62,COMPLETE
6904,0.825,2026-04-06 20:32:58.550069,2026-04-06 20:33:03.722445,0 days 00:00:05.172376,442.0,1.0,116.2,153.8,0.2,COMPLETE
6905,0.825,2026-04-06 20:33:03.739478,2026-04-06 20:33:38.237905,0 days 00:00:34.498427,438.0,2.0,122.5,152.8,0.37,COMPLETE
6906,0.6875,2026-04-06 20:33:38.253256,2026-04-06 20:33:45.338431,0 days 00:00:07.085175,292.0,2.0,119.2,154.7,0.59,COMPLETE
6907,0.825,2026-04-06 20:33:45.354762,2026-04-06 20:34:19.198072,0 days 00:00:33.843310,253.0,1.0,118.2,155.2,0.22,COMPLETE
6908,0.6875,2026-04-06 20:34:19.214968,2026-04-06 20:34:25.871626,0 days 00:00:06.656658,308.0,3.0,120.7,155.7,0.34,COMPLETE
6909,0.6875,2026-04-06 20:34:25.885535,2026-04-06 20:34:32.690925,0 days 00:00:06.805390,443.0,1.0,115.8,156.0,0.4,COMPLETE
6910,0.6875,2026-04-06 20:34:32.707353,2026-04-06 20:34:40.130683,0 days 00:00:07.423330,257.0,2.0,123.7,155.3,0.01,COMPLETE
6911,0.6875,2026-04-06 20:34:40.143758,2026-04-06 20:34:47.365317,0 days 00:00:07.221559,498.0,2.0,115.8,154.7,0.28,COMPLETE
6912,0.825,2026-04-06 20:34:47.381802,2026-04-06 20:35:21.702910,0 days 00:00:34.321108,367.0,1.0,118.2,155.2,0.01,COMPLETE
6913,0.6875,2026-04-06 20:35:21.720302,2026-04-06 20:35:28.653256,0 days 00:00:06.932954,239.0,2.0,120.7,154.9,0.47000000000000003,COMPLETE
6914,0.825,2026-04-06 20:35:28.669342,2026-04-06 20:36:02.623210,0 days 00:00:33.953868,438.0,2.0,119.7,154.6,0.3,COMPLETE
6915,0.825,2026-04-06 20:36:02.639862,2026-04-06 20:36:16.104675,0 days 00:00:13.464813,427.0,1.0,117.1,154.1,0.03,COMPLETE
6916,0.6875,2026-04-06 20:36:16.121224,2026-04-06 20:36:23.488687,0 days 00:00:07.367463,357.0,1.0,122.7,155.0,0.4,COMPLETE
6917,0.6875,2026-04-06 20:36:23.502300,2026-04-06 20:36:30.351255,0 days 00:00:06.848955,248.0,3.0,124.3,153.9,0.16,COMPLETE
6918,0.6875,2026-04-06 20:36:30.367934,2026-04-06 20:36:38.162296,0 days 00:00:07.794362,460.0,1.0,114.1,152.0,0.01,COMPLETE
6919,0.825,2026-04-06 20:36:38.178158,2026-04-06 20:37:12.777578,0 days 00:00:34.599420,372.0,1.0,119.3,155.5,0.33,COMPLETE
6920,0.6875,2026-04-06 20:37:12.792335,2026-04-06 20:37:19.656841,0 days 00:00:06.864506,481.0,1.0,114.7,155.0,0.29,COMPLETE
6921,0.6875,2026-04-06 20:37:19.673499,2026-04-06 20:37:26.113371,0 days 00:00:06.439872,429.0,1.0,115.8,154.7,0.3,COMPLETE
6922,0.6875,2026-04-06 20:37:26.129082,2026-04-06 20:37:33.545899,0 days 00:00:07.416817,235.0,2.0,122.0,155.8,0.33,COMPLETE
6923,0.825,2026-04-06 20:37:33.562152,2026-04-06 20:38:07.561559,0 days 00:00:33.999407,439.0,1.0,119.1,154.8,0.23,COMPLETE
6924,0.6875,2026-04-06 20:38:07.575680,2026-04-06 20:38:14.536972,0 days 00:00:06.961292,324.0,1.0,116.5,152.6,0.31,COMPLETE
6925,0.6875,2026-04-06 20:38:14.553010,2026-04-06 20:38:21.369363,0 days 00:00:06.816353,416.0,1.0,120.8,154.7,0.77,COMPLETE
6926,0.6875,2026-04-06 20:38:21.386651,2026-04-06 20:38:28.704976,0 days 00:00:07.318325,357.0,1.0,115.7,158.2,0.02,COMPLETE
6927,0.6875,2026-04-06 20:38:28.719652,2026-04-06 20:38:35.460336,0 days 00:00:06.740684,404.0,1.0,115.4,155.0,0.5700000000000001,COMPLETE
6928,0.6875,2026-04-06 20:38:35.477573,2026-04-06 20:38:42.285628,0 days 00:00:06.808055,327.0,1.0,115.3,156.0,0.38,COMPLETE
6929,0.6875,2026-04-06 20:38:42.298674,2026-04-06 20:38:48.893449,0 days 00:00:06.594775,392.0,1.0,116.6,155.9,0.18,COMPLETE
6930,0.6875,2026-04-06 20:38:48.909772,2026-04-06 20:38:55.703616,0 days 00:00:06.793844,399.0,1.0,117.7,152.2,0.0,COMPLETE
6931,0.825,2026-04-06 20:38:55.718068,2026-04-06 20:39:30.472662,0 days 00:00:34.754594,269.0,2.0,122.5,157.2,0.1,COMPLETE
6932,0.6875,2026-04-06 20:39:30.488467,2026-04-06 20:39:38.865506,0 days 00:00:08.377039,162.0,3.0,113.4,148.2,0.13,COMPLETE
6933,0.825,2026-04-06 20:39:38.881358,2026-04-06 20:39:46.614924,0 days 00:00:07.733566,351.0,1.0,118.0,154.3,0.04,COMPLETE
6934,0.6875,2026-04-06 20:39:46.628794,2026-04-06 20:39:53.246974,0 days 00:00:06.618180,392.0,1.0,118.7,153.8,0.53,COMPLETE
6935,0.6875,2026-04-06 20:39:53.263544,2026-04-06 20:40:00.607672,0 days 00:00:07.344128,440.0,2.0,126.3,154.0,0.51,COMPLETE
6936,0.825,2026-04-06 20:40:00.621522,2026-04-06 20:40:35.523800,0 days 00:00:34.902278,287.0,1.0,118.2,156.8,0.31,COMPLETE
6937,0.825,2026-04-06 20:40:35.536230,2026-04-06 20:41:10.083301,0 days 00:00:34.547071,482.0,1.0,124.6,155.5,0.38,COMPLETE
6938,0.825,2026-04-06 20:41:10.099828,2026-04-06 20:41:44.388058,0 days 00:00:34.288230,409.0,1.0,122.8,157.5,0.37,COMPLETE
6939,0.6875,2026-04-06 20:41:44.405225,2026-04-06 20:41:51.214369,0 days 00:00:06.809144,272.0,2.0,121.4,157.0,0.47000000000000003,COMPLETE
6940,0.6875,2026-04-06 20:41:51.228852,2026-04-06 20:41:58.402966,0 days 00:00:07.174114,379.0,1.0,115.0,153.5,0.36,COMPLETE
6941,0.6875,2026-04-06 20:41:58.420185,2026-04-06 20:42:05.935249,0 days 00:00:07.515064,330.0,2.0,125.0,155.9,0.62,COMPLETE
6942,0.6875,2026-04-06 20:42:05.949066,2026-04-06 20:42:13.461665,0 days 00:00:07.512599,391.0,2.0,116.9,153.3,0.0,COMPLETE
6943,0.825,2026-04-06 20:42:13.478108,2026-04-06 20:42:47.880438,0 days 00:00:34.402330,308.0,2.0,118.8,156.8,0.01,COMPLETE
6944,0.6875,2026-04-06 20:42:47.896918,2026-04-06 20:42:54.601425,0 days 00:00:06.704507,419.0,1.0,117.2,155.2,0.25,COMPLETE
6945,0.6875,2026-04-06 20:42:54.615859,2026-04-06 20:43:01.258714,0 days 00:00:06.642855,388.0,1.0,119.8,152.8,0.47000000000000003,COMPLETE
6946,0.825,2026-04-06 20:43:01.275105,2026-04-06 20:43:35.494479,0 days 00:00:34.219374,383.0,2.0,122.2,155.6,0.35000000000000003,COMPLETE
6947,0.6875,2026-04-06 20:43:35.510847,2026-04-06 20:43:42.943047,0 days 00:00:07.432200,421.0,1.0,114.8,156.9,0.29,COMPLETE
6948,0.6875,2026-04-06 20:43:42.958858,2026-04-06 20:43:49.665100,0 days 00:00:06.706242,422.0,1.0,116.4,154.6,0.75,COMPLETE
6949,0.825,2026-04-06 20:43:49.681800,2026-04-06 20:44:23.639642,0 days 00:00:33.957842,500.0,3.0,118.8,155.0,0.27,COMPLETE
6950,0.6875,2026-04-06 20:44:23.653750,2026-04-06 20:44:30.834831,0 days 00:00:07.181081,223.0,1.0,121.1,155.7,0.37,COMPLETE
6951,0.6875,2026-04-06 20:44:30.850940,2026-04-06 20:44:37.475450,0 days 00:00:06.624510,499.0,1.0,118.5,153.1,0.36,COMPLETE
6952,0.6875,2026-04-06 20:44:37.488180,2026-04-06 20:44:44.284059,0 days 00:00:06.795879,418.0,1.0,115.6,152.4,0.02,COMPLETE
6953,0.6875,2026-04-06 20:44:44.296800,2026-04-06 20:44:51.205742,0 days 00:00:06.908942,393.0,1.0,121.1,152.4,0.16,COMPLETE
6954,0.6875,2026-04-06 20:44:51.222295,2026-04-06 20:44:58.147842,0 days 00:00:06.925547,435.0,2.0,115.4,153.2,0.23,COMPLETE
6955,0.6875,2026-04-06 20:44:58.164271,2026-04-06 20:45:05.646372,0 days 00:00:07.482101,206.0,3.0,121.4,156.2,0.3,COMPLETE
