number,value,datetime_start,datetime_complete,duration,params_voltage,params_width,params_x,params_y,params_z,state
348,0.6875,2026-04-04 19:28:54.911281,2026-04-04 19:29:01.997094,0 days 00:00:07.085813,429.0,2.0,122.3,151.7,0.5700000000000001,COMPLETE
349,0.6875,2026-04-04 19:29:02.008500,2026-04-04 19:29:08.783619,0 days 00:00:06.775119,479.0,2.0,126.5,151.6,1.28,COMPLETE
350,0.6875,2026-04-04 19:29:08.795335,2026-04-04 19:29:16.622653,0 days 00:00:07.827318,444.0,2.0,114.2,155.4,0.86,COMPLETE
351,0.6875,2026-04-04 19:29:16.634286,2026-04-04 19:29:23.655612,0 days 00:00:07.021326,248.0,1.0,115.9,150.9,0.55,COMPLETE
352,0.6875,2026-04-04 19:29:23.667623,2026-04-04 19:29:30.789727,0 days 00:00:07.122104,477.0,3.0,123.6,152.7,0.29,COMPLETE
353,0.6875,2026-04-04 19:29:30.801726,2026-04-04 19:29:37.384530,0 days 00:00:06.582804,463.0,1.0,125.6,153.4,0.93,COMPLETE
354,0.6875,2026-04-04 19:29:37.397180,2026-04-04 19:29:44.606173,0 days 00:00:07.208993,382.0,2.0,120.0,151.8,1.23,COMPLETE
355,0.6875,2026-04-04 19:29:44.618023,2026-04-04 19:29:51.685926,0 days 00:00:07.067903,464.0,1.0,115.1,155.0,0.92,COMPLETE
356,0.6875,2026-04-04 19:29:51.698488,2026-04-04 19:29:59.318222,0 days 00:00:07.619734,181.0,3.0,121.8,154.6,0.51,COMPLETE
357,0.6875,2026-04-04 19:29:59.329503,2026-04-04 19:30:06.351630,0 days 00:00:07.022127,206.0,2.0,117.1,159.4,1.21,COMPLETE
358,0.6875,2026-04-04 19:30:06.363782,2026-04-04 19:30:13.575440,0 days 00:00:07.211658,383.0,1.0,124.6,155.7,1.92,COMPLETE
359,0.6875,2026-04-04 19:30:13.587118,2026-04-04 19:30:21.187722,0 days 00:00:07.600604,314.0,1.0,115.9,157.9,0.99,COMPLETE
360,0.6875,2026-04-04 19:30:21.199318,2026-04-04 19:30:28.735321,0 days 00:00:07.536003,497.0,3.0,122.8,151.4,0.47000000000000003,COMPLETE
361,0.6875,2026-04-04 19:30:28.747431,2026-04-04 19:30:36.238598,0 days 00:00:07.491167,172.0,2.0,118.2,149.3,1.55,COMPLETE
362,0.6875,2026-04-04 19:30:36.250628,2026-04-04 19:30:43.385566,0 days 00:00:07.134938,150.0,3.0,121.5,154.1,1.96,COMPLETE
363,0.825,2026-04-04 19:30:43.397653,2026-04-04 19:31:17.508358,0 days 00:00:34.110705,369.0,1.0,119.2,156.0,0.75,COMPLETE
364,0.6875,2026-04-04 19:31:17.519772,2026-04-04 19:31:23.956423,0 days 00:00:06.436651,380.0,2.0,118.5,155.5,0.99,COMPLETE
365,0.6875,2026-04-04 19:31:23.968555,2026-04-04 19:31:30.892241,0 days 00:00:06.923686,369.0,1.0,123.4,152.4,1.45,COMPLETE
366,0.6875,2026-04-04 19:31:30.903900,2026-04-04 19:31:38.332667,0 days 00:00:07.428767,444.0,1.0,114.6,154.5,1.47,COMPLETE
367,0.6875,2026-04-04 19:31:38.344343,2026-04-04 19:31:46.651964,0 days 00:00:08.307621,229.0,3.0,126.1,149.6,0.52,COMPLETE
368,0.6875,2026-04-04 19:31:46.660488,2026-04-04 19:31:53.439192,0 days 00:00:06.778704,271.0,2.0,122.1,152.2,0.7000000000000001,COMPLETE
369,0.6875,2026-04-04 19:31:53.451553,2026-04-04 19:32:00.145681,0 days 00:00:06.694128,219.0,3.0,122.1,150.5,0.89,COMPLETE
370,0.6875,2026-04-04 19:32:00.157742,2026-04-04 19:32:06.996124,0 days 00:00:06.838382,429.0,3.0,125.6,155.0,1.95,COMPLETE
371,0.6875,2026-04-04 19:32:07.005478,2026-04-04 19:32:14.728975,0 days 00:00:07.723497,433.0,3.0,114.3,159.0,1.94,COMPLETE
372,0.6875,2026-04-04 19:32:14.741028,2026-04-04 19:32:21.707829,0 days 00:00:06.966801,290.0,2.0,117.3,157.7,1.74,COMPLETE
373,0.6875,2026-04-04 19:32:21.719621,2026-04-04 19:32:28.948591,0 days 00:00:07.228970,237.0,3.0,116.3,152.7,0.15,COMPLETE
374,0.6875,2026-04-04 19:32:28.960136,2026-04-04 19:32:36.120565,0 days 00:00:07.160429,152.0,3.0,120.0,150.1,0.27,COMPLETE
375,0.6875,2026-04-04 19:32:36.132943,2026-04-04 19:32:42.871566,0 days 00:00:06.738623,209.0,1.0,122.9,148.1,1.35,COMPLETE
376,0.6875,2026-04-04 19:32:42.882876,2026-04-04 19:32:50.163230,0 days 00:00:07.280354,330.0,1.0,117.8,153.1,1.34,COMPLETE
377,0.6875,2026-04-04 19:32:50.174688,2026-04-04 19:32:56.966351,0 days 00:00:06.791663,293.0,1.0,114.3,151.1,0.05,COMPLETE
378,0.6875,2026-04-04 19:32:56.978213,2026-04-04 19:33:04.763410,0 days 00:00:07.785197,404.0,2.0,126.8,153.7,1.5,COMPLETE
379,0.6875,2026-04-04 19:33:04.774895,2026-04-04 19:33:12.014517,0 days 00:00:07.239622,385.0,2.0,118.5,154.4,1.56,COMPLETE
380,0.6875,2026-04-04 19:33:12.026344,2026-04-04 19:33:19.910475,0 days 00:00:07.884131,166.0,3.0,126.7,150.9,0.56,COMPLETE
381,0.6875,2026-04-04 19:33:19.922671,2026-04-04 19:33:26.558004,0 days 00:00:06.635333,367.0,1.0,123.7,152.0,1.92,COMPLETE
382,0.825,2026-04-04 19:33:26.569511,2026-04-04 19:34:01.085798,0 days 00:00:34.516287,280.0,1.0,118.6,156.5,0.25,COMPLETE
383,0.6875,2026-04-04 19:34:01.097254,2026-04-04 19:34:08.467302,0 days 00:00:07.370048,394.0,1.0,122.8,148.6,1.6400000000000001,COMPLETE
384,0.6875,2026-04-04 19:34:08.479139,2026-04-04 19:34:15.782684,0 days 00:00:07.303545,368.0,1.0,119.7,156.6,1.19,COMPLETE
385,0.6875,2026-04-04 19:34:15.791861,2026-04-04 19:34:23.028079,0 days 00:00:07.236218,168.0,2.0,117.7,152.8,0.09,COMPLETE
386,0.6875,2026-04-04 19:34:23.039817,2026-04-04 19:34:30.210572,0 days 00:00:07.170755,256.0,3.0,123.9,155.1,0.18,COMPLETE
387,0.6875,2026-04-04 19:34:30.223581,2026-04-04 19:34:37.053068,0 days 00:00:06.829487,236.0,3.0,125.8,159.5,1.55,COMPLETE
388,0.6875,2026-04-04 19:34:37.064442,2026-04-04 19:34:44.678338,0 days 00:00:07.613896,158.0,3.0,123.6,150.3,1.19,COMPLETE
389,0.6875,2026-04-04 19:34:44.690265,2026-04-04 19:34:52.257185,0 days 00:00:07.566920,471.0,1.0,113.1,153.4,1.22,COMPLETE
390,0.6875,2026-04-04 19:34:52.267030,2026-04-04 19:35:00.372783,0 days 00:00:08.105753,237.0,2.0,124.8,151.7,0.98,COMPLETE
391,0.6875,2026-04-04 19:35:00.384245,2026-04-04 19:35:07.368182,0 days 00:00:06.983937,256.0,3.0,118.7,152.5,1.37,COMPLETE
392,0.6875,2026-04-04 19:35:07.379068,2026-04-04 19:35:14.536109,0 days 00:00:07.157041,366.0,1.0,117.7,159.7,1.2,COMPLETE
393,0.6875,2026-04-04 19:35:14.547903,2026-04-04 19:35:22.287915,0 days 00:00:07.740012,261.0,1.0,113.2,151.1,0.76,COMPLETE
394,0.6875,2026-04-04 19:35:22.299376,2026-04-04 19:35:29.955200,0 days 00:00:07.655824,227.0,2.0,120.2,158.3,1.82,COMPLETE
395,0.6875,2026-04-04 19:35:29.966661,2026-04-04 19:35:37.181104,0 days 00:00:07.214443,500.0,3.0,122.5,150.1,0.16,COMPLETE
396,0.6875,2026-04-04 19:35:37.192725,2026-04-04 19:35:44.832482,0 days 00:00:07.639757,347.0,2.0,115.3,155.9,0.21,COMPLETE
397,0.6875,2026-04-04 19:35:44.842258,2026-04-04 19:35:52.523201,0 days 00:00:07.680943,223.0,2.0,123.8,155.9,0.92,COMPLETE
398,0.6875,2026-04-04 19:35:52.534524,2026-04-04 19:35:59.557027,0 days 00:00:07.022503,432.0,1.0,119.3,158.8,0.8200000000000001,COMPLETE
399,0.6875,2026-04-04 19:35:59.568752,2026-04-04 19:36:06.502673,0 days 00:00:06.933921,286.0,2.0,117.8,159.7,1.9000000000000001,COMPLETE
400,0.6875,2026-04-04 19:36:06.514499,2026-04-04 19:36:13.105089,0 days 00:00:06.590590,348.0,1.0,117.1,159.8,0.8300000000000001,COMPLETE
401,0.6875,2026-04-04 19:36:13.116562,2026-04-04 19:36:20.757425,0 days 00:00:07.640863,320.0,1.0,126.8,155.6,1.83,COMPLETE
402,0.6875,2026-04-04 19:36:20.769587,2026-04-04 19:36:28.752897,0 days 00:00:07.983310,154.0,3.0,115.9,154.9,0.64,COMPLETE
403,0.6875,2026-04-04 19:36:28.764931,2026-04-04 19:36:35.425661,0 days 00:00:06.660730,217.0,2.0,118.2,151.7,1.35,COMPLETE
404,0.6875,2026-04-04 19:36:35.437479,2026-04-04 19:36:42.948752,0 days 00:00:07.511273,190.0,3.0,124.2,157.4,0.13,COMPLETE
405,0.6875,2026-04-04 19:36:42.961366,2026-04-04 19:36:49.965079,0 days 00:00:07.003713,322.0,2.0,118.3,158.2,1.18,COMPLETE
406,0.6875,2026-04-04 19:36:49.977164,2026-04-04 19:36:57.521480,0 days 00:00:07.544316,249.0,3.0,126.8,155.2,1.07,COMPLETE
407,0.6875,2026-04-04 19:36:57.533767,2026-04-04 19:37:04.911936,0 days 00:00:07.378169,382.0,1.0,116.8,154.3,0.62,COMPLETE
408,0.6875,2026-04-04 19:37:04.923932,2026-04-04 19:37:11.318255,0 days 00:00:06.394323,335.0,1.0,116.0,154.5,0.96,COMPLETE
409,0.6875,2026-04-04 19:37:11.330452,2026-04-04 19:37:18.751273,0 days 00:00:07.420821,239.0,1.0,122.6,153.5,1.99,COMPLETE
410,0.6875,2026-04-04 19:37:18.763126,2026-04-04 19:37:25.460045,0 days 00:00:06.696919,447.0,3.0,124.4,151.8,0.67,COMPLETE
411,0.6875,2026-04-04 19:37:25.471654,2026-04-04 19:37:32.531627,0 days 00:00:07.059973,248.0,3.0,126.3,153.7,1.75,COMPLETE
412,0.6875,2026-04-04 19:37:32.543562,2026-04-04 19:37:39.591354,0 days 00:00:07.047792,427.0,3.0,120.0,153.3,0.55,COMPLETE
413,0.6875,2026-04-04 19:37:39.602966,2026-04-04 19:37:47.052675,0 days 00:00:07.449709,202.0,3.0,124.7,152.2,1.1500000000000001,COMPLETE
414,0.6875,2026-04-04 19:37:47.064648,2026-04-04 19:37:53.900335,0 days 00:00:06.835687,364.0,1.0,119.9,150.0,1.85,COMPLETE
415,0.6875,2026-04-04 19:37:53.912331,2026-04-04 19:38:01.084367,0 days 00:00:07.172036,161.0,3.0,120.2,152.0,0.74,COMPLETE
416,0.6875,2026-04-04 19:38:01.092519,2026-04-04 19:38:07.852721,0 days 00:00:06.760202,164.0,3.0,124.5,153.5,0.56,COMPLETE
417,0.6875,2026-04-04 19:38:07.864450,2026-04-04 19:38:14.722935,0 days 00:00:06.858485,154.0,3.0,126.6,157.3,0.37,COMPLETE
418,0.6875,2026-04-04 19:38:14.734640,2026-04-04 19:38:22.478693,0 days 00:00:07.744053,299.0,2.0,115.9,155.0,0.43,COMPLETE
419,0.6875,2026-04-04 19:38:22.490203,2026-04-04 19:38:30.053313,0 days 00:00:07.563110,151.0,2.0,123.1,153.4,0.85,COMPLETE
420,0.6875,2026-04-04 19:38:30.065333,2026-04-04 19:38:36.817428,0 days 00:00:06.752095,362.0,2.0,121.6,153.4,1.1500000000000001,COMPLETE
421,0.6875,2026-04-04 19:38:36.829078,2026-04-04 19:38:43.756412,0 days 00:00:06.927334,307.0,3.0,118.0,152.8,0.7000000000000001,COMPLETE
422,0.6875,2026-04-04 19:38:43.767910,2026-04-04 19:38:50.922011,0 days 00:00:07.154101,244.0,3.0,123.2,150.2,0.39,COMPLETE
423,0.6875,2026-04-04 19:38:50.933599,2026-04-04 19:38:57.788649,0 days 00:00:06.855050,215.0,2.0,119.8,151.2,0.03,COMPLETE
424,0.6875,2026-04-04 19:38:57.799963,2026-04-04 19:39:04.810671,0 days 00:00:07.010708,400.0,1.0,116.4,157.0,1.01,COMPLETE
425,0.6875,2026-04-04 19:39:04.822138,2026-04-04 19:39:11.508122,0 days 00:00:06.685984,483.0,1.0,115.7,155.8,1.21,COMPLETE
426,0.825,2026-04-04 19:39:11.519664,2026-04-04 19:39:46.183805,0 days 00:00:34.664141,431.0,3.0,124.5,154.0,0.06,COMPLETE
427,0.6875,2026-04-04 19:39:46.195587,2026-04-04 19:39:53.342676,0 days 00:00:07.147089,222.0,3.0,125.9,151.0,0.07,COMPLETE
428,0.6875,2026-04-04 19:39:53.354146,2026-04-04 19:40:00.111320,0 days 00:00:06.757174,197.0,3.0,126.6,148.2,1.1400000000000001,COMPLETE
429,0.6875,2026-04-04 19:40:00.123817,2026-04-04 19:40:06.914155,0 days 00:00:06.790338,172.0,3.0,125.0,150.9,1.6500000000000001,COMPLETE
430,0.6875,2026-04-04 19:40:06.926118,2026-04-04 19:40:13.979948,0 days 00:00:07.053830,178.0,3.0,118.6,153.0,0.1,COMPLETE
431,0.6875,2026-04-04 19:40:13.992276,2026-04-04 19:40:20.967040,0 days 00:00:06.974764,224.0,2.0,118.9,159.1,0.97,COMPLETE
432,0.6875,2026-04-04 19:40:20.978695,2026-04-04 19:40:27.747944,0 days 00:00:06.769249,458.0,2.0,117.1,155.2,1.17,COMPLETE
433,0.6875,2026-04-04 19:40:27.760000,2026-04-04 19:40:35.187588,0 days 00:00:07.427588,316.0,1.0,113.0,149.8,0.78,COMPLETE
434,0.6875,2026-04-04 19:40:35.199594,2026-04-04 19:40:43.565470,0 days 00:00:08.365876,183.0,1.0,122.5,159.3,1.97,COMPLETE
435,0.6875,2026-04-04 19:40:43.573948,2026-04-04 19:40:51.179748,0 days 00:00:07.605800,417.0,1.0,118.6,148.5,1.54,COMPLETE
436,0.6875,2026-04-04 19:40:51.188625,2026-04-04 19:40:58.301092,0 days 00:00:07.112467,450.0,1.0,121.1,155.6,0.89,COMPLETE
437,0.6875,2026-04-04 19:40:58.312764,2026-04-04 19:41:06.234838,0 days 00:00:07.922074,178.0,2.0,114.6,148.9,1.2,COMPLETE
438,0.6875,2026-04-04 19:41:06.246824,2026-04-04 19:41:13.686817,0 days 00:00:07.439993,490.0,3.0,124.4,148.9,0.8200000000000001,COMPLETE
439,0.6875,2026-04-04 19:41:13.698838,2026-04-04 19:41:21.290042,0 days 00:00:07.591204,312.0,1.0,119.8,157.6,1.3800000000000001,COMPLETE
440,0.6875,2026-04-04 19:41:21.301673,2026-04-04 19:41:28.797086,0 days 00:00:07.495413,261.0,2.0,115.1,150.9,1.04,COMPLETE
441,0.6875,2026-04-04 19:41:28.809056,2026-04-04 19:41:35.513544,0 days 00:00:06.704488,468.0,1.0,114.5,154.3,0.77,COMPLETE
442,0.6875,2026-04-04 19:41:35.525745,2026-04-04 19:41:43.313377,0 days 00:00:07.787632,452.0,3.0,126.3,152.2,1.56,COMPLETE
443,0.6875,2026-04-04 19:41:43.325117,2026-04-04 19:41:50.637958,0 days 00:00:07.312841,338.0,1.0,122.2,155.7,1.0,COMPLETE
444,0.6875,2026-04-04 19:41:50.649918,2026-04-04 19:41:57.561811,0 days 00:00:06.911893,247.0,3.0,119.0,153.8,0.78,COMPLETE
445,0.6875,2026-04-04 19:41:57.573635,2026-04-04 19:42:04.411567,0 days 00:00:06.837932,229.0,2.0,114.6,151.5,0.32,COMPLETE
446,0.6875,2026-04-04 19:42:04.423299,2026-04-04 19:42:11.653746,0 days 00:00:07.230447,311.0,2.0,115.9,159.9,0.99,COMPLETE
447,0.6875,2026-04-04 19:42:11.665191,2026-04-04 19:42:19.117144,0 days 00:00:07.451953,204.0,2.0,118.8,152.0,0.55,COMPLETE
448,0.6875,2026-04-04 19:42:19.128959,2026-04-04 19:42:26.078654,0 days 00:00:06.949695,166.0,3.0,123.1,152.4,0.99,COMPLETE
449,0.6875,2026-04-04 19:42:26.090909,2026-04-04 19:42:33.469216,0 days 00:00:07.378307,319.0,2.0,113.5,152.6,1.55,COMPLETE
450,0.6875,2026-04-04 19:42:33.481124,2026-04-04 19:42:40.310747,0 days 00:00:06.829623,274.0,3.0,113.5,155.4,0.12,COMPLETE
451,0.6875,2026-04-04 19:42:40.322959,2026-04-04 19:42:47.148522,0 days 00:00:06.825563,419.0,1.0,116.8,159.5,1.0,COMPLETE
452,0.6875,2026-04-04 19:42:47.160879,2026-04-04 19:42:54.610189,0 days 00:00:07.449310,465.0,2.0,125.4,153.7,1.24,COMPLETE
453,0.6875,2026-04-04 19:42:54.622391,2026-04-04 19:43:01.397707,0 days 00:00:06.775316,500.0,2.0,123.7,149.2,0.56,COMPLETE
454,0.6875,2026-04-04 19:43:01.409172,2026-04-04 19:43:07.975534,0 days 00:00:06.566362,452.0,3.0,123.7,150.8,0.33,COMPLETE
455,0.6875,2026-04-04 19:43:07.987354,2026-04-04 19:43:14.886077,0 days 00:00:06.898723,372.0,1.0,124.2,154.4,1.6300000000000001,COMPLETE
456,0.6875,2026-04-04 19:43:14.894422,2026-04-04 19:43:22.176461,0 days 00:00:07.282039,262.0,1.0,122.1,148.1,0.55,COMPLETE
457,0.6875,2026-04-04 19:43:22.188450,2026-04-04 19:43:28.951587,0 days 00:00:06.763137,458.0,2.0,126.8,149.5,0.96,COMPLETE
458,0.6875,2026-04-04 19:43:28.963221,2026-04-04 19:43:36.718621,0 days 00:00:07.755400,232.0,2.0,120.5,155.9,0.61,COMPLETE
459,0.6875,2026-04-04 19:43:36.730366,2026-04-04 19:43:43.448902,0 days 00:00:06.718536,213.0,2.0,121.9,154.1,0.22,COMPLETE
460,0.6875,2026-04-04 19:43:43.460840,2026-04-04 19:43:50.438867,0 days 00:00:06.978027,435.0,1.0,116.6,151.7,1.11,COMPLETE
461,0.825,2026-04-04 19:43:50.447258,2026-04-04 19:43:56.296068,0 days 00:00:05.848810,478.0,2.0,125.5,152.9,0.6,COMPLETE
462,0.6875,2026-04-04 19:43:56.307763,2026-04-04 19:44:04.153947,0 days 00:00:07.846184,392.0,1.0,116.0,155.4,1.25,COMPLETE
463,0.6875,2026-04-04 19:44:04.166284,2026-04-04 19:44:12.318844,0 days 00:00:08.152560,269.0,3.0,127.0,149.9,0.79,COMPLETE
464,0.6875,2026-04-04 19:44:12.330407,2026-04-04 19:44:19.369140,0 days 00:00:07.038733,190.0,2.0,123.0,151.1,0.53,COMPLETE
465,0.6875,2026-04-04 19:44:19.380967,2026-04-04 19:44:27.078669,0 days 00:00:07.697702,238.0,1.0,115.2,159.6,1.22,COMPLETE
466,0.6875,2026-04-04 19:44:27.090105,2026-04-04 19:44:33.849422,0 days 00:00:06.759317,252.0,2.0,117.9,159.2,1.42,COMPLETE
467,0.825,2026-04-04 19:44:33.861997,2026-04-04 19:45:08.484269,0 days 00:00:34.622272,473.0,2.0,122.5,152.3,0.15,COMPLETE
468,0.6875,2026-04-04 19:45:08.496458,2026-04-04 19:45:15.524917,0 days 00:00:07.028459,285.0,2.0,119.0,153.8,1.41,COMPLETE
469,0.6875,2026-04-04 19:45:15.537336,2026-04-04 19:45:22.230604,0 days 00:00:06.693268,359.0,1.0,117.6,156.3,1.04,COMPLETE
470,0.6875,2026-04-04 19:45:22.241813,2026-04-04 19:45:29.886892,0 days 00:00:07.645079,251.0,2.0,125.9,158.4,0.15,COMPLETE
471,0.6875,2026-04-04 19:45:29.898937,2026-04-04 19:45:38.064286,0 days 00:00:08.165349,202.0,3.0,119.1,148.1,1.19,COMPLETE
472,0.6875,2026-04-04 19:45:38.075963,2026-04-04 19:45:45.511355,0 days 00:00:07.435392,364.0,1.0,113.1,156.0,0.75,COMPLETE
473,0.6875,2026-04-04 19:45:45.523450,2026-04-04 19:45:52.928535,0 days 00:00:07.405085,270.0,1.0,116.3,148.4,0.58,COMPLETE
474,0.6875,2026-04-04 19:45:52.940102,2026-04-04 19:46:01.065248,0 days 00:00:08.125146,170.0,3.0,126.7,155.2,0.42,COMPLETE
475,0.6875,2026-04-04 19:46:01.076772,2026-04-04 19:46:08.015151,0 days 00:00:06.938379,282.0,1.0,125.2,159.9,1.11,COMPLETE
476,0.6875,2026-04-04 19:46:08.026616,2026-04-04 19:46:15.707259,0 days 00:00:07.680643,188.0,3.0,126.9,150.1,0.39,COMPLETE
477,0.6875,2026-04-04 19:46:15.718606,2026-04-04 19:46:23.111709,0 days 00:00:07.393103,241.0,3.0,117.4,151.3,0.8200000000000001,COMPLETE
478,0.6875,2026-04-04 19:46:23.122932,2026-04-04 19:46:29.665346,0 days 00:00:06.542414,268.0,2.0,117.6,149.2,1.54,COMPLETE
479,0.6875,2026-04-04 19:46:29.673902,2026-04-04 19:46:36.763027,0 days 00:00:07.089125,191.0,3.0,122.0,151.7,0.75,COMPLETE
480,0.6875,2026-04-04 19:46:36.776708,2026-04-04 19:46:43.646988,0 days 00:00:06.870280,214.0,3.0,126.0,153.3,1.59,COMPLETE
481,0.6875,2026-04-04 19:46:43.658522,2026-04-04 19:46:51.039079,0 days 00:00:07.380557,159.0,2.0,119.9,153.4,0.05,COMPLETE
482,0.6875,2026-04-04 19:46:51.050949,2026-04-04 19:46:58.095095,0 days 00:00:07.044146,236.0,2.0,126.1,155.7,0.61,COMPLETE
483,0.6875,2026-04-04 19:46:58.106891,2026-04-04 19:47:05.022449,0 days 00:00:06.915558,281.0,3.0,121.5,152.6,1.05,COMPLETE
484,0.6875,2026-04-04 19:47:05.033838,2026-04-04 19:47:12.046015,0 days 00:00:07.012177,447.0,2.0,127.0,152.5,1.79,COMPLETE
485,0.6875,2026-04-04 19:47:12.058101,2026-04-04 19:47:19.779153,0 days 00:00:07.721052,455.0,2.0,117.0,158.9,1.03,COMPLETE
486,0.6875,2026-04-04 19:47:19.791084,2026-04-04 19:47:26.710633,0 days 00:00:06.919549,416.0,2.0,122.2,156.1,1.46,COMPLETE
487,0.6875,2026-04-04 19:47:26.722696,2026-04-04 19:47:33.972122,0 days 00:00:07.249426,428.0,1.0,115.1,159.3,0.12,COMPLETE
488,0.6875,2026-04-04 19:47:33.984076,2026-04-04 19:47:40.878191,0 days 00:00:06.894115,245.0,1.0,117.9,158.0,1.86,COMPLETE
489,0.6875,2026-04-04 19:47:40.889946,2026-04-04 19:47:47.968479,0 days 00:00:07.078533,252.0,3.0,123.3,153.9,1.93,COMPLETE
490,0.6875,2026-04-04 19:47:47.980434,2026-04-04 19:47:54.694706,0 days 00:00:06.714272,363.0,2.0,120.4,154.1,0.71,COMPLETE
491,0.6875,2026-04-04 19:47:54.706467,2026-04-04 19:48:01.495581,0 days 00:00:06.789114,360.0,2.0,118.8,156.9,1.86,COMPLETE
492,0.6875,2026-04-04 19:48:01.507540,2026-04-04 19:48:09.268658,0 days 00:00:07.761118,185.0,3.0,125.4,152.0,0.88,COMPLETE
493,0.6875,2026-04-04 19:48:09.280803,2026-04-04 19:48:16.831655,0 days 00:00:07.550852,422.0,1.0,114.3,154.5,1.05,COMPLETE
494,0.6875,2026-04-04 19:48:16.843155,2026-04-04 19:48:23.297029,0 days 00:00:06.453874,387.0,1.0,113.4,153.3,1.6,COMPLETE
495,0.6875,2026-04-04 19:48:23.308644,2026-04-04 19:48:31.062924,0 days 00:00:07.754280,490.0,3.0,126.1,153.4,1.02,COMPLETE
496,0.6875,2026-04-04 19:48:31.078220,2026-04-04 19:48:39.244705,0 days 00:00:08.166485,290.0,1.0,113.2,151.4,0.58,COMPLETE
497,0.6875,2026-04-04 19:48:39.260251,2026-04-04 19:48:47.069254,0 days 00:00:07.809003,196.0,3.0,124.6,152.1,0.67,COMPLETE
498,0.6875,2026-04-04 19:48:47.081024,2026-04-04 19:48:53.899007,0 days 00:00:06.817983,443.0,3.0,126.6,151.5,0.18,COMPLETE
499,0.6875,2026-04-04 19:48:53.911021,2026-04-04 19:49:02.396191,0 days 00:00:08.485170,353.0,1.0,113.5,158.5,1.28,COMPLETE
500,0.6875,2026-04-04 19:49:02.409750,2026-04-04 19:49:09.204959,0 days 00:00:06.795209,350.0,2.0,113.5,156.5,0.28,COMPLETE
501,0.6875,2026-04-04 19:49:09.216912,2026-04-04 19:49:16.173681,0 days 00:00:06.956769,307.0,1.0,118.5,156.1,0.72,COMPLETE
502,0.6875,2026-04-04 19:49:16.185295,2026-04-04 19:49:23.514515,0 days 00:00:07.329220,454.0,1.0,118.3,148.1,1.6600000000000001,COMPLETE
503,0.6875,2026-04-04 19:49:23.526616,2026-04-04 19:49:31.758368,0 days 00:00:08.231752,234.0,2.0,116.8,159.8,0.91,COMPLETE
504,0.6875,2026-04-04 19:49:31.769803,2026-04-04 19:49:38.468109,0 days 00:00:06.698306,465.0,3.0,114.9,159.5,0.01,COMPLETE
505,0.6875,2026-04-04 19:49:38.479324,2026-04-04 19:49:45.992032,0 days 00:00:07.512708,319.0,1.0,120.6,153.7,1.02,COMPLETE
506,0.6875,2026-04-04 19:49:46.003682,2026-04-04 19:49:52.695947,0 days 00:00:06.692265,411.0,1.0,120.9,149.4,1.3900000000000001,COMPLETE
507,0.6875,2026-04-04 19:49:52.707503,2026-04-04 19:49:59.773547,0 days 00:00:07.066044,247.0,1.0,123.5,152.9,0.9400000000000001,COMPLETE
508,0.6875,2026-04-04 19:49:59.785894,2026-04-04 19:50:06.267149,0 days 00:00:06.481255,248.0,3.0,123.0,153.7,0.56,COMPLETE
509,0.6875,2026-04-04 19:50:06.279616,2026-04-04 19:50:13.100546,0 days 00:00:06.820930,236.0,1.0,119.1,155.0,1.18,COMPLETE
510,0.6875,2026-04-04 19:50:13.112581,2026-04-04 19:50:20.379900,0 days 00:00:07.267319,234.0,3.0,126.8,156.1,0.19,COMPLETE
511,0.6875,2026-04-04 19:50:20.391873,2026-04-04 19:50:28.114895,0 days 00:00:07.723022,249.0,2.0,118.0,149.2,0.17,COMPLETE
512,0.6875,2026-04-04 19:50:28.126805,2026-04-04 19:50:34.850689,0 days 00:00:06.723884,365.0,2.0,119.7,148.1,1.03,COMPLETE
513,0.6875,2026-04-04 19:50:34.862372,2026-04-04 19:50:42.231067,0 days 00:00:07.368695,488.0,2.0,126.9,153.1,1.34,COMPLETE
514,0.6875,2026-04-04 19:50:42.242836,2026-04-04 19:50:50.232878,0 days 00:00:07.990042,173.0,2.0,122.4,159.2,0.53,COMPLETE
515,0.6875,2026-04-04 19:50:50.244886,2026-04-04 19:50:57.227070,0 days 00:00:06.982184,362.0,1.0,123.2,154.4,2.0,COMPLETE
516,0.6875,2026-04-04 19:50:57.238669,2026-04-04 19:51:04.190918,0 days 00:00:06.952249,401.0,1.0,120.1,158.1,0.96,COMPLETE
517,0.6875,2026-04-04 19:51:04.202676,2026-04-04 19:51:11.049690,0 days 00:00:06.847014,315.0,2.0,119.4,160.0,1.58,COMPLETE
518,0.825,2026-04-04 19:51:11.061293,2026-04-04 19:51:45.528985,0 days 00:00:34.467692,457.0,3.0,122.9,154.9,0.34,COMPLETE
519,0.6875,2026-04-04 19:51:45.540359,2026-04-04 19:51:53.495518,0 days 00:00:07.955159,251.0,1.0,113.0,149.1,0.8300000000000001,COMPLETE
520,0.6875,2026-04-04 19:51:53.506992,2026-04-04 19:52:01.634431,0 days 00:00:08.127439,197.0,2.0,126.3,153.1,1.49,COMPLETE
521,0.6875,2026-04-04 19:52:01.646785,2026-04-04 19:52:09.309811,0 days 00:00:07.663026,387.0,1.0,116.3,159.2,0.56,COMPLETE
