number,value,datetime_start,datetime_complete,duration,params_voltage,params_width,params_x,params_y,params_z,state
12860,0.6875,2026-04-09 15:10:13.582552,2026-04-09 15:10:20.549143,0 days 00:00:06.966591,423.0,1.0,115.2,153.1,0.61,COMPLETE
12861,0.6875,2026-04-09 15:10:20.567140,2026-04-09 15:10:27.510564,0 days 00:00:06.943424,355.0,1.0,117.5,154.3,0.21,COMPLETE
12862,0.6875,2026-04-09 15:10:27.530791,2026-04-09 15:10:34.256198,0 days 00:00:06.725407,459.0,1.0,115.3,156.1,0.75,COMPLETE
12863,0.825,2026-04-09 15:10:34.274498,2026-04-09 15:11:08.566157,0 days 00:00:34.291659,397.0,1.0,120.2,157.1,0.38,COMPLETE
12864,0.6875,2026-04-09 15:11:08.586280,2026-04-09 15:11:15.938507,0 days 00:00:07.352227,402.0,2.0,114.8,154.2,0.51,COMPLETE
12865,0.6875,2026-04-09 15:11:15.956213,2026-04-09 15:11:23.485591,0 days 00:00:07.529378,283.0,2.0,120.4,150.4,0.0,COMPLETE
12866,0.6875,2026-04-09 15:11:23.505543,2026-04-09 15:11:30.703781,0 days 00:00:07.198238,234.0,3.0,118.9,149.6,2.0,COMPLETE
12867,0.825,2026-04-09 15:11:30.721513,2026-04-09 15:11:36.243408,0 days 00:00:05.521895,446.0,2.0,120.7,154.5,0.32,COMPLETE
12868,0.671875,2026-04-09 15:11:36.263478,2026-04-09 15:11:43.178939,0 days 00:00:06.915461,252.0,2.0,121.6,154.7,0.01,COMPLETE
12869,0.6875,2026-04-09 15:11:43.196725,2026-04-09 15:11:49.936648,0 days 00:00:06.739923,435.0,1.0,119.7,154.0,0.47000000000000003,COMPLETE
12870,0.6875,2026-04-09 15:11:49.953888,2026-04-09 15:11:56.817614,0 days 00:00:06.863726,452.0,1.0,116.2,152.3,0.23,COMPLETE
12871,0.6875,2026-04-09 15:11:56.837200,2026-04-09 15:12:03.776678,0 days 00:00:06.939478,343.0,1.0,117.2,153.6,0.02,COMPLETE
12872,0.825,2026-04-09 15:12:03.794265,2026-04-09 15:12:38.391072,0 days 00:00:34.596807,354.0,2.0,125.1,152.8,0.04,COMPLETE
12873,0.6875,2026-04-09 15:12:38.410104,2026-04-09 15:12:46.144954,0 days 00:00:07.734850,308.0,1.0,116.4,155.4,0.0,COMPLETE
12874,0.6875,2026-04-09 15:12:46.162586,2026-04-09 15:12:53.376013,0 days 00:00:07.213427,385.0,1.0,122.1,152.5,0.23,COMPLETE
12875,0.825,2026-04-09 15:12:53.396393,2026-04-09 15:13:27.816670,0 days 00:00:34.420277,334.0,1.0,120.8,157.1,0.05,COMPLETE
12876,0.6875,2026-04-09 15:13:27.834735,2026-04-09 15:13:35.301034,0 days 00:00:07.466299,442.0,1.0,114.5,153.9,0.01,COMPLETE
12877,0.825,2026-04-09 15:13:35.320525,2026-04-09 15:14:09.811612,0 days 00:00:34.491087,360.0,1.0,119.0,155.1,0.77,COMPLETE
12878,0.6875,2026-04-09 15:14:09.829717,2026-04-09 15:14:17.419679,0 days 00:00:07.589962,173.0,2.0,125.3,156.6,0.61,COMPLETE
12879,0.825,2026-04-09 15:14:17.439217,2026-04-09 15:14:52.030225,0 days 00:00:34.591008,323.0,1.0,118.8,154.6,0.27,COMPLETE
12880,0.6875,2026-04-09 15:14:52.048791,2026-04-09 15:14:59.263757,0 days 00:00:07.214966,354.0,2.0,113.9,154.4,0.29,COMPLETE
12881,0.6875,2026-04-09 15:14:59.283621,2026-04-09 15:15:06.200266,0 days 00:00:06.916645,385.0,1.0,116.7,157.4,0.21,COMPLETE
12882,0.825,2026-04-09 15:15:06.217910,2026-04-09 15:15:40.667811,0 days 00:00:34.449901,401.0,2.0,119.9,152.6,0.28,COMPLETE
12883,0.6875,2026-04-09 15:15:40.689290,2026-04-09 15:15:47.731523,0 days 00:00:07.042233,362.0,1.0,116.6,154.5,0.0,COMPLETE
12884,0.825,2026-04-09 15:15:47.751430,2026-04-09 15:16:22.147591,0 days 00:00:34.396161,456.0,2.0,122.2,153.3,0.43,COMPLETE
12885,0.825,2026-04-09 15:16:22.167845,2026-04-09 15:16:56.722707,0 days 00:00:34.554862,451.0,1.0,117.7,157.3,0.0,COMPLETE
12886,0.825,2026-04-09 15:16:56.743763,2026-04-09 15:17:30.763252,0 days 00:00:34.019489,401.0,1.0,118.1,156.2,0.71,COMPLETE
12887,0.825,2026-04-09 15:17:30.783065,2026-04-09 15:17:37.850158,0 days 00:00:07.067093,500.0,2.0,116.8,156.2,0.04,COMPLETE
12888,0.6875,2026-04-09 15:17:37.869813,2026-04-09 15:17:44.520030,0 days 00:00:06.650217,427.0,2.0,116.8,154.5,0.24,COMPLETE
12889,0.6875,2026-04-09 15:17:44.539855,2026-04-09 15:17:51.059897,0 days 00:00:06.520042,397.0,1.0,115.6,155.2,0.5,COMPLETE
12890,0.6875,2026-04-09 15:17:51.077602,2026-04-09 15:17:57.893781,0 days 00:00:06.816179,494.0,2.0,119.0,158.2,0.41000000000000003,COMPLETE
12891,0.6875,2026-04-09 15:17:57.913421,2026-04-09 15:18:04.908620,0 days 00:00:06.995199,454.0,1.0,115.8,153.4,0.47000000000000003,COMPLETE
12892,0.6875,2026-04-09 15:18:04.927092,2026-04-09 15:18:11.861553,0 days 00:00:06.934461,345.0,2.0,116.5,156.0,0.19,COMPLETE
12893,0.671875,2026-04-09 15:18:11.882122,2026-04-09 15:18:18.930963,0 days 00:00:07.048841,437.0,2.0,121.7,152.6,0.6900000000000001,COMPLETE
12894,0.6875,2026-04-09 15:18:18.949158,2026-04-09 15:18:25.967774,0 days 00:00:07.018616,499.0,1.0,115.8,153.9,0.23,COMPLETE
12895,0.6875,2026-04-09 15:18:25.987266,2026-04-09 15:18:32.752380,0 days 00:00:06.765114,496.0,2.0,116.6,157.4,1.96,COMPLETE
12896,0.6875,2026-04-09 15:18:32.770762,2026-04-09 15:18:39.846973,0 days 00:00:07.076211,405.0,2.0,114.4,153.8,0.26,COMPLETE
12897,0.6875,2026-04-09 15:18:39.866382,2026-04-09 15:18:46.954914,0 days 00:00:07.088532,478.0,3.0,121.2,153.9,0.77,COMPLETE
12898,0.825,2026-04-09 15:18:46.971591,2026-04-09 15:19:21.075254,0 days 00:00:34.103663,427.0,1.0,118.4,153.4,0.27,COMPLETE
12899,0.6875,2026-04-09 15:19:21.094510,2026-04-09 15:19:28.459348,0 days 00:00:07.364838,234.0,2.0,120.7,152.5,0.03,COMPLETE
12900,0.6875,2026-04-09 15:19:28.477231,2026-04-09 15:19:35.912915,0 days 00:00:07.435684,357.0,2.0,117.0,159.6,1.99,COMPLETE
12901,0.825,2026-04-09 15:19:35.933570,2026-04-09 15:20:10.241027,0 days 00:00:34.307457,415.0,1.0,118.8,154.9,0.21,COMPLETE
12902,0.6875,2026-04-09 15:20:10.262095,2026-04-09 15:20:17.877602,0 days 00:00:07.615507,231.0,3.0,114.1,156.7,0.65,COMPLETE
12903,0.6875,2026-04-09 15:20:17.896276,2026-04-09 15:20:24.694529,0 days 00:00:06.798253,366.0,1.0,117.3,157.5,0.48,COMPLETE
12904,0.6875,2026-04-09 15:20:24.714703,2026-04-09 15:20:31.973319,0 days 00:00:07.258616,357.0,1.0,120.3,151.6,0.24,COMPLETE
12905,0.825,2026-04-09 15:20:31.990821,2026-04-09 15:21:06.293126,0 days 00:00:34.302305,462.0,1.0,118.8,155.7,0.67,COMPLETE
12906,0.6875,2026-04-09 15:21:06.313849,2026-04-09 15:21:13.746307,0 days 00:00:07.432458,377.0,1.0,114.7,153.1,0.46,COMPLETE
12907,0.825,2026-04-09 15:21:13.766126,2026-04-09 15:21:48.525783,0 days 00:00:34.759657,350.0,1.0,123.0,156.9,0.12,COMPLETE
12908,0.825,2026-04-09 15:21:48.544920,2026-04-09 15:21:54.236881,0 days 00:00:05.691961,362.0,1.0,116.1,155.1,0.0,COMPLETE
12909,0.6875,2026-04-09 15:21:54.255220,2026-04-09 15:22:01.177662,0 days 00:00:06.922442,414.0,1.0,121.1,155.5,0.36,COMPLETE
12910,0.825,2026-04-09 15:22:01.195919,2026-04-09 15:22:35.118069,0 days 00:00:33.922150,498.0,3.0,120.1,155.2,0.1,COMPLETE
12911,0.825,2026-04-09 15:22:35.137560,2026-04-09 15:23:09.443678,0 days 00:00:34.306118,412.0,1.0,122.4,156.4,0.18,COMPLETE
12912,0.6875,2026-04-09 15:23:09.460817,2026-04-09 15:23:17.089826,0 days 00:00:07.629009,395.0,2.0,126.9,148.6,0.11,COMPLETE
12913,0.825,2026-04-09 15:23:17.110383,2026-04-09 15:23:52.439252,0 days 00:00:35.328869,411.0,1.0,115.9,154.7,0.01,COMPLETE
12914,0.6875,2026-04-09 15:23:52.456480,2026-04-09 15:23:59.260643,0 days 00:00:06.804163,422.0,1.0,117.3,154.9,0.44,COMPLETE
12915,0.6875,2026-04-09 15:23:59.280713,2026-04-09 15:24:06.044985,0 days 00:00:06.764272,460.0,2.0,116.2,153.0,0.21,COMPLETE
12916,0.6875,2026-04-09 15:24:06.062880,2026-04-09 15:24:13.821148,0 days 00:00:07.758268,263.0,2.0,124.7,155.3,0.25,COMPLETE
12917,0.6875,2026-04-09 15:24:13.841075,2026-04-09 15:24:20.669452,0 days 00:00:06.828377,232.0,2.0,123.8,158.1,0.75,COMPLETE
12918,0.6875,2026-04-09 15:24:20.687255,2026-04-09 15:24:28.071805,0 days 00:00:07.384550,428.0,1.0,117.2,154.2,0.18,COMPLETE
12919,0.825,2026-04-09 15:24:28.091379,2026-04-09 15:25:24.634114,0 days 00:00:56.542735,388.0,1.0,125.8,153.7,0.3,COMPLETE
12920,0.825,2026-04-09 15:25:24.654914,2026-04-09 15:25:32.961466,0 days 00:00:08.306552,308.0,1.0,116.3,153.8,0.0,COMPLETE
12921,0.6875,2026-04-09 15:25:32.979110,2026-04-09 15:25:40.276363,0 days 00:00:07.297253,445.0,2.0,123.8,155.3,0.52,COMPLETE
12922,0.6875,2026-04-09 15:25:40.297287,2026-04-09 15:25:47.607452,0 days 00:00:07.310165,469.0,1.0,115.4,156.3,0.21,COMPLETE
12923,0.6875,2026-04-09 15:25:47.624206,2026-04-09 15:25:54.972972,0 days 00:00:07.348766,482.0,3.0,123.3,159.8,0.37,COMPLETE
12924,0.6875,2026-04-09 15:25:54.994752,2026-04-09 15:26:02.043320,0 days 00:00:07.048568,261.0,2.0,120.9,155.8,0.27,COMPLETE
12925,0.6875,2026-04-09 15:26:02.061402,2026-04-09 15:26:08.685276,0 days 00:00:06.623874,318.0,1.0,121.9,154.2,0.4,COMPLETE
12926,0.6875,2026-04-09 15:26:08.703314,2026-04-09 15:26:15.162282,0 days 00:00:06.458968,490.0,1.0,122.0,154.7,0.62,COMPLETE
12927,0.6875,2026-04-09 15:26:15.182109,2026-04-09 15:26:22.410577,0 days 00:00:07.228468,459.0,1.0,114.2,153.8,0.52,COMPLETE
12928,0.6875,2026-04-09 15:26:22.429030,2026-04-09 15:26:29.348061,0 days 00:00:06.919031,348.0,1.0,116.4,156.6,0.22,COMPLETE
12929,0.825,2026-04-09 15:26:29.367683,2026-04-09 15:27:03.921152,0 days 00:00:34.553469,400.0,2.0,121.8,153.2,0.52,COMPLETE
12930,0.825,2026-04-09 15:27:03.940589,2026-04-09 15:27:38.241755,0 days 00:00:34.301166,313.0,2.0,119.5,155.6,0.27,COMPLETE
12931,0.6875,2026-04-09 15:27:38.263518,2026-04-09 15:27:45.213558,0 days 00:00:06.950040,478.0,2.0,121.1,156.6,1.3,COMPLETE
12932,0.6875,2026-04-09 15:27:45.232260,2026-04-09 15:27:52.397074,0 days 00:00:07.164814,370.0,1.0,117.9,154.3,0.0,COMPLETE
12933,0.6875,2026-04-09 15:27:52.417020,2026-04-09 15:27:59.692237,0 days 00:00:07.275217,234.0,1.0,113.6,157.0,0.0,COMPLETE
12934,0.6875,2026-04-09 15:27:59.710620,2026-04-09 15:28:06.519723,0 days 00:00:06.809103,463.0,1.0,116.9,155.9,0.0,COMPLETE
12935,0.825,2026-04-09 15:28:06.537419,2026-04-09 15:28:40.714344,0 days 00:00:34.176925,500.0,2.0,115.5,154.2,0.27,COMPLETE
12936,0.825,2026-04-09 15:28:40.734946,2026-04-09 15:29:15.248805,0 days 00:00:34.513859,364.0,2.0,119.5,156.4,0.6,COMPLETE
12937,0.6875,2026-04-09 15:29:15.265688,2026-04-09 15:29:22.607340,0 days 00:00:07.341652,448.0,1.0,114.1,152.8,0.32,COMPLETE
12938,0.6875,2026-04-09 15:29:22.627113,2026-04-09 15:29:29.722330,0 days 00:00:07.095217,402.0,1.0,116.2,157.8,0.2,COMPLETE
12939,0.825,2026-04-09 15:29:29.741866,2026-04-09 15:30:04.146352,0 days 00:00:34.404486,460.0,2.0,117.6,152.8,0.01,COMPLETE
12940,0.825,2026-04-09 15:30:04.166075,2026-04-09 15:30:38.473319,0 days 00:00:34.307244,462.0,2.0,119.1,155.2,0.46,COMPLETE
12941,0.6875,2026-04-09 15:30:38.494019,2026-04-09 15:30:45.827384,0 days 00:00:07.333365,211.0,2.0,122.0,158.4,0.02,COMPLETE
12942,0.6875,2026-04-09 15:30:45.845622,2026-04-09 15:30:53.249972,0 days 00:00:07.404350,455.0,1.0,113.1,155.6,0.47000000000000003,COMPLETE
12943,0.671875,2026-04-09 15:30:53.270977,2026-04-09 15:31:00.679457,0 days 00:00:07.408480,410.0,1.0,122.1,154.1,0.6,COMPLETE
12944,0.6875,2026-04-09 15:31:00.698603,2026-04-09 15:31:07.578364,0 days 00:00:06.879761,406.0,1.0,121.5,149.4,1.98,COMPLETE
12945,0.6875,2026-04-09 15:31:07.598738,2026-04-09 15:31:14.984158,0 days 00:00:07.385420,301.0,2.0,123.5,156.2,0.41000000000000003,COMPLETE
12946,0.6875,2026-04-09 15:31:15.002482,2026-04-09 15:31:22.232916,0 days 00:00:07.230434,372.0,2.0,116.1,152.8,0.21,COMPLETE
12947,0.6875,2026-04-09 15:31:22.254663,2026-04-09 15:31:29.062576,0 days 00:00:06.807913,336.0,1.0,113.0,155.9,0.36,COMPLETE
12948,0.6875,2026-04-09 15:31:29.080125,2026-04-09 15:31:35.886262,0 days 00:00:06.806137,405.0,1.0,117.1,154.7,0.2,COMPLETE
12949,0.825,2026-04-09 15:31:35.906987,2026-04-09 15:32:09.834666,0 days 00:00:33.927679,379.0,1.0,118.0,155.9,0.48,COMPLETE
12950,0.6875,2026-04-09 15:32:09.852977,2026-04-09 15:32:16.878972,0 days 00:00:07.025995,375.0,1.0,115.3,153.1,0.22,COMPLETE
12951,0.6875,2026-04-09 15:32:16.897898,2026-04-09 15:32:24.408475,0 days 00:00:07.510577,308.0,2.0,121.8,153.8,0.27,COMPLETE
12952,0.825,2026-04-09 15:32:24.427128,2026-04-09 15:32:58.502732,0 days 00:00:34.075604,376.0,1.0,118.6,153.9,0.0,COMPLETE
12953,0.6875,2026-04-09 15:32:58.523146,2026-04-09 15:33:05.167404,0 days 00:00:06.644258,497.0,2.0,118.2,155.2,0.84,COMPLETE
12954,0.825,2026-04-09 15:33:05.186904,2026-04-09 15:33:39.469981,0 days 00:00:34.283077,500.0,1.0,123.6,154.3,0.08,COMPLETE
12955,0.6875,2026-04-09 15:33:39.490857,2026-04-09 15:33:47.068809,0 days 00:00:07.577952,438.0,3.0,115.0,154.7,1.81,COMPLETE
12956,0.6875,2026-04-09 15:33:47.089125,2026-04-09 15:33:54.175508,0 days 00:00:07.086383,261.0,2.0,118.3,154.2,0.26,COMPLETE
12957,0.825,2026-04-09 15:33:54.193331,2026-04-09 15:34:10.235754,0 days 00:00:16.042423,381.0,2.0,124.6,153.5,0.52,COMPLETE
12958,0.6875,2026-04-09 15:34:10.253439,2026-04-09 15:34:17.876813,0 days 00:00:07.623374,373.0,1.0,116.1,154.6,0.0,COMPLETE
12959,0.825,2026-04-09 15:34:17.896654,2026-04-09 15:34:52.199274,0 days 00:00:34.302620,384.0,1.0,118.5,153.1,0.0,COMPLETE
12960,0.6875,2026-04-09 15:34:52.218754,2026-04-09 15:35:00.018859,0 days 00:00:07.800105,261.0,2.0,126.9,153.5,0.3,COMPLETE
12961,0.825,2026-04-09 15:35:00.039345,2026-04-09 15:35:34.670233,0 days 00:00:34.630888,435.0,1.0,118.9,154.0,0.01,COMPLETE
12962,0.6875,2026-04-09 15:35:34.688244,2026-04-09 15:35:42.166764,0 days 00:00:07.478520,228.0,2.0,123.0,154.9,0.51,COMPLETE
12963,0.6875,2026-04-09 15:35:42.186719,2026-04-09 15:35:49.408639,0 days 00:00:07.221920,428.0,1.0,116.7,156.1,0.23,COMPLETE
12964,0.6875,2026-04-09 15:35:49.426804,2026-04-09 15:35:56.094348,0 days 00:00:06.667544,453.0,1.0,115.2,154.9,0.22,COMPLETE
12965,0.6875,2026-04-09 15:35:56.114523,2026-04-09 15:36:02.984132,0 days 00:00:06.869609,404.0,1.0,117.5,153.2,0.2,COMPLETE
12966,0.825,2026-04-09 15:36:03.003179,2026-04-09 15:36:37.897741,0 days 00:00:34.894562,257.0,1.0,124.9,153.2,0.19,COMPLETE
12967,0.825,2026-04-09 15:36:37.917936,2026-04-09 15:37:12.452722,0 days 00:00:34.534786,437.0,1.0,118.9,152.6,0.01,COMPLETE
12968,0.6875,2026-04-09 15:37:12.472699,2026-04-09 15:37:19.596104,0 days 00:00:07.123405,392.0,1.0,122.7,154.7,0.23,COMPLETE
12969,0.6875,2026-04-09 15:37:19.613779,2026-04-09 15:37:27.154945,0 days 00:00:07.541166,436.0,1.0,114.9,150.7,0.0,COMPLETE
12970,0.6875,2026-04-09 15:37:27.176046,2026-04-09 15:37:34.823938,0 days 00:00:07.647892,280.0,2.0,122.6,151.8,0.79,COMPLETE
12971,0.6875,2026-04-09 15:37:34.840973,2026-04-09 15:37:41.997132,0 days 00:00:07.156159,389.0,2.0,125.0,157.3,0.51,COMPLETE
12972,0.825,2026-04-09 15:37:42.018566,2026-04-09 15:38:16.693535,0 days 00:00:34.674969,340.0,1.0,118.3,154.6,0.0,COMPLETE
12973,0.6875,2026-04-09 15:38:16.712319,2026-04-09 15:38:24.216266,0 days 00:00:07.503947,323.0,2.0,126.3,154.0,0.52,COMPLETE
12974,0.825,2026-04-09 15:38:24.235728,2026-04-09 15:38:58.915805,0 days 00:00:34.680077,431.0,2.0,118.7,156.6,0.02,COMPLETE
12975,0.6875,2026-04-09 15:38:58.934965,2026-04-09 15:39:05.937233,0 days 00:00:07.002268,419.0,2.0,116.1,155.9,0.22,COMPLETE
12976,0.6875,2026-04-09 15:39:05.957287,2026-04-09 15:39:12.546828,0 days 00:00:06.589541,400.0,1.0,115.3,156.0,0.29,COMPLETE
12977,0.6875,2026-04-09 15:39:12.569350,2026-04-09 15:39:19.594593,0 days 00:00:07.025243,363.0,1.0,119.3,153.1,0.48,COMPLETE
12978,0.825,2026-04-09 15:39:19.612265,2026-04-09 15:39:54.243120,0 days 00:00:34.630855,254.0,3.0,123.1,155.7,0.1,COMPLETE
12979,0.6875,2026-04-09 15:39:54.264073,2026-04-09 15:40:01.646248,0 days 00:00:07.382175,350.0,1.0,114.8,152.6,0.0,COMPLETE
12980,0.6875,2026-04-09 15:40:01.664371,2026-04-09 15:40:08.393176,0 days 00:00:06.728805,331.0,1.0,117.5,155.3,0.47000000000000003,COMPLETE
12981,0.0,2026-04-09 15:40:08.413987,2026-04-09 15:40:14.900816,0 days 00:00:06.486829,366.0,1.0,116.7,155.8,0.01,COMPLETE
12982,0.825,2026-04-09 15:40:14.919967,2026-04-09 15:41:11.369033,0 days 00:00:56.449066,321.0,1.0,124.4,153.2,0.06,COMPLETE
12983,0.6875,2026-04-09 15:41:11.387391,2026-04-09 15:41:19.200793,0 days 00:00:07.813402,338.0,2.0,113.0,151.3,0.0,COMPLETE
12984,0.6875,2026-04-09 15:41:19.220681,2026-04-09 15:41:25.876014,0 days 00:00:06.655333,390.0,1.0,113.1,153.5,0.0,COMPLETE
12985,0.825,2026-04-09 15:41:25.893978,2026-04-09 15:42:01.192599,0 days 00:00:35.298621,429.0,1.0,118.8,156.9,0.24,COMPLETE
12986,0.6875,2026-04-09 15:42:01.212894,2026-04-09 15:42:08.367919,0 days 00:00:07.155025,290.0,1.0,117.6,153.9,0.0,COMPLETE
12987,0.6875,2026-04-09 15:42:08.386916,2026-04-09 15:42:15.047020,0 days 00:00:06.660104,455.0,1.0,117.1,154.8,0.8300000000000001,COMPLETE
12988,0.6875,2026-04-09 15:42:15.064813,2026-04-09 15:42:21.884578,0 days 00:00:06.819765,417.0,2.0,115.1,152.0,0.37,COMPLETE
12989,0.6875,2026-04-09 15:42:21.905166,2026-04-09 15:42:28.720538,0 days 00:00:06.815372,400.0,1.0,116.8,154.1,0.39,COMPLETE
12990,0.825,2026-04-09 15:42:28.739323,2026-04-09 15:43:02.664817,0 days 00:00:33.925494,479.0,1.0,117.8,156.3,0.47000000000000003,COMPLETE
12991,0.825,2026-04-09 15:43:02.685898,2026-04-09 15:43:36.934006,0 days 00:00:34.248108,355.0,1.0,118.7,156.4,0.26,COMPLETE
12992,0.825,2026-04-09 15:43:36.951461,2026-04-09 15:44:11.013837,0 days 00:00:34.062376,381.0,1.0,119.9,157.3,0.0,COMPLETE
12993,0.671875,2026-04-09 15:44:11.034051,2026-04-09 15:44:18.145287,0 days 00:00:07.111236,391.0,2.0,117.9,153.6,0.32,COMPLETE
12994,0.825,2026-04-09 15:44:18.165104,2026-04-09 15:44:52.490247,0 days 00:00:34.325143,402.0,2.0,121.3,157.2,0.53,COMPLETE
12995,0.6875,2026-04-09 15:44:52.512580,2026-04-09 15:45:00.101658,0 days 00:00:07.589078,401.0,1.0,113.3,155.8,0.47000000000000003,COMPLETE
12996,0.6875,2026-04-09 15:45:00.122130,2026-04-09 15:45:06.794535,0 days 00:00:06.672405,447.0,1.0,114.7,155.9,0.22,COMPLETE
12997,0.6875,2026-04-09 15:45:06.819170,2026-04-09 15:45:13.632792,0 days 00:00:06.813622,491.0,1.0,117.3,153.7,0.24,COMPLETE
12998,0.825,2026-04-09 15:45:13.652260,2026-04-09 15:45:47.766913,0 days 00:00:34.114653,457.0,2.0,118.6,154.9,0.01,COMPLETE
12999,0.6875,2026-04-09 15:45:47.784594,2026-04-09 15:45:55.057549,0 days 00:00:07.272955,373.0,1.0,115.0,155.7,0.34,COMPLETE
13000,0.6875,2026-04-09 15:45:55.077433,2026-04-09 15:46:01.969032,0 days 00:00:06.891599,419.0,1.0,116.3,152.0,0.2,COMPLETE
13001,0.825,2026-04-09 15:46:01.988696,2026-04-09 15:46:36.181687,0 days 00:00:34.192991,434.0,1.0,117.6,154.5,0.01,COMPLETE
13002,0.6875,2026-04-09 15:46:36.203440,2026-04-09 15:46:42.841076,0 days 00:00:06.637636,462.0,1.0,116.9,152.9,0.21,COMPLETE
13003,0.6875,2026-04-09 15:46:42.861038,2026-04-09 15:46:49.722862,0 days 00:00:06.861824,371.0,2.0,114.8,152.0,0.22,COMPLETE
13004,0.6875,2026-04-09 15:46:49.745671,2026-04-09 15:46:56.471404,0 days 00:00:06.725733,474.0,1.0,113.4,154.4,0.23,COMPLETE
13005,0.825,2026-04-09 15:46:56.491082,2026-04-09 15:47:31.723348,0 days 00:00:35.232266,190.0,1.0,122.8,157.1,0.0,COMPLETE
13006,0.6875,2026-04-09 15:47:31.741503,2026-04-09 15:47:38.985801,0 days 00:00:07.244298,463.0,2.0,116.9,158.1,0.01,COMPLETE
13007,0.825,2026-04-09 15:47:39.005555,2026-04-09 15:48:13.414660,0 days 00:00:34.409105,500.0,2.0,121.7,156.2,0.62,COMPLETE
13008,0.6875,2026-04-09 15:48:13.435705,2026-04-09 15:48:20.891719,0 days 00:00:07.456014,442.0,2.0,114.6,154.4,0.0,COMPLETE
13009,0.6875,2026-04-09 15:48:20.911360,2026-04-09 15:48:27.788094,0 days 00:00:06.876734,453.0,1.0,116.3,157.8,0.25,COMPLETE
13010,0.6875,2026-04-09 15:48:27.806413,2026-04-09 15:48:35.208264,0 days 00:00:07.401851,488.0,2.0,115.2,150.0,0.24,COMPLETE
13011,0.6875,2026-04-09 15:48:35.226675,2026-04-09 15:48:42.819342,0 days 00:00:07.592667,181.0,2.0,119.8,152.7,0.32,COMPLETE
13012,0.825,2026-04-09 15:48:42.838875,2026-04-09 15:49:16.923805,0 days 00:00:34.084930,463.0,1.0,119.8,155.5,0.39,COMPLETE
13013,0.6875,2026-04-09 15:49:16.945322,2026-04-09 15:49:24.000894,0 days 00:00:07.055572,463.0,1.0,115.3,155.3,0.0,COMPLETE
13014,0.6875,2026-04-09 15:49:24.021157,2026-04-09 15:49:31.089885,0 days 00:00:07.068728,400.0,2.0,120.6,155.9,0.72,COMPLETE
13015,0.6875,2026-04-09 15:49:31.111019,2026-04-09 15:49:38.175302,0 days 00:00:07.064283,420.0,1.0,115.9,153.3,0.0,COMPLETE
13016,0.6875,2026-04-09 15:49:38.196079,2026-04-09 15:49:44.922011,0 days 00:00:06.725932,413.0,1.0,115.6,155.2,0.0,COMPLETE
13017,0.6875,2026-04-09 15:49:44.939450,2026-04-09 15:49:51.824468,0 days 00:00:06.885018,333.0,1.0,115.0,156.3,0.03,COMPLETE
13018,0.6875,2026-04-09 15:49:51.845265,2026-04-09 15:49:58.682489,0 days 00:00:06.837224,415.0,1.0,115.7,152.9,0.0,COMPLETE
13019,0.825,2026-04-09 15:49:58.700179,2026-04-09 15:50:32.936000,0 days 00:00:34.235821,376.0,1.0,118.3,155.8,0.19,COMPLETE
13020,0.825,2026-04-09 15:50:32.958449,2026-04-09 15:51:07.528059,0 days 00:00:34.569610,386.0,1.0,124.6,154.4,0.03,COMPLETE
13021,0.6875,2026-04-09 15:51:07.548501,2026-04-09 15:51:15.040288,0 days 00:00:07.491787,394.0,1.0,117.7,153.6,0.5,COMPLETE
13022,0.6875,2026-04-09 15:51:15.057242,2026-04-09 15:51:21.854608,0 days 00:00:06.797366,391.0,2.0,115.7,154.4,0.24,COMPLETE
13023,0.825,2026-04-09 15:51:21.875069,2026-04-09 15:51:55.888140,0 days 00:00:34.013071,450.0,1.0,117.6,153.4,0.0,COMPLETE
13024,0.6875,2026-04-09 15:51:55.906209,2026-04-09 15:52:03.987989,0 days 00:00:08.081780,311.0,3.0,127.0,158.3,0.7000000000000001,COMPLETE
13025,0.6875,2026-04-09 15:52:04.008367,2026-04-09 15:52:11.822590,0 days 00:00:07.814223,446.0,1.0,116.4,155.8,0.21,COMPLETE
13026,0.6875,2026-04-09 15:52:11.840557,2026-04-09 15:52:18.534640,0 days 00:00:06.694083,434.0,1.0,115.9,154.1,0.0,COMPLETE
13027,0.6875,2026-04-09 15:52:18.554541,2026-04-09 15:52:25.459821,0 days 00:00:06.905280,423.0,1.0,113.9,157.7,0.19,COMPLETE
13028,0.6875,2026-04-09 15:52:25.479329,2026-04-09 15:52:32.613495,0 days 00:00:07.134166,436.0,2.0,119.3,159.6,0.38,COMPLETE
13029,0.6875,2026-04-09 15:52:32.633691,2026-04-09 15:52:39.499677,0 days 00:00:06.865986,476.0,1.0,115.4,159.1,0.0,COMPLETE
13030,0.6875,2026-04-09 15:52:39.521836,2026-04-09 15:52:47.095355,0 days 00:00:07.573519,493.0,1.0,116.3,150.1,1.41,COMPLETE
13031,0.6875,2026-04-09 15:52:47.116156,2026-04-09 15:52:54.771812,0 days 00:00:07.655656,363.0,2.0,123.3,153.4,0.86,COMPLETE
13032,0.6875,2026-04-09 15:52:54.790619,2026-04-09 15:53:02.142954,0 days 00:00:07.352335,480.0,1.0,116.1,156.1,0.5,COMPLETE
