number,value,datetime_start,datetime_complete,duration,params_voltage,params_width,params_x,params_y,params_z,state
9399,0.6875,2026-04-08 18:56:23.843381,2026-04-08 18:56:31.293292,0 days 00:00:07.449911,220.0,2.0,114.2,158.7,0.02,COMPLETE
9400,0.6875,2026-04-08 18:56:31.308674,2026-04-08 18:56:38.277711,0 days 00:00:06.969037,437.0,1.0,117.4,155.3,0.21,COMPLETE
9401,0.825,2026-04-08 18:56:38.296048,2026-04-08 18:57:12.552614,0 days 00:00:34.256566,338.0,2.0,115.6,155.5,0.02,COMPLETE
9402,0.6875,2026-04-08 18:57:12.571342,2026-04-08 18:57:19.161079,0 days 00:00:06.589737,453.0,2.0,115.2,155.9,0.27,COMPLETE
9403,0.6875,2026-04-08 18:57:19.178720,2026-04-08 18:57:26.029844,0 days 00:00:06.851124,417.0,2.0,116.1,152.1,0.41000000000000003,COMPLETE
9404,0.6875,2026-04-08 18:57:26.048349,2026-04-08 18:57:33.679759,0 days 00:00:07.631410,348.0,1.0,123.5,155.0,0.61,COMPLETE
9405,0.825,2026-04-08 18:57:33.694800,2026-04-08 18:58:08.332224,0 days 00:00:34.637424,293.0,1.0,118.6,154.7,0.12,COMPLETE
9406,0.6875,2026-04-08 18:58:08.350370,2026-04-08 18:58:15.184331,0 days 00:00:06.833961,391.0,2.0,120.0,152.9,0.31,COMPLETE
9407,0.6875,2026-04-08 18:58:15.199962,2026-04-08 18:58:21.904418,0 days 00:00:06.704456,389.0,1.0,121.7,151.9,0.77,COMPLETE
9408,0.6875,2026-04-08 18:58:21.922439,2026-04-08 18:58:29.190028,0 days 00:00:07.267589,450.0,1.0,114.5,152.4,0.66,COMPLETE
9409,0.6875,2026-04-08 18:58:29.204734,2026-04-08 18:58:35.949934,0 days 00:00:06.745200,452.0,1.0,116.6,154.6,0.23,COMPLETE
9410,0.6875,2026-04-08 18:58:35.968549,2026-04-08 18:58:42.735499,0 days 00:00:06.766950,411.0,1.0,116.7,152.2,0.5,COMPLETE
9411,0.825,2026-04-08 18:58:42.752085,2026-04-08 18:59:16.936286,0 days 00:00:34.184201,498.0,1.0,116.1,154.7,0.0,COMPLETE
9412,0.6875,2026-04-08 18:59:16.954840,2026-04-08 18:59:24.039838,0 days 00:00:07.084998,364.0,1.0,117.5,155.6,0.28,COMPLETE
9413,0.6875,2026-04-08 18:59:24.057345,2026-04-08 18:59:31.268774,0 days 00:00:07.211429,257.0,2.0,122.3,157.0,0.53,COMPLETE
9414,0.825,2026-04-08 18:59:31.287864,2026-04-08 19:00:05.601555,0 days 00:00:34.313691,498.0,2.0,121.3,152.6,0.41000000000000003,COMPLETE
9415,0.6875,2026-04-08 19:00:05.620713,2026-04-08 19:00:12.425765,0 days 00:00:06.805052,310.0,2.0,120.9,154.1,0.36,COMPLETE
9416,0.825,2026-04-08 19:00:12.443475,2026-04-08 19:00:46.525102,0 days 00:00:34.081627,435.0,1.0,118.1,154.4,0.01,COMPLETE
9417,0.6875,2026-04-08 19:00:46.543391,2026-04-08 19:00:53.717227,0 days 00:00:07.173836,357.0,1.0,114.3,154.9,0.0,COMPLETE
9418,0.6875,2026-04-08 19:00:53.732101,2026-04-08 19:01:00.667523,0 days 00:00:06.935422,392.0,1.0,118.6,154.2,0.56,COMPLETE
9419,0.6875,2026-04-08 19:01:00.687270,2026-04-08 19:01:07.422724,0 days 00:00:06.735454,444.0,1.0,116.4,155.0,0.5,COMPLETE
9420,0.6875,2026-04-08 19:01:07.438487,2026-04-08 19:01:14.489858,0 days 00:00:07.051371,360.0,1.0,117.6,151.6,0.0,COMPLETE
9421,0.6875,2026-04-08 19:01:14.508315,2026-04-08 19:01:21.629560,0 days 00:00:07.121245,484.0,1.0,116.5,157.4,0.01,COMPLETE
9422,0.6875,2026-04-08 19:01:21.645403,2026-04-08 19:01:28.414327,0 days 00:00:06.768924,454.0,1.0,115.9,154.0,0.23,COMPLETE
9423,0.6875,2026-04-08 19:01:28.432456,2026-04-08 19:01:35.086190,0 days 00:00:06.653734,392.0,2.0,117.6,154.2,0.0,COMPLETE
9424,0.6875,2026-04-08 19:01:35.101393,2026-04-08 19:01:41.908152,0 days 00:00:06.806759,418.0,1.0,114.1,154.7,0.0,COMPLETE
9425,0.6875,2026-04-08 19:01:41.926166,2026-04-08 19:01:48.799301,0 days 00:00:06.873135,416.0,1.0,116.5,156.4,0.3,COMPLETE
9426,0.825,2026-04-08 19:01:48.814900,2026-04-08 19:02:22.818868,0 days 00:00:34.003968,472.0,1.0,117.9,156.6,0.25,COMPLETE
9427,0.6875,2026-04-08 19:02:22.837605,2026-04-08 19:02:30.354760,0 days 00:00:07.517155,346.0,2.0,122.7,153.2,0.64,COMPLETE
9428,0.6875,2026-04-08 19:02:30.370854,2026-04-08 19:02:36.950278,0 days 00:00:06.579424,350.0,1.0,121.3,152.9,0.37,COMPLETE
9429,0.6875,2026-04-08 19:02:36.968461,2026-04-08 19:02:43.892918,0 days 00:00:06.924457,377.0,1.0,117.2,154.9,0.76,COMPLETE
9430,0.825,2026-04-08 19:02:43.908649,2026-04-08 19:03:17.852109,0 days 00:00:33.943460,390.0,1.0,119.0,155.2,0.01,COMPLETE
9431,0.6875,2026-04-08 19:03:17.869704,2026-04-08 19:03:24.877382,0 days 00:00:07.007678,462.0,2.0,115.7,153.6,0.27,COMPLETE
9432,0.825,2026-04-08 19:03:24.892602,2026-04-08 19:03:59.600525,0 days 00:00:34.707923,387.0,2.0,121.0,156.2,0.41000000000000003,COMPLETE
9433,0.825,2026-04-08 19:03:59.619016,2026-04-08 19:04:33.877517,0 days 00:00:34.258501,323.0,1.0,118.7,154.9,0.0,COMPLETE
9434,0.6875,2026-04-08 19:04:33.896566,2026-04-08 19:04:41.328960,0 days 00:00:07.432394,237.0,2.0,124.3,154.1,0.29,COMPLETE
9435,0.6875,2026-04-08 19:04:41.347815,2026-04-08 19:04:47.861618,0 days 00:00:06.513803,439.0,2.0,123.6,154.4,0.31,COMPLETE
9436,0.6875,2026-04-08 19:04:47.880530,2026-04-08 19:04:55.589214,0 days 00:00:07.708684,408.0,2.0,113.6,158.2,0.28,COMPLETE
9437,0.6875,2026-04-08 19:04:55.604121,2026-04-08 19:05:02.528154,0 days 00:00:06.924033,498.0,2.0,116.6,155.0,0.04,COMPLETE
9438,0.6875,2026-04-08 19:05:02.547633,2026-04-08 19:05:09.443038,0 days 00:00:06.895405,460.0,1.0,120.8,154.1,0.58,COMPLETE
9439,0.825,2026-04-08 19:05:10.692828,2026-04-08 19:05:45.300227,0 days 00:00:34.607399,411.0,2.0,118.5,153.3,0.19,COMPLETE
9440,0.6875,2026-04-08 19:05:45.318403,2026-04-08 19:05:52.645614,0 days 00:00:07.327211,179.0,3.0,118.4,155.3,0.77,COMPLETE
9441,0.6875,2026-04-08 19:05:52.663744,2026-04-08 19:05:59.463448,0 days 00:00:06.799704,432.0,1.0,116.2,152.6,0.28,COMPLETE
9442,0.6875,2026-04-08 19:05:59.482267,2026-04-08 19:06:06.185660,0 days 00:00:06.703393,432.0,1.0,114.6,153.7,0.39,COMPLETE
9443,0.6875,2026-04-08 19:06:06.204364,2026-04-08 19:06:12.984850,0 days 00:00:06.780486,439.0,1.0,115.2,151.4,0.25,COMPLETE
9444,0.825,2026-04-08 19:06:13.003626,2026-04-08 19:06:47.740187,0 days 00:00:34.736561,405.0,2.0,122.4,155.5,0.0,COMPLETE
9445,0.6875,2026-04-08 19:06:47.754737,2026-04-08 19:06:55.626883,0 days 00:00:07.872146,325.0,1.0,115.4,150.2,0.0,COMPLETE
9446,0.6875,2026-04-08 19:06:55.644998,2026-04-08 19:07:02.670322,0 days 00:00:07.025324,398.0,1.0,117.7,155.2,0.23,COMPLETE
9447,0.6875,2026-04-08 19:07:02.686366,2026-04-08 19:07:09.564585,0 days 00:00:06.878219,284.0,1.0,116.6,156.2,0.28,COMPLETE
9448,0.6875,2026-04-08 19:07:09.583400,2026-04-08 19:07:16.462892,0 days 00:00:06.879492,394.0,3.0,114.4,152.8,0.02,COMPLETE
9449,0.6875,2026-04-08 19:07:16.479686,2026-04-08 19:07:23.113498,0 days 00:00:06.633812,461.0,1.0,115.0,153.8,0.67,COMPLETE
9450,0.6875,2026-04-08 19:07:23.131683,2026-04-08 19:07:29.805907,0 days 00:00:06.674224,416.0,1.0,116.2,152.9,0.0,COMPLETE
9451,0.6875,2026-04-08 19:07:29.822322,2026-04-08 19:07:36.642689,0 days 00:00:06.820367,343.0,1.0,116.4,153.0,0.62,COMPLETE
9452,0.825,2026-04-08 19:07:36.660495,2026-04-08 19:07:54.301605,0 days 00:00:17.641110,452.0,2.0,125.2,156.1,0.31,COMPLETE
9453,0.825,2026-04-08 19:07:54.317896,2026-04-08 19:08:02.089546,0 days 00:00:07.771650,362.0,1.0,119.4,153.1,0.26,COMPLETE
9454,0.6875,2026-04-08 19:08:02.107408,2026-04-08 19:08:09.208179,0 days 00:00:07.100771,341.0,1.0,114.9,155.8,0.0,COMPLETE
9455,0.6875,2026-04-08 19:08:09.224177,2026-04-08 19:08:15.958213,0 days 00:00:06.734036,318.0,1.0,114.9,153.4,0.25,COMPLETE
9456,0.6875,2026-04-08 19:08:15.977163,2026-04-08 19:08:22.509602,0 days 00:00:06.532439,394.0,1.0,115.6,153.0,0.54,COMPLETE
9457,0.6875,2026-04-08 19:08:22.524760,2026-04-08 19:08:29.081556,0 days 00:00:06.556796,371.0,1.0,116.5,153.2,0.27,COMPLETE
9458,0.015625,2026-04-08 19:08:29.097030,2026-04-08 19:08:35.897253,0 days 00:00:06.800223,391.0,1.0,116.8,156.1,0.0,COMPLETE
9459,0.6875,2026-04-08 19:08:35.913053,2026-04-08 19:08:42.812884,0 days 00:00:06.899831,398.0,2.0,116.1,151.9,0.27,COMPLETE
9460,0.6875,2026-04-08 19:08:42.831323,2026-04-08 19:08:49.594077,0 days 00:00:06.762754,361.0,2.0,115.7,155.2,0.49,COMPLETE
9461,0.6875,2026-04-08 19:08:49.610827,2026-04-08 19:08:56.683400,0 days 00:00:07.072573,423.0,2.0,121.1,154.0,0.78,COMPLETE
9462,0.6875,2026-04-08 19:08:56.701368,2026-04-08 19:09:03.541311,0 days 00:00:06.839943,467.0,1.0,117.2,153.6,0.35000000000000003,COMPLETE
9463,0.6875,2026-04-08 19:09:03.558206,2026-04-08 19:09:10.562064,0 days 00:00:07.003858,410.0,1.0,113.5,156.9,0.27,COMPLETE
9464,0.6875,2026-04-08 19:09:10.580858,2026-04-08 19:09:17.440622,0 days 00:00:06.859764,394.0,1.0,117.4,156.2,0.48,COMPLETE
9465,0.6875,2026-04-08 19:09:17.457881,2026-04-08 19:09:25.304973,0 days 00:00:07.847092,246.0,2.0,127.0,154.5,1.52,COMPLETE
9466,0.6875,2026-04-08 19:09:25.324916,2026-04-08 19:09:32.382868,0 days 00:00:07.057952,499.0,2.0,122.7,151.7,0.77,COMPLETE
9467,0.6875,2026-04-08 19:09:32.397870,2026-04-08 19:09:39.511909,0 days 00:00:07.114039,377.0,2.0,126.8,152.4,0.48,COMPLETE
9468,0.6875,2026-04-08 19:09:39.531158,2026-04-08 19:09:47.399887,0 days 00:00:07.868729,382.0,1.0,115.3,153.5,0.0,COMPLETE
9469,0.6875,2026-04-08 19:09:47.418500,2026-04-08 19:09:54.314121,0 days 00:00:06.895621,452.0,1.0,119.4,152.9,1.01,COMPLETE
9470,0.6875,2026-04-08 19:09:54.330900,2026-04-08 19:10:01.749558,0 days 00:00:07.418658,211.0,2.0,123.1,155.0,0.51,COMPLETE
9471,0.825,2026-04-08 19:10:01.767516,2026-04-08 19:10:35.831089,0 days 00:00:34.063573,372.0,1.0,120.3,156.1,0.01,COMPLETE
9472,0.6875,2026-04-08 19:10:35.846011,2026-04-08 19:10:43.291870,0 days 00:00:07.445859,388.0,1.0,114.9,152.0,0.44,COMPLETE
9473,0.6875,2026-04-08 19:10:43.309912,2026-04-08 19:10:50.421425,0 days 00:00:07.111513,376.0,1.0,119.5,155.3,1.6300000000000001,COMPLETE
9474,0.6875,2026-04-08 19:10:50.438447,2026-04-08 19:10:57.265838,0 days 00:00:06.827391,423.0,1.0,116.2,153.8,0.26,COMPLETE
9475,0.825,2026-04-08 19:10:57.284387,2026-04-08 19:11:02.293057,0 days 00:00:05.008670,455.0,2.0,115.9,154.9,0.23,COMPLETE
9476,0.6875,2026-04-08 19:11:02.308613,2026-04-08 19:11:09.250223,0 days 00:00:06.941610,364.0,2.0,116.4,153.7,0.49,COMPLETE
9477,0.6875,2026-04-08 19:11:09.265274,2026-04-08 19:11:16.183868,0 days 00:00:06.918594,371.0,2.0,116.1,158.4,0.33,COMPLETE
9478,0.825,2026-04-08 19:11:16.199658,2026-04-08 19:11:50.588675,0 days 00:00:34.389017,407.0,2.0,119.1,153.1,0.01,COMPLETE
9479,0.6875,2026-04-08 19:11:50.607825,2026-04-08 19:11:57.891224,0 days 00:00:07.283399,417.0,1.0,113.0,155.4,0.53,COMPLETE
9480,0.6875,2026-04-08 19:11:57.906154,2026-04-08 19:12:05.604334,0 days 00:00:07.698180,449.0,2.0,123.3,154.4,0.67,COMPLETE
9481,0.6875,2026-04-08 19:12:05.622978,2026-04-08 19:12:12.979537,0 days 00:00:07.356559,298.0,1.0,117.3,153.5,0.6,COMPLETE
9482,0.6875,2026-04-08 19:12:12.994352,2026-04-08 19:12:19.890927,0 days 00:00:06.896575,494.0,2.0,116.1,157.4,0.01,COMPLETE
9483,0.6875,2026-04-08 19:12:19.909303,2026-04-08 19:12:26.861574,0 days 00:00:06.952271,394.0,1.0,115.4,155.6,0.0,COMPLETE
9484,0.6875,2026-04-08 19:12:26.878606,2026-04-08 19:12:33.684460,0 days 00:00:06.805854,395.0,1.0,118.0,158.0,0.29,COMPLETE
9485,0.6875,2026-04-08 19:12:33.702295,2026-04-08 19:12:40.528371,0 days 00:00:06.826076,383.0,1.0,117.7,154.1,0.21,COMPLETE
9486,0.6875,2026-04-08 19:12:40.543887,2026-04-08 19:12:47.617593,0 days 00:00:07.073706,327.0,2.0,121.0,152.1,0.03,COMPLETE
9487,0.6875,2026-04-08 19:12:47.635912,2026-04-08 19:12:54.756203,0 days 00:00:07.120291,424.0,1.0,126.3,150.6,1.92,COMPLETE
9488,0.825,2026-04-08 19:12:54.770550,2026-04-08 19:13:15.616970,0 days 00:00:20.846420,308.0,2.0,125.0,154.8,0.3,COMPLETE
9489,0.825,2026-04-08 19:13:15.634903,2026-04-08 19:13:50.172667,0 days 00:00:34.537764,375.0,2.0,117.9,156.5,0.26,COMPLETE
9490,0.6875,2026-04-08 19:13:50.191411,2026-04-08 19:13:57.035762,0 days 00:00:06.844351,406.0,1.0,114.8,155.3,0.22,COMPLETE
9491,0.825,2026-04-08 19:13:57.051436,2026-04-08 19:14:31.129457,0 days 00:00:34.078021,500.0,1.0,118.3,155.6,0.23,COMPLETE
9492,0.825,2026-04-08 19:14:31.148029,2026-04-08 19:15:05.414117,0 days 00:00:34.266088,452.0,1.0,122.6,156.3,0.27,COMPLETE
9493,0.6875,2026-04-08 19:15:05.429209,2026-04-08 19:15:12.767321,0 days 00:00:07.338112,411.0,1.0,117.0,152.6,0.0,COMPLETE
9494,0.6875,2026-04-08 19:15:12.785539,2026-04-08 19:15:19.615090,0 days 00:00:06.829551,453.0,2.0,114.4,155.2,0.27,COMPLETE
9495,0.825,2026-04-08 19:15:19.631402,2026-04-08 19:15:54.060013,0 days 00:00:34.428611,496.0,2.0,119.2,157.7,0.08,COMPLETE
9496,0.825,2026-04-08 19:15:54.077854,2026-04-08 19:16:28.375348,0 days 00:00:34.297494,448.0,2.0,122.7,156.1,0.46,COMPLETE
9497,0.6875,2026-04-08 19:16:28.393740,2026-04-08 19:16:35.691045,0 days 00:00:07.297305,492.0,1.0,115.5,152.2,0.33,COMPLETE
9498,0.825,2026-04-08 19:16:35.709101,2026-04-08 19:17:10.396259,0 days 00:00:34.687158,500.0,1.0,121.8,156.4,0.54,COMPLETE
9499,0.6875,2026-04-08 19:17:10.414889,2026-04-08 19:17:17.383865,0 days 00:00:06.968976,302.0,2.0,120.5,155.4,0.59,COMPLETE
9500,0.825,2026-04-08 19:17:17.401885,2026-04-08 19:17:22.718438,0 days 00:00:05.316553,379.0,1.0,116.2,155.2,0.0,COMPLETE
9501,0.825,2026-04-08 19:17:22.734162,2026-04-08 19:17:56.928637,0 days 00:00:34.194475,450.0,1.0,119.9,155.3,0.2,COMPLETE
9502,0.6875,2026-04-08 19:17:56.946746,2026-04-08 19:18:03.820741,0 days 00:00:06.873995,434.0,2.0,117.3,155.1,0.35000000000000003,COMPLETE
9503,0.6875,2026-04-08 19:18:03.838487,2026-04-08 19:18:10.785181,0 days 00:00:06.946694,356.0,1.0,115.3,155.1,0.28,COMPLETE
9504,0.6875,2026-04-08 19:18:10.803641,2026-04-08 19:18:18.159923,0 days 00:00:07.356282,478.0,2.0,122.6,157.8,0.91,COMPLETE
9505,0.825,2026-04-08 19:18:18.177770,2026-04-08 19:18:52.748494,0 days 00:00:34.570724,248.0,2.0,122.4,156.3,0.1,COMPLETE
9506,0.6875,2026-04-08 19:18:52.762705,2026-04-08 19:19:00.283666,0 days 00:00:07.520961,427.0,1.0,114.4,153.8,0.29,COMPLETE
9507,0.6875,2026-04-08 19:19:00.301993,2026-04-08 19:19:07.561532,0 days 00:00:07.259539,490.0,2.0,121.4,153.9,0.84,COMPLETE
9508,0.6875,2026-04-08 19:19:07.577784,2026-04-08 19:19:14.749399,0 days 00:00:07.171615,418.0,1.0,115.2,152.3,0.21,COMPLETE
9509,0.6875,2026-04-08 19:19:14.767902,2026-04-08 19:19:21.959481,0 days 00:00:07.191579,418.0,1.0,121.2,155.1,0.51,COMPLETE
9510,0.6875,2026-04-08 19:19:21.974683,2026-04-08 19:19:29.017109,0 days 00:00:07.042426,494.0,3.0,125.7,157.8,1.25,COMPLETE
9511,0.6875,2026-04-08 19:19:29.035439,2026-04-08 19:19:36.814495,0 days 00:00:07.779056,419.0,1.0,115.1,155.3,0.0,COMPLETE
9512,0.6875,2026-04-08 19:19:36.830686,2026-04-08 19:19:43.326371,0 days 00:00:06.495685,463.0,1.0,115.3,155.4,0.24,COMPLETE
9513,0.825,2026-04-08 19:19:43.343831,2026-04-08 19:20:17.247207,0 days 00:00:33.903376,494.0,2.0,115.4,154.8,0.02,COMPLETE
9514,0.825,2026-04-08 19:20:17.265348,2026-04-08 19:20:51.790937,0 days 00:00:34.525589,499.0,2.0,121.7,156.8,0.72,COMPLETE
9515,0.6875,2026-04-08 19:20:51.807131,2026-04-08 19:20:58.840079,0 days 00:00:07.032948,458.0,1.0,117.2,155.6,0.55,COMPLETE
9516,0.6875,2026-04-08 19:20:58.856720,2026-04-08 19:21:06.415325,0 days 00:00:07.558605,300.0,2.0,124.0,153.0,0.62,COMPLETE
9517,0.6875,2026-04-08 19:21:06.431623,2026-04-08 19:21:13.606593,0 days 00:00:07.174970,276.0,2.0,120.8,158.5,0.34,COMPLETE
9518,0.6875,2026-04-08 19:21:13.625067,2026-04-08 19:21:20.922669,0 days 00:00:07.297602,430.0,1.0,117.2,152.1,0.01,COMPLETE
9519,0.6875,2026-04-08 19:21:20.938426,2026-04-08 19:21:27.880424,0 days 00:00:06.941998,421.0,1.0,116.8,156.7,0.0,COMPLETE
9520,0.6875,2026-04-08 19:21:27.898594,2026-04-08 19:21:34.760475,0 days 00:00:06.861881,471.0,1.0,114.6,153.4,0.23,COMPLETE
9521,0.6875,2026-04-08 19:21:34.779947,2026-04-08 19:21:41.546588,0 days 00:00:06.766641,483.0,2.0,115.5,151.3,0.31,COMPLETE
9522,0.825,2026-04-08 19:21:41.564895,2026-04-08 19:22:16.281435,0 days 00:00:34.716540,499.0,2.0,122.5,154.0,0.22,COMPLETE
9523,0.825,2026-04-08 19:22:16.299515,2026-04-08 19:22:50.582499,0 days 00:00:34.282984,323.0,2.0,122.6,156.9,0.6,COMPLETE
9524,0.6875,2026-04-08 19:22:50.600339,2026-04-08 19:22:57.733633,0 days 00:00:07.133294,394.0,1.0,117.2,157.1,0.28,COMPLETE
9525,0.825,2026-04-08 19:22:57.748543,2026-04-08 19:23:32.030639,0 days 00:00:34.282096,390.0,3.0,122.8,157.4,0.53,COMPLETE
9526,0.6875,2026-04-08 19:23:32.047297,2026-04-08 19:23:39.394596,0 days 00:00:07.347299,409.0,1.0,114.3,156.4,0.0,COMPLETE
9527,0.825,2026-04-08 19:23:39.408035,2026-04-08 19:24:14.036744,0 days 00:00:34.628709,401.0,1.0,121.5,155.0,0.26,COMPLETE
9528,0.6875,2026-04-08 19:24:14.054679,2026-04-08 19:24:21.389657,0 days 00:00:07.334978,456.0,2.0,115.3,158.3,0.18,COMPLETE
9529,0.6875,2026-04-08 19:24:21.405618,2026-04-08 19:24:29.174901,0 days 00:00:07.769283,417.0,1.0,122.9,151.0,0.5700000000000001,COMPLETE
9530,0.825,2026-04-08 19:24:29.194691,2026-04-08 19:25:03.421492,0 days 00:00:34.226801,394.0,1.0,124.1,154.9,0.04,COMPLETE
9531,0.6875,2026-04-08 19:25:03.440754,2026-04-08 19:25:11.022390,0 days 00:00:07.581636,372.0,1.0,115.4,154.5,0.22,COMPLETE
9532,0.6875,2026-04-08 19:25:11.038735,2026-04-08 19:25:18.434850,0 days 00:00:07.396115,319.0,1.0,121.7,153.8,0.05,COMPLETE
9533,0.6875,2026-04-08 19:25:18.453455,2026-04-08 19:25:25.506522,0 days 00:00:07.053067,181.0,2.0,121.9,153.2,0.27,COMPLETE
9534,0.6875,2026-04-08 19:25:25.521631,2026-04-08 19:25:32.260889,0 days 00:00:06.739258,258.0,2.0,120.5,155.3,0.29,COMPLETE
9535,0.6875,2026-04-08 19:25:32.280514,2026-04-08 19:25:38.993548,0 days 00:00:06.713034,381.0,1.0,118.7,152.9,0.31,COMPLETE
9536,0.6875,2026-04-08 19:25:39.009932,2026-04-08 19:25:46.020097,0 days 00:00:07.010165,436.0,1.0,114.9,156.1,0.26,COMPLETE
9537,0.6875,2026-04-08 19:25:46.038966,2026-04-08 19:25:53.574259,0 days 00:00:07.535293,223.0,1.0,120.1,154.7,0.3,COMPLETE
9538,0.825,2026-04-08 19:25:53.590200,2026-04-08 19:26:27.918307,0 days 00:00:34.328107,421.0,1.0,115.9,155.2,0.24,COMPLETE
9539,0.6875,2026-04-08 19:26:27.937164,2026-04-08 19:26:35.075098,0 days 00:00:07.137934,355.0,1.0,116.4,157.2,0.0,COMPLETE
9540,0.6875,2026-04-08 19:26:35.090438,2026-04-08 19:26:42.623125,0 days 00:00:07.532687,235.0,1.0,122.6,153.4,0.32,COMPLETE
9541,0.6875,2026-04-08 19:26:42.642783,2026-04-08 19:26:49.442000,0 days 00:00:06.799217,359.0,1.0,119.9,152.2,0.01,COMPLETE
9542,0.6875,2026-04-08 19:26:49.457444,2026-04-08 19:26:56.713248,0 days 00:00:07.255804,240.0,2.0,124.0,155.4,0.29,COMPLETE
9543,0.6875,2026-04-08 19:26:56.732713,2026-04-08 19:27:04.144643,0 days 00:00:07.411930,446.0,1.0,116.2,152.9,0.5,COMPLETE
9544,0.6875,2026-04-08 19:27:04.162697,2026-04-08 19:27:10.898616,0 days 00:00:06.735919,408.0,1.0,115.8,156.0,0.67,COMPLETE
9545,0.825,2026-04-08 19:27:10.917824,2026-04-08 19:27:45.246480,0 days 00:00:34.328656,317.0,1.0,119.4,155.5,0.52,COMPLETE
9546,0.6875,2026-04-08 19:27:45.265162,2026-04-08 19:27:52.233877,0 days 00:00:06.968715,405.0,1.0,115.5,154.5,0.72,COMPLETE
9547,0.825,2026-04-08 19:27:52.250192,2026-04-08 19:28:26.460314,0 days 00:00:34.210122,441.0,1.0,118.6,153.0,0.27,COMPLETE
9548,0.6875,2026-04-08 19:28:26.478296,2026-04-08 19:28:33.709830,0 days 00:00:07.231534,343.0,2.0,122.7,154.4,0.24,COMPLETE
9549,0.6875,2026-04-08 19:28:33.725580,2026-04-08 19:28:40.779187,0 days 00:00:07.053607,448.0,1.0,117.2,155.4,0.5,COMPLETE
9550,0.6875,2026-04-08 19:28:40.798939,2026-04-08 19:28:48.186424,0 days 00:00:07.387485,500.0,2.0,124.3,151.7,0.31,COMPLETE
9551,0.825,2026-04-08 19:28:48.201905,2026-04-08 19:29:23.018289,0 days 00:00:34.816384,380.0,1.0,118.2,154.9,0.24,COMPLETE
9552,0.825,2026-04-08 19:29:23.036850,2026-04-08 19:29:57.075170,0 days 00:00:34.038320,430.0,1.0,118.4,152.7,0.26,COMPLETE
9553,0.6875,2026-04-08 19:29:57.092388,2026-04-08 19:30:04.621326,0 days 00:00:07.528938,195.0,3.0,124.1,155.3,0.27,COMPLETE
9554,0.6875,2026-04-08 19:30:04.639562,2026-04-08 19:30:11.667385,0 days 00:00:07.027823,402.0,2.0,117.8,153.4,0.56,COMPLETE
9555,0.6875,2026-04-08 19:30:11.684205,2026-04-08 19:30:18.292967,0 days 00:00:06.608762,430.0,1.0,114.5,153.6,0.0,COMPLETE
9556,0.6875,2026-04-08 19:30:18.311479,2026-04-08 19:30:25.023591,0 days 00:00:06.712112,428.0,1.0,117.3,154.5,0.51,COMPLETE
9557,0.825,2026-04-08 19:30:25.038228,2026-04-08 19:30:59.532003,0 days 00:00:34.493775,372.0,1.0,123.3,156.9,0.47000000000000003,COMPLETE
9558,0.6875,2026-04-08 19:30:59.552528,2026-04-08 19:31:06.502850,0 days 00:00:06.950322,396.0,1.0,120.6,154.1,0.25,COMPLETE
9559,0.6875,2026-04-08 19:31:06.518700,2026-04-08 19:31:13.726354,0 days 00:00:07.207654,496.0,2.0,114.4,151.3,0.63,COMPLETE
9560,0.6875,2026-04-08 19:31:13.744808,2026-04-08 19:31:21.597585,0 days 00:00:07.852777,462.0,2.0,123.1,158.7,0.53,COMPLETE
9561,0.825,2026-04-08 19:31:21.611577,2026-04-08 19:31:56.120256,0 days 00:00:34.508679,480.0,2.0,118.9,154.4,0.31,COMPLETE
9562,0.6875,2026-04-08 19:31:56.137215,2026-04-08 19:32:03.482770,0 days 00:00:07.345555,363.0,1.0,116.5,158.3,0.31,COMPLETE
9563,0.6875,2026-04-08 19:32:03.500455,2026-04-08 19:32:10.496720,0 days 00:00:06.996265,406.0,2.0,115.0,153.6,0.02,COMPLETE
9564,0.6875,2026-04-08 19:32:10.513530,2026-04-08 19:32:18.901701,0 days 00:00:08.388171,206.0,2.0,126.8,153.2,0.26,COMPLETE
9565,0.6875,2026-04-08 19:32:18.919112,2026-04-08 19:32:26.769452,0 days 00:00:07.850340,410.0,1.0,115.2,154.5,0.01,COMPLETE
9566,0.825,2026-04-08 19:32:26.786857,2026-04-08 19:33:00.903584,0 days 00:00:34.116727,392.0,1.0,118.6,156.8,0.19,COMPLETE
9567,0.825,2026-04-08 19:33:00.921787,2026-04-08 19:33:35.192611,0 days 00:00:34.270824,433.0,1.0,122.7,155.6,0.67,COMPLETE
9568,0.6875,2026-04-08 19:33:35.212244,2026-04-08 19:33:42.530294,0 days 00:00:07.318050,442.0,1.0,116.6,156.1,0.15,COMPLETE
9569,0.825,2026-04-08 19:33:42.548880,2026-04-08 19:34:16.659486,0 days 00:00:34.110606,274.0,2.0,118.3,156.3,0.13,COMPLETE
9570,0.6875,2026-04-08 19:34:16.677931,2026-04-08 19:34:23.529984,0 days 00:00:06.852053,445.0,1.0,115.4,155.1,0.2,COMPLETE
9571,0.6875,2026-04-08 19:34:23.548514,2026-04-08 19:34:30.545455,0 days 00:00:06.996941,352.0,2.0,115.6,152.6,0.36,COMPLETE
9572,0.6875,2026-04-08 19:34:30.561859,2026-04-08 19:34:37.651536,0 days 00:00:07.089677,395.0,1.0,115.7,158.3,0.2,COMPLETE
