number,value,datetime_start,datetime_complete,duration,params_voltage,params_width,params_x,params_y,params_z,state
4518,0.6875,2026-04-05 16:16:58.131845,2026-04-05 16:17:04.840819,0 days 00:00:06.708974,426.0,1.0,115.1,156.1,0.01,COMPLETE
4519,0.825,2026-04-05 16:17:04.856691,2026-04-05 16:17:10.106487,0 days 00:00:05.249796,390.0,1.0,116.1,153.0,0.01,COMPLETE
4520,0.6875,2026-04-05 16:17:10.122008,2026-04-05 16:17:16.863100,0 days 00:00:06.741092,371.0,2.0,116.3,151.0,0.05,COMPLETE
4521,0.6875,2026-04-05 16:17:16.878460,2026-04-05 16:17:24.123847,0 days 00:00:07.245387,315.0,1.0,115.8,156.4,0.34,COMPLETE
4522,0.6875,2026-04-05 16:17:24.135395,2026-04-05 16:17:30.853262,0 days 00:00:06.717867,287.0,1.0,117.1,154.2,0.02,COMPLETE
4523,0.6875,2026-04-05 16:17:30.868463,2026-04-05 16:17:38.470452,0 days 00:00:07.601989,275.0,2.0,126.4,151.1,1.22,COMPLETE
4524,0.6875,2026-04-05 16:17:38.484860,2026-04-05 16:17:45.792507,0 days 00:00:07.307647,448.0,1.0,118.9,152.8,0.35000000000000003,COMPLETE
4525,0.6875,2026-04-05 16:17:45.807706,2026-04-05 16:17:53.015525,0 days 00:00:07.207819,404.0,1.0,115.6,158.8,0.37,COMPLETE
4526,0.825,2026-04-05 16:17:53.030447,2026-04-05 16:18:27.394245,0 days 00:00:34.363798,417.0,2.0,120.7,155.7,0.16,COMPLETE
4527,0.6875,2026-04-05 16:18:27.408577,2026-04-05 16:18:34.392921,0 days 00:00:06.984344,443.0,1.0,116.9,155.7,0.28,COMPLETE
4528,0.6875,2026-04-05 16:18:34.403973,2026-04-05 16:18:41.068845,0 days 00:00:06.664872,422.0,1.0,115.5,157.2,0.25,COMPLETE
4529,0.6875,2026-04-05 16:18:41.084212,2026-04-05 16:18:47.762147,0 days 00:00:06.677935,442.0,1.0,117.2,158.4,0.05,COMPLETE
4530,0.6875,2026-04-05 16:18:47.777121,2026-04-05 16:18:55.034114,0 days 00:00:07.256993,250.0,2.0,122.4,158.4,0.3,COMPLETE
4531,0.825,2026-04-05 16:18:55.049733,2026-04-05 16:19:29.109958,0 days 00:00:34.060225,497.0,2.0,121.0,156.2,0.48,COMPLETE
4532,0.6875,2026-04-05 16:19:29.125707,2026-04-05 16:19:36.548501,0 days 00:00:07.422794,408.0,1.0,114.9,155.1,0.0,COMPLETE
4533,0.825,2026-04-05 16:19:36.563918,2026-04-05 16:20:10.816248,0 days 00:00:34.252330,386.0,1.0,120.3,155.6,0.08,COMPLETE
4534,0.825,2026-04-05 16:20:10.831568,2026-04-05 16:20:44.860272,0 days 00:00:34.028704,381.0,1.0,118.1,154.5,0.24,COMPLETE
4535,0.6875,2026-04-05 16:20:44.875223,2026-04-05 16:20:51.749414,0 days 00:00:06.874191,432.0,1.0,115.6,153.2,0.35000000000000003,COMPLETE
4536,0.6875,2026-04-05 16:20:51.764578,2026-04-05 16:20:58.305716,0 days 00:00:06.541138,407.0,1.0,115.2,152.2,0.27,COMPLETE
4537,0.6875,2026-04-05 16:20:58.320594,2026-04-05 16:21:05.326394,0 days 00:00:07.005800,316.0,1.0,113.1,153.9,0.01,COMPLETE
4538,0.825,2026-04-05 16:21:05.337992,2026-04-05 16:21:18.947719,0 days 00:00:13.609727,410.0,1.0,117.9,154.2,0.0,COMPLETE
4539,0.6875,2026-04-05 16:21:18.963327,2026-04-05 16:21:25.594613,0 days 00:00:06.631286,444.0,1.0,117.4,154.5,0.32,COMPLETE
4540,0.6875,2026-04-05 16:21:25.609543,2026-04-05 16:21:32.114510,0 days 00:00:06.504967,403.0,1.0,117.5,153.8,0.0,COMPLETE
4541,0.825,2026-04-05 16:21:32.129790,2026-04-05 16:22:06.020742,0 days 00:00:33.890952,350.0,2.0,118.6,153.2,0.06,COMPLETE
4542,0.6875,2026-04-05 16:22:06.036046,2026-04-05 16:22:13.053960,0 days 00:00:07.017914,402.0,1.0,114.1,154.4,0.31,COMPLETE
4543,0.6875,2026-04-05 16:22:13.068910,2026-04-05 16:22:19.767860,0 days 00:00:06.698950,393.0,2.0,113.6,151.3,0.35000000000000003,COMPLETE
4544,0.6875,2026-04-05 16:22:19.783015,2026-04-05 16:22:26.666400,0 days 00:00:06.883385,406.0,1.0,114.9,155.5,0.54,COMPLETE
4545,0.6875,2026-04-05 16:22:26.678894,2026-04-05 16:22:33.681947,0 days 00:00:07.003053,347.0,1.0,116.5,157.9,0.38,COMPLETE
4546,0.825,2026-04-05 16:22:33.697011,2026-04-05 16:23:07.698995,0 days 00:00:34.001984,497.0,1.0,117.1,155.4,0.21,COMPLETE
4547,0.671875,2026-04-05 16:23:07.714774,2026-04-05 16:23:15.240530,0 days 00:00:07.525756,216.0,2.0,121.2,155.4,0.16,COMPLETE
4548,0.825,2026-04-05 16:23:15.255417,2026-04-05 16:23:49.180596,0 days 00:00:33.925179,374.0,1.0,120.1,157.5,0.45,COMPLETE
4549,0.6875,2026-04-05 16:23:49.197150,2026-04-05 16:23:56.571905,0 days 00:00:07.374755,313.0,1.0,116.8,152.8,0.29,COMPLETE
4550,0.6875,2026-04-05 16:23:56.586455,2026-04-05 16:24:03.375844,0 days 00:00:06.789389,354.0,1.0,116.6,155.6,0.29,COMPLETE
4551,0.825,2026-04-05 16:24:03.390391,2026-04-05 16:24:38.023072,0 days 00:00:34.632681,406.0,2.0,119.4,154.2,0.0,COMPLETE
4552,0.825,2026-04-05 16:24:38.037755,2026-04-05 16:24:51.605025,0 days 00:00:13.567270,334.0,1.0,116.7,154.1,0.01,COMPLETE
4553,0.6875,2026-04-05 16:24:51.620089,2026-04-05 16:24:58.454404,0 days 00:00:06.834315,303.0,2.0,116.1,151.7,1.82,COMPLETE
4554,0.6875,2026-04-05 16:24:58.469358,2026-04-05 16:25:06.174962,0 days 00:00:07.705604,225.0,2.0,124.3,155.2,0.54,COMPLETE
4555,0.825,2026-04-05 16:25:06.190148,2026-04-05 16:25:40.535608,0 days 00:00:34.345460,331.0,1.0,118.0,156.4,0.0,COMPLETE
4556,0.6875,2026-04-05 16:25:40.550934,2026-04-05 16:25:47.453600,0 days 00:00:06.902666,440.0,1.0,116.9,153.8,0.58,COMPLETE
4557,0.825,2026-04-05 16:25:47.469000,2026-04-05 16:26:22.249615,0 days 00:00:34.780615,463.0,1.0,116.2,156.3,0.04,COMPLETE
4558,0.6875,2026-04-05 16:26:22.264667,2026-04-05 16:26:29.376074,0 days 00:00:07.111407,468.0,1.0,113.2,152.4,0.31,COMPLETE
4559,0.825,2026-04-05 16:26:29.391472,2026-04-05 16:27:03.484271,0 days 00:00:34.092799,401.0,1.0,116.0,155.1,0.02,COMPLETE
4560,0.825,2026-04-05 16:27:03.499191,2026-04-05 16:27:38.306479,0 days 00:00:34.807288,405.0,2.0,125.4,155.0,0.11,COMPLETE
4561,0.6875,2026-04-05 16:27:38.321731,2026-04-05 16:27:45.641462,0 days 00:00:07.319731,352.0,2.0,116.9,156.7,0.29,COMPLETE
4562,0.825,2026-04-05 16:27:45.652926,2026-04-05 16:28:19.762997,0 days 00:00:34.110071,498.0,1.0,119.2,155.6,0.03,COMPLETE
4563,0.6875,2026-04-05 16:28:19.778090,2026-04-05 16:28:27.014621,0 days 00:00:07.236531,358.0,2.0,117.1,152.4,0.05,COMPLETE
4564,0.6875,2026-04-05 16:28:27.029402,2026-04-05 16:28:33.982968,0 days 00:00:06.953566,337.0,1.0,114.0,156.2,0.32,COMPLETE
4565,0.6875,2026-04-05 16:28:33.998159,2026-04-05 16:28:40.687122,0 days 00:00:06.688963,389.0,1.0,114.5,154.0,0.0,COMPLETE
4566,0.825,2026-04-05 16:28:40.702957,2026-04-05 16:29:14.804705,0 days 00:00:34.101748,450.0,1.0,117.5,156.1,0.51,COMPLETE
4567,0.6875,2026-04-05 16:29:14.819842,2026-04-05 16:29:21.449857,0 days 00:00:06.630015,449.0,1.0,117.0,155.9,0.0,COMPLETE
4568,0.6875,2026-04-05 16:29:21.465320,2026-04-05 16:29:28.410988,0 days 00:00:06.945668,367.0,1.0,116.2,153.9,0.25,COMPLETE
4569,0.825,2026-04-05 16:29:28.425783,2026-04-05 16:30:02.680485,0 days 00:00:34.254702,430.0,1.0,121.8,153.7,0.31,COMPLETE
4570,0.6875,2026-04-05 16:30:02.695575,2026-04-05 16:30:10.004704,0 days 00:00:07.309129,201.0,1.0,122.1,151.8,1.59,COMPLETE
4571,0.6875,2026-04-05 16:30:10.019420,2026-04-05 16:30:17.264734,0 days 00:00:07.245314,338.0,2.0,115.5,153.7,0.02,COMPLETE
4572,0.6875,2026-04-05 16:30:17.276851,2026-04-05 16:30:24.696303,0 days 00:00:07.419452,432.0,1.0,123.8,155.6,0.59,COMPLETE
4573,0.640625,2026-04-05 16:30:24.711477,2026-04-05 16:30:32.303847,0 days 00:00:07.592370,366.0,3.0,116.1,153.5,0.07,COMPLETE
4574,0.6875,2026-04-05 16:30:32.320136,2026-04-05 16:30:39.444246,0 days 00:00:07.124110,410.0,1.0,122.2,154.7,0.29,COMPLETE
4575,0.6875,2026-04-05 16:30:39.459591,2026-04-05 16:30:46.491759,0 days 00:00:07.032168,390.0,1.0,116.6,155.2,0.52,COMPLETE
4576,0.825,2026-04-05 16:30:46.507293,2026-04-05 16:31:20.512881,0 days 00:00:34.005588,354.0,1.0,118.8,152.9,0.0,COMPLETE
4577,0.825,2026-04-05 16:31:20.528017,2026-04-05 16:31:54.562353,0 days 00:00:34.034336,426.0,1.0,116.5,154.4,0.02,COMPLETE
4578,0.6875,2026-04-05 16:31:54.577907,2026-04-05 16:32:01.315718,0 days 00:00:06.737811,404.0,1.0,114.7,153.9,0.34,COMPLETE
4579,0.6875,2026-04-05 16:32:01.330006,2026-04-05 16:32:08.100207,0 days 00:00:06.770201,375.0,3.0,113.5,151.5,0.04,COMPLETE
4580,0.6875,2026-04-05 16:32:08.115129,2026-04-05 16:32:14.936606,0 days 00:00:06.821477,457.0,1.0,114.7,155.1,0.31,COMPLETE
4581,0.6875,2026-04-05 16:32:14.947607,2026-04-05 16:32:21.476746,0 days 00:00:06.529139,442.0,1.0,115.7,155.8,0.27,COMPLETE
4582,0.6875,2026-04-05 16:32:21.492407,2026-04-05 16:32:28.151613,0 days 00:00:06.659206,366.0,1.0,115.7,155.6,0.02,COMPLETE
4583,0.6875,2026-04-05 16:32:28.166244,2026-04-05 16:32:34.820209,0 days 00:00:06.653965,394.0,1.0,116.8,154.1,0.28,COMPLETE
4584,0.6875,2026-04-05 16:32:34.834877,2026-04-05 16:32:41.983351,0 days 00:00:07.148474,442.0,1.0,119.5,159.7,0.22,COMPLETE
4585,0.825,2026-04-05 16:32:41.998311,2026-04-05 16:33:16.218504,0 days 00:00:34.220193,393.0,1.0,118.3,155.7,0.36,COMPLETE
4586,0.6875,2026-04-05 16:33:16.233047,2026-04-05 16:33:23.213775,0 days 00:00:06.980728,491.0,1.0,117.7,151.6,0.2,COMPLETE
4587,0.6875,2026-04-05 16:33:23.228887,2026-04-05 16:33:29.945157,0 days 00:00:06.716270,349.0,1.0,117.2,151.2,0.19,COMPLETE
4588,0.825,2026-04-05 16:33:29.960415,2026-04-05 16:34:04.351325,0 days 00:00:34.390910,411.0,1.0,118.6,156.0,0.28,COMPLETE
4589,0.6875,2026-04-05 16:34:04.366344,2026-04-05 16:34:12.257784,0 days 00:00:07.891440,228.0,2.0,125.2,152.4,0.27,COMPLETE
4590,0.6875,2026-04-05 16:34:12.268907,2026-04-05 16:34:19.597845,0 days 00:00:07.328938,432.0,1.0,117.5,150.4,0.01,COMPLETE
4591,0.6875,2026-04-05 16:34:19.612767,2026-04-05 16:34:26.757164,0 days 00:00:07.144397,394.0,2.0,114.9,156.2,0.01,COMPLETE
4592,0.6875,2026-04-05 16:34:26.772505,2026-04-05 16:34:33.684126,0 days 00:00:06.911621,420.0,1.0,114.1,151.8,0.0,COMPLETE
4593,0.6875,2026-04-05 16:34:33.699729,2026-04-05 16:34:40.830980,0 days 00:00:07.131251,411.0,1.0,115.7,157.8,0.25,COMPLETE
4594,0.825,2026-04-05 16:34:40.846506,2026-04-05 16:35:15.004966,0 days 00:00:34.158460,431.0,1.0,117.9,154.7,0.25,COMPLETE
4595,0.6875,2026-04-05 16:35:15.019931,2026-04-05 16:35:22.231326,0 days 00:00:07.211395,319.0,1.0,114.4,154.3,0.48,COMPLETE
4596,0.6875,2026-04-05 16:35:22.242239,2026-04-05 16:35:28.879507,0 days 00:00:06.637268,440.0,2.0,115.8,155.3,0.0,COMPLETE
4597,0.6875,2026-04-05 16:35:28.895015,2026-04-05 16:35:35.382676,0 days 00:00:06.487661,384.0,1.0,115.6,155.3,0.35000000000000003,COMPLETE
4598,0.6875,2026-04-05 16:35:35.395788,2026-04-05 16:35:41.963573,0 days 00:00:06.567785,393.0,1.0,116.3,154.4,0.32,COMPLETE
4599,0.6875,2026-04-05 16:35:41.979381,2026-04-05 16:35:48.716663,0 days 00:00:06.737282,251.0,1.0,116.5,153.8,0.79,COMPLETE
4600,0.6875,2026-04-05 16:35:48.731832,2026-04-05 16:35:55.259334,0 days 00:00:06.527502,447.0,1.0,117.4,154.1,0.35000000000000003,COMPLETE
4601,0.825,2026-04-05 16:35:55.274815,2026-04-05 16:36:29.742731,0 days 00:00:34.467916,492.0,1.0,123.0,157.3,0.5700000000000001,COMPLETE
4602,0.6875,2026-04-05 16:36:29.757779,2026-04-05 16:36:36.972601,0 days 00:00:07.214822,367.0,1.0,127.0,158.9,1.47,COMPLETE
4603,0.6875,2026-04-05 16:36:36.987265,2026-04-05 16:36:45.196389,0 days 00:00:08.209124,366.0,1.0,113.2,155.0,0.04,COMPLETE
4604,0.6875,2026-04-05 16:36:45.212432,2026-04-05 16:36:52.993569,0 days 00:00:07.781137,459.0,2.0,124.1,155.9,0.36,COMPLETE
4605,0.6875,2026-04-05 16:36:53.008875,2026-04-05 16:37:00.753560,0 days 00:00:07.744685,372.0,1.0,115.3,153.1,0.62,COMPLETE
4606,0.825,2026-04-05 16:37:00.767454,2026-04-05 16:37:34.781288,0 days 00:00:34.013834,492.0,1.0,116.3,154.2,0.01,COMPLETE
4607,0.6875,2026-04-05 16:37:34.796540,2026-04-05 16:37:42.025927,0 days 00:00:07.229387,358.0,1.0,114.8,156.6,0.2,COMPLETE
4608,0.825,2026-04-05 16:37:42.037492,2026-04-05 16:38:16.233714,0 days 00:00:34.196222,401.0,2.0,118.9,157.2,0.46,COMPLETE
4609,0.6875,2026-04-05 16:38:16.249784,2026-04-05 16:38:23.281286,0 days 00:00:07.031502,426.0,1.0,114.3,155.4,0.02,COMPLETE
4610,0.6875,2026-04-05 16:38:23.295019,2026-04-05 16:38:30.112980,0 days 00:00:06.817961,463.0,1.0,116.6,153.7,0.0,COMPLETE
4611,0.825,2026-04-05 16:38:30.124104,2026-04-05 16:38:35.015021,0 days 00:00:04.890917,438.0,1.0,116.0,153.6,0.28,COMPLETE
4612,0.6875,2026-04-05 16:38:35.029836,2026-04-05 16:38:41.838422,0 days 00:00:06.808586,442.0,1.0,114.8,156.8,0.36,COMPLETE
4613,0.825,2026-04-05 16:38:41.851565,2026-04-05 16:39:15.887708,0 days 00:00:34.036143,455.0,1.0,118.0,154.8,0.27,COMPLETE
4614,0.825,2026-04-05 16:39:15.899985,2026-04-05 16:39:49.962420,0 days 00:00:34.062435,366.0,1.0,116.7,154.7,0.03,COMPLETE
4615,0.6875,2026-04-05 16:39:49.977942,2026-04-05 16:39:57.462965,0 days 00:00:07.485023,424.0,2.0,124.2,158.2,0.43,COMPLETE
4616,0.6875,2026-04-05 16:39:57.478159,2026-04-05 16:40:05.039939,0 days 00:00:07.561780,354.0,2.0,117.4,154.4,0.0,COMPLETE
4617,0.825,2026-04-05 16:40:05.055362,2026-04-05 16:40:39.097427,0 days 00:00:34.042065,392.0,1.0,117.7,156.2,0.04,COMPLETE
4618,0.825,2026-04-05 16:40:39.109656,2026-04-05 16:41:35.408505,0 days 00:00:56.298849,498.0,1.0,124.4,153.1,0.1,COMPLETE
4619,0.825,2026-04-05 16:41:35.423582,2026-04-05 16:42:09.471462,0 days 00:00:34.047880,439.0,2.0,122.8,154.8,0.29,COMPLETE
4620,0.6875,2026-04-05 16:42:09.486324,2026-04-05 16:42:16.978100,0 days 00:00:07.491776,381.0,1.0,115.4,156.8,0.28,COMPLETE
4621,0.6875,2026-04-05 16:42:16.992870,2026-04-05 16:42:23.694532,0 days 00:00:06.701662,334.0,1.0,116.1,154.5,0.35000000000000003,COMPLETE
4622,0.825,2026-04-05 16:42:23.705748,2026-04-05 16:42:57.867797,0 days 00:00:34.162049,377.0,1.0,118.0,155.6,0.39,COMPLETE
4623,0.6875,2026-04-05 16:42:57.881552,2026-04-05 16:43:04.736437,0 days 00:00:06.854885,499.0,1.0,116.9,158.4,0.11,COMPLETE
4624,0.6875,2026-04-05 16:43:04.751529,2026-04-05 16:43:11.776798,0 days 00:00:07.025269,497.0,1.0,113.4,154.3,0.0,COMPLETE
4625,0.825,2026-04-05 16:43:11.792106,2026-04-05 16:43:45.973804,0 days 00:00:34.181698,500.0,2.0,118.0,155.3,0.04,COMPLETE
4626,0.825,2026-04-05 16:43:45.987531,2026-04-05 16:44:20.282632,0 days 00:00:34.295101,424.0,1.0,122.1,155.7,0.3,COMPLETE
4627,0.825,2026-04-05 16:44:20.292993,2026-04-05 16:44:25.687618,0 days 00:00:05.394625,498.0,1.0,116.8,155.1,0.0,COMPLETE
4628,0.6875,2026-04-05 16:44:25.703460,2026-04-05 16:44:32.633037,0 days 00:00:06.929577,423.0,1.0,116.1,153.9,0.32,COMPLETE
4629,0.6875,2026-04-05 16:44:32.644133,2026-04-05 16:44:39.382903,0 days 00:00:06.738770,408.0,1.0,117.7,156.9,0.62,COMPLETE
4630,0.6875,2026-04-05 16:44:39.399251,2026-04-05 16:44:46.127528,0 days 00:00:06.728277,445.0,1.0,115.3,154.8,0.02,COMPLETE
4631,0.6875,2026-04-05 16:44:46.142541,2026-04-05 16:44:52.957575,0 days 00:00:06.815034,390.0,1.0,116.5,152.2,0.46,COMPLETE
4632,0.825,2026-04-05 16:44:52.972505,2026-04-05 16:44:58.220090,0 days 00:00:05.247585,459.0,1.0,117.0,156.2,0.27,COMPLETE
4633,0.6875,2026-04-05 16:44:58.235155,2026-04-05 16:45:05.955511,0 days 00:00:07.720356,280.0,2.0,125.3,155.4,0.05,COMPLETE
4634,0.6875,2026-04-05 16:45:05.970922,2026-04-05 16:45:13.550780,0 days 00:00:07.579858,384.0,1.0,116.1,157.3,0.27,COMPLETE
4635,0.825,2026-04-05 16:45:13.565336,2026-04-05 16:45:47.587064,0 days 00:00:34.021728,393.0,1.0,116.9,154.4,0.01,COMPLETE
4636,0.6875,2026-04-05 16:45:47.601936,2026-04-05 16:45:54.440132,0 days 00:00:06.838196,456.0,1.0,117.2,156.2,0.6,COMPLETE
4637,0.825,2026-04-05 16:45:54.451447,2026-04-05 16:46:28.555507,0 days 00:00:34.104060,452.0,1.0,117.5,153.1,0.28,COMPLETE
4638,0.6875,2026-04-05 16:46:28.571007,2026-04-05 16:46:35.691612,0 days 00:00:07.120605,323.0,1.0,114.7,152.2,0.4,COMPLETE
4639,0.6875,2026-04-05 16:46:35.706389,2026-04-05 16:46:42.446211,0 days 00:00:06.739822,374.0,1.0,113.6,155.3,0.55,COMPLETE
4640,0.6875,2026-04-05 16:46:42.456305,2026-04-05 16:46:49.169548,0 days 00:00:06.713243,411.0,1.0,113.0,157.5,0.02,COMPLETE
4641,0.825,2026-04-05 16:46:49.184691,2026-04-05 16:47:23.578868,0 days 00:00:34.394177,447.0,1.0,119.6,154.9,0.01,COMPLETE
4642,0.825,2026-04-05 16:47:23.593738,2026-04-05 16:47:57.609374,0 days 00:00:34.015636,433.0,1.0,122.7,154.6,0.03,COMPLETE
4643,0.6875,2026-04-05 16:47:57.624658,2026-04-05 16:48:05.081725,0 days 00:00:07.457067,297.0,2.0,116.6,154.0,0.63,COMPLETE
4644,0.6875,2026-04-05 16:48:05.096765,2026-04-05 16:48:12.575966,0 days 00:00:07.479201,334.0,3.0,125.5,154.3,1.16,COMPLETE
4645,0.6875,2026-04-05 16:48:12.591209,2026-04-05 16:48:19.888798,0 days 00:00:07.297589,367.0,2.0,117.9,154.2,0.38,COMPLETE
4646,0.825,2026-04-05 16:48:19.903365,2026-04-05 16:48:54.419002,0 days 00:00:34.515637,342.0,1.0,118.3,154.5,0.0,COMPLETE
4647,0.6875,2026-04-05 16:48:54.434665,2026-04-05 16:49:01.353507,0 days 00:00:06.918842,407.0,3.0,115.9,152.3,0.01,COMPLETE
4648,0.6875,2026-04-05 16:49:01.364751,2026-04-05 16:49:07.943658,0 days 00:00:06.578907,394.0,1.0,115.1,153.7,0.24,COMPLETE
4649,0.825,2026-04-05 16:49:07.959069,2026-04-05 16:49:42.076494,0 days 00:00:34.117425,433.0,1.0,117.9,155.9,0.0,COMPLETE
4650,0.825,2026-04-05 16:49:42.092002,2026-04-05 16:50:15.873073,0 days 00:00:33.781071,375.0,1.0,119.0,155.6,0.02,COMPLETE
4651,0.6875,2026-04-05 16:50:15.888278,2026-04-05 16:50:22.779510,0 days 00:00:06.891232,417.0,1.0,116.1,153.0,0.01,COMPLETE
4652,0.825,2026-04-05 16:50:22.791789,2026-04-05 16:50:56.829529,0 days 00:00:34.037740,394.0,1.0,119.0,154.3,0.49,COMPLETE
4653,0.0,2026-04-05 16:50:56.844397,2026-04-05 16:51:03.742679,0 days 00:00:06.898282,392.0,1.0,116.6,154.0,0.22,COMPLETE
4654,0.6875,2026-04-05 16:51:03.757937,2026-04-05 16:51:10.549262,0 days 00:00:06.791325,452.0,1.0,115.2,151.5,0.43,COMPLETE
4655,0.6875,2026-04-05 16:51:10.563749,2026-04-05 16:51:17.574994,0 days 00:00:07.011245,369.0,1.0,118.1,151.2,0.0,COMPLETE
4656,0.6875,2026-04-05 16:51:17.590213,2026-04-05 16:51:24.269557,0 days 00:00:06.679344,408.0,1.0,115.8,152.0,0.21,COMPLETE
4657,0.6875,2026-04-05 16:51:24.284621,2026-04-05 16:51:31.647365,0 days 00:00:07.362744,291.0,3.0,120.4,156.0,0.58,COMPLETE
4658,0.6875,2026-04-05 16:51:31.662294,2026-04-05 16:51:38.489537,0 days 00:00:06.827243,380.0,1.0,117.7,153.2,0.49,COMPLETE
4659,0.6875,2026-04-05 16:51:38.504677,2026-04-05 16:51:45.276462,0 days 00:00:06.771785,396.0,1.0,115.0,153.1,0.59,COMPLETE
4660,0.6875,2026-04-05 16:51:45.292059,2026-04-05 16:51:52.081255,0 days 00:00:06.789196,372.0,1.0,117.4,151.9,0.32,COMPLETE
4661,0.6875,2026-04-05 16:51:52.097356,2026-04-05 16:51:58.841276,0 days 00:00:06.743920,323.0,1.0,117.9,155.1,0.73,COMPLETE
4662,0.6875,2026-04-05 16:51:58.854423,2026-04-05 16:52:05.661262,0 days 00:00:06.806839,362.0,1.0,115.5,152.1,0.14,COMPLETE
4663,0.6875,2026-04-05 16:52:05.676742,2026-04-05 16:52:12.238540,0 days 00:00:06.561798,354.0,1.0,116.1,153.1,0.25,COMPLETE
4664,0.6875,2026-04-05 16:52:12.253503,2026-04-05 16:52:18.968971,0 days 00:00:06.715468,443.0,1.0,114.2,154.4,0.55,COMPLETE
4665,0.6875,2026-04-05 16:52:18.984701,2026-04-05 16:52:25.742501,0 days 00:00:06.757800,405.0,1.0,117.0,152.5,0.38,COMPLETE
4666,0.6875,2026-04-05 16:52:25.758268,2026-04-05 16:52:32.484097,0 days 00:00:06.725829,486.0,2.0,114.9,153.6,0.02,COMPLETE
4667,0.825,2026-04-05 16:52:32.497758,2026-04-05 16:52:38.433318,0 days 00:00:05.935560,260.0,2.0,122.5,155.1,0.03,COMPLETE
4668,0.6875,2026-04-05 16:52:38.447716,2026-04-05 16:52:45.647171,0 days 00:00:07.199455,206.0,2.0,126.4,156.2,1.61,COMPLETE
4669,0.825,2026-04-05 16:52:45.658650,2026-04-05 16:53:20.442494,0 days 00:00:34.783844,430.0,1.0,118.2,152.8,0.04,COMPLETE
4670,0.6875,2026-04-05 16:53:20.454386,2026-04-05 16:53:27.365639,0 days 00:00:06.911253,497.0,2.0,115.1,155.3,0.05,COMPLETE
4671,0.6875,2026-04-05 16:53:27.380262,2026-04-05 16:53:34.326510,0 days 00:00:06.946248,420.0,1.0,113.9,153.4,0.25,COMPLETE
4672,0.6875,2026-04-05 16:53:34.341415,2026-04-05 16:53:42.077192,0 days 00:00:07.735777,190.0,3.0,119.6,156.7,1.47,COMPLETE
4673,0.6875,2026-04-05 16:53:42.092219,2026-04-05 16:53:49.207562,0 days 00:00:07.115343,409.0,2.0,117.6,151.1,0.05,COMPLETE
4674,0.825,2026-04-05 16:53:49.222220,2026-04-05 16:53:56.763205,0 days 00:00:07.540985,328.0,1.0,115.6,154.7,0.0,COMPLETE
4675,0.6875,2026-04-05 16:53:56.778447,2026-04-05 16:54:03.266929,0 days 00:00:06.488482,391.0,1.0,115.0,153.7,0.01,COMPLETE
4676,0.6875,2026-04-05 16:54:03.282818,2026-04-05 16:54:09.691453,0 days 00:00:06.408635,354.0,1.0,115.8,153.9,0.31,COMPLETE
4677,0.0,2026-04-05 16:54:09.706522,2026-04-05 16:54:16.103008,0 days 00:00:06.396486,384.0,1.0,116.5,153.4,0.0,COMPLETE
4678,0.6875,2026-04-05 16:54:16.118498,2026-04-05 16:54:22.532066,0 days 00:00:06.413568,377.0,2.0,116.1,154.3,0.0,COMPLETE
4679,0.6875,2026-04-05 16:54:22.546952,2026-04-05 16:54:29.183567,0 days 00:00:06.636615,500.0,2.0,116.4,157.6,0.09,COMPLETE
4680,0.6875,2026-04-05 16:54:29.198582,2026-04-05 16:54:36.362152,0 days 00:00:07.163570,285.0,1.0,116.2,151.6,0.32,COMPLETE
4681,0.6875,2026-04-05 16:54:36.376443,2026-04-05 16:54:43.015252,0 days 00:00:06.638809,387.0,1.0,117.1,154.2,0.03,COMPLETE
4682,0.6875,2026-04-05 16:54:43.028981,2026-04-05 16:54:49.589726,0 days 00:00:06.560745,371.0,1.0,116.4,151.9,0.07,COMPLETE
4683,0.6875,2026-04-05 16:54:49.606975,2026-04-05 16:54:56.339979,0 days 00:00:06.733004,308.0,1.0,114.7,152.4,0.17,COMPLETE
4684,0.6875,2026-04-05 16:54:56.355496,2026-04-05 16:55:03.023142,0 days 00:00:06.667646,354.0,1.0,117.0,154.1,0.2,COMPLETE
4685,0.6875,2026-04-05 16:55:03.038458,2026-04-05 16:55:09.608214,0 days 00:00:06.569756,333.0,1.0,115.6,152.6,0.63,COMPLETE
4686,0.825,2026-04-05 16:55:09.624359,2026-04-05 16:55:43.564981,0 days 00:00:33.940622,436.0,1.0,117.4,153.1,0.01,COMPLETE
4687,0.6875,2026-04-05 16:55:43.579756,2026-04-05 16:55:50.423586,0 days 00:00:06.843830,372.0,1.0,118.1,152.7,0.41000000000000003,COMPLETE
4688,0.6875,2026-04-05 16:55:50.438785,2026-04-05 16:55:56.924365,0 days 00:00:06.485580,364.0,1.0,117.6,152.4,0.14,COMPLETE
4689,0.825,2026-04-05 16:55:56.939257,2026-04-05 16:56:30.899675,0 days 00:00:33.960418,371.0,1.0,119.3,153.3,0.24,COMPLETE
4690,0.6875,2026-04-05 16:56:30.915431,2026-04-05 16:56:37.966786,0 days 00:00:07.051355,367.0,1.0,115.3,151.1,0.25,COMPLETE
4691,0.6875,2026-04-05 16:56:37.981950,2026-04-05 16:56:44.550641,0 days 00:00:06.568691,404.0,1.0,114.2,151.6,0.0,COMPLETE
