number,value,datetime_start,datetime_complete,duration,params_voltage,params_width,params_x,params_y,params_z,state
870,0.6875,2026-04-04 20:41:41.384810,2026-04-04 20:41:48.439353,0 days 00:00:07.054543,336.0,2.0,118.1,157.8,0.73,COMPLETE
871,0.671875,2026-04-04 20:41:48.452255,2026-04-04 20:41:55.539705,0 days 00:00:07.087450,476.0,3.0,122.4,154.4,0.35000000000000003,COMPLETE
872,0.6875,2026-04-04 20:41:55.552011,2026-04-04 20:42:02.465823,0 days 00:00:06.913812,387.0,1.0,125.3,153.7,1.68,COMPLETE
873,0.6875,2026-04-04 20:42:02.477759,2026-04-04 20:42:09.079000,0 days 00:00:06.601241,425.0,2.0,124.7,152.8,1.0,COMPLETE
874,0.825,2026-04-04 20:42:09.091238,2026-04-04 20:42:43.191315,0 days 00:00:34.100077,415.0,3.0,121.8,152.8,0.23,COMPLETE
875,0.825,2026-04-04 20:42:43.203337,2026-04-04 20:43:17.001048,0 days 00:00:33.797711,465.0,3.0,122.6,152.5,0.36,COMPLETE
876,0.825,2026-04-04 20:43:17.013156,2026-04-04 20:43:51.010523,0 days 00:00:33.997367,422.0,3.0,123.0,154.3,0.11,COMPLETE
877,0.6875,2026-04-04 20:43:51.022447,2026-04-04 20:43:57.790737,0 days 00:00:06.768290,467.0,3.0,120.0,153.2,0.3,COMPLETE
878,0.6875,2026-04-04 20:43:57.802971,2026-04-04 20:44:04.290888,0 days 00:00:06.487917,475.0,3.0,120.3,154.2,0.77,COMPLETE
879,0.6875,2026-04-04 20:44:04.302951,2026-04-04 20:44:11.292771,0 days 00:00:06.989820,386.0,2.0,121.3,151.7,0.97,COMPLETE
880,0.6875,2026-04-04 20:44:11.302317,2026-04-04 20:44:18.073314,0 days 00:00:06.770997,385.0,3.0,122.8,153.5,0.58,COMPLETE
881,0.825,2026-04-04 20:44:18.085491,2026-04-04 20:44:52.212792,0 days 00:00:34.127301,459.0,3.0,124.1,156.7,0.31,COMPLETE
882,0.6875,2026-04-04 20:44:52.224801,2026-04-04 20:44:59.854018,0 days 00:00:07.629217,269.0,2.0,115.2,156.4,0.28,COMPLETE
883,0.6875,2026-04-04 20:44:59.866391,2026-04-04 20:45:07.254659,0 days 00:00:07.388268,198.0,2.0,121.9,155.5,1.79,COMPLETE
884,0.6875,2026-04-04 20:45:07.267020,2026-04-04 20:45:14.211791,0 days 00:00:06.944771,464.0,2.0,124.2,151.3,0.36,COMPLETE
885,0.825,2026-04-04 20:45:14.222998,2026-04-04 20:45:48.278747,0 days 00:00:34.055749,487.0,3.0,123.7,155.1,0.63,COMPLETE
886,0.6875,2026-04-04 20:45:48.290720,2026-04-04 20:45:56.091383,0 days 00:00:07.800663,152.0,2.0,117.1,156.3,0.37,COMPLETE
887,0.6875,2026-04-04 20:45:56.103737,2026-04-04 20:46:02.835679,0 days 00:00:06.731942,463.0,3.0,121.2,158.2,0.38,COMPLETE
888,0.6875,2026-04-04 20:46:02.847954,2026-04-04 20:46:10.257636,0 days 00:00:07.409682,396.0,1.0,119.4,150.4,0.05,COMPLETE
889,0.6875,2026-04-04 20:46:10.270625,2026-04-04 20:46:17.656758,0 days 00:00:07.386133,270.0,1.0,125.7,155.4,0.87,COMPLETE
890,0.6875,2026-04-04 20:46:17.666641,2026-04-04 20:46:24.380030,0 days 00:00:06.713389,485.0,3.0,121.5,154.5,0.46,COMPLETE
891,0.825,2026-04-04 20:46:24.392058,2026-04-04 20:46:58.433144,0 days 00:00:34.041086,436.0,3.0,121.3,157.0,0.05,COMPLETE
892,0.825,2026-04-04 20:46:58.446785,2026-04-04 20:47:32.466404,0 days 00:00:34.019619,473.0,3.0,122.2,154.5,0.07,COMPLETE
893,0.6875,2026-04-04 20:47:32.478784,2026-04-04 20:47:39.208303,0 days 00:00:06.729519,463.0,1.0,121.7,158.1,0.8,COMPLETE
894,0.6875,2026-04-04 20:47:39.217687,2026-04-04 20:47:46.459422,0 days 00:00:07.241735,250.0,3.0,122.1,154.7,1.22,COMPLETE
895,0.825,2026-04-04 20:47:46.471017,2026-04-04 20:48:20.369899,0 days 00:00:33.898882,495.0,3.0,123.3,154.8,0.24,COMPLETE
896,0.6875,2026-04-04 20:48:20.381799,2026-04-04 20:48:27.507578,0 days 00:00:07.125779,362.0,2.0,122.6,155.7,1.78,COMPLETE
897,0.825,2026-04-04 20:48:27.519523,2026-04-04 20:49:01.567301,0 days 00:00:34.047778,485.0,3.0,125.1,153.3,0.62,COMPLETE
898,0.6875,2026-04-04 20:49:01.579444,2026-04-04 20:49:09.039640,0 days 00:00:07.460196,161.0,2.0,126.0,150.5,0.8,COMPLETE
899,0.6875,2026-04-04 20:49:09.052151,2026-04-04 20:49:16.238349,0 days 00:00:07.186198,220.0,3.0,118.5,153.1,0.88,COMPLETE
900,0.6875,2026-04-04 20:49:16.251022,2026-04-04 20:49:23.705076,0 days 00:00:07.454054,206.0,3.0,126.8,148.8,0.4,COMPLETE
901,0.6875,2026-04-04 20:49:23.717698,2026-04-04 20:49:30.667824,0 days 00:00:06.950126,183.0,3.0,127.0,152.8,0.58,COMPLETE
902,0.6875,2026-04-04 20:49:30.680171,2026-04-04 20:49:38.316051,0 days 00:00:07.635880,278.0,2.0,117.3,159.5,0.61,COMPLETE
903,0.6875,2026-04-04 20:49:38.328808,2026-04-04 20:49:45.414475,0 days 00:00:07.085667,490.0,3.0,124.1,157.7,1.03,COMPLETE
904,0.6875,2026-04-04 20:49:45.426847,2026-04-04 20:49:52.510971,0 days 00:00:07.084124,497.0,3.0,121.3,151.2,0.27,COMPLETE
905,0.6875,2026-04-04 20:49:52.523952,2026-04-04 20:49:59.571813,0 days 00:00:07.047861,497.0,2.0,116.0,153.7,0.72,COMPLETE
906,0.6875,2026-04-04 20:49:59.584017,2026-04-04 20:50:07.511928,0 days 00:00:07.927911,215.0,3.0,125.8,153.1,1.68,COMPLETE
907,0.6875,2026-04-04 20:50:07.524240,2026-04-04 20:50:14.866269,0 days 00:00:07.342029,443.0,2.0,119.2,148.3,1.24,COMPLETE
908,0.6875,2026-04-04 20:50:14.877488,2026-04-04 20:50:22.422754,0 days 00:00:07.545266,476.0,1.0,119.4,157.5,1.37,COMPLETE
909,0.6875,2026-04-04 20:50:22.434947,2026-04-04 20:50:29.269889,0 days 00:00:06.834942,405.0,2.0,122.0,155.2,1.08,COMPLETE
910,0.6875,2026-04-04 20:50:29.282664,2026-04-04 20:50:36.596253,0 days 00:00:07.313589,317.0,1.0,118.9,148.4,1.74,COMPLETE
911,0.6875,2026-04-04 20:50:36.608522,2026-04-04 20:50:43.944672,0 days 00:00:07.336150,187.0,3.0,123.0,151.3,1.75,COMPLETE
912,0.6875,2026-04-04 20:50:43.957906,2026-04-04 20:50:50.756880,0 days 00:00:06.798974,487.0,2.0,126.9,152.8,1.37,COMPLETE
913,0.6875,2026-04-04 20:50:50.768443,2026-04-04 20:50:58.173819,0 days 00:00:07.405376,199.0,2.0,122.3,152.3,0.56,COMPLETE
914,0.6875,2026-04-04 20:50:58.183034,2026-04-04 20:51:05.757996,0 days 00:00:07.574962,296.0,2.0,116.3,159.6,1.81,COMPLETE
915,0.6875,2026-04-04 20:51:05.770238,2026-04-04 20:51:13.590276,0 days 00:00:07.820038,281.0,3.0,125.6,152.7,1.41,COMPLETE
916,0.6875,2026-04-04 20:51:13.602438,2026-04-04 20:51:21.365933,0 days 00:00:07.763495,421.0,1.0,114.5,158.1,1.51,COMPLETE
917,0.6875,2026-04-04 20:51:21.377995,2026-04-04 20:51:28.735465,0 days 00:00:07.357470,494.0,2.0,122.5,153.4,0.46,COMPLETE
918,0.6875,2026-04-04 20:51:28.747629,2026-04-04 20:51:36.403850,0 days 00:00:07.656221,385.0,1.0,113.3,154.8,1.49,COMPLETE
919,0.6875,2026-04-04 20:51:36.416290,2026-04-04 20:51:43.972576,0 days 00:00:07.556286,196.0,3.0,118.0,151.5,1.06,COMPLETE
920,0.6875,2026-04-04 20:51:43.988239,2026-04-04 20:51:50.822467,0 days 00:00:06.834228,159.0,1.0,116.4,150.2,0.7000000000000001,COMPLETE
921,0.6875,2026-04-04 20:51:50.835032,2026-04-04 20:51:57.566497,0 days 00:00:06.731465,194.0,2.0,119.1,148.6,1.22,COMPLETE
922,0.6875,2026-04-04 20:51:57.579834,2026-04-04 20:52:05.238887,0 days 00:00:07.659053,223.0,2.0,114.0,159.5,0.79,COMPLETE
923,0.6875,2026-04-04 20:52:05.247178,2026-04-04 20:52:12.261424,0 days 00:00:07.014246,208.0,1.0,113.6,152.9,1.61,COMPLETE
924,0.6875,2026-04-04 20:52:12.273816,2026-04-04 20:52:19.819428,0 days 00:00:07.545612,426.0,1.0,123.4,150.7,0.0,COMPLETE
925,0.6875,2026-04-04 20:52:19.832207,2026-04-04 20:52:26.724742,0 days 00:00:06.892535,406.0,2.0,119.9,148.0,1.79,COMPLETE
926,0.6875,2026-04-04 20:52:26.737297,2026-04-04 20:52:34.377275,0 days 00:00:07.639978,236.0,3.0,126.0,155.7,0.47000000000000003,COMPLETE
927,0.6875,2026-04-04 20:52:34.389691,2026-04-04 20:52:41.150148,0 days 00:00:06.760457,493.0,3.0,125.3,151.0,0.24,COMPLETE
928,0.6875,2026-04-04 20:52:41.158887,2026-04-04 20:52:48.180737,0 days 00:00:07.021850,495.0,1.0,118.8,149.6,1.37,COMPLETE
929,0.6875,2026-04-04 20:52:48.193543,2026-04-04 20:52:55.587008,0 days 00:00:07.393465,331.0,1.0,124.2,155.3,1.9000000000000001,COMPLETE
930,0.6875,2026-04-04 20:52:55.599787,2026-04-04 20:53:03.198300,0 days 00:00:07.598513,367.0,2.0,113.8,155.2,0.37,COMPLETE
931,0.6875,2026-04-04 20:53:03.210863,2026-04-04 20:53:10.484934,0 days 00:00:07.274071,178.0,2.0,118.3,153.7,0.23,COMPLETE
932,0.6875,2026-04-04 20:53:10.497345,2026-04-04 20:53:17.290560,0 days 00:00:06.793215,493.0,2.0,121.9,154.4,0.87,COMPLETE
933,0.825,2026-04-04 20:53:17.303141,2026-04-04 20:53:51.370653,0 days 00:00:34.067512,498.0,3.0,122.8,153.0,0.55,COMPLETE
934,0.6875,2026-04-04 20:53:51.382588,2026-04-04 20:53:58.900271,0 days 00:00:07.517683,451.0,1.0,113.1,153.6,1.1300000000000001,COMPLETE
935,0.6875,2026-04-04 20:53:58.912245,2026-04-04 20:54:05.813821,0 days 00:00:06.901576,300.0,2.0,113.1,156.6,0.9500000000000001,COMPLETE
936,0.6875,2026-04-04 20:54:05.826169,2026-04-04 20:54:12.753741,0 days 00:00:06.927572,417.0,2.0,117.5,153.0,1.34,COMPLETE
937,0.6875,2026-04-04 20:54:12.766230,2026-04-04 20:54:19.639693,0 days 00:00:06.873463,319.0,3.0,115.7,155.7,0.25,COMPLETE
938,0.6875,2026-04-04 20:54:19.651889,2026-04-04 20:54:26.885042,0 days 00:00:07.233153,316.0,1.0,123.8,152.6,1.36,COMPLETE
939,0.6875,2026-04-04 20:54:26.896941,2026-04-04 20:54:33.477675,0 days 00:00:06.580734,282.0,2.0,121.5,150.7,1.96,COMPLETE
940,0.6875,2026-04-04 20:54:33.489946,2026-04-04 20:54:40.438287,0 days 00:00:06.948341,233.0,3.0,123.8,154.1,0.49,COMPLETE
941,0.6875,2026-04-04 20:54:40.450288,2026-04-04 20:54:47.100767,0 days 00:00:06.650479,469.0,1.0,121.6,152.5,0.92,COMPLETE
942,0.6875,2026-04-04 20:54:47.113227,2026-04-04 20:54:54.250208,0 days 00:00:07.136981,269.0,3.0,126.7,151.3,1.78,COMPLETE
943,0.6875,2026-04-04 20:54:54.262301,2026-04-04 20:55:01.809544,0 days 00:00:07.547243,500.0,2.0,117.7,148.1,1.6300000000000001,COMPLETE
944,0.6875,2026-04-04 20:55:01.822225,2026-04-04 20:55:09.012543,0 days 00:00:07.190318,166.0,2.0,117.1,148.5,1.11,COMPLETE
945,0.6875,2026-04-04 20:55:09.024755,2026-04-04 20:55:16.485789,0 days 00:00:07.461034,259.0,3.0,126.2,152.7,0.06,COMPLETE
946,0.6875,2026-04-04 20:55:16.498057,2026-04-04 20:55:23.555326,0 days 00:00:07.057269,339.0,1.0,120.0,155.6,1.96,COMPLETE
947,0.6875,2026-04-04 20:55:23.567643,2026-04-04 20:55:30.618730,0 days 00:00:07.051087,173.0,3.0,122.1,154.9,0.67,COMPLETE
948,0.6875,2026-04-04 20:55:30.630963,2026-04-04 20:55:37.726350,0 days 00:00:07.095387,191.0,3.0,124.7,148.0,2.0,COMPLETE
949,0.6875,2026-04-04 20:55:37.734968,2026-04-04 20:55:44.869584,0 days 00:00:07.134616,414.0,3.0,126.9,153.1,0.43,COMPLETE
950,0.6875,2026-04-04 20:55:44.882096,2026-04-04 20:55:51.641099,0 days 00:00:06.759003,430.0,3.0,122.6,155.1,0.46,COMPLETE
951,0.6875,2026-04-04 20:55:51.653268,2026-04-04 20:55:58.722360,0 days 00:00:07.069092,459.0,3.0,126.5,150.6,1.3900000000000001,COMPLETE
952,0.6875,2026-04-04 20:55:58.731845,2026-04-04 20:56:06.690478,0 days 00:00:07.958633,290.0,2.0,118.1,159.0,1.61,COMPLETE
953,0.825,2026-04-04 20:56:06.703032,2026-04-04 20:56:12.663171,0 days 00:00:05.960139,423.0,3.0,124.8,151.6,0.41000000000000003,COMPLETE
954,0.671875,2026-04-04 20:56:12.675920,2026-04-04 20:56:19.600265,0 days 00:00:06.924345,303.0,1.0,123.5,155.1,0.23,COMPLETE
955,0.671875,2026-04-04 20:56:19.608970,2026-04-04 20:56:26.311052,0 days 00:00:06.702082,242.0,1.0,124.9,155.3,0.27,COMPLETE
956,0.6875,2026-04-04 20:56:26.322983,2026-04-04 20:56:32.843692,0 days 00:00:06.520709,248.0,1.0,124.3,157.3,0.34,COMPLETE
957,0.825,2026-04-04 20:56:32.856866,2026-04-04 20:56:37.933579,0 days 00:00:05.076713,280.0,2.0,125.3,154.4,0.21,COMPLETE
958,0.825,2026-04-04 20:56:37.946204,2026-04-04 20:57:12.318201,0 days 00:00:34.371997,240.0,1.0,121.7,157.2,0.06,COMPLETE
959,0.6875,2026-04-04 20:57:12.330787,2026-04-04 20:57:19.417930,0 days 00:00:07.087143,470.0,1.0,116.4,156.8,1.6300000000000001,COMPLETE
960,0.825,2026-04-04 20:57:19.430131,2026-04-04 20:57:36.895353,0 days 00:00:17.465222,293.0,1.0,126.0,154.2,0.27,COMPLETE
961,0.6875,2026-04-04 20:57:36.908452,2026-04-04 20:57:43.482911,0 days 00:00:06.574459,287.0,1.0,124.8,155.3,0.28,COMPLETE
962,0.6875,2026-04-04 20:57:43.495668,2026-04-04 20:57:50.041591,0 days 00:00:06.545923,299.0,1.0,123.4,153.9,0.68,COMPLETE
963,0.6875,2026-04-04 20:57:50.054488,2026-04-04 20:57:56.601125,0 days 00:00:06.546637,325.0,1.0,124.5,155.5,0.31,COMPLETE
964,0.6875,2026-04-04 20:57:56.613486,2026-04-04 20:58:03.128566,0 days 00:00:06.515080,309.0,1.0,124.2,155.4,0.29,COMPLETE
965,0.6875,2026-04-04 20:58:03.140844,2026-04-04 20:58:10.046679,0 days 00:00:06.905835,213.0,2.0,126.7,154.4,0.31,COMPLETE
966,0.6875,2026-04-04 20:58:10.058569,2026-04-04 20:58:17.019646,0 days 00:00:06.961077,428.0,2.0,123.5,157.7,0.6,COMPLETE
967,0.6875,2026-04-04 20:58:17.032087,2026-04-04 20:58:24.471481,0 days 00:00:07.439394,225.0,1.0,125.6,152.2,0.3,COMPLETE
968,0.6875,2026-04-04 20:58:24.483573,2026-04-04 20:58:30.986265,0 days 00:00:06.502692,222.0,1.0,124.2,152.3,0.07,COMPLETE
969,0.6875,2026-04-04 20:58:30.998404,2026-04-04 20:58:38.095722,0 days 00:00:07.097318,244.0,1.0,126.6,157.1,0.48,COMPLETE
970,0.6875,2026-04-04 20:58:38.108011,2026-04-04 20:58:45.194142,0 days 00:00:07.086131,301.0,1.0,120.2,155.4,0.21,COMPLETE
971,0.6875,2026-04-04 20:58:45.206684,2026-04-04 20:58:52.424367,0 days 00:00:07.217683,247.0,1.0,125.3,155.6,0.51,COMPLETE
972,0.6875,2026-04-04 20:58:52.436872,2026-04-04 20:58:59.015090,0 days 00:00:06.578218,252.0,1.0,124.0,154.7,0.45,COMPLETE
973,0.6875,2026-04-04 20:58:59.027459,2026-04-04 20:59:05.742015,0 days 00:00:06.714556,301.0,1.0,122.5,157.5,0.44,COMPLETE
974,0.6875,2026-04-04 20:59:05.754589,2026-04-04 20:59:12.864513,0 days 00:00:07.109924,207.0,2.0,125.2,154.2,0.85,COMPLETE
975,0.6875,2026-04-04 20:59:12.876722,2026-04-04 20:59:19.634475,0 days 00:00:06.757753,355.0,1.0,122.5,153.9,0.44,COMPLETE
976,0.825,2026-04-04 20:59:19.646565,2026-04-04 20:59:53.850891,0 days 00:00:34.204326,302.0,1.0,123.5,157.1,0.04,COMPLETE
977,0.825,2026-04-04 20:59:53.862802,2026-04-04 21:00:28.136847,0 days 00:00:34.274045,336.0,1.0,124.5,152.4,0.06,COMPLETE
978,0.6875,2026-04-04 21:00:28.148535,2026-04-04 21:00:34.977212,0 days 00:00:06.828677,441.0,2.0,123.9,154.1,0.47000000000000003,COMPLETE
979,0.6875,2026-04-04 21:00:34.989580,2026-04-04 21:00:42.909686,0 days 00:00:07.920106,271.0,2.0,114.7,148.6,1.11,COMPLETE
980,0.6875,2026-04-04 21:00:42.918930,2026-04-04 21:00:50.526187,0 days 00:00:07.607257,315.0,2.0,125.1,153.0,1.99,COMPLETE
981,0.6875,2026-04-04 21:00:50.538932,2026-04-04 21:00:57.476435,0 days 00:00:06.937503,234.0,1.0,126.0,156.5,0.32,COMPLETE
982,0.6875,2026-04-04 21:00:57.488600,2026-04-04 21:01:04.499152,0 days 00:00:07.010552,291.0,1.0,120.7,152.4,0.03,COMPLETE
983,0.6875,2026-04-04 21:01:04.511876,2026-04-04 21:01:11.412628,0 days 00:00:06.900752,231.0,1.0,122.5,154.3,0.48,COMPLETE
984,0.6875,2026-04-04 21:01:11.424939,2026-04-04 21:01:18.693013,0 days 00:00:07.268074,428.0,1.0,114.7,156.2,1.4000000000000001,COMPLETE
985,0.6875,2026-04-04 21:01:18.706339,2026-04-04 21:01:26.846830,0 days 00:00:08.140491,210.0,1.0,124.7,156.5,0.21,COMPLETE
986,0.6875,2026-04-04 21:01:26.859076,2026-04-04 21:01:33.486353,0 days 00:00:06.627277,236.0,1.0,126.0,155.1,0.12,COMPLETE
987,0.6875,2026-04-04 21:01:33.498979,2026-04-04 21:01:40.606152,0 days 00:00:07.107173,188.0,2.0,122.8,152.5,1.41,COMPLETE
988,0.6875,2026-04-04 21:01:40.618263,2026-04-04 21:01:47.563580,0 days 00:00:06.945317,255.0,2.0,119.3,156.7,0.84,COMPLETE
989,0.6875,2026-04-04 21:01:47.576135,2026-04-04 21:01:54.434049,0 days 00:00:06.857914,325.0,1.0,122.1,154.1,0.23,COMPLETE
990,0.6875,2026-04-04 21:01:54.445855,2026-04-04 21:02:01.171750,0 days 00:00:06.725895,358.0,1.0,124.6,156.6,0.03,COMPLETE
991,0.6875,2026-04-04 21:02:01.184677,2026-04-04 21:02:08.958425,0 days 00:00:07.773748,496.0,1.0,113.4,154.3,0.93,COMPLETE
992,0.6875,2026-04-04 21:02:08.971273,2026-04-04 21:02:16.904244,0 days 00:00:07.932971,311.0,2.0,125.3,156.9,0.59,COMPLETE
993,0.6875,2026-04-04 21:02:16.916860,2026-04-04 21:02:23.488690,0 days 00:00:06.571830,293.0,1.0,123.2,154.5,0.19,COMPLETE
994,0.6875,2026-04-04 21:02:23.500900,2026-04-04 21:02:30.090136,0 days 00:00:06.589236,187.0,1.0,123.7,154.0,0.2,COMPLETE
995,0.6875,2026-04-04 21:02:30.102382,2026-04-04 21:02:37.000353,0 days 00:00:06.897971,216.0,3.0,126.6,158.4,0.74,COMPLETE
996,0.825,2026-04-04 21:02:37.012575,2026-04-04 21:03:11.246958,0 days 00:00:34.234383,297.0,2.0,120.9,156.7,0.29,COMPLETE
997,0.6875,2026-04-04 21:03:11.259119,2026-04-04 21:03:18.053935,0 days 00:00:06.794816,242.0,1.0,122.3,155.6,0.37,COMPLETE
998,0.6875,2026-04-04 21:03:18.066724,2026-04-04 21:03:25.010827,0 days 00:00:06.944103,256.0,3.0,120.5,159.7,1.87,COMPLETE
999,0.6875,2026-04-04 21:03:25.023495,2026-04-04 21:03:31.568235,0 days 00:00:06.544740,375.0,2.0,122.0,159.7,1.28,COMPLETE
1000,0.6875,2026-04-04 21:03:31.580547,2026-04-04 21:03:40.018482,0 days 00:00:08.437935,188.0,1.0,113.1,149.2,0.53,COMPLETE
1001,0.6875,2026-04-04 21:03:40.031081,2026-04-04 21:03:46.617384,0 days 00:00:06.586303,276.0,1.0,113.0,152.6,0.12,COMPLETE
1002,0.825,2026-04-04 21:03:46.630132,2026-04-04 21:03:54.706950,0 days 00:00:08.076818,262.0,1.0,123.7,155.1,0.15,COMPLETE
1003,0.6875,2026-04-04 21:03:54.719390,2026-04-04 21:04:01.681979,0 days 00:00:06.962589,191.0,1.0,121.9,157.3,0.68,COMPLETE
1004,0.825,2026-04-04 21:04:01.691285,2026-04-04 21:04:06.998772,0 days 00:00:05.307487,481.0,3.0,126.2,155.1,0.0,COMPLETE
1005,0.6875,2026-04-04 21:04:07.011170,2026-04-04 21:04:14.153412,0 days 00:00:07.142242,191.0,3.0,124.3,153.2,1.49,COMPLETE
1006,0.6875,2026-04-04 21:04:14.165155,2026-04-04 21:04:20.918507,0 days 00:00:06.753352,480.0,3.0,119.4,152.5,1.82,COMPLETE
1007,0.6875,2026-04-04 21:04:20.930632,2026-04-04 21:04:27.892236,0 days 00:00:06.961604,282.0,3.0,122.9,150.4,0.71,COMPLETE
1008,0.6875,2026-04-04 21:04:27.904499,2026-04-04 21:04:34.332206,0 days 00:00:06.427707,464.0,3.0,122.0,151.3,0.62,COMPLETE
1009,0.6875,2026-04-04 21:04:34.344464,2026-04-04 21:04:41.007004,0 days 00:00:06.662540,339.0,2.0,123.0,151.6,0.17,COMPLETE
1010,0.6875,2026-04-04 21:04:41.019534,2026-04-04 21:04:48.147708,0 days 00:00:07.128174,435.0,1.0,116.4,153.8,1.05,COMPLETE
1011,0.6875,2026-04-04 21:04:48.160142,2026-04-04 21:04:55.351372,0 days 00:00:07.191230,361.0,3.0,116.5,158.8,1.5,COMPLETE
1012,0.6875,2026-04-04 21:04:55.363740,2026-04-04 21:05:02.511007,0 days 00:00:07.147267,319.0,1.0,114.1,151.3,0.78,COMPLETE
1013,0.6875,2026-04-04 21:05:02.522956,2026-04-04 21:05:09.406904,0 days 00:00:06.883948,315.0,3.0,119.6,151.9,1.3,COMPLETE
1014,0.6875,2026-04-04 21:05:09.419362,2026-04-04 21:05:16.701882,0 days 00:00:07.282520,189.0,3.0,123.4,154.7,1.87,COMPLETE
1015,0.6875,2026-04-04 21:05:16.714322,2026-04-04 21:05:23.872194,0 days 00:00:07.157872,303.0,2.0,119.4,160.0,1.1,COMPLETE
1016,0.6875,2026-04-04 21:05:23.884707,2026-04-04 21:05:30.760083,0 days 00:00:06.875376,492.0,2.0,121.4,155.1,0.49,COMPLETE
1017,0.6875,2026-04-04 21:05:30.772337,2026-04-04 21:05:38.252478,0 days 00:00:07.480141,406.0,1.0,114.0,154.5,1.07,COMPLETE
1018,0.6875,2026-04-04 21:05:38.265325,2026-04-04 21:05:46.336332,0 days 00:00:08.071007,263.0,2.0,124.4,149.8,0.84,COMPLETE
1019,0.825,2026-04-04 21:05:46.345413,2026-04-04 21:06:03.532371,0 days 00:00:17.186958,444.0,3.0,123.8,153.7,0.38,COMPLETE
1020,0.825,2026-04-04 21:06:03.544737,2026-04-04 21:06:37.555663,0 days 00:00:34.010926,484.0,3.0,123.2,151.0,0.27,COMPLETE
1021,0.6875,2026-04-04 21:06:37.568337,2026-04-04 21:06:44.713864,0 days 00:00:07.145527,207.0,1.0,126.2,152.7,0.66,COMPLETE
1022,0.6875,2026-04-04 21:06:44.726053,2026-04-04 21:06:51.461916,0 days 00:00:06.735863,318.0,1.0,123.9,149.4,2.0,COMPLETE
1023,0.6875,2026-04-04 21:06:51.474922,2026-04-04 21:06:58.598209,0 days 00:00:07.123287,320.0,1.0,126.5,156.4,0.62,COMPLETE
1024,0.6875,2026-04-04 21:06:58.606702,2026-04-04 21:07:05.527359,0 days 00:00:06.920657,298.0,1.0,123.5,152.5,1.79,COMPLETE
1025,0.825,2026-04-04 21:07:05.540212,2026-04-04 21:08:01.291926,0 days 00:00:55.751714,466.0,2.0,124.6,153.9,0.07,COMPLETE
1026,0.6875,2026-04-04 21:08:01.304224,2026-04-04 21:08:08.688573,0 days 00:00:07.384349,475.0,1.0,116.1,156.2,0.77,COMPLETE
1027,0.6875,2026-04-04 21:08:08.698467,2026-04-04 21:08:16.296535,0 days 00:00:07.598068,251.0,2.0,114.6,148.6,1.9000000000000001,COMPLETE
1028,0.6875,2026-04-04 21:08:16.309076,2026-04-04 21:08:23.473644,0 days 00:00:07.164568,460.0,1.0,113.5,156.5,1.16,COMPLETE
1029,0.6875,2026-04-04 21:08:23.481608,2026-04-04 21:08:30.852422,0 days 00:00:07.370814,393.0,1.0,123.4,156.1,0.72,COMPLETE
1030,0.6875,2026-04-04 21:08:30.864654,2026-04-04 21:08:38.741249,0 days 00:00:07.876595,289.0,1.0,113.5,150.0,0.31,COMPLETE
1031,0.6875,2026-04-04 21:08:38.753492,2026-04-04 21:08:45.596919,0 days 00:00:06.843427,221.0,2.0,117.0,150.2,1.51,COMPLETE
1032,0.0,2026-04-04 21:08:45.608814,2026-04-04 21:08:52.807112,0 days 00:00:07.198298,257.0,2.0,123.3,155.0,0.25,COMPLETE
1033,0.6875,2026-04-04 21:08:52.820993,2026-04-04 21:08:59.602027,0 days 00:00:06.781034,255.0,3.0,122.0,159.7,1.17,COMPLETE
1034,0.6875,2026-04-04 21:08:59.614284,2026-04-04 21:09:06.738518,0 days 00:00:07.124234,352.0,1.0,121.3,152.3,0.04,COMPLETE
1035,0.6875,2026-04-04 21:09:06.750802,2026-04-04 21:09:13.305676,0 days 00:00:06.554874,469.0,1.0,120.2,154.2,0.52,COMPLETE
1036,0.825,2026-04-04 21:09:13.318511,2026-04-04 21:09:48.499593,0 days 00:00:35.181082,213.0,2.0,123.3,156.8,0.17,COMPLETE
1037,0.6875,2026-04-04 21:09:48.511684,2026-04-04 21:09:55.139621,0 days 00:00:06.627937,241.0,2.0,121.0,154.8,0.07,COMPLETE
1038,0.6875,2026-04-04 21:09:55.152408,2026-04-04 21:10:01.686298,0 days 00:00:06.533890,261.0,2.0,122.5,153.8,0.23,COMPLETE
1039,0.6875,2026-04-04 21:10:01.698405,2026-04-04 21:10:09.019994,0 days 00:00:07.321589,356.0,2.0,113.4,154.5,0.77,COMPLETE
1040,0.6875,2026-04-04 21:10:09.032340,2026-04-04 21:10:16.392344,0 days 00:00:07.360004,244.0,2.0,118.5,160.0,0.93,COMPLETE
1041,0.6875,2026-04-04 21:10:16.404498,2026-04-04 21:10:23.880912,0 days 00:00:07.476414,410.0,3.0,126.3,153.4,1.29,COMPLETE
1042,0.6875,2026-04-04 21:10:23.893969,2026-04-04 21:10:30.763005,0 days 00:00:06.869036,326.0,2.0,123.3,155.0,0.45,COMPLETE
1043,0.6875,2026-04-04 21:10:30.775292,2026-04-04 21:10:37.361503,0 days 00:00:06.586211,273.0,2.0,123.7,155.0,0.88,COMPLETE
