number,value,datetime_start,datetime_complete,duration,params_voltage,params_width,params_x,params_y,params_z,state
10958,0.6875,2026-04-09 00:57:08.383794,2026-04-09 00:57:15.787594,0 days 00:00:07.403800,432.0,1.0,117.6,155.7,0.3,COMPLETE
10959,0.6875,2026-04-09 00:57:15.806471,2026-04-09 00:57:22.614584,0 days 00:00:06.808113,278.0,1.0,117.3,154.8,0.33,COMPLETE
10960,0.6875,2026-04-09 00:57:22.633017,2026-04-09 00:57:29.129318,0 days 00:00:06.496301,450.0,1.0,117.0,155.0,0.18,COMPLETE
10961,0.825,2026-04-09 00:57:29.149300,2026-04-09 00:58:03.170312,0 days 00:00:34.021012,456.0,2.0,119.5,154.5,0.36,COMPLETE
10962,0.6875,2026-04-09 00:58:03.189905,2026-04-09 00:58:10.223661,0 days 00:00:07.033756,411.0,1.0,116.3,152.3,0.29,COMPLETE
10963,0.6875,2026-04-09 00:58:10.240485,2026-04-09 00:58:17.641029,0 days 00:00:07.400544,250.0,2.0,121.4,155.7,0.02,COMPLETE
10964,0.825,2026-04-09 00:58:17.661276,2026-04-09 00:58:51.821909,0 days 00:00:34.160633,403.0,1.0,119.8,153.5,0.0,COMPLETE
10965,0.6875,2026-04-09 00:58:51.842337,2026-04-09 00:58:58.728343,0 days 00:00:06.886006,460.0,1.0,117.8,155.0,0.51,COMPLETE
10966,0.6875,2026-04-09 00:58:58.747570,2026-04-09 00:59:05.717936,0 days 00:00:06.970366,446.0,2.0,120.9,151.8,0.32,COMPLETE
10967,0.825,2026-04-09 00:59:05.734919,2026-04-09 00:59:40.495812,0 days 00:00:34.760893,325.0,1.0,117.1,156.2,0.0,COMPLETE
10968,0.825,2026-04-09 00:59:40.515672,2026-04-09 01:00:14.521570,0 days 00:00:34.005898,399.0,1.0,116.7,155.1,0.0,COMPLETE
10969,0.6875,2026-04-09 01:00:14.541970,2026-04-09 01:00:21.407928,0 days 00:00:06.865958,436.0,1.0,115.1,154.9,0.45,COMPLETE
10970,0.6875,2026-04-09 01:00:21.427254,2026-04-09 01:00:28.895193,0 days 00:00:07.467939,385.0,1.0,123.4,153.8,0.19,COMPLETE
10971,0.825,2026-04-09 01:00:28.913723,2026-04-09 01:00:34.784936,0 days 00:00:05.871213,496.0,1.0,115.2,153.8,0.0,COMPLETE
10972,0.825,2026-04-09 01:00:34.804889,2026-04-09 01:01:09.536781,0 days 00:00:34.731892,368.0,1.0,121.6,153.2,0.36,COMPLETE
10973,0.825,2026-04-09 01:01:09.555615,2026-04-09 01:01:43.840111,0 days 00:00:34.284496,449.0,2.0,123.0,156.9,0.53,COMPLETE
10974,0.671875,2026-04-09 01:01:43.859968,2026-04-09 01:01:51.201106,0 days 00:00:07.341138,495.0,3.0,118.9,152.4,0.67,COMPLETE
10975,0.825,2026-04-09 01:01:51.218571,2026-04-09 01:02:25.327925,0 days 00:00:34.109354,483.0,1.0,118.3,155.8,0.27,COMPLETE
10976,0.6875,2026-04-09 01:02:25.348029,2026-04-09 01:02:32.537831,0 days 00:00:07.189802,407.0,3.0,116.3,153.4,0.0,COMPLETE
10977,0.6875,2026-04-09 01:02:32.556961,2026-04-09 01:02:40.177286,0 days 00:00:07.620325,317.0,2.0,124.1,154.5,0.25,COMPLETE
10978,0.6875,2026-04-09 01:02:40.197138,2026-04-09 01:02:47.305484,0 days 00:00:07.108346,405.0,1.0,118.3,153.6,0.42,COMPLETE
10979,0.6875,2026-04-09 01:02:47.323541,2026-04-09 01:02:54.165978,0 days 00:00:06.842437,427.0,1.0,114.9,152.0,0.0,COMPLETE
10980,0.6875,2026-04-09 01:02:54.186683,2026-04-09 01:03:01.872540,0 days 00:00:07.685857,295.0,1.0,122.6,154.7,0.18,COMPLETE
10981,0.6875,2026-04-09 01:03:01.889274,2026-04-09 01:03:09.292235,0 days 00:00:07.402961,427.0,1.0,114.6,156.2,0.0,COMPLETE
10982,0.6875,2026-04-09 01:03:09.312898,2026-04-09 01:03:16.028909,0 days 00:00:06.716011,488.0,1.0,116.7,156.5,0.24,COMPLETE
10983,0.825,2026-04-09 01:03:16.046839,2026-04-09 01:03:51.743471,0 days 00:00:35.696632,288.0,2.0,124.3,155.0,0.04,COMPLETE
10984,0.825,2026-04-09 01:03:51.764286,2026-04-09 01:04:36.467433,0 days 00:00:44.703147,497.0,1.0,124.2,155.2,0.4,COMPLETE
10985,0.6875,2026-04-09 01:04:36.482442,2026-04-09 01:04:44.375687,0 days 00:00:07.893245,284.0,1.0,115.8,153.5,0.26,COMPLETE
10986,0.6875,2026-04-09 01:04:44.395159,2026-04-09 01:04:51.047427,0 days 00:00:06.652268,287.0,1.0,115.5,155.1,0.47000000000000003,COMPLETE
10987,0.6875,2026-04-09 01:04:51.066649,2026-04-09 01:04:57.910769,0 days 00:00:06.844120,364.0,1.0,119.0,154.2,0.53,COMPLETE
10988,0.6875,2026-04-09 01:04:57.930441,2026-04-09 01:05:04.658570,0 days 00:00:06.728129,330.0,1.0,120.1,152.6,0.0,COMPLETE
10989,0.6875,2026-04-09 01:05:04.676783,2026-04-09 01:05:11.704936,0 days 00:00:07.028153,457.0,1.0,115.4,154.7,0.27,COMPLETE
10990,0.6875,2026-04-09 01:05:11.725018,2026-04-09 01:05:18.230973,0 days 00:00:06.505955,393.0,2.0,115.2,155.3,0.24,COMPLETE
10991,0.6875,2026-04-09 01:05:18.247920,2026-04-09 01:05:25.002835,0 days 00:00:06.754915,376.0,1.0,115.2,152.8,0.51,COMPLETE
10992,0.6875,2026-04-09 01:05:25.022485,2026-04-09 01:05:31.548538,0 days 00:00:06.526053,338.0,1.0,115.3,153.5,0.29,COMPLETE
10993,0.6875,2026-04-09 01:05:31.565003,2026-04-09 01:05:39.143486,0 days 00:00:07.578483,229.0,2.0,122.7,155.1,0.31,COMPLETE
10994,0.825,2026-04-09 01:05:39.163417,2026-04-09 01:06:13.683715,0 days 00:00:34.520298,417.0,1.0,116.9,155.4,0.22,COMPLETE
10995,0.6875,2026-04-09 01:06:13.702156,2026-04-09 01:06:20.539936,0 days 00:00:06.837780,498.0,2.0,115.9,153.3,0.35000000000000003,COMPLETE
10996,0.6875,2026-04-09 01:06:20.559763,2026-04-09 01:06:27.515631,0 days 00:00:06.955868,491.0,1.0,114.8,157.8,0.41000000000000003,COMPLETE
10997,0.825,2026-04-09 01:06:27.533377,2026-04-09 01:07:24.403624,0 days 00:00:56.870247,393.0,1.0,124.5,154.4,0.42,COMPLETE
10998,0.6875,2026-04-09 01:07:24.420630,2026-04-09 01:07:32.076352,0 days 00:00:07.655722,409.0,1.0,113.7,154.7,0.01,COMPLETE
10999,0.6875,2026-04-09 01:07:32.095584,2026-04-09 01:07:38.598219,0 days 00:00:06.502635,372.0,2.0,115.0,154.7,0.0,COMPLETE
11000,0.6875,2026-04-09 01:07:38.615849,2026-04-09 01:07:45.212047,0 days 00:00:06.596198,366.0,1.0,116.9,153.7,0.24,COMPLETE
11001,0.6875,2026-04-09 01:07:45.234802,2026-04-09 01:07:52.157049,0 days 00:00:06.922247,413.0,1.0,119.1,158.8,0.42,COMPLETE
11002,0.6875,2026-04-09 01:07:52.173824,2026-04-09 01:07:59.557211,0 days 00:00:07.383387,259.0,3.0,122.8,152.6,0.38,COMPLETE
11003,0.6875,2026-04-09 01:07:59.576658,2026-04-09 01:08:06.641354,0 days 00:00:07.064696,464.0,1.0,116.1,153.9,0.25,COMPLETE
11004,0.6875,2026-04-09 01:08:06.660981,2026-04-09 01:08:14.191911,0 days 00:00:07.530930,238.0,2.0,122.3,155.9,0.54,COMPLETE
11005,0.825,2026-04-09 01:08:14.213139,2026-04-09 01:08:48.303700,0 days 00:00:34.090561,286.0,2.0,119.9,157.0,0.4,COMPLETE
11006,0.6875,2026-04-09 01:08:48.327731,2026-04-09 01:08:55.579552,0 days 00:00:07.251821,332.0,2.0,116.9,152.6,0.29,COMPLETE
11007,0.825,2026-04-09 01:08:55.598659,2026-04-09 01:09:29.775449,0 days 00:00:34.176790,438.0,1.0,115.1,154.6,0.0,COMPLETE
11008,0.6875,2026-04-09 01:09:29.793805,2026-04-09 01:09:37.623786,0 days 00:00:07.829981,230.0,2.0,121.7,153.0,0.49,COMPLETE
11009,0.6875,2026-04-09 01:09:37.642245,2026-04-09 01:09:44.650002,0 days 00:00:07.007757,429.0,1.0,124.2,157.5,0.36,COMPLETE
11010,0.825,2026-04-09 01:09:44.668802,2026-04-09 01:10:19.187995,0 days 00:00:34.519193,371.0,1.0,118.6,155.6,0.48,COMPLETE
11011,0.825,2026-04-09 01:10:19.207241,2026-04-09 01:10:53.212254,0 days 00:00:34.005013,410.0,1.0,118.4,152.9,0.22,COMPLETE
11012,0.6875,2026-04-09 01:10:53.229548,2026-04-09 01:11:00.266577,0 days 00:00:07.037029,450.0,2.0,121.6,154.8,0.7000000000000001,COMPLETE
11013,0.6875,2026-04-09 01:11:00.285041,2026-04-09 01:11:07.714288,0 days 00:00:07.429247,363.0,1.0,115.2,154.3,0.23,COMPLETE
11014,0.825,2026-04-09 01:11:07.731730,2026-04-09 01:11:41.882925,0 days 00:00:34.151195,360.0,2.0,119.2,154.2,0.01,COMPLETE
11015,0.6875,2026-04-09 01:11:41.902863,2026-04-09 01:11:48.923585,0 days 00:00:07.020722,310.0,1.0,115.5,154.5,0.0,COMPLETE
11016,0.6875,2026-04-09 01:11:48.941412,2026-04-09 01:11:55.973541,0 days 00:00:07.032129,430.0,1.0,120.8,154.3,0.47000000000000003,COMPLETE
11017,0.6875,2026-04-09 01:11:55.993131,2026-04-09 01:12:02.561999,0 days 00:00:06.568868,462.0,1.0,121.3,154.9,0.28,COMPLETE
11018,0.6875,2026-04-09 01:12:02.578219,2026-04-09 01:12:09.921979,0 days 00:00:07.343760,281.0,3.0,125.8,151.3,0.08,COMPLETE
11019,0.825,2026-04-09 01:12:09.942829,2026-04-09 01:12:44.566543,0 days 00:00:34.623714,347.0,1.0,118.9,153.4,0.24,COMPLETE
11020,0.6875,2026-04-09 01:12:44.583670,2026-04-09 01:12:51.628663,0 days 00:00:07.044993,497.0,1.0,117.2,157.7,0.01,COMPLETE
11021,0.6875,2026-04-09 01:12:51.647241,2026-04-09 01:12:58.521369,0 days 00:00:06.874128,427.0,1.0,118.1,154.0,0.28,COMPLETE
11022,0.6875,2026-04-09 01:12:58.540467,2026-04-09 01:13:05.604206,0 days 00:00:07.063739,367.0,1.0,115.4,156.4,0.27,COMPLETE
11023,0.825,2026-04-09 01:13:05.620619,2026-04-09 01:13:49.494493,0 days 00:00:43.873874,452.0,1.0,118.1,153.5,0.2,COMPLETE
11024,0.825,2026-04-09 01:13:49.514632,2026-04-09 01:14:23.914454,0 days 00:00:34.399822,485.0,2.0,122.5,150.7,0.4,COMPLETE
11025,0.6875,2026-04-09 01:14:23.932146,2026-04-09 01:14:31.194587,0 days 00:00:07.262441,327.0,2.0,122.6,154.4,0.24,COMPLETE
11026,0.825,2026-04-09 01:14:31.214046,2026-04-09 01:15:05.369033,0 days 00:00:34.154987,297.0,3.0,125.2,155.0,0.01,COMPLETE
11027,0.6875,2026-04-09 01:15:05.386524,2026-04-09 01:15:12.940971,0 days 00:00:07.554447,312.0,3.0,117.0,156.3,0.71,COMPLETE
11028,0.6875,2026-04-09 01:15:12.960833,2026-04-09 01:15:19.802609,0 days 00:00:06.841776,370.0,2.0,115.4,152.9,0.2,COMPLETE
11029,0.825,2026-04-09 01:15:19.820433,2026-04-09 01:15:54.064796,0 days 00:00:34.244363,446.0,3.0,118.3,154.7,0.1,COMPLETE
11030,0.6875,2026-04-09 01:15:54.086294,2026-04-09 01:16:00.962329,0 days 00:00:06.876035,418.0,2.0,120.6,153.9,0.63,COMPLETE
11031,0.825,2026-04-09 01:16:00.979783,2026-04-09 01:16:06.283300,0 days 00:00:05.303517,445.0,1.0,117.1,155.0,0.02,COMPLETE
11032,0.6875,2026-04-09 01:16:06.303555,2026-04-09 01:16:13.062388,0 days 00:00:06.758833,488.0,1.0,115.6,154.3,0.43,COMPLETE
11033,0.825,2026-04-09 01:16:13.078808,2026-04-09 01:16:47.514134,0 days 00:00:34.435326,384.0,1.0,120.3,156.2,0.71,COMPLETE
11034,0.6875,2026-04-09 01:16:47.534415,2026-04-09 01:16:54.794653,0 days 00:00:07.260238,449.0,1.0,115.6,152.3,0.19,COMPLETE
11035,0.6875,2026-04-09 01:16:54.812257,2026-04-09 01:17:01.652842,0 days 00:00:06.840585,334.0,2.0,116.6,152.9,0.01,COMPLETE
11036,0.671875,2026-04-09 01:17:01.673282,2026-04-09 01:17:08.851248,0 days 00:00:07.177966,336.0,1.0,122.7,154.3,0.25,COMPLETE
11037,0.6875,2026-04-09 01:17:08.869275,2026-04-09 01:17:15.689691,0 days 00:00:06.820416,499.0,2.0,120.0,154.0,0.8200000000000001,COMPLETE
11038,0.6875,2026-04-09 01:17:15.711100,2026-04-09 01:17:22.770062,0 days 00:00:07.058962,353.0,1.0,116.9,152.5,0.0,COMPLETE
11039,0.6875,2026-04-09 01:17:22.787096,2026-04-09 01:17:29.631374,0 days 00:00:06.844278,381.0,1.0,116.1,156.3,0.0,COMPLETE
11040,0.825,2026-04-09 01:17:29.652474,2026-04-09 01:18:03.809256,0 days 00:00:34.156782,500.0,1.0,119.8,155.4,0.02,COMPLETE
11041,0.6875,2026-04-09 01:18:03.828746,2026-04-09 01:18:10.990740,0 days 00:00:07.161994,342.0,1.0,116.9,157.5,0.52,COMPLETE
11042,0.6875,2026-04-09 01:18:11.010077,2026-04-09 01:18:18.023655,0 days 00:00:07.013578,446.0,1.0,116.1,152.5,0.22,COMPLETE
11043,0.6875,2026-04-09 01:18:18.041342,2026-04-09 01:18:24.824290,0 days 00:00:06.782948,406.0,1.0,113.4,154.5,0.24,COMPLETE
11044,0.6875,2026-04-09 01:18:24.842958,2026-04-09 01:18:31.627189,0 days 00:00:06.784231,363.0,1.0,114.5,152.4,0.32,COMPLETE
11045,0.825,2026-04-09 01:18:31.644606,2026-04-09 01:19:06.504160,0 days 00:00:34.859554,368.0,1.0,116.9,154.5,0.0,COMPLETE
11046,0.6875,2026-04-09 01:19:06.524090,2026-04-09 01:19:13.342569,0 days 00:00:06.818479,352.0,2.0,113.0,152.3,0.29,COMPLETE
11047,0.6875,2026-04-09 01:19:13.360013,2026-04-09 01:19:19.912466,0 days 00:00:06.552453,458.0,2.0,114.5,152.5,0.31,COMPLETE
11048,0.6875,2026-04-09 01:19:19.932125,2026-04-09 01:19:27.196291,0 days 00:00:07.264166,290.0,2.0,121.1,152.7,0.33,COMPLETE
11049,0.6875,2026-04-09 01:19:27.213795,2026-04-09 01:19:34.208367,0 days 00:00:06.994572,419.0,1.0,116.8,156.7,0.5700000000000001,COMPLETE
11050,0.6875,2026-04-09 01:19:34.229192,2026-04-09 01:19:40.863767,0 days 00:00:06.634575,374.0,1.0,114.4,154.6,0.22,COMPLETE
11051,0.6875,2026-04-09 01:19:40.880821,2026-04-09 01:19:47.634997,0 days 00:00:06.754176,322.0,1.0,115.6,155.5,0.21,COMPLETE
11052,0.6875,2026-04-09 01:19:47.655572,2026-04-09 01:19:54.279981,0 days 00:00:06.624409,401.0,1.0,117.7,154.6,0.73,COMPLETE
11053,0.6875,2026-04-09 01:19:54.297733,2026-04-09 01:20:01.006203,0 days 00:00:06.708470,389.0,1.0,120.4,153.8,0.44,COMPLETE
11054,0.825,2026-04-09 01:20:01.020986,2026-04-09 01:20:34.856914,0 days 00:00:33.835928,418.0,1.0,120.0,155.2,0.26,COMPLETE
11055,0.825,2026-04-09 01:20:34.876907,2026-04-09 01:21:09.168961,0 days 00:00:34.292054,283.0,2.0,118.5,155.6,0.04,COMPLETE
11056,0.825,2026-04-09 01:21:09.187685,2026-04-09 01:21:43.478300,0 days 00:00:34.290615,423.0,2.0,123.7,156.1,0.25,COMPLETE
11057,0.825,2026-04-09 01:21:43.499534,2026-04-09 01:22:17.777309,0 days 00:00:34.277775,420.0,1.0,119.6,154.9,0.0,COMPLETE
11058,0.6875,2026-04-09 01:22:17.797410,2026-04-09 01:22:24.728114,0 days 00:00:06.930704,414.0,1.0,116.2,156.7,0.18,COMPLETE
11059,0.6875,2026-04-09 01:22:24.749293,2026-04-09 01:22:31.489553,0 days 00:00:06.740260,346.0,2.0,115.7,157.0,0.21,COMPLETE
11060,0.6875,2026-04-09 01:22:31.510337,2026-04-09 01:22:38.448040,0 days 00:00:06.937703,456.0,1.0,114.6,152.8,0.25,COMPLETE
11061,0.6875,2026-04-09 01:22:38.466797,2026-04-09 01:22:44.959401,0 days 00:00:06.492604,428.0,3.0,114.9,152.7,0.45,COMPLETE
11062,0.6875,2026-04-09 01:22:44.976823,2026-04-09 01:22:51.769535,0 days 00:00:06.792712,400.0,1.0,116.7,154.7,0.24,COMPLETE
11063,0.6875,2026-04-09 01:22:51.789181,2026-04-09 01:22:58.453342,0 days 00:00:06.664161,402.0,1.0,114.9,154.2,0.51,COMPLETE
11064,0.6875,2026-04-09 01:22:58.470001,2026-04-09 01:23:06.344757,0 days 00:00:07.874756,301.0,2.0,124.5,155.9,0.45,COMPLETE
11065,0.6875,2026-04-09 01:23:06.364367,2026-04-09 01:23:13.450926,0 days 00:00:07.086559,260.0,2.0,122.2,154.3,0.41000000000000003,COMPLETE
11066,0.6875,2026-04-09 01:23:13.470596,2026-04-09 01:23:20.748896,0 days 00:00:07.278300,447.0,1.0,115.8,156.6,0.21,COMPLETE
11067,0.825,2026-04-09 01:23:20.770053,2026-04-09 01:23:55.787171,0 days 00:00:35.017118,206.0,2.0,120.8,151.5,0.05,COMPLETE
11068,0.6875,2026-04-09 01:23:55.804801,2026-04-09 01:24:03.327458,0 days 00:00:07.522657,436.0,1.0,115.4,156.5,0.22,COMPLETE
11069,0.6875,2026-04-09 01:24:03.346881,2026-04-09 01:24:10.997401,0 days 00:00:07.650520,279.0,2.0,123.6,157.1,0.31,COMPLETE
11070,0.6875,2026-04-09 01:24:11.014834,2026-04-09 01:24:18.271597,0 days 00:00:07.256763,362.0,1.0,117.0,154.8,0.32,COMPLETE
11071,0.6875,2026-04-09 01:24:18.290492,2026-04-09 01:24:25.051359,0 days 00:00:06.760867,497.0,2.0,118.8,152.3,0.17,COMPLETE
11072,0.6875,2026-04-09 01:24:25.069223,2026-04-09 01:24:31.837177,0 days 00:00:06.767954,462.0,1.0,115.3,152.1,0.0,COMPLETE
11073,0.825,2026-04-09 01:24:31.852886,2026-04-09 01:25:06.754472,0 days 00:00:34.901586,486.0,2.0,123.1,156.6,0.03,COMPLETE
11074,0.825,2026-04-09 01:25:06.774196,2026-04-09 01:25:41.055007,0 days 00:00:34.280811,448.0,1.0,117.8,155.4,0.19,COMPLETE
11075,0.825,2026-04-09 01:25:41.075578,2026-04-09 01:25:48.311686,0 days 00:00:07.236108,431.0,2.0,115.8,153.5,0.23,COMPLETE
11076,0.6875,2026-04-09 01:25:48.329417,2026-04-09 01:25:55.112387,0 days 00:00:06.782970,408.0,2.0,118.8,151.4,0.59,COMPLETE
11077,0.825,2026-04-09 01:25:55.132768,2026-04-09 01:26:29.409599,0 days 00:00:34.276831,500.0,1.0,122.2,153.4,0.43,COMPLETE
11078,0.825,2026-04-09 01:26:29.429812,2026-04-09 01:27:03.723110,0 days 00:00:34.293298,414.0,1.0,118.6,154.0,0.2,COMPLETE
11079,0.6875,2026-04-09 01:27:03.740808,2026-04-09 01:27:10.390887,0 days 00:00:06.650079,428.0,1.0,117.1,154.9,0.0,COMPLETE
11080,0.6875,2026-04-09 01:27:10.413365,2026-04-09 01:27:17.089868,0 days 00:00:06.676503,378.0,1.0,113.5,154.1,0.0,COMPLETE
11081,0.0625,2026-04-09 01:27:17.110228,2026-04-09 01:27:24.413767,0 days 00:00:07.303539,416.0,1.0,122.0,154.6,0.18,COMPLETE
11082,0.6875,2026-04-09 01:27:24.433158,2026-04-09 01:27:31.803183,0 days 00:00:07.370025,434.0,1.0,113.0,154.3,0.02,COMPLETE
11083,0.6875,2026-04-09 01:27:31.822908,2026-04-09 01:27:39.715084,0 days 00:00:07.892176,277.0,2.0,124.4,156.8,0.0,COMPLETE
11084,0.825,2026-04-09 01:27:39.732607,2026-04-09 01:28:13.859168,0 days 00:00:34.126561,421.0,1.0,122.6,153.1,0.33,COMPLETE
11085,0.6875,2026-04-09 01:28:13.879871,2026-04-09 01:28:21.262123,0 days 00:00:07.382252,452.0,1.0,116.1,156.2,0.0,COMPLETE
11086,0.825,2026-04-09 01:28:21.279722,2026-04-09 01:28:55.330398,0 days 00:00:34.050676,470.0,2.0,117.0,155.1,0.26,COMPLETE
11087,0.825,2026-04-09 01:28:55.351682,2026-04-09 01:29:29.620268,0 days 00:00:34.268586,399.0,1.0,122.1,157.2,0.49,COMPLETE
11088,0.6875,2026-04-09 01:29:29.638269,2026-04-09 01:29:37.075131,0 days 00:00:07.436862,436.0,1.0,116.6,153.0,0.42,COMPLETE
11089,0.6875,2026-04-09 01:29:37.095510,2026-04-09 01:29:44.282898,0 days 00:00:07.187388,379.0,1.0,122.8,153.8,0.72,COMPLETE
11090,0.825,2026-04-09 01:29:44.300546,2026-04-09 01:30:18.524924,0 days 00:00:34.224378,257.0,1.0,123.2,156.8,0.0,COMPLETE
11091,0.6875,2026-04-09 01:30:18.544095,2026-04-09 01:30:25.505653,0 days 00:00:06.961558,212.0,2.0,124.5,156.0,0.46,COMPLETE
11092,0.825,2026-04-09 01:30:25.524691,2026-04-09 01:30:59.743697,0 days 00:00:34.219006,344.0,2.0,123.6,153.4,0.03,COMPLETE
11093,0.6875,2026-04-09 01:30:59.764265,2026-04-09 01:31:07.147729,0 days 00:00:07.383464,454.0,1.0,116.9,155.7,0.0,COMPLETE
11094,0.6875,2026-04-09 01:31:07.162655,2026-04-09 01:31:14.245008,0 days 00:00:07.082353,372.0,2.0,120.2,154.3,0.49,COMPLETE
11095,0.6875,2026-04-09 01:31:14.264475,2026-04-09 01:31:21.316558,0 days 00:00:07.052083,498.0,1.0,114.9,155.5,0.3,COMPLETE
11096,0.6875,2026-04-09 01:31:21.333120,2026-04-09 01:31:29.338357,0 days 00:00:08.005237,181.0,1.0,121.8,155.5,0.16,COMPLETE
11097,0.6875,2026-04-09 01:31:29.359190,2026-04-09 01:31:36.337936,0 days 00:00:06.978746,431.0,1.0,117.3,155.3,0.54,COMPLETE
11098,0.6875,2026-04-09 01:31:36.355149,2026-04-09 01:31:43.066911,0 days 00:00:06.711762,406.0,1.0,115.6,154.5,0.01,COMPLETE
11099,0.6875,2026-04-09 01:31:43.087343,2026-04-09 01:31:49.762117,0 days 00:00:06.674774,398.0,2.0,117.3,153.9,0.2,COMPLETE
11100,0.6875,2026-04-09 01:31:49.782447,2026-04-09 01:31:56.818451,0 days 00:00:07.036004,245.0,3.0,118.3,157.0,1.1,COMPLETE
11101,0.825,2026-04-09 01:31:56.838716,2026-04-09 01:32:30.863210,0 days 00:00:34.024494,278.0,1.0,118.0,156.9,0.04,COMPLETE
11102,0.6875,2026-04-09 01:32:30.880185,2026-04-09 01:32:37.896964,0 days 00:00:07.016779,406.0,1.0,116.7,152.9,0.17,COMPLETE
11103,0.6875,2026-04-09 01:32:37.916422,2026-04-09 01:32:45.133497,0 days 00:00:07.217075,332.0,1.0,116.9,157.7,0.0,COMPLETE
11104,0.6875,2026-04-09 01:32:45.150852,2026-04-09 01:32:52.204135,0 days 00:00:07.053283,361.0,1.0,115.3,152.5,0.28,COMPLETE
11105,0.6875,2026-04-09 01:32:52.223059,2026-04-09 01:32:59.074833,0 days 00:00:06.851774,409.0,2.0,114.7,156.2,0.01,COMPLETE
11106,0.6875,2026-04-09 01:32:59.092589,2026-04-09 01:33:06.125989,0 days 00:00:07.033400,495.0,1.0,118.4,152.7,0.66,COMPLETE
11107,0.825,2026-04-09 01:33:06.145364,2026-04-09 01:33:40.252792,0 days 00:00:34.107428,494.0,1.0,118.4,154.0,0.0,COMPLETE
11108,0.825,2026-04-09 01:33:40.269876,2026-04-09 01:34:14.578530,0 days 00:00:34.308654,350.0,2.0,121.2,155.8,0.29,COMPLETE
11109,0.825,2026-04-09 01:34:14.598382,2026-04-09 01:34:48.628712,0 days 00:00:34.030330,402.0,2.0,118.2,156.3,0.0,COMPLETE
11110,0.825,2026-04-09 01:34:48.645943,2026-04-09 01:35:22.909721,0 days 00:00:34.263778,472.0,2.0,122.5,155.8,0.33,COMPLETE
11111,0.671875,2026-04-09 01:35:22.928624,2026-04-09 01:35:30.204547,0 days 00:00:07.275923,495.0,2.0,116.6,155.0,0.49,COMPLETE
11112,0.6875,2026-04-09 01:35:30.221187,2026-04-09 01:35:37.773737,0 days 00:00:07.552550,495.0,2.0,125.8,156.1,0.55,COMPLETE
11113,0.6875,2026-04-09 01:35:37.793427,2026-04-09 01:35:45.666014,0 days 00:00:07.872587,404.0,1.0,117.5,151.2,0.01,COMPLETE
11114,0.825,2026-04-09 01:35:45.682463,2026-04-09 01:36:19.736842,0 days 00:00:34.054379,413.0,1.0,117.8,154.8,0.24,COMPLETE
11115,0.6875,2026-04-09 01:36:19.755899,2026-04-09 01:36:26.645223,0 days 00:00:06.889324,456.0,1.0,115.2,154.7,0.2,COMPLETE
11116,0.6875,2026-04-09 01:36:26.661584,2026-04-09 01:36:33.648053,0 days 00:00:06.986469,389.0,1.0,117.7,154.5,0.0,COMPLETE
11117,0.6875,2026-04-09 01:36:33.667873,2026-04-09 01:36:40.237733,0 days 00:00:06.569860,491.0,1.0,117.2,154.1,0.48,COMPLETE
11118,0.6875,2026-04-09 01:36:40.253766,2026-04-09 01:36:47.086222,0 days 00:00:06.832456,438.0,1.0,120.3,152.1,0.46,COMPLETE
11119,0.6875,2026-04-09 01:36:47.106399,2026-04-09 01:36:54.083637,0 days 00:00:06.977238,380.0,1.0,115.5,152.1,0.02,COMPLETE
11120,0.6875,2026-04-09 01:36:54.100798,2026-04-09 01:37:00.639885,0 days 00:00:06.539087,427.0,1.0,114.9,152.7,0.01,COMPLETE
11121,0.825,2026-04-09 01:37:00.659385,2026-04-09 01:37:35.007275,0 days 00:00:34.347890,380.0,1.0,117.6,156.1,0.4,COMPLETE
11122,0.6875,2026-04-09 01:37:35.027964,2026-04-09 01:37:43.137419,0 days 00:00:08.109455,180.0,3.0,125.8,159.2,1.68,COMPLETE
11123,0.6875,2026-04-09 01:37:43.156699,2026-04-09 01:37:50.560656,0 days 00:00:07.403957,374.0,1.0,119.9,153.8,0.23,COMPLETE
11124,0.6875,2026-04-09 01:37:50.578291,2026-04-09 01:37:57.571995,0 days 00:00:06.993704,444.0,2.0,115.5,155.9,0.0,COMPLETE
11125,0.6875,2026-04-09 01:37:57.591388,2026-04-09 01:38:04.898282,0 days 00:00:07.306894,497.0,3.0,122.8,154.4,0.48,COMPLETE
11126,0.015625,2026-04-09 01:38:04.916717,2026-04-09 01:38:12.353964,0 days 00:00:07.437247,402.0,1.0,116.9,156.7,0.0,COMPLETE
11127,0.825,2026-04-09 01:38:12.373289,2026-04-09 01:38:46.410540,0 days 00:00:34.037251,399.0,1.0,118.2,156.9,0.21,COMPLETE
11128,0.6875,2026-04-09 01:38:46.430833,2026-04-09 01:38:53.581627,0 days 00:00:07.150794,287.0,2.0,117.5,153.4,0.15,COMPLETE
11129,0.825,2026-04-09 01:38:53.600406,2026-04-09 01:39:00.631333,0 days 00:00:07.030927,486.0,1.0,116.6,153.6,0.0,COMPLETE
11130,0.6875,2026-04-09 01:39:00.648106,2026-04-09 01:39:07.721582,0 days 00:00:07.073476,378.0,1.0,114.8,157.8,0.28,COMPLETE
