number,value,datetime_start,datetime_complete,duration,params_voltage,params_width,params_x,params_y,params_z,state
11304,0.6875,2026-04-09 02:18:56.108548,2026-04-09 02:19:03.181061,0 days 00:00:07.072513,329.0,1.0,115.4,155.2,0.21,COMPLETE
11305,0.825,2026-04-09 02:19:03.201810,2026-04-09 02:19:37.902661,0 days 00:00:34.700851,231.0,2.0,121.4,156.8,0.24,COMPLETE
11306,0.6875,2026-04-09 02:19:37.920020,2026-04-09 02:19:45.137973,0 days 00:00:07.217953,412.0,1.0,115.8,155.1,0.78,COMPLETE
11307,0.6875,2026-04-09 02:19:45.156821,2026-04-09 02:19:51.896197,0 days 00:00:06.739376,432.0,1.0,115.9,153.1,0.0,COMPLETE
11308,0.825,2026-04-09 02:19:51.914960,2026-04-09 02:19:57.143983,0 days 00:00:05.229023,428.0,1.0,115.9,155.0,0.26,COMPLETE
11309,0.6875,2026-04-09 02:19:57.163165,2026-04-09 02:20:04.750777,0 days 00:00:07.587612,313.0,2.0,121.4,158.8,0.13,COMPLETE
11310,0.825,2026-04-09 02:20:04.770295,2026-04-09 02:20:39.107650,0 days 00:00:34.337355,459.0,2.0,122.8,154.9,0.38,COMPLETE
11311,0.825,2026-04-09 02:20:39.128166,2026-04-09 02:21:13.126519,0 days 00:00:33.998353,461.0,2.0,120.7,155.5,0.34,COMPLETE
11312,0.6875,2026-04-09 02:21:13.145231,2026-04-09 02:21:20.268223,0 days 00:00:07.122992,356.0,2.0,118.5,158.0,0.39,COMPLETE
11313,0.6875,2026-04-09 02:21:20.287907,2026-04-09 02:21:27.614553,0 days 00:00:07.326646,220.0,2.0,123.9,158.1,1.99,COMPLETE
11314,0.6875,2026-04-09 02:21:27.633797,2026-04-09 02:21:35.624135,0 days 00:00:07.990338,400.0,1.0,114.3,150.7,0.24,COMPLETE
11315,0.825,2026-04-09 02:21:35.644637,2026-04-09 02:21:41.069754,0 days 00:00:05.425117,413.0,1.0,115.0,155.2,0.24,COMPLETE
11316,0.825,2026-04-09 02:21:41.090767,2026-04-09 02:22:15.329296,0 days 00:00:34.238529,377.0,1.0,118.3,155.7,0.32,COMPLETE
11317,0.6875,2026-04-09 02:22:15.348948,2026-04-09 02:22:22.563586,0 days 00:00:07.214638,315.0,1.0,116.8,153.8,0.01,COMPLETE
11318,0.6875,2026-04-09 02:22:22.582591,2026-04-09 02:22:29.351409,0 days 00:00:06.768818,469.0,1.0,114.6,151.7,0.87,COMPLETE
11319,0.825,2026-04-09 02:22:29.369375,2026-04-09 02:23:04.478134,0 days 00:00:35.108759,256.0,2.0,122.6,156.0,0.02,COMPLETE
11320,0.6875,2026-04-09 02:23:04.498265,2026-04-09 02:23:11.350751,0 days 00:00:06.852486,262.0,3.0,123.7,154.0,0.01,COMPLETE
11321,0.6875,2026-04-09 02:23:11.368043,2026-04-09 02:23:18.421207,0 days 00:00:07.053164,272.0,2.0,118.9,156.0,1.16,COMPLETE
11322,0.6875,2026-04-09 02:23:18.442204,2026-04-09 02:23:25.383427,0 days 00:00:06.941223,456.0,1.0,114.6,155.7,0.01,COMPLETE
11323,0.825,2026-04-09 02:23:25.400900,2026-04-09 02:23:59.773463,0 days 00:00:34.372563,443.0,2.0,119.4,156.6,0.0,COMPLETE
11324,0.6875,2026-04-09 02:23:59.791995,2026-04-09 02:24:07.411582,0 days 00:00:07.619587,176.0,2.0,121.4,152.2,0.68,COMPLETE
11325,0.6875,2026-04-09 02:24:07.430985,2026-04-09 02:24:14.570588,0 days 00:00:07.139603,381.0,1.0,114.5,154.9,0.0,COMPLETE
11326,0.825,2026-04-09 02:24:14.589383,2026-04-09 02:24:21.766429,0 days 00:00:07.177046,394.0,1.0,116.3,154.0,0.0,COMPLETE
11327,0.6875,2026-04-09 02:24:21.786564,2026-04-09 02:24:28.563698,0 days 00:00:06.777134,474.0,1.0,114.1,151.3,0.2,COMPLETE
11328,0.6875,2026-04-09 02:24:28.582195,2026-04-09 02:24:35.837684,0 days 00:00:07.255489,380.0,1.0,115.8,157.2,0.26,COMPLETE
11329,0.825,2026-04-09 02:24:35.857893,2026-04-09 02:25:10.876282,0 days 00:00:35.018389,492.0,2.0,119.9,155.1,0.63,COMPLETE
11330,0.6875,2026-04-09 02:25:10.892991,2026-04-09 02:25:17.788797,0 days 00:00:06.895806,418.0,1.0,115.5,153.0,0.81,COMPLETE
11331,0.825,2026-04-09 02:25:17.809315,2026-04-09 02:25:51.893860,0 days 00:00:34.084545,353.0,2.0,118.1,154.0,0.0,COMPLETE
11332,0.825,2026-04-09 02:25:51.911970,2026-04-09 02:26:25.942640,0 days 00:00:34.030670,406.0,1.0,119.3,152.8,0.2,COMPLETE
11333,0.6875,2026-04-09 02:26:25.964285,2026-04-09 02:26:33.048109,0 days 00:00:07.083824,333.0,1.0,116.5,154.0,0.21,COMPLETE
11334,0.6875,2026-04-09 02:26:33.068909,2026-04-09 02:26:40.370491,0 days 00:00:07.301582,336.0,1.0,123.4,155.1,0.26,COMPLETE
11335,0.6875,2026-04-09 02:26:40.388296,2026-04-09 02:26:47.242635,0 days 00:00:06.854339,244.0,1.0,122.2,155.7,0.19,COMPLETE
11336,0.6875,2026-04-09 02:26:47.261625,2026-04-09 02:26:53.876876,0 days 00:00:06.615251,460.0,2.0,121.5,155.5,0.72,COMPLETE
11337,0.6875,2026-04-09 02:26:53.894415,2026-04-09 02:27:01.043232,0 days 00:00:07.148817,450.0,1.0,115.5,155.5,0.53,COMPLETE
11338,0.825,2026-04-09 02:27:01.063375,2026-04-09 02:27:35.822701,0 days 00:00:34.759326,384.0,1.0,122.6,153.6,0.03,COMPLETE
11339,0.825,2026-04-09 02:27:35.843648,2026-04-09 02:28:10.175062,0 days 00:00:34.331414,439.0,1.0,117.8,156.1,0.24,COMPLETE
11340,0.6875,2026-04-09 02:28:10.195762,2026-04-09 02:28:17.100006,0 days 00:00:06.904244,416.0,1.0,116.7,158.2,0.23,COMPLETE
11341,0.6875,2026-04-09 02:28:17.117200,2026-04-09 02:28:23.877086,0 days 00:00:06.759886,376.0,1.0,117.1,155.9,0.54,COMPLETE
11342,0.825,2026-04-09 02:28:23.898515,2026-04-09 02:28:58.010752,0 days 00:00:34.112237,377.0,2.0,118.6,155.4,0.47000000000000003,COMPLETE
11343,0.6875,2026-04-09 02:28:58.027761,2026-04-09 02:29:05.127998,0 days 00:00:07.100237,458.0,1.0,114.4,154.4,0.0,COMPLETE
11344,0.6875,2026-04-09 02:29:05.147671,2026-04-09 02:29:12.991650,0 days 00:00:07.843979,246.0,2.0,121.6,156.3,0.44,COMPLETE
11345,0.6875,2026-04-09 02:29:13.010329,2026-04-09 02:29:19.833658,0 days 00:00:06.823329,409.0,1.0,119.4,154.6,0.76,COMPLETE
11346,0.6875,2026-04-09 02:29:19.853209,2026-04-09 02:29:26.634260,0 days 00:00:06.781051,385.0,1.0,117.8,152.7,0.19,COMPLETE
11347,0.825,2026-04-09 02:29:26.653394,2026-04-09 02:30:00.993657,0 days 00:00:34.340263,382.0,1.0,117.4,156.7,0.28,COMPLETE
11348,0.6875,2026-04-09 02:30:01.015567,2026-04-09 02:30:08.088803,0 days 00:00:07.073236,454.0,2.0,115.4,153.0,0.01,COMPLETE
11349,0.825,2026-04-09 02:30:08.105182,2026-04-09 02:30:43.029655,0 days 00:00:34.924473,256.0,2.0,122.2,153.3,0.15,COMPLETE
11350,0.6875,2026-04-09 02:30:43.049105,2026-04-09 02:30:50.782635,0 days 00:00:07.733530,375.0,2.0,113.0,149.7,1.97,COMPLETE
11351,0.6875,2026-04-09 02:30:50.799150,2026-04-09 02:30:57.715466,0 days 00:00:06.916316,407.0,2.0,115.3,152.9,0.84,COMPLETE
11352,0.6875,2026-04-09 02:30:57.736029,2026-04-09 02:31:04.740528,0 days 00:00:07.004499,313.0,1.0,115.2,156.0,0.02,COMPLETE
11353,0.6875,2026-04-09 02:31:04.758156,2026-04-09 02:31:11.935837,0 days 00:00:07.177681,369.0,1.0,119.4,151.7,1.69,COMPLETE
11354,0.6875,2026-04-09 02:31:11.956115,2026-04-09 02:31:19.103005,0 days 00:00:07.146890,478.0,1.0,116.7,156.7,0.01,COMPLETE
11355,0.6875,2026-04-09 02:31:19.120061,2026-04-09 02:31:26.333641,0 days 00:00:07.213580,319.0,2.0,120.9,154.7,0.47000000000000003,COMPLETE
11356,0.6875,2026-04-09 02:31:26.353491,2026-04-09 02:31:33.517696,0 days 00:00:07.164205,418.0,1.0,115.0,156.5,0.48,COMPLETE
11357,0.825,2026-04-09 02:31:33.535928,2026-04-09 02:32:07.693818,0 days 00:00:34.157890,431.0,1.0,118.7,155.1,0.39,COMPLETE
11358,0.825,2026-04-09 02:32:07.713975,2026-04-09 02:32:13.202051,0 days 00:00:05.488076,322.0,2.0,121.6,153.2,0.01,COMPLETE
11359,0.6875,2026-04-09 02:32:13.219113,2026-04-09 02:32:20.251930,0 days 00:00:07.032817,412.0,1.0,118.0,153.5,0.25,COMPLETE
11360,0.6875,2026-04-09 02:32:20.273300,2026-04-09 02:32:26.974830,0 days 00:00:06.701530,438.0,1.0,117.2,155.2,0.0,COMPLETE
11361,0.6875,2026-04-09 02:32:26.992796,2026-04-09 02:32:33.626166,0 days 00:00:06.633370,379.0,2.0,117.6,153.8,0.21,COMPLETE
11362,0.6875,2026-04-09 02:32:33.643506,2026-04-09 02:32:40.454230,0 days 00:00:06.810724,500.0,1.0,115.4,152.5,0.0,COMPLETE
11363,0.6875,2026-04-09 02:32:40.474136,2026-04-09 02:32:47.174985,0 days 00:00:06.700849,478.0,1.0,113.6,153.2,0.0,COMPLETE
11364,0.825,2026-04-09 02:32:47.194208,2026-04-09 02:33:22.208816,0 days 00:00:35.014608,367.0,2.0,123.1,155.7,0.49,COMPLETE
11365,0.6875,2026-04-09 02:33:22.228587,2026-04-09 02:33:30.050680,0 days 00:00:07.822093,399.0,1.0,114.5,149.8,0.0,COMPLETE
11366,0.6875,2026-04-09 02:33:30.068138,2026-04-09 02:33:36.922800,0 days 00:00:06.854662,462.0,1.0,113.0,153.3,0.35000000000000003,COMPLETE
11367,0.6875,2026-04-09 02:33:36.944747,2026-04-09 02:33:44.117094,0 days 00:00:07.172347,342.0,1.0,116.5,155.8,0.3,COMPLETE
11368,0.825,2026-04-09 02:33:44.134422,2026-04-09 02:34:18.261223,0 days 00:00:34.126801,395.0,2.0,116.5,152.1,0.21,COMPLETE
11369,0.6875,2026-04-09 02:34:18.281752,2026-04-09 02:34:25.472658,0 days 00:00:07.190906,357.0,2.0,113.4,155.9,0.34,COMPLETE
11370,0.825,2026-04-09 02:34:25.491737,2026-04-09 02:35:00.248390,0 days 00:00:34.756653,365.0,1.0,122.6,154.6,0.01,COMPLETE
11371,0.6875,2026-04-09 02:35:00.268299,2026-04-09 02:35:07.737930,0 days 00:00:07.469631,309.0,2.0,115.1,156.1,1.24,COMPLETE
11372,0.6875,2026-04-09 02:35:07.755094,2026-04-09 02:35:14.392831,0 days 00:00:06.637737,462.0,2.0,114.5,154.1,0.01,COMPLETE
11373,0.6875,2026-04-09 02:35:14.413933,2026-04-09 02:35:22.192575,0 days 00:00:07.778642,289.0,2.0,124.9,152.1,0.44,COMPLETE
11374,0.6875,2026-04-09 02:35:22.209728,2026-04-09 02:35:29.472349,0 days 00:00:07.262621,450.0,1.0,117.1,154.6,0.91,COMPLETE
11375,0.6875,2026-04-09 02:35:29.491817,2026-04-09 02:35:35.977516,0 days 00:00:06.485699,495.0,2.0,117.8,153.9,0.31,COMPLETE
11376,0.6875,2026-04-09 02:35:35.996662,2026-04-09 02:35:42.699647,0 days 00:00:06.702985,469.0,1.0,114.2,153.3,0.64,COMPLETE
11377,0.6875,2026-04-09 02:35:42.719705,2026-04-09 02:35:49.368287,0 days 00:00:06.648582,489.0,1.0,117.2,154.7,0.19,COMPLETE
11378,0.6875,2026-04-09 02:35:49.386256,2026-04-09 02:35:55.899322,0 days 00:00:06.513066,498.0,1.0,116.0,154.9,0.46,COMPLETE
11379,0.6875,2026-04-09 02:35:55.918850,2026-04-09 02:36:03.069389,0 days 00:00:07.150539,431.0,2.0,123.2,153.4,0.58,COMPLETE
11380,0.6875,2026-04-09 02:36:03.086574,2026-04-09 02:36:10.013940,0 days 00:00:06.927366,454.0,1.0,117.9,151.8,0.21,COMPLETE
11381,0.6875,2026-04-09 02:36:10.035348,2026-04-09 02:36:16.826389,0 days 00:00:06.791041,346.0,1.0,116.3,152.5,0.28,COMPLETE
11382,0.825,2026-04-09 02:36:16.842776,2026-04-09 02:36:50.851156,0 days 00:00:34.008380,408.0,1.0,116.7,153.9,0.26,COMPLETE
11383,0.6875,2026-04-09 02:36:50.870713,2026-04-09 02:36:58.128676,0 days 00:00:07.257963,191.0,1.0,116.9,154.8,0.41000000000000003,COMPLETE
11384,0.6875,2026-04-09 02:36:58.147930,2026-04-09 02:37:05.279853,0 days 00:00:07.131923,277.0,2.0,122.7,155.1,0.21,COMPLETE
11385,0.6875,2026-04-09 02:37:05.300460,2026-04-09 02:37:12.557586,0 days 00:00:07.257126,425.0,2.0,115.7,154.4,0.0,COMPLETE
11386,0.825,2026-04-09 02:37:12.574269,2026-04-09 02:37:46.893720,0 days 00:00:34.319451,341.0,1.0,116.7,156.5,0.0,COMPLETE
11387,0.6875,2026-04-09 02:37:46.913874,2026-04-09 02:37:53.973144,0 days 00:00:07.059270,407.0,1.0,113.8,154.1,0.48,COMPLETE
11388,0.6875,2026-04-09 02:37:53.993861,2026-04-09 02:38:01.921162,0 days 00:00:07.927301,224.0,1.0,121.4,151.0,0.04,COMPLETE
11389,0.6875,2026-04-09 02:38:01.939997,2026-04-09 02:38:08.871432,0 days 00:00:06.931435,381.0,1.0,118.0,153.7,0.54,COMPLETE
11390,0.825,2026-04-09 02:38:08.890204,2026-04-09 02:38:42.982438,0 days 00:00:34.092234,348.0,1.0,118.1,155.0,0.02,COMPLETE
11391,0.6875,2026-04-09 02:38:43.001756,2026-04-09 02:38:49.860596,0 days 00:00:06.858840,422.0,1.0,117.1,151.8,0.23,COMPLETE
11392,0.6875,2026-04-09 02:38:49.880034,2026-04-09 02:38:57.175426,0 days 00:00:07.295392,393.0,1.0,123.6,154.9,0.59,COMPLETE
11393,0.6875,2026-04-09 02:38:57.192406,2026-04-09 02:39:04.110278,0 days 00:00:06.917872,348.0,1.0,119.6,156.7,1.0,COMPLETE
11394,0.6875,2026-04-09 02:39:04.130573,2026-04-09 02:39:11.040373,0 days 00:00:06.909800,456.0,1.0,115.3,157.5,0.8200000000000001,COMPLETE
11395,0.6875,2026-04-09 02:39:11.058431,2026-04-09 02:39:17.904098,0 days 00:00:06.845667,430.0,1.0,114.7,154.1,0.0,COMPLETE
11396,0.825,2026-04-09 02:39:17.925038,2026-04-09 02:39:52.332782,0 days 00:00:34.407744,437.0,1.0,121.1,155.8,0.49,COMPLETE
11397,0.825,2026-04-09 02:39:52.352567,2026-04-09 02:40:26.398264,0 days 00:00:34.045697,442.0,1.0,123.0,155.4,0.21,COMPLETE
11398,0.6875,2026-04-09 02:40:26.417896,2026-04-09 02:40:33.889841,0 days 00:00:07.471945,355.0,2.0,116.0,151.9,0.01,COMPLETE
11399,0.6875,2026-04-09 02:40:33.906819,2026-04-09 02:40:41.462447,0 days 00:00:07.555628,157.0,2.0,120.0,157.1,1.6500000000000001,COMPLETE
11400,0.6875,2026-04-09 02:40:41.482086,2026-04-09 02:40:48.682068,0 days 00:00:07.199982,409.0,2.0,117.1,150.0,0.4,COMPLETE
11401,0.6875,2026-04-09 02:40:48.700666,2026-04-09 02:40:55.711192,0 days 00:00:07.010526,487.0,1.0,123.3,150.9,0.43,COMPLETE
11402,0.6875,2026-04-09 02:40:55.732140,2026-04-09 02:41:02.843316,0 days 00:00:07.111176,499.0,1.0,116.2,151.3,0.53,COMPLETE
11403,0.6875,2026-04-09 02:41:02.860232,2026-04-09 02:41:10.412908,0 days 00:00:07.552676,358.0,1.0,115.1,160.0,0.68,COMPLETE
11404,0.825,2026-04-09 02:41:10.432837,2026-04-09 02:41:45.271130,0 days 00:00:34.838293,453.0,2.0,121.3,153.0,0.13,COMPLETE
11405,0.6875,2026-04-09 02:41:45.293089,2026-04-09 02:41:52.254509,0 days 00:00:06.961420,285.0,2.0,121.5,154.4,0.24,COMPLETE
11406,0.825,2026-04-09 02:41:52.274230,2026-04-09 02:42:26.459911,0 days 00:00:34.185681,464.0,2.0,121.6,157.6,0.37,COMPLETE
11407,0.825,2026-04-09 02:42:26.478369,2026-04-09 02:43:00.996825,0 days 00:00:34.518456,396.0,2.0,117.9,155.7,0.23,COMPLETE
11408,0.825,2026-04-09 02:43:01.018338,2026-04-09 02:43:14.570009,0 days 00:00:13.551671,434.0,1.0,117.6,153.5,0.02,COMPLETE
11409,0.6875,2026-04-09 02:43:14.589348,2026-04-09 02:43:21.490507,0 days 00:00:06.901159,454.0,1.0,119.3,151.8,0.0,COMPLETE
11410,0.6875,2026-04-09 02:43:21.510015,2026-04-09 02:43:28.681362,0 days 00:00:07.171347,468.0,2.0,113.0,151.1,0.27,COMPLETE
11411,0.825,2026-04-09 02:43:28.699515,2026-04-09 02:43:35.236349,0 days 00:00:06.536834,282.0,1.0,124.8,152.4,0.29,COMPLETE
11412,0.6875,2026-04-09 02:43:35.256773,2026-04-09 02:43:42.868268,0 days 00:00:07.611495,479.0,1.0,115.2,157.0,0.0,COMPLETE
11413,0.6875,2026-04-09 02:43:42.886388,2026-04-09 02:43:50.400555,0 days 00:00:07.514167,248.0,2.0,121.2,155.0,1.0,COMPLETE
11414,0.825,2026-04-09 02:43:50.418982,2026-04-09 02:44:24.474557,0 days 00:00:34.055575,325.0,1.0,119.2,154.0,0.0,COMPLETE
11415,0.6875,2026-04-09 02:44:24.494751,2026-04-09 02:44:31.243251,0 days 00:00:06.748500,404.0,2.0,117.9,153.6,0.01,COMPLETE
11416,0.6875,2026-04-09 02:44:31.262593,2026-04-09 02:44:38.064542,0 days 00:00:06.801949,385.0,1.0,114.5,153.3,0.02,COMPLETE
11417,0.825,2026-04-09 02:44:38.082128,2026-04-09 02:45:12.866059,0 days 00:00:34.783931,492.0,2.0,121.6,157.5,0.53,COMPLETE
11418,0.671875,2026-04-09 02:45:12.886415,2026-04-09 02:45:20.064986,0 days 00:00:07.178571,396.0,1.0,122.2,155.1,0.46,COMPLETE
11419,0.6875,2026-04-09 02:45:20.083990,2026-04-09 02:45:27.138338,0 days 00:00:07.054348,355.0,1.0,126.9,153.0,0.91,COMPLETE
11420,0.6875,2026-04-09 02:45:27.159028,2026-04-09 02:45:34.664108,0 days 00:00:07.505080,370.0,1.0,116.9,155.2,0.19,COMPLETE
11421,0.6875,2026-04-09 02:45:34.682448,2026-04-09 02:45:42.152923,0 days 00:00:07.470475,479.0,2.0,126.4,158.5,0.85,COMPLETE
11422,0.6875,2026-04-09 02:45:42.172435,2026-04-09 02:45:49.614608,0 days 00:00:07.442173,383.0,1.0,122.9,151.5,0.31,COMPLETE
11423,0.6875,2026-04-09 02:45:49.631456,2026-04-09 02:45:56.941307,0 days 00:00:07.309851,428.0,1.0,115.4,155.3,0.0,COMPLETE
11424,0.6875,2026-04-09 02:45:56.960927,2026-04-09 02:46:03.531826,0 days 00:00:06.570899,395.0,1.0,113.9,155.9,0.45,COMPLETE
11425,0.825,2026-04-09 02:46:03.551221,2026-04-09 02:46:37.580268,0 days 00:00:34.029047,397.0,1.0,117.7,155.8,0.22,COMPLETE
11426,0.6875,2026-04-09 02:46:37.599648,2026-04-09 02:46:44.631149,0 days 00:00:07.031501,496.0,2.0,116.9,152.0,0.11,COMPLETE
11427,0.6875,2026-04-09 02:46:44.648896,2026-04-09 02:46:51.488507,0 days 00:00:06.839611,361.0,2.0,117.0,152.9,0.46,COMPLETE
11428,0.6875,2026-04-09 02:46:51.508044,2026-04-09 02:46:59.041146,0 days 00:00:07.533102,328.0,2.0,125.8,151.2,0.11,COMPLETE
11429,0.6875,2026-04-09 02:46:59.059705,2026-04-09 02:47:06.771463,0 days 00:00:07.711758,440.0,1.0,116.8,156.1,0.0,COMPLETE
11430,0.6875,2026-04-09 02:47:06.791291,2026-04-09 02:47:13.540146,0 days 00:00:06.748855,428.0,1.0,118.1,154.4,0.52,COMPLETE
11431,0.6875,2026-04-09 02:47:13.559059,2026-04-09 02:47:20.326996,0 days 00:00:06.767937,463.0,1.0,116.3,156.2,0.2,COMPLETE
11432,0.6875,2026-04-09 02:47:20.346586,2026-04-09 02:47:27.144504,0 days 00:00:06.797918,403.0,1.0,117.3,152.9,0.0,COMPLETE
11433,0.6875,2026-04-09 02:47:27.162426,2026-04-09 02:47:34.735059,0 days 00:00:07.572633,319.0,2.0,124.0,155.7,0.33,COMPLETE
11434,0.6875,2026-04-09 02:47:34.755709,2026-04-09 02:47:42.210241,0 days 00:00:07.454532,467.0,1.0,115.7,155.3,0.5,COMPLETE
11435,0.6875,2026-04-09 02:47:42.227800,2026-04-09 02:47:49.356782,0 days 00:00:07.128982,347.0,1.0,117.9,158.4,0.25,COMPLETE
11436,0.6875,2026-04-09 02:47:49.377750,2026-04-09 02:47:56.410569,0 days 00:00:07.032819,448.0,1.0,114.8,154.1,0.4,COMPLETE
11437,0.6875,2026-04-09 02:47:56.427396,2026-04-09 02:48:03.476785,0 days 00:00:07.049389,367.0,1.0,117.4,151.8,0.43,COMPLETE
11438,0.6875,2026-04-09 02:48:03.496591,2026-04-09 02:48:11.066133,0 days 00:00:07.569542,306.0,1.0,122.7,157.0,0.68,COMPLETE
11439,0.6875,2026-04-09 02:48:11.083505,2026-04-09 02:48:18.693160,0 days 00:00:07.609655,492.0,2.0,113.3,154.8,0.1,COMPLETE
11440,0.6875,2026-04-09 02:48:18.713926,2026-04-09 02:48:25.766863,0 days 00:00:07.052937,394.0,1.0,114.3,152.3,0.19,COMPLETE
11441,0.6875,2026-04-09 02:48:25.784293,2026-04-09 02:48:32.487672,0 days 00:00:06.703379,416.0,1.0,116.1,153.3,0.21,COMPLETE
11442,0.6875,2026-04-09 02:48:32.508127,2026-04-09 02:48:40.308939,0 days 00:00:07.800812,164.0,1.0,115.7,148.1,0.6900000000000001,COMPLETE
11443,0.825,2026-04-09 02:48:40.328062,2026-04-09 02:49:15.545771,0 days 00:00:35.217709,277.0,2.0,123.6,156.6,0.22,COMPLETE
11444,0.6875,2026-04-09 02:49:15.566243,2026-04-09 02:49:22.537780,0 days 00:00:06.971537,407.0,1.0,121.3,153.8,0.28,COMPLETE
11445,0.015625,2026-04-09 02:49:22.554734,2026-04-09 02:49:29.343862,0 days 00:00:06.789128,499.0,2.0,123.6,155.1,0.36,COMPLETE
11446,0.6875,2026-04-09 02:49:29.364079,2026-04-09 02:49:36.903010,0 days 00:00:07.538931,439.0,2.0,114.9,152.4,0.59,COMPLETE
11447,0.6875,2026-04-09 02:49:36.919627,2026-04-09 02:49:43.701543,0 days 00:00:06.781916,430.0,1.0,116.6,155.2,0.26,COMPLETE
11448,0.6875,2026-04-09 02:49:43.722895,2026-04-09 02:49:51.657058,0 days 00:00:07.934163,338.0,3.0,126.5,153.3,0.64,COMPLETE
11449,0.6875,2026-04-09 02:49:51.673682,2026-04-09 02:49:59.616230,0 days 00:00:07.942548,428.0,2.0,115.0,157.1,0.32,COMPLETE
11450,0.825,2026-04-09 02:49:59.635213,2026-04-09 02:50:05.091054,0 days 00:00:05.455841,473.0,3.0,116.9,152.7,0.12,COMPLETE
11451,0.6875,2026-04-09 02:50:05.108515,2026-04-09 02:50:12.134566,0 days 00:00:07.026051,339.0,1.0,117.5,154.4,0.0,COMPLETE
11452,0.6875,2026-04-09 02:50:12.155047,2026-04-09 02:50:18.914150,0 days 00:00:06.759103,349.0,1.0,116.0,156.1,0.21,COMPLETE
11453,0.671875,2026-04-09 02:50:18.931869,2026-04-09 02:50:25.633514,0 days 00:00:06.701645,366.0,1.0,115.4,154.0,0.23,COMPLETE
11454,0.015625,2026-04-09 02:50:25.652939,2026-04-09 02:50:32.363820,0 days 00:00:06.710881,475.0,1.0,116.4,155.9,0.0,COMPLETE
11455,0.6875,2026-04-09 02:50:32.381047,2026-04-09 02:50:39.208911,0 days 00:00:06.827864,410.0,1.0,114.6,153.8,0.0,COMPLETE
11456,0.6875,2026-04-09 02:50:39.228859,2026-04-09 02:50:46.033450,0 days 00:00:06.804591,357.0,1.0,117.3,154.4,0.5,COMPLETE
11457,0.825,2026-04-09 02:50:46.050453,2026-04-09 02:51:20.200364,0 days 00:00:34.149911,393.0,1.0,119.2,154.6,0.0,COMPLETE
11458,0.6875,2026-04-09 02:51:20.220455,2026-04-09 02:51:27.352293,0 days 00:00:07.131838,451.0,1.0,116.1,151.2,0.3,COMPLETE
11459,0.825,2026-04-09 02:51:27.377030,2026-04-09 02:52:01.698788,0 days 00:00:34.321758,459.0,1.0,118.1,156.1,0.35000000000000003,COMPLETE
11460,0.825,2026-04-09 02:52:01.718679,2026-04-09 02:52:35.982582,0 days 00:00:34.263903,387.0,1.0,118.6,157.7,0.0,COMPLETE
11461,0.825,2026-04-09 02:52:36.000188,2026-04-09 02:53:09.789033,0 days 00:00:33.788845,468.0,1.0,119.1,157.6,0.02,COMPLETE
11462,0.6875,2026-04-09 02:53:09.809732,2026-04-09 02:53:17.199125,0 days 00:00:07.389393,344.0,1.0,115.8,154.3,0.0,COMPLETE
11463,0.6875,2026-04-09 02:53:17.216682,2026-04-09 02:53:24.529655,0 days 00:00:07.312973,476.0,2.0,123.0,155.0,0.79,COMPLETE
11464,0.6875,2026-04-09 02:53:24.549038,2026-04-09 02:53:31.398257,0 days 00:00:06.849219,285.0,3.0,122.5,156.0,0.34,COMPLETE
11465,0.6875,2026-04-09 02:53:31.420198,2026-04-09 02:53:38.921931,0 days 00:00:07.501733,464.0,1.0,113.8,155.9,0.47000000000000003,COMPLETE
11466,0.6875,2026-04-09 02:53:38.941122,2026-04-09 02:53:45.770101,0 days 00:00:06.828979,433.0,1.0,116.3,153.3,0.48,COMPLETE
11467,0.6875,2026-04-09 02:53:45.787366,2026-04-09 02:53:52.702166,0 days 00:00:06.914800,331.0,3.0,115.9,151.7,0.04,COMPLETE
11468,0.825,2026-04-09 02:53:52.722692,2026-04-09 02:54:27.352395,0 days 00:00:34.629703,336.0,1.0,119.6,156.9,0.29,COMPLETE
11469,0.825,2026-04-09 02:54:27.371759,2026-04-09 02:55:01.376353,0 days 00:00:34.004594,380.0,1.0,118.4,155.3,0.25,COMPLETE
11470,0.6875,2026-04-09 02:55:01.396852,2026-04-09 02:55:08.791166,0 days 00:00:07.394314,496.0,1.0,113.4,159.5,0.59,COMPLETE
11471,0.6875,2026-04-09 02:55:08.810543,2026-04-09 02:55:15.867393,0 days 00:00:07.056850,455.0,2.0,117.0,155.5,0.26,COMPLETE
11472,0.6875,2026-04-09 02:55:15.884469,2026-04-09 02:55:22.682103,0 days 00:00:06.797634,401.0,1.0,113.7,156.2,0.0,COMPLETE
11473,0.6875,2026-04-09 02:55:22.701595,2026-04-09 02:55:30.157910,0 days 00:00:07.456315,467.0,1.0,122.1,155.0,0.65,COMPLETE
11474,0.6875,2026-04-09 02:55:30.175341,2026-04-09 02:55:37.500979,0 days 00:00:07.325638,213.0,2.0,124.1,153.0,0.5700000000000001,COMPLETE
11475,0.6875,2026-04-09 02:55:37.520521,2026-04-09 02:55:44.424105,0 days 00:00:06.903584,342.0,3.0,120.8,155.3,0.27,COMPLETE
11476,0.6875,2026-04-09 02:55:44.441220,2026-04-09 02:55:51.384201,0 days 00:00:06.942981,374.0,1.0,116.8,157.5,0.02,COMPLETE
