number,value,datetime_start,datetime_complete,duration,params_voltage,params_width,params_x,params_y,params_z,state
12168,0.6875,2026-04-09 12:37:33.756300,2026-04-09 12:37:40.961563,0 days 00:00:07.205263,374.0,1.0,116.5,154.0,0.46,COMPLETE
12169,0.6875,2026-04-09 12:37:40.978317,2026-04-09 12:37:47.744454,0 days 00:00:06.766137,340.0,2.0,115.3,152.1,1.01,COMPLETE
12170,0.6875,2026-04-09 12:37:47.758167,2026-04-09 12:37:54.615932,0 days 00:00:06.857765,483.0,1.0,114.4,155.6,0.28,COMPLETE
12171,0.6875,2026-04-09 12:37:54.632288,2026-04-09 12:38:02.643956,0 days 00:00:08.011668,457.0,1.0,124.2,148.3,0.67,COMPLETE
12172,0.825,2026-04-09 12:38:02.657646,2026-04-09 12:38:08.729230,0 days 00:00:06.071584,386.0,1.0,118.2,153.9,0.0,COMPLETE
12173,0.6875,2026-04-09 12:38:08.745826,2026-04-09 12:38:15.576305,0 days 00:00:06.830479,422.0,1.0,120.9,155.2,0.43,COMPLETE
12174,0.6875,2026-04-09 12:38:15.589716,2026-04-09 12:38:23.045396,0 days 00:00:07.455680,404.0,1.0,113.0,153.2,0.02,COMPLETE
12175,0.6875,2026-04-09 12:38:23.061997,2026-04-09 12:38:30.021631,0 days 00:00:06.959634,447.0,2.0,117.4,153.4,0.5,COMPLETE
12176,0.825,2026-04-09 12:38:30.035146,2026-04-09 12:38:35.056249,0 days 00:00:05.021103,428.0,1.0,117.1,154.0,0.01,COMPLETE
12177,0.825,2026-04-09 12:38:35.073175,2026-04-09 12:39:09.601421,0 days 00:00:34.528246,476.0,2.0,124.6,152.9,0.04,COMPLETE
12178,0.825,2026-04-09 12:39:09.617789,2026-04-09 12:39:44.434253,0 days 00:00:34.816464,367.0,1.0,118.1,156.5,0.54,COMPLETE
12179,0.6875,2026-04-09 12:39:44.450813,2026-04-09 12:39:51.636069,0 days 00:00:07.185256,251.0,2.0,120.5,155.1,0.04,COMPLETE
12180,0.6875,2026-04-09 12:39:51.652186,2026-04-09 12:39:58.538764,0 days 00:00:06.886578,338.0,1.0,116.4,155.4,0.25,COMPLETE
12181,0.015625,2026-04-09 12:39:58.552901,2026-04-09 12:40:18.039644,0 days 00:00:19.486743,433.0,1.0,116.5,154.8,0.28,COMPLETE
12182,0.825,2026-04-09 12:40:18.056057,2026-04-09 12:40:52.253846,0 days 00:00:34.197789,394.0,1.0,121.0,152.4,0.02,COMPLETE
12183,0.825,2026-04-09 12:40:52.267580,2026-04-09 12:41:26.566968,0 days 00:00:34.299388,385.0,2.0,124.5,155.3,0.4,COMPLETE
12184,0.6875,2026-04-09 12:41:26.584109,2026-04-09 12:41:34.149294,0 days 00:00:07.565185,486.0,1.0,114.9,151.4,0.0,COMPLETE
12185,0.6875,2026-04-09 12:41:34.162944,2026-04-09 12:41:41.307635,0 days 00:00:07.144691,473.0,1.0,121.6,154.0,0.3,COMPLETE
12186,0.6875,2026-04-09 12:41:41.323983,2026-04-09 12:41:48.172975,0 days 00:00:06.848992,464.0,1.0,117.1,155.3,0.42,COMPLETE
12187,0.6875,2026-04-09 12:41:48.186170,2026-04-09 12:41:54.800091,0 days 00:00:06.613921,494.0,2.0,116.3,153.5,0.0,COMPLETE
12188,0.825,2026-04-09 12:41:54.814090,2026-04-09 12:42:29.011173,0 days 00:00:34.197083,440.0,2.0,119.1,153.3,0.0,COMPLETE
12189,0.825,2026-04-09 12:42:29.027869,2026-04-09 12:43:03.345889,0 days 00:00:34.318020,405.0,2.0,122.2,156.1,0.13,COMPLETE
12190,0.825,2026-04-09 12:43:03.362422,2026-04-09 12:43:37.608723,0 days 00:00:34.246301,348.0,1.0,118.5,157.5,0.0,COMPLETE
12191,0.825,2026-04-09 12:43:37.625257,2026-04-09 12:44:11.946379,0 days 00:00:34.321122,332.0,2.0,123.5,155.1,0.01,COMPLETE
12192,0.6875,2026-04-09 12:44:11.959550,2026-04-09 12:44:19.264778,0 days 00:00:07.305228,407.0,1.0,118.9,151.2,0.31,COMPLETE
12193,0.6875,2026-04-09 12:44:19.280843,2026-04-09 12:44:26.418901,0 days 00:00:07.138058,462.0,2.0,123.7,154.7,0.32,COMPLETE
12194,0.825,2026-04-09 12:44:26.432448,2026-04-09 12:44:32.286720,0 days 00:00:05.854272,489.0,1.0,115.5,154.2,0.3,COMPLETE
12195,0.6875,2026-04-09 12:44:32.303341,2026-04-09 12:44:39.156514,0 days 00:00:06.853173,478.0,1.0,117.5,155.4,0.25,COMPLETE
12196,0.6875,2026-04-09 12:44:39.170094,2026-04-09 12:44:46.433675,0 days 00:00:07.263581,319.0,2.0,116.3,150.3,0.46,COMPLETE
12197,0.6875,2026-04-09 12:44:46.449911,2026-04-09 12:44:53.861971,0 days 00:00:07.412060,429.0,1.0,113.9,157.7,0.25,COMPLETE
12198,0.825,2026-04-09 12:44:53.876588,2026-04-09 12:45:28.257183,0 days 00:00:34.380595,404.0,1.0,118.1,155.5,0.47000000000000003,COMPLETE
12199,0.6875,2026-04-09 12:45:28.273812,2026-04-09 12:45:35.437964,0 days 00:00:07.164152,468.0,1.0,113.8,154.0,0.24,COMPLETE
12200,0.6875,2026-04-09 12:45:35.451823,2026-04-09 12:45:42.388691,0 days 00:00:06.936868,406.0,1.0,115.2,158.0,0.18,COMPLETE
12201,0.6875,2026-04-09 12:45:42.402877,2026-04-09 12:45:49.126361,0 days 00:00:06.723484,500.0,2.0,116.9,157.0,0.53,COMPLETE
12202,0.6875,2026-04-09 12:45:49.142418,2026-04-09 12:45:57.119143,0 days 00:00:07.976725,158.0,1.0,114.8,151.0,1.97,COMPLETE
12203,0.6875,2026-04-09 12:45:57.132963,2026-04-09 12:46:04.381850,0 days 00:00:07.248887,286.0,2.0,120.4,153.8,0.04,COMPLETE
12204,0.825,2026-04-09 12:46:04.398110,2026-04-09 12:46:38.632051,0 days 00:00:34.233941,410.0,2.0,119.0,156.2,0.55,COMPLETE
12205,0.6875,2026-04-09 12:46:38.648318,2026-04-09 12:46:45.607464,0 days 00:00:06.959146,360.0,2.0,119.4,152.4,0.03,COMPLETE
12206,0.6875,2026-04-09 12:46:45.624203,2026-04-09 12:46:52.615611,0 days 00:00:06.991408,398.0,1.0,114.5,152.0,0.6,COMPLETE
12207,0.825,2026-04-09 12:46:52.629281,2026-04-09 12:47:27.008458,0 days 00:00:34.379177,427.0,1.0,117.5,155.9,0.01,COMPLETE
12208,0.6875,2026-04-09 12:47:27.024524,2026-04-09 12:47:34.494228,0 days 00:00:07.469704,359.0,2.0,115.4,151.2,0.29,COMPLETE
12209,0.825,2026-04-09 12:47:34.507204,2026-04-09 12:48:08.751782,0 days 00:00:34.244578,415.0,1.0,118.1,152.8,0.23,COMPLETE
12210,0.0,2026-04-09 12:48:08.767904,2026-04-09 12:48:28.481575,0 days 00:00:19.713671,404.0,1.0,116.9,154.3,0.24,COMPLETE
12211,0.825,2026-04-09 12:48:28.494922,2026-04-09 12:49:03.006017,0 days 00:00:34.511095,500.0,2.0,124.4,155.2,0.22,COMPLETE
12212,0.6875,2026-04-09 12:49:03.022752,2026-04-09 12:49:10.757630,0 days 00:00:07.734878,365.0,1.0,116.7,153.5,0.25,COMPLETE
12213,0.6875,2026-04-09 12:49:10.773185,2026-04-09 12:49:17.461069,0 days 00:00:06.687884,393.0,1.0,114.9,153.3,0.0,COMPLETE
12214,0.825,2026-04-09 12:49:17.474846,2026-04-09 12:49:22.560924,0 days 00:00:05.086078,427.0,1.0,115.1,155.0,0.0,COMPLETE
12215,0.6875,2026-04-09 12:49:22.577425,2026-04-09 12:49:29.753761,0 days 00:00:07.176336,400.0,1.0,120.4,153.5,0.45,COMPLETE
12216,0.825,2026-04-09 12:49:29.767728,2026-04-09 12:49:35.213685,0 days 00:00:05.445957,498.0,1.0,116.4,156.5,0.04,COMPLETE
12217,0.825,2026-04-09 12:49:35.231265,2026-04-09 12:50:09.288600,0 days 00:00:34.057335,434.0,1.0,118.2,154.8,0.0,COMPLETE
12218,0.6875,2026-04-09 12:50:09.303129,2026-04-09 12:50:16.689072,0 days 00:00:07.385943,402.0,1.0,113.0,150.9,0.23,COMPLETE
12219,0.6875,2026-04-09 12:50:16.705170,2026-04-09 12:50:23.781405,0 days 00:00:07.076235,489.0,1.0,115.2,155.8,0.01,COMPLETE
12220,0.6875,2026-04-09 12:50:23.795026,2026-04-09 12:50:31.230648,0 days 00:00:07.435622,314.0,1.0,122.9,154.1,0.18,COMPLETE
12221,0.6875,2026-04-09 12:50:31.246851,2026-04-09 12:50:38.255716,0 days 00:00:07.008865,422.0,1.0,116.6,154.5,0.66,COMPLETE
12222,0.6875,2026-04-09 12:50:38.269563,2026-04-09 12:50:44.827674,0 days 00:00:06.558111,419.0,1.0,115.9,155.7,0.2,COMPLETE
12223,0.6875,2026-04-09 12:50:44.844278,2026-04-09 12:50:51.689828,0 days 00:00:06.845550,410.0,2.0,116.4,151.2,0.28,COMPLETE
12224,0.6875,2026-04-09 12:50:51.704518,2026-04-09 12:50:58.543257,0 days 00:00:06.838739,455.0,2.0,116.3,155.8,0.01,COMPLETE
12225,0.6875,2026-04-09 12:50:58.556730,2026-04-09 12:51:05.518162,0 days 00:00:06.961432,370.0,1.0,119.0,158.4,0.31,COMPLETE
12226,0.6875,2026-04-09 12:51:05.535075,2026-04-09 12:51:12.462043,0 days 00:00:06.926968,384.0,2.0,117.7,153.2,0.28,COMPLETE
12227,0.825,2026-04-09 12:51:12.476265,2026-04-09 12:51:46.579742,0 days 00:00:34.103477,334.0,1.0,118.8,152.9,0.0,COMPLETE
12228,0.6875,2026-04-09 12:51:46.595888,2026-04-09 12:51:53.808720,0 days 00:00:07.212832,466.0,1.0,116.2,157.0,0.73,COMPLETE
12229,0.825,2026-04-09 12:51:53.822162,2026-04-09 12:52:28.324499,0 days 00:00:34.502337,497.0,1.0,119.1,152.5,0.17,COMPLETE
12230,0.825,2026-04-09 12:52:28.341292,2026-04-09 12:53:02.622428,0 days 00:00:34.281136,426.0,1.0,118.6,156.5,0.0,COMPLETE
12231,0.825,2026-04-09 12:53:02.636783,2026-04-09 12:53:36.951804,0 days 00:00:34.315021,429.0,1.0,119.8,152.9,0.02,COMPLETE
12232,0.6875,2026-04-09 12:53:36.969128,2026-04-09 12:53:44.400989,0 days 00:00:07.431861,349.0,2.0,115.1,152.4,0.01,COMPLETE
12233,0.6875,2026-04-09 12:53:44.415792,2026-04-09 12:53:51.074264,0 days 00:00:06.658472,373.0,1.0,115.7,150.8,0.0,COMPLETE
12234,0.6875,2026-04-09 12:53:51.091557,2026-04-09 12:53:58.775444,0 days 00:00:07.683887,499.0,3.0,125.5,151.2,1.99,COMPLETE
12235,0.6875,2026-04-09 12:53:58.789565,2026-04-09 12:54:06.907681,0 days 00:00:08.118116,371.0,1.0,115.9,157.1,0.01,COMPLETE
12236,0.825,2026-04-09 12:54:06.924969,2026-04-09 12:54:41.704904,0 days 00:00:34.779935,309.0,2.0,122.1,156.8,0.4,COMPLETE
12237,0.825,2026-04-09 12:54:41.718418,2026-04-09 12:55:16.255737,0 days 00:00:34.537319,304.0,3.0,117.0,154.1,0.0,COMPLETE
12238,0.6875,2026-04-09 12:55:16.272456,2026-04-09 12:55:23.208219,0 days 00:00:06.935763,445.0,1.0,116.3,152.3,0.29,COMPLETE
12239,0.6875,2026-04-09 12:55:23.224807,2026-04-09 12:55:30.021578,0 days 00:00:06.796771,310.0,1.0,116.1,153.0,0.0,COMPLETE
12240,0.825,2026-04-09 12:55:30.035024,2026-04-09 12:56:04.134426,0 days 00:00:34.099402,333.0,2.0,119.0,156.0,0.0,COMPLETE
12241,0.825,2026-04-09 12:56:04.151335,2026-04-09 12:56:38.443644,0 days 00:00:34.292309,498.0,2.0,122.7,157.0,0.38,COMPLETE
12242,0.6875,2026-04-09 12:56:38.456945,2026-04-09 12:56:45.873742,0 days 00:00:07.416797,421.0,1.0,117.6,155.7,0.45,COMPLETE
12243,0.6875,2026-04-09 12:56:45.890183,2026-04-09 12:56:52.665024,0 days 00:00:06.774841,371.0,2.0,115.3,153.6,0.25,COMPLETE
12244,0.6875,2026-04-09 12:56:52.679151,2026-04-09 12:56:59.472817,0 days 00:00:06.793666,454.0,2.0,114.1,156.0,0.53,COMPLETE
12245,0.825,2026-04-09 12:56:59.485977,2026-04-09 12:57:05.534271,0 days 00:00:06.048294,281.0,2.0,121.7,152.8,0.02,COMPLETE
12246,0.825,2026-04-09 12:57:05.549207,2026-04-09 12:57:39.893623,0 days 00:00:34.344416,412.0,2.0,117.2,156.6,0.27,COMPLETE
12247,0.6875,2026-04-09 12:57:39.911081,2026-04-09 12:57:47.242635,0 days 00:00:07.331554,399.0,2.0,123.6,155.6,0.6,COMPLETE
12248,0.6875,2026-04-09 12:57:47.256368,2026-04-09 12:57:54.640904,0 days 00:00:07.384536,467.0,1.0,116.5,158.6,0.21,COMPLETE
12249,0.825,2026-04-09 12:57:54.654212,2026-04-09 12:58:28.792316,0 days 00:00:34.138104,435.0,2.0,118.4,155.8,0.24,COMPLETE
12250,0.6875,2026-04-09 12:58:28.809570,2026-04-09 12:58:35.764403,0 days 00:00:06.954833,444.0,1.0,116.8,158.1,0.01,COMPLETE
12251,0.6875,2026-04-09 12:58:35.777764,2026-04-09 12:58:43.066860,0 days 00:00:07.289096,342.0,2.0,118.8,153.2,0.61,COMPLETE
12252,0.6875,2026-04-09 12:58:43.083368,2026-04-09 12:58:49.795643,0 days 00:00:06.712275,455.0,2.0,120.5,154.2,0.46,COMPLETE
12253,0.825,2026-04-09 12:58:49.809906,2026-04-09 12:59:23.851752,0 days 00:00:34.041846,461.0,1.0,122.2,156.7,0.71,COMPLETE
12254,0.825,2026-04-09 12:59:23.868345,2026-04-09 12:59:58.100606,0 days 00:00:34.232261,435.0,2.0,125.3,155.0,0.37,COMPLETE
12255,0.6875,2026-04-09 12:59:58.114847,2026-04-09 13:00:05.640512,0 days 00:00:07.525665,406.0,1.0,115.5,154.3,0.19,COMPLETE
12256,0.825,2026-04-09 13:00:05.656847,2026-04-09 13:00:39.578619,0 days 00:00:33.921772,364.0,1.0,118.3,155.8,0.26,COMPLETE
12257,0.825,2026-04-09 13:00:39.592902,2026-04-09 13:01:13.356536,0 days 00:00:33.763634,397.0,3.0,118.2,155.6,0.05,COMPLETE
12258,0.6875,2026-04-09 13:01:13.372663,2026-04-09 13:01:20.423347,0 days 00:00:07.050684,381.0,1.0,115.9,152.7,0.0,COMPLETE
12259,0.6875,2026-04-09 13:01:20.439943,2026-04-09 13:01:28.239736,0 days 00:00:07.799793,265.0,3.0,124.3,156.9,0.17,COMPLETE
12260,0.6875,2026-04-09 13:01:28.253756,2026-04-09 13:01:36.061075,0 days 00:00:07.807319,444.0,2.0,114.3,152.3,0.0,COMPLETE
12261,0.6875,2026-04-09 13:01:36.076536,2026-04-09 13:01:42.877493,0 days 00:00:06.800957,474.0,1.0,115.1,154.7,0.23,COMPLETE
12262,0.671875,2026-04-09 13:01:42.891253,2026-04-09 13:01:49.905252,0 days 00:00:07.013999,382.0,1.0,116.7,156.6,0.46,COMPLETE
12263,0.825,2026-04-09 13:01:49.921762,2026-04-09 13:01:57.156544,0 days 00:00:07.234782,363.0,1.0,116.4,155.2,0.19,COMPLETE
12264,0.825,2026-04-09 13:01:57.171289,2026-04-09 13:02:10.780946,0 days 00:00:13.609657,419.0,2.0,117.7,153.1,0.01,COMPLETE
12265,0.6875,2026-04-09 13:02:10.795806,2026-04-09 13:02:18.088578,0 days 00:00:07.292772,376.0,3.0,120.4,158.5,0.77,COMPLETE
12266,0.6875,2026-04-09 13:02:18.106776,2026-04-09 13:02:24.976589,0 days 00:00:06.869813,377.0,1.0,121.0,154.6,0.17,COMPLETE
12267,0.6875,2026-04-09 13:02:24.990030,2026-04-09 13:02:32.625781,0 days 00:00:07.635751,255.0,2.0,113.0,153.6,0.26,COMPLETE
12268,0.6875,2026-04-09 13:02:32.641724,2026-04-09 13:02:40.236430,0 days 00:00:07.594706,452.0,2.0,122.5,154.4,0.6,COMPLETE
12269,0.825,2026-04-09 13:02:40.250859,2026-04-09 13:03:14.476485,0 days 00:00:34.225626,383.0,1.0,123.6,155.8,0.15,COMPLETE
12270,0.825,2026-04-09 13:03:14.492591,2026-04-09 13:03:49.028119,0 days 00:00:34.535528,383.0,2.0,116.1,155.8,0.27,COMPLETE
12271,0.6875,2026-04-09 13:03:49.042303,2026-04-09 13:03:56.496839,0 days 00:00:07.454536,448.0,2.0,124.9,155.4,0.68,COMPLETE
12272,0.6875,2026-04-09 13:03:56.512754,2026-04-09 13:04:03.839599,0 days 00:00:07.326845,476.0,1.0,116.4,153.2,0.49,COMPLETE
12273,0.6875,2026-04-09 13:04:03.853177,2026-04-09 13:04:11.662414,0 days 00:00:07.809237,246.0,1.0,121.1,160.0,0.19,COMPLETE
12274,0.6875,2026-04-09 13:04:11.678284,2026-04-09 13:04:18.308355,0 days 00:00:06.630071,412.0,2.0,122.3,158.4,0.07,COMPLETE
12275,0.6875,2026-04-09 13:04:18.322736,2026-04-09 13:04:25.608607,0 days 00:00:07.285871,341.0,2.0,121.5,152.1,0.47000000000000003,COMPLETE
12276,0.6875,2026-04-09 13:04:25.624715,2026-04-09 13:04:32.583041,0 days 00:00:06.958326,378.0,1.0,115.7,152.7,0.26,COMPLETE
12277,0.6875,2026-04-09 13:04:32.597564,2026-04-09 13:04:40.338354,0 days 00:00:07.740790,384.0,3.0,125.2,159.4,1.6600000000000001,COMPLETE
12278,0.825,2026-04-09 13:04:40.355070,2026-04-09 13:05:14.795878,0 days 00:00:34.440808,451.0,1.0,125.2,154.8,0.49,COMPLETE
12279,0.6875,2026-04-09 13:05:14.811239,2026-04-09 13:05:22.371799,0 days 00:00:07.560560,459.0,1.0,115.3,152.6,0.29,COMPLETE
12280,0.6875,2026-04-09 13:05:22.387777,2026-04-09 13:05:30.396274,0 days 00:00:08.008497,213.0,2.0,125.7,150.2,0.54,COMPLETE
12281,0.6875,2026-04-09 13:05:30.409498,2026-04-09 13:05:38.020850,0 days 00:00:07.611352,169.0,2.0,117.1,152.8,1.85,COMPLETE
12282,0.6875,2026-04-09 13:05:38.037397,2026-04-09 13:05:44.780269,0 days 00:00:06.742872,330.0,1.0,114.1,151.5,0.1,COMPLETE
12283,0.6875,2026-04-09 13:05:44.795254,2026-04-09 13:05:51.471572,0 days 00:00:06.676318,347.0,1.0,115.4,154.7,0.24,COMPLETE
12284,0.6875,2026-04-09 13:05:51.487379,2026-04-09 13:05:58.229110,0 days 00:00:06.741731,381.0,2.0,116.9,151.2,0.0,COMPLETE
12285,0.6875,2026-04-09 13:05:58.244943,2026-04-09 13:06:04.996207,0 days 00:00:06.751264,429.0,1.0,117.5,154.0,0.53,COMPLETE
12286,0.671875,2026-04-09 13:06:05.012497,2026-04-09 13:06:11.705730,0 days 00:00:06.693233,413.0,1.0,120.8,155.2,0.24,COMPLETE
12287,0.6875,2026-04-09 13:06:11.719367,2026-04-09 13:06:18.693664,0 days 00:00:06.974297,497.0,1.0,115.1,155.1,0.22,COMPLETE
12288,0.6875,2026-04-09 13:06:18.710010,2026-04-09 13:06:25.872840,0 days 00:00:07.162830,329.0,2.0,120.5,154.2,0.25,COMPLETE
12289,0.6875,2026-04-09 13:06:25.887030,2026-04-09 13:06:32.903827,0 days 00:00:07.016797,455.0,1.0,114.6,156.7,0.51,COMPLETE
12290,0.6875,2026-04-09 13:06:32.920349,2026-04-09 13:06:40.127590,0 days 00:00:07.207241,372.0,1.0,116.5,151.2,0.65,COMPLETE
12291,0.6875,2026-04-09 13:06:40.141286,2026-04-09 13:06:47.445957,0 days 00:00:07.304671,435.0,1.0,121.6,157.9,0.33,COMPLETE
12292,0.6875,2026-04-09 13:06:47.462695,2026-04-09 13:06:54.737665,0 days 00:00:07.274970,350.0,1.0,115.1,157.3,0.01,COMPLETE
12293,0.0,2026-04-09 13:06:54.751642,2026-04-09 13:07:01.453138,0 days 00:00:06.701496,391.0,1.0,116.3,154.9,0.19,COMPLETE
12294,0.6875,2026-04-09 13:07:01.469497,2026-04-09 13:07:07.907096,0 days 00:00:06.437599,365.0,1.0,116.3,155.7,0.02,COMPLETE
12295,0.6875,2026-04-09 13:07:07.921761,2026-04-09 13:07:14.571746,0 days 00:00:06.649985,417.0,1.0,114.5,153.1,0.23,COMPLETE
12296,0.6875,2026-04-09 13:07:14.585356,2026-04-09 13:07:21.283688,0 days 00:00:06.698332,408.0,1.0,114.4,155.7,0.9400000000000001,COMPLETE
12297,0.6875,2026-04-09 13:07:21.297694,2026-04-09 13:07:29.023221,0 days 00:00:07.725527,349.0,1.0,123.6,151.9,0.22,COMPLETE
12298,0.825,2026-04-09 13:07:29.039316,2026-04-09 13:08:03.481887,0 days 00:00:34.442571,436.0,1.0,117.3,154.1,0.01,COMPLETE
12299,0.825,2026-04-09 13:08:03.495842,2026-04-09 13:08:37.781724,0 days 00:00:34.285882,456.0,2.0,121.4,154.7,0.14,COMPLETE
12300,0.825,2026-04-09 13:08:37.798097,2026-04-09 13:09:12.081101,0 days 00:00:34.283004,377.0,2.0,122.1,153.8,0.06,COMPLETE
12301,0.6875,2026-04-09 13:09:12.097333,2026-04-09 13:09:19.020093,0 days 00:00:06.922760,289.0,2.0,123.8,154.1,0.21,COMPLETE
12302,0.671875,2026-04-09 13:09:19.033171,2026-04-09 13:09:26.226235,0 days 00:00:07.193064,416.0,1.0,116.6,156.3,0.26,COMPLETE
12303,0.825,2026-04-09 13:09:26.243397,2026-04-09 13:10:00.219465,0 days 00:00:33.976068,446.0,2.0,119.5,157.5,0.61,COMPLETE
12304,0.825,2026-04-09 13:10:00.234198,2026-04-09 13:10:34.518639,0 days 00:00:34.284441,462.0,1.0,116.5,154.5,0.17,COMPLETE
12305,0.6875,2026-04-09 13:10:34.535615,2026-04-09 13:10:41.340556,0 days 00:00:06.804941,465.0,2.0,117.3,154.8,0.01,COMPLETE
12306,0.825,2026-04-09 13:10:41.356441,2026-04-09 13:11:15.527869,0 days 00:00:34.171428,457.0,1.0,119.6,156.5,0.08,COMPLETE
12307,0.6875,2026-04-09 13:11:15.544968,2026-04-09 13:11:22.659213,0 days 00:00:07.114245,423.0,1.0,115.1,154.8,0.31,COMPLETE
12308,0.6875,2026-04-09 13:11:22.675734,2026-04-09 13:11:29.252785,0 days 00:00:06.577051,465.0,1.0,114.9,154.0,0.0,COMPLETE
12309,0.6875,2026-04-09 13:11:29.268294,2026-04-09 13:11:35.947471,0 days 00:00:06.679177,458.0,2.0,115.7,152.9,0.26,COMPLETE
12310,0.6875,2026-04-09 13:11:35.963623,2026-04-09 13:11:43.464148,0 days 00:00:07.500525,387.0,1.0,121.8,155.9,0.75,COMPLETE
12311,0.6875,2026-04-09 13:11:43.478810,2026-04-09 13:11:51.012412,0 days 00:00:07.533602,207.0,2.0,126.8,155.8,0.16,COMPLETE
12312,0.6875,2026-04-09 13:11:51.028429,2026-04-09 13:11:59.103975,0 days 00:00:08.075546,436.0,2.0,113.9,155.4,0.19,COMPLETE
12313,0.6875,2026-04-09 13:11:59.118129,2026-04-09 13:12:05.916457,0 days 00:00:06.798328,347.0,1.0,113.4,154.7,0.18,COMPLETE
12314,0.6875,2026-04-09 13:12:05.932644,2026-04-09 13:12:12.488418,0 days 00:00:06.555774,452.0,1.0,113.9,155.0,0.46,COMPLETE
12315,0.6875,2026-04-09 13:12:12.502626,2026-04-09 13:12:19.678571,0 days 00:00:07.175945,325.0,1.0,115.5,158.8,0.4,COMPLETE
12316,0.825,2026-04-09 13:12:19.694942,2026-04-09 13:12:53.765455,0 days 00:00:34.070513,481.0,2.0,117.2,156.8,0.23,COMPLETE
12317,0.6875,2026-04-09 13:12:53.778928,2026-04-09 13:13:00.836689,0 days 00:00:07.057761,309.0,1.0,116.8,155.5,0.02,COMPLETE
12318,0.6875,2026-04-09 13:13:00.853571,2026-04-09 13:13:08.074620,0 days 00:00:07.221049,251.0,2.0,121.5,155.6,0.49,COMPLETE
12319,0.6875,2026-04-09 13:13:08.088395,2026-04-09 13:13:14.764669,0 days 00:00:06.676274,221.0,2.0,123.1,154.8,0.34,COMPLETE
12320,0.6875,2026-04-09 13:13:14.780971,2026-04-09 13:13:22.108149,0 days 00:00:07.327178,389.0,1.0,116.0,154.0,0.0,COMPLETE
12321,0.6875,2026-04-09 13:13:22.121995,2026-04-09 13:13:29.620925,0 days 00:00:07.498930,288.0,2.0,122.4,155.5,0.24,COMPLETE
12322,0.6875,2026-04-09 13:13:29.637761,2026-04-09 13:13:37.220047,0 days 00:00:07.582286,470.0,2.0,113.4,155.1,0.85,COMPLETE
12323,0.825,2026-04-09 13:13:37.234676,2026-04-09 13:13:43.314601,0 days 00:00:06.079925,412.0,1.0,123.0,154.4,0.42,COMPLETE
12324,0.825,2026-04-09 13:13:43.331638,2026-04-09 13:13:51.038957,0 days 00:00:07.707319,356.0,1.0,116.1,155.1,0.0,COMPLETE
12325,0.6875,2026-04-09 13:13:51.053422,2026-04-09 13:13:58.229009,0 days 00:00:07.175587,258.0,3.0,121.0,156.1,0.22,COMPLETE
12326,0.825,2026-04-09 13:13:58.245798,2026-04-09 13:14:32.105975,0 days 00:00:33.860177,364.0,1.0,122.3,156.4,0.54,COMPLETE
12327,0.6875,2026-04-09 13:14:32.122644,2026-04-09 13:14:39.638790,0 days 00:00:07.516146,342.0,1.0,116.2,152.6,0.22,COMPLETE
12328,0.825,2026-04-09 13:14:39.652538,2026-04-09 13:15:13.830225,0 days 00:00:34.177687,411.0,1.0,118.1,156.3,0.0,COMPLETE
12329,0.6875,2026-04-09 13:15:13.846799,2026-04-09 13:15:21.423852,0 days 00:00:07.577053,342.0,2.0,123.9,157.4,0.34,COMPLETE
12330,0.825,2026-04-09 13:15:21.437187,2026-04-09 13:15:55.801141,0 days 00:00:34.363954,390.0,1.0,117.9,155.2,0.22,COMPLETE
12331,0.671875,2026-04-09 13:15:55.817538,2026-04-09 13:16:03.290607,0 days 00:00:07.473069,277.0,3.0,123.1,154.7,0.28,COMPLETE
12332,0.6875,2026-04-09 13:16:03.304062,2026-04-09 13:16:10.408895,0 days 00:00:07.104833,464.0,1.0,117.4,153.6,0.26,COMPLETE
12333,0.6875,2026-04-09 13:16:10.425731,2026-04-09 13:16:17.365441,0 days 00:00:06.939710,360.0,1.0,115.8,154.0,0.51,COMPLETE
12334,0.825,2026-04-09 13:16:17.379022,2026-04-09 13:16:51.606147,0 days 00:00:34.227125,454.0,3.0,117.9,155.2,0.01,COMPLETE
12335,0.6875,2026-04-09 13:16:51.622503,2026-04-09 13:16:58.617778,0 days 00:00:06.995275,460.0,1.0,118.0,151.0,0.02,COMPLETE
12336,0.6875,2026-04-09 13:16:58.631080,2026-04-09 13:17:06.457108,0 days 00:00:07.826028,267.0,2.0,125.2,156.6,0.34,COMPLETE
12337,0.6875,2026-04-09 13:17:06.474026,2026-04-09 13:17:13.924278,0 days 00:00:07.450252,456.0,1.0,117.5,153.7,0.29,COMPLETE
12338,0.6875,2026-04-09 13:17:13.937909,2026-04-09 13:17:20.736585,0 days 00:00:06.798676,391.0,1.0,117.0,157.1,0.26,COMPLETE
12339,0.6875,2026-04-09 13:17:20.753464,2026-04-09 13:17:28.550252,0 days 00:00:07.796788,170.0,1.0,119.9,150.8,1.77,COMPLETE
12340,0.825,2026-04-09 13:17:28.563510,2026-04-09 13:18:02.756865,0 days 00:00:34.193355,332.0,3.0,121.4,151.9,0.24,COMPLETE
