number,value,datetime_start,datetime_complete,duration,params_voltage,params_width,params_x,params_y,params_z,state
4344,0.6875,2026-04-05 15:39:03.018312,2026-04-05 15:39:10.864640,0 days 00:00:07.846328,367.0,1.0,114.4,154.3,0.02,COMPLETE
4345,0.825,2026-04-05 15:39:10.878853,2026-04-05 15:39:44.948381,0 days 00:00:34.069528,423.0,1.0,119.2,154.4,0.02,COMPLETE
4346,0.6875,2026-04-05 15:39:44.963060,2026-04-05 15:39:52.053235,0 days 00:00:07.090175,397.0,1.0,114.6,152.9,0.28,COMPLETE
4347,0.825,2026-04-05 15:39:52.068006,2026-04-05 15:40:26.184643,0 days 00:00:34.116637,378.0,1.0,118.7,154.7,0.32,COMPLETE
4348,0.6875,2026-04-05 15:40:26.196231,2026-04-05 15:40:33.132652,0 days 00:00:06.936421,428.0,1.0,116.4,157.9,0.44,COMPLETE
4349,0.6875,2026-04-05 15:40:33.147461,2026-04-05 15:40:39.991687,0 days 00:00:06.844226,418.0,1.0,115.8,153.9,0.01,COMPLETE
4350,0.6875,2026-04-05 15:40:40.003745,2026-04-05 15:40:46.998382,0 days 00:00:06.994637,357.0,1.0,116.1,156.5,0.36,COMPLETE
4351,0.6875,2026-04-05 15:40:47.013407,2026-04-05 15:40:53.985847,0 days 00:00:06.972440,448.0,1.0,121.0,155.2,0.5700000000000001,COMPLETE
4352,0.825,2026-04-05 15:40:54.001231,2026-04-05 15:41:28.143770,0 days 00:00:34.142539,463.0,1.0,117.8,156.8,0.26,COMPLETE
4353,0.6875,2026-04-05 15:41:28.158971,2026-04-05 15:41:35.672540,0 days 00:00:07.513569,213.0,3.0,114.9,159.2,1.9100000000000001,COMPLETE
4354,0.6875,2026-04-05 15:41:35.687985,2026-04-05 15:41:42.449021,0 days 00:00:06.761036,389.0,1.0,116.7,156.6,0.66,COMPLETE
4355,0.6875,2026-04-05 15:41:42.464095,2026-04-05 15:41:48.943851,0 days 00:00:06.479756,397.0,1.0,116.4,156.8,0.33,COMPLETE
4356,0.6875,2026-04-05 15:41:48.956414,2026-04-05 15:41:55.901012,0 days 00:00:06.944598,371.0,1.0,115.9,151.6,0.34,COMPLETE
4357,0.6875,2026-04-05 15:41:55.916440,2026-04-05 15:42:02.677974,0 days 00:00:06.761534,412.0,1.0,116.4,155.0,0.6,COMPLETE
4358,0.6875,2026-04-05 15:42:02.688764,2026-04-05 15:42:09.225231,0 days 00:00:06.536467,461.0,1.0,116.6,154.4,0.0,COMPLETE
4359,0.6875,2026-04-05 15:42:09.240556,2026-04-05 15:42:15.822210,0 days 00:00:06.581654,420.0,1.0,117.4,155.4,0.26,COMPLETE
4360,0.6875,2026-04-05 15:42:15.832414,2026-04-05 15:42:22.636431,0 days 00:00:06.804017,327.0,2.0,117.0,156.5,0.55,COMPLETE
4361,0.6875,2026-04-05 15:42:22.652255,2026-04-05 15:42:30.069502,0 days 00:00:07.417247,349.0,3.0,119.4,148.3,0.01,COMPLETE
4362,0.6875,2026-04-05 15:42:30.084649,2026-04-05 15:42:38.027051,0 days 00:00:07.942402,163.0,2.0,117.1,156.4,1.72,COMPLETE
4363,0.6875,2026-04-05 15:42:38.040125,2026-04-05 15:42:44.892076,0 days 00:00:06.851951,383.0,1.0,115.8,152.9,0.03,COMPLETE
4364,0.6875,2026-04-05 15:42:44.906677,2026-04-05 15:42:51.538131,0 days 00:00:06.631454,356.0,1.0,115.6,154.6,0.0,COMPLETE
4365,0.6875,2026-04-05 15:42:51.549562,2026-04-05 15:42:58.310413,0 days 00:00:06.760851,430.0,2.0,115.7,157.2,0.67,COMPLETE
4366,0.6875,2026-04-05 15:42:58.325130,2026-04-05 15:43:04.880898,0 days 00:00:06.555768,410.0,1.0,115.9,156.1,0.26,COMPLETE
4367,0.825,2026-04-05 15:43:04.895714,2026-04-05 15:43:38.687321,0 days 00:00:33.791607,417.0,1.0,116.5,155.5,0.01,COMPLETE
4368,0.6875,2026-04-05 15:43:38.698198,2026-04-05 15:43:45.526777,0 days 00:00:06.828579,431.0,1.0,115.7,152.2,0.0,COMPLETE
4369,0.6875,2026-04-05 15:43:45.541974,2026-04-05 15:43:52.347805,0 days 00:00:06.805831,405.0,1.0,117.1,155.8,0.26,COMPLETE
4370,0.6875,2026-04-05 15:43:52.362917,2026-04-05 15:43:59.127364,0 days 00:00:06.764447,394.0,3.0,115.3,152.9,1.12,COMPLETE
4371,0.6875,2026-04-05 15:43:59.141870,2026-04-05 15:44:06.097495,0 days 00:00:06.955625,337.0,2.0,114.8,155.8,0.31,COMPLETE
4372,0.825,2026-04-05 15:44:06.113004,2026-04-05 15:44:40.133926,0 days 00:00:34.020922,475.0,3.0,117.7,155.3,0.05,COMPLETE
4373,0.6875,2026-04-05 15:44:40.149259,2026-04-05 15:44:47.240687,0 days 00:00:07.091428,389.0,1.0,114.3,154.6,0.01,COMPLETE
4374,0.6875,2026-04-05 15:44:47.251862,2026-04-05 15:44:53.736748,0 days 00:00:06.484886,385.0,2.0,113.7,154.2,0.47000000000000003,COMPLETE
4375,0.6875,2026-04-05 15:44:53.751490,2026-04-05 15:45:00.496811,0 days 00:00:06.745321,398.0,2.0,117.1,153.5,0.28,COMPLETE
4376,0.6875,2026-04-05 15:45:00.508193,2026-04-05 15:45:08.500170,0 days 00:00:07.991977,163.0,2.0,121.2,158.8,1.96,COMPLETE
4377,0.825,2026-04-05 15:45:08.515138,2026-04-05 15:45:23.939129,0 days 00:00:15.423991,460.0,2.0,114.2,155.0,0.02,COMPLETE
4378,0.825,2026-04-05 15:45:23.951311,2026-04-05 15:45:57.952694,0 days 00:00:34.001383,450.0,1.0,117.8,154.8,0.24,COMPLETE
4379,0.6875,2026-04-05 15:45:57.963185,2026-04-05 15:46:04.970508,0 days 00:00:07.007323,379.0,1.0,115.8,155.0,0.61,COMPLETE
4380,0.825,2026-04-05 15:46:04.985580,2026-04-05 15:46:39.169995,0 days 00:00:34.184415,361.0,1.0,118.1,156.4,0.35000000000000003,COMPLETE
4381,0.825,2026-04-05 15:46:39.184528,2026-04-05 15:47:13.214127,0 days 00:00:34.029599,456.0,1.0,119.5,154.6,0.02,COMPLETE
4382,0.6875,2026-04-05 15:47:13.229290,2026-04-05 15:47:20.315379,0 days 00:00:07.086089,393.0,1.0,115.0,155.3,0.23,COMPLETE
4383,0.6875,2026-04-05 15:47:20.327692,2026-04-05 15:47:27.114738,0 days 00:00:06.787046,261.0,1.0,116.0,155.6,0.04,COMPLETE
4384,0.6875,2026-04-05 15:47:27.128269,2026-04-05 15:47:33.808861,0 days 00:00:06.680592,450.0,1.0,117.0,157.4,0.14,COMPLETE
4385,0.6875,2026-04-05 15:47:33.825296,2026-04-05 15:47:40.769742,0 days 00:00:06.944446,344.0,1.0,115.2,156.0,0.0,COMPLETE
4386,0.6875,2026-04-05 15:47:40.785403,2026-04-05 15:47:47.401906,0 days 00:00:06.616503,329.0,1.0,116.8,155.5,0.33,COMPLETE
4387,0.825,2026-04-05 15:47:47.416435,2026-04-05 15:48:21.337650,0 days 00:00:33.921215,450.0,1.0,117.4,157.1,0.01,COMPLETE
4388,0.6875,2026-04-05 15:48:21.352320,2026-04-05 15:48:28.904522,0 days 00:00:07.552202,210.0,2.0,123.5,154.5,0.28,COMPLETE
4389,0.6875,2026-04-05 15:48:28.915028,2026-04-05 15:48:35.504960,0 days 00:00:06.589932,458.0,2.0,124.5,156.7,0.58,COMPLETE
4390,0.6875,2026-04-05 15:48:35.520691,2026-04-05 15:48:42.950868,0 days 00:00:07.430177,300.0,1.0,117.9,152.6,0.07,COMPLETE
4391,0.825,2026-04-05 15:48:42.966546,2026-04-05 15:48:47.947912,0 days 00:00:04.981366,397.0,1.0,118.1,153.7,0.01,COMPLETE
4392,0.6875,2026-04-05 15:48:47.963036,2026-04-05 15:48:54.627962,0 days 00:00:06.664926,381.0,2.0,115.1,152.6,0.01,COMPLETE
4393,0.825,2026-04-05 15:48:54.643104,2026-04-05 15:49:28.900146,0 days 00:00:34.257042,350.0,1.0,118.3,155.9,0.26,COMPLETE
4394,0.825,2026-04-05 15:49:28.913132,2026-04-05 15:50:02.944023,0 days 00:00:34.030891,405.0,1.0,116.8,156.6,0.01,COMPLETE
4395,0.0,2026-04-05 15:50:02.954935,2026-04-05 15:50:09.749531,0 days 00:00:06.794596,377.0,2.0,116.5,153.5,0.0,COMPLETE
4396,0.6875,2026-04-05 15:50:09.764292,2026-04-05 15:50:16.346459,0 days 00:00:06.582167,365.0,2.0,115.1,153.8,0.07,COMPLETE
4397,0.825,2026-04-05 15:50:16.358916,2026-04-05 15:50:51.057672,0 days 00:00:34.698756,417.0,2.0,123.6,154.7,0.27,COMPLETE
4398,0.6875,2026-04-05 15:50:51.069835,2026-04-05 15:50:58.739941,0 days 00:00:07.670106,324.0,2.0,114.1,156.3,0.05,COMPLETE
4399,0.6875,2026-04-05 15:50:58.755866,2026-04-05 15:51:05.465081,0 days 00:00:06.709215,353.0,2.0,117.4,153.8,0.58,COMPLETE
4400,0.6875,2026-04-05 15:51:05.480236,2026-04-05 15:51:12.230228,0 days 00:00:06.749992,434.0,1.0,114.7,157.1,0.3,COMPLETE
4401,0.825,2026-04-05 15:51:12.245364,2026-04-05 15:51:46.645817,0 days 00:00:34.400453,374.0,2.0,118.0,154.7,0.07,COMPLETE
4402,0.6875,2026-04-05 15:51:46.659328,2026-04-05 15:51:53.545368,0 days 00:00:06.886040,405.0,1.0,115.1,154.0,0.29,COMPLETE
4403,0.6875,2026-04-05 15:51:53.560259,2026-04-05 15:52:00.351794,0 days 00:00:06.791535,439.0,1.0,116.5,157.4,0.3,COMPLETE
4404,0.6875,2026-04-05 15:52:00.366903,2026-04-05 15:52:07.157427,0 days 00:00:06.790524,405.0,1.0,117.2,153.7,0.27,COMPLETE
4405,0.6875,2026-04-05 15:52:07.172745,2026-04-05 15:52:14.272023,0 days 00:00:07.099278,352.0,2.0,115.1,148.1,1.1300000000000001,COMPLETE
4406,0.6875,2026-04-05 15:52:14.283360,2026-04-05 15:52:21.792092,0 days 00:00:07.508732,298.0,1.0,116.4,155.1,0.49,COMPLETE
4407,0.6875,2026-04-05 15:52:21.806704,2026-04-05 15:52:28.547795,0 days 00:00:06.741091,312.0,2.0,116.8,152.0,0.13,COMPLETE
4408,0.6875,2026-04-05 15:52:28.562824,2026-04-05 15:52:35.223164,0 days 00:00:06.660340,396.0,2.0,114.9,152.6,0.16,COMPLETE
4409,0.6875,2026-04-05 15:52:35.238501,2026-04-05 15:52:41.793411,0 days 00:00:06.554910,367.0,2.0,116.1,152.8,0.16,COMPLETE
4410,0.825,2026-04-05 15:52:41.808512,2026-04-05 15:52:49.015161,0 days 00:00:07.206649,415.0,1.0,115.9,154.9,0.2,COMPLETE
4411,0.6875,2026-04-05 15:52:49.026920,2026-04-05 15:52:55.793769,0 days 00:00:06.766849,371.0,2.0,117.1,154.5,0.12,COMPLETE
4412,0.6875,2026-04-05 15:52:55.807537,2026-04-05 15:53:02.519450,0 days 00:00:06.711913,377.0,2.0,115.0,153.7,0.05,COMPLETE
4413,0.6875,2026-04-05 15:53:02.534964,2026-04-05 15:53:09.144116,0 days 00:00:06.609152,394.0,2.0,115.8,152.4,0.03,COMPLETE
4414,0.6875,2026-04-05 15:53:09.159978,2026-04-05 15:53:15.641516,0 days 00:00:06.481538,358.0,1.0,115.1,152.5,0.24,COMPLETE
4415,0.6875,2026-04-05 15:53:15.656566,2026-04-05 15:53:22.493273,0 days 00:00:06.836707,459.0,1.0,118.9,154.0,0.58,COMPLETE
4416,0.825,2026-04-05 15:53:22.508666,2026-04-05 15:53:56.680257,0 days 00:00:34.171591,363.0,1.0,118.8,155.5,0.29,COMPLETE
4417,0.825,2026-04-05 15:53:56.695492,2026-04-05 15:54:30.746001,0 days 00:00:34.050509,400.0,2.0,119.3,152.9,0.0,COMPLETE
4418,0.825,2026-04-05 15:54:30.761426,2026-04-05 15:55:05.027262,0 days 00:00:34.265836,387.0,1.0,118.3,157.5,0.01,COMPLETE
4419,0.6875,2026-04-05 15:55:05.042651,2026-04-05 15:55:12.299007,0 days 00:00:07.256356,431.0,1.0,116.7,151.9,0.3,COMPLETE
4420,0.825,2026-04-05 15:55:12.311104,2026-04-05 15:55:46.767527,0 days 00:00:34.456423,464.0,1.0,123.0,153.4,0.47000000000000003,COMPLETE
4421,0.6875,2026-04-05 15:55:46.782194,2026-04-05 15:55:54.197648,0 days 00:00:07.415454,326.0,2.0,117.2,154.0,0.0,COMPLETE
4422,0.825,2026-04-05 15:55:54.212211,2026-04-05 15:56:28.220399,0 days 00:00:34.008188,432.0,1.0,119.3,155.9,0.31,COMPLETE
4423,0.6875,2026-04-05 15:56:28.235234,2026-04-05 15:56:35.353262,0 days 00:00:07.118028,471.0,3.0,115.0,157.9,0.01,COMPLETE
4424,0.6875,2026-04-05 15:56:35.366001,2026-04-05 15:56:42.260649,0 days 00:00:06.894648,424.0,1.0,115.6,153.3,0.25,COMPLETE
4425,0.825,2026-04-05 15:56:42.275932,2026-04-05 15:56:47.607231,0 days 00:00:05.331299,362.0,2.0,117.9,153.8,0.28,COMPLETE
4426,0.6875,2026-04-05 15:56:47.619130,2026-04-05 15:56:54.428629,0 days 00:00:06.809499,428.0,1.0,116.6,155.9,0.28,COMPLETE
4427,0.6875,2026-04-05 15:56:54.443948,2026-04-05 15:57:01.302378,0 days 00:00:06.858430,377.0,2.0,116.9,151.7,0.31,COMPLETE
4428,0.6875,2026-04-05 15:57:01.318138,2026-04-05 15:57:07.954217,0 days 00:00:06.636079,389.0,2.0,116.4,153.2,0.08,COMPLETE
4429,0.6875,2026-04-05 15:57:07.969521,2026-04-05 15:57:14.424145,0 days 00:00:06.454624,348.0,2.0,116.3,152.8,0.19,COMPLETE
4430,0.6875,2026-04-05 15:57:14.438567,2026-04-05 15:57:21.012292,0 days 00:00:06.573725,356.0,1.0,115.7,153.8,0.0,COMPLETE
4431,0.825,2026-04-05 15:57:21.027640,2026-04-05 15:57:54.998333,0 days 00:00:33.970693,409.0,1.0,118.3,153.6,0.0,COMPLETE
4432,0.6875,2026-04-05 15:57:55.013259,2026-04-05 15:58:01.657877,0 days 00:00:06.644618,368.0,1.0,117.0,153.6,0.34,COMPLETE
4433,0.6875,2026-04-05 15:58:01.672775,2026-04-05 15:58:08.466996,0 days 00:00:06.794221,411.0,1.0,114.5,156.3,0.01,COMPLETE
4434,0.6875,2026-04-05 15:58:08.478531,2026-04-05 15:58:15.248148,0 days 00:00:06.769617,362.0,2.0,113.3,158.7,1.2,COMPLETE
4435,0.6875,2026-04-05 15:58:15.263314,2026-04-05 15:58:23.442540,0 days 00:00:08.179226,179.0,3.0,123.7,159.3,1.08,COMPLETE
4436,0.825,2026-04-05 15:58:23.459199,2026-04-05 15:58:57.977580,0 days 00:00:34.518381,362.0,2.0,118.9,154.5,0.04,COMPLETE
4437,0.6875,2026-04-05 15:58:57.991992,2026-04-05 15:59:04.945001,0 days 00:00:06.953009,407.0,2.0,116.3,154.9,0.04,COMPLETE
4438,0.825,2026-04-05 15:59:04.959168,2026-04-05 15:59:38.948866,0 days 00:00:33.989698,368.0,1.0,118.0,155.7,0.03,COMPLETE
4439,0.6875,2026-04-05 15:59:38.964355,2026-04-05 15:59:46.181701,0 days 00:00:07.217346,309.0,2.0,115.4,153.1,0.34,COMPLETE
4440,0.6875,2026-04-05 15:59:46.196324,2026-04-05 15:59:52.778352,0 days 00:00:06.582028,346.0,2.0,116.0,152.0,0.1,COMPLETE
4441,0.6875,2026-04-05 15:59:52.792322,2026-04-05 15:59:59.599938,0 days 00:00:06.807616,360.0,1.0,113.2,152.4,0.03,COMPLETE
4442,0.6875,2026-04-05 15:59:59.614627,2026-04-05 16:00:06.529834,0 days 00:00:06.915207,311.0,2.0,115.6,156.1,0.01,COMPLETE
4443,0.825,2026-04-05 16:00:06.544573,2026-04-05 16:00:40.628666,0 days 00:00:34.084093,426.0,1.0,116.7,154.7,0.03,COMPLETE
4444,0.6875,2026-04-05 16:00:40.640258,2026-04-05 16:00:47.529128,0 days 00:00:06.888870,332.0,1.0,117.2,153.6,0.14,COMPLETE
4445,0.825,2026-04-05 16:00:47.543871,2026-04-05 16:01:21.623871,0 days 00:00:34.080000,416.0,1.0,118.4,155.5,0.54,COMPLETE
4446,0.6875,2026-04-05 16:01:21.638675,2026-04-05 16:01:28.475680,0 days 00:00:06.837005,384.0,1.0,115.2,155.1,0.61,COMPLETE
4447,0.825,2026-04-05 16:01:28.490536,2026-04-05 16:02:03.081676,0 days 00:00:34.591140,487.0,1.0,123.0,155.2,0.51,COMPLETE
4448,0.6875,2026-04-05 16:02:03.098210,2026-04-05 16:02:10.174745,0 days 00:00:07.076535,386.0,2.0,121.9,158.4,0.59,COMPLETE
4449,0.6875,2026-04-05 16:02:10.189498,2026-04-05 16:02:17.589549,0 days 00:00:07.400051,363.0,1.0,115.1,154.0,0.31,COMPLETE
4450,0.825,2026-04-05 16:02:17.605120,2026-04-05 16:02:22.493976,0 days 00:00:04.888856,394.0,1.0,115.3,154.1,0.0,COMPLETE
4451,0.6875,2026-04-05 16:02:22.509152,2026-04-05 16:02:29.320101,0 days 00:00:06.810949,430.0,2.0,116.4,157.4,0.01,COMPLETE
4452,0.6875,2026-04-05 16:02:29.335516,2026-04-05 16:02:36.953796,0 days 00:00:07.618280,259.0,2.0,123.6,153.7,0.54,COMPLETE
4453,0.6875,2026-04-05 16:02:36.967610,2026-04-05 16:02:44.099763,0 days 00:00:07.132153,301.0,2.0,117.7,155.9,0.31,COMPLETE
4454,0.825,2026-04-05 16:02:44.111768,2026-04-05 16:03:18.060708,0 days 00:00:33.948940,446.0,2.0,120.0,157.4,0.17,COMPLETE
4455,0.6875,2026-04-05 16:03:18.076102,2026-04-05 16:03:25.063059,0 days 00:00:06.986957,470.0,1.0,116.6,155.5,0.45,COMPLETE
4456,0.6875,2026-04-05 16:03:25.077690,2026-04-05 16:03:32.354967,0 days 00:00:07.277277,321.0,2.0,114.7,150.3,0.31,COMPLETE
4457,0.6875,2026-04-05 16:03:32.370371,2026-04-05 16:03:39.081381,0 days 00:00:06.711010,321.0,2.0,113.5,153.1,0.0,COMPLETE
4458,0.6875,2026-04-05 16:03:39.093028,2026-04-05 16:03:45.787066,0 days 00:00:06.694038,309.0,3.0,115.7,152.2,0.28,COMPLETE
4459,0.825,2026-04-05 16:03:45.800751,2026-04-05 16:04:20.540581,0 days 00:00:34.739830,492.0,2.0,124.6,155.8,0.26,COMPLETE
4460,0.825,2026-04-05 16:04:20.552463,2026-04-05 16:04:55.093076,0 days 00:00:34.540613,418.0,1.0,117.5,156.0,0.03,COMPLETE
4461,0.6875,2026-04-05 16:04:55.107497,2026-04-05 16:05:02.370803,0 days 00:00:07.263306,347.0,2.0,114.4,153.9,0.24,COMPLETE
4462,0.6875,2026-04-05 16:05:02.385850,2026-04-05 16:05:09.244904,0 days 00:00:06.859054,295.0,3.0,115.5,154.8,0.0,COMPLETE
4463,0.6875,2026-04-05 16:05:09.260883,2026-04-05 16:05:15.956633,0 days 00:00:06.695750,453.0,1.0,117.6,155.0,0.02,COMPLETE
4464,0.6875,2026-04-05 16:05:15.971530,2026-04-05 16:05:22.653565,0 days 00:00:06.682035,406.0,1.0,118.7,153.4,0.55,COMPLETE
4465,0.825,2026-04-05 16:05:22.668516,2026-04-05 16:05:56.831129,0 days 00:00:34.162613,360.0,1.0,117.3,156.7,0.02,COMPLETE
4466,0.825,2026-04-05 16:05:56.846737,2026-04-05 16:06:31.094392,0 days 00:00:34.247655,447.0,1.0,121.9,155.4,0.43,COMPLETE
4467,0.6875,2026-04-05 16:06:31.110115,2026-04-05 16:06:38.594676,0 days 00:00:07.484561,336.0,1.0,115.7,155.0,0.24,COMPLETE
4468,0.703125,2026-04-05 16:06:38.609370,2026-04-05 16:06:45.380984,0 days 00:00:06.771614,334.0,1.0,118.2,153.9,0.02,COMPLETE
4469,0.6875,2026-04-05 16:06:45.396458,2026-04-05 16:06:52.111383,0 days 00:00:06.714925,450.0,1.0,115.0,153.9,0.23,COMPLETE
4470,0.6875,2026-04-05 16:06:52.123923,2026-04-05 16:06:59.249982,0 days 00:00:07.126059,293.0,1.0,114.6,158.4,0.5,COMPLETE
4471,0.6875,2026-04-05 16:06:59.264740,2026-04-05 16:07:06.168613,0 days 00:00:06.903873,216.0,1.0,114.6,159.9,1.55,COMPLETE
4472,0.825,2026-04-05 16:07:06.183928,2026-04-05 16:07:40.488537,0 days 00:00:34.304609,442.0,1.0,117.9,155.4,0.02,COMPLETE
4473,0.6875,2026-04-05 16:07:40.504040,2026-04-05 16:07:47.498680,0 days 00:00:06.994640,414.0,1.0,113.9,154.3,0.26,COMPLETE
4474,0.6875,2026-04-05 16:07:47.513280,2026-04-05 16:07:54.331088,0 days 00:00:06.817808,490.0,1.0,117.8,154.6,0.4,COMPLETE
4475,0.6875,2026-04-05 16:07:54.346069,2026-04-05 16:08:01.380326,0 days 00:00:07.034257,350.0,1.0,116.1,156.9,0.0,COMPLETE
4476,0.6875,2026-04-05 16:08:01.395566,2026-04-05 16:08:08.050421,0 days 00:00:06.654855,376.0,1.0,117.3,155.1,0.02,COMPLETE
4477,0.825,2026-04-05 16:08:08.066002,2026-04-05 16:08:41.914901,0 days 00:00:33.848899,420.0,1.0,117.9,155.6,0.0,COMPLETE
4478,0.6875,2026-04-05 16:08:41.929570,2026-04-05 16:08:48.724824,0 days 00:00:06.795254,400.0,1.0,116.9,154.9,0.54,COMPLETE
4479,0.6875,2026-04-05 16:08:48.735883,2026-04-05 16:08:55.350113,0 days 00:00:06.614230,375.0,1.0,117.3,153.4,0.02,COMPLETE
4480,0.825,2026-04-05 16:08:55.365059,2026-04-05 16:09:29.300483,0 days 00:00:33.935424,498.0,2.0,118.5,153.1,0.0,COMPLETE
4481,0.6875,2026-04-05 16:09:29.315595,2026-04-05 16:09:36.934588,0 days 00:00:07.618993,470.0,1.0,124.6,159.0,0.6900000000000001,COMPLETE
4482,0.6875,2026-04-05 16:09:36.950162,2026-04-05 16:09:44.452627,0 days 00:00:07.502465,434.0,1.0,116.3,155.3,0.26,COMPLETE
4483,0.6875,2026-04-05 16:09:44.467991,2026-04-05 16:09:51.563230,0 days 00:00:07.095239,361.0,2.0,118.5,151.9,0.08,COMPLETE
4484,0.6875,2026-04-05 16:09:51.578041,2026-04-05 16:09:58.376717,0 days 00:00:06.798676,437.0,1.0,115.3,154.0,0.0,COMPLETE
4485,0.6875,2026-04-05 16:09:58.391012,2026-04-05 16:10:04.894998,0 days 00:00:06.503986,430.0,1.0,114.8,153.4,0.01,COMPLETE
4486,0.825,2026-04-05 16:10:04.909645,2026-04-05 16:10:39.622198,0 days 00:00:34.712553,375.0,2.0,117.8,155.7,0.02,COMPLETE
4487,0.825,2026-04-05 16:10:39.637704,2026-04-05 16:11:13.481146,0 days 00:00:33.843442,448.0,1.0,118.5,156.5,0.51,COMPLETE
4488,0.6875,2026-04-05 16:11:13.496063,2026-04-05 16:11:20.544096,0 days 00:00:07.048033,464.0,1.0,115.3,152.5,0.0,COMPLETE
4489,0.825,2026-04-05 16:11:20.554904,2026-04-05 16:11:26.556861,0 days 00:00:06.001957,406.0,2.0,124.8,154.9,0.55,COMPLETE
4490,0.6875,2026-04-05 16:11:26.572034,2026-04-05 16:11:34.058807,0 days 00:00:07.486773,372.0,1.0,116.5,153.6,0.66,COMPLETE
4491,0.825,2026-04-05 16:11:34.073655,2026-04-05 16:11:41.298389,0 days 00:00:07.224734,374.0,1.0,115.9,155.5,0.01,COMPLETE
4492,0.6875,2026-04-05 16:11:41.313590,2026-04-05 16:11:48.306898,0 days 00:00:06.993308,353.0,1.0,117.3,153.2,0.29,COMPLETE
4493,0.6875,2026-04-05 16:11:48.321616,2026-04-05 16:11:55.058826,0 days 00:00:06.737210,408.0,2.0,114.4,151.6,0.0,COMPLETE
4494,0.6875,2026-04-05 16:11:55.070529,2026-04-05 16:12:01.989302,0 days 00:00:06.918773,385.0,1.0,113.4,156.0,0.25,COMPLETE
4495,0.6875,2026-04-05 16:12:02.004268,2026-04-05 16:12:08.816017,0 days 00:00:06.811749,372.0,1.0,115.0,158.5,0.25,COMPLETE
4496,0.825,2026-04-05 16:12:08.831110,2026-04-05 16:12:43.354615,0 days 00:00:34.523505,432.0,1.0,120.2,155.1,0.23,COMPLETE
4497,0.6875,2026-04-05 16:12:43.365978,2026-04-05 16:12:50.289733,0 days 00:00:06.923755,382.0,1.0,116.4,154.9,0.29,COMPLETE
4498,0.825,2026-04-05 16:12:50.304315,2026-04-05 16:13:24.799511,0 days 00:00:34.495196,419.0,2.0,123.2,156.6,0.18,COMPLETE
4499,0.6875,2026-04-05 16:13:24.815050,2026-04-05 16:13:32.318978,0 days 00:00:07.503928,427.0,1.0,114.8,157.5,0.04,COMPLETE
4500,0.6875,2026-04-05 16:13:32.333581,2026-04-05 16:13:39.022968,0 days 00:00:06.689387,423.0,1.0,114.7,155.4,0.3,COMPLETE
4501,0.6875,2026-04-05 16:13:39.037863,2026-04-05 16:13:45.942356,0 days 00:00:06.904493,404.0,1.0,116.2,151.2,0.1,COMPLETE
4502,0.6875,2026-04-05 16:13:45.957834,2026-04-05 16:13:53.408375,0 days 00:00:07.450541,183.0,3.0,116.1,156.1,1.1500000000000001,COMPLETE
4503,0.6875,2026-04-05 16:13:53.419946,2026-04-05 16:14:00.224051,0 days 00:00:06.804105,401.0,1.0,114.7,152.6,0.28,COMPLETE
4504,0.6875,2026-04-05 16:14:00.241072,2026-04-05 16:14:06.976980,0 days 00:00:06.735908,401.0,1.0,117.2,153.0,0.24,COMPLETE
4505,0.825,2026-04-05 16:14:06.992638,2026-04-05 16:14:41.089919,0 days 00:00:34.097281,379.0,2.0,116.1,155.5,0.02,COMPLETE
4506,0.6875,2026-04-05 16:14:41.105829,2026-04-05 16:14:48.234411,0 days 00:00:07.128582,313.0,2.0,117.8,153.4,0.27,COMPLETE
4507,0.6875,2026-04-05 16:14:48.249308,2026-04-05 16:14:54.954226,0 days 00:00:06.704918,320.0,2.0,114.9,154.6,0.04,COMPLETE
4508,0.6875,2026-04-05 16:14:54.970199,2026-04-05 16:15:01.476959,0 days 00:00:06.506760,449.0,1.0,115.1,155.4,0.02,COMPLETE
4509,0.825,2026-04-05 16:15:01.492466,2026-04-05 16:15:35.595288,0 days 00:00:34.102822,492.0,2.0,117.5,156.9,0.32,COMPLETE
4510,0.6875,2026-04-05 16:15:35.611466,2026-04-05 16:15:42.677700,0 days 00:00:07.066234,370.0,2.0,116.0,155.0,0.0,COMPLETE
4511,0.6875,2026-04-05 16:15:42.692739,2026-04-05 16:15:49.960267,0 days 00:00:07.267528,263.0,2.0,121.4,154.3,0.33,COMPLETE
4512,0.6875,2026-04-05 16:15:49.971522,2026-04-05 16:15:56.588011,0 days 00:00:06.616489,232.0,2.0,122.4,155.4,1.2,COMPLETE
4513,0.6875,2026-04-05 16:15:56.603318,2026-04-05 16:16:03.637914,0 days 00:00:07.034596,446.0,1.0,117.8,152.7,0.52,COMPLETE
4514,0.6875,2026-04-05 16:16:03.652613,2026-04-05 16:16:10.450720,0 days 00:00:06.798107,395.0,1.0,120.0,154.2,0.25,COMPLETE
4515,0.6875,2026-04-05 16:16:10.465600,2026-04-05 16:16:17.168017,0 days 00:00:06.702417,399.0,1.0,117.7,154.7,0.45,COMPLETE
4516,0.825,2026-04-05 16:16:17.185039,2026-04-05 16:16:51.133697,0 days 00:00:33.948658,406.0,1.0,118.2,156.8,0.34,COMPLETE
4517,0.6875,2026-04-05 16:16:51.149410,2026-04-05 16:16:58.117072,0 days 00:00:06.967662,472.0,1.0,116.7,153.5,0.31,COMPLETE
