number,value,datetime_start,datetime_complete,duration,params_voltage,params_width,params_x,params_y,params_z,state
3648,0.825,2026-04-05 13:19:01.606289,2026-04-05 13:19:35.377259,0 days 00:00:33.770970,428.0,1.0,117.3,156.3,0.01,COMPLETE
3649,0.825,2026-04-05 13:19:35.392174,2026-04-05 13:20:09.439082,0 days 00:00:34.046908,386.0,1.0,119.4,155.8,0.2,COMPLETE
3650,0.825,2026-04-05 13:20:09.453100,2026-04-05 13:20:22.977314,0 days 00:00:13.524214,350.0,1.0,117.8,153.7,0.04,COMPLETE
3651,0.6875,2026-04-05 13:20:22.992237,2026-04-05 13:20:29.964725,0 days 00:00:06.972488,397.0,1.0,116.4,157.4,0.25,COMPLETE
3652,0.825,2026-04-05 13:20:29.978824,2026-04-05 13:21:03.967664,0 days 00:00:33.988840,392.0,1.0,118.2,156.4,0.19,COMPLETE
3653,0.825,2026-04-05 13:21:03.981764,2026-04-05 13:21:37.986802,0 days 00:00:34.005038,451.0,1.0,118.0,154.6,0.01,COMPLETE
3654,0.6875,2026-04-05 13:21:38.001051,2026-04-05 13:21:45.080022,0 days 00:00:07.078971,368.0,1.0,116.5,154.4,0.02,COMPLETE
3655,0.6875,2026-04-05 13:21:45.094754,2026-04-05 13:21:51.808169,0 days 00:00:06.713415,402.0,1.0,115.8,157.7,0.0,COMPLETE
3656,0.6875,2026-04-05 13:21:51.822103,2026-04-05 13:21:58.499915,0 days 00:00:06.677812,352.0,1.0,115.2,155.7,0.12,COMPLETE
3657,0.6875,2026-04-05 13:21:58.509939,2026-04-05 13:22:05.111810,0 days 00:00:06.601871,355.0,1.0,113.6,155.8,0.02,COMPLETE
3658,0.6875,2026-04-05 13:22:05.126623,2026-04-05 13:22:13.142982,0 days 00:00:08.016359,268.0,1.0,122.3,149.4,1.2,COMPLETE
3659,0.825,2026-04-05 13:22:13.157553,2026-04-05 13:22:20.964984,0 days 00:00:07.807431,324.0,1.0,116.1,154.8,0.05,COMPLETE
3660,0.6875,2026-04-05 13:22:20.978943,2026-04-05 13:22:27.674706,0 days 00:00:06.695763,373.0,1.0,116.8,157.4,0.03,COMPLETE
3661,0.825,2026-04-05 13:22:27.689096,2026-04-05 13:23:01.708300,0 days 00:00:34.019204,384.0,1.0,116.4,154.5,0.04,COMPLETE
3662,0.6875,2026-04-05 13:23:01.723148,2026-04-05 13:23:08.866523,0 days 00:00:07.143375,321.0,1.0,117.2,156.9,0.06,COMPLETE
3663,0.6875,2026-04-05 13:23:08.880698,2026-04-05 13:23:15.395034,0 days 00:00:06.514336,412.0,1.0,116.8,156.4,0.24,COMPLETE
3664,0.6875,2026-04-05 13:23:15.409643,2026-04-05 13:23:22.134299,0 days 00:00:06.724656,385.0,1.0,113.8,157.6,0.05,COMPLETE
3665,0.6875,2026-04-05 13:23:22.146074,2026-04-05 13:23:28.873522,0 days 00:00:06.727448,392.0,2.0,115.5,155.5,0.24,COMPLETE
3666,0.6875,2026-04-05 13:23:28.888405,2026-04-05 13:23:35.322803,0 days 00:00:06.434398,378.0,1.0,115.4,155.6,0.36,COMPLETE
3667,0.825,2026-04-05 13:23:35.337268,2026-04-05 13:24:09.300610,0 days 00:00:33.963342,452.0,1.0,118.4,155.0,0.39,COMPLETE
3668,0.6875,2026-04-05 13:24:09.414571,2026-04-05 13:24:16.286025,0 days 00:00:06.871454,425.0,1.0,115.6,156.2,0.03,COMPLETE
3669,0.6875,2026-04-05 13:24:16.300517,2026-04-05 13:24:22.798588,0 days 00:00:06.498071,367.0,1.0,116.2,156.8,0.07,COMPLETE
3670,0.6875,2026-04-05 13:24:22.813471,2026-04-05 13:24:29.528280,0 days 00:00:06.714809,433.0,1.0,114.3,157.0,0.0,COMPLETE
3671,0.6875,2026-04-05 13:24:29.542856,2026-04-05 13:24:36.769393,0 days 00:00:07.226537,359.0,1.0,116.6,152.5,0.31,COMPLETE
3672,0.6875,2026-04-05 13:24:36.784506,2026-04-05 13:24:43.995323,0 days 00:00:07.210817,457.0,2.0,118.4,159.0,0.07,COMPLETE
3673,0.6875,2026-04-05 13:24:44.013780,2026-04-05 13:24:51.161800,0 days 00:00:07.148020,368.0,1.0,118.1,154.5,0.61,COMPLETE
3674,0.6875,2026-04-05 13:24:51.175990,2026-04-05 13:24:57.980827,0 days 00:00:06.804837,330.0,2.0,115.2,155.0,0.06,COMPLETE
3675,0.6875,2026-04-05 13:24:57.994785,2026-04-05 13:25:04.943874,0 days 00:00:06.949089,375.0,1.0,118.7,158.3,0.14,COMPLETE
3676,0.6875,2026-04-05 13:25:04.958007,2026-04-05 13:25:11.736600,0 days 00:00:06.778593,334.0,1.0,117.1,156.3,0.29,COMPLETE
3677,0.6875,2026-04-05 13:25:11.751212,2026-04-05 13:25:18.459723,0 days 00:00:06.708511,437.0,1.0,117.4,154.0,0.03,COMPLETE
3678,0.825,2026-04-05 13:25:18.474272,2026-04-05 13:25:52.465222,0 days 00:00:33.990950,433.0,1.0,118.4,157.3,0.11,COMPLETE
3679,0.6875,2026-04-05 13:25:52.479598,2026-04-05 13:26:00.031673,0 days 00:00:07.552075,361.0,3.0,118.6,151.2,1.81,COMPLETE
3680,0.825,2026-04-05 13:26:00.049594,2026-04-05 13:26:34.199412,0 days 00:00:34.149818,358.0,1.0,118.5,154.2,0.03,COMPLETE
3681,0.825,2026-04-05 13:26:34.213739,2026-04-05 13:26:39.351442,0 days 00:00:05.137703,339.0,1.0,116.3,155.0,0.06,COMPLETE
3682,0.6875,2026-04-05 13:26:39.362172,2026-04-05 13:26:46.233073,0 days 00:00:06.870901,258.0,1.0,116.8,156.1,0.16,COMPLETE
3683,0.6875,2026-04-05 13:26:46.248013,2026-04-05 13:26:52.720037,0 days 00:00:06.472024,342.0,1.0,117.2,156.5,0.19,COMPLETE
3684,0.825,2026-04-05 13:26:52.733423,2026-04-05 13:27:26.711118,0 days 00:00:33.977695,395.0,1.0,119.1,155.9,0.03,COMPLETE
3685,0.6875,2026-04-05 13:27:26.723113,2026-04-05 13:27:33.637283,0 days 00:00:06.914170,432.0,2.0,115.1,154.6,0.07,COMPLETE
3686,0.825,2026-04-05 13:27:33.651350,2026-04-05 13:28:07.662597,0 days 00:00:34.011247,444.0,1.0,117.6,156.1,0.01,COMPLETE
3687,0.6875,2026-04-05 13:28:07.677233,2026-04-05 13:28:14.492197,0 days 00:00:06.814964,385.0,1.0,115.9,155.6,0.45,COMPLETE
3688,0.6875,2026-04-05 13:28:14.506830,2026-04-05 13:28:21.069760,0 days 00:00:06.562930,401.0,1.0,117.0,155.7,0.26,COMPLETE
3689,0.825,2026-04-05 13:28:21.084297,2026-04-05 13:28:54.991123,0 days 00:00:33.906826,405.0,2.0,117.4,156.0,0.05,COMPLETE
3690,0.6875,2026-04-05 13:28:55.008329,2026-04-05 13:29:01.846442,0 days 00:00:06.838113,396.0,1.0,115.5,156.0,0.04,COMPLETE
3691,0.825,2026-04-05 13:29:01.860810,2026-04-05 13:29:36.219671,0 days 00:00:34.358861,324.0,1.0,117.6,156.4,0.04,COMPLETE
3692,0.825,2026-04-05 13:29:36.233683,2026-04-05 13:30:10.244972,0 days 00:00:34.011289,334.0,1.0,117.1,154.4,0.04,COMPLETE
3693,0.825,2026-04-05 13:30:10.259783,2026-04-05 13:30:44.040028,0 days 00:00:33.780245,382.0,1.0,118.4,154.2,0.03,COMPLETE
3694,0.825,2026-04-05 13:30:44.054111,2026-04-05 13:31:01.597892,0 days 00:00:17.543781,466.0,2.0,126.1,155.2,0.48,COMPLETE
3695,0.0,2026-04-05 13:31:01.612467,2026-04-05 13:31:09.309142,0 days 00:00:07.696675,408.0,1.0,115.5,153.7,0.01,COMPLETE
3696,0.6875,2026-04-05 13:31:09.324511,2026-04-05 13:31:15.835784,0 days 00:00:06.511273,457.0,1.0,114.8,153.1,0.31,COMPLETE
3697,0.6875,2026-04-05 13:31:15.850052,2026-04-05 13:31:22.309114,0 days 00:00:06.459062,410.0,1.0,115.0,152.8,0.19,COMPLETE
3698,0.6875,2026-04-05 13:31:22.322884,2026-04-05 13:31:28.961847,0 days 00:00:06.638963,408.0,1.0,115.7,154.5,0.26,COMPLETE
3699,0.6875,2026-04-05 13:31:28.975921,2026-04-05 13:31:35.760650,0 days 00:00:06.784729,380.0,1.0,113.9,152.3,0.27,COMPLETE
3700,0.6875,2026-04-05 13:31:35.774896,2026-04-05 13:31:42.510038,0 days 00:00:06.735142,428.0,1.0,116.2,152.5,0.01,COMPLETE
3701,0.6875,2026-04-05 13:31:42.524612,2026-04-05 13:31:49.700339,0 days 00:00:07.175727,363.0,1.0,116.5,157.3,0.0,COMPLETE
3702,0.6875,2026-04-05 13:31:49.714918,2026-04-05 13:31:56.550688,0 days 00:00:06.835770,405.0,1.0,115.7,153.4,0.15,COMPLETE
3703,0.6875,2026-04-05 13:31:56.565445,2026-04-05 13:32:03.315153,0 days 00:00:06.749708,406.0,1.0,113.6,154.8,0.22,COMPLETE
3704,0.6875,2026-04-05 13:32:03.329585,2026-04-05 13:32:10.050287,0 days 00:00:06.720702,355.0,2.0,113.3,152.6,0.39,COMPLETE
3705,0.6875,2026-04-05 13:32:10.064792,2026-04-05 13:32:16.968273,0 days 00:00:06.903481,389.0,1.0,117.1,155.2,0.05,COMPLETE
3706,0.6875,2026-04-05 13:32:16.982200,2026-04-05 13:32:23.539321,0 days 00:00:06.557121,418.0,1.0,116.0,154.4,0.07,COMPLETE
3707,0.6875,2026-04-05 13:32:23.553512,2026-04-05 13:32:30.017387,0 days 00:00:06.463875,374.0,1.0,115.9,154.8,0.35000000000000003,COMPLETE
3708,0.825,2026-04-05 13:32:30.031695,2026-04-05 13:33:04.107126,0 days 00:00:34.075431,424.0,1.0,119.0,154.2,0.27,COMPLETE
3709,0.6875,2026-04-05 13:33:04.122065,2026-04-05 13:33:11.093275,0 days 00:00:06.971210,406.0,1.0,114.5,153.2,0.0,COMPLETE
3710,0.6875,2026-04-05 13:33:11.105503,2026-04-05 13:33:17.857608,0 days 00:00:06.752105,368.0,1.0,116.7,151.1,1.06,COMPLETE
3711,0.6875,2026-04-05 13:33:17.872272,2026-04-05 13:33:24.666469,0 days 00:00:06.794197,421.0,2.0,114.2,153.8,0.24,COMPLETE
3712,0.6875,2026-04-05 13:33:24.681422,2026-04-05 13:33:31.537829,0 days 00:00:06.856407,394.0,1.0,118.0,152.1,0.21,COMPLETE
3713,0.6875,2026-04-05 13:33:31.552736,2026-04-05 13:33:38.518707,0 days 00:00:06.965971,347.0,1.0,113.5,154.5,0.31,COMPLETE
3714,0.825,2026-04-05 13:33:38.532753,2026-04-05 13:34:12.433694,0 days 00:00:33.900941,409.0,1.0,115.5,154.3,0.03,COMPLETE
3715,0.6875,2026-04-05 13:34:12.448683,2026-04-05 13:34:19.341776,0 days 00:00:06.893093,410.0,1.0,113.1,154.5,0.33,COMPLETE
3716,0.671875,2026-04-05 13:34:19.352787,2026-04-05 13:34:26.398446,0 days 00:00:07.045659,335.0,1.0,117.0,155.4,0.0,COMPLETE
3717,0.6875,2026-04-05 13:34:26.413073,2026-04-05 13:34:33.161369,0 days 00:00:06.748296,443.0,1.0,114.9,154.1,0.27,COMPLETE
3718,0.6875,2026-04-05 13:34:33.175600,2026-04-05 13:34:39.900083,0 days 00:00:06.724483,380.0,2.0,116.0,157.4,0.36,COMPLETE
3719,0.6875,2026-04-05 13:34:39.914906,2026-04-05 13:34:46.481987,0 days 00:00:06.567081,430.0,1.0,115.1,157.6,0.65,COMPLETE
3720,0.825,2026-04-05 13:34:46.496080,2026-04-05 13:35:20.534148,0 days 00:00:34.038068,381.0,1.0,118.8,157.0,0.05,COMPLETE
3721,0.0,2026-04-05 13:35:20.548245,2026-04-05 13:35:27.468533,0 days 00:00:06.920288,433.0,1.0,116.2,155.3,0.18,COMPLETE
3722,0.6875,2026-04-05 13:35:27.481621,2026-04-05 13:35:34.480627,0 days 00:00:06.999006,298.0,2.0,116.8,157.8,0.14,COMPLETE
3723,0.6875,2026-04-05 13:35:34.496107,2026-04-05 13:35:41.730983,0 days 00:00:07.234876,356.0,1.0,113.7,151.6,0.04,COMPLETE
3724,0.6875,2026-04-05 13:35:41.744108,2026-04-05 13:35:49.929792,0 days 00:00:08.185684,150.0,1.0,122.2,150.0,0.28,COMPLETE
3725,0.6875,2026-04-05 13:35:49.947689,2026-04-05 13:35:56.636817,0 days 00:00:06.689128,297.0,2.0,123.7,149.7,1.69,COMPLETE
3726,0.6875,2026-04-05 13:35:56.651287,2026-04-05 13:36:03.602432,0 days 00:00:06.951145,464.0,3.0,118.8,149.8,1.9100000000000001,COMPLETE
3727,0.825,2026-04-05 13:36:03.617365,2026-04-05 13:36:37.841509,0 days 00:00:34.224144,439.0,1.0,117.8,154.7,0.03,COMPLETE
3728,0.6875,2026-04-05 13:36:37.856328,2026-04-05 13:36:45.287371,0 days 00:00:07.431043,257.0,2.0,113.5,151.3,1.94,COMPLETE
3729,0.6875,2026-04-05 13:36:45.302052,2026-04-05 13:36:52.151384,0 days 00:00:06.849332,414.0,1.0,116.6,153.1,0.01,COMPLETE
3730,0.6875,2026-04-05 13:36:52.166055,2026-04-05 13:36:58.973276,0 days 00:00:06.807221,457.0,1.0,114.1,155.9,0.29,COMPLETE
3731,0.6875,2026-04-05 13:36:58.988571,2026-04-05 13:37:05.622208,0 days 00:00:06.633637,407.0,2.0,115.9,155.9,0.03,COMPLETE
3732,0.6875,2026-04-05 13:37:05.636524,2026-04-05 13:37:12.125454,0 days 00:00:06.488930,443.0,1.0,115.3,155.8,0.01,COMPLETE
3733,0.6875,2026-04-05 13:37:12.139986,2026-04-05 13:37:18.791214,0 days 00:00:06.651228,435.0,1.0,116.9,155.3,0.35000000000000003,COMPLETE
3734,0.6875,2026-04-05 13:37:18.805733,2026-04-05 13:37:25.440617,0 days 00:00:06.634884,430.0,1.0,115.6,154.1,0.26,COMPLETE
3735,0.6875,2026-04-05 13:37:25.454636,2026-04-05 13:37:32.148405,0 days 00:00:06.693769,353.0,1.0,115.5,154.3,0.35000000000000003,COMPLETE
3736,0.825,2026-04-05 13:37:32.163066,2026-04-05 13:38:06.189240,0 days 00:00:34.026174,413.0,1.0,118.1,155.3,0.43,COMPLETE
3737,0.6875,2026-04-05 13:38:06.203469,2026-04-05 13:38:13.065130,0 days 00:00:06.861661,407.0,1.0,116.0,154.8,0.03,COMPLETE
3738,0.6875,2026-04-05 13:38:13.079784,2026-04-05 13:38:19.815698,0 days 00:00:06.735914,360.0,1.0,115.4,151.5,0.04,COMPLETE
3739,0.6875,2026-04-05 13:38:19.826369,2026-04-05 13:38:27.186488,0 days 00:00:07.360119,385.0,2.0,113.6,159.1,0.63,COMPLETE
3740,0.6875,2026-04-05 13:38:27.200928,2026-04-05 13:38:34.082376,0 days 00:00:06.881448,414.0,1.0,116.3,155.7,0.47000000000000003,COMPLETE
3741,0.6875,2026-04-05 13:38:34.096407,2026-04-05 13:38:40.806673,0 days 00:00:06.710266,429.0,1.0,116.9,153.6,0.3,COMPLETE
3742,0.6875,2026-04-05 13:38:40.820846,2026-04-05 13:38:47.574475,0 days 00:00:06.753629,432.0,1.0,116.0,156.1,0.22,COMPLETE
3743,0.6875,2026-04-05 13:38:47.589310,2026-04-05 13:38:54.229310,0 days 00:00:06.640000,466.0,1.0,115.6,154.2,0.03,COMPLETE
3744,0.6875,2026-04-05 13:38:54.239743,2026-04-05 13:39:00.651955,0 days 00:00:06.412212,444.0,1.0,115.7,154.1,0.0,COMPLETE
3745,0.6875,2026-04-05 13:39:00.666982,2026-04-05 13:39:07.189409,0 days 00:00:06.522427,431.0,1.0,116.1,154.9,0.29,COMPLETE
3746,0.6875,2026-04-05 13:39:07.203736,2026-04-05 13:39:13.864977,0 days 00:00:06.661241,434.0,1.0,116.6,156.7,0.02,COMPLETE
3747,0.825,2026-04-05 13:39:13.879430,2026-04-05 13:39:47.787841,0 days 00:00:33.908411,380.0,1.0,118.2,155.7,0.3,COMPLETE
3748,0.6875,2026-04-05 13:39:47.802321,2026-04-05 13:39:54.551884,0 days 00:00:06.749563,410.0,1.0,117.1,153.9,0.44,COMPLETE
3749,0.6875,2026-04-05 13:39:54.566239,2026-04-05 13:40:01.159090,0 days 00:00:06.592851,353.0,1.0,115.7,153.7,0.23,COMPLETE
3750,0.6875,2026-04-05 13:40:01.173757,2026-04-05 13:40:08.123014,0 days 00:00:06.949257,461.0,1.0,116.5,158.7,0.23,COMPLETE
3751,0.6875,2026-04-05 13:40:08.137926,2026-04-05 13:40:14.964196,0 days 00:00:06.826270,400.0,1.0,115.6,154.9,0.31,COMPLETE
3752,0.6875,2026-04-05 13:40:14.975915,2026-04-05 13:40:21.755658,0 days 00:00:06.779743,317.0,1.0,116.3,154.2,0.02,COMPLETE
3753,0.6875,2026-04-05 13:40:21.770204,2026-04-05 13:40:28.527821,0 days 00:00:06.757617,438.0,1.0,116.1,151.4,0.02,COMPLETE
3754,0.6875,2026-04-05 13:40:28.542376,2026-04-05 13:40:35.783750,0 days 00:00:07.241374,423.0,1.0,113.6,158.0,0.39,COMPLETE
3755,0.6875,2026-04-05 13:40:35.797885,2026-04-05 13:40:43.081616,0 days 00:00:07.283731,378.0,1.0,116.5,152.4,0.24,COMPLETE
3756,0.6875,2026-04-05 13:40:43.096361,2026-04-05 13:40:49.989632,0 days 00:00:06.893271,383.0,1.0,113.9,156.0,0.01,COMPLETE
3757,0.6875,2026-04-05 13:40:50.003947,2026-04-05 13:40:56.715041,0 days 00:00:06.711094,391.0,2.0,115.6,154.6,0.33,COMPLETE
3758,0.6875,2026-04-05 13:40:56.729405,2026-04-05 13:41:03.691940,0 days 00:00:06.962535,425.0,1.0,115.3,159.6,0.28,COMPLETE
3759,0.6875,2026-04-05 13:41:03.705994,2026-04-05 13:41:10.897472,0 days 00:00:07.191478,355.0,1.0,117.3,155.1,0.0,COMPLETE
3760,0.6875,2026-04-05 13:41:10.911099,2026-04-05 13:41:17.503096,0 days 00:00:06.591997,433.0,1.0,115.9,155.8,0.02,COMPLETE
3761,0.6875,2026-04-05 13:41:17.513765,2026-04-05 13:41:24.267638,0 days 00:00:06.753873,437.0,1.0,115.1,152.3,0.54,COMPLETE
3762,0.825,2026-04-05 13:41:24.282959,2026-04-05 13:41:58.348157,0 days 00:00:34.065198,415.0,1.0,117.4,154.3,0.0,COMPLETE
3763,0.6875,2026-04-05 13:41:58.362279,2026-04-05 13:42:05.142614,0 days 00:00:06.780335,386.0,2.0,115.4,154.1,0.15,COMPLETE
3764,0.6875,2026-04-05 13:42:05.157455,2026-04-05 13:42:11.898880,0 days 00:00:06.741425,494.0,1.0,114.5,156.4,0.37,COMPLETE
3765,0.6875,2026-04-05 13:42:11.913953,2026-04-05 13:42:18.963494,0 days 00:00:07.049541,347.0,1.0,116.0,152.8,0.04,COMPLETE
3766,0.6875,2026-04-05 13:42:18.977884,2026-04-05 13:42:25.768327,0 days 00:00:06.790443,493.0,1.0,115.7,156.6,0.01,COMPLETE
3767,0.6875,2026-04-05 13:42:25.782952,2026-04-05 13:42:32.855382,0 days 00:00:07.072430,289.0,1.0,114.1,152.9,1.52,COMPLETE
3768,0.825,2026-04-05 13:42:32.869498,2026-04-05 13:43:07.214444,0 days 00:00:34.344946,449.0,1.0,117.3,156.5,0.31,COMPLETE
3769,0.825,2026-04-05 13:43:07.228830,2026-04-05 13:43:42.007337,0 days 00:00:34.778507,486.0,1.0,119.5,154.7,0.02,COMPLETE
3770,0.671875,2026-04-05 13:43:42.022142,2026-04-05 13:43:48.846064,0 days 00:00:06.823922,453.0,1.0,117.3,154.4,0.15,COMPLETE
3771,0.6875,2026-04-05 13:43:48.859877,2026-04-05 13:43:55.784935,0 days 00:00:06.925058,437.0,1.0,113.3,152.1,0.2,COMPLETE
3772,0.6875,2026-04-05 13:43:55.800986,2026-04-05 13:44:02.780433,0 days 00:00:06.979447,279.0,1.0,115.5,154.4,0.45,COMPLETE
3773,0.6875,2026-04-05 13:44:02.791630,2026-04-05 13:44:09.349625,0 days 00:00:06.557995,486.0,2.0,114.4,154.7,0.38,COMPLETE
3774,0.6875,2026-04-05 13:44:09.364425,2026-04-05 13:44:15.970131,0 days 00:00:06.605706,443.0,1.0,115.5,155.5,0.61,COMPLETE
3775,0.6875,2026-04-05 13:44:15.984625,2026-04-05 13:44:22.851949,0 days 00:00:06.867324,436.0,1.0,117.8,152.1,0.0,COMPLETE
3776,0.6875,2026-04-05 13:44:22.866699,2026-04-05 13:44:29.472390,0 days 00:00:06.605691,410.0,1.0,116.6,152.7,0.47000000000000003,COMPLETE
3777,0.6875,2026-04-05 13:44:29.486880,2026-04-05 13:44:35.997385,0 days 00:00:06.510505,496.0,1.0,116.2,152.3,0.0,COMPLETE
3778,0.825,2026-04-05 13:44:36.012158,2026-04-05 13:45:10.095126,0 days 00:00:34.082968,423.0,1.0,118.2,154.8,0.23,COMPLETE
3779,0.6875,2026-04-05 13:45:10.109057,2026-04-05 13:45:17.108543,0 days 00:00:06.999486,438.0,1.0,114.3,154.3,0.36,COMPLETE
3780,0.6875,2026-04-05 13:45:17.122669,2026-04-05 13:45:23.838451,0 days 00:00:06.715782,332.0,1.0,114.4,154.0,0.03,COMPLETE
3781,0.825,2026-04-05 13:45:23.849186,2026-04-05 13:45:28.880820,0 days 00:00:05.031634,467.0,1.0,115.9,155.0,0.01,COMPLETE
3782,0.825,2026-04-05 13:45:28.895056,2026-04-05 13:46:03.084728,0 days 00:00:34.189672,394.0,1.0,116.0,156.2,0.29,COMPLETE
3783,0.825,2026-04-05 13:46:03.098715,2026-04-05 13:46:37.141427,0 days 00:00:34.042712,422.0,1.0,116.5,154.0,0.01,COMPLETE
3784,0.6875,2026-04-05 13:46:37.155615,2026-04-05 13:46:44.027209,0 days 00:00:06.871594,383.0,1.0,114.7,152.7,0.05,COMPLETE
3785,0.6875,2026-04-05 13:46:44.037290,2026-04-05 13:46:50.758475,0 days 00:00:06.721185,428.0,1.0,116.1,156.1,0.01,COMPLETE
3786,0.6875,2026-04-05 13:46:50.773115,2026-04-05 13:46:57.438331,0 days 00:00:06.665216,386.0,1.0,114.4,155.1,0.32,COMPLETE
3787,0.6875,2026-04-05 13:46:57.452764,2026-04-05 13:47:04.148317,0 days 00:00:06.695553,440.0,2.0,117.5,154.9,0.16,COMPLETE
3788,0.6875,2026-04-05 13:47:04.162742,2026-04-05 13:47:10.864222,0 days 00:00:06.701480,431.0,1.0,115.2,154.3,0.46,COMPLETE
3789,0.825,2026-04-05 13:47:10.878808,2026-04-05 13:47:44.974274,0 days 00:00:34.095466,417.0,1.0,119.7,154.8,0.0,COMPLETE
3790,0.6875,2026-04-05 13:47:44.988896,2026-04-05 13:47:52.105632,0 days 00:00:07.116736,465.0,2.0,114.7,152.6,0.18,COMPLETE
3791,0.6875,2026-04-05 13:47:52.116435,2026-04-05 13:47:58.793059,0 days 00:00:06.676624,428.0,1.0,115.9,154.6,0.0,COMPLETE
3792,0.6875,2026-04-05 13:47:58.807395,2026-04-05 13:48:05.810525,0 days 00:00:07.003130,359.0,2.0,113.0,154.9,0.03,COMPLETE
3793,0.825,2026-04-05 13:48:05.824728,2026-04-05 13:48:25.999376,0 days 00:00:20.174648,491.0,1.0,115.6,153.0,0.36,COMPLETE
3794,0.6875,2026-04-05 13:48:26.014458,2026-04-05 13:48:33.035811,0 days 00:00:07.021353,413.0,1.0,116.7,157.0,0.06,COMPLETE
3795,0.825,2026-04-05 13:48:33.050470,2026-04-05 13:49:07.148088,0 days 00:00:34.097618,404.0,1.0,118.7,155.4,0.4,COMPLETE
3796,0.6875,2026-04-05 13:49:07.162231,2026-04-05 13:49:13.912854,0 days 00:00:06.750623,353.0,1.0,117.3,154.6,0.29,COMPLETE
3797,0.6875,2026-04-05 13:49:13.927339,2026-04-05 13:49:20.678060,0 days 00:00:06.750721,452.0,1.0,114.7,154.2,0.0,COMPLETE
3798,0.6875,2026-04-05 13:49:20.692170,2026-04-05 13:49:27.710113,0 days 00:00:07.017943,343.0,1.0,117.6,154.4,0.32,COMPLETE
3799,0.6875,2026-04-05 13:49:27.724473,2026-04-05 13:49:34.650821,0 days 00:00:06.926348,431.0,1.0,113.2,155.8,0.25,COMPLETE
3800,0.825,2026-04-05 13:49:34.665340,2026-04-05 13:50:08.831758,0 days 00:00:34.166418,388.0,1.0,116.0,155.8,0.02,COMPLETE
3801,0.6875,2026-04-05 13:50:08.846263,2026-04-05 13:50:15.784428,0 days 00:00:06.938165,357.0,2.0,115.7,159.2,0.0,COMPLETE
3802,0.6875,2026-04-05 13:50:15.798764,2026-04-05 13:50:22.758416,0 days 00:00:06.959652,377.0,1.0,115.8,154.1,0.21,COMPLETE
3803,0.6875,2026-04-05 13:50:22.773938,2026-04-05 13:50:29.431805,0 days 00:00:06.657867,373.0,1.0,115.7,156.1,0.33,COMPLETE
3804,0.825,2026-04-05 13:50:29.446127,2026-04-05 13:51:03.382639,0 days 00:00:33.936512,416.0,1.0,117.4,156.0,0.02,COMPLETE
3805,0.6875,2026-04-05 13:51:03.397168,2026-04-05 13:51:10.393645,0 days 00:00:06.996477,495.0,1.0,113.2,154.7,0.13,COMPLETE
3806,0.6875,2026-04-05 13:51:10.407866,2026-04-05 13:51:18.159788,0 days 00:00:07.751922,489.0,1.0,123.2,159.1,0.15,COMPLETE
3807,0.825,2026-04-05 13:51:18.171671,2026-04-05 13:51:53.028159,0 days 00:00:34.856488,371.0,1.0,116.8,155.1,0.01,COMPLETE
3808,0.6875,2026-04-05 13:51:53.038694,2026-04-05 13:51:59.837361,0 days 00:00:06.798667,459.0,1.0,115.7,155.9,0.43,COMPLETE
3809,0.6875,2026-04-05 13:51:59.852113,2026-04-05 13:52:06.367470,0 days 00:00:06.515357,428.0,2.0,116.0,155.1,0.36,COMPLETE
3810,0.825,2026-04-05 13:52:06.382619,2026-04-05 13:52:41.291022,0 days 00:00:34.908403,496.0,1.0,117.6,156.2,0.39,COMPLETE
3811,0.6875,2026-04-05 13:52:41.305728,2026-04-05 13:52:48.295269,0 days 00:00:06.989541,334.0,1.0,116.6,155.1,0.65,COMPLETE
3812,0.825,2026-04-05 13:52:48.309476,2026-04-05 13:53:22.388967,0 days 00:00:34.079491,446.0,1.0,119.4,153.6,0.0,COMPLETE
3813,0.6875,2026-04-05 13:53:22.403151,2026-04-05 13:53:29.641279,0 days 00:00:07.238128,362.0,1.0,116.9,156.6,0.0,COMPLETE
3814,0.671875,2026-04-05 13:53:29.655677,2026-04-05 13:53:36.458986,0 days 00:00:06.803309,415.0,1.0,116.5,152.9,0.31,COMPLETE
3815,0.6875,2026-04-05 13:53:36.469602,2026-04-05 13:53:42.971334,0 days 00:00:06.501732,436.0,1.0,116.7,153.5,0.31,COMPLETE
3816,0.6875,2026-04-05 13:53:42.985752,2026-04-05 13:53:49.766480,0 days 00:00:06.780728,398.0,1.0,114.8,151.5,0.01,COMPLETE
3817,0.6875,2026-04-05 13:53:49.781140,2026-04-05 13:53:56.644196,0 days 00:00:06.863056,455.0,1.0,115.2,155.7,0.0,COMPLETE
3818,0.6875,2026-04-05 13:53:56.658490,2026-04-05 13:54:03.689689,0 days 00:00:07.031199,362.0,1.0,118.0,153.5,0.32,COMPLETE
3819,0.6875,2026-04-05 13:54:03.704222,2026-04-05 13:54:10.869672,0 days 00:00:07.165450,248.0,3.0,117.1,149.0,0.12,COMPLETE
3820,0.6875,2026-04-05 13:54:10.880712,2026-04-05 13:54:18.032272,0 days 00:00:07.151560,381.0,1.0,113.2,154.1,0.06,COMPLETE
3821,0.6875,2026-04-05 13:54:18.046639,2026-04-05 13:54:24.528691,0 days 00:00:06.482052,407.0,1.0,113.2,153.4,0.1,COMPLETE
