number,value,datetime_start,datetime_complete,duration,params_voltage,params_width,params_x,params_y,params_z,state
1911,0.6875,2026-04-05 00:07:02.803553,2026-04-05 00:07:09.405491,0 days 00:00:06.601938,437.0,3.0,121.2,150.4,0.01,COMPLETE
1912,0.825,2026-04-05 00:07:09.414685,2026-04-05 00:07:43.459772,0 days 00:00:34.045087,410.0,3.0,120.6,153.6,0.04,COMPLETE
1913,0.6875,2026-04-05 00:07:43.473089,2026-04-05 00:07:50.199429,0 days 00:00:06.726340,381.0,1.0,119.2,151.2,0.36,COMPLETE
1914,0.6875,2026-04-05 00:07:50.212835,2026-04-05 00:07:56.839850,0 days 00:00:06.627015,428.0,3.0,121.8,153.5,0.75,COMPLETE
1915,0.671875,2026-04-05 00:07:56.853069,2026-04-05 00:08:03.261343,0 days 00:00:06.408274,436.0,1.0,121.6,154.2,0.22,COMPLETE
1916,0.6875,2026-04-05 00:08:03.269451,2026-04-05 00:08:09.601251,0 days 00:00:06.331800,416.0,1.0,121.7,154.2,0.18,COMPLETE
1917,0.6875,2026-04-05 00:08:09.615369,2026-04-05 00:08:17.241935,0 days 00:00:07.626566,218.0,3.0,113.7,155.9,1.44,COMPLETE
1918,0.6875,2026-04-05 00:08:17.255427,2026-04-05 00:08:23.922521,0 days 00:00:06.667094,421.0,2.0,115.2,153.7,0.06,COMPLETE
1919,0.6875,2026-04-05 00:08:23.936469,2026-04-05 00:08:30.849611,0 days 00:00:06.913142,486.0,1.0,120.9,154.8,0.16,COMPLETE
1920,0.825,2026-04-05 00:08:30.862679,2026-04-05 00:09:04.619293,0 days 00:00:33.756614,467.0,1.0,121.1,155.9,0.48,COMPLETE
1921,0.825,2026-04-05 00:09:04.632836,2026-04-05 00:09:38.648643,0 days 00:00:34.015807,497.0,1.0,118.6,153.2,0.26,COMPLETE
1922,0.825,2026-04-05 00:09:38.662100,2026-04-05 00:10:12.699460,0 days 00:00:34.037360,477.0,1.0,122.1,153.6,0.19,COMPLETE
1923,0.825,2026-04-05 00:10:12.709263,2026-04-05 00:10:46.769945,0 days 00:00:34.060682,443.0,1.0,118.4,153.3,0.27,COMPLETE
1924,0.6875,2026-04-05 00:10:46.782888,2026-04-05 00:10:53.957159,0 days 00:00:07.174271,439.0,1.0,124.9,156.1,0.34,COMPLETE
1925,0.6875,2026-04-05 00:10:53.971050,2026-04-05 00:11:00.715096,0 days 00:00:06.744046,417.0,1.0,122.9,152.1,0.27,COMPLETE
1926,0.6875,2026-04-05 00:11:00.728301,2026-04-05 00:11:07.540071,0 days 00:00:06.811770,422.0,2.0,119.2,153.8,0.49,COMPLETE
1927,0.6875,2026-04-05 00:11:07.549727,2026-04-05 00:11:14.121455,0 days 00:00:06.571728,372.0,3.0,117.9,154.8,0.44,COMPLETE
1928,0.825,2026-04-05 00:11:14.131819,2026-04-05 00:11:47.939041,0 days 00:00:33.807222,494.0,3.0,117.5,155.9,0.37,COMPLETE
1929,0.825,2026-04-05 00:11:47.952513,2026-04-05 00:12:44.310345,0 days 00:00:56.357832,455.0,3.0,125.3,153.6,0.36,COMPLETE
1930,0.825,2026-04-05 00:12:44.323890,2026-04-05 00:13:18.575257,0 days 00:00:34.251367,405.0,2.0,120.4,156.1,0.02,COMPLETE
1931,0.6875,2026-04-05 00:13:18.585774,2026-04-05 00:13:25.270598,0 days 00:00:06.684824,403.0,1.0,121.3,152.8,0.25,COMPLETE
1932,0.6875,2026-04-05 00:13:25.283749,2026-04-05 00:13:31.744807,0 days 00:00:06.461058,483.0,3.0,122.4,152.4,0.62,COMPLETE
1933,0.6875,2026-04-05 00:13:31.758672,2026-04-05 00:13:38.535871,0 days 00:00:06.777199,320.0,1.0,121.3,150.8,0.01,COMPLETE
1934,0.6875,2026-04-05 00:13:38.549732,2026-04-05 00:13:45.537431,0 days 00:00:06.987699,289.0,1.0,117.2,155.9,0.42,COMPLETE
1935,0.6875,2026-04-05 00:13:45.550907,2026-04-05 00:13:52.744216,0 days 00:00:07.193309,310.0,3.0,124.7,157.6,1.32,COMPLETE
1936,0.825,2026-04-05 00:13:52.757964,2026-04-05 00:14:27.195174,0 days 00:00:34.437210,415.0,2.0,123.4,151.2,0.01,COMPLETE
1937,0.6875,2026-04-05 00:14:27.208030,2026-04-05 00:14:34.037143,0 days 00:00:06.829113,427.0,1.0,121.1,154.7,0.28,COMPLETE
1938,0.6875,2026-04-05 00:14:34.047640,2026-04-05 00:14:40.649012,0 days 00:00:06.601372,436.0,2.0,123.8,154.9,0.24,COMPLETE
1939,0.6875,2026-04-05 00:14:40.662548,2026-04-05 00:14:47.265119,0 days 00:00:06.602571,426.0,1.0,120.6,155.3,0.42,COMPLETE
1940,0.825,2026-04-05 00:14:47.279254,2026-04-05 00:15:21.199319,0 days 00:00:33.920065,427.0,1.0,120.9,157.2,0.16,COMPLETE
1941,0.6875,2026-04-05 00:15:21.212642,2026-04-05 00:15:28.279225,0 days 00:00:07.066583,425.0,3.0,123.2,151.1,0.36,COMPLETE
1942,0.825,2026-04-05 00:15:28.290075,2026-04-05 00:16:02.396144,0 days 00:00:34.106069,458.0,3.0,123.4,154.5,0.03,COMPLETE
1943,0.6875,2026-04-05 00:16:02.409638,2026-04-05 00:16:09.272584,0 days 00:00:06.862946,280.0,1.0,122.5,155.3,0.28,COMPLETE
1944,0.6875,2026-04-05 00:16:09.286199,2026-04-05 00:16:15.710191,0 days 00:00:06.423992,422.0,1.0,122.0,154.9,0.36,COMPLETE
1945,0.825,2026-04-05 00:16:15.724014,2026-04-05 00:16:49.515803,0 days 00:00:33.791789,433.0,1.0,120.5,154.9,0.02,COMPLETE
1946,0.6875,2026-04-05 00:16:49.528962,2026-04-05 00:16:56.483486,0 days 00:00:06.954524,361.0,3.0,124.0,154.1,0.71,COMPLETE
1947,0.6875,2026-04-05 00:16:56.495382,2026-04-05 00:17:03.157760,0 days 00:00:06.662378,387.0,1.0,124.1,157.9,0.23,COMPLETE
1948,0.6875,2026-04-05 00:17:03.170895,2026-04-05 00:17:10.261170,0 days 00:00:07.090275,482.0,1.0,121.5,151.3,0.37,COMPLETE
1949,0.6875,2026-04-05 00:17:10.274381,2026-04-05 00:17:16.981243,0 days 00:00:06.706862,451.0,2.0,123.0,152.1,0.28,COMPLETE
1950,0.6875,2026-04-05 00:17:16.991221,2026-04-05 00:17:23.880739,0 days 00:00:06.889518,363.0,2.0,120.5,153.0,0.09,COMPLETE
1951,0.825,2026-04-05 00:17:23.894069,2026-04-05 00:17:58.125706,0 days 00:00:34.231637,410.0,3.0,124.9,153.9,0.34,COMPLETE
1952,0.6875,2026-04-05 00:17:58.139225,2026-04-05 00:18:04.556777,0 days 00:00:06.417552,473.0,3.0,125.6,153.6,0.76,COMPLETE
1953,0.825,2026-04-05 00:18:04.570239,2026-04-05 00:18:38.568602,0 days 00:00:33.998363,416.0,1.0,121.2,153.3,0.12,COMPLETE
1954,0.6875,2026-04-05 00:18:38.582013,2026-04-05 00:18:45.053750,0 days 00:00:06.471737,409.0,3.0,121.9,154.0,0.15,COMPLETE
1955,0.6875,2026-04-05 00:18:45.068249,2026-04-05 00:18:52.250258,0 days 00:00:07.182009,316.0,2.0,119.5,149.6,0.02,COMPLETE
1956,0.825,2026-04-05 00:18:52.264061,2026-04-05 00:18:57.749978,0 days 00:00:05.485917,476.0,2.0,123.0,154.2,0.3,COMPLETE
1957,0.6875,2026-04-05 00:18:57.762730,2026-04-05 00:19:04.968059,0 days 00:00:07.205329,382.0,1.0,126.2,157.2,0.71,COMPLETE
1958,0.6875,2026-04-05 00:19:04.977309,2026-04-05 00:19:12.186233,0 days 00:00:07.208924,175.0,3.0,123.4,154.7,0.87,COMPLETE
1959,0.6875,2026-04-05 00:19:12.199868,2026-04-05 00:19:18.865756,0 days 00:00:06.665888,396.0,1.0,122.1,154.4,0.33,COMPLETE
1960,0.825,2026-04-05 00:19:18.879439,2026-04-05 00:19:52.807412,0 days 00:00:33.927973,368.0,1.0,124.0,155.2,0.08,COMPLETE
1961,0.825,2026-04-05 00:19:52.820513,2026-04-05 00:20:26.857335,0 days 00:00:34.036822,473.0,3.0,123.2,152.4,0.24,COMPLETE
1962,0.825,2026-04-05 00:20:26.870292,2026-04-05 00:21:01.144568,0 days 00:00:34.274276,357.0,1.0,122.1,155.3,0.04,COMPLETE
1963,0.825,2026-04-05 00:21:01.157414,2026-04-05 00:21:35.206831,0 days 00:00:34.049417,465.0,3.0,123.8,152.8,0.09,COMPLETE
1964,0.6875,2026-04-05 00:21:35.216553,2026-04-05 00:21:41.974462,0 days 00:00:06.757909,495.0,3.0,124.5,151.0,0.1,COMPLETE
1965,0.6875,2026-04-05 00:21:41.987762,2026-04-05 00:21:49.377904,0 days 00:00:07.390142,238.0,1.0,124.7,155.6,0.27,COMPLETE
1966,0.6875,2026-04-05 00:21:49.391705,2026-04-05 00:21:56.148523,0 days 00:00:06.756818,216.0,1.0,120.6,154.7,0.05,COMPLETE
1967,0.825,2026-04-05 00:21:56.157838,2026-04-05 00:22:29.990351,0 days 00:00:33.832513,259.0,1.0,122.5,153.6,0.27,COMPLETE
1968,0.6875,2026-04-05 00:22:30.004172,2026-04-05 00:22:36.669569,0 days 00:00:06.665397,366.0,2.0,122.9,153.9,0.68,COMPLETE
1969,0.6875,2026-04-05 00:22:36.683087,2026-04-05 00:22:43.411939,0 days 00:00:06.728852,247.0,2.0,122.1,154.9,0.28,COMPLETE
1970,0.825,2026-04-05 00:22:43.425567,2026-04-05 00:23:17.346661,0 days 00:00:33.921094,357.0,1.0,119.5,155.1,0.44,COMPLETE
1971,0.825,2026-04-05 00:23:17.359938,2026-04-05 00:23:24.637799,0 days 00:00:07.277861,396.0,1.0,121.9,151.0,0.05,COMPLETE
1972,0.6875,2026-04-05 00:23:24.651533,2026-04-05 00:23:31.328198,0 days 00:00:06.676665,369.0,1.0,123.3,154.2,0.48,COMPLETE
1973,0.825,2026-04-05 00:23:31.342513,2026-04-05 00:24:05.472291,0 days 00:00:34.129778,344.0,2.0,118.9,155.4,0.1,COMPLETE
1974,0.825,2026-04-05 00:24:05.482645,2026-04-05 00:24:39.524419,0 days 00:00:34.041774,447.0,1.0,122.7,153.6,0.52,COMPLETE
1975,0.6875,2026-04-05 00:24:39.537251,2026-04-05 00:24:46.478561,0 days 00:00:06.941310,425.0,1.0,118.0,152.9,0.68,COMPLETE
1976,0.6875,2026-04-05 00:24:46.491707,2026-04-05 00:24:53.189219,0 days 00:00:06.697512,458.0,1.0,114.7,153.9,0.99,COMPLETE
1977,0.6875,2026-04-05 00:24:53.202808,2026-04-05 00:25:00.853284,0 days 00:00:07.650476,289.0,2.0,123.0,153.3,0.32,COMPLETE
1978,0.6875,2026-04-05 00:25:00.866933,2026-04-05 00:25:07.366745,0 days 00:00:06.499812,410.0,2.0,122.1,153.3,0.39,COMPLETE
1979,0.825,2026-04-05 00:25:07.380089,2026-04-05 00:25:41.477284,0 days 00:00:34.097195,463.0,3.0,122.0,156.1,0.39,COMPLETE
1980,0.6875,2026-04-05 00:25:41.490184,2026-04-05 00:25:48.289125,0 days 00:00:06.798941,284.0,1.0,121.0,157.8,0.46,COMPLETE
1981,0.6875,2026-04-05 00:25:48.302531,2026-04-05 00:25:55.289373,0 days 00:00:06.986842,353.0,1.0,122.7,151.7,0.56,COMPLETE
1982,0.825,2026-04-05 00:25:55.302949,2026-04-05 00:26:29.590754,0 days 00:00:34.287805,397.0,1.0,119.3,155.9,0.43,COMPLETE
1983,0.6875,2026-04-05 00:26:29.603886,2026-04-05 00:26:36.869641,0 days 00:00:07.265755,320.0,1.0,124.0,159.2,0.01,COMPLETE
1984,0.825,2026-04-05 00:26:36.879087,2026-04-05 00:27:11.313054,0 days 00:00:34.433967,497.0,3.0,124.6,152.9,0.35000000000000003,COMPLETE
1985,0.6875,2026-04-05 00:27:11.326002,2026-04-05 00:27:18.823604,0 days 00:00:07.497602,363.0,2.0,117.1,154.0,0.47000000000000003,COMPLETE
1986,0.6875,2026-04-05 00:27:18.833539,2026-04-05 00:27:25.947504,0 days 00:00:07.113965,495.0,2.0,120.6,159.0,0.06,COMPLETE
1987,0.6875,2026-04-05 00:27:25.961008,2026-04-05 00:27:33.195358,0 days 00:00:07.234350,466.0,3.0,126.3,155.1,0.3,COMPLETE
1988,0.825,2026-04-05 00:27:33.208957,2026-04-05 00:27:39.391034,0 days 00:00:06.182077,363.0,1.0,123.2,154.2,0.06,COMPLETE
1989,0.6875,2026-04-05 00:27:39.404841,2026-04-05 00:27:46.200340,0 days 00:00:06.795499,448.0,2.0,120.5,152.7,0.02,COMPLETE
1990,0.6875,2026-04-05 00:27:46.214154,2026-04-05 00:27:52.855863,0 days 00:00:06.641709,426.0,3.0,118.0,155.0,0.62,COMPLETE
1991,0.6875,2026-04-05 00:27:52.869304,2026-04-05 00:27:59.621724,0 days 00:00:06.752420,306.0,1.0,119.8,154.2,0.02,COMPLETE
1992,0.6875,2026-04-05 00:27:59.634780,2026-04-05 00:28:06.253609,0 days 00:00:06.618829,455.0,2.0,122.4,154.1,0.74,COMPLETE
1993,0.6875,2026-04-05 00:28:06.266808,2026-04-05 00:28:12.943864,0 days 00:00:06.677056,307.0,2.0,123.2,154.0,0.03,COMPLETE
1994,0.825,2026-04-05 00:28:12.954269,2026-04-05 00:28:46.826344,0 days 00:00:33.872075,421.0,1.0,121.8,153.3,0.36,COMPLETE
1995,0.6875,2026-04-05 00:28:46.835430,2026-04-05 00:28:54.089239,0 days 00:00:07.253809,211.0,1.0,123.3,156.8,0.43,COMPLETE
1996,0.825,2026-04-05 00:28:54.103280,2026-04-05 00:29:49.918812,0 days 00:00:55.815532,393.0,1.0,125.4,153.9,0.19,COMPLETE
1997,0.6875,2026-04-05 00:29:49.929045,2026-04-05 00:29:57.199643,0 days 00:00:07.270598,319.0,3.0,126.3,159.7,1.9100000000000001,COMPLETE
1998,0.6875,2026-04-05 00:29:57.213423,2026-04-05 00:30:03.896119,0 days 00:00:06.682696,358.0,1.0,127.0,156.3,0.25,COMPLETE
1999,0.6875,2026-04-05 00:30:03.909587,2026-04-05 00:30:10.850003,0 days 00:00:06.940416,405.0,1.0,123.6,152.9,0.91,COMPLETE
2000,0.825,2026-04-05 00:30:41.489974,2026-04-05 00:31:15.551884,0 days 00:00:34.061910,455.0,1.0,122.2,156.1,0.03,COMPLETE
2001,0.6875,2026-04-05 00:31:15.566259,2026-04-05 00:31:22.260208,0 days 00:00:06.693949,489.0,2.0,121.9,153.5,0.45,COMPLETE
2002,0.6875,2026-04-05 00:31:22.273849,2026-04-05 00:31:28.956265,0 days 00:00:06.682416,441.0,3.0,124.0,149.8,0.63,COMPLETE
2003,0.6875,2026-04-05 00:31:28.970067,2026-04-05 00:31:36.121433,0 days 00:00:07.151366,244.0,1.0,124.8,152.3,0.45,COMPLETE
2004,0.6875,2026-04-05 00:31:36.130946,2026-04-05 00:31:42.752899,0 days 00:00:06.621953,454.0,3.0,123.1,153.4,0.46,COMPLETE
2005,0.6875,2026-04-05 00:31:42.766970,2026-04-05 00:31:50.118071,0 days 00:00:07.351101,227.0,1.0,126.9,155.2,0.47000000000000003,COMPLETE
2006,0.6875,2026-04-05 00:31:50.128646,2026-04-05 00:31:56.971415,0 days 00:00:06.842769,351.0,1.0,122.6,154.7,0.55,COMPLETE
2007,0.6875,2026-04-05 00:31:56.985155,2026-04-05 00:32:03.801144,0 days 00:00:06.815989,443.0,1.0,119.7,152.0,0.41000000000000003,COMPLETE
2008,0.6875,2026-04-05 00:32:03.814886,2026-04-05 00:32:10.544091,0 days 00:00:06.729205,464.0,2.0,117.6,153.5,0.1,COMPLETE
2009,0.6875,2026-04-05 00:32:10.556811,2026-04-05 00:32:17.228557,0 days 00:00:06.671746,326.0,1.0,118.6,153.6,0.35000000000000003,COMPLETE
2010,0.6875,2026-04-05 00:32:17.242096,2026-04-05 00:32:24.151900,0 days 00:00:06.909804,489.0,1.0,113.4,154.8,1.18,COMPLETE
2011,0.6875,2026-04-05 00:32:24.165621,2026-04-05 00:32:31.330097,0 days 00:00:07.164476,431.0,2.0,121.0,154.0,0.63,COMPLETE
2012,0.6875,2026-04-05 00:32:31.343453,2026-04-05 00:32:38.046045,0 days 00:00:06.702592,305.0,1.0,122.2,152.9,0.44,COMPLETE
2013,0.6875,2026-04-05 00:32:38.059192,2026-04-05 00:32:44.670044,0 days 00:00:06.610852,460.0,2.0,118.6,152.7,0.64,COMPLETE
2014,0.825,2026-04-05 00:32:44.679825,2026-04-05 00:33:18.684704,0 days 00:00:34.004879,480.0,3.0,121.8,153.4,0.45,COMPLETE
2015,0.6875,2026-04-05 00:33:18.697784,2026-04-05 00:33:25.643350,0 days 00:00:06.945566,492.0,3.0,123.6,149.1,0.22,COMPLETE
2016,0.6875,2026-04-05 00:33:25.655079,2026-04-05 00:33:33.105298,0 days 00:00:07.450219,358.0,2.0,124.2,156.0,0.6,COMPLETE
2017,0.825,2026-04-05 00:33:33.118205,2026-04-05 00:34:07.070531,0 days 00:00:33.952326,388.0,1.0,122.9,156.1,0.49,COMPLETE
2018,0.6875,2026-04-05 00:34:07.083821,2026-04-05 00:34:14.575378,0 days 00:00:07.491557,437.0,3.0,113.0,156.0,1.6600000000000001,COMPLETE
2019,0.6875,2026-04-05 00:34:14.588633,2026-04-05 00:34:22.048743,0 days 00:00:07.460110,318.0,1.0,121.2,154.9,0.39,COMPLETE
2020,0.825,2026-04-05 00:34:22.058724,2026-04-05 00:34:55.985217,0 days 00:00:33.926493,392.0,3.0,122.6,155.0,0.0,COMPLETE
2021,0.6875,2026-04-05 00:34:55.997843,2026-04-05 00:35:02.828443,0 days 00:00:06.830600,406.0,1.0,120.3,153.8,0.62,COMPLETE
2022,0.825,2026-04-05 00:35:02.841766,2026-04-05 00:35:36.680039,0 days 00:00:33.838273,491.0,3.0,121.9,153.9,0.11,COMPLETE
2023,0.6875,2026-04-05 00:35:36.692966,2026-04-05 00:35:43.839520,0 days 00:00:07.146554,327.0,1.0,116.9,156.0,1.21,COMPLETE
2024,0.825,2026-04-05 00:35:43.852612,2026-04-05 00:36:18.413142,0 days 00:00:34.560530,449.0,3.0,122.6,152.3,0.07,COMPLETE
2025,0.6875,2026-04-05 00:36:18.426136,2026-04-05 00:36:25.786407,0 days 00:00:07.360271,174.0,3.0,120.9,150.6,0.54,COMPLETE
2026,0.6875,2026-04-05 00:36:25.799526,2026-04-05 00:36:32.445111,0 days 00:00:06.645585,454.0,2.0,118.3,151.9,0.38,COMPLETE
2027,0.825,2026-04-05 00:36:32.454876,2026-04-05 00:37:07.061136,0 days 00:00:34.606260,309.0,1.0,123.6,154.9,0.0,COMPLETE
2028,0.825,2026-04-05 00:37:07.074690,2026-04-05 00:37:41.324354,0 days 00:00:34.249664,250.0,2.0,122.4,156.4,0.11,COMPLETE
2029,0.6875,2026-04-05 00:37:41.337701,2026-04-05 00:37:48.467024,0 days 00:00:07.129323,407.0,3.0,124.6,151.2,0.38,COMPLETE
2030,0.6875,2026-04-05 00:37:48.476739,2026-04-05 00:37:55.851176,0 days 00:00:07.374437,300.0,1.0,117.5,152.3,0.55,COMPLETE
2031,0.6875,2026-04-05 00:37:55.864537,2026-04-05 00:38:02.931457,0 days 00:00:07.066920,499.0,2.0,124.1,151.1,0.5700000000000001,COMPLETE
2032,0.6875,2026-04-05 00:38:02.944854,2026-04-05 00:38:10.060836,0 days 00:00:07.115982,219.0,1.0,123.9,155.1,0.71,COMPLETE
2033,0.825,2026-04-05 00:38:10.070872,2026-04-05 00:38:44.079343,0 days 00:00:34.008471,371.0,1.0,122.1,156.4,0.14,COMPLETE
2034,0.6875,2026-04-05 00:38:44.092463,2026-04-05 00:38:50.779812,0 days 00:00:06.687349,485.0,1.0,119.6,154.4,0.6,COMPLETE
2035,0.825,2026-04-05 00:38:50.793084,2026-04-05 00:39:24.767778,0 days 00:00:33.974694,496.0,3.0,121.0,156.0,0.0,COMPLETE
2036,0.6875,2026-04-05 00:39:24.781004,2026-04-05 00:39:31.754495,0 days 00:00:06.973491,354.0,3.0,121.3,152.7,0.63,COMPLETE
2037,0.6875,2026-04-05 00:39:31.764286,2026-04-05 00:39:38.546833,0 days 00:00:06.782547,488.0,3.0,123.9,151.4,0.33,COMPLETE
2038,0.825,2026-04-05 00:39:38.559583,2026-04-05 00:40:12.642282,0 days 00:00:34.082699,463.0,3.0,124.5,155.1,0.39,COMPLETE
2039,0.6875,2026-04-05 00:40:12.655884,2026-04-05 00:40:19.472108,0 days 00:00:06.816224,332.0,1.0,126.5,154.6,0.45,COMPLETE
2040,0.6875,2026-04-05 00:40:19.481601,2026-04-05 00:40:26.208785,0 days 00:00:06.727184,239.0,2.0,125.0,153.3,0.45,COMPLETE
2041,0.6875,2026-04-05 00:40:26.222541,2026-04-05 00:40:33.249599,0 days 00:00:07.027058,192.0,3.0,120.2,153.9,0.49,COMPLETE
2042,0.6875,2026-04-05 00:40:33.262953,2026-04-05 00:40:39.980957,0 days 00:00:06.718004,274.0,1.0,124.4,154.8,0.29,COMPLETE
2043,0.6875,2026-04-05 00:40:39.993685,2026-04-05 00:40:47.055171,0 days 00:00:07.061486,264.0,2.0,126.1,148.1,1.36,COMPLETE
2044,0.825,2026-04-05 00:40:47.068829,2026-04-05 00:41:21.758366,0 days 00:00:34.689537,490.0,1.0,122.6,155.5,0.53,COMPLETE
2045,0.825,2026-04-05 00:41:21.771162,2026-04-05 00:41:39.320031,0 days 00:00:17.548869,372.0,1.0,125.0,151.2,0.01,COMPLETE
2046,0.6875,2026-04-05 00:41:39.333169,2026-04-05 00:41:46.329749,0 days 00:00:06.996580,449.0,3.0,120.2,153.7,0.14,COMPLETE
2047,0.6875,2026-04-05 00:41:46.338974,2026-04-05 00:41:52.987833,0 days 00:00:06.648859,434.0,3.0,119.7,151.3,0.68,COMPLETE
2048,0.6875,2026-04-05 00:41:53.001498,2026-04-05 00:41:59.906581,0 days 00:00:06.905083,303.0,1.0,123.7,152.2,0.09,COMPLETE
2049,0.6875,2026-04-05 00:41:59.919680,2026-04-05 00:42:06.572260,0 days 00:00:06.652580,290.0,2.0,124.2,156.2,0.33,COMPLETE
2050,0.6875,2026-04-05 00:42:06.585007,2026-04-05 00:42:13.474551,0 days 00:00:06.889544,413.0,1.0,123.7,150.5,0.53,COMPLETE
2051,0.6875,2026-04-05 00:42:13.487633,2026-04-05 00:42:21.116781,0 days 00:00:07.629148,488.0,1.0,113.1,154.2,0.65,COMPLETE
2052,0.825,2026-04-05 00:42:21.130702,2026-04-05 00:43:18.047812,0 days 00:00:56.917110,422.0,3.0,125.2,152.9,0.12,COMPLETE
2053,0.825,2026-04-05 00:43:18.060799,2026-04-05 00:44:13.701247,0 days 00:00:55.640448,484.0,3.0,126.1,153.4,0.02,COMPLETE
2054,0.6875,2026-04-05 00:44:13.714247,2026-04-05 00:44:20.915699,0 days 00:00:07.201452,350.0,1.0,120.6,151.4,0.29,COMPLETE
2055,0.6875,2026-04-05 00:44:20.928706,2026-04-05 00:44:28.001749,0 days 00:00:07.073043,320.0,1.0,125.0,156.2,0.55,COMPLETE
2056,0.6875,2026-04-05 00:44:28.015279,2026-04-05 00:44:34.695035,0 days 00:00:06.679756,473.0,1.0,123.4,152.9,0.34,COMPLETE
2057,0.6875,2026-04-05 00:44:34.709220,2026-04-05 00:44:41.399717,0 days 00:00:06.690497,468.0,1.0,121.6,153.8,0.21,COMPLETE
2058,0.6875,2026-04-05 00:44:41.409527,2026-04-05 00:44:48.772637,0 days 00:00:07.363110,353.0,1.0,115.3,152.3,0.01,COMPLETE
2059,0.6875,2026-04-05 00:44:48.785421,2026-04-05 00:44:55.973785,0 days 00:00:07.188364,423.0,2.0,122.1,154.5,0.29,COMPLETE
2060,0.825,2026-04-05 00:44:55.986606,2026-04-05 00:45:30.080036,0 days 00:00:34.093430,383.0,1.0,118.9,155.5,0.21,COMPLETE
2061,0.6875,2026-04-05 00:45:30.093110,2026-04-05 00:45:37.490611,0 days 00:00:07.397501,211.0,3.0,123.9,152.9,0.79,COMPLETE
2062,0.6875,2026-04-05 00:45:37.503888,2026-04-05 00:45:44.153710,0 days 00:00:06.649822,335.0,1.0,122.2,155.3,0.41000000000000003,COMPLETE
2063,0.6875,2026-04-05 00:45:44.167517,2026-04-05 00:45:50.635754,0 days 00:00:06.468237,297.0,2.0,121.2,154.4,0.47000000000000003,COMPLETE
2064,0.825,2026-04-05 00:45:50.648787,2026-04-05 00:46:24.619549,0 days 00:00:33.970762,361.0,1.0,122.2,153.2,0.15,COMPLETE
2065,0.825,2026-04-05 00:46:24.633178,2026-04-05 00:46:58.670786,0 days 00:00:34.037608,399.0,2.0,117.7,153.4,0.01,COMPLETE
2066,0.6875,2026-04-05 00:46:58.683773,2026-04-05 00:47:06.266133,0 days 00:00:07.582360,225.0,1.0,124.4,153.5,0.14,COMPLETE
2067,0.6875,2026-04-05 00:47:06.279538,2026-04-05 00:47:13.832816,0 days 00:00:07.553278,478.0,2.0,113.8,153.7,1.09,COMPLETE
2068,0.825,2026-04-05 00:47:13.845743,2026-04-05 00:47:48.845684,0 days 00:00:34.999941,400.0,1.0,123.5,155.5,0.16,COMPLETE
2069,0.825,2026-04-05 00:47:48.859022,2026-04-05 00:48:23.125337,0 days 00:00:34.266315,307.0,1.0,121.4,156.4,0.13,COMPLETE
2070,0.6875,2026-04-05 00:48:23.138699,2026-04-05 00:48:29.765867,0 days 00:00:06.627168,412.0,1.0,122.4,155.5,0.67,COMPLETE
2071,0.825,2026-04-05 00:48:29.778953,2026-04-05 00:49:03.851681,0 days 00:00:34.072728,482.0,3.0,122.9,151.3,0.06,COMPLETE
2072,0.825,2026-04-05 00:49:03.864796,2026-04-05 00:49:38.651139,0 days 00:00:34.786343,320.0,1.0,118.7,156.8,0.46,COMPLETE
2073,0.6875,2026-04-05 00:49:38.663553,2026-04-05 00:49:46.168131,0 days 00:00:07.504578,457.0,3.0,126.6,152.0,0.66,COMPLETE
2074,0.825,2026-04-05 00:49:46.181296,2026-04-05 00:50:20.850361,0 days 00:00:34.669065,463.0,2.0,124.8,151.9,0.37,COMPLETE
2075,0.6875,2026-04-05 00:50:20.863534,2026-04-05 00:50:27.875284,0 days 00:00:07.011750,273.0,2.0,121.4,153.9,0.09,COMPLETE
2076,0.6875,2026-04-05 00:50:27.884620,2026-04-05 00:50:34.619950,0 days 00:00:06.735330,350.0,1.0,124.6,156.8,0.3,COMPLETE
2077,0.6875,2026-04-05 00:50:34.632120,2026-04-05 00:50:41.485869,0 days 00:00:06.853749,353.0,1.0,120.8,152.9,0.36,COMPLETE
2078,0.825,2026-04-05 00:50:41.498954,2026-04-05 00:51:15.433346,0 days 00:00:33.934392,496.0,3.0,123.1,153.3,0.31,COMPLETE
2079,0.825,2026-04-05 00:51:15.444500,2026-04-05 00:51:49.234506,0 days 00:00:33.790006,436.0,1.0,122.2,155.0,0.36,COMPLETE
2080,0.6875,2026-04-05 00:51:49.247807,2026-04-05 00:51:55.971164,0 days 00:00:06.723357,365.0,1.0,121.6,154.2,0.4,COMPLETE
2081,0.825,2026-04-05 00:51:55.980737,2026-04-05 00:52:29.925643,0 days 00:00:33.944906,387.0,1.0,119.8,154.6,0.14,COMPLETE
2082,0.825,2026-04-05 00:52:29.938592,2026-04-05 00:53:03.706446,0 days 00:00:33.767854,413.0,2.0,121.0,154.8,0.02,COMPLETE
2083,0.6875,2026-04-05 00:53:03.719308,2026-04-05 00:53:10.444050,0 days 00:00:06.724742,411.0,2.0,117.2,154.6,0.5,COMPLETE
2084,0.6875,2026-04-05 00:53:10.456951,2026-04-05 00:53:17.929285,0 days 00:00:07.472334,203.0,1.0,123.8,155.9,0.01,COMPLETE
