number,value,datetime_start,datetime_complete,duration,params_voltage,params_width,params_x,params_y,params_z,state
14934,0.6875,2026-04-09 22:44:58.271647,2026-04-09 22:45:05.310331,0 days 00:00:07.038684,345.0,1.0,113.9,152.4,0.35000000000000003,COMPLETE
14935,0.6875,2026-04-09 22:45:05.329638,2026-04-09 22:45:12.013098,0 days 00:00:06.683460,488.0,2.0,114.3,155.7,0.0,COMPLETE
14936,0.6875,2026-04-09 22:45:12.035438,2026-04-09 22:45:18.598805,0 days 00:00:06.563367,441.0,2.0,113.4,154.6,0.23,COMPLETE
14937,0.825,2026-04-09 22:45:18.618992,2026-04-09 22:45:25.812403,0 days 00:00:07.193411,499.0,1.0,116.2,156.0,0.21,COMPLETE
14938,0.6875,2026-04-09 22:45:25.833862,2026-04-09 22:45:32.422214,0 days 00:00:06.588352,449.0,2.0,115.5,156.8,0.04,COMPLETE
14939,0.6875,2026-04-09 22:45:32.441941,2026-04-09 22:45:39.101482,0 days 00:00:06.659541,447.0,1.0,115.8,154.4,0.0,COMPLETE
14940,0.6875,2026-04-09 22:45:39.121122,2026-04-09 22:45:46.371611,0 days 00:00:07.250489,367.0,2.0,121.3,152.0,1.33,COMPLETE
14941,0.6875,2026-04-09 22:45:46.392919,2026-04-09 22:45:53.596615,0 days 00:00:07.203696,276.0,1.0,115.7,151.0,1.12,COMPLETE
14942,0.6875,2026-04-09 22:45:53.616126,2026-04-09 22:46:00.439003,0 days 00:00:06.822877,292.0,1.0,117.9,154.9,0.25,COMPLETE
14943,0.825,2026-04-09 22:46:00.459997,2026-04-09 22:46:34.682003,0 days 00:00:34.222006,463.0,2.0,120.1,157.4,0.01,COMPLETE
14944,0.6875,2026-04-09 22:46:34.702920,2026-04-09 22:46:41.809784,0 days 00:00:07.106864,354.0,1.0,120.0,158.7,0.17,COMPLETE
14945,0.825,2026-04-09 22:46:41.830799,2026-04-09 22:47:16.162496,0 days 00:00:34.331697,440.0,2.0,118.0,155.0,0.36,COMPLETE
14946,0.825,2026-04-09 22:47:16.183678,2026-04-09 22:47:50.183783,0 days 00:00:34.000105,397.0,1.0,117.9,156.8,0.46,COMPLETE
14947,0.825,2026-04-09 22:47:50.204869,2026-04-09 22:48:24.519533,0 days 00:00:34.314664,324.0,1.0,119.2,154.8,0.0,COMPLETE
14948,0.6875,2026-04-09 22:48:24.538852,2026-04-09 22:48:31.599047,0 days 00:00:07.060195,406.0,1.0,115.3,154.0,0.01,COMPLETE
14949,0.825,2026-04-09 22:48:31.619702,2026-04-09 22:49:05.988777,0 days 00:00:34.369075,327.0,2.0,118.6,154.0,0.01,COMPLETE
14950,0.6875,2026-04-09 22:49:06.009533,2026-04-09 22:49:12.970776,0 days 00:00:06.961243,441.0,1.0,114.2,156.1,0.22,COMPLETE
14951,0.6875,2026-04-09 22:49:12.991629,2026-04-09 22:49:19.771294,0 days 00:00:06.779665,363.0,1.0,115.7,155.7,0.01,COMPLETE
14952,0.6875,2026-04-09 22:49:19.792639,2026-04-09 22:49:26.278516,0 days 00:00:06.485877,417.0,1.0,116.3,154.9,0.26,COMPLETE
14953,0.6875,2026-04-09 22:49:26.298094,2026-04-09 22:49:32.879551,0 days 00:00:06.581457,499.0,1.0,117.8,154.4,0.02,COMPLETE
14954,0.6875,2026-04-09 22:49:32.900812,2026-04-09 22:49:41.257344,0 days 00:00:08.356532,182.0,1.0,126.8,148.3,0.63,COMPLETE
14955,0.825,2026-04-09 22:49:41.278008,2026-04-09 22:50:15.857625,0 days 00:00:34.579617,402.0,1.0,122.2,153.6,0.0,COMPLETE
14956,0.6875,2026-04-09 22:50:15.879379,2026-04-09 22:50:22.831947,0 days 00:00:06.952568,330.0,3.0,122.0,153.8,0.55,COMPLETE
14957,0.671875,2026-04-09 22:50:22.850777,2026-04-09 22:50:29.517627,0 days 00:00:06.666850,421.0,2.0,120.9,154.6,0.35000000000000003,COMPLETE
14958,0.6875,2026-04-09 22:50:29.539891,2026-04-09 22:50:36.837729,0 days 00:00:07.297838,227.0,2.0,120.9,157.1,0.51,COMPLETE
14959,0.6875,2026-04-09 22:50:36.858543,2026-04-09 22:50:44.354821,0 days 00:00:07.496278,486.0,2.0,113.4,153.8,1.8900000000000001,COMPLETE
14960,0.825,2026-04-09 22:50:44.376620,2026-04-09 22:51:18.831079,0 days 00:00:34.454459,418.0,1.0,117.9,157.2,0.17,COMPLETE
14961,0.6875,2026-04-09 22:51:18.852547,2026-04-09 22:51:26.475639,0 days 00:00:07.623092,304.0,3.0,122.1,151.9,1.12,COMPLETE
14962,0.825,2026-04-09 22:51:26.494265,2026-04-09 22:51:46.983000,0 days 00:00:20.488735,499.0,1.0,116.6,152.8,0.01,COMPLETE
14963,0.6875,2026-04-09 22:51:47.002106,2026-04-09 22:51:54.072848,0 days 00:00:07.070742,384.0,1.0,115.0,156.0,0.54,COMPLETE
14964,0.825,2026-04-09 22:51:54.094320,2026-04-09 22:52:28.739527,0 days 00:00:34.645207,455.0,1.0,121.9,153.5,0.23,COMPLETE
14965,0.6875,2026-04-09 22:52:28.759777,2026-04-09 22:52:36.312254,0 days 00:00:07.552477,404.0,2.0,114.4,153.9,0.0,COMPLETE
14966,0.6875,2026-04-09 22:52:36.334372,2026-04-09 22:52:43.221172,0 days 00:00:06.886800,447.0,1.0,115.3,157.4,0.0,COMPLETE
14967,0.6875,2026-04-09 22:52:43.241199,2026-04-09 22:52:50.337644,0 days 00:00:07.096445,282.0,1.0,115.1,154.6,0.0,COMPLETE
14968,0.6875,2026-04-09 22:52:50.356178,2026-04-09 22:52:57.150759,0 days 00:00:06.794581,425.0,1.0,116.4,151.8,0.02,COMPLETE
14969,0.6875,2026-04-09 22:52:57.170530,2026-04-09 22:53:04.233636,0 days 00:00:07.063106,258.0,2.0,117.5,154.0,0.54,COMPLETE
14970,0.6875,2026-04-09 22:53:04.253255,2026-04-09 22:53:11.363730,0 days 00:00:07.110475,462.0,1.0,114.8,159.0,0.37,COMPLETE
14971,0.825,2026-04-09 22:53:11.385142,2026-04-09 22:54:08.169607,0 days 00:00:56.784465,411.0,3.0,124.9,155.0,0.41000000000000003,COMPLETE
14972,0.825,2026-04-09 22:54:08.191563,2026-04-09 22:54:42.894270,0 days 00:00:34.702707,339.0,1.0,118.1,155.6,0.01,COMPLETE
14973,0.6875,2026-04-09 22:54:42.916150,2026-04-09 22:54:49.855465,0 days 00:00:06.939315,379.0,1.0,121.1,155.6,0.24,COMPLETE
14974,0.825,2026-04-09 22:54:49.874582,2026-04-09 22:55:24.096640,0 days 00:00:34.222058,494.0,2.0,124.8,156.9,0.26,COMPLETE
14975,0.825,2026-04-09 22:55:24.118733,2026-04-09 22:55:59.386045,0 days 00:00:35.267312,436.0,1.0,118.7,156.3,0.0,COMPLETE
14976,0.6875,2026-04-09 22:55:59.408281,2026-04-09 22:56:06.183522,0 days 00:00:06.775241,409.0,1.0,115.5,156.9,0.02,COMPLETE
14977,0.6875,2026-04-09 22:56:06.204275,2026-04-09 22:56:13.403897,0 days 00:00:07.199622,223.0,1.0,118.5,154.6,0.37,COMPLETE
14978,0.6875,2026-04-09 22:56:13.424706,2026-04-09 22:56:19.875241,0 days 00:00:06.450535,430.0,1.0,118.8,154.1,0.66,COMPLETE
14979,0.6875,2026-04-09 22:56:19.895741,2026-04-09 22:56:26.906027,0 days 00:00:07.010286,392.0,1.0,113.0,153.3,0.49,COMPLETE
14980,0.6875,2026-04-09 22:56:26.927300,2026-04-09 22:56:33.545180,0 days 00:00:06.617880,444.0,1.0,114.7,154.4,0.0,COMPLETE
14981,0.825,2026-04-09 22:56:33.564450,2026-04-09 22:57:07.511521,0 days 00:00:33.947071,463.0,1.0,118.1,154.4,0.25,COMPLETE
14982,0.6875,2026-04-09 22:57:07.534141,2026-04-09 22:57:14.712298,0 days 00:00:07.178157,307.0,2.0,120.7,154.8,0.0,COMPLETE
14983,0.453125,2026-04-09 22:57:14.732726,2026-04-09 22:57:21.716225,0 days 00:00:06.983499,407.0,1.0,116.3,155.7,0.0,COMPLETE
14984,0.825,2026-04-09 22:57:21.738462,2026-04-09 22:57:55.897857,0 days 00:00:34.159395,338.0,2.0,117.7,156.9,0.23,COMPLETE
14985,0.825,2026-04-09 22:57:55.920136,2026-04-09 22:58:29.954011,0 days 00:00:34.033875,341.0,1.0,118.3,154.4,0.0,COMPLETE
14986,0.825,2026-04-09 22:58:29.975485,2026-04-09 22:59:04.240736,0 days 00:00:34.265251,453.0,2.0,122.1,155.9,0.46,COMPLETE
14987,0.6875,2026-04-09 22:59:04.262071,2026-04-09 22:59:11.415404,0 days 00:00:07.153333,425.0,2.0,117.1,156.9,0.75,COMPLETE
14988,0.825,2026-04-09 22:59:11.436531,2026-04-09 22:59:45.710731,0 days 00:00:34.274200,300.0,2.0,119.8,155.1,0.26,COMPLETE
14989,0.6875,2026-04-09 22:59:45.731893,2026-04-09 22:59:52.712955,0 days 00:00:06.981062,238.0,2.0,123.1,153.9,0.03,COMPLETE
14990,0.825,2026-04-09 22:59:52.732550,2026-04-09 23:00:26.929612,0 days 00:00:34.197062,371.0,1.0,118.1,154.8,0.28,COMPLETE
14991,0.6875,2026-04-09 23:00:26.950779,2026-04-09 23:00:33.597994,0 days 00:00:06.647215,398.0,1.0,117.6,154.8,0.52,COMPLETE
14992,0.6875,2026-04-09 23:00:33.619938,2026-04-09 23:00:40.471077,0 days 00:00:06.851139,389.0,1.0,114.5,153.0,0.0,COMPLETE
14993,0.6875,2026-04-09 23:00:40.491134,2026-04-09 23:00:48.194713,0 days 00:00:07.703579,412.0,2.0,124.0,156.4,0.6900000000000001,COMPLETE
14994,0.671875,2026-04-09 23:00:48.215151,2026-04-09 23:00:55.339937,0 days 00:00:07.124786,326.0,1.0,123.3,153.6,0.38,COMPLETE
14995,0.6875,2026-04-09 23:00:55.362367,2026-04-09 23:01:02.797118,0 days 00:00:07.434751,354.0,1.0,115.6,158.4,0.22,COMPLETE
14996,0.6875,2026-04-09 23:01:02.817686,2026-04-09 23:01:09.936881,0 days 00:00:07.119195,423.0,2.0,117.0,151.5,0.32,COMPLETE
14997,0.6875,2026-04-09 23:01:09.956734,2026-04-09 23:01:17.038731,0 days 00:00:07.081997,236.0,2.0,118.3,152.9,0.25,COMPLETE
14998,0.825,2026-04-09 23:01:17.059894,2026-04-09 23:01:51.409446,0 days 00:00:34.349552,411.0,1.0,119.0,157.1,0.46,COMPLETE
14999,0.6875,2026-04-09 23:01:51.430831,2026-04-09 23:01:58.631200,0 days 00:00:07.200369,444.0,1.0,113.1,153.9,0.17,COMPLETE
15000,0.6875,2026-04-09 23:01:58.650757,2026-04-09 23:02:05.649775,0 days 00:00:06.999018,443.0,1.0,118.9,152.4,0.26,COMPLETE
15001,0.6875,2026-04-09 23:02:05.672335,2026-04-09 23:02:12.513440,0 days 00:00:06.841105,353.0,1.0,117.4,153.7,0.56,COMPLETE
15002,0.6875,2026-04-09 23:02:12.534420,2026-04-09 23:02:19.053617,0 days 00:00:06.519197,463.0,1.0,116.8,154.6,0.45,COMPLETE
15003,0.825,2026-04-09 23:02:19.074402,2026-04-09 23:02:53.357519,0 days 00:00:34.283117,495.0,2.0,119.8,156.0,0.92,COMPLETE
15004,0.825,2026-04-09 23:02:53.379447,2026-04-09 23:03:27.690250,0 days 00:00:34.310803,360.0,1.0,119.7,154.6,0.26,COMPLETE
15005,0.825,2026-04-09 23:03:27.709765,2026-04-09 23:04:01.492275,0 days 00:00:33.782510,479.0,2.0,120.0,155.3,0.0,COMPLETE
15006,0.6875,2026-04-09 23:04:01.514425,2026-04-09 23:04:08.570981,0 days 00:00:07.056556,461.0,1.0,115.5,154.9,0.25,COMPLETE
15007,0.6875,2026-04-09 23:04:08.592479,2026-04-09 23:04:15.377062,0 days 00:00:06.784583,418.0,1.0,115.3,152.6,0.2,COMPLETE
15008,0.6875,2026-04-09 23:04:15.398000,2026-04-09 23:04:22.226091,0 days 00:00:06.828091,409.0,2.0,117.6,155.0,0.23,COMPLETE
15009,0.6875,2026-04-09 23:04:22.246886,2026-04-09 23:04:29.217929,0 days 00:00:06.971043,429.0,1.0,115.6,150.9,0.72,COMPLETE
15010,0.6875,2026-04-09 23:04:29.237522,2026-04-09 23:04:36.459447,0 days 00:00:07.221925,221.0,2.0,116.6,149.6,1.96,COMPLETE
15011,0.6875,2026-04-09 23:04:36.480150,2026-04-09 23:04:43.450879,0 days 00:00:06.970729,455.0,1.0,115.3,153.6,0.43,COMPLETE
15012,0.6875,2026-04-09 23:04:43.469652,2026-04-09 23:04:50.311116,0 days 00:00:06.841464,348.0,1.0,115.7,154.1,0.01,COMPLETE
15013,0.6875,2026-04-09 23:04:50.330956,2026-04-09 23:04:57.094947,0 days 00:00:06.763991,342.0,1.0,116.5,156.2,0.22,COMPLETE
15014,0.6875,2026-04-09 23:04:57.116581,2026-04-09 23:05:04.248078,0 days 00:00:07.131497,498.0,1.0,121.9,154.1,0.25,COMPLETE
15015,0.6875,2026-04-09 23:05:04.267364,2026-04-09 23:05:11.077374,0 days 00:00:06.810010,489.0,3.0,120.5,156.8,1.71,COMPLETE
15016,0.6875,2026-04-09 23:05:11.098719,2026-04-09 23:05:18.203653,0 days 00:00:07.104934,292.0,2.0,120.2,158.2,0.03,COMPLETE
15017,0.6875,2026-04-09 23:05:18.221555,2026-04-09 23:05:25.908999,0 days 00:00:07.687444,229.0,2.0,123.1,153.0,0.66,COMPLETE
15018,0.825,2026-04-09 23:05:25.931060,2026-04-09 23:05:59.970080,0 days 00:00:34.039020,453.0,2.0,121.9,155.8,0.72,COMPLETE
15019,0.6875,2026-04-09 23:05:59.990476,2026-04-09 23:06:07.506974,0 days 00:00:07.516498,468.0,2.0,114.9,154.9,0.53,COMPLETE
15020,0.825,2026-04-09 23:06:07.527979,2026-04-09 23:06:41.708011,0 days 00:00:34.180032,420.0,2.0,117.8,152.7,0.0,COMPLETE
15021,0.6875,2026-04-09 23:06:41.729686,2026-04-09 23:06:49.291219,0 days 00:00:07.561533,387.0,2.0,125.8,151.3,0.72,COMPLETE
15022,0.6875,2026-04-09 23:06:49.311821,2026-04-09 23:06:57.514660,0 days 00:00:08.202839,158.0,1.0,118.2,148.9,1.53,COMPLETE
15023,0.6875,2026-04-09 23:06:57.537626,2026-04-09 23:07:05.280100,0 days 00:00:07.742474,202.0,2.0,124.0,157.0,0.07,COMPLETE
15024,0.6875,2026-04-09 23:07:05.300224,2026-04-09 23:07:12.930057,0 days 00:00:07.629833,422.0,2.0,114.6,156.0,0.24,COMPLETE
15025,0.825,2026-04-09 23:07:12.951989,2026-04-09 23:07:26.790544,0 days 00:00:13.838555,342.0,1.0,117.1,152.7,0.01,COMPLETE
15026,0.6875,2026-04-09 23:07:26.813503,2026-04-09 23:07:33.749377,0 days 00:00:06.935874,407.0,1.0,117.6,155.0,0.31,COMPLETE
15027,0.6875,2026-04-09 23:07:33.768086,2026-04-09 23:07:40.509670,0 days 00:00:06.741584,421.0,1.0,115.8,154.4,0.24,COMPLETE
15028,0.6875,2026-04-09 23:07:40.528707,2026-04-09 23:07:48.498465,0 days 00:00:07.969758,267.0,1.0,124.5,159.7,0.34,COMPLETE
15029,0.825,2026-04-09 23:07:48.518189,2026-04-09 23:08:23.355471,0 days 00:00:34.837282,441.0,1.0,116.6,155.2,0.0,COMPLETE
15030,0.6875,2026-04-09 23:08:23.377846,2026-04-09 23:08:30.892377,0 days 00:00:07.514531,311.0,2.0,122.0,153.9,0.29,COMPLETE
15031,0.6875,2026-04-09 23:08:30.912719,2026-04-09 23:08:37.879504,0 days 00:00:06.966785,256.0,2.0,123.7,154.8,0.27,COMPLETE
15032,0.6875,2026-04-09 23:08:37.899039,2026-04-09 23:08:44.680560,0 days 00:00:06.781521,446.0,1.0,122.7,151.9,0.59,COMPLETE
15033,0.6875,2026-04-09 23:08:44.701516,2026-04-09 23:08:52.168069,0 days 00:00:07.466553,416.0,1.0,118.5,158.7,0.68,COMPLETE
15034,0.825,2026-04-09 23:08:52.188694,2026-04-09 23:08:58.184685,0 days 00:00:05.995991,282.0,2.0,124.7,154.9,0.21,COMPLETE
15035,0.6875,2026-04-09 23:08:58.206075,2026-04-09 23:09:05.632955,0 days 00:00:07.426880,494.0,1.0,118.3,158.2,0.0,COMPLETE
15036,0.6875,2026-04-09 23:09:05.653654,2026-04-09 23:09:13.159041,0 days 00:00:07.505387,470.0,1.0,114.2,150.5,0.0,COMPLETE
15037,0.825,2026-04-09 23:09:13.179859,2026-04-09 23:09:48.336317,0 days 00:00:35.156458,286.0,2.0,121.6,156.7,0.25,COMPLETE
15038,0.6875,2026-04-09 23:09:48.357415,2026-04-09 23:09:55.520111,0 days 00:00:07.162696,411.0,1.0,116.6,156.3,0.26,COMPLETE
15039,0.6875,2026-04-09 23:09:55.541099,2026-04-09 23:10:02.797965,0 days 00:00:07.256866,239.0,2.0,121.3,155.4,0.51,COMPLETE
15040,0.6875,2026-04-09 23:10:02.820104,2026-04-09 23:10:10.071896,0 days 00:00:07.251792,245.0,1.0,125.8,159.8,1.51,COMPLETE
15041,0.6875,2026-04-09 23:10:10.090885,2026-04-09 23:10:18.046238,0 days 00:00:07.955353,390.0,1.0,115.0,155.2,0.0,COMPLETE
15042,0.6875,2026-04-09 23:10:18.067730,2026-04-09 23:10:25.119803,0 days 00:00:07.052073,318.0,2.0,114.8,154.8,1.57,COMPLETE
15043,0.6875,2026-04-09 23:10:25.141351,2026-04-09 23:10:32.066856,0 days 00:00:06.925505,395.0,1.0,113.1,158.1,0.01,COMPLETE
15044,0.6875,2026-04-09 23:10:32.089630,2026-04-09 23:10:38.998161,0 days 00:00:06.908531,497.0,3.0,116.2,155.9,0.64,COMPLETE
15045,0.6875,2026-04-09 23:10:39.017581,2026-04-09 23:10:45.847235,0 days 00:00:06.829654,427.0,1.0,117.0,153.5,0.22,COMPLETE
15046,0.6875,2026-04-09 23:10:45.866883,2026-04-09 23:10:53.411996,0 days 00:00:07.545113,288.0,1.0,125.1,157.0,0.1,COMPLETE
15047,0.6875,2026-04-09 23:10:53.432180,2026-04-09 23:11:00.819957,0 days 00:00:07.387777,450.0,2.0,116.3,155.1,0.27,COMPLETE
15048,0.6875,2026-04-09 23:11:00.838765,2026-04-09 23:11:07.550526,0 days 00:00:06.711761,356.0,2.0,115.6,155.9,0.25,COMPLETE
15049,0.825,2026-04-09 23:11:07.571717,2026-04-09 23:11:14.823333,0 days 00:00:07.251616,382.0,3.0,117.2,153.9,0.02,COMPLETE
15050,0.6875,2026-04-09 23:11:14.842295,2026-04-09 23:11:22.330090,0 days 00:00:07.487795,260.0,1.0,124.6,154.0,0.97,COMPLETE
15051,0.6875,2026-04-09 23:11:22.350427,2026-04-09 23:11:29.889372,0 days 00:00:07.538945,453.0,1.0,114.6,153.1,0.0,COMPLETE
15052,0.6875,2026-04-09 23:11:29.909347,2026-04-09 23:11:37.466467,0 days 00:00:07.557120,301.0,1.0,119.1,160.0,0.36,COMPLETE
15053,0.825,2026-04-09 23:11:37.487098,2026-04-09 23:12:11.960835,0 days 00:00:34.473737,387.0,2.0,123.3,156.1,0.29,COMPLETE
15054,0.825,2026-04-09 23:12:11.980641,2026-04-09 23:12:45.739605,0 days 00:00:33.758964,486.0,3.0,123.5,156.1,0.26,COMPLETE
15055,0.6875,2026-04-09 23:12:45.761180,2026-04-09 23:12:53.243340,0 days 00:00:07.482160,351.0,2.0,118.2,153.3,0.5,COMPLETE
15056,0.825,2026-04-09 23:12:53.264643,2026-04-09 23:13:27.965129,0 days 00:00:34.700486,446.0,2.0,117.5,156.4,0.0,COMPLETE
15057,0.6875,2026-04-09 23:13:27.985386,2026-04-09 23:13:35.464849,0 days 00:00:07.479463,266.0,2.0,122.3,154.1,0.19,COMPLETE
15058,0.6875,2026-04-09 23:13:35.486488,2026-04-09 23:13:42.502763,0 days 00:00:07.016275,458.0,1.0,117.6,155.8,0.45,COMPLETE
15059,0.6875,2026-04-09 23:13:42.521908,2026-04-09 23:13:50.112241,0 days 00:00:07.590333,222.0,3.0,122.8,155.3,1.07,COMPLETE
15060,0.6875,2026-04-09 23:13:50.133752,2026-04-09 23:13:57.715730,0 days 00:00:07.581978,297.0,2.0,113.6,155.3,0.36,COMPLETE
15061,0.6875,2026-04-09 23:13:57.735916,2026-04-09 23:14:05.383358,0 days 00:00:07.647442,277.0,2.0,123.0,156.2,0.48,COMPLETE
15062,0.6875,2026-04-09 23:14:05.405810,2026-04-09 23:14:12.552423,0 days 00:00:07.146613,365.0,1.0,117.6,153.9,0.0,COMPLETE
15063,0.6875,2026-04-09 23:14:12.572831,2026-04-09 23:14:19.451151,0 days 00:00:06.878320,417.0,1.0,121.0,153.0,0.55,COMPLETE
15064,0.6875,2026-04-09 23:14:19.470033,2026-04-09 23:14:26.788547,0 days 00:00:07.318514,386.0,1.0,114.5,155.9,0.37,COMPLETE
15065,0.6875,2026-04-09 23:14:26.811202,2026-04-09 23:14:33.776779,0 days 00:00:06.965577,397.0,1.0,117.6,153.2,0.38,COMPLETE
15066,0.6875,2026-04-09 23:14:33.797262,2026-04-09 23:14:40.662763,0 days 00:00:06.865501,396.0,1.0,115.4,151.3,0.21,COMPLETE
15067,0.6875,2026-04-09 23:14:40.685497,2026-04-09 23:14:47.445228,0 days 00:00:06.759731,395.0,1.0,117.4,152.2,0.22,COMPLETE
15068,0.6875,2026-04-09 23:14:47.465817,2026-04-09 23:14:54.904807,0 days 00:00:07.438990,445.0,3.0,124.5,155.8,0.6,COMPLETE
15069,0.6875,2026-04-09 23:14:54.927491,2026-04-09 23:15:02.529333,0 days 00:00:07.601842,432.0,1.0,115.2,155.9,0.71,COMPLETE
15070,0.6875,2026-04-09 23:15:02.547855,2026-04-09 23:15:09.740992,0 days 00:00:07.193137,427.0,1.0,121.2,155.6,0.48,COMPLETE
15071,0.825,2026-04-09 23:15:09.761755,2026-04-09 23:15:43.924477,0 days 00:00:34.162722,425.0,1.0,117.9,153.3,0.05,COMPLETE
15072,0.825,2026-04-09 23:15:43.947805,2026-04-09 23:16:18.470513,0 days 00:00:34.522708,500.0,2.0,122.7,156.8,0.56,COMPLETE
15073,0.6875,2026-04-09 23:16:18.489806,2026-04-09 23:16:26.208622,0 days 00:00:07.718816,386.0,1.0,115.6,154.2,0.23,COMPLETE
15074,0.6875,2026-04-09 23:16:26.229847,2026-04-09 23:16:32.889287,0 days 00:00:06.659440,362.0,1.0,116.3,155.7,0.22,COMPLETE
15075,0.6875,2026-04-09 23:16:32.909604,2026-04-09 23:16:39.710025,0 days 00:00:06.800421,320.0,1.0,115.8,152.5,0.16,COMPLETE
15076,0.375,2026-04-09 23:16:39.730306,2026-04-09 23:16:46.251767,0 days 00:00:06.521461,464.0,1.0,116.0,152.9,0.3,COMPLETE
15077,0.6875,2026-04-09 23:16:46.274671,2026-04-09 23:16:54.066343,0 days 00:00:07.791672,493.0,3.0,123.9,159.3,0.6900000000000001,COMPLETE
15078,0.6875,2026-04-09 23:16:54.086350,2026-04-09 23:17:01.782147,0 days 00:00:07.695797,455.0,1.0,114.5,156.3,0.44,COMPLETE
15079,0.6875,2026-04-09 23:17:01.804168,2026-04-09 23:17:08.902774,0 days 00:00:07.098606,359.0,1.0,117.3,156.0,0.29,COMPLETE
15080,0.6875,2026-04-09 23:17:08.922315,2026-04-09 23:17:16.306733,0 days 00:00:07.384418,318.0,2.0,124.8,154.4,0.5,COMPLETE
15081,0.6875,2026-04-09 23:17:16.330644,2026-04-09 23:17:23.535034,0 days 00:00:07.204390,385.0,1.0,118.5,153.3,0.21,COMPLETE
15082,0.6875,2026-04-09 23:17:23.554754,2026-04-09 23:17:30.283539,0 days 00:00:06.728785,444.0,2.0,119.9,154.0,0.36,COMPLETE
15083,0.6875,2026-04-09 23:17:30.304732,2026-04-09 23:17:37.143119,0 days 00:00:06.838387,385.0,2.0,116.5,153.7,0.66,COMPLETE
15084,0.825,2026-04-09 23:17:37.163214,2026-04-09 23:18:12.153910,0 days 00:00:34.990696,290.0,2.0,125.1,153.1,0.01,COMPLETE
15085,0.6875,2026-04-09 23:18:12.176809,2026-04-09 23:18:19.018870,0 days 00:00:06.842061,254.0,3.0,123.3,153.0,0.26,COMPLETE
15086,0.6875,2026-04-09 23:18:19.041724,2026-04-09 23:18:26.401335,0 days 00:00:07.359611,431.0,1.0,117.2,157.0,0.22,COMPLETE
15087,0.6875,2026-04-09 23:18:26.425095,2026-04-09 23:18:33.275229,0 days 00:00:06.850134,433.0,1.0,115.3,154.1,0.21,COMPLETE
15088,0.6875,2026-04-09 23:18:33.296702,2026-04-09 23:18:40.021100,0 days 00:00:06.724398,495.0,1.0,114.3,155.6,0.01,COMPLETE
15089,0.6875,2026-04-09 23:18:40.041648,2026-04-09 23:18:47.090811,0 days 00:00:07.049163,481.0,1.0,117.3,151.7,0.58,COMPLETE
15090,0.6875,2026-04-09 23:18:47.113100,2026-04-09 23:18:54.203848,0 days 00:00:07.090748,432.0,2.0,114.8,156.5,0.01,COMPLETE
15091,0.6875,2026-04-09 23:18:54.223382,2026-04-09 23:19:01.821686,0 days 00:00:07.598304,321.0,2.0,122.1,155.3,0.5,COMPLETE
15092,0.825,2026-04-09 23:19:01.841851,2026-04-09 23:19:36.143265,0 days 00:00:34.301414,410.0,1.0,117.6,156.2,0.01,COMPLETE
15093,0.6875,2026-04-09 23:19:36.166265,2026-04-09 23:19:43.016529,0 days 00:00:06.850264,480.0,2.0,117.2,158.4,0.26,COMPLETE
15094,0.6875,2026-04-09 23:19:43.036676,2026-04-09 23:19:50.098265,0 days 00:00:07.061589,390.0,1.0,116.9,155.0,0.61,COMPLETE
15095,0.825,2026-04-09 23:19:50.120311,2026-04-09 23:20:24.242628,0 days 00:00:34.122317,395.0,1.0,119.3,155.8,0.01,COMPLETE
15096,0.6875,2026-04-09 23:20:24.263675,2026-04-09 23:20:31.354065,0 days 00:00:07.090390,307.0,2.0,117.2,156.0,0.03,COMPLETE
15097,0.825,2026-04-09 23:20:31.377084,2026-04-09 23:21:05.213466,0 days 00:00:33.836382,302.0,1.0,117.7,156.7,0.03,COMPLETE
15098,0.825,2026-04-09 23:21:05.236168,2026-04-09 23:21:39.503125,0 days 00:00:34.266957,415.0,1.0,120.4,152.4,0.01,COMPLETE
15099,0.825,2026-04-09 23:21:39.524853,2026-04-09 23:22:13.305606,0 days 00:00:33.780753,388.0,1.0,120.1,152.8,0.17,COMPLETE
15100,0.6875,2026-04-09 23:22:13.328103,2026-04-09 23:22:20.785376,0 days 00:00:07.457273,234.0,1.0,115.4,154.9,0.48,COMPLETE
15101,0.825,2026-04-09 23:22:20.805424,2026-04-09 23:22:55.346735,0 days 00:00:34.541311,261.0,2.0,122.0,156.5,0.27,COMPLETE
15102,0.825,2026-04-09 23:22:55.368815,2026-04-09 23:23:11.902438,0 days 00:00:16.533623,396.0,1.0,126.6,155.4,0.12,COMPLETE
15103,0.6875,2026-04-09 23:23:11.924497,2026-04-09 23:23:19.526829,0 days 00:00:07.602332,430.0,1.0,116.3,156.7,0.5,COMPLETE
15104,0.6875,2026-04-09 23:23:19.547600,2026-04-09 23:23:26.194202,0 days 00:00:06.646602,404.0,3.0,117.4,155.1,1.26,COMPLETE
15105,0.6875,2026-04-09 23:23:26.216758,2026-04-09 23:23:33.249043,0 days 00:00:07.032285,459.0,2.0,122.9,152.9,0.27,COMPLETE
15106,0.825,2026-04-09 23:23:33.269444,2026-04-09 23:24:07.739089,0 days 00:00:34.469645,483.0,2.0,116.7,155.2,0.03,COMPLETE
