number,value,datetime_start,datetime_complete,duration,params_voltage,params_width,params_x,params_y,params_z,state
1737,0.6875,2026-04-04 23:21:14.998351,2026-04-04 23:21:22.281210,0 days 00:00:07.282859,279.0,2.0,116.5,149.3,1.34,COMPLETE
1738,0.825,2026-04-04 23:21:22.295287,2026-04-04 23:21:56.574386,0 days 00:00:34.279099,497.0,3.0,121.0,152.4,0.09,COMPLETE
1739,0.6875,2026-04-04 23:21:56.588061,2026-04-04 23:22:03.270865,0 days 00:00:06.682804,418.0,3.0,120.3,153.0,0.55,COMPLETE
1740,0.6875,2026-04-04 23:22:03.283873,2026-04-04 23:22:10.513006,0 days 00:00:07.229133,313.0,3.0,118.8,159.3,1.1,COMPLETE
1741,0.6875,2026-04-04 23:22:10.526094,2026-04-04 23:22:16.972583,0 days 00:00:06.446489,343.0,2.0,117.4,159.7,1.42,COMPLETE
1742,0.6875,2026-04-04 23:22:16.985647,2026-04-04 23:22:24.807852,0 days 00:00:07.822205,402.0,3.0,126.1,151.0,0.52,COMPLETE
1743,0.825,2026-04-04 23:22:24.821237,2026-04-04 23:22:59.318044,0 days 00:00:34.496807,499.0,2.0,123.2,156.5,0.54,COMPLETE
1744,0.825,2026-04-04 23:22:59.331001,2026-04-04 23:23:04.684388,0 days 00:00:05.353387,317.0,1.0,124.7,154.2,0.33,COMPLETE
1745,0.6875,2026-04-04 23:23:04.697678,2026-04-04 23:23:11.769387,0 days 00:00:07.071709,234.0,2.0,123.4,158.7,1.18,COMPLETE
1746,0.6875,2026-04-04 23:23:11.781581,2026-04-04 23:23:18.527175,0 days 00:00:06.745594,460.0,2.0,120.6,155.2,0.56,COMPLETE
1747,0.825,2026-04-04 23:23:18.540767,2026-04-04 23:23:52.790801,0 days 00:00:34.250034,417.0,3.0,122.8,150.9,0.18,COMPLETE
1748,0.671875,2026-04-04 23:23:52.804737,2026-04-04 23:24:00.007391,0 days 00:00:07.202654,336.0,1.0,119.4,154.3,0.39,COMPLETE
1749,0.825,2026-04-04 23:24:00.020830,2026-04-04 23:24:34.280143,0 days 00:00:34.259313,324.0,1.0,124.4,154.4,0.03,COMPLETE
1750,0.6875,2026-04-04 23:24:34.293736,2026-04-04 23:24:41.347560,0 days 00:00:07.053824,329.0,1.0,117.9,154.3,0.54,COMPLETE
1751,0.825,2026-04-04 23:24:41.360611,2026-04-04 23:25:15.240479,0 days 00:00:33.879868,423.0,1.0,119.2,155.3,0.59,COMPLETE
1752,0.6875,2026-04-04 23:25:15.254019,2026-04-04 23:25:21.943053,0 days 00:00:06.689034,415.0,1.0,116.9,153.2,0.4,COMPLETE
1753,0.6875,2026-04-04 23:25:21.956303,2026-04-04 23:25:29.003130,0 days 00:00:07.046827,295.0,1.0,121.7,154.1,0.7000000000000001,COMPLETE
1754,0.6875,2026-04-04 23:25:29.016608,2026-04-04 23:25:35.805430,0 days 00:00:06.788822,362.0,1.0,121.3,157.7,0.36,COMPLETE
1755,0.6875,2026-04-04 23:25:35.818690,2026-04-04 23:25:42.912698,0 days 00:00:07.094008,500.0,1.0,115.8,154.7,0.51,COMPLETE
1756,0.825,2026-04-04 23:25:42.923485,2026-04-04 23:26:17.185409,0 days 00:00:34.261924,478.0,1.0,121.5,152.3,0.1,COMPLETE
1757,0.6875,2026-04-04 23:26:17.198751,2026-04-04 23:26:23.914873,0 days 00:00:06.716122,494.0,1.0,118.0,153.5,1.3900000000000001,COMPLETE
1758,0.6875,2026-04-04 23:26:23.927918,2026-04-04 23:26:31.105131,0 days 00:00:07.177213,291.0,2.0,123.6,154.8,0.3,COMPLETE
1759,0.6875,2026-04-04 23:26:31.118028,2026-04-04 23:26:37.889863,0 days 00:00:06.771835,274.0,1.0,118.9,155.0,0.84,COMPLETE
1760,0.6875,2026-04-04 23:26:37.902960,2026-04-04 23:26:44.577863,0 days 00:00:06.674903,361.0,1.0,118.4,152.2,0.59,COMPLETE
1761,0.6875,2026-04-04 23:26:44.591100,2026-04-04 23:26:51.681116,0 days 00:00:07.090016,303.0,1.0,121.1,151.4,0.8,COMPLETE
1762,0.6875,2026-04-04 23:26:51.694274,2026-04-04 23:26:58.489563,0 days 00:00:06.795289,306.0,1.0,120.6,155.3,0.38,COMPLETE
1763,0.6875,2026-04-04 23:26:58.499690,2026-04-04 23:27:05.026090,0 days 00:00:06.526400,301.0,1.0,119.7,155.0,0.68,COMPLETE
1764,0.6875,2026-04-04 23:27:05.039332,2026-04-04 23:27:12.264560,0 days 00:00:07.225228,195.0,2.0,116.0,159.9,0.9400000000000001,COMPLETE
1765,0.825,2026-04-04 23:27:12.276267,2026-04-04 23:27:46.525852,0 days 00:00:34.249585,273.0,2.0,119.6,156.1,0.39,COMPLETE
1766,0.825,2026-04-04 23:27:46.535798,2026-04-04 23:28:20.326367,0 days 00:00:33.790569,304.0,1.0,119.6,155.5,0.46,COMPLETE
1767,0.6875,2026-04-04 23:28:20.339563,2026-04-04 23:28:27.066269,0 days 00:00:06.726706,301.0,1.0,120.0,153.8,0.3,COMPLETE
1768,0.825,2026-04-04 23:28:27.079600,2026-04-04 23:29:00.765568,0 days 00:00:33.685968,390.0,1.0,118.9,154.1,0.1,COMPLETE
1769,0.6875,2026-04-04 23:29:00.775987,2026-04-04 23:29:07.542084,0 days 00:00:06.766097,390.0,1.0,117.9,155.3,0.8300000000000001,COMPLETE
1770,0.6875,2026-04-04 23:29:07.555813,2026-04-04 23:29:14.275538,0 days 00:00:06.719725,348.0,1.0,120.9,153.2,0.44,COMPLETE
1771,0.825,2026-04-04 23:29:14.288522,2026-04-04 23:29:48.128269,0 days 00:00:33.839747,365.0,1.0,118.3,155.1,0.64,COMPLETE
1772,0.6875,2026-04-04 23:29:48.141606,2026-04-04 23:29:54.843916,0 days 00:00:06.702310,498.0,1.0,115.8,156.4,0.96,COMPLETE
1773,0.6875,2026-04-04 23:29:54.856883,2026-04-04 23:30:01.672292,0 days 00:00:06.815409,488.0,1.0,113.2,152.3,0.92,COMPLETE
1774,0.825,2026-04-04 23:30:01.685270,2026-04-04 23:30:36.519027,0 days 00:00:34.833757,319.0,1.0,119.3,155.9,0.07,COMPLETE
1775,0.6875,2026-04-04 23:30:36.528109,2026-04-04 23:30:43.419479,0 days 00:00:06.891370,259.0,2.0,118.5,157.9,0.97,COMPLETE
1776,0.6875,2026-04-04 23:30:43.432935,2026-04-04 23:30:50.366560,0 days 00:00:06.933625,250.0,1.0,117.6,152.0,0.23,COMPLETE
1777,0.6875,2026-04-04 23:30:50.380427,2026-04-04 23:30:57.142113,0 days 00:00:06.761686,436.0,3.0,121.1,154.7,0.39,COMPLETE
1778,0.6875,2026-04-04 23:30:57.155288,2026-04-04 23:31:03.801453,0 days 00:00:06.646165,278.0,1.0,122.2,154.5,0.48,COMPLETE
1779,0.6875,2026-04-04 23:31:03.814593,2026-04-04 23:31:10.428534,0 days 00:00:06.613941,315.0,1.0,119.8,153.8,0.53,COMPLETE
1780,0.825,2026-04-04 23:31:10.441993,2026-04-04 23:31:44.643764,0 days 00:00:34.201771,437.0,3.0,123.0,155.6,0.06,COMPLETE
1781,0.6875,2026-04-04 23:31:44.656627,2026-04-04 23:31:51.810486,0 days 00:00:07.153859,485.0,3.0,121.3,148.7,0.03,COMPLETE
1782,0.6875,2026-04-04 23:31:51.822630,2026-04-04 23:31:58.858618,0 days 00:00:07.035988,332.0,1.0,121.8,153.8,0.04,COMPLETE
1783,0.6875,2026-04-04 23:31:58.871468,2026-04-04 23:32:06.184453,0 days 00:00:07.312985,306.0,2.0,118.9,159.8,1.9000000000000001,COMPLETE
1784,0.6875,2026-04-04 23:32:06.198027,2026-04-04 23:32:13.112418,0 days 00:00:06.914391,451.0,2.0,117.2,155.6,0.45,COMPLETE
1785,0.6875,2026-04-04 23:32:13.121883,2026-04-04 23:32:20.112583,0 days 00:00:06.990700,347.0,1.0,120.9,155.7,0.59,COMPLETE
1786,0.825,2026-04-04 23:32:20.125269,2026-04-04 23:32:26.046619,0 days 00:00:05.921350,464.0,3.0,124.3,153.6,0.31,COMPLETE
1787,0.6875,2026-04-04 23:32:26.060407,2026-04-04 23:32:32.799553,0 days 00:00:06.739146,402.0,1.0,126.1,154.7,0.41000000000000003,COMPLETE
1788,0.6875,2026-04-04 23:32:32.811731,2026-04-04 23:32:39.920997,0 days 00:00:07.109266,382.0,2.0,121.6,150.8,0.48,COMPLETE
1789,0.6875,2026-04-04 23:32:39.934128,2026-04-04 23:32:47.030276,0 days 00:00:07.096148,354.0,2.0,120.3,157.7,0.28,COMPLETE
1790,0.825,2026-04-04 23:32:47.043441,2026-04-04 23:33:21.133917,0 days 00:00:34.090476,369.0,2.0,123.0,153.4,0.17,COMPLETE
1791,0.6875,2026-04-04 23:33:21.147287,2026-04-04 23:33:27.980412,0 days 00:00:06.833125,305.0,1.0,125.2,155.5,0.65,COMPLETE
1792,0.0,2026-04-04 23:33:27.990709,2026-04-04 23:33:34.723391,0 days 00:00:06.732682,383.0,1.0,122.0,154.1,0.25,COMPLETE
1793,0.6875,2026-04-04 23:33:34.736353,2026-04-04 23:33:41.225681,0 days 00:00:06.489328,367.0,1.0,120.2,154.3,0.53,COMPLETE
1794,0.825,2026-04-04 23:33:41.239104,2026-04-04 23:34:14.883519,0 days 00:00:33.644415,410.0,1.0,120.8,154.4,0.27,COMPLETE
1795,0.6875,2026-04-04 23:34:14.896975,2026-04-04 23:34:22.150020,0 days 00:00:07.253045,218.0,1.0,120.0,152.7,0.06,COMPLETE
1796,0.6875,2026-04-04 23:34:22.160203,2026-04-04 23:34:28.502220,0 days 00:00:06.342017,379.0,1.0,120.2,153.2,0.11,COMPLETE
1797,0.6875,2026-04-04 23:34:28.515180,2026-04-04 23:34:35.342113,0 days 00:00:06.826933,371.0,2.0,122.7,150.9,1.95,COMPLETE
1798,0.6875,2026-04-04 23:34:35.356152,2026-04-04 23:34:42.090305,0 days 00:00:06.734153,336.0,1.0,120.9,153.7,0.22,COMPLETE
1799,0.825,2026-04-04 23:34:42.103670,2026-04-04 23:35:16.077813,0 days 00:00:33.974143,374.0,1.0,122.1,153.5,0.06,COMPLETE
1800,0.0,2026-04-04 23:35:16.090806,2026-04-04 23:35:22.649137,0 days 00:00:06.558331,409.0,1.0,122.3,154.9,0.34,COMPLETE
1801,0.825,2026-04-04 23:35:22.662127,2026-04-04 23:35:56.531350,0 days 00:00:33.869223,480.0,1.0,123.4,154.2,0.1,COMPLETE
1802,0.6875,2026-04-04 23:35:56.544788,2026-04-04 23:36:03.281135,0 days 00:00:06.736347,358.0,1.0,123.4,155.0,0.68,COMPLETE
1803,0.825,2026-04-04 23:36:03.294360,2026-04-04 23:36:37.231949,0 days 00:00:33.937589,358.0,1.0,123.2,156.7,0.5,COMPLETE
1804,0.825,2026-04-04 23:36:37.244815,2026-04-04 23:37:11.044451,0 days 00:00:33.799636,418.0,1.0,121.6,156.1,0.59,COMPLETE
1805,0.6875,2026-04-04 23:37:11.057116,2026-04-04 23:37:18.405363,0 days 00:00:07.348247,314.0,3.0,116.5,158.6,0.55,COMPLETE
1806,0.6875,2026-04-04 23:37:18.419195,2026-04-04 23:37:25.683855,0 days 00:00:07.264660,388.0,1.0,122.8,154.9,0.42,COMPLETE
1807,0.6875,2026-04-04 23:37:25.697699,2026-04-04 23:37:32.244774,0 days 00:00:06.547075,409.0,1.0,123.0,152.7,0.52,COMPLETE
1808,0.825,2026-04-04 23:37:32.258113,2026-04-04 23:38:06.562962,0 days 00:00:34.304849,334.0,1.0,120.0,156.4,0.14,COMPLETE
1809,0.825,2026-04-04 23:38:06.576383,2026-04-04 23:38:40.607600,0 days 00:00:34.031217,408.0,1.0,122.8,155.4,0.16,COMPLETE
1810,0.6875,2026-04-04 23:38:40.620656,2026-04-04 23:38:47.199555,0 days 00:00:06.578899,453.0,1.0,121.7,154.5,0.7000000000000001,COMPLETE
1811,0.825,2026-04-04 23:38:47.212654,2026-04-04 23:39:21.320319,0 days 00:00:34.107665,396.0,1.0,123.8,154.5,0.18,COMPLETE
1812,0.6875,2026-04-04 23:39:21.333203,2026-04-04 23:39:28.177119,0 days 00:00:06.843916,401.0,1.0,121.2,154.5,0.36,COMPLETE
1813,0.825,2026-04-04 23:39:28.190122,2026-04-04 23:40:24.056569,0 days 00:00:55.866447,429.0,1.0,125.8,154.1,0.01,COMPLETE
1814,0.6875,2026-04-04 23:40:24.069548,2026-04-04 23:40:31.137438,0 days 00:00:07.067890,366.0,1.0,123.8,152.7,0.5,COMPLETE
1815,0.825,2026-04-04 23:40:31.150059,2026-04-04 23:41:05.499553,0 days 00:00:34.349494,461.0,1.0,118.9,155.2,0.03,COMPLETE
1816,0.6875,2026-04-04 23:41:05.512256,2026-04-04 23:41:12.216691,0 days 00:00:06.704435,398.0,1.0,121.3,155.7,0.33,COMPLETE
1817,0.825,2026-04-04 23:41:12.230322,2026-04-04 23:41:46.232109,0 days 00:00:34.001787,367.0,2.0,123.6,155.2,0.01,COMPLETE
1818,0.6875,2026-04-04 23:41:46.245347,2026-04-04 23:41:53.408931,0 days 00:00:07.163584,283.0,1.0,121.0,155.6,0.0,COMPLETE
1819,0.6875,2026-04-04 23:41:53.422328,2026-04-04 23:41:59.967255,0 days 00:00:06.544927,438.0,1.0,120.5,153.3,0.43,COMPLETE
1820,0.825,2026-04-04 23:41:59.980930,2026-04-04 23:42:34.077435,0 days 00:00:34.096505,381.0,1.0,120.1,155.8,0.23,COMPLETE
1821,0.825,2026-04-04 23:42:34.090379,2026-04-04 23:43:08.387014,0 days 00:00:34.296635,319.0,1.0,118.4,153.2,0.01,COMPLETE
1822,0.6875,2026-04-04 23:43:08.400188,2026-04-04 23:43:15.275060,0 days 00:00:06.874872,399.0,2.0,122.5,154.2,0.32,COMPLETE
1823,0.6875,2026-04-04 23:43:15.288309,2026-04-04 23:43:22.358657,0 days 00:00:07.070348,321.0,2.0,118.5,154.2,0.6,COMPLETE
1824,0.825,2026-04-04 23:43:22.372012,2026-04-04 23:43:38.957678,0 days 00:00:16.585666,450.0,1.0,123.9,154.3,0.42,COMPLETE
1825,0.6875,2026-04-04 23:43:38.970963,2026-04-04 23:43:46.022968,0 days 00:00:07.052005,272.0,1.0,120.4,151.9,0.37,COMPLETE
1826,0.6875,2026-04-04 23:43:46.035912,2026-04-04 23:43:52.623216,0 days 00:00:06.587304,365.0,1.0,118.9,153.6,0.43,COMPLETE
1827,0.6875,2026-04-04 23:43:52.637442,2026-04-04 23:43:59.367105,0 days 00:00:06.729663,347.0,1.0,116.2,155.5,0.9400000000000001,COMPLETE
1828,0.6875,2026-04-04 23:43:59.380460,2026-04-04 23:44:06.253104,0 days 00:00:06.872644,362.0,1.0,120.5,154.6,0.04,COMPLETE
1829,0.6875,2026-04-04 23:44:06.266839,2026-04-04 23:44:12.980166,0 days 00:00:06.713327,433.0,1.0,122.8,153.9,0.4,COMPLETE
1830,0.825,2026-04-04 23:44:12.993232,2026-04-04 23:44:46.942650,0 days 00:00:33.949418,416.0,1.0,122.8,156.9,0.4,COMPLETE
1831,0.825,2026-04-04 23:44:46.952189,2026-04-04 23:45:20.728873,0 days 00:00:33.776684,368.0,1.0,121.8,156.0,0.32,COMPLETE
1832,0.6875,2026-04-04 23:45:20.738434,2026-04-04 23:45:27.429223,0 days 00:00:06.690789,327.0,1.0,123.6,153.5,0.2,COMPLETE
1833,0.6875,2026-04-04 23:45:27.442282,2026-04-04 23:45:34.010715,0 days 00:00:06.568433,362.0,1.0,120.6,154.4,0.36,COMPLETE
1834,0.825,2026-04-04 23:45:34.024635,2026-04-04 23:46:08.081362,0 days 00:00:34.056727,440.0,2.0,124.7,153.6,0.48,COMPLETE
1835,0.6875,2026-04-04 23:46:08.094464,2026-04-04 23:46:15.153522,0 days 00:00:07.059058,376.0,1.0,120.7,152.9,0.7000000000000001,COMPLETE
1836,0.6875,2026-04-04 23:46:15.166749,2026-04-04 23:46:21.924146,0 days 00:00:06.757397,382.0,1.0,124.2,154.7,0.44,COMPLETE
1837,0.6875,2026-04-04 23:46:21.938712,2026-04-04 23:46:29.118640,0 days 00:00:07.179928,481.0,3.0,123.7,148.2,0.63,COMPLETE
1838,0.6875,2026-04-04 23:46:29.127918,2026-04-04 23:46:36.268407,0 days 00:00:07.140489,331.0,1.0,125.8,152.8,0.27,COMPLETE
1839,0.825,2026-04-04 23:46:36.282143,2026-04-04 23:47:10.308066,0 days 00:00:34.025923,412.0,1.0,122.2,153.0,0.07,COMPLETE
1840,0.825,2026-04-04 23:47:10.321818,2026-04-04 23:47:44.363222,0 days 00:00:34.041404,469.0,1.0,123.4,156.0,0.64,COMPLETE
1841,0.6875,2026-04-04 23:47:44.376150,2026-04-04 23:47:51.292528,0 days 00:00:06.916378,434.0,1.0,120.1,157.8,0.38,COMPLETE
1842,0.825,2026-04-04 23:47:51.305602,2026-04-04 23:48:25.303906,0 days 00:00:33.998304,447.0,2.0,117.4,156.7,0.05,COMPLETE
1843,0.6875,2026-04-04 23:48:25.317555,2026-04-04 23:48:32.263162,0 days 00:00:06.945607,491.0,2.0,121.7,153.8,0.61,COMPLETE
1844,0.825,2026-04-04 23:48:32.273634,2026-04-04 23:49:06.030081,0 days 00:00:33.756447,493.0,3.0,122.2,155.1,0.35000000000000003,COMPLETE
1845,0.825,2026-04-04 23:49:06.043230,2026-04-04 23:49:40.325009,0 days 00:00:34.281779,408.0,2.0,122.2,157.3,0.47000000000000003,COMPLETE
1846,0.6875,2026-04-04 23:49:40.337613,2026-04-04 23:49:47.232919,0 days 00:00:06.895306,374.0,1.0,123.9,152.6,0.27,COMPLETE
1847,0.825,2026-04-04 23:49:47.242362,2026-04-04 23:50:21.300876,0 days 00:00:34.058514,333.0,1.0,123.3,156.0,0.27,COMPLETE
1848,0.6875,2026-04-04 23:50:21.313946,2026-04-04 23:50:28.073520,0 days 00:00:06.759574,303.0,1.0,125.2,157.2,0.19,COMPLETE
1849,0.671875,2026-04-04 23:50:28.086762,2026-04-04 23:50:35.333377,0 days 00:00:07.246615,485.0,3.0,124.1,150.6,0.3,COMPLETE
1850,0.6875,2026-04-04 23:50:35.346490,2026-04-04 23:50:41.824349,0 days 00:00:06.477859,449.0,3.0,124.5,149.9,0.05,COMPLETE
1851,0.6875,2026-04-04 23:50:41.834244,2026-04-04 23:50:48.344000,0 days 00:00:06.509756,477.0,3.0,125.5,150.5,0.29,COMPLETE
1852,0.6875,2026-04-04 23:50:48.354359,2026-04-04 23:50:55.183502,0 days 00:00:06.829143,468.0,3.0,121.5,149.0,0.55,COMPLETE
1853,0.6875,2026-04-04 23:50:55.196525,2026-04-04 23:51:02.958569,0 days 00:00:07.762044,494.0,1.0,113.1,156.0,1.03,COMPLETE
1854,0.671875,2026-04-04 23:51:02.968289,2026-04-04 23:51:10.517444,0 days 00:00:07.549155,478.0,3.0,123.7,152.4,0.09,COMPLETE
1855,0.825,2026-04-04 23:51:10.530612,2026-04-04 23:51:44.469190,0 days 00:00:33.938578,494.0,3.0,123.7,153.7,0.04,COMPLETE
1856,0.825,2026-04-04 23:51:44.482837,2026-04-04 23:52:18.527146,0 days 00:00:34.044309,377.0,3.0,123.2,152.4,0.25,COMPLETE
1857,0.6875,2026-04-04 23:52:18.541617,2026-04-04 23:52:25.318423,0 days 00:00:06.776806,395.0,1.0,123.4,156.2,1.2,COMPLETE
1858,0.6875,2026-04-04 23:52:25.331288,2026-04-04 23:52:32.351336,0 days 00:00:07.020048,164.0,3.0,123.4,153.3,0.35000000000000003,COMPLETE
1859,0.6875,2026-04-04 23:52:32.364600,2026-04-04 23:52:38.758575,0 days 00:00:06.393975,442.0,3.0,124.4,152.8,0.56,COMPLETE
1860,0.6875,2026-04-04 23:52:38.767111,2026-04-04 23:52:45.243277,0 days 00:00:06.476166,428.0,3.0,123.5,151.8,0.52,COMPLETE
1861,0.671875,2026-04-04 23:52:45.256042,2026-04-04 23:52:51.920796,0 days 00:00:06.664754,436.0,3.0,121.7,154.0,0.18,COMPLETE
1862,0.825,2026-04-04 23:52:51.936994,2026-04-04 23:53:25.864470,0 days 00:00:33.927476,453.0,3.0,119.3,154.6,0.09,COMPLETE
1863,0.825,2026-04-04 23:53:25.877833,2026-04-04 23:53:59.915752,0 days 00:00:34.037919,423.0,3.0,122.7,154.4,0.26,COMPLETE
1864,0.825,2026-04-04 23:53:59.928986,2026-04-04 23:54:33.940095,0 days 00:00:34.011109,450.0,3.0,121.5,152.6,0.34,COMPLETE
1865,0.6875,2026-04-04 23:54:33.953609,2026-04-04 23:54:40.785324,0 days 00:00:06.831715,465.0,3.0,124.1,152.1,0.0,COMPLETE
1866,0.825,2026-04-04 23:54:40.798887,2026-04-04 23:55:14.923667,0 days 00:00:34.124780,437.0,1.0,122.7,155.7,0.16,COMPLETE
1867,0.6875,2026-04-04 23:55:14.937245,2026-04-04 23:55:21.527984,0 days 00:00:06.590739,473.0,3.0,121.3,154.6,0.1,COMPLETE
1868,0.825,2026-04-04 23:55:21.539237,2026-04-04 23:55:55.387734,0 days 00:00:33.848497,431.0,3.0,121.4,153.2,0.39,COMPLETE
1869,0.825,2026-04-04 23:55:55.400793,2026-04-04 23:56:51.482013,0 days 00:00:56.081220,367.0,3.0,124.1,154.3,0.07,COMPLETE
1870,0.6875,2026-04-04 23:56:51.494974,2026-04-04 23:56:58.115340,0 days 00:00:06.620366,471.0,2.0,122.0,154.2,0.21,COMPLETE
1871,0.825,2026-04-04 23:56:58.124824,2026-04-04 23:57:05.327068,0 days 00:00:07.202244,497.0,3.0,122.5,150.9,0.21,COMPLETE
1872,0.825,2026-04-04 23:57:05.340634,2026-04-04 23:58:01.025105,0 days 00:00:55.684471,495.0,3.0,124.4,153.9,0.02,COMPLETE
1873,0.825,2026-04-04 23:58:01.037239,2026-04-04 23:58:24.085473,0 days 00:00:23.048234,423.0,3.0,124.2,152.3,0.11,COMPLETE
1874,0.6875,2026-04-04 23:58:24.098494,2026-04-04 23:58:31.745135,0 days 00:00:07.646641,497.0,3.0,113.2,151.5,0.81,COMPLETE
1875,0.6875,2026-04-04 23:58:31.758084,2026-04-04 23:58:39.546351,0 days 00:00:07.788267,282.0,1.0,123.2,148.6,0.09,COMPLETE
1876,0.6875,2026-04-04 23:58:39.556891,2026-04-04 23:58:46.267469,0 days 00:00:06.710578,370.0,3.0,121.0,148.0,1.23,COMPLETE
1877,0.825,2026-04-04 23:58:46.280776,2026-04-04 23:59:20.678320,0 days 00:00:34.397544,429.0,3.0,123.8,153.4,0.01,COMPLETE
1878,0.6875,2026-04-04 23:59:20.692596,2026-04-04 23:59:27.359845,0 days 00:00:06.667249,402.0,3.0,121.2,155.6,0.5,COMPLETE
1879,0.825,2026-04-04 23:59:27.369503,2026-04-05 00:00:01.626224,0 days 00:00:34.256721,489.0,3.0,124.7,151.6,0.32,COMPLETE
1880,0.6875,2026-04-05 00:00:01.637325,2026-04-05 00:00:08.734009,0 days 00:00:07.096684,407.0,3.0,122.6,153.7,0.38,COMPLETE
1881,0.6875,2026-04-05 00:00:08.747766,2026-04-05 00:00:16.144688,0 days 00:00:07.396922,164.0,1.0,125.3,150.5,1.1400000000000001,COMPLETE
1882,0.825,2026-04-05 00:00:16.158167,2026-04-05 00:00:50.533876,0 days 00:00:34.375709,400.0,3.0,118.9,153.8,0.09,COMPLETE
1883,0.825,2026-04-05 00:00:50.543753,2026-04-05 00:01:24.587573,0 days 00:00:34.043820,444.0,3.0,121.3,152.9,0.32,COMPLETE
1884,0.825,2026-04-05 00:01:24.600999,2026-04-05 00:01:31.788905,0 days 00:00:07.187906,426.0,3.0,122.9,152.0,0.01,COMPLETE
1885,0.6875,2026-04-05 00:01:31.802330,2026-04-05 00:01:38.630773,0 days 00:00:06.828443,441.0,3.0,126.0,150.1,0.2,COMPLETE
1886,0.6875,2026-04-05 00:01:38.644405,2026-04-05 00:01:45.613186,0 days 00:00:06.968781,389.0,1.0,122.0,153.2,0.62,COMPLETE
1887,0.6875,2026-04-05 00:01:45.623794,2026-04-05 00:01:52.531602,0 days 00:00:06.907808,459.0,3.0,126.4,153.0,0.18,COMPLETE
1888,0.6875,2026-04-05 00:01:52.545281,2026-04-05 00:01:59.766889,0 days 00:00:07.221608,388.0,3.0,121.4,155.4,0.31,COMPLETE
1889,0.6875,2026-04-05 00:01:59.779751,2026-04-05 00:02:06.486479,0 days 00:00:06.706728,394.0,3.0,119.9,152.4,0.21,COMPLETE
1890,0.6875,2026-04-05 00:02:06.496654,2026-04-05 00:02:13.519550,0 days 00:00:07.022896,338.0,2.0,121.5,155.7,0.28,COMPLETE
1891,0.825,2026-04-05 00:02:13.532874,2026-04-05 00:02:47.531066,0 days 00:00:33.998192,478.0,3.0,121.0,153.5,0.22,COMPLETE
1892,0.6875,2026-04-05 00:02:47.544848,2026-04-05 00:02:54.333307,0 days 00:00:06.788459,419.0,3.0,120.0,151.5,0.11,COMPLETE
1893,0.825,2026-04-05 00:02:54.346311,2026-04-05 00:03:29.499616,0 days 00:00:35.153305,427.0,3.0,123.6,156.1,0.46,COMPLETE
1894,0.825,2026-04-05 00:03:29.512570,2026-04-05 00:03:34.534856,0 days 00:00:05.022286,377.0,1.0,123.3,154.5,0.2,COMPLETE
1895,0.825,2026-04-05 00:03:34.548588,2026-04-05 00:04:08.672137,0 days 00:00:34.123549,350.0,1.0,118.8,154.7,0.34,COMPLETE
1896,0.6875,2026-04-05 00:04:08.685335,2026-04-05 00:04:15.530019,0 days 00:00:06.844684,390.0,1.0,116.2,155.7,0.26,COMPLETE
1897,0.6875,2026-04-05 00:04:15.540545,2026-04-05 00:04:23.252826,0 days 00:00:07.712281,451.0,3.0,123.9,148.5,0.31,COMPLETE
1898,0.6875,2026-04-05 00:04:23.265960,2026-04-05 00:04:30.336631,0 days 00:00:07.070671,447.0,2.0,122.8,155.1,0.52,COMPLETE
1899,0.6875,2026-04-05 00:04:30.349741,2026-04-05 00:04:37.383161,0 days 00:00:07.033420,265.0,2.0,126.1,156.4,0.45,COMPLETE
1900,0.6875,2026-04-05 00:04:37.393198,2026-04-05 00:04:44.285053,0 days 00:00:06.891855,376.0,1.0,121.7,153.6,0.44,COMPLETE
1901,0.6875,2026-04-05 00:04:44.298369,2026-04-05 00:04:51.062564,0 days 00:00:06.764195,417.0,2.0,121.7,151.1,0.37,COMPLETE
1902,0.6875,2026-04-05 00:04:51.076777,2026-04-05 00:04:58.313340,0 days 00:00:07.236563,159.0,3.0,122.8,151.5,0.89,COMPLETE
1903,0.6875,2026-04-05 00:04:58.325563,2026-04-05 00:05:04.961360,0 days 00:00:06.635797,430.0,3.0,125.2,151.0,0.0,COMPLETE
1904,0.6875,2026-04-05 00:05:04.975694,2026-04-05 00:05:11.816032,0 days 00:00:06.840338,408.0,2.0,126.4,153.3,0.15,COMPLETE
1905,0.825,2026-04-05 00:05:11.829152,2026-04-05 00:05:46.217753,0 days 00:00:34.388601,427.0,3.0,120.3,156.0,0.13,COMPLETE
1906,0.825,2026-04-05 00:05:46.231721,2026-04-05 00:06:20.003113,0 days 00:00:33.771392,478.0,3.0,120.9,156.0,0.6,COMPLETE
1907,0.6875,2026-04-05 00:06:20.016511,2026-04-05 00:06:27.231005,0 days 00:00:07.214494,295.0,1.0,126.2,154.8,0.07,COMPLETE
1908,0.6875,2026-04-05 00:06:27.244804,2026-04-05 00:06:35.119773,0 days 00:00:07.874969,418.0,3.0,113.5,151.8,1.45,COMPLETE
1909,0.825,2026-04-05 00:06:35.133062,2026-04-05 00:06:56.081228,0 days 00:00:20.948166,434.0,3.0,122.6,152.7,0.29,COMPLETE
1910,0.6875,2026-04-05 00:06:56.094402,2026-04-05 00:07:02.790315,0 days 00:00:06.695913,490.0,3.0,124.4,150.9,0.2,COMPLETE
