number,value,datetime_start,datetime_complete,duration,params_voltage,params_width,params_x,params_y,params_z,state
1217,0.6875,2026-04-04 21:40:04.257077,2026-04-04 21:40:11.745564,0 days 00:00:07.488487,479.0,2.0,121.8,154.2,0.61,COMPLETE
1218,0.6875,2026-04-04 21:40:11.756005,2026-04-04 21:40:19.214292,0 days 00:00:07.458287,273.0,3.0,115.7,150.3,0.81,COMPLETE
1219,0.6875,2026-04-04 21:40:19.227313,2026-04-04 21:40:26.659021,0 days 00:00:07.431708,466.0,2.0,123.7,155.4,0.49,COMPLETE
1220,0.6875,2026-04-04 21:40:26.671659,2026-04-04 21:40:33.266270,0 days 00:00:06.594611,463.0,2.0,123.4,153.0,0.33,COMPLETE
1221,0.6875,2026-04-04 21:40:33.274816,2026-04-04 21:40:40.668933,0 days 00:00:07.394117,291.0,1.0,117.6,157.7,1.59,COMPLETE
1222,0.825,2026-04-04 21:40:40.682171,2026-04-04 21:41:14.749151,0 days 00:00:34.066980,443.0,2.0,120.1,156.2,0.51,COMPLETE
1223,0.6875,2026-04-04 21:41:14.759063,2026-04-04 21:41:22.057218,0 days 00:00:07.298155,178.0,3.0,123.5,157.9,0.43,COMPLETE
1224,0.6875,2026-04-04 21:41:22.069916,2026-04-04 21:41:28.991326,0 days 00:00:06.921410,481.0,2.0,126.8,155.1,1.24,COMPLETE
1225,0.825,2026-04-04 21:41:29.003214,2026-04-04 21:42:04.126689,0 days 00:00:35.123475,458.0,2.0,121.2,155.4,0.22,COMPLETE
1226,0.825,2026-04-04 21:42:04.138909,2026-04-04 21:42:38.221462,0 days 00:00:34.082553,455.0,3.0,124.3,152.4,0.06,COMPLETE
1227,0.6875,2026-04-04 21:42:38.233532,2026-04-04 21:42:46.608005,0 days 00:00:08.374473,163.0,2.0,117.5,159.6,1.2,COMPLETE
1228,0.6875,2026-04-04 21:42:46.620743,2026-04-04 21:42:53.588826,0 days 00:00:06.968083,374.0,1.0,122.0,155.6,1.56,COMPLETE
1229,0.6875,2026-04-04 21:42:53.601770,2026-04-04 21:43:00.987147,0 days 00:00:07.385377,282.0,3.0,114.1,156.8,0.74,COMPLETE
1230,0.6875,2026-04-04 21:43:01.000210,2026-04-04 21:43:08.520180,0 days 00:00:07.519970,435.0,2.0,124.8,155.7,0.77,COMPLETE
1231,0.6875,2026-04-04 21:43:08.532720,2026-04-04 21:43:15.152487,0 days 00:00:06.619767,488.0,2.0,124.6,152.4,1.32,COMPLETE
1232,0.6875,2026-04-04 21:43:15.164898,2026-04-04 21:43:21.845327,0 days 00:00:06.680429,433.0,3.0,125.5,155.1,0.59,COMPLETE
1233,0.6875,2026-04-04 21:43:21.854057,2026-04-04 21:43:28.955843,0 days 00:00:07.101786,218.0,3.0,127.0,153.2,0.22,COMPLETE
1234,0.6875,2026-04-04 21:43:28.968554,2026-04-04 21:43:35.659284,0 days 00:00:06.690730,267.0,1.0,125.8,154.7,0.5700000000000001,COMPLETE
1235,0.6875,2026-04-04 21:43:35.671618,2026-04-04 21:43:43.205427,0 days 00:00:07.533809,323.0,3.0,115.8,158.6,2.0,COMPLETE
1236,0.6875,2026-04-04 21:43:43.217939,2026-04-04 21:43:51.501073,0 days 00:00:08.283134,167.0,3.0,124.9,152.8,1.59,COMPLETE
1237,0.6875,2026-04-04 21:43:51.513380,2026-04-04 21:43:58.591881,0 days 00:00:07.078501,400.0,2.0,117.9,151.5,0.01,COMPLETE
1238,0.825,2026-04-04 21:43:58.604144,2026-04-04 21:44:32.883871,0 days 00:00:34.279727,421.0,1.0,120.7,156.7,0.71,COMPLETE
1239,0.825,2026-04-04 21:44:32.896157,2026-04-04 21:45:29.160519,0 days 00:00:56.264362,406.0,3.0,125.6,151.9,0.07,COMPLETE
1240,0.825,2026-04-04 21:45:29.173703,2026-04-04 21:46:03.531830,0 days 00:00:34.358127,500.0,3.0,123.2,156.8,0.48,COMPLETE
1241,0.6875,2026-04-04 21:46:03.544677,2026-04-04 21:46:10.576191,0 days 00:00:07.031514,272.0,1.0,123.4,153.7,0.4,COMPLETE
1242,0.6875,2026-04-04 21:46:10.588186,2026-04-04 21:46:17.252157,0 days 00:00:06.663971,500.0,3.0,121.3,154.5,0.31,COMPLETE
1243,0.6875,2026-04-04 21:46:17.261090,2026-04-04 21:46:24.694096,0 days 00:00:07.433006,480.0,1.0,113.3,157.5,0.84,COMPLETE
1244,0.6875,2026-04-04 21:46:24.706360,2026-04-04 21:46:31.658521,0 days 00:00:06.952161,467.0,1.0,115.9,153.3,0.9,COMPLETE
1245,0.825,2026-04-04 21:46:31.671106,2026-04-04 21:47:28.295407,0 days 00:00:56.624301,370.0,3.0,124.3,154.1,0.2,COMPLETE
1246,0.825,2026-04-04 21:47:28.307676,2026-04-04 21:48:02.306242,0 days 00:00:33.998566,497.0,2.0,123.1,151.5,0.19,COMPLETE
1247,0.6875,2026-04-04 21:48:02.318577,2026-04-04 21:48:10.054224,0 days 00:00:07.735647,404.0,1.0,119.1,160.0,1.34,COMPLETE
1248,0.6875,2026-04-04 21:48:10.067270,2026-04-04 21:48:17.505743,0 days 00:00:07.438473,342.0,2.0,116.1,153.6,0.33,COMPLETE
1249,0.6875,2026-04-04 21:48:17.518934,2026-04-04 21:48:25.531817,0 days 00:00:08.012883,243.0,3.0,126.3,150.8,0.43,COMPLETE
1250,0.6875,2026-04-04 21:48:25.540870,2026-04-04 21:48:32.404201,0 days 00:00:06.863331,495.0,3.0,122.2,152.2,0.49,COMPLETE
1251,0.825,2026-04-04 21:48:32.416726,2026-04-04 21:49:06.789996,0 days 00:00:34.373270,405.0,2.0,123.3,155.8,0.52,COMPLETE
1252,0.825,2026-04-04 21:49:06.806919,2026-04-04 21:49:40.615445,0 days 00:00:33.808526,431.0,1.0,122.0,154.3,0.07,COMPLETE
1253,0.6875,2026-04-04 21:49:40.627792,2026-04-04 21:49:47.168290,0 days 00:00:06.540498,453.0,3.0,122.0,154.8,0.46,COMPLETE
1254,0.6875,2026-04-04 21:49:47.180691,2026-04-04 21:49:54.070478,0 days 00:00:06.889787,438.0,1.0,118.2,157.2,1.1300000000000001,COMPLETE
1255,0.6875,2026-04-04 21:49:54.083217,2026-04-04 21:50:01.593103,0 days 00:00:07.509886,375.0,1.0,125.4,152.3,1.99,COMPLETE
1256,0.6875,2026-04-04 21:50:01.606267,2026-04-04 21:50:08.338797,0 days 00:00:06.732530,475.0,3.0,122.8,152.2,0.84,COMPLETE
1257,0.6875,2026-04-04 21:50:08.351569,2026-04-04 21:50:16.143441,0 days 00:00:07.791872,292.0,1.0,117.6,160.0,1.6,COMPLETE
1258,0.6875,2026-04-04 21:50:16.156367,2026-04-04 21:50:23.647259,0 days 00:00:07.490892,498.0,3.0,124.0,151.7,0.79,COMPLETE
1259,0.6875,2026-04-04 21:50:23.659836,2026-04-04 21:50:30.140964,0 days 00:00:06.481128,492.0,3.0,122.6,150.6,0.34,COMPLETE
1260,0.6875,2026-04-04 21:50:30.153531,2026-04-04 21:50:37.788340,0 days 00:00:07.634809,283.0,2.0,113.6,154.8,0.53,COMPLETE
1261,0.6875,2026-04-04 21:50:37.800599,2026-04-04 21:50:44.730071,0 days 00:00:06.929472,343.0,2.0,116.8,157.9,1.84,COMPLETE
1262,0.6875,2026-04-04 21:50:44.742598,2026-04-04 21:50:52.008184,0 days 00:00:07.265586,403.0,1.0,125.4,155.6,1.95,COMPLETE
1263,0.6875,2026-04-04 21:50:52.020644,2026-04-04 21:50:58.741197,0 days 00:00:06.720553,499.0,2.0,121.4,154.1,1.46,COMPLETE
1264,0.6875,2026-04-04 21:50:58.750644,2026-04-04 21:51:05.945833,0 days 00:00:07.195189,264.0,2.0,119.5,157.9,0.62,COMPLETE
1265,0.6875,2026-04-04 21:51:05.959081,2026-04-04 21:51:12.566273,0 days 00:00:06.607192,303.0,1.0,117.1,155.5,0.97,COMPLETE
1266,0.6875,2026-04-04 21:51:12.579016,2026-04-04 21:51:19.469493,0 days 00:00:06.890477,412.0,1.0,122.4,153.2,1.6,COMPLETE
1267,0.825,2026-04-04 21:51:19.482051,2026-04-04 21:51:36.200669,0 days 00:00:16.718618,467.0,3.0,125.3,151.2,0.51,COMPLETE
1268,0.6875,2026-04-04 21:51:36.213868,2026-04-04 21:51:42.973876,0 days 00:00:06.760008,380.0,3.0,124.2,151.9,0.4,COMPLETE
1269,0.6875,2026-04-04 21:51:42.986634,2026-04-04 21:51:50.117972,0 days 00:00:07.131338,369.0,1.0,119.1,157.3,1.1,COMPLETE
1270,0.6875,2026-04-04 21:51:50.130245,2026-04-04 21:51:57.022879,0 days 00:00:06.892634,311.0,2.0,116.6,157.8,0.93,COMPLETE
1271,0.6875,2026-04-04 21:51:57.035927,2026-04-04 21:52:03.972247,0 days 00:00:06.936320,252.0,2.0,115.9,160.0,0.53,COMPLETE
1272,0.6875,2026-04-04 21:52:03.985251,2026-04-04 21:52:11.475874,0 days 00:00:07.490623,267.0,3.0,117.2,150.7,1.1300000000000001,COMPLETE
1273,0.6875,2026-04-04 21:52:11.488671,2026-04-04 21:52:19.047317,0 days 00:00:07.558646,192.0,3.0,125.1,150.3,0.77,COMPLETE
1274,0.6875,2026-04-04 21:52:19.060136,2026-04-04 21:52:25.468348,0 days 00:00:06.408212,495.0,3.0,124.3,150.1,0.35000000000000003,COMPLETE
1275,0.825,2026-04-04 21:52:25.481354,2026-04-04 21:52:30.855063,0 days 00:00:05.373709,440.0,2.0,125.7,155.2,0.21,COMPLETE
1276,0.6875,2026-04-04 21:52:30.868532,2026-04-04 21:52:38.181253,0 days 00:00:07.312721,227.0,1.0,124.3,155.5,1.73,COMPLETE
1277,0.825,2026-04-04 21:52:38.190281,2026-04-04 21:53:12.851328,0 days 00:00:34.661047,479.0,1.0,117.3,157.2,0.0,COMPLETE
1278,0.6875,2026-04-04 21:53:12.863601,2026-04-04 21:53:20.299271,0 days 00:00:07.435670,253.0,1.0,122.1,159.7,0.8200000000000001,COMPLETE
1279,0.6875,2026-04-04 21:53:20.308404,2026-04-04 21:53:27.754422,0 days 00:00:07.446018,413.0,1.0,113.2,156.9,1.11,COMPLETE
1280,0.6875,2026-04-04 21:53:27.767254,2026-04-04 21:53:34.767661,0 days 00:00:07.000407,275.0,2.0,116.5,159.9,1.33,COMPLETE
1281,0.6875,2026-04-04 21:53:34.780008,2026-04-04 21:53:42.084672,0 days 00:00:07.304664,452.0,3.0,116.6,152.7,0.58,COMPLETE
1282,0.6875,2026-04-04 21:53:42.094693,2026-04-04 21:53:48.878837,0 days 00:00:06.784144,362.0,1.0,116.6,154.7,1.3800000000000001,COMPLETE
1283,0.6875,2026-04-04 21:53:48.887420,2026-04-04 21:53:56.054222,0 days 00:00:07.166802,263.0,2.0,113.1,156.5,0.19,COMPLETE
1284,0.825,2026-04-04 21:53:56.067569,2026-04-04 21:54:57.567608,0 days 00:01:01.500039,495.0,3.0,124.5,152.9,0.02,COMPLETE
1285,0.6875,2026-04-04 21:54:57.580687,2026-04-04 21:55:05.909419,0 days 00:00:08.328732,175.0,1.0,115.4,158.5,0.7000000000000001,COMPLETE
1286,0.6875,2026-04-04 21:55:05.922366,2026-04-04 21:55:13.305822,0 days 00:00:07.383456,369.0,3.0,120.1,151.1,0.41000000000000003,COMPLETE
1287,0.6875,2026-04-04 21:55:13.319045,2026-04-04 21:55:21.067795,0 days 00:00:07.748750,212.0,2.0,119.8,159.9,0.62,COMPLETE
1288,0.6875,2026-04-04 21:55:21.081375,2026-04-04 21:55:28.158951,0 days 00:00:07.077576,227.0,1.0,125.3,155.1,0.26,COMPLETE
1289,0.6875,2026-04-04 21:55:28.168893,2026-04-04 21:55:34.634767,0 days 00:00:06.465874,486.0,2.0,123.6,155.0,0.46,COMPLETE
1290,0.6875,2026-04-04 21:55:34.647500,2026-04-04 21:55:41.446968,0 days 00:00:06.799468,332.0,1.0,122.5,154.8,1.74,COMPLETE
1291,0.6875,2026-04-04 21:55:41.459754,2026-04-04 21:55:48.711611,0 days 00:00:07.251857,236.0,3.0,117.2,158.7,1.04,COMPLETE
1292,0.6875,2026-04-04 21:55:48.724372,2026-04-04 21:55:56.178887,0 days 00:00:07.454515,449.0,2.0,124.3,153.5,1.41,COMPLETE
1293,0.671875,2026-04-04 21:55:56.191744,2026-04-04 21:56:03.210584,0 days 00:00:07.018840,352.0,1.0,126.1,155.5,0.3,COMPLETE
1294,0.6875,2026-04-04 21:56:03.223545,2026-04-04 21:56:09.689084,0 days 00:00:06.465539,376.0,1.0,125.7,156.0,0.25,COMPLETE
1295,0.6875,2026-04-04 21:56:09.701567,2026-04-04 21:56:16.575463,0 days 00:00:06.873896,359.0,1.0,121.7,154.6,2.0,COMPLETE
1296,0.6875,2026-04-04 21:56:16.588031,2026-04-04 21:56:23.334581,0 days 00:00:06.746550,330.0,1.0,123.8,155.8,0.14,COMPLETE
1297,0.6875,2026-04-04 21:56:23.350324,2026-04-04 21:56:30.251296,0 days 00:00:06.900972,271.0,1.0,126.2,156.9,0.3,COMPLETE
1298,0.6875,2026-04-04 21:56:30.263484,2026-04-04 21:56:36.879826,0 days 00:00:06.616342,342.0,1.0,126.6,154.8,0.63,COMPLETE
1299,0.825,2026-04-04 21:56:36.892935,2026-04-04 21:57:10.911097,0 days 00:00:34.018162,435.0,2.0,123.3,156.2,0.22,COMPLETE
1300,0.6875,2026-04-04 21:57:10.923171,2026-04-04 21:57:18.345971,0 days 00:00:07.422800,412.0,1.0,114.8,154.2,1.33,COMPLETE
1301,0.6875,2026-04-04 21:57:18.358628,2026-04-04 21:57:26.566075,0 days 00:00:08.207447,322.0,1.0,126.7,156.7,0.24,COMPLETE
1302,0.6875,2026-04-04 21:57:26.576575,2026-04-04 21:57:33.566487,0 days 00:00:06.989912,245.0,1.0,124.0,156.5,0.72,COMPLETE
1303,0.825,2026-04-04 21:57:33.579560,2026-04-04 21:58:29.355441,0 days 00:00:55.775881,433.0,1.0,125.4,153.6,0.22,COMPLETE
1304,0.6875,2026-04-04 21:58:29.366932,2026-04-04 21:58:36.267619,0 days 00:00:06.900687,392.0,1.0,127.0,155.9,0.44,COMPLETE
1305,0.6875,2026-04-04 21:58:36.280564,2026-04-04 21:58:44.179642,0 days 00:00:07.899078,191.0,1.0,120.2,148.5,1.0,COMPLETE
1306,0.6875,2026-04-04 21:58:44.192735,2026-04-04 21:58:51.343537,0 days 00:00:07.150802,421.0,2.0,116.5,155.3,0.84,COMPLETE
1307,0.6875,2026-04-04 21:58:51.356591,2026-04-04 21:58:58.630107,0 days 00:00:07.273516,325.0,1.0,123.4,154.1,0.29,COMPLETE
1308,0.6875,2026-04-04 21:58:58.642896,2026-04-04 21:59:05.231488,0 days 00:00:06.588592,329.0,1.0,123.4,157.3,0.51,COMPLETE
1309,0.825,2026-04-04 21:59:05.243863,2026-04-04 21:59:10.501424,0 days 00:00:05.257561,341.0,1.0,124.7,153.7,0.45,COMPLETE
1310,0.6875,2026-04-04 21:59:10.515037,2026-04-04 21:59:18.282833,0 days 00:00:07.767796,182.0,2.0,117.8,153.8,0.99,COMPLETE
1311,0.6875,2026-04-04 21:59:18.295269,2026-04-04 21:59:25.862599,0 days 00:00:07.567330,367.0,1.0,126.7,158.0,0.36,COMPLETE
1312,0.6875,2026-04-04 21:59:25.875302,2026-04-04 21:59:32.852625,0 days 00:00:06.977323,309.0,1.0,126.2,155.6,0.24,COMPLETE
1313,0.6875,2026-04-04 21:59:32.861938,2026-04-04 21:59:40.024608,0 days 00:00:07.162670,222.0,3.0,121.2,152.4,1.21,COMPLETE
1314,0.6875,2026-04-04 21:59:40.038291,2026-04-04 21:59:47.394093,0 days 00:00:07.355802,323.0,1.0,114.9,159.4,0.07,COMPLETE
1315,0.6875,2026-04-04 21:59:47.406384,2026-04-04 21:59:54.523180,0 days 00:00:07.116796,312.0,2.0,121.6,159.5,1.77,COMPLETE
1316,0.825,2026-04-04 21:59:54.534138,2026-04-04 22:00:28.784428,0 days 00:00:34.250290,435.0,3.0,119.3,154.3,0.36,COMPLETE
1317,0.6875,2026-04-04 22:00:28.797017,2026-04-04 22:00:36.049626,0 days 00:00:07.252609,398.0,1.0,126.6,156.9,0.1,COMPLETE
1318,0.6875,2026-04-04 22:00:36.058540,2026-04-04 22:00:44.540013,0 days 00:00:08.481473,158.0,3.0,115.8,151.9,0.8200000000000001,COMPLETE
1319,0.6875,2026-04-04 22:00:44.553258,2026-04-04 22:00:51.790354,0 days 00:00:07.237096,378.0,1.0,123.5,154.7,0.22,COMPLETE
1320,0.6875,2026-04-04 22:00:51.803101,2026-04-04 22:00:58.983364,0 days 00:00:07.180263,290.0,2.0,118.3,156.5,1.6,COMPLETE
1321,0.6875,2026-04-04 22:00:58.996448,2026-04-04 22:01:05.607312,0 days 00:00:06.610864,298.0,3.0,118.5,152.9,0.92,COMPLETE
1322,0.6875,2026-04-04 22:01:05.620152,2026-04-04 22:01:12.557150,0 days 00:00:06.936998,470.0,3.0,124.3,152.4,0.48,COMPLETE
1323,0.6875,2026-04-04 22:01:12.569660,2026-04-04 22:01:19.128519,0 days 00:00:06.558859,402.0,3.0,122.0,151.7,0.55,COMPLETE
1324,0.6875,2026-04-04 22:01:19.141415,2026-04-04 22:01:26.399885,0 days 00:00:07.258470,443.0,2.0,118.8,157.5,1.1400000000000001,COMPLETE
1325,0.6875,2026-04-04 22:01:26.413142,2026-04-04 22:01:33.503079,0 days 00:00:07.089937,331.0,2.0,113.7,156.0,0.11,COMPLETE
1326,0.6875,2026-04-04 22:01:33.516376,2026-04-04 22:01:41.188334,0 days 00:00:07.671958,445.0,3.0,124.6,151.0,0.19,COMPLETE
1327,0.6875,2026-04-04 22:01:41.200864,2026-04-04 22:01:48.877828,0 days 00:00:07.676964,376.0,1.0,115.5,155.9,0.5700000000000001,COMPLETE
1328,0.6875,2026-04-04 22:01:48.890308,2026-04-04 22:01:56.327923,0 days 00:00:07.437615,234.0,2.0,118.2,148.3,1.3900000000000001,COMPLETE
1329,0.6875,2026-04-04 22:01:56.341172,2026-04-04 22:02:03.618941,0 days 00:00:07.277769,462.0,2.0,126.2,151.7,1.6,COMPLETE
1330,0.825,2026-04-04 22:02:03.631654,2026-04-04 22:02:08.974613,0 days 00:00:05.342959,383.0,1.0,125.5,154.0,0.87,COMPLETE
1331,0.6875,2026-04-04 22:02:08.988165,2026-04-04 22:02:16.622465,0 days 00:00:07.634300,271.0,2.0,118.1,159.1,0.81,COMPLETE
1332,0.6875,2026-04-04 22:02:16.635741,2026-04-04 22:02:24.307927,0 days 00:00:07.672186,210.0,3.0,124.7,153.0,1.04,COMPLETE
1333,0.825,2026-04-04 22:02:24.321209,2026-04-04 22:02:58.554711,0 days 00:00:34.233502,277.0,2.0,123.0,156.5,0.14,COMPLETE
1334,0.6875,2026-04-04 22:02:58.566955,2026-04-04 22:03:05.615179,0 days 00:00:07.048224,234.0,3.0,125.2,152.7,1.6400000000000001,COMPLETE
1335,0.6875,2026-04-04 22:03:05.628825,2026-04-04 22:03:12.245297,0 days 00:00:06.616472,358.0,1.0,127.0,154.9,0.05,COMPLETE
1336,0.6875,2026-04-04 22:03:12.257965,2026-04-04 22:03:18.843166,0 days 00:00:06.585201,488.0,2.0,124.8,152.6,0.76,COMPLETE
1337,0.6875,2026-04-04 22:03:18.855920,2026-04-04 22:03:25.352256,0 days 00:00:06.496336,489.0,2.0,123.6,153.9,0.47000000000000003,COMPLETE
1338,0.6875,2026-04-04 22:03:25.365769,2026-04-04 22:03:32.227234,0 days 00:00:06.861465,444.0,3.0,119.3,156.7,1.85,COMPLETE
1339,0.6875,2026-04-04 22:03:32.240539,2026-04-04 22:03:39.279353,0 days 00:00:07.038814,248.0,3.0,120.6,152.1,0.43,COMPLETE
1340,0.6875,2026-04-04 22:03:39.292409,2026-04-04 22:03:46.173596,0 days 00:00:06.881187,219.0,3.0,124.9,150.9,0.34,COMPLETE
1341,0.6875,2026-04-04 22:03:46.186952,2026-04-04 22:03:53.378485,0 days 00:00:07.191533,225.0,3.0,118.4,153.2,1.1500000000000001,COMPLETE
1342,0.6875,2026-04-04 22:03:53.391782,2026-04-04 22:04:00.460331,0 days 00:00:07.068549,175.0,3.0,122.9,152.6,0.72,COMPLETE
1343,0.825,2026-04-04 22:04:00.473230,2026-04-04 22:04:05.586514,0 days 00:00:05.113284,325.0,2.0,125.6,154.1,0.27,COMPLETE
1344,0.6875,2026-04-04 22:04:05.599700,2026-04-04 22:04:12.618550,0 days 00:00:07.018850,345.0,1.0,121.7,151.7,0.43,COMPLETE
1345,0.825,2026-04-04 22:04:12.631918,2026-04-04 22:04:18.044192,0 days 00:00:05.412274,370.0,2.0,125.4,154.9,0.43,COMPLETE
1346,0.6875,2026-04-04 22:04:18.056402,2026-04-04 22:04:25.369938,0 days 00:00:07.313536,413.0,1.0,117.9,154.6,0.4,COMPLETE
1347,0.6875,2026-04-04 22:04:25.382978,2026-04-04 22:04:32.061711,0 days 00:00:06.678733,475.0,1.0,116.3,155.0,1.25,COMPLETE
1348,0.825,2026-04-04 22:04:32.075007,2026-04-04 22:04:37.746629,0 days 00:00:05.671622,455.0,3.0,124.2,154.8,0.25,COMPLETE
1349,0.825,2026-04-04 22:04:37.756787,2026-04-04 22:05:11.906133,0 days 00:00:34.149346,466.0,2.0,122.0,156.4,0.67,COMPLETE
1350,0.6875,2026-04-04 22:05:11.920928,2026-04-04 22:05:19.246241,0 days 00:00:07.325313,252.0,2.0,117.3,156.8,0.07,COMPLETE
1351,0.6875,2026-04-04 22:05:19.258977,2026-04-04 22:05:26.008495,0 days 00:00:06.749518,427.0,1.0,113.3,156.2,1.56,COMPLETE
1352,0.6875,2026-04-04 22:05:26.021436,2026-04-04 22:05:34.078533,0 days 00:00:08.057097,286.0,1.0,125.6,155.4,0.35000000000000003,COMPLETE
1353,0.6875,2026-04-04 22:05:34.091621,2026-04-04 22:05:40.695958,0 days 00:00:06.604337,297.0,1.0,125.7,155.8,1.6500000000000001,COMPLETE
1354,0.6875,2026-04-04 22:05:40.705652,2026-04-04 22:05:47.966340,0 days 00:00:07.260688,230.0,2.0,127.0,150.6,0.8200000000000001,COMPLETE
1355,0.6875,2026-04-04 22:05:47.978213,2026-04-04 22:05:54.897313,0 days 00:00:06.919100,373.0,1.0,124.6,155.6,0.44,COMPLETE
1356,0.6875,2026-04-04 22:05:54.910765,2026-04-04 22:06:01.658035,0 days 00:00:06.747270,372.0,1.0,120.9,157.5,0.77,COMPLETE
1357,0.6875,2026-04-04 22:06:01.669391,2026-04-04 22:06:08.781751,0 days 00:00:07.112360,415.0,2.0,115.8,155.4,1.28,COMPLETE
1358,0.6875,2026-04-04 22:06:08.791483,2026-04-04 22:06:15.385622,0 days 00:00:06.594139,421.0,1.0,119.2,155.2,1.46,COMPLETE
1359,0.6875,2026-04-04 22:06:15.398794,2026-04-04 22:06:21.832226,0 days 00:00:06.433432,497.0,3.0,120.4,155.7,1.08,COMPLETE
1360,0.6875,2026-04-04 22:06:21.845314,2026-04-04 22:06:29.241954,0 days 00:00:07.396640,189.0,2.0,117.3,150.5,1.3,COMPLETE
1361,0.825,2026-04-04 22:06:29.252146,2026-04-04 22:06:36.744574,0 days 00:00:07.492428,474.0,3.0,122.9,153.5,0.31,COMPLETE
1362,0.6875,2026-04-04 22:06:36.753918,2026-04-04 22:06:43.723222,0 days 00:00:06.969304,345.0,1.0,126.6,154.7,0.4,COMPLETE
1363,0.6875,2026-04-04 22:06:43.733224,2026-04-04 22:06:51.184178,0 days 00:00:07.450954,259.0,1.0,119.7,159.5,1.24,COMPLETE
1364,0.6875,2026-04-04 22:06:51.196717,2026-04-04 22:06:58.233265,0 days 00:00:07.036548,500.0,1.0,122.2,153.0,0.61,COMPLETE
1365,0.6875,2026-04-04 22:06:58.246433,2026-04-04 22:07:05.575596,0 days 00:00:07.329163,354.0,1.0,126.3,158.4,0.9400000000000001,COMPLETE
1366,0.6875,2026-04-04 22:07:05.588713,2026-04-04 22:07:13.455144,0 days 00:00:07.866431,244.0,2.0,115.3,156.9,1.01,COMPLETE
1367,0.6875,2026-04-04 22:07:13.468340,2026-04-04 22:07:20.253127,0 days 00:00:06.784787,277.0,1.0,118.0,158.7,0.37,COMPLETE
1368,0.6875,2026-04-04 22:07:20.266160,2026-04-04 22:07:27.877933,0 days 00:00:07.611773,173.0,3.0,117.9,149.1,0.88,COMPLETE
1369,0.6875,2026-04-04 22:07:27.891305,2026-04-04 22:07:34.919813,0 days 00:00:07.028508,269.0,1.0,115.1,155.5,1.17,COMPLETE
1370,0.6875,2026-04-04 22:07:34.932585,2026-04-04 22:07:41.763672,0 days 00:00:06.831087,280.0,1.0,120.0,154.0,0.36,COMPLETE
1371,0.6875,2026-04-04 22:07:41.776172,2026-04-04 22:07:48.375932,0 days 00:00:06.599760,445.0,2.0,122.4,153.4,0.62,COMPLETE
1372,0.6875,2026-04-04 22:07:48.388408,2026-04-04 22:07:55.591089,0 days 00:00:07.202681,355.0,1.0,117.6,157.6,1.3900000000000001,COMPLETE
1373,0.6875,2026-04-04 22:07:55.602606,2026-04-04 22:08:02.730761,0 days 00:00:07.128155,336.0,3.0,124.0,154.1,1.77,COMPLETE
1374,0.825,2026-04-04 22:08:02.743841,2026-04-04 22:08:36.725203,0 days 00:00:33.981362,447.0,3.0,121.5,153.8,0.03,COMPLETE
1375,0.6875,2026-04-04 22:08:36.737346,2026-04-04 22:08:44.402163,0 days 00:00:07.664817,167.0,3.0,126.8,153.9,1.83,COMPLETE
1376,0.6875,2026-04-04 22:08:44.415234,2026-04-04 22:08:51.041000,0 days 00:00:06.625766,291.0,1.0,126.9,152.9,0.35000000000000003,COMPLETE
1377,0.6875,2026-04-04 22:08:51.053629,2026-04-04 22:08:58.305843,0 days 00:00:07.252214,160.0,3.0,126.1,150.5,1.6300000000000001,COMPLETE
1378,0.6875,2026-04-04 22:08:58.318883,2026-04-04 22:09:05.305283,0 days 00:00:06.986400,384.0,1.0,121.2,151.6,0.26,COMPLETE
1379,0.6875,2026-04-04 22:09:05.317883,2026-04-04 22:09:11.883695,0 days 00:00:06.565812,467.0,2.0,121.4,151.6,1.04,COMPLETE
1380,0.6875,2026-04-04 22:09:11.896603,2026-04-04 22:09:19.330818,0 days 00:00:07.434215,299.0,2.0,119.4,159.0,1.69,COMPLETE
1381,0.6875,2026-04-04 22:09:19.343363,2026-04-04 22:09:26.642466,0 days 00:00:07.299103,409.0,1.0,113.2,152.6,1.34,COMPLETE
1382,0.6875,2026-04-04 22:09:26.655500,2026-04-04 22:09:34.408481,0 days 00:00:07.752981,483.0,1.0,123.1,159.3,1.4000000000000001,COMPLETE
1383,0.6875,2026-04-04 22:09:34.420905,2026-04-04 22:09:41.747368,0 days 00:00:07.326463,445.0,1.0,119.8,152.0,0.59,COMPLETE
1384,0.6875,2026-04-04 22:09:41.760575,2026-04-04 22:09:48.183832,0 days 00:00:06.423257,492.0,2.0,120.7,152.7,0.74,COMPLETE
1385,0.6875,2026-04-04 22:09:48.197140,2026-04-04 22:09:55.180734,0 days 00:00:06.983594,479.0,1.0,114.9,155.2,0.96,COMPLETE
1386,0.6875,2026-04-04 22:09:55.193499,2026-04-04 22:10:02.494980,0 days 00:00:07.301481,242.0,1.0,118.8,151.7,1.58,COMPLETE
1387,0.825,2026-04-04 22:10:02.508301,2026-04-04 22:10:36.517577,0 days 00:00:34.009276,446.0,3.0,122.8,150.5,0.21,COMPLETE
1388,0.6875,2026-04-04 22:10:36.530605,2026-04-04 22:10:43.775292,0 days 00:00:07.244687,375.0,2.0,125.2,154.7,1.68,COMPLETE
