number,value,datetime_start,datetime_complete,duration,params_voltage,params_width,params_x,params_y,params_z,state
11996,0.6875,2026-04-09 12:00:05.167822,2026-04-09 12:00:12.349240,0 days 00:00:07.181418,302.0,1.0,124.3,153.7,0.28,COMPLETE
11997,0.6875,2026-04-09 12:00:12.362184,2026-04-09 12:00:19.639030,0 days 00:00:07.276846,429.0,1.0,117.6,155.7,0.18,COMPLETE
11998,0.6875,2026-04-09 12:00:19.653060,2026-04-09 12:00:26.608935,0 days 00:00:06.955875,357.0,1.0,116.1,154.3,0.01,COMPLETE
11999,0.6875,2026-04-09 12:00:26.622613,2026-04-09 12:00:33.681414,0 days 00:00:07.058801,498.0,2.0,113.3,158.7,0.25,COMPLETE
12000,0.825,2026-04-09 12:00:33.698061,2026-04-09 12:01:08.622535,0 days 00:00:34.924474,287.0,1.0,120.4,156.1,0.2,COMPLETE
12001,0.6875,2026-04-09 12:01:08.638818,2026-04-09 12:01:15.781564,0 days 00:00:07.142746,363.0,1.0,115.5,154.9,0.46,COMPLETE
12002,0.6875,2026-04-09 12:01:15.797467,2026-04-09 12:01:22.662969,0 days 00:00:06.865502,350.0,1.0,118.3,154.1,0.25,COMPLETE
12003,0.6875,2026-04-09 12:01:22.676230,2026-04-09 12:01:29.382763,0 days 00:00:06.706533,413.0,1.0,116.4,153.8,0.27,COMPLETE
12004,0.825,2026-04-09 12:01:29.399232,2026-04-09 12:02:03.665762,0 days 00:00:34.266530,390.0,1.0,119.8,157.0,0.2,COMPLETE
12005,0.6875,2026-04-09 12:02:03.682339,2026-04-09 12:02:10.823359,0 days 00:00:07.141020,447.0,1.0,114.6,156.0,0.23,COMPLETE
12006,0.6875,2026-04-09 12:02:10.842555,2026-04-09 12:02:17.602291,0 days 00:00:06.759736,412.0,1.0,116.7,158.5,0.29,COMPLETE
12007,0.6875,2026-04-09 12:02:17.617644,2026-04-09 12:02:24.402617,0 days 00:00:06.784973,457.0,1.0,115.5,156.2,0.31,COMPLETE
12008,0.6875,2026-04-09 12:02:24.418860,2026-04-09 12:02:31.178607,0 days 00:00:06.759747,392.0,1.0,114.9,156.4,0.21,COMPLETE
12009,0.6875,2026-04-09 12:02:31.193172,2026-04-09 12:02:38.717362,0 days 00:00:07.524190,436.0,1.0,123.5,154.2,0.51,COMPLETE
12010,0.6875,2026-04-09 12:02:38.733526,2026-04-09 12:02:46.089539,0 days 00:00:07.356013,420.0,2.0,115.9,154.4,0.28,COMPLETE
12011,0.6875,2026-04-09 12:02:46.103959,2026-04-09 12:02:52.675755,0 days 00:00:06.571796,438.0,1.0,115.0,154.7,0.26,COMPLETE
12012,0.825,2026-04-09 12:02:52.691914,2026-04-09 12:03:27.113791,0 days 00:00:34.421877,313.0,3.0,119.7,156.8,0.33,COMPLETE
12013,0.6875,2026-04-09 12:03:27.127300,2026-04-09 12:03:34.547914,0 days 00:00:07.420614,200.0,2.0,124.0,154.3,0.34,COMPLETE
12014,0.6875,2026-04-09 12:03:34.563830,2026-04-09 12:03:42.279114,0 days 00:00:07.715284,413.0,2.0,113.6,153.9,0.0,COMPLETE
12015,0.6875,2026-04-09 12:03:42.292792,2026-04-09 12:03:49.072956,0 days 00:00:06.780164,342.0,1.0,114.1,153.6,0.0,COMPLETE
12016,0.6875,2026-04-09 12:03:49.089695,2026-04-09 12:03:55.863945,0 days 00:00:06.774250,410.0,1.0,116.3,154.8,0.41000000000000003,COMPLETE
12017,0.6875,2026-04-09 12:03:55.878874,2026-04-09 12:04:02.401395,0 days 00:00:06.522521,465.0,1.0,116.2,154.0,0.43,COMPLETE
12018,0.825,2026-04-09 12:04:02.418063,2026-04-09 12:04:36.753956,0 days 00:00:34.335893,327.0,2.0,118.0,155.8,0.0,COMPLETE
12019,0.6875,2026-04-09 12:04:36.766930,2026-04-09 12:04:43.699588,0 days 00:00:06.932658,459.0,1.0,115.0,155.1,0.19,COMPLETE
12020,0.825,2026-04-09 12:04:43.715782,2026-04-09 12:05:40.450287,0 days 00:00:56.734505,417.0,2.0,125.4,154.1,0.01,COMPLETE
12021,0.6875,2026-04-09 12:05:40.466339,2026-04-09 12:05:47.738820,0 days 00:00:07.272481,499.0,2.0,119.9,153.5,1.33,COMPLETE
12022,0.6875,2026-04-09 12:05:47.754122,2026-04-09 12:05:54.859803,0 days 00:00:07.105681,438.0,1.0,115.3,156.6,0.0,COMPLETE
12023,0.825,2026-04-09 12:05:54.876785,2026-04-09 12:06:29.660423,0 days 00:00:34.783638,411.0,1.0,123.2,156.8,0.37,COMPLETE
12024,0.6875,2026-04-09 12:06:29.674432,2026-04-09 12:06:36.899919,0 days 00:00:07.225487,211.0,2.0,122.1,157.5,0.17,COMPLETE
12025,0.6875,2026-04-09 12:06:36.915790,2026-04-09 12:06:43.670132,0 days 00:00:06.754342,331.0,2.0,121.6,154.4,0.52,COMPLETE
12026,0.825,2026-04-09 12:06:43.686521,2026-04-09 12:07:17.865867,0 days 00:00:34.179346,414.0,1.0,119.7,155.4,0.47000000000000003,COMPLETE
12027,0.6875,2026-04-09 12:07:17.882407,2026-04-09 12:07:24.992028,0 days 00:00:07.109621,446.0,1.0,115.0,157.9,0.48,COMPLETE
12028,0.825,2026-04-09 12:07:25.007001,2026-04-09 12:07:59.545206,0 days 00:00:34.538205,456.0,2.0,120.4,153.3,0.15,COMPLETE
12029,0.6875,2026-04-09 12:07:59.561184,2026-04-09 12:08:07.010316,0 days 00:00:07.449132,424.0,2.0,113.5,153.3,0.51,COMPLETE
12030,0.6875,2026-04-09 12:08:07.026723,2026-04-09 12:08:14.096460,0 days 00:00:07.069737,342.0,2.0,114.0,156.7,0.79,COMPLETE
12031,0.6875,2026-04-09 12:08:14.113724,2026-04-09 12:08:20.994068,0 days 00:00:06.880344,441.0,2.0,117.2,154.4,0.24,COMPLETE
12032,0.6875,2026-04-09 12:08:21.010237,2026-04-09 12:08:28.287682,0 days 00:00:07.277445,467.0,3.0,114.1,148.0,0.55,COMPLETE
12033,0.6875,2026-04-09 12:08:28.301679,2026-04-09 12:08:35.515780,0 days 00:00:07.214101,483.0,1.0,115.2,154.2,0.01,COMPLETE
12034,0.6875,2026-04-09 12:08:35.532590,2026-04-09 12:08:42.110546,0 days 00:00:06.577956,466.0,1.0,114.8,153.4,0.01,COMPLETE
12035,0.6875,2026-04-09 12:08:42.125047,2026-04-09 12:08:49.282905,0 days 00:00:07.157858,385.0,1.0,116.7,149.3,0.28,COMPLETE
12036,0.6875,2026-04-09 12:08:49.299363,2026-04-09 12:08:56.419789,0 days 00:00:07.120426,391.0,1.0,117.8,154.7,0.64,COMPLETE
12037,0.6875,2026-04-09 12:08:56.434141,2026-04-09 12:09:03.358654,0 days 00:00:06.924513,357.0,2.0,115.2,158.2,0.08,COMPLETE
12038,0.6875,2026-04-09 12:09:03.374990,2026-04-09 12:09:10.246268,0 days 00:00:06.871278,344.0,1.0,117.5,155.2,0.24,COMPLETE
12039,0.6875,2026-04-09 12:09:10.260607,2026-04-09 12:09:17.251466,0 days 00:00:06.990859,374.0,1.0,113.0,153.1,0.15,COMPLETE
12040,0.6875,2026-04-09 12:09:17.267453,2026-04-09 12:09:24.146413,0 days 00:00:06.878960,459.0,1.0,116.8,154.0,0.02,COMPLETE
12041,0.825,2026-04-09 12:09:24.159738,2026-04-09 12:09:58.285492,0 days 00:00:34.125754,450.0,1.0,116.8,155.9,0.24,COMPLETE
12042,0.6875,2026-04-09 12:09:58.301993,2026-04-09 12:10:05.355144,0 days 00:00:07.053151,376.0,1.0,117.5,155.0,0.27,COMPLETE
12043,0.6875,2026-04-09 12:10:05.368843,2026-04-09 12:10:12.158388,0 days 00:00:06.789545,388.0,1.0,114.2,154.5,0.26,COMPLETE
12044,0.6875,2026-04-09 12:10:12.175159,2026-04-09 12:10:19.761974,0 days 00:00:07.586815,333.0,1.0,121.3,151.7,0.59,COMPLETE
12045,0.6875,2026-04-09 12:10:19.775943,2026-04-09 12:10:26.337830,0 days 00:00:06.561887,333.0,1.0,121.5,152.6,0.24,COMPLETE
12046,0.6875,2026-04-09 12:10:26.354817,2026-04-09 12:10:33.256407,0 days 00:00:06.901590,308.0,1.0,117.6,152.4,0.55,COMPLETE
12047,0.825,2026-04-09 12:10:33.271478,2026-04-09 12:11:07.417747,0 days 00:00:34.146269,470.0,1.0,118.0,154.8,0.0,COMPLETE
12048,0.825,2026-04-09 12:11:07.434147,2026-04-09 12:11:41.472286,0 days 00:00:34.038139,461.0,1.0,117.3,156.8,0.26,COMPLETE
12049,0.6875,2026-04-09 12:11:41.489115,2026-04-09 12:11:48.759935,0 days 00:00:07.270820,399.0,2.0,113.8,151.7,0.0,COMPLETE
12050,0.6875,2026-04-09 12:11:48.774800,2026-04-09 12:11:55.795412,0 days 00:00:07.020612,315.0,2.0,113.5,154.3,0.03,COMPLETE
12051,0.6875,2026-04-09 12:11:55.812026,2026-04-09 12:12:02.708662,0 days 00:00:06.896636,326.0,2.0,117.0,152.1,0.23,COMPLETE
12052,0.6875,2026-04-09 12:12:02.722142,2026-04-09 12:12:09.612548,0 days 00:00:06.890406,398.0,2.0,120.6,154.1,0.3,COMPLETE
12053,0.6875,2026-04-09 12:12:09.629180,2026-04-09 12:12:16.467412,0 days 00:00:06.838232,424.0,2.0,123.5,154.2,0.4,COMPLETE
12054,0.825,2026-04-09 12:12:16.480734,2026-04-09 12:12:50.859089,0 days 00:00:34.378355,396.0,1.0,118.9,157.5,0.7000000000000001,COMPLETE
12055,0.6875,2026-04-09 12:12:50.875305,2026-04-09 12:12:58.064682,0 days 00:00:07.189377,405.0,1.0,116.2,152.3,0.24,COMPLETE
12056,0.6875,2026-04-09 12:12:58.079215,2026-04-09 12:13:04.694079,0 days 00:00:06.614864,398.0,1.0,116.9,153.4,0.45,COMPLETE
12057,0.6875,2026-04-09 12:13:04.710306,2026-04-09 12:13:11.467764,0 days 00:00:06.757458,391.0,1.0,114.6,154.0,0.22,COMPLETE
12058,0.6875,2026-04-09 12:13:11.481169,2026-04-09 12:13:18.426388,0 days 00:00:06.945219,313.0,1.0,116.3,153.9,0.26,COMPLETE
12059,0.825,2026-04-09 12:13:18.443611,2026-04-09 12:13:52.526101,0 days 00:00:34.082490,431.0,1.0,117.3,152.6,0.01,COMPLETE
12060,0.6875,2026-04-09 12:13:52.542520,2026-04-09 12:13:59.930627,0 days 00:00:07.388107,263.0,2.0,121.5,155.4,0.26,COMPLETE
12061,0.6875,2026-04-09 12:13:59.944626,2026-04-09 12:14:07.134897,0 days 00:00:07.190271,413.0,1.0,115.0,155.9,0.01,COMPLETE
12062,0.6875,2026-04-09 12:14:07.151269,2026-04-09 12:14:14.196884,0 days 00:00:07.045615,327.0,1.0,114.5,158.6,0.0,COMPLETE
12063,0.6875,2026-04-09 12:14:14.212543,2026-04-09 12:14:21.850408,0 days 00:00:07.637865,365.0,2.0,121.7,152.2,0.08,COMPLETE
12064,0.6875,2026-04-09 12:14:21.863896,2026-04-09 12:14:29.102385,0 days 00:00:07.238489,341.0,2.0,115.0,153.5,0.01,COMPLETE
12065,0.825,2026-04-09 12:14:29.116023,2026-04-09 12:15:03.474008,0 days 00:00:34.357985,500.0,2.0,119.4,154.6,0.33,COMPLETE
12066,0.825,2026-04-09 12:15:03.490773,2026-04-09 12:15:37.258681,0 days 00:00:33.767908,463.0,1.0,119.4,155.2,0.22,COMPLETE
12067,0.6875,2026-04-09 12:15:37.271895,2026-04-09 12:15:44.388554,0 days 00:00:07.116659,443.0,1.0,115.9,151.7,0.55,COMPLETE
12068,0.6875,2026-04-09 12:15:44.404575,2026-04-09 12:15:51.293270,0 days 00:00:06.888695,369.0,1.0,116.4,153.0,0.43,COMPLETE
12069,0.6875,2026-04-09 12:15:51.308066,2026-04-09 12:15:58.112746,0 days 00:00:06.804680,396.0,1.0,116.1,155.4,0.22,COMPLETE
12070,0.6875,2026-04-09 12:15:58.128921,2026-04-09 12:16:05.644927,0 days 00:00:07.516006,275.0,1.0,122.7,153.0,0.31,COMPLETE
12071,0.6875,2026-04-09 12:16:05.659230,2026-04-09 12:16:12.406790,0 days 00:00:06.747560,215.0,2.0,122.3,153.4,0.35000000000000003,COMPLETE
12072,0.6875,2026-04-09 12:16:12.424246,2026-04-09 12:16:19.649782,0 days 00:00:07.225536,442.0,1.0,115.9,154.9,0.01,COMPLETE
12073,0.671875,2026-04-09 12:16:19.663801,2026-04-09 12:16:26.378847,0 days 00:00:06.715046,457.0,1.0,116.4,152.7,0.02,COMPLETE
12074,0.6875,2026-04-09 12:16:26.395219,2026-04-09 12:16:33.814091,0 days 00:00:07.418872,458.0,2.0,124.2,153.2,0.43,COMPLETE
12075,0.6875,2026-04-09 12:16:33.828439,2026-04-09 12:16:40.630240,0 days 00:00:06.801801,406.0,2.0,122.7,151.4,0.38,COMPLETE
12076,0.6875,2026-04-09 12:16:40.646878,2026-04-09 12:16:47.670423,0 days 00:00:07.023545,247.0,2.0,123.1,154.7,0.01,COMPLETE
12077,0.6875,2026-04-09 12:16:47.684411,2026-04-09 12:16:55.058295,0 days 00:00:07.373884,153.0,3.0,126.7,153.8,0.9400000000000001,COMPLETE
12078,0.6875,2026-04-09 12:16:55.075069,2026-04-09 12:17:02.811370,0 days 00:00:07.736301,379.0,1.0,115.5,158.5,0.27,COMPLETE
12079,0.015625,2026-04-09 12:17:02.824655,2026-04-09 12:17:09.492150,0 days 00:00:06.667495,391.0,2.0,115.9,155.4,0.01,COMPLETE
12080,0.6875,2026-04-09 12:17:09.505224,2026-04-09 12:17:16.136078,0 days 00:00:06.630854,486.0,1.0,117.3,153.7,0.23,COMPLETE
12081,0.825,2026-04-09 12:17:16.149730,2026-04-09 12:17:50.647971,0 days 00:00:34.498241,363.0,1.0,118.5,156.2,0.01,COMPLETE
12082,0.6875,2026-04-09 12:17:50.664424,2026-04-09 12:17:57.585912,0 days 00:00:06.921488,401.0,1.0,118.5,153.5,0.28,COMPLETE
12083,0.6875,2026-04-09 12:17:57.602037,2026-04-09 12:18:04.419665,0 days 00:00:06.817628,453.0,1.0,115.8,154.3,0.0,COMPLETE
12084,0.6875,2026-04-09 12:18:04.432981,2026-04-09 12:18:11.225892,0 days 00:00:06.792911,321.0,1.0,115.0,154.2,0.25,COMPLETE
12085,0.6875,2026-04-09 12:18:11.241695,2026-04-09 12:18:17.983975,0 days 00:00:06.742280,405.0,1.0,116.0,156.0,0.53,COMPLETE
12086,0.6875,2026-04-09 12:18:17.997333,2026-04-09 12:18:24.838361,0 days 00:00:06.841028,500.0,1.0,113.3,153.3,0.01,COMPLETE
12087,0.6875,2026-04-09 12:18:24.851685,2026-04-09 12:18:31.799837,0 days 00:00:06.948152,428.0,1.0,115.8,149.6,0.46,COMPLETE
12088,0.825,2026-04-09 12:18:31.816980,2026-04-09 12:19:06.132113,0 days 00:00:34.315133,418.0,1.0,118.4,154.4,0.26,COMPLETE
12089,0.825,2026-04-09 12:19:06.148695,2026-04-09 12:19:11.563515,0 days 00:00:05.414820,391.0,1.0,116.2,155.5,0.0,COMPLETE
12090,0.825,2026-04-09 12:19:11.577868,2026-04-09 12:19:46.546115,0 days 00:00:34.968247,379.0,1.0,121.6,156.2,0.0,COMPLETE
12091,0.6875,2026-04-09 12:19:46.562837,2026-04-09 12:19:53.687020,0 days 00:00:07.124183,456.0,2.0,115.1,156.6,0.22,COMPLETE
12092,0.6875,2026-04-09 12:19:53.700314,2026-04-09 12:20:00.857980,0 days 00:00:07.157666,432.0,1.0,121.9,154.0,0.35000000000000003,COMPLETE
12093,0.6875,2026-04-09 12:20:00.874140,2026-04-09 12:20:07.931290,0 days 00:00:07.057150,341.0,2.0,123.3,158.3,0.06,COMPLETE
12094,0.6875,2026-04-09 12:20:07.944792,2026-04-09 12:20:15.564041,0 days 00:00:07.619249,496.0,2.0,113.1,153.7,0.32,COMPLETE
12095,0.6875,2026-04-09 12:20:15.581248,2026-04-09 12:20:22.356812,0 days 00:00:06.775564,404.0,1.0,114.6,154.4,0.47000000000000003,COMPLETE
12096,0.6875,2026-04-09 12:20:22.370046,2026-04-09 12:20:29.074771,0 days 00:00:06.704725,439.0,2.0,114.6,157.2,0.0,COMPLETE
12097,0.825,2026-04-09 12:20:29.091644,2026-04-09 12:21:03.865513,0 days 00:00:34.773869,430.0,1.0,119.2,156.9,0.28,COMPLETE
12098,0.6875,2026-04-09 12:21:03.879609,2026-04-09 12:21:11.273092,0 days 00:00:07.393483,277.0,2.0,118.7,151.7,0.16,COMPLETE
12099,0.825,2026-04-09 12:21:11.289534,2026-04-09 12:21:45.617515,0 days 00:00:34.327981,470.0,2.0,123.2,156.5,0.28,COMPLETE
12100,0.825,2026-04-09 12:21:45.631766,2026-04-09 12:22:20.184448,0 days 00:00:34.552682,409.0,1.0,117.3,156.6,0.24,COMPLETE
12101,0.6875,2026-04-09 12:22:20.200797,2026-04-09 12:22:27.189265,0 days 00:00:06.988468,363.0,1.0,117.4,153.9,0.0,COMPLETE
12102,0.6875,2026-04-09 12:22:27.205552,2026-04-09 12:22:33.973567,0 days 00:00:06.768015,439.0,1.0,114.4,152.3,0.2,COMPLETE
12103,0.671875,2026-04-09 12:22:33.987725,2026-04-09 12:22:41.543027,0 days 00:00:07.555302,482.0,1.0,123.3,154.9,0.8300000000000001,COMPLETE
12104,0.825,2026-04-09 12:22:41.559567,2026-04-09 12:23:15.772664,0 days 00:00:34.213097,267.0,2.0,123.1,156.6,0.27,COMPLETE
12105,0.6875,2026-04-09 12:23:15.789136,2026-04-09 12:23:23.362555,0 days 00:00:07.573419,326.0,1.0,114.7,155.5,0.55,COMPLETE
12106,0.825,2026-04-09 12:23:23.378545,2026-04-09 12:23:57.507556,0 days 00:00:34.129011,416.0,1.0,118.5,154.6,0.21,COMPLETE
12107,0.825,2026-04-09 12:23:57.524520,2026-04-09 12:24:32.021460,0 days 00:00:34.496940,342.0,2.0,122.2,156.4,0.0,COMPLETE
12108,0.825,2026-04-09 12:24:32.037840,2026-04-09 12:24:39.552491,0 days 00:00:07.514651,466.0,2.0,116.4,155.0,0.31,COMPLETE
12109,0.825,2026-04-09 12:24:39.567127,2026-04-09 12:25:14.030734,0 days 00:00:34.463607,379.0,1.0,119.1,152.6,0.2,COMPLETE
12110,0.6875,2026-04-09 12:25:14.047212,2026-04-09 12:25:20.940833,0 days 00:00:06.893621,383.0,1.0,117.2,150.2,0.0,COMPLETE
12111,0.825,2026-04-09 12:25:20.954439,2026-04-09 12:25:54.977489,0 days 00:00:34.023050,448.0,1.0,118.6,152.8,0.25,COMPLETE
12112,0.6875,2026-04-09 12:25:54.994561,2026-04-09 12:26:02.241296,0 days 00:00:07.246735,397.0,2.0,115.4,158.3,0.01,COMPLETE
12113,0.6875,2026-04-09 12:26:02.254409,2026-04-09 12:26:09.676263,0 days 00:00:07.421854,370.0,1.0,122.3,153.9,0.54,COMPLETE
12114,0.825,2026-04-09 12:26:09.692691,2026-04-09 12:26:43.879522,0 days 00:00:34.186831,435.0,1.0,119.0,157.5,0.46,COMPLETE
12115,0.6875,2026-04-09 12:26:43.895776,2026-04-09 12:26:51.114931,0 days 00:00:07.219155,427.0,2.0,115.9,153.5,0.19,COMPLETE
12116,0.6875,2026-04-09 12:26:51.127761,2026-04-09 12:26:58.325927,0 days 00:00:07.198166,367.0,1.0,120.5,154.2,0.46,COMPLETE
12117,0.825,2026-04-09 12:26:58.341036,2026-04-09 12:27:32.515550,0 days 00:00:34.174514,397.0,2.0,120.1,156.3,0.3,COMPLETE
12118,0.671875,2026-04-09 12:27:32.532230,2026-04-09 12:27:39.868386,0 days 00:00:07.336156,295.0,2.0,122.5,153.0,0.22,COMPLETE
12119,0.825,2026-04-09 12:27:39.884723,2026-04-09 12:28:14.013208,0 days 00:00:34.128485,339.0,3.0,123.3,156.6,0.45,COMPLETE
12120,0.6875,2026-04-09 12:28:14.026415,2026-04-09 12:28:21.905320,0 days 00:00:07.878905,279.0,1.0,114.4,155.5,0.03,COMPLETE
12121,0.6875,2026-04-09 12:28:21.921499,2026-04-09 12:28:28.655443,0 days 00:00:06.733944,405.0,1.0,116.3,154.6,0.0,COMPLETE
12122,0.6875,2026-04-09 12:28:28.669352,2026-04-09 12:28:36.323185,0 days 00:00:07.653833,318.0,1.0,124.1,155.7,0.02,COMPLETE
12123,0.825,2026-04-09 12:28:36.339773,2026-04-09 12:29:10.554619,0 days 00:00:34.214846,407.0,2.0,119.3,154.5,0.01,COMPLETE
12124,0.6875,2026-04-09 12:29:10.568166,2026-04-09 12:29:17.602641,0 days 00:00:07.034475,356.0,1.0,114.8,154.6,0.01,COMPLETE
12125,0.825,2026-04-09 12:29:17.617757,2026-04-09 12:29:51.530665,0 days 00:00:33.912908,500.0,2.0,116.3,154.9,0.02,COMPLETE
12126,0.825,2026-04-09 12:29:51.544303,2026-04-09 12:30:25.849415,0 days 00:00:34.305112,378.0,1.0,118.3,153.4,0.23,COMPLETE
12127,0.6875,2026-04-09 12:30:25.866310,2026-04-09 12:30:32.700730,0 days 00:00:06.834420,357.0,1.0,116.8,152.9,0.0,COMPLETE
12128,0.6875,2026-04-09 12:30:32.714871,2026-04-09 12:30:39.555624,0 days 00:00:06.840753,434.0,1.0,114.9,154.7,0.48,COMPLETE
12129,0.6875,2026-04-09 12:30:39.570568,2026-04-09 12:30:46.248151,0 days 00:00:06.677583,436.0,1.0,115.1,153.2,0.32,COMPLETE
12130,0.6875,2026-04-09 12:30:46.262009,2026-04-09 12:30:53.796889,0 days 00:00:07.534880,375.0,1.0,123.9,154.5,0.32,COMPLETE
12131,0.6875,2026-04-09 12:30:53.810479,2026-04-09 12:31:01.218742,0 days 00:00:07.408263,424.0,2.0,115.9,153.8,0.01,COMPLETE
12132,0.825,2026-04-09 12:31:01.232373,2026-04-09 12:31:35.462084,0 days 00:00:34.229711,367.0,2.0,118.5,155.0,0.26,COMPLETE
12133,0.6875,2026-04-09 12:31:35.479553,2026-04-09 12:31:42.461949,0 days 00:00:06.982396,409.0,1.0,115.8,153.3,0.26,COMPLETE
12134,0.6875,2026-04-09 12:31:42.478266,2026-04-09 12:31:49.130753,0 days 00:00:06.652487,492.0,2.0,115.0,154.4,0.01,COMPLETE
12135,0.6875,2026-04-09 12:31:49.144796,2026-04-09 12:31:56.243410,0 days 00:00:07.098614,335.0,1.0,116.3,157.0,0.29,COMPLETE
12136,0.6875,2026-04-09 12:31:56.260023,2026-04-09 12:32:03.036271,0 days 00:00:06.776248,365.0,1.0,115.3,154.0,0.2,COMPLETE
12137,0.825,2026-04-09 12:32:03.049762,2026-04-09 12:32:37.150735,0 days 00:00:34.100973,331.0,1.0,118.0,154.3,0.0,COMPLETE
12138,0.6875,2026-04-09 12:32:37.167271,2026-04-09 12:32:45.191840,0 days 00:00:08.024569,150.0,1.0,122.9,148.2,1.96,COMPLETE
12139,0.6875,2026-04-09 12:32:45.206599,2026-04-09 12:32:52.645145,0 days 00:00:07.438546,295.0,1.0,116.5,152.6,0.01,COMPLETE
12140,0.6875,2026-04-09 12:32:52.661662,2026-04-09 12:32:59.973446,0 days 00:00:07.311784,372.0,1.0,123.7,152.8,1.2,COMPLETE
12141,0.825,2026-04-09 12:32:59.986726,2026-04-09 12:33:34.477954,0 days 00:00:34.491228,495.0,1.0,119.1,156.5,0.59,COMPLETE
12142,0.6875,2026-04-09 12:33:34.494771,2026-04-09 12:33:41.431434,0 days 00:00:06.936663,470.0,1.0,123.9,154.3,0.38,COMPLETE
12143,0.6875,2026-04-09 12:33:41.444512,2026-04-09 12:33:48.625165,0 days 00:00:07.180653,250.0,1.0,125.5,157.6,0.8200000000000001,COMPLETE
12144,0.6875,2026-04-09 12:33:48.642112,2026-04-09 12:33:56.439057,0 days 00:00:07.796945,427.0,1.0,113.2,155.5,0.0,COMPLETE
12145,0.825,2026-04-09 12:33:56.452611,2026-04-09 12:34:30.835663,0 days 00:00:34.383052,353.0,1.0,118.0,156.7,0.2,COMPLETE
12146,0.6875,2026-04-09 12:34:30.852570,2026-04-09 12:34:37.964963,0 days 00:00:07.112393,457.0,3.0,113.7,154.4,0.78,COMPLETE
12147,0.671875,2026-04-09 12:34:37.978061,2026-04-09 12:34:44.748323,0 days 00:00:06.770262,416.0,1.0,115.8,152.3,0.0,COMPLETE
12148,0.6875,2026-04-09 12:34:44.764992,2026-04-09 12:34:51.733077,0 days 00:00:06.968085,416.0,1.0,119.1,149.7,0.25,COMPLETE
12149,0.6875,2026-04-09 12:34:51.746573,2026-04-09 12:34:58.891802,0 days 00:00:07.145229,452.0,1.0,115.8,154.2,0.6900000000000001,COMPLETE
12150,0.6875,2026-04-09 12:34:58.908515,2026-04-09 12:35:05.991700,0 days 00:00:07.083185,351.0,1.0,116.1,150.7,0.17,COMPLETE
12151,0.6875,2026-04-09 12:35:06.005256,2026-04-09 12:35:12.969729,0 days 00:00:06.964473,356.0,1.0,118.0,154.8,0.5,COMPLETE
12152,0.825,2026-04-09 12:35:12.985717,2026-04-09 12:35:18.179151,0 days 00:00:05.193434,438.0,1.0,116.0,154.6,0.4,COMPLETE
12153,0.6875,2026-04-09 12:35:18.195704,2026-04-09 12:35:25.203959,0 days 00:00:07.008255,407.0,1.0,116.3,159.0,0.01,COMPLETE
12154,0.6875,2026-04-09 12:35:25.217911,2026-04-09 12:35:32.012538,0 days 00:00:06.794627,392.0,1.0,116.2,156.4,0.53,COMPLETE
12155,0.6875,2026-04-09 12:35:32.029135,2026-04-09 12:35:38.815382,0 days 00:00:06.786247,363.0,1.0,117.7,153.4,0.64,COMPLETE
12156,0.6875,2026-04-09 12:35:38.828986,2026-04-09 12:35:45.741696,0 days 00:00:06.912710,410.0,1.0,114.5,155.9,0.33,COMPLETE
12157,0.6875,2026-04-09 12:35:45.757745,2026-04-09 12:35:52.616297,0 days 00:00:06.858552,413.0,1.0,117.2,156.1,0.9400000000000001,COMPLETE
12158,0.6875,2026-04-09 12:35:52.630200,2026-04-09 12:35:59.430292,0 days 00:00:06.800092,410.0,1.0,114.7,153.8,0.0,COMPLETE
12159,0.6875,2026-04-09 12:35:59.446440,2026-04-09 12:36:07.048275,0 days 00:00:07.601835,446.0,3.0,122.7,154.3,0.75,COMPLETE
12160,0.6875,2026-04-09 12:36:07.063228,2026-04-09 12:36:14.474754,0 days 00:00:07.411526,377.0,2.0,116.8,154.2,0.01,COMPLETE
12161,0.6875,2026-04-09 12:36:14.491495,2026-04-09 12:36:21.021802,0 days 00:00:06.530307,412.0,1.0,116.6,153.7,0.01,COMPLETE
12162,0.6875,2026-04-09 12:36:21.035704,2026-04-09 12:36:29.006931,0 days 00:00:07.971227,192.0,1.0,125.0,152.8,0.44,COMPLETE
12163,0.6875,2026-04-09 12:36:29.023221,2026-04-09 12:36:36.744036,0 days 00:00:07.720815,469.0,1.0,115.7,157.5,0.19,COMPLETE
12164,0.6875,2026-04-09 12:36:36.760406,2026-04-09 12:36:44.464430,0 days 00:00:07.704024,498.0,3.0,126.0,157.1,0.67,COMPLETE
12165,0.6875,2026-04-09 12:36:44.480687,2026-04-09 12:36:52.121565,0 days 00:00:07.640878,397.0,1.0,120.0,152.3,0.81,COMPLETE
12166,0.825,2026-04-09 12:36:52.136379,2026-04-09 12:37:26.195698,0 days 00:00:34.059319,381.0,1.0,118.9,155.8,0.01,COMPLETE
12167,0.6875,2026-04-09 12:37:26.212684,2026-04-09 12:37:33.739467,0 days 00:00:07.526783,194.0,2.0,122.5,155.7,0.19,COMPLETE
