number,value,datetime_start,datetime_complete,duration,params_voltage,params_width,params_x,params_y,params_z,state
696,0.6875,2026-04-04 20:15:13.025585,2026-04-04 20:15:19.718737,0 days 00:00:06.693152,397.0,2.0,121.0,151.3,1.6300000000000001,COMPLETE
697,0.6875,2026-04-04 20:15:19.728613,2026-04-04 20:15:26.872582,0 days 00:00:07.143969,166.0,3.0,122.1,152.6,0.97,COMPLETE
698,0.6875,2026-04-04 20:15:26.884537,2026-04-04 20:15:33.861805,0 days 00:00:06.977268,224.0,3.0,119.8,157.9,0.09,COMPLETE
699,0.6875,2026-04-04 20:15:33.873818,2026-04-04 20:15:40.903890,0 days 00:00:07.030072,497.0,1.0,114.4,153.8,0.98,COMPLETE
700,0.6875,2026-04-04 20:15:40.915871,2026-04-04 20:15:47.756076,0 days 00:00:06.840205,328.0,1.0,113.3,157.2,0.36,COMPLETE
701,0.6875,2026-04-04 20:15:47.767821,2026-04-04 20:15:55.710916,0 days 00:00:07.943095,486.0,3.0,126.1,151.9,0.4,COMPLETE
702,0.6875,2026-04-04 20:15:55.723779,2026-04-04 20:16:03.158756,0 days 00:00:07.434977,208.0,2.0,119.9,151.5,0.98,COMPLETE
703,0.6875,2026-04-04 20:16:03.167239,2026-04-04 20:16:09.861071,0 days 00:00:06.693832,392.0,1.0,117.0,154.4,1.1,COMPLETE
704,0.6875,2026-04-04 20:16:09.873018,2026-04-04 20:16:17.885366,0 days 00:00:08.012348,157.0,3.0,126.1,155.5,0.34,COMPLETE
705,0.6875,2026-04-04 20:16:17.898143,2026-04-04 20:16:24.553594,0 days 00:00:06.655451,207.0,2.0,124.3,153.2,0.65,COMPLETE
706,0.6875,2026-04-04 20:16:24.562015,2026-04-04 20:16:31.323666,0 days 00:00:06.761651,494.0,1.0,126.8,150.3,1.55,COMPLETE
707,0.6875,2026-04-04 20:16:31.335638,2026-04-04 20:16:39.557021,0 days 00:00:08.221383,299.0,2.0,114.8,157.4,0.02,COMPLETE
708,0.6875,2026-04-04 20:16:39.568895,2026-04-04 20:16:47.215325,0 days 00:00:07.646430,233.0,3.0,124.9,157.1,0.05,COMPLETE
709,0.6875,2026-04-04 20:16:47.227251,2026-04-04 20:16:55.220581,0 days 00:00:07.993330,255.0,1.0,113.1,149.8,0.4,COMPLETE
710,0.6875,2026-04-04 20:16:55.232213,2026-04-04 20:17:02.619166,0 days 00:00:07.386953,374.0,1.0,118.9,155.6,0.9500000000000001,COMPLETE
711,0.6875,2026-04-04 20:17:02.631877,2026-04-04 20:17:10.365835,0 days 00:00:07.733958,150.0,3.0,125.3,154.5,0.71,COMPLETE
712,0.6875,2026-04-04 20:17:10.376698,2026-04-04 20:17:17.250044,0 days 00:00:06.873346,419.0,3.0,122.9,150.8,0.45,COMPLETE
713,0.6875,2026-04-04 20:17:17.263287,2026-04-04 20:17:24.699098,0 days 00:00:07.435811,162.0,3.0,126.1,151.3,0.23,COMPLETE
714,0.6875,2026-04-04 20:17:24.711371,2026-04-04 20:17:31.308383,0 days 00:00:06.597012,199.0,3.0,124.4,150.5,1.1400000000000001,COMPLETE
715,0.6875,2026-04-04 20:17:31.320527,2026-04-04 20:17:38.194422,0 days 00:00:06.873895,205.0,3.0,126.4,154.2,1.58,COMPLETE
716,0.6875,2026-04-04 20:17:38.206608,2026-04-04 20:17:46.031635,0 days 00:00:07.825027,368.0,2.0,113.4,154.5,1.18,COMPLETE
717,0.6875,2026-04-04 20:17:46.044020,2026-04-04 20:17:52.824624,0 days 00:00:06.780604,243.0,1.0,113.4,152.0,0.89,COMPLETE
718,0.6875,2026-04-04 20:17:52.836475,2026-04-04 20:17:59.915042,0 days 00:00:07.078567,208.0,1.0,118.5,150.8,1.2,COMPLETE
719,0.671875,2026-04-04 20:17:59.927427,2026-04-04 20:18:06.588046,0 days 00:00:06.660619,379.0,1.0,120.8,152.2,0.31,COMPLETE
720,0.825,2026-04-04 20:18:06.600607,2026-04-04 20:18:22.648601,0 days 00:00:16.047994,382.0,1.0,124.3,152.3,0.32,COMPLETE
721,0.6875,2026-04-04 20:18:22.660036,2026-04-04 20:18:29.434332,0 days 00:00:06.774296,337.0,1.0,121.1,153.9,0.55,COMPLETE
722,0.825,2026-04-04 20:18:29.446665,2026-04-04 20:19:03.418882,0 days 00:00:33.972217,403.0,1.0,119.8,153.0,0.19,COMPLETE
723,0.6875,2026-04-04 20:19:03.431152,2026-04-04 20:19:10.003486,0 days 00:00:06.572334,364.0,1.0,118.4,150.3,0.32,COMPLETE
724,0.6875,2026-04-04 20:19:10.015420,2026-04-04 20:19:17.111940,0 days 00:00:07.096520,168.0,1.0,118.1,153.9,0.02,COMPLETE
725,0.6875,2026-04-04 20:19:17.124003,2026-04-04 20:19:24.020656,0 days 00:00:06.896653,400.0,1.0,117.1,148.7,1.81,COMPLETE
726,0.6875,2026-04-04 20:19:24.032702,2026-04-04 20:19:30.916675,0 days 00:00:06.883973,428.0,1.0,119.4,154.0,1.08,COMPLETE
727,0.6875,2026-04-04 20:19:30.928814,2026-04-04 20:19:37.661444,0 days 00:00:06.732630,431.0,1.0,118.1,152.3,0.39,COMPLETE
728,0.825,2026-04-04 20:19:37.673257,2026-04-04 20:20:11.781106,0 days 00:00:34.107849,421.0,3.0,121.6,152.2,0.11,COMPLETE
729,0.6875,2026-04-04 20:20:11.793020,2026-04-04 20:20:18.700333,0 days 00:00:06.907313,356.0,1.0,119.4,150.6,0.48,COMPLETE
730,0.6875,2026-04-04 20:20:18.712558,2026-04-04 20:20:25.999514,0 days 00:00:07.286956,363.0,1.0,116.9,159.2,1.05,COMPLETE
731,0.6875,2026-04-04 20:20:26.007914,2026-04-04 20:20:32.628823,0 days 00:00:06.620909,337.0,2.0,115.8,155.8,0.73,COMPLETE
732,0.6875,2026-04-04 20:20:32.640722,2026-04-04 20:20:39.559153,0 days 00:00:06.918431,402.0,1.0,121.1,153.4,0.37,COMPLETE
733,0.6875,2026-04-04 20:20:39.571382,2026-04-04 20:20:46.508379,0 days 00:00:06.936997,319.0,1.0,119.0,156.8,0.89,COMPLETE
734,0.6875,2026-04-04 20:20:46.519242,2026-04-04 20:20:53.447929,0 days 00:00:06.928687,337.0,1.0,115.1,152.6,0.81,COMPLETE
735,0.6875,2026-04-04 20:20:53.460112,2026-04-04 20:21:00.280857,0 days 00:00:06.820745,390.0,1.0,120.1,151.5,0.52,COMPLETE
736,0.6875,2026-04-04 20:21:00.292863,2026-04-04 20:21:07.621898,0 days 00:00:07.329035,385.0,1.0,117.8,160.0,0.38,COMPLETE
737,0.6875,2026-04-04 20:21:07.633991,2026-04-04 20:21:15.762011,0 days 00:00:08.128020,160.0,2.0,120.2,151.5,1.6500000000000001,COMPLETE
738,0.6875,2026-04-04 20:21:15.774532,2026-04-04 20:21:22.689494,0 days 00:00:06.914962,156.0,1.0,116.1,154.9,1.02,COMPLETE
739,0.6875,2026-04-04 20:21:22.702378,2026-04-04 20:21:29.571821,0 days 00:00:06.869443,463.0,2.0,113.4,158.4,1.57,COMPLETE
740,0.6875,2026-04-04 20:21:29.583591,2026-04-04 20:21:36.886484,0 days 00:00:07.302893,294.0,3.0,119.1,154.5,0.35000000000000003,COMPLETE
741,0.6875,2026-04-04 20:21:36.899001,2026-04-04 20:21:43.662782,0 days 00:00:06.763781,397.0,1.0,115.8,155.2,1.3800000000000001,COMPLETE
742,0.671875,2026-04-04 20:21:43.675202,2026-04-04 20:21:50.751120,0 days 00:00:07.075918,482.0,2.0,122.6,154.5,0.52,COMPLETE
743,0.825,2026-04-04 20:21:50.763750,2026-04-04 20:21:55.901818,0 days 00:00:05.138068,496.0,2.0,125.6,155.2,0.47000000000000003,COMPLETE
744,0.6875,2026-04-04 20:21:55.914406,2026-04-04 20:22:02.709109,0 days 00:00:06.794703,465.0,1.0,123.1,154.1,0.41000000000000003,COMPLETE
745,0.6875,2026-04-04 20:22:02.721578,2026-04-04 20:22:09.860230,0 days 00:00:07.138652,281.0,2.0,119.3,158.2,1.58,COMPLETE
746,0.6875,2026-04-04 20:22:09.872259,2026-04-04 20:22:17.369056,0 days 00:00:07.496797,160.0,2.0,119.5,151.6,0.55,COMPLETE
747,0.825,2026-04-04 20:22:17.381702,2026-04-04 20:22:52.493678,0 days 00:00:35.111976,500.0,2.0,123.5,155.4,0.22,COMPLETE
748,0.825,2026-04-04 20:22:52.505871,2026-04-04 20:23:09.327064,0 days 00:00:16.821193,490.0,2.0,126.8,153.6,0.79,COMPLETE
749,0.6875,2026-04-04 20:23:09.339028,2026-04-04 20:23:16.023191,0 days 00:00:06.684163,487.0,2.0,123.7,153.3,0.5700000000000001,COMPLETE
750,0.6875,2026-04-04 20:23:16.031681,2026-04-04 20:23:23.303705,0 days 00:00:07.272024,448.0,1.0,117.3,148.2,0.92,COMPLETE
751,0.6875,2026-04-04 20:23:23.315658,2026-04-04 20:23:30.679386,0 days 00:00:07.363728,476.0,2.0,114.0,155.4,1.16,COMPLETE
752,0.6875,2026-04-04 20:23:30.691859,2026-04-04 20:23:37.561481,0 days 00:00:06.869622,302.0,2.0,113.0,154.3,0.14,COMPLETE
753,0.6875,2026-04-04 20:23:37.573763,2026-04-04 20:23:44.849426,0 days 00:00:07.275663,446.0,2.0,121.1,154.6,0.9400000000000001,COMPLETE
754,0.6875,2026-04-04 20:23:44.862115,2026-04-04 20:23:51.591273,0 days 00:00:06.729158,479.0,2.0,119.7,153.6,0.48,COMPLETE
755,0.6875,2026-04-04 20:23:51.604581,2026-04-04 20:23:59.020183,0 days 00:00:07.415602,318.0,3.0,122.9,159.4,1.73,COMPLETE
756,0.6875,2026-04-04 20:23:59.032789,2026-04-04 20:24:06.572585,0 days 00:00:07.539796,494.0,1.0,119.0,150.0,0.13,COMPLETE
757,0.6875,2026-04-04 20:24:06.584676,2026-04-04 20:24:13.502012,0 days 00:00:06.917336,254.0,3.0,119.1,151.0,0.76,COMPLETE
758,0.6875,2026-04-04 20:24:13.514758,2026-04-04 20:24:20.906069,0 days 00:00:07.391311,414.0,3.0,123.4,160.0,0.02,COMPLETE
759,0.6875,2026-04-04 20:24:20.917989,2026-04-04 20:24:28.178795,0 days 00:00:07.260806,415.0,2.0,120.9,151.8,0.33,COMPLETE
760,0.825,2026-04-04 20:24:28.187727,2026-04-04 20:25:02.337508,0 days 00:00:34.149781,472.0,3.0,119.9,155.9,0.48,COMPLETE
761,0.825,2026-04-04 20:25:02.349087,2026-04-04 20:25:36.367697,0 days 00:00:34.018610,412.0,2.0,123.4,154.9,0.16,COMPLETE
762,0.825,2026-04-04 20:25:36.376008,2026-04-04 20:26:10.450248,0 days 00:00:34.074240,484.0,2.0,121.0,156.1,0.63,COMPLETE
763,0.6875,2026-04-04 20:26:10.458917,2026-04-04 20:26:17.045997,0 days 00:00:06.587080,452.0,2.0,124.0,155.4,0.71,COMPLETE
764,0.6875,2026-04-04 20:26:17.055445,2026-04-04 20:26:24.806425,0 days 00:00:07.750980,174.0,2.0,118.1,151.6,0.04,COMPLETE
765,0.6875,2026-04-04 20:26:24.815216,2026-04-04 20:26:31.753292,0 days 00:00:06.938076,436.0,3.0,124.5,152.1,0.45,COMPLETE
766,0.6875,2026-04-04 20:26:31.763436,2026-04-04 20:26:38.341933,0 days 00:00:06.578497,291.0,1.0,123.6,152.3,0.19,COMPLETE
767,0.6875,2026-04-04 20:26:38.353284,2026-04-04 20:26:45.600373,0 days 00:00:07.247089,173.0,3.0,126.7,148.6,0.03,COMPLETE
768,0.6875,2026-04-04 20:26:45.612210,2026-04-04 20:26:52.556298,0 days 00:00:06.944088,305.0,2.0,121.6,152.1,1.1,COMPLETE
769,0.6875,2026-04-04 20:26:52.568624,2026-04-04 20:26:59.116385,0 days 00:00:06.547761,428.0,1.0,122.5,150.1,0.75,COMPLETE
770,0.825,2026-04-04 20:26:59.128597,2026-04-04 20:27:33.119999,0 days 00:00:33.991402,387.0,2.0,125.6,153.1,0.36,COMPLETE
771,0.6875,2026-04-04 20:27:33.132511,2026-04-04 20:27:39.879385,0 days 00:00:06.746874,426.0,2.0,122.3,154.6,0.71,COMPLETE
772,0.6875,2026-04-04 20:27:39.891589,2026-04-04 20:27:47.165378,0 days 00:00:07.273789,177.0,3.0,127.0,154.5,0.0,COMPLETE
773,0.6875,2026-04-04 20:27:47.177631,2026-04-04 20:27:54.202104,0 days 00:00:07.024473,251.0,2.0,121.8,158.3,0.79,COMPLETE
774,0.6875,2026-04-04 20:27:54.213877,2026-04-04 20:28:01.131659,0 days 00:00:06.917782,330.0,1.0,120.3,152.9,1.94,COMPLETE
775,0.6875,2026-04-04 20:28:01.144009,2026-04-04 20:28:08.572218,0 days 00:00:07.428209,179.0,2.0,120.2,158.9,1.56,COMPLETE
776,0.6875,2026-04-04 20:28:08.584998,2026-04-04 20:28:15.171940,0 days 00:00:06.586942,214.0,2.0,117.9,159.4,0.5,COMPLETE
777,0.825,2026-04-04 20:28:15.183220,2026-04-04 20:28:49.423054,0 days 00:00:34.239834,400.0,1.0,121.6,156.7,0.33,COMPLETE
778,0.825,2026-04-04 20:28:49.435365,2026-04-04 20:29:23.448710,0 days 00:00:34.013345,490.0,2.0,119.4,155.0,0.09,COMPLETE
779,0.6875,2026-04-04 20:29:23.460907,2026-04-04 20:29:30.406577,0 days 00:00:06.945670,494.0,3.0,123.5,151.9,0.43,COMPLETE
780,0.6875,2026-04-04 20:29:30.418797,2026-04-04 20:29:37.100381,0 days 00:00:06.681584,436.0,1.0,121.1,150.7,0.32,COMPLETE
781,0.825,2026-04-04 20:29:37.112266,2026-04-04 20:30:11.089122,0 days 00:00:33.976856,481.0,3.0,123.8,152.7,0.04,COMPLETE
782,0.6875,2026-04-04 20:30:11.101117,2026-04-04 20:30:18.664955,0 days 00:00:07.563838,307.0,1.0,116.8,150.4,0.67,COMPLETE
783,0.6875,2026-04-04 20:30:18.677052,2026-04-04 20:30:25.373155,0 days 00:00:06.696103,344.0,1.0,119.9,152.0,0.32,COMPLETE
784,0.6875,2026-04-04 20:30:25.385503,2026-04-04 20:30:32.862747,0 days 00:00:07.477244,250.0,2.0,118.4,158.6,1.96,COMPLETE
785,0.825,2026-04-04 20:30:32.875172,2026-04-04 20:31:07.140774,0 days 00:00:34.265602,487.0,2.0,122.8,155.2,0.59,COMPLETE
786,0.6875,2026-04-04 20:31:07.152837,2026-04-04 20:31:14.143023,0 days 00:00:06.990186,327.0,1.0,121.9,151.3,0.43,COMPLETE
787,0.6875,2026-04-04 20:31:14.155593,2026-04-04 20:31:21.300333,0 days 00:00:07.144740,331.0,1.0,114.4,149.7,0.59,COMPLETE
788,0.6875,2026-04-04 20:31:21.312464,2026-04-04 20:31:29.024462,0 days 00:00:07.711998,182.0,2.0,113.2,157.9,0.43,COMPLETE
789,0.6875,2026-04-04 20:31:29.036857,2026-04-04 20:31:36.203015,0 days 00:00:07.166158,412.0,3.0,119.6,160.0,1.2,COMPLETE
790,0.6875,2026-04-04 20:31:36.215173,2026-04-04 20:31:43.241658,0 days 00:00:07.026485,416.0,3.0,115.7,155.1,0.2,COMPLETE
791,0.6875,2026-04-04 20:31:43.254538,2026-04-04 20:31:51.261679,0 days 00:00:08.007141,208.0,3.0,126.7,155.4,0.76,COMPLETE
792,0.6875,2026-04-04 20:31:51.270133,2026-04-04 20:31:59.324175,0 days 00:00:08.054042,156.0,2.0,115.6,148.7,1.58,COMPLETE
793,0.6875,2026-04-04 20:31:59.336556,2026-04-04 20:32:06.689900,0 days 00:00:07.353344,397.0,2.0,124.4,152.1,1.42,COMPLETE
794,0.6875,2026-04-04 20:32:06.702418,2026-04-04 20:32:13.364495,0 days 00:00:06.662077,372.0,1.0,122.7,152.7,0.6900000000000001,COMPLETE
795,0.6875,2026-04-04 20:32:13.376691,2026-04-04 20:32:20.368758,0 days 00:00:06.992067,430.0,1.0,120.3,148.3,1.6,COMPLETE
796,0.6875,2026-04-04 20:32:20.381087,2026-04-04 20:32:27.927942,0 days 00:00:07.546855,177.0,3.0,114.5,152.9,1.51,COMPLETE
797,0.6875,2026-04-04 20:32:27.940016,2026-04-04 20:32:35.186532,0 days 00:00:07.246516,171.0,3.0,122.9,152.8,0.0,COMPLETE
798,0.6875,2026-04-04 20:32:35.198634,2026-04-04 20:32:42.577903,0 days 00:00:07.379269,248.0,2.0,116.9,160.0,1.1,COMPLETE
799,0.6875,2026-04-04 20:32:42.586704,2026-04-04 20:32:50.310889,0 days 00:00:07.724185,187.0,1.0,122.7,153.0,0.47000000000000003,COMPLETE
800,0.6875,2026-04-04 20:32:50.323139,2026-04-04 20:32:57.296245,0 days 00:00:06.973106,329.0,1.0,126.8,149.6,1.46,COMPLETE
801,0.6875,2026-04-04 20:32:57.308199,2026-04-04 20:33:03.849029,0 days 00:00:06.540830,383.0,3.0,125.4,150.3,0.8200000000000001,COMPLETE
802,0.6875,2026-04-04 20:33:03.857903,2026-04-04 20:33:11.081197,0 days 00:00:07.223294,342.0,2.0,119.4,153.9,1.27,COMPLETE
803,0.6875,2026-04-04 20:33:11.093625,2026-04-04 20:33:17.869559,0 days 00:00:06.775934,445.0,1.0,114.9,154.3,1.25,COMPLETE
804,0.6875,2026-04-04 20:33:17.881820,2026-04-04 20:33:24.904223,0 days 00:00:07.022403,274.0,2.0,116.2,156.5,1.5,COMPLETE
805,0.6875,2026-04-04 20:33:24.917523,2026-04-04 20:33:32.235930,0 days 00:00:07.318407,485.0,2.0,122.3,152.0,0.6,COMPLETE
806,0.6875,2026-04-04 20:33:32.247888,2026-04-04 20:33:39.175409,0 days 00:00:06.927521,489.0,2.0,126.2,154.5,1.68,COMPLETE
807,0.6875,2026-04-04 20:33:39.188034,2026-04-04 20:33:46.218774,0 days 00:00:07.030740,212.0,3.0,124.9,156.4,1.75,COMPLETE
808,0.6875,2026-04-04 20:33:46.231019,2026-04-04 20:33:53.805497,0 days 00:00:07.574478,256.0,3.0,113.7,158.7,0.18,COMPLETE
809,0.6875,2026-04-04 20:33:53.814689,2026-04-04 20:34:01.686632,0 days 00:00:07.871943,169.0,2.0,124.4,155.8,0.54,COMPLETE
810,0.6875,2026-04-04 20:34:01.698780,2026-04-04 20:34:08.412119,0 days 00:00:06.713339,439.0,1.0,121.9,156.0,1.84,COMPLETE
811,0.6875,2026-04-04 20:34:08.424128,2026-04-04 20:34:15.859805,0 days 00:00:07.435677,215.0,3.0,119.1,150.9,0.03,COMPLETE
812,0.6875,2026-04-04 20:34:15.868540,2026-04-04 20:34:22.941470,0 days 00:00:07.072930,442.0,1.0,125.5,154.4,1.8900000000000001,COMPLETE
813,0.6875,2026-04-04 20:34:22.952297,2026-04-04 20:34:29.675853,0 days 00:00:06.723556,363.0,1.0,123.7,154.0,1.93,COMPLETE
814,0.6875,2026-04-04 20:34:29.688080,2026-04-04 20:34:37.221341,0 days 00:00:07.533261,399.0,2.0,114.0,155.7,0.08,COMPLETE
815,0.6875,2026-04-04 20:34:37.233304,2026-04-04 20:34:43.705809,0 days 00:00:06.472505,471.0,1.0,113.0,155.9,0.58,COMPLETE
816,0.6875,2026-04-04 20:34:43.718674,2026-04-04 20:34:51.405145,0 days 00:00:07.686471,151.0,2.0,116.9,152.7,0.01,COMPLETE
817,0.6875,2026-04-04 20:34:51.417076,2026-04-04 20:34:58.804939,0 days 00:00:07.387863,387.0,3.0,123.2,157.9,0.77,COMPLETE
818,0.6875,2026-04-04 20:34:58.818914,2026-04-04 20:35:06.398710,0 days 00:00:07.579796,489.0,3.0,122.4,148.2,0.34,COMPLETE
819,0.6875,2026-04-04 20:35:06.410632,2026-04-04 20:35:13.655186,0 days 00:00:07.244554,459.0,1.0,115.3,148.2,1.55,COMPLETE
820,0.6875,2026-04-04 20:35:13.667368,2026-04-04 20:35:21.573187,0 days 00:00:07.905819,223.0,2.0,122.7,154.3,0.43,COMPLETE
821,0.6875,2026-04-04 20:35:21.585266,2026-04-04 20:35:28.396116,0 days 00:00:06.810850,263.0,2.0,118.8,154.1,0.12,COMPLETE
822,0.6875,2026-04-04 20:35:28.405350,2026-04-04 20:35:35.103747,0 days 00:00:06.698397,346.0,3.0,115.9,155.5,1.99,COMPLETE
823,0.6875,2026-04-04 20:35:35.116273,2026-04-04 20:35:42.160952,0 days 00:00:07.044679,294.0,3.0,116.3,152.4,0.98,COMPLETE
824,0.6875,2026-04-04 20:35:42.172848,2026-04-04 20:35:49.348574,0 days 00:00:07.175726,473.0,2.0,122.2,158.0,0.3,COMPLETE
825,0.6875,2026-04-04 20:35:49.357276,2026-04-04 20:35:56.413984,0 days 00:00:07.056708,307.0,2.0,120.5,155.6,0.99,COMPLETE
826,0.6875,2026-04-04 20:35:56.426262,2026-04-04 20:36:03.891023,0 days 00:00:07.464761,222.0,3.0,126.8,151.1,0.43,COMPLETE
827,0.825,2026-04-04 20:36:03.901642,2026-04-04 20:36:38.648043,0 days 00:00:34.746401,363.0,2.0,118.8,154.8,0.38,COMPLETE
828,0.6875,2026-04-04 20:36:38.659773,2026-04-04 20:36:45.347361,0 days 00:00:06.687588,389.0,1.0,120.8,157.2,1.18,COMPLETE
829,0.6875,2026-04-04 20:36:45.359796,2026-04-04 20:36:52.368002,0 days 00:00:07.008206,243.0,2.0,117.8,153.6,0.58,COMPLETE
830,0.6875,2026-04-04 20:36:52.375583,2026-04-04 20:36:59.470105,0 days 00:00:07.094522,437.0,3.0,115.4,148.0,0.73,COMPLETE
831,0.6875,2026-04-04 20:36:59.482970,2026-04-04 20:37:06.517595,0 days 00:00:07.034625,319.0,2.0,119.0,150.8,1.26,COMPLETE
832,0.6875,2026-04-04 20:37:06.530283,2026-04-04 20:37:13.677220,0 days 00:00:07.146937,325.0,3.0,126.3,150.4,0.07,COMPLETE
833,0.6875,2026-04-04 20:37:13.689346,2026-04-04 20:37:21.548331,0 days 00:00:07.858985,403.0,1.0,113.0,153.3,0.68,COMPLETE
834,0.6875,2026-04-04 20:37:21.560356,2026-04-04 20:37:28.370608,0 days 00:00:06.810252,321.0,2.0,113.3,151.3,0.98,COMPLETE
835,0.6875,2026-04-04 20:37:28.383297,2026-04-04 20:37:35.727296,0 days 00:00:07.343999,274.0,3.0,119.4,153.0,0.97,COMPLETE
836,0.6875,2026-04-04 20:37:35.739138,2026-04-04 20:37:42.575762,0 days 00:00:06.836624,228.0,2.0,118.1,150.8,1.29,COMPLETE
837,0.6875,2026-04-04 20:37:42.588851,2026-04-04 20:37:49.199286,0 days 00:00:06.610435,242.0,2.0,117.1,148.8,0.75,COMPLETE
838,0.6875,2026-04-04 20:37:49.211655,2026-04-04 20:37:56.352046,0 days 00:00:07.140391,452.0,1.0,115.9,156.5,1.08,COMPLETE
839,0.6875,2026-04-04 20:37:56.364061,2026-04-04 20:38:03.757640,0 days 00:00:07.393579,423.0,3.0,125.5,156.5,0.45,COMPLETE
840,0.6875,2026-04-04 20:38:03.769854,2026-04-04 20:38:11.252475,0 days 00:00:07.482621,166.0,3.0,126.3,151.9,1.45,COMPLETE
841,0.6875,2026-04-04 20:38:11.264560,2026-04-04 20:38:18.456252,0 days 00:00:07.191692,181.0,3.0,119.8,156.3,1.03,COMPLETE
842,0.6875,2026-04-04 20:38:18.468717,2026-04-04 20:38:25.660254,0 days 00:00:07.191537,386.0,1.0,113.5,153.6,1.49,COMPLETE
843,0.6875,2026-04-04 20:38:25.672792,2026-04-04 20:38:33.793901,0 days 00:00:08.121109,269.0,3.0,126.7,148.8,0.44,COMPLETE
844,0.6875,2026-04-04 20:38:33.805928,2026-04-04 20:38:40.426071,0 days 00:00:06.620143,499.0,2.0,125.1,150.7,1.1,COMPLETE
845,0.6875,2026-04-04 20:38:40.438348,2026-04-04 20:38:46.897063,0 days 00:00:06.458715,426.0,2.0,126.4,151.2,1.51,COMPLETE
846,0.6875,2026-04-04 20:38:46.909204,2026-04-04 20:38:54.431129,0 days 00:00:07.521925,157.0,3.0,122.8,148.8,0.64,COMPLETE
847,0.6875,2026-04-04 20:38:54.443517,2026-04-04 20:39:01.594627,0 days 00:00:07.151110,483.0,1.0,126.9,153.8,1.28,COMPLETE
848,0.6875,2026-04-04 20:39:01.606815,2026-04-04 20:39:09.364759,0 days 00:00:07.757944,246.0,2.0,120.6,159.7,1.74,COMPLETE
849,0.6875,2026-04-04 20:39:09.379541,2026-04-04 20:39:16.620735,0 days 00:00:07.241194,199.0,3.0,126.5,157.1,0.27,COMPLETE
850,0.6875,2026-04-04 20:39:16.632742,2026-04-04 20:39:24.058979,0 days 00:00:07.426237,286.0,1.0,117.4,157.7,1.11,COMPLETE
851,0.6875,2026-04-04 20:39:24.070903,2026-04-04 20:39:30.824146,0 days 00:00:06.753243,337.0,2.0,113.3,156.5,1.67,COMPLETE
852,0.6875,2026-04-04 20:39:30.836431,2026-04-04 20:39:37.844959,0 days 00:00:07.008528,315.0,1.0,119.1,158.9,1.97,COMPLETE
853,0.6875,2026-04-04 20:39:37.857358,2026-04-04 20:39:45.408616,0 days 00:00:07.551258,152.0,2.0,117.1,151.7,1.53,COMPLETE
854,0.6875,2026-04-04 20:39:45.421021,2026-04-04 20:39:52.762506,0 days 00:00:07.341485,419.0,2.0,125.9,154.9,1.29,COMPLETE
855,0.6875,2026-04-04 20:39:52.774855,2026-04-04 20:39:59.574475,0 days 00:00:06.799620,434.0,2.0,121.3,154.3,0.3,COMPLETE
856,0.6875,2026-04-04 20:39:59.586462,2026-04-04 20:40:06.248005,0 days 00:00:06.661543,386.0,1.0,122.4,150.8,0.31,COMPLETE
857,0.6875,2026-04-04 20:40:06.260138,2026-04-04 20:40:13.592091,0 days 00:00:07.331953,197.0,3.0,122.9,156.0,0.2,COMPLETE
858,0.6875,2026-04-04 20:40:13.603880,2026-04-04 20:40:21.325335,0 days 00:00:07.721455,157.0,2.0,115.3,148.6,0.21,COMPLETE
859,0.6875,2026-04-04 20:40:21.337692,2026-04-04 20:40:28.362460,0 days 00:00:07.024768,184.0,2.0,122.0,148.0,0.01,COMPLETE
860,0.6875,2026-04-04 20:40:28.374488,2026-04-04 20:40:36.167896,0 days 00:00:07.793408,242.0,1.0,118.1,159.5,0.88,COMPLETE
861,0.6875,2026-04-04 20:40:36.180993,2026-04-04 20:40:43.449626,0 days 00:00:07.268633,238.0,1.0,115.4,151.7,0.7000000000000001,COMPLETE
862,0.6875,2026-04-04 20:40:43.461914,2026-04-04 20:40:50.115273,0 days 00:00:06.653359,471.0,2.0,113.2,150.3,0.36,COMPLETE
863,0.6875,2026-04-04 20:40:50.127310,2026-04-04 20:40:56.897887,0 days 00:00:06.770577,262.0,1.0,113.8,149.8,0.7000000000000001,COMPLETE
864,0.6875,2026-04-04 20:40:56.909665,2026-04-04 20:41:05.315278,0 days 00:00:08.405613,183.0,2.0,126.8,158.8,1.18,COMPLETE
865,0.6875,2026-04-04 20:41:05.328040,2026-04-04 20:41:12.621607,0 days 00:00:07.293567,359.0,1.0,120.2,154.2,0.0,COMPLETE
866,0.6875,2026-04-04 20:41:12.634423,2026-04-04 20:41:20.319334,0 days 00:00:07.684911,195.0,1.0,117.8,148.0,1.46,COMPLETE
867,0.6875,2026-04-04 20:41:20.332026,2026-04-04 20:41:27.643364,0 days 00:00:07.311338,310.0,1.0,113.0,153.8,1.09,COMPLETE
868,0.6875,2026-04-04 20:41:27.655789,2026-04-04 20:41:34.338098,0 days 00:00:06.682309,369.0,1.0,115.2,154.9,1.0,COMPLETE
869,0.6875,2026-04-04 20:41:34.350330,2026-04-04 20:41:41.372425,0 days 00:00:07.022095,394.0,2.0,121.3,154.1,1.53,COMPLETE
