number,value,datetime_start,datetime_complete,duration,params_voltage,params_width,params_x,params_y,params_z,state
3996,0.6875,2026-04-05 14:32:33.921363,2026-04-05 14:32:40.572472,0 days 00:00:06.651109,379.0,2.0,116.6,156.2,0.37,COMPLETE
3997,0.6875,2026-04-05 14:32:40.587666,2026-04-05 14:32:47.119707,0 days 00:00:06.532041,411.0,1.0,116.1,156.8,0.03,COMPLETE
3998,0.6875,2026-04-05 14:32:47.134810,2026-04-05 14:32:54.104534,0 days 00:00:06.969724,341.0,1.0,114.7,154.1,0.34,COMPLETE
3999,0.6875,2026-04-05 14:32:54.119867,2026-04-05 14:33:00.783885,0 days 00:00:06.664018,471.0,1.0,113.5,155.5,0.59,COMPLETE
4000,0.6875,2026-04-05 14:33:00.798356,2026-04-05 14:33:07.573523,0 days 00:00:06.775167,466.0,1.0,114.9,152.2,0.01,COMPLETE
4001,0.6875,2026-04-05 14:33:07.587819,2026-04-05 14:33:14.909416,0 days 00:00:07.321597,352.0,1.0,120.4,150.2,0.7000000000000001,COMPLETE
4002,0.6875,2026-04-05 14:33:14.923538,2026-04-05 14:33:21.724049,0 days 00:00:06.800511,406.0,1.0,119.8,154.1,0.24,COMPLETE
4003,0.6875,2026-04-05 14:33:21.738461,2026-04-05 14:33:28.506227,0 days 00:00:06.767766,440.0,1.0,116.5,152.9,0.0,COMPLETE
4004,0.6875,2026-04-05 14:33:28.520728,2026-04-05 14:33:35.202347,0 days 00:00:06.681619,432.0,1.0,118.1,152.1,0.7000000000000001,COMPLETE
4005,0.6875,2026-04-05 14:33:35.217027,2026-04-05 14:33:42.225706,0 days 00:00:07.008679,492.0,2.0,113.7,155.0,1.56,COMPLETE
4006,0.6875,2026-04-05 14:33:42.240140,2026-04-05 14:33:49.240979,0 days 00:00:07.000839,414.0,1.0,115.4,156.6,0.25,COMPLETE
4007,0.6875,2026-04-05 14:33:49.252041,2026-04-05 14:33:56.076963,0 days 00:00:06.824922,435.0,1.0,114.8,152.6,0.37,COMPLETE
4008,0.825,2026-04-05 14:33:56.091003,2026-04-05 14:34:30.493580,0 days 00:00:34.402577,377.0,1.0,118.0,156.6,0.35000000000000003,COMPLETE
4009,0.6875,2026-04-05 14:34:30.509302,2026-04-05 14:34:37.395778,0 days 00:00:06.886476,453.0,1.0,114.3,155.5,0.05,COMPLETE
4010,0.6875,2026-04-05 14:34:37.408390,2026-04-05 14:34:45.047748,0 days 00:00:07.639358,254.0,1.0,122.3,157.3,1.53,COMPLETE
4011,0.6875,2026-04-05 14:34:45.058452,2026-04-05 14:34:52.137060,0 days 00:00:07.078608,384.0,1.0,116.8,154.8,0.79,COMPLETE
4012,0.6875,2026-04-05 14:34:52.151777,2026-04-05 14:34:58.630238,0 days 00:00:06.478461,461.0,2.0,116.3,154.7,0.36,COMPLETE
4013,0.6875,2026-04-05 14:34:58.645071,2026-04-05 14:35:05.352367,0 days 00:00:06.707296,426.0,2.0,114.0,155.0,0.01,COMPLETE
4014,0.6875,2026-04-05 14:35:05.367293,2026-04-05 14:35:12.324339,0 days 00:00:06.957046,354.0,2.0,116.1,154.0,0.08,COMPLETE
4015,0.6875,2026-04-05 14:35:12.335292,2026-04-05 14:35:18.885007,0 days 00:00:06.549715,341.0,1.0,115.7,155.1,0.02,COMPLETE
4016,0.6875,2026-04-05 14:35:18.899286,2026-04-05 14:35:25.619037,0 days 00:00:06.719751,331.0,1.0,115.6,152.7,0.33,COMPLETE
4017,0.6875,2026-04-05 14:35:25.634034,2026-04-05 14:35:32.233043,0 days 00:00:06.599009,408.0,1.0,115.8,154.1,0.27,COMPLETE
4018,0.6875,2026-04-05 14:35:32.248102,2026-04-05 14:35:38.811874,0 days 00:00:06.563772,445.0,1.0,117.0,154.1,0.44,COMPLETE
4019,0.825,2026-04-05 14:35:38.826390,2026-04-05 14:36:12.629610,0 days 00:00:33.803220,459.0,1.0,116.6,155.1,0.0,COMPLETE
4020,0.6875,2026-04-05 14:36:12.643988,2026-04-05 14:36:19.990253,0 days 00:00:07.346265,437.0,1.0,120.3,149.8,0.52,COMPLETE
4021,0.6875,2026-04-05 14:36:20.004536,2026-04-05 14:36:26.775064,0 days 00:00:06.770528,355.0,1.0,119.4,149.5,0.35000000000000003,COMPLETE
4022,0.825,2026-04-05 14:36:26.789584,2026-04-05 14:37:01.011465,0 days 00:00:34.221881,455.0,1.0,119.0,154.2,0.24,COMPLETE
4023,0.6875,2026-04-05 14:37:01.026290,2026-04-05 14:37:08.004793,0 days 00:00:06.978503,476.0,1.0,116.0,156.3,0.24,COMPLETE
4024,0.6875,2026-04-05 14:37:08.016092,2026-04-05 14:37:14.981303,0 days 00:00:06.965211,408.0,1.0,118.7,152.2,0.27,COMPLETE
4025,0.825,2026-04-05 14:37:14.996069,2026-04-05 14:37:22.282254,0 days 00:00:07.286185,441.0,1.0,115.2,154.5,0.0,COMPLETE
4026,0.6875,2026-04-05 14:37:22.297125,2026-04-05 14:37:29.220161,0 days 00:00:06.923036,347.0,1.0,114.7,157.2,0.68,COMPLETE
4027,0.6875,2026-04-05 14:37:29.235192,2026-04-05 14:37:35.926442,0 days 00:00:06.691250,492.0,1.0,115.4,153.2,0.6,COMPLETE
4028,0.6875,2026-04-05 14:37:35.940597,2026-04-05 14:37:43.045769,0 days 00:00:07.105172,419.0,1.0,122.4,151.2,0.29,COMPLETE
4029,0.0,2026-04-05 14:37:43.060966,2026-04-05 14:37:50.099511,0 days 00:00:07.038545,426.0,1.0,116.7,154.8,0.35000000000000003,COMPLETE
4030,0.6875,2026-04-05 14:37:50.113588,2026-04-05 14:37:56.557615,0 days 00:00:06.444027,452.0,1.0,115.9,154.3,0.66,COMPLETE
4031,0.825,2026-04-05 14:37:56.572856,2026-04-05 14:38:30.614732,0 days 00:00:34.041876,463.0,1.0,117.8,155.6,0.3,COMPLETE
4032,0.6875,2026-04-05 14:38:30.629265,2026-04-05 14:38:37.388096,0 days 00:00:06.758831,423.0,1.0,117.0,154.8,0.45,COMPLETE
4033,0.825,2026-04-05 14:38:37.402098,2026-04-05 14:39:11.544262,0 days 00:00:34.142164,417.0,1.0,118.1,157.3,0.37,COMPLETE
4034,0.6875,2026-04-05 14:39:11.558729,2026-04-05 14:39:18.396463,0 days 00:00:06.837734,496.0,1.0,115.6,155.0,0.71,COMPLETE
4035,0.6875,2026-04-05 14:39:18.411083,2026-04-05 14:39:25.360400,0 days 00:00:06.949317,388.0,1.0,117.8,154.9,0.56,COMPLETE
4036,0.825,2026-04-05 14:39:25.372304,2026-04-05 14:39:59.191935,0 days 00:00:33.819631,428.0,1.0,118.9,155.2,0.64,COMPLETE
4037,0.6875,2026-04-05 14:39:59.207239,2026-04-05 14:40:07.157993,0 days 00:00:07.950754,169.0,3.0,113.1,153.5,1.06,COMPLETE
4038,0.6875,2026-04-05 14:40:07.172429,2026-04-05 14:40:14.085960,0 days 00:00:06.913531,450.0,1.0,117.9,153.8,0.59,COMPLETE
4039,0.6875,2026-04-05 14:40:14.100402,2026-04-05 14:40:20.737841,0 days 00:00:06.637439,425.0,1.0,117.3,155.5,0.37,COMPLETE
4040,0.6875,2026-04-05 14:40:20.752131,2026-04-05 14:40:27.534362,0 days 00:00:06.782231,432.0,1.0,114.5,155.1,0.38,COMPLETE
4041,0.6875,2026-04-05 14:40:27.549108,2026-04-05 14:40:34.153975,0 days 00:00:06.604867,392.0,1.0,115.8,156.1,0.51,COMPLETE
4042,0.6875,2026-04-05 14:40:34.165411,2026-04-05 14:40:40.979640,0 days 00:00:06.814229,478.0,1.0,117.0,152.5,0.41000000000000003,COMPLETE
4043,0.6875,2026-04-05 14:40:40.994934,2026-04-05 14:40:47.988378,0 days 00:00:06.993444,404.0,1.0,116.2,155.9,0.0,COMPLETE
4044,0.6875,2026-04-05 14:40:48.003155,2026-04-05 14:40:54.716967,0 days 00:00:06.713812,406.0,1.0,114.3,154.6,0.63,COMPLETE
4045,0.6875,2026-04-05 14:40:54.733456,2026-04-05 14:41:01.317351,0 days 00:00:06.583895,403.0,2.0,114.9,155.9,0.38,COMPLETE
4046,0.6875,2026-04-05 14:41:01.332051,2026-04-05 14:41:08.042203,0 days 00:00:06.710152,442.0,1.0,116.8,157.0,0.76,COMPLETE
4047,0.6875,2026-04-05 14:41:08.057139,2026-04-05 14:41:15.024806,0 days 00:00:06.967667,339.0,1.0,113.6,157.1,0.0,COMPLETE
4048,0.6875,2026-04-05 14:41:15.039881,2026-04-05 14:41:21.916560,0 days 00:00:06.876679,384.0,1.0,117.8,157.1,0.61,COMPLETE
4049,0.6875,2026-04-05 14:41:21.930413,2026-04-05 14:41:28.669141,0 days 00:00:06.738728,460.0,1.0,117.3,153.7,0.36,COMPLETE
4050,0.6875,2026-04-05 14:41:28.684262,2026-04-05 14:41:35.428931,0 days 00:00:06.744669,391.0,1.0,117.1,154.4,0.29,COMPLETE
4051,0.825,2026-04-05 14:41:35.444499,2026-04-05 14:42:10.236556,0 days 00:00:34.792057,293.0,3.0,125.0,155.0,0.09,COMPLETE
4052,0.6875,2026-04-05 14:42:10.251320,2026-04-05 14:42:17.757691,0 days 00:00:07.506371,374.0,1.0,116.7,153.0,0.47000000000000003,COMPLETE
4053,0.6875,2026-04-05 14:42:17.772344,2026-04-05 14:42:24.692038,0 days 00:00:06.919694,451.0,1.0,113.0,155.6,0.0,COMPLETE
4054,0.825,2026-04-05 14:42:24.706470,2026-04-05 14:42:58.915766,0 days 00:00:34.209296,500.0,1.0,118.0,155.9,0.74,COMPLETE
4055,0.6875,2026-04-05 14:42:58.930630,2026-04-05 14:43:05.556628,0 days 00:00:06.625998,445.0,2.0,117.1,156.0,0.5700000000000001,COMPLETE
4056,0.6875,2026-04-05 14:43:05.570828,2026-04-05 14:43:12.004802,0 days 00:00:06.433974,424.0,1.0,117.3,156.0,0.41000000000000003,COMPLETE
4057,0.6875,2026-04-05 14:43:12.020126,2026-04-05 14:43:18.679014,0 days 00:00:06.658888,459.0,1.0,115.8,157.2,0.29,COMPLETE
4058,0.6875,2026-04-05 14:43:18.693854,2026-04-05 14:43:26.619654,0 days 00:00:07.925800,250.0,2.0,114.1,148.9,0.01,COMPLETE
4059,0.6875,2026-04-05 14:43:26.634173,2026-04-05 14:43:33.817724,0 days 00:00:07.183551,412.0,1.0,114.7,155.3,1.17,COMPLETE
4060,0.825,2026-04-05 14:43:33.832508,2026-04-05 14:43:38.952567,0 days 00:00:05.120059,383.0,1.0,116.7,155.8,0.02,COMPLETE
4061,0.6875,2026-04-05 14:43:38.967819,2026-04-05 14:43:45.588613,0 days 00:00:06.620794,439.0,1.0,116.2,155.2,0.51,COMPLETE
4062,0.6875,2026-04-05 14:43:45.602971,2026-04-05 14:43:52.128624,0 days 00:00:06.525653,402.0,1.0,117.1,155.0,0.3,COMPLETE
4063,0.825,2026-04-05 14:43:52.144202,2026-04-05 14:44:26.194075,0 days 00:00:34.049873,442.0,2.0,118.9,155.9,0.06,COMPLETE
4064,0.6875,2026-04-05 14:44:26.208671,2026-04-05 14:44:33.297576,0 days 00:00:07.088905,498.0,1.0,114.7,158.3,1.73,COMPLETE
4065,0.6875,2026-04-05 14:44:33.312065,2026-04-05 14:44:40.389567,0 days 00:00:07.077502,420.0,2.0,115.7,154.7,0.65,COMPLETE
4066,0.6875,2026-04-05 14:44:40.404888,2026-04-05 14:44:46.891302,0 days 00:00:06.486414,499.0,1.0,115.2,155.2,0.38,COMPLETE
4067,0.825,2026-04-05 14:44:46.905864,2026-04-05 14:45:21.218856,0 days 00:00:34.312992,389.0,1.0,117.1,154.2,0.01,COMPLETE
4068,0.6875,2026-04-05 14:45:21.233467,2026-04-05 14:45:28.757157,0 days 00:00:07.523690,430.0,2.0,124.7,156.2,0.12,COMPLETE
4069,0.6875,2026-04-05 14:45:28.771490,2026-04-05 14:45:36.431891,0 days 00:00:07.660401,400.0,1.0,114.8,153.4,0.5700000000000001,COMPLETE
4070,0.6875,2026-04-05 14:45:36.446992,2026-04-05 14:45:43.151229,0 days 00:00:06.704237,371.0,1.0,117.7,154.4,0.35000000000000003,COMPLETE
4071,0.6875,2026-04-05 14:45:43.166017,2026-04-05 14:45:49.680057,0 days 00:00:06.514040,416.0,1.0,117.1,153.9,0.66,COMPLETE
4072,0.6875,2026-04-05 14:45:49.695622,2026-04-05 14:45:56.694939,0 days 00:00:06.999317,344.0,1.0,117.6,156.5,0.48,COMPLETE
4073,0.6875,2026-04-05 14:45:56.709239,2026-04-05 14:46:03.191801,0 days 00:00:06.482562,499.0,1.0,117.2,157.2,0.3,COMPLETE
4074,0.6875,2026-04-05 14:46:03.207493,2026-04-05 14:46:09.932981,0 days 00:00:06.725488,433.0,1.0,116.4,155.0,0.35000000000000003,COMPLETE
4075,0.6875,2026-04-05 14:46:09.944808,2026-04-05 14:46:16.729769,0 days 00:00:06.784961,455.0,1.0,114.7,157.4,0.0,COMPLETE
4076,0.6875,2026-04-05 14:46:16.744996,2026-04-05 14:46:23.647607,0 days 00:00:06.902611,464.0,1.0,116.9,153.5,0.22,COMPLETE
4077,0.825,2026-04-05 14:46:23.662211,2026-04-05 14:46:57.768008,0 days 00:00:34.105797,466.0,1.0,119.7,154.9,0.37,COMPLETE
4078,0.6875,2026-04-05 14:46:57.783357,2026-04-05 14:47:04.896925,0 days 00:00:07.113568,406.0,1.0,114.4,155.4,0.29,COMPLETE
4079,0.6875,2026-04-05 14:47:04.911612,2026-04-05 14:47:11.747545,0 days 00:00:06.835933,341.0,1.0,113.3,154.4,0.17,COMPLETE
4080,0.6875,2026-04-05 14:47:11.761844,2026-04-05 14:47:18.431881,0 days 00:00:06.670037,414.0,1.0,115.6,154.4,0.27,COMPLETE
4081,0.671875,2026-04-05 14:47:18.443114,2026-04-05 14:47:25.177018,0 days 00:00:06.733904,387.0,1.0,117.0,156.5,0.28,COMPLETE
4082,0.6875,2026-04-05 14:47:25.191298,2026-04-05 14:47:31.787238,0 days 00:00:06.595940,358.0,1.0,116.8,155.0,0.63,COMPLETE
4083,0.6875,2026-04-05 14:47:31.801647,2026-04-05 14:47:38.569933,0 days 00:00:06.768286,427.0,1.0,114.7,156.6,0.6,COMPLETE
4084,0.6875,2026-04-05 14:47:38.585005,2026-04-05 14:47:45.192503,0 days 00:00:06.607498,431.0,1.0,116.0,155.8,0.33,COMPLETE
4085,0.6875,2026-04-05 14:47:45.209115,2026-04-05 14:47:51.788307,0 days 00:00:06.579192,402.0,1.0,115.2,154.6,0.34,COMPLETE
4086,0.6875,2026-04-05 14:47:51.803792,2026-04-05 14:47:58.500827,0 days 00:00:06.697035,323.0,1.0,114.9,154.7,0.51,COMPLETE
4087,0.6875,2026-04-05 14:47:58.515341,2026-04-05 14:48:05.109237,0 days 00:00:06.593896,458.0,1.0,115.7,153.4,0.01,COMPLETE
4088,0.6875,2026-04-05 14:48:05.124425,2026-04-05 14:48:13.282938,0 days 00:00:08.158513,232.0,1.0,126.9,148.9,1.35,COMPLETE
4089,0.6875,2026-04-05 14:48:13.297138,2026-04-05 14:48:21.236357,0 days 00:00:07.939219,368.0,1.0,115.3,156.7,0.04,COMPLETE
4090,0.0,2026-04-05 14:48:21.250824,2026-04-05 14:48:27.800659,0 days 00:00:06.549835,485.0,2.0,116.2,155.0,0.02,COMPLETE
4091,0.6875,2026-04-05 14:48:27.811814,2026-04-05 14:48:34.417631,0 days 00:00:06.605817,458.0,2.0,116.8,157.5,0.17,COMPLETE
4092,0.6875,2026-04-05 14:48:34.432770,2026-04-05 14:48:41.149646,0 days 00:00:06.716876,434.0,2.0,115.3,153.6,0.15,COMPLETE
4093,0.825,2026-04-05 14:48:41.163927,2026-04-05 14:49:15.210016,0 days 00:00:34.046089,453.0,2.0,118.4,154.7,0.08,COMPLETE
4094,0.825,2026-04-05 14:49:15.224993,2026-04-05 14:49:28.435586,0 days 00:00:13.210593,496.0,1.0,117.6,154.4,0.17,COMPLETE
4095,0.825,2026-04-05 14:49:28.450251,2026-04-05 14:50:02.340493,0 days 00:00:33.890242,443.0,2.0,117.4,155.8,0.16,COMPLETE
4096,0.6875,2026-04-05 14:50:02.355602,2026-04-05 14:50:09.228119,0 days 00:00:06.872517,447.0,2.0,115.8,153.6,0.21,COMPLETE
4097,0.015625,2026-04-05 14:50:09.242501,2026-04-05 14:50:15.731643,0 days 00:00:06.489142,430.0,2.0,116.1,154.0,0.2,COMPLETE
4098,0.6875,2026-04-05 14:50:15.746692,2026-04-05 14:50:22.399911,0 days 00:00:06.653219,439.0,2.0,114.4,153.1,0.1,COMPLETE
4099,0.6875,2026-04-05 14:50:22.411233,2026-04-05 14:50:28.899742,0 days 00:00:06.488509,445.0,2.0,114.0,153.6,0.37,COMPLETE
4100,0.6875,2026-04-05 14:50:28.914415,2026-04-05 14:50:35.655982,0 days 00:00:06.741567,429.0,3.0,115.5,155.8,0.03,COMPLETE
4101,0.6875,2026-04-05 14:50:35.670211,2026-04-05 14:50:42.546908,0 days 00:00:06.876697,457.0,2.0,115.5,151.3,0.16,COMPLETE
4102,0.6875,2026-04-05 14:50:42.561839,2026-04-05 14:50:49.404863,0 days 00:00:06.843024,404.0,2.0,115.2,155.2,0.25,COMPLETE
4103,0.6875,2026-04-05 14:50:49.418814,2026-04-05 14:50:56.060849,0 days 00:00:06.642035,440.0,2.0,117.0,154.6,0.06,COMPLETE
4104,0.6875,2026-04-05 14:50:56.076093,2026-04-05 14:51:02.671228,0 days 00:00:06.595135,491.0,2.0,115.9,155.0,0.55,COMPLETE
4105,0.6875,2026-04-05 14:51:02.685262,2026-04-05 14:51:09.390244,0 days 00:00:06.704982,361.0,2.0,116.4,154.8,0.21,COMPLETE
4106,0.6875,2026-04-05 14:51:09.401787,2026-04-05 14:51:16.192682,0 days 00:00:06.790895,492.0,2.0,113.2,152.7,0.08,COMPLETE
4107,0.6875,2026-04-05 14:51:16.207411,2026-04-05 14:51:22.966777,0 days 00:00:06.759366,480.0,2.0,113.7,155.2,0.42,COMPLETE
4108,0.825,2026-04-05 14:51:22.981358,2026-04-05 14:51:36.735467,0 days 00:00:13.754109,386.0,2.0,116.6,154.6,0.12,COMPLETE
4109,0.6875,2026-04-05 14:51:36.749950,2026-04-05 14:51:43.637466,0 days 00:00:06.887516,436.0,2.0,114.0,153.6,0.19,COMPLETE
4110,0.6875,2026-04-05 14:51:43.649050,2026-04-05 14:51:50.160326,0 days 00:00:06.511276,458.0,3.0,114.7,154.1,0.29,COMPLETE
4111,0.825,2026-04-05 14:51:50.175683,2026-04-05 14:51:55.411006,0 days 00:00:05.235323,495.0,2.0,117.6,152.1,0.25,COMPLETE
4112,0.6875,2026-04-05 14:51:55.422190,2026-04-05 14:52:02.580211,0 days 00:00:07.158021,437.0,2.0,113.2,155.7,0.14,COMPLETE
4113,0.6875,2026-04-05 14:52:02.595129,2026-04-05 14:52:09.259048,0 days 00:00:06.663919,442.0,2.0,113.4,153.8,0.0,COMPLETE
4114,0.6875,2026-04-05 14:52:09.273932,2026-04-05 14:52:16.107321,0 days 00:00:06.833389,500.0,2.0,115.3,157.4,0.43,COMPLETE
4115,0.825,2026-04-05 14:52:16.122641,2026-04-05 14:52:50.975931,0 days 00:00:34.853290,478.0,2.0,117.9,156.8,0.02,COMPLETE
4116,0.6875,2026-04-05 14:52:50.990141,2026-04-05 14:52:58.054325,0 days 00:00:07.064184,455.0,2.0,115.5,152.8,0.51,COMPLETE
4117,0.6875,2026-04-05 14:52:58.069747,2026-04-05 14:53:04.748474,0 days 00:00:06.678727,499.0,2.0,116.9,154.6,0.37,COMPLETE
4118,0.6875,2026-04-05 14:53:04.759410,2026-04-05 14:53:11.337901,0 days 00:00:06.578491,461.0,2.0,116.4,155.8,0.14,COMPLETE
4119,0.6875,2026-04-05 14:53:11.352137,2026-04-05 14:53:18.032439,0 days 00:00:06.680302,423.0,2.0,114.4,155.0,0.2,COMPLETE
4120,0.6875,2026-04-05 14:53:18.047099,2026-04-05 14:53:24.748605,0 days 00:00:06.701506,446.0,2.0,116.2,156.1,0.39,COMPLETE
4121,0.6875,2026-04-05 14:53:24.762970,2026-04-05 14:53:31.493463,0 days 00:00:06.730493,404.0,2.0,116.4,152.8,0.08,COMPLETE
4122,0.825,2026-04-05 14:53:31.508515,2026-04-05 14:54:05.535513,0 days 00:00:34.026998,486.0,2.0,117.8,156.0,0.14,COMPLETE
4123,0.6875,2026-04-05 14:54:05.549563,2026-04-05 14:54:12.368113,0 days 00:00:06.818550,480.0,3.0,115.0,154.3,0.06,COMPLETE
4124,0.6875,2026-04-05 14:54:12.383036,2026-04-05 14:54:19.155998,0 days 00:00:06.772962,458.0,2.0,117.8,154.1,0.31,COMPLETE
4125,0.6875,2026-04-05 14:54:19.170581,2026-04-05 14:54:25.808045,0 days 00:00:06.637464,482.0,2.0,116.9,155.5,0.16,COMPLETE
4126,0.6875,2026-04-05 14:54:25.818588,2026-04-05 14:54:32.312598,0 days 00:00:06.494010,496.0,2.0,117.2,154.9,0.31,COMPLETE
4127,0.825,2026-04-05 14:54:32.327910,2026-04-05 14:55:06.188073,0 days 00:00:33.860163,445.0,2.0,118.7,155.3,0.17,COMPLETE
4128,0.825,2026-04-05 14:55:06.203114,2026-04-05 14:55:11.234683,0 days 00:00:05.031569,454.0,2.0,117.0,155.2,0.07,COMPLETE
4129,0.6875,2026-04-05 14:55:11.245928,2026-04-05 14:55:18.249203,0 days 00:00:07.003275,354.0,2.0,115.3,156.5,0.35000000000000003,COMPLETE
4130,0.6875,2026-04-05 14:55:18.263874,2026-04-05 14:55:24.988851,0 days 00:00:06.724977,393.0,2.0,116.5,153.6,0.44,COMPLETE
4131,0.6875,2026-04-05 14:55:25.003410,2026-04-05 14:55:31.536770,0 days 00:00:06.533360,471.0,2.0,115.7,154.2,0.09,COMPLETE
4132,0.6875,2026-04-05 14:55:31.551474,2026-04-05 14:55:38.141218,0 days 00:00:06.589744,429.0,1.0,116.1,153.1,0.32,COMPLETE
4133,0.825,2026-04-05 14:55:38.155599,2026-04-05 14:56:12.224234,0 days 00:00:34.068635,381.0,2.0,119.4,155.5,0.19,COMPLETE
4134,0.6875,2026-04-05 14:56:12.239387,2026-04-05 14:56:19.474929,0 days 00:00:07.235542,485.0,2.0,114.1,157.8,0.12,COMPLETE
4135,0.6875,2026-04-05 14:56:19.489705,2026-04-05 14:56:26.333563,0 days 00:00:06.843858,433.0,2.0,117.4,155.6,0.05,COMPLETE
4136,0.6875,2026-04-05 14:56:26.348432,2026-04-05 14:56:33.114045,0 days 00:00:06.765613,496.0,2.0,113.5,155.6,0.24,COMPLETE
4137,0.6875,2026-04-05 14:56:33.124668,2026-04-05 14:56:39.930251,0 days 00:00:06.805583,431.0,2.0,117.3,155.4,0.01,COMPLETE
4138,0.6875,2026-04-05 14:56:39.945336,2026-04-05 14:56:46.577119,0 days 00:00:06.631783,404.0,2.0,116.2,154.2,0.2,COMPLETE
4139,0.6875,2026-04-05 14:56:46.591370,2026-04-05 14:56:53.141045,0 days 00:00:06.549675,450.0,2.0,115.1,154.0,0.06,COMPLETE
4140,0.825,2026-04-05 14:56:53.156597,2026-04-05 14:57:27.233085,0 days 00:00:34.076488,486.0,2.0,117.7,155.3,0.04,COMPLETE
4141,0.6875,2026-04-05 14:57:27.247647,2026-04-05 14:57:34.089621,0 days 00:00:06.841974,494.0,2.0,115.8,153.6,0.03,COMPLETE
4142,0.825,2026-04-05 14:57:34.104487,2026-04-05 14:57:38.987991,0 days 00:00:04.883504,454.0,2.0,116.1,154.0,0.17,COMPLETE
4143,0.6875,2026-04-05 14:57:39.002747,2026-04-05 14:57:45.741679,0 days 00:00:06.738932,461.0,2.0,115.0,155.8,0.42,COMPLETE
4144,0.825,2026-04-05 14:57:45.756407,2026-04-05 14:57:59.193135,0 days 00:00:13.436728,421.0,2.0,116.8,153.1,0.09,COMPLETE
4145,0.6875,2026-04-05 14:57:59.208667,2026-04-05 14:58:05.991893,0 days 00:00:06.783226,461.0,2.0,115.2,154.1,0.31,COMPLETE
4146,0.6875,2026-04-05 14:58:06.006731,2026-04-05 14:58:12.570231,0 days 00:00:06.563500,479.0,2.0,114.6,155.1,0.19,COMPLETE
4147,0.6875,2026-04-05 14:58:12.584866,2026-04-05 14:58:19.171408,0 days 00:00:06.586542,467.0,2.0,115.7,154.4,0.17,COMPLETE
4148,0.6875,2026-04-05 14:58:19.186368,2026-04-05 14:58:25.952377,0 days 00:00:06.766009,444.0,2.0,116.2,151.7,0.03,COMPLETE
4149,0.6875,2026-04-05 14:58:25.967250,2026-04-05 14:58:32.744211,0 days 00:00:06.776961,499.0,2.0,116.0,154.5,0.33,COMPLETE
4150,0.6875,2026-04-05 14:58:32.759023,2026-04-05 14:58:39.277115,0 days 00:00:06.518092,426.0,2.0,115.4,154.0,0.56,COMPLETE
4151,0.825,2026-04-05 14:58:39.288529,2026-04-05 14:59:13.483353,0 days 00:00:34.194824,472.0,2.0,118.8,156.5,0.45,COMPLETE
4152,0.6875,2026-04-05 14:59:13.497847,2026-04-05 14:59:20.823520,0 days 00:00:07.325673,393.0,3.0,116.6,160.0,1.93,COMPLETE
4153,0.6875,2026-04-05 14:59:20.837547,2026-04-05 14:59:27.815991,0 days 00:00:06.978444,475.0,2.0,115.3,155.5,0.05,COMPLETE
4154,0.6875,2026-04-05 14:59:27.831431,2026-04-05 14:59:35.688674,0 days 00:00:07.857243,286.0,3.0,124.2,159.4,0.86,COMPLETE
4155,0.6875,2026-04-05 14:59:35.703089,2026-04-05 14:59:43.022825,0 days 00:00:07.319736,495.0,2.0,115.6,156.7,0.19,COMPLETE
4156,0.825,2026-04-05 14:59:43.037701,2026-04-05 14:59:48.190315,0 days 00:00:05.152614,421.0,2.0,116.0,156.0,0.16,COMPLETE
4157,0.671875,2026-04-05 14:59:48.204819,2026-04-05 14:59:54.958395,0 days 00:00:06.753576,390.0,1.0,117.1,153.3,0.0,COMPLETE
4158,0.6875,2026-04-05 14:59:54.972638,2026-04-05 15:00:01.528226,0 days 00:00:06.555588,409.0,2.0,115.5,154.8,0.22,COMPLETE
4159,0.6875,2026-04-05 15:00:01.540036,2026-04-05 15:00:08.133340,0 days 00:00:06.593304,475.0,3.0,113.3,155.6,0.0,COMPLETE
4160,0.6875,2026-04-05 15:00:08.148086,2026-04-05 15:00:14.780929,0 days 00:00:06.632843,454.0,2.0,115.7,154.8,0.08,COMPLETE
4161,0.6875,2026-04-05 15:00:14.795063,2026-04-05 15:00:21.389582,0 days 00:00:06.594519,457.0,2.0,116.2,152.6,0.33,COMPLETE
4162,0.6875,2026-04-05 15:00:21.403934,2026-04-05 15:00:28.017942,0 days 00:00:06.614008,422.0,3.0,115.8,155.0,0.55,COMPLETE
4163,0.825,2026-04-05 15:00:28.032594,2026-04-05 15:00:33.794222,0 days 00:00:05.761628,436.0,2.0,118.4,153.2,0.08,COMPLETE
4164,0.6875,2026-04-05 15:00:33.809945,2026-04-05 15:00:40.575870,0 days 00:00:06.765925,412.0,2.0,116.9,156.4,0.33,COMPLETE
4165,0.825,2026-04-05 15:00:40.586689,2026-04-05 15:01:14.600654,0 days 00:00:34.013965,469.0,2.0,116.8,154.7,0.06,COMPLETE
4166,0.6875,2026-04-05 15:01:14.615892,2026-04-05 15:01:21.445382,0 days 00:00:06.829490,403.0,2.0,115.0,152.3,0.45,COMPLETE
4167,0.825,2026-04-05 15:01:21.456506,2026-04-05 15:01:55.555051,0 days 00:00:34.098545,410.0,2.0,118.2,154.8,0.25,COMPLETE
4168,0.6875,2026-04-05 15:01:55.566104,2026-04-05 15:02:02.195373,0 days 00:00:06.629269,386.0,2.0,117.6,154.1,0.04,COMPLETE
