number,value,datetime_start,datetime_complete,duration,params_voltage,params_width,params_x,params_y,params_z,state
12341,0.825,2026-04-09 13:18:02.773700,2026-04-09 13:18:37.074298,0 days 00:00:34.300598,496.0,2.0,120.2,155.9,0.43,COMPLETE
12342,0.6875,2026-04-09 13:18:37.090689,2026-04-09 13:18:44.578890,0 days 00:00:07.488201,424.0,2.0,114.9,150.6,0.27,COMPLETE
12343,0.825,2026-04-09 13:18:44.592162,2026-04-09 13:19:19.577811,0 days 00:00:34.985649,420.0,1.0,123.3,155.7,0.03,COMPLETE
12344,0.6875,2026-04-09 13:19:19.594645,2026-04-09 13:19:27.010205,0 days 00:00:07.415560,410.0,1.0,117.1,153.3,0.28,COMPLETE
12345,0.6875,2026-04-09 13:19:27.023506,2026-04-09 13:19:33.798482,0 days 00:00:06.774976,307.0,2.0,116.9,153.8,0.31,COMPLETE
12346,0.6875,2026-04-09 13:19:33.815098,2026-04-09 13:19:40.914969,0 days 00:00:07.099871,419.0,1.0,122.3,153.2,0.8,COMPLETE
12347,0.6875,2026-04-09 13:19:40.928497,2026-04-09 13:19:48.432322,0 days 00:00:07.503825,311.0,2.0,116.0,155.5,0.32,COMPLETE
12348,0.6875,2026-04-09 13:19:48.449046,2026-04-09 13:19:55.093243,0 days 00:00:06.644197,379.0,1.0,115.1,156.1,0.76,COMPLETE
12349,0.6875,2026-04-09 13:19:55.107490,2026-04-09 13:20:02.797617,0 days 00:00:07.690127,256.0,2.0,115.9,148.0,0.35000000000000003,COMPLETE
12350,0.6875,2026-04-09 13:20:02.814526,2026-04-09 13:20:10.244169,0 days 00:00:07.429643,496.0,2.0,116.1,156.1,0.27,COMPLETE
12351,0.6875,2026-04-09 13:20:10.257626,2026-04-09 13:20:17.189142,0 days 00:00:06.931516,398.0,1.0,114.8,155.0,0.02,COMPLETE
12352,0.6875,2026-04-09 13:20:17.205508,2026-04-09 13:20:24.303398,0 days 00:00:07.097890,317.0,2.0,115.3,158.6,0.35000000000000003,COMPLETE
12353,0.825,2026-04-09 13:20:24.316573,2026-04-09 13:20:58.639685,0 days 00:00:34.323112,377.0,1.0,118.6,154.2,0.02,COMPLETE
12354,0.825,2026-04-09 13:20:58.657115,2026-04-09 13:21:32.703674,0 days 00:00:34.046559,436.0,1.0,118.5,154.9,0.52,COMPLETE
12355,0.6875,2026-04-09 13:21:32.718205,2026-04-09 13:21:39.961872,0 days 00:00:07.243667,344.0,1.0,121.1,155.0,0.51,COMPLETE
12356,0.825,2026-04-09 13:21:39.978101,2026-04-09 13:22:14.171828,0 days 00:00:34.193727,370.0,1.0,120.5,157.2,0.3,COMPLETE
12357,0.6875,2026-04-09 13:22:14.186636,2026-04-09 13:22:21.298953,0 days 00:00:07.112317,306.0,1.0,120.7,155.2,1.45,COMPLETE
12358,0.6875,2026-04-09 13:22:21.315607,2026-04-09 13:22:27.989795,0 days 00:00:06.674188,307.0,3.0,121.2,155.5,0.65,COMPLETE
12359,0.6875,2026-04-09 13:22:28.004960,2026-04-09 13:22:34.913609,0 days 00:00:06.908649,329.0,1.0,124.7,153.7,0.89,COMPLETE
12360,0.6875,2026-04-09 13:22:34.926834,2026-04-09 13:22:42.288531,0 days 00:00:07.361697,470.0,2.0,118.8,158.1,0.2,COMPLETE
12361,0.6875,2026-04-09 13:22:42.303065,2026-04-09 13:22:50.214065,0 days 00:00:07.911000,389.0,1.0,122.9,149.2,0.23,COMPLETE
12362,0.6875,2026-04-09 13:22:50.227350,2026-04-09 13:22:57.632489,0 days 00:00:07.405139,376.0,2.0,115.7,152.3,0.54,COMPLETE
12363,0.6875,2026-04-09 13:22:57.647055,2026-04-09 13:23:04.379080,0 days 00:00:06.732025,468.0,1.0,117.7,152.8,0.56,COMPLETE
12364,0.825,2026-04-09 13:23:04.392243,2026-04-09 13:23:38.925316,0 days 00:00:34.533073,400.0,1.0,123.1,156.7,0.8200000000000001,COMPLETE
12365,0.6875,2026-04-09 13:23:38.941699,2026-04-09 13:23:46.502006,0 days 00:00:07.560307,372.0,1.0,113.0,154.6,0.56,COMPLETE
12366,0.6875,2026-04-09 13:23:46.515758,2026-04-09 13:23:53.760568,0 days 00:00:07.244810,408.0,2.0,120.9,154.5,0.88,COMPLETE
12367,0.6875,2026-04-09 13:23:53.777395,2026-04-09 13:24:00.790097,0 days 00:00:07.012702,437.0,1.0,116.7,150.4,0.18,COMPLETE
12368,0.825,2026-04-09 13:24:00.803384,2026-04-09 13:24:35.227055,0 days 00:00:34.423671,434.0,1.0,118.2,156.0,0.18,COMPLETE
12369,0.6875,2026-04-09 13:24:35.241179,2026-04-09 13:24:42.387175,0 days 00:00:07.145996,256.0,2.0,120.9,156.6,0.27,COMPLETE
12370,0.825,2026-04-09 13:24:42.401221,2026-04-09 13:25:17.174996,0 days 00:00:34.773775,359.0,1.0,118.0,154.3,0.0,COMPLETE
12371,0.825,2026-04-09 13:25:17.191683,2026-04-09 13:25:51.522323,0 days 00:00:34.330640,310.0,2.0,124.8,154.1,0.0,COMPLETE
12372,0.6875,2026-04-09 13:25:51.536018,2026-04-09 13:25:59.022836,0 days 00:00:07.486818,355.0,2.0,116.7,154.6,0.0,COMPLETE
12373,0.6875,2026-04-09 13:25:59.039055,2026-04-09 13:26:06.335831,0 days 00:00:07.296776,257.0,1.0,121.9,154.9,0.11,COMPLETE
12374,0.825,2026-04-09 13:26:06.350120,2026-04-09 13:26:40.405541,0 days 00:00:34.055421,463.0,2.0,123.6,156.2,0.76,COMPLETE
12375,0.6875,2026-04-09 13:26:40.422145,2026-04-09 13:26:47.865348,0 days 00:00:07.443203,425.0,1.0,116.5,156.4,0.43,COMPLETE
12376,0.6875,2026-04-09 13:26:47.878918,2026-04-09 13:26:54.715112,0 days 00:00:06.836194,500.0,1.0,115.5,153.8,0.12,COMPLETE
12377,0.6875,2026-04-09 13:26:54.728984,2026-04-09 13:27:02.135543,0 days 00:00:07.406559,415.0,1.0,121.3,152.0,0.22,COMPLETE
12378,0.6875,2026-04-09 13:27:02.148889,2026-04-09 13:27:09.337863,0 days 00:00:07.188974,412.0,1.0,115.2,152.6,0.24,COMPLETE
12379,0.825,2026-04-09 13:27:09.351738,2026-04-09 13:27:43.628050,0 days 00:00:34.276312,449.0,1.0,117.4,156.4,0.29,COMPLETE
12380,0.6875,2026-04-09 13:27:43.644333,2026-04-09 13:27:50.765705,0 days 00:00:07.121372,381.0,2.0,115.2,155.9,0.55,COMPLETE
12381,0.6875,2026-04-09 13:27:50.779655,2026-04-09 13:27:57.585310,0 days 00:00:06.805655,433.0,1.0,116.6,153.7,0.0,COMPLETE
12382,0.825,2026-04-09 13:27:57.602775,2026-04-09 13:28:32.023660,0 days 00:00:34.420885,423.0,1.0,122.7,153.5,0.22,COMPLETE
12383,0.6875,2026-04-09 13:28:32.037588,2026-04-09 13:28:39.602558,0 days 00:00:07.564970,406.0,1.0,114.7,156.3,0.13,COMPLETE
12384,0.6875,2026-04-09 13:28:39.619008,2026-04-09 13:28:46.731509,0 days 00:00:07.112501,396.0,2.0,119.8,153.8,0.59,COMPLETE
12385,0.6875,2026-04-09 13:28:46.745655,2026-04-09 13:28:53.629608,0 days 00:00:06.883953,499.0,2.0,122.7,154.3,0.45,COMPLETE
12386,0.6875,2026-04-09 13:28:53.646080,2026-04-09 13:29:00.543341,0 days 00:00:06.897261,444.0,2.0,120.6,157.6,0.99,COMPLETE
12387,0.6875,2026-04-09 13:29:00.557174,2026-04-09 13:29:07.750709,0 days 00:00:07.193535,370.0,1.0,119.9,153.2,0.36,COMPLETE
12388,0.825,2026-04-09 13:29:07.767080,2026-04-09 13:29:41.658818,0 days 00:00:33.891738,411.0,1.0,118.7,153.4,0.0,COMPLETE
12389,0.825,2026-04-09 13:29:41.673298,2026-04-09 13:30:15.944603,0 days 00:00:34.271305,349.0,2.0,118.0,156.1,0.33,COMPLETE
12390,0.6875,2026-04-09 13:30:15.961513,2026-04-09 13:30:22.910051,0 days 00:00:06.948538,356.0,2.0,114.5,156.7,0.01,COMPLETE
12391,0.6875,2026-04-09 13:30:22.925804,2026-04-09 13:30:29.927985,0 days 00:00:07.002181,414.0,1.0,115.0,151.8,0.43,COMPLETE
12392,0.6875,2026-04-09 13:30:29.942660,2026-04-09 13:30:36.541463,0 days 00:00:06.598803,499.0,1.0,115.0,152.8,0.24,COMPLETE
12393,0.6875,2026-04-09 13:30:36.557799,2026-04-09 13:30:43.560211,0 days 00:00:07.002412,371.0,1.0,117.4,154.6,0.28,COMPLETE
12394,0.825,2026-04-09 13:30:43.574443,2026-04-09 13:31:17.928512,0 days 00:00:34.354069,315.0,2.0,119.8,155.2,0.37,COMPLETE
12395,0.825,2026-04-09 13:31:17.949892,2026-04-09 13:31:51.966665,0 days 00:00:34.016773,449.0,1.0,117.1,156.8,0.15,COMPLETE
12396,0.6875,2026-04-09 13:31:51.980700,2026-04-09 13:31:59.645979,0 days 00:00:07.665279,349.0,2.0,122.9,153.8,0.37,COMPLETE
12397,0.6875,2026-04-09 13:31:59.661909,2026-04-09 13:32:07.089026,0 days 00:00:07.427117,379.0,1.0,115.3,155.6,0.01,COMPLETE
12398,0.6875,2026-04-09 13:32:07.102997,2026-04-09 13:32:14.060529,0 days 00:00:06.957532,366.0,1.0,115.0,151.0,0.33,COMPLETE
12399,0.825,2026-04-09 13:32:14.076763,2026-04-09 13:32:48.793032,0 days 00:00:34.716269,334.0,1.0,119.7,156.4,0.24,COMPLETE
12400,0.6875,2026-04-09 13:32:48.806825,2026-04-09 13:32:55.776358,0 days 00:00:06.969533,393.0,2.0,117.0,154.6,0.23,COMPLETE
12401,0.6875,2026-04-09 13:32:55.792547,2026-04-09 13:33:02.606749,0 days 00:00:06.814202,330.0,1.0,117.4,154.9,0.67,COMPLETE
12402,0.6875,2026-04-09 13:33:02.622693,2026-04-09 13:33:09.576601,0 days 00:00:06.953908,430.0,1.0,114.4,152.4,0.01,COMPLETE
12403,0.015625,2026-04-09 13:33:09.593168,2026-04-09 13:33:16.505910,0 days 00:00:06.912742,495.0,1.0,116.7,155.5,0.01,COMPLETE
12404,0.6875,2026-04-09 13:33:16.523859,2026-04-09 13:33:23.965461,0 days 00:00:07.441602,275.0,2.0,122.5,153.8,0.44,COMPLETE
12405,0.6875,2026-04-09 13:33:23.978819,2026-04-09 13:33:31.384944,0 days 00:00:07.406125,428.0,1.0,115.3,156.8,0.01,COMPLETE
12406,0.825,2026-04-09 13:33:31.399394,2026-04-09 13:33:36.697347,0 days 00:00:05.297953,462.0,1.0,116.3,154.1,0.0,COMPLETE
12407,0.6875,2026-04-09 13:33:36.710877,2026-04-09 13:33:43.622031,0 days 00:00:06.911154,395.0,1.0,116.8,154.8,0.0,COMPLETE
12408,0.6875,2026-04-09 13:33:43.639116,2026-04-09 13:33:50.614548,0 days 00:00:06.975432,318.0,1.0,116.7,153.0,0.32,COMPLETE
12409,0.6875,2026-04-09 13:33:50.628494,2026-04-09 13:33:57.319369,0 days 00:00:06.690875,346.0,1.0,116.6,154.5,0.31,COMPLETE
12410,0.825,2026-04-09 13:33:57.336270,2026-04-09 13:34:31.958582,0 days 00:00:34.622312,310.0,2.0,123.9,156.4,0.17,COMPLETE
12411,0.6875,2026-04-09 13:34:31.972299,2026-04-09 13:34:39.665473,0 days 00:00:07.693174,460.0,1.0,114.6,156.3,0.34,COMPLETE
12412,0.6875,2026-04-09 13:34:39.681712,2026-04-09 13:34:47.246514,0 days 00:00:07.564802,488.0,2.0,123.5,158.3,0.74,COMPLETE
12413,0.6875,2026-04-09 13:34:47.262277,2026-04-09 13:34:55.014448,0 days 00:00:07.752171,410.0,1.0,117.6,152.2,0.44,COMPLETE
12414,0.6875,2026-04-09 13:34:55.030898,2026-04-09 13:35:02.119638,0 days 00:00:07.088740,498.0,1.0,114.8,156.7,0.4,COMPLETE
12415,0.6875,2026-04-09 13:35:02.133947,2026-04-09 13:35:08.893919,0 days 00:00:06.759972,461.0,1.0,116.8,156.0,0.61,COMPLETE
12416,0.6875,2026-04-09 13:35:08.910538,2026-04-09 13:35:15.577750,0 days 00:00:06.667212,448.0,1.0,116.2,154.7,0.34,COMPLETE
12417,0.825,2026-04-09 13:35:15.591912,2026-04-09 13:35:49.525068,0 days 00:00:33.933156,455.0,2.0,116.2,154.6,0.0,COMPLETE
12418,0.6875,2026-04-09 13:35:49.541993,2026-04-09 13:35:57.096921,0 days 00:00:07.554928,319.0,1.0,124.1,155.7,0.55,COMPLETE
12419,0.825,2026-04-09 13:35:57.110537,2026-04-09 13:36:31.251507,0 days 00:00:34.140970,392.0,1.0,120.1,155.5,0.19,COMPLETE
12420,0.6875,2026-04-09 13:36:31.268858,2026-04-09 13:36:38.255225,0 days 00:00:06.986367,433.0,3.0,120.5,157.8,0.2,COMPLETE
12421,0.6875,2026-04-09 13:36:38.271816,2026-04-09 13:36:45.599519,0 days 00:00:07.327703,434.0,3.0,113.2,157.5,0.74,COMPLETE
12422,0.825,2026-04-09 13:36:45.613034,2026-04-09 13:37:20.139041,0 days 00:00:34.526007,459.0,1.0,118.6,155.0,0.2,COMPLETE
12423,0.6875,2026-04-09 13:37:20.156133,2026-04-09 13:37:27.149631,0 days 00:00:06.993498,415.0,1.0,116.3,154.6,0.5,COMPLETE
12424,0.825,2026-04-09 13:37:27.163966,2026-04-09 13:38:01.115447,0 days 00:00:33.951481,470.0,1.0,118.4,154.7,0.49,COMPLETE
12425,0.6875,2026-04-09 13:38:01.132046,2026-04-09 13:38:08.161282,0 days 00:00:07.029236,456.0,2.0,114.3,154.0,0.33,COMPLETE
12426,0.6875,2026-04-09 13:38:08.174763,2026-04-09 13:38:14.949533,0 days 00:00:06.774770,431.0,1.0,114.9,156.4,0.0,COMPLETE
12427,0.6875,2026-04-09 13:38:14.966498,2026-04-09 13:38:21.821815,0 days 00:00:06.855317,423.0,1.0,116.7,153.5,0.38,COMPLETE
12428,0.6875,2026-04-09 13:38:21.835128,2026-04-09 13:38:28.639987,0 days 00:00:06.804859,385.0,1.0,115.2,155.6,0.38,COMPLETE
12429,0.6875,2026-04-09 13:38:28.657440,2026-04-09 13:38:35.949353,0 days 00:00:07.291913,369.0,2.0,122.1,154.3,0.63,COMPLETE
12430,0.6875,2026-04-09 13:38:35.962829,2026-04-09 13:38:42.789326,0 days 00:00:06.826497,432.0,1.0,122.8,151.8,0.22,COMPLETE
12431,0.6875,2026-04-09 13:38:42.803482,2026-04-09 13:38:50.311164,0 days 00:00:07.507682,423.0,1.0,114.2,150.9,0.03,COMPLETE
12432,0.825,2026-04-09 13:38:50.328723,2026-04-09 13:39:04.708476,0 days 00:00:14.379753,473.0,1.0,118.1,152.5,0.0,COMPLETE
12433,0.6875,2026-04-09 13:39:04.722845,2026-04-09 13:39:11.820418,0 days 00:00:07.097573,420.0,2.0,115.5,155.6,0.34,COMPLETE
12434,0.6875,2026-04-09 13:39:11.836651,2026-04-09 13:39:19.508942,0 days 00:00:07.672291,242.0,2.0,123.1,153.0,0.29,COMPLETE
12435,0.6875,2026-04-09 13:39:19.523584,2026-04-09 13:39:26.544626,0 days 00:00:07.021042,192.0,2.0,124.6,154.8,0.75,COMPLETE
12436,0.6875,2026-04-09 13:39:26.560540,2026-04-09 13:39:34.030533,0 days 00:00:07.469993,372.0,2.0,116.5,153.1,0.0,COMPLETE
12437,0.825,2026-04-09 13:39:34.044093,2026-04-09 13:40:08.076123,0 days 00:00:34.032030,448.0,2.0,117.4,156.0,0.0,COMPLETE
12438,0.6875,2026-04-09 13:40:08.092896,2026-04-09 13:40:14.891546,0 days 00:00:06.798650,458.0,1.0,120.6,155.4,0.58,COMPLETE
12439,0.825,2026-04-09 13:40:14.908357,2026-04-09 13:40:49.095910,0 days 00:00:34.187553,382.0,1.0,119.2,155.7,0.0,COMPLETE
12440,0.6875,2026-04-09 13:40:49.110082,2026-04-09 13:40:56.017788,0 days 00:00:06.907706,367.0,1.0,122.1,153.9,0.24,COMPLETE
12441,0.6875,2026-04-09 13:40:56.034248,2026-04-09 13:41:03.483409,0 days 00:00:07.449161,349.0,1.0,114.1,152.4,0.26,COMPLETE
12442,0.6875,2026-04-09 13:41:03.497473,2026-04-09 13:41:10.375756,0 days 00:00:06.878283,411.0,1.0,117.8,152.9,0.19,COMPLETE
12443,0.6875,2026-04-09 13:41:10.390428,2026-04-09 13:41:17.437620,0 days 00:00:07.047192,297.0,2.0,120.8,154.2,0.0,COMPLETE
12444,0.6875,2026-04-09 13:41:17.451658,2026-04-09 13:41:24.126731,0 days 00:00:06.675073,291.0,1.0,119.2,154.1,0.29,COMPLETE
12445,0.825,2026-04-09 13:41:24.142928,2026-04-09 13:41:58.165123,0 days 00:00:34.022195,405.0,1.0,117.2,156.9,0.0,COMPLETE
12446,0.6875,2026-04-09 13:41:58.179540,2026-04-09 13:42:05.191186,0 days 00:00:07.011646,402.0,1.0,115.2,153.9,0.0,COMPLETE
12447,0.6875,2026-04-09 13:42:05.207798,2026-04-09 13:42:12.493979,0 days 00:00:07.286181,431.0,2.0,122.2,154.7,0.29,COMPLETE
12448,0.825,2026-04-09 13:42:12.508965,2026-04-09 13:42:46.543352,0 days 00:00:34.034387,452.0,3.0,120.0,155.1,0.39,COMPLETE
12449,0.6875,2026-04-09 13:42:46.561140,2026-04-09 13:42:53.942000,0 days 00:00:07.380860,388.0,3.0,115.7,150.8,0.28,COMPLETE
12450,0.6875,2026-04-09 13:42:53.958424,2026-04-09 13:43:00.784060,0 days 00:00:06.825636,378.0,1.0,116.0,153.5,0.29,COMPLETE
12451,0.6875,2026-04-09 13:43:00.798517,2026-04-09 13:43:07.542718,0 days 00:00:06.744201,388.0,1.0,117.2,152.0,0.21,COMPLETE
12452,0.6875,2026-04-09 13:43:07.559794,2026-04-09 13:43:14.675036,0 days 00:00:07.115242,325.0,2.0,119.8,154.8,0.93,COMPLETE
12454,0.6875,2026-04-09 13:44:45.521992,2026-04-09 13:44:54.454564,0 days 00:00:08.932572,292.0,1.0,117.7,155.8,0.48,COMPLETE
12455,0.6875,2026-04-09 13:44:54.475037,2026-04-09 13:45:01.259292,0 days 00:00:06.784255,337.0,1.0,115.4,152.6,0.01,COMPLETE
12456,0.6875,2026-04-09 13:45:01.279939,2026-04-09 13:45:08.042138,0 days 00:00:06.762199,348.0,1.0,115.6,156.5,0.48,COMPLETE
12457,0.825,2026-04-09 13:45:08.059932,2026-04-09 13:45:42.173533,0 days 00:00:34.113601,425.0,1.0,118.3,156.0,0.46,COMPLETE
12458,0.825,2026-04-09 13:45:42.193932,2026-04-09 13:46:16.206959,0 days 00:00:34.013027,419.0,1.0,118.3,157.7,0.27,COMPLETE
12459,0.6875,2026-04-09 13:46:16.227040,2026-04-09 13:46:23.857971,0 days 00:00:07.630931,293.0,3.0,119.9,151.7,0.77,COMPLETE
12460,0.6875,2026-04-09 13:46:23.874945,2026-04-09 13:46:31.014926,0 days 00:00:07.139981,437.0,1.0,115.8,155.6,0.19,COMPLETE
12461,0.6875,2026-04-09 13:46:31.035022,2026-04-09 13:46:38.082725,0 days 00:00:07.047703,371.0,1.0,114.2,153.8,0.25,COMPLETE
12462,0.825,2026-04-09 13:46:38.101593,2026-04-09 13:47:12.284208,0 days 00:00:34.182615,419.0,1.0,116.5,155.1,0.22,COMPLETE
12463,0.825,2026-04-09 13:47:12.303815,2026-04-09 13:47:46.322372,0 days 00:00:34.018557,421.0,1.0,119.4,156.0,0.74,COMPLETE
12464,0.6875,2026-04-09 13:47:46.337098,2026-04-09 13:47:53.607009,0 days 00:00:07.269911,291.0,1.0,117.0,155.6,0.0,COMPLETE
12465,0.6875,2026-04-09 13:47:53.627632,2026-04-09 13:48:00.594697,0 days 00:00:06.967065,405.0,2.0,113.3,153.1,0.27,COMPLETE
12466,0.6875,2026-04-09 13:48:00.612311,2026-04-09 13:48:07.651553,0 days 00:00:07.039242,408.0,1.0,115.5,157.8,0.38,COMPLETE
12467,0.825,2026-04-09 13:48:07.671229,2026-04-09 13:48:42.129336,0 days 00:00:34.458107,449.0,2.0,121.4,156.1,0.58,COMPLETE
12468,0.6875,2026-04-09 13:48:42.150145,2026-04-09 13:48:49.273079,0 days 00:00:07.122934,253.0,2.0,122.4,154.3,0.03,COMPLETE
12469,0.671875,2026-04-09 13:48:49.287053,2026-04-09 13:48:56.196359,0 days 00:00:06.909306,364.0,1.0,118.9,152.0,0.5,COMPLETE
12470,0.825,2026-04-09 13:48:56.217142,2026-04-09 13:49:30.535900,0 days 00:00:34.318758,297.0,2.0,119.6,155.4,0.0,COMPLETE
12471,0.6875,2026-04-09 13:49:30.553595,2026-04-09 13:49:37.561859,0 days 00:00:07.008264,426.0,1.0,114.4,153.9,0.58,COMPLETE
12472,0.825,2026-04-09 13:49:37.581764,2026-04-09 13:50:11.989725,0 days 00:00:34.407961,481.0,1.0,119.4,155.8,0.0,COMPLETE
12473,0.671875,2026-04-09 13:50:12.008749,2026-04-09 13:50:19.139923,0 days 00:00:07.131174,389.0,1.0,117.3,155.5,0.0,COMPLETE
12474,0.6875,2026-04-09 13:50:19.158851,2026-04-09 13:50:25.946045,0 days 00:00:06.787194,469.0,1.0,116.6,152.3,0.0,COMPLETE
12475,0.825,2026-04-09 13:50:25.964485,2026-04-09 13:50:33.220384,0 days 00:00:07.255899,401.0,1.0,115.3,154.1,0.0,COMPLETE
12476,0.6875,2026-04-09 13:50:33.239423,2026-04-09 13:50:40.181139,0 days 00:00:06.941716,452.0,2.0,116.0,159.1,0.34,COMPLETE
12477,0.6875,2026-04-09 13:50:40.198980,2026-04-09 13:50:47.214609,0 days 00:00:07.015629,323.0,1.0,114.4,155.2,0.26,COMPLETE
12478,0.6875,2026-04-09 13:50:47.235247,2026-04-09 13:50:53.921701,0 days 00:00:06.686454,450.0,1.0,116.0,152.1,0.8300000000000001,COMPLETE
12479,0.6875,2026-04-09 13:50:53.939730,2026-04-09 13:51:00.415872,0 days 00:00:06.476142,439.0,1.0,115.7,152.7,0.19,COMPLETE
12480,0.6875,2026-04-09 13:51:00.435917,2026-04-09 13:51:07.009096,0 days 00:00:06.573179,444.0,1.0,114.4,153.6,0.49,COMPLETE
12481,0.6875,2026-04-09 13:51:07.027052,2026-04-09 13:51:13.546712,0 days 00:00:06.519660,475.0,2.0,113.4,154.5,0.0,COMPLETE
12482,0.825,2026-04-09 13:51:13.563110,2026-04-09 13:51:48.232293,0 days 00:00:34.669183,328.0,2.0,118.8,152.9,0.19,COMPLETE
12483,0.6875,2026-04-09 13:51:48.252734,2026-04-09 13:51:55.444508,0 days 00:00:07.191774,390.0,1.0,115.5,156.6,0.0,COMPLETE
12484,0.6875,2026-04-09 13:51:55.458688,2026-04-09 13:52:02.226785,0 days 00:00:06.768097,462.0,2.0,116.8,154.9,0.62,COMPLETE
12485,0.6875,2026-04-09 13:52:02.248568,2026-04-09 13:52:08.805769,0 days 00:00:06.557201,471.0,1.0,116.6,155.5,0.26,COMPLETE
12486,0.6875,2026-04-09 13:52:08.823751,2026-04-09 13:52:15.521420,0 days 00:00:06.697669,437.0,1.0,116.7,153.6,0.71,COMPLETE
12487,0.825,2026-04-09 13:52:15.542115,2026-04-09 13:52:49.676699,0 days 00:00:34.134584,426.0,1.0,118.5,153.2,0.0,COMPLETE
12488,0.825,2026-04-09 13:52:49.694048,2026-04-09 13:53:23.722510,0 days 00:00:34.028462,373.0,1.0,119.0,155.6,0.39,COMPLETE
12489,0.6875,2026-04-09 13:53:23.742948,2026-04-09 13:53:30.729145,0 days 00:00:06.986197,499.0,1.0,117.9,158.7,0.62,COMPLETE
12490,0.6875,2026-04-09 13:53:30.748441,2026-04-09 13:53:37.943770,0 days 00:00:07.195329,418.0,1.0,114.7,155.7,0.41000000000000003,COMPLETE
12491,0.6875,2026-04-09 13:53:37.961381,2026-04-09 13:53:44.496736,0 days 00:00:06.535355,386.0,1.0,114.4,155.2,0.01,COMPLETE
12492,0.6875,2026-04-09 13:53:44.517271,2026-04-09 13:53:51.531875,0 days 00:00:07.014604,391.0,1.0,119.0,154.0,0.48,COMPLETE
12493,0.825,2026-04-09 13:53:51.549991,2026-04-09 13:54:25.686878,0 days 00:00:34.136887,344.0,1.0,122.1,155.4,0.03,COMPLETE
12494,0.6875,2026-04-09 13:54:25.707001,2026-04-09 13:54:33.307408,0 days 00:00:07.600407,466.0,1.0,114.2,157.0,0.23,COMPLETE
12495,0.6875,2026-04-09 13:54:33.325823,2026-04-09 13:54:40.742264,0 days 00:00:07.416441,273.0,3.0,119.7,160.0,0.42,COMPLETE
12496,0.6875,2026-04-09 13:54:40.762509,2026-04-09 13:54:47.796864,0 days 00:00:07.034355,387.0,2.0,121.2,155.4,0.21,COMPLETE
12497,0.6875,2026-04-09 13:54:47.815461,2026-04-09 13:54:55.147898,0 days 00:00:07.332437,452.0,1.0,114.1,154.4,0.27,COMPLETE
12498,0.6875,2026-04-09 13:54:55.168522,2026-04-09 13:55:01.701383,0 days 00:00:06.532861,426.0,1.0,114.2,153.9,0.22,COMPLETE
12499,0.6875,2026-04-09 13:55:01.724219,2026-04-09 13:55:08.456123,0 days 00:00:06.731904,431.0,2.0,115.4,155.4,0.01,COMPLETE
12500,0.6875,2026-04-09 13:55:08.476007,2026-04-09 13:55:15.304531,0 days 00:00:06.828524,344.0,1.0,114.6,155.4,0.0,COMPLETE
12501,0.6875,2026-04-09 13:55:15.322891,2026-04-09 13:55:22.150311,0 days 00:00:06.827420,316.0,1.0,118.0,154.1,0.21,COMPLETE
12502,0.6875,2026-04-09 13:55:22.170042,2026-04-09 13:55:28.825511,0 days 00:00:06.655469,492.0,2.0,116.7,153.8,0.49,COMPLETE
12503,0.671875,2026-04-09 13:55:28.842593,2026-04-09 13:55:35.902778,0 days 00:00:07.060185,338.0,1.0,117.2,151.2,0.03,COMPLETE
12504,0.6875,2026-04-09 13:55:35.919849,2026-04-09 13:55:42.931405,0 days 00:00:07.011556,360.0,1.0,116.9,156.0,0.26,COMPLETE
12505,0.6875,2026-04-09 13:55:42.948152,2026-04-09 13:55:49.749426,0 days 00:00:06.801274,386.0,1.0,117.6,152.8,0.02,COMPLETE
12506,0.825,2026-04-09 13:55:49.766864,2026-04-09 13:56:23.946471,0 days 00:00:34.179607,427.0,1.0,118.3,155.0,0.31,COMPLETE
12507,0.6875,2026-04-09 13:56:23.965851,2026-04-09 13:56:31.325892,0 days 00:00:07.360041,406.0,3.0,121.3,149.9,1.71,COMPLETE
12508,0.825,2026-04-09 13:56:31.342813,2026-04-09 13:57:05.922707,0 days 00:00:34.579894,383.0,1.0,117.5,156.7,0.0,COMPLETE
12509,0.6875,2026-04-09 13:57:05.942453,2026-04-09 13:57:12.906402,0 days 00:00:06.963949,337.0,2.0,118.3,151.8,0.01,COMPLETE
12510,0.6875,2026-04-09 13:57:12.924386,2026-04-09 13:57:19.886218,0 days 00:00:06.961832,349.0,1.0,116.9,153.9,0.25,COMPLETE
12511,0.6875,2026-04-09 13:57:19.907337,2026-04-09 13:57:26.530854,0 days 00:00:06.623517,396.0,1.0,115.8,154.6,0.48,COMPLETE
12512,0.825,2026-04-09 13:57:26.548016,2026-04-09 13:58:00.714460,0 days 00:00:34.166444,396.0,1.0,118.8,154.4,0.25,COMPLETE
12513,0.6875,2026-04-09 13:58:00.735169,2026-04-09 13:58:07.831911,0 days 00:00:07.096742,431.0,1.0,114.9,151.8,0.0,COMPLETE
12514,0.6875,2026-04-09 13:58:07.849311,2026-04-09 13:58:14.847989,0 days 00:00:06.998678,449.0,1.0,117.5,155.6,0.27,COMPLETE
