number,value,datetime_start,datetime_complete,duration,params_voltage,params_width,params_x,params_y,params_z,state
10268,0.825,2026-04-08 22:15:56.987723,2026-04-08 22:16:31.296294,0 days 00:00:34.308571,423.0,1.0,121.3,156.3,0.24,COMPLETE
10269,0.825,2026-04-08 22:16:31.315482,2026-04-08 22:16:37.699555,0 days 00:00:06.384073,205.0,2.0,125.0,155.1,0.01,COMPLETE
10270,0.6875,2026-04-08 22:16:37.718133,2026-04-08 22:16:45.374138,0 days 00:00:07.656005,307.0,2.0,114.3,154.3,0.47000000000000003,COMPLETE
10271,0.6875,2026-04-08 22:16:45.393036,2026-04-08 22:16:52.086574,0 days 00:00:06.693538,453.0,2.0,115.9,157.9,0.0,COMPLETE
10272,0.825,2026-04-08 22:16:52.103837,2026-04-08 22:17:06.183822,0 days 00:00:14.079985,385.0,1.0,116.0,151.9,0.23,COMPLETE
10273,0.825,2026-04-08 22:17:06.199147,2026-04-08 22:17:40.662779,0 days 00:00:34.463632,449.0,2.0,119.6,156.6,0.3,COMPLETE
10274,0.6875,2026-04-08 22:17:40.682115,2026-04-08 22:17:48.202552,0 days 00:00:07.520437,278.0,2.0,125.4,156.5,0.01,COMPLETE
10275,0.6875,2026-04-08 22:17:48.218663,2026-04-08 22:17:55.705678,0 days 00:00:07.487015,416.0,1.0,117.1,153.3,0.0,COMPLETE
10276,0.6875,2026-04-08 22:17:55.724434,2026-04-08 22:18:02.345286,0 days 00:00:06.620852,375.0,2.0,118.4,152.7,0.62,COMPLETE
10277,0.825,2026-04-08 22:18:02.361139,2026-04-08 22:18:07.595731,0 days 00:00:05.234592,430.0,1.0,118.5,151.9,0.0,COMPLETE
10278,0.6875,2026-04-08 22:18:07.615578,2026-04-08 22:18:27.515974,0 days 00:00:19.900396,393.0,1.0,115.4,154.7,0.33,COMPLETE
10279,0.6875,2026-04-08 22:18:27.534854,2026-04-08 22:18:34.840492,0 days 00:00:07.305638,186.0,2.0,113.1,159.1,1.1400000000000001,COMPLETE
10280,0.6875,2026-04-08 22:18:34.859169,2026-04-08 22:18:41.793449,0 days 00:00:06.934280,413.0,1.0,116.9,154.9,0.29,COMPLETE
10281,0.6875,2026-04-08 22:18:41.810301,2026-04-08 22:18:48.345623,0 days 00:00:06.535322,399.0,1.0,117.4,153.2,0.39,COMPLETE
10282,0.6875,2026-04-08 22:18:48.364266,2026-04-08 22:18:55.061323,0 days 00:00:06.697057,370.0,1.0,113.7,154.4,0.58,COMPLETE
10283,0.6875,2026-04-08 22:18:55.081219,2026-04-08 22:19:01.570361,0 days 00:00:06.489142,416.0,1.0,115.0,154.9,0.31,COMPLETE
10284,0.6875,2026-04-08 22:19:01.585645,2026-04-08 22:19:08.526678,0 days 00:00:06.941033,343.0,1.0,117.5,152.2,0.22,COMPLETE
10285,0.6875,2026-04-08 22:19:08.544056,2026-04-08 22:19:15.969465,0 days 00:00:07.425409,492.0,1.0,124.7,158.1,0.25,COMPLETE
10286,0.671875,2026-04-08 22:19:15.988749,2026-04-08 22:19:22.873523,0 days 00:00:06.884774,449.0,2.0,120.7,154.8,0.58,COMPLETE
10287,0.6875,2026-04-08 22:19:22.892172,2026-04-08 22:19:30.074654,0 days 00:00:07.182482,477.0,2.0,113.1,154.4,0.28,COMPLETE
10288,0.0,2026-04-08 22:19:30.092943,2026-04-08 22:19:36.855326,0 days 00:00:06.762383,412.0,1.0,116.9,156.0,0.0,COMPLETE
10289,0.825,2026-04-08 22:19:36.872579,2026-04-08 22:20:10.964501,0 days 00:00:34.091922,495.0,1.0,117.1,154.9,0.01,COMPLETE
10290,0.6875,2026-04-08 22:20:10.982791,2026-04-08 22:20:17.966671,0 days 00:00:06.983880,417.0,1.0,116.1,153.4,0.21,COMPLETE
10291,0.6875,2026-04-08 22:20:17.983314,2026-04-08 22:20:24.528112,0 days 00:00:06.544798,381.0,2.0,116.5,152.5,0.27,COMPLETE
10292,0.6875,2026-04-08 22:20:24.542837,2026-04-08 22:20:31.691008,0 days 00:00:07.148171,304.0,1.0,115.8,156.7,0.0,COMPLETE
10293,0.825,2026-04-08 22:20:31.709680,2026-04-08 22:21:05.738021,0 days 00:00:34.028341,331.0,1.0,118.1,155.0,0.35000000000000003,COMPLETE
10294,0.6875,2026-04-08 22:21:05.756311,2026-04-08 22:21:12.791219,0 days 00:00:07.034908,274.0,1.0,117.7,153.6,0.21,COMPLETE
10295,0.825,2026-04-08 22:21:12.807279,2026-04-08 22:21:46.946289,0 days 00:00:34.139010,414.0,1.0,117.9,156.0,0.59,COMPLETE
10296,0.825,2026-04-08 22:21:46.966662,2026-04-08 22:22:21.264275,0 days 00:00:34.297613,233.0,3.0,118.7,155.9,0.07,COMPLETE
10297,0.6875,2026-04-08 22:22:21.282829,2026-04-08 22:22:28.378777,0 days 00:00:07.095948,368.0,1.0,113.7,156.2,0.01,COMPLETE
10298,0.6875,2026-04-08 22:22:28.394204,2026-04-08 22:22:35.226313,0 days 00:00:06.832109,421.0,1.0,115.4,152.8,0.24,COMPLETE
10299,0.6875,2026-04-08 22:22:35.244901,2026-04-08 22:22:42.005084,0 days 00:00:06.760183,499.0,1.0,117.8,154.9,0.42,COMPLETE
10300,0.6875,2026-04-08 22:22:42.021253,2026-04-08 22:22:49.027007,0 days 00:00:07.005754,310.0,2.0,120.2,154.0,0.3,COMPLETE
10301,0.6875,2026-04-08 22:22:49.047006,2026-04-08 22:22:56.274672,0 days 00:00:07.227666,497.0,1.0,115.9,159.2,0.08,COMPLETE
10302,0.825,2026-04-08 22:22:56.293602,2026-04-08 22:23:30.645226,0 days 00:00:34.351624,448.0,1.0,119.9,155.4,0.35000000000000003,COMPLETE
10303,0.825,2026-04-08 22:23:30.664666,2026-04-08 22:24:04.933123,0 days 00:00:34.268457,391.0,1.0,122.8,153.7,0.09,COMPLETE
10304,0.6875,2026-04-08 22:24:04.951997,2026-04-08 22:24:11.981309,0 days 00:00:07.029312,397.0,1.0,127.0,152.8,0.06,COMPLETE
10305,0.825,2026-04-08 22:24:11.998035,2026-04-08 22:24:47.158345,0 days 00:00:35.160310,439.0,1.0,115.6,156.0,0.0,COMPLETE
10306,0.6875,2026-04-08 22:24:47.177773,2026-04-08 22:24:54.643351,0 days 00:00:07.465578,428.0,1.0,124.5,159.3,0.42,COMPLETE
10307,0.825,2026-04-08 22:24:54.658798,2026-04-08 22:25:00.734353,0 days 00:00:06.075555,399.0,1.0,116.6,153.5,0.25,COMPLETE
10308,0.6875,2026-04-08 22:25:00.753573,2026-04-08 22:25:08.272161,0 days 00:00:07.518588,272.0,3.0,123.4,156.9,1.4000000000000001,COMPLETE
10309,0.6875,2026-04-08 22:25:08.288276,2026-04-08 22:25:15.892730,0 days 00:00:07.604454,425.0,2.0,113.3,152.0,0.14,COMPLETE
10310,0.6875,2026-04-08 22:25:15.913573,2026-04-08 22:25:22.321233,0 days 00:00:06.407660,437.0,1.0,113.4,151.4,0.01,COMPLETE
10311,0.6875,2026-04-08 22:25:22.337496,2026-04-08 22:25:30.693010,0 days 00:00:08.355514,220.0,3.0,125.5,157.3,0.46,COMPLETE
10312,0.6875,2026-04-08 22:25:30.712598,2026-04-08 22:25:37.521898,0 days 00:00:06.809300,351.0,2.0,121.7,154.7,0.76,COMPLETE
10313,0.6875,2026-04-08 22:25:37.538322,2026-04-08 22:25:44.787358,0 days 00:00:07.249036,289.0,1.0,115.3,154.3,0.01,COMPLETE
10314,0.6875,2026-04-08 22:25:44.804378,2026-04-08 22:25:51.426979,0 days 00:00:06.622601,348.0,2.0,117.8,153.7,0.02,COMPLETE
10315,0.825,2026-04-08 22:25:51.443653,2026-04-08 22:26:25.963561,0 days 00:00:34.519908,267.0,2.0,122.7,156.0,0.19,COMPLETE
10316,0.825,2026-04-08 22:26:25.983434,2026-04-08 22:27:00.014660,0 days 00:00:34.031226,424.0,1.0,123.3,154.9,0.0,COMPLETE
10317,0.825,2026-04-08 22:27:00.033680,2026-04-08 22:27:34.355165,0 days 00:00:34.321485,423.0,1.0,119.0,154.2,0.31,COMPLETE
10318,0.825,2026-04-08 22:27:34.374155,2026-04-08 22:28:08.655102,0 days 00:00:34.280947,323.0,2.0,119.1,156.5,0.24,COMPLETE
10319,0.6875,2026-04-08 22:28:08.674056,2026-04-08 22:28:15.598123,0 days 00:00:06.924067,312.0,2.0,122.0,155.8,0.24,COMPLETE
10320,0.6875,2026-04-08 22:28:15.616897,2026-04-08 22:28:22.981104,0 days 00:00:07.364207,479.0,1.0,114.4,153.5,0.01,COMPLETE
10321,0.825,2026-04-08 22:28:22.997384,2026-04-08 22:28:57.035228,0 days 00:00:34.037844,452.0,2.0,116.5,154.2,0.23,COMPLETE
10322,0.6875,2026-04-08 22:28:57.054232,2026-04-08 22:29:03.902758,0 days 00:00:06.848526,498.0,1.0,114.8,154.5,0.17,COMPLETE
10323,0.825,2026-04-08 22:29:03.919413,2026-04-08 22:29:21.606436,0 days 00:00:17.687023,446.0,2.0,124.5,153.1,0.6900000000000001,COMPLETE
10324,0.825,2026-04-08 22:29:21.625168,2026-04-08 22:29:57.142430,0 days 00:00:35.517262,377.0,1.0,118.3,154.9,0.0,COMPLETE
10325,0.6875,2026-04-08 22:29:57.161334,2026-04-08 22:30:03.836600,0 days 00:00:06.675266,409.0,1.0,115.7,153.1,0.5700000000000001,COMPLETE
10326,0.825,2026-04-08 22:30:03.855762,2026-04-08 22:30:38.141615,0 days 00:00:34.285853,345.0,1.0,118.7,155.6,0.25,COMPLETE
10327,0.6875,2026-04-08 22:30:38.160408,2026-04-08 22:30:45.045786,0 days 00:00:06.885378,372.0,1.0,116.1,155.8,0.41000000000000003,COMPLETE
10328,0.6875,2026-04-08 22:30:45.064136,2026-04-08 22:30:51.666962,0 days 00:00:06.602826,452.0,1.0,114.9,155.4,0.5,COMPLETE
10329,0.6875,2026-04-08 22:30:51.683737,2026-04-08 22:30:59.463550,0 days 00:00:07.779813,357.0,1.0,123.9,154.1,0.36,COMPLETE
10330,0.671875,2026-04-08 22:30:59.481441,2026-04-08 22:31:06.283404,0 days 00:00:06.801963,292.0,1.0,123.0,153.9,0.54,COMPLETE
10331,0.6875,2026-04-08 22:31:06.299882,2026-04-08 22:31:13.708311,0 days 00:00:07.408429,382.0,2.0,115.1,156.2,0.02,COMPLETE
10332,0.6875,2026-04-08 22:31:13.726880,2026-04-08 22:31:21.829799,0 days 00:00:08.102919,157.0,2.0,122.7,154.1,0.46,COMPLETE
10333,0.6875,2026-04-08 22:31:21.849679,2026-04-08 22:31:28.799604,0 days 00:00:06.949925,337.0,2.0,126.9,152.2,1.75,COMPLETE
10334,0.825,2026-04-08 22:31:28.817487,2026-04-08 22:32:03.896536,0 days 00:00:35.079049,369.0,1.0,117.5,156.4,0.26,COMPLETE
10335,0.825,2026-04-08 22:32:03.915390,2026-04-08 22:32:38.200157,0 days 00:00:34.284767,499.0,1.0,122.7,157.2,0.16,COMPLETE
10336,0.825,2026-04-08 22:32:38.215778,2026-04-08 22:33:12.243015,0 days 00:00:34.027237,312.0,2.0,123.7,156.8,0.25,COMPLETE
10337,0.825,2026-04-08 22:33:12.261981,2026-04-08 22:33:46.557592,0 days 00:00:34.295611,460.0,1.0,117.7,155.7,0.0,COMPLETE
10338,0.6875,2026-04-08 22:33:46.573018,2026-04-08 22:33:53.371762,0 days 00:00:06.798744,431.0,1.0,116.7,154.0,0.8200000000000001,COMPLETE
10339,0.6875,2026-04-08 22:33:53.389927,2026-04-08 22:34:00.515632,0 days 00:00:07.125705,467.0,2.0,122.7,154.2,0.55,COMPLETE
10340,0.6875,2026-04-08 22:34:00.531873,2026-04-08 22:34:07.700512,0 days 00:00:07.168639,437.0,1.0,117.9,158.0,0.42,COMPLETE
10341,0.6875,2026-04-08 22:34:07.719232,2026-04-08 22:34:14.493654,0 days 00:00:06.774422,404.0,1.0,114.6,158.9,0.02,COMPLETE
10342,0.6875,2026-04-08 22:34:14.510297,2026-04-08 22:34:22.087646,0 days 00:00:07.577349,376.0,1.0,120.0,151.3,0.23,COMPLETE
10343,0.6875,2026-04-08 22:34:22.105290,2026-04-08 22:34:29.174981,0 days 00:00:07.069691,281.0,1.0,117.2,150.4,0.37,COMPLETE
10344,0.6875,2026-04-08 22:34:29.193374,2026-04-08 22:34:36.128502,0 days 00:00:06.935128,406.0,1.0,116.6,154.8,0.47000000000000003,COMPLETE
10345,0.6875,2026-04-08 22:34:36.147549,2026-04-08 22:34:43.015613,0 days 00:00:06.868064,394.0,2.0,118.8,158.1,0.35000000000000003,COMPLETE
10346,0.6875,2026-04-08 22:34:43.032072,2026-04-08 22:34:50.276349,0 days 00:00:07.244277,500.0,2.0,114.7,152.5,0.11,COMPLETE
10347,0.6875,2026-04-08 22:34:50.295357,2026-04-08 22:34:57.534376,0 days 00:00:07.239019,453.0,3.0,120.7,155.4,1.93,COMPLETE
10348,0.015625,2026-04-08 22:34:57.552500,2026-04-08 22:35:04.587499,0 days 00:00:07.034999,276.0,1.0,122.9,153.5,0.01,COMPLETE
10349,0.6875,2026-04-08 22:35:04.605699,2026-04-08 22:35:11.794693,0 days 00:00:07.188994,446.0,1.0,118.5,158.1,0.18,COMPLETE
10350,0.825,2026-04-08 22:35:11.810213,2026-04-08 22:35:46.125775,0 days 00:00:34.315562,395.0,1.0,116.8,154.5,0.2,COMPLETE
10351,0.6875,2026-04-08 22:35:46.144948,2026-04-08 22:35:52.732973,0 days 00:00:06.588025,389.0,1.0,116.5,154.4,0.01,COMPLETE
10352,0.6875,2026-04-08 22:35:52.749217,2026-04-08 22:35:59.548276,0 days 00:00:06.799059,402.0,1.0,116.2,156.8,0.8300000000000001,COMPLETE
10353,0.6875,2026-04-08 22:35:59.568612,2026-04-08 22:36:07.249224,0 days 00:00:07.680612,353.0,2.0,126.4,155.8,0.61,COMPLETE
10354,0.6875,2026-04-08 22:36:07.265977,2026-04-08 22:36:15.211850,0 days 00:00:07.945873,418.0,1.0,114.3,153.5,0.29,COMPLETE
10355,0.825,2026-04-08 22:36:15.231149,2026-04-08 22:36:49.841047,0 days 00:00:34.609898,410.0,2.0,120.8,153.3,0.23,COMPLETE
10356,0.6875,2026-04-08 22:36:49.860709,2026-04-08 22:36:56.821423,0 days 00:00:06.960714,257.0,2.0,121.5,154.3,0.28,COMPLETE
10357,0.6875,2026-04-08 22:36:56.839581,2026-04-08 22:37:04.052021,0 days 00:00:07.212440,455.0,2.0,114.9,152.9,0.29,COMPLETE
10358,0.6875,2026-04-08 22:37:04.070684,2026-04-08 22:37:10.749229,0 days 00:00:06.678545,401.0,2.0,116.8,153.4,0.24,COMPLETE
10359,0.6875,2026-04-08 22:37:10.766194,2026-04-08 22:37:17.757332,0 days 00:00:06.991138,380.0,1.0,117.9,158.5,0.06,COMPLETE
10360,0.6875,2026-04-08 22:37:17.776929,2026-04-08 22:37:24.663357,0 days 00:00:06.886428,354.0,1.0,115.9,154.9,0.8,COMPLETE
10361,0.6875,2026-04-08 22:37:24.678389,2026-04-08 22:37:31.288440,0 days 00:00:06.610051,341.0,2.0,117.2,154.8,0.26,COMPLETE
10362,0.825,2026-04-08 22:37:31.307970,2026-04-08 22:38:05.370963,0 days 00:00:34.062993,473.0,1.0,118.6,155.5,0.01,COMPLETE
10363,0.6875,2026-04-08 22:38:05.389994,2026-04-08 22:38:12.479853,0 days 00:00:07.089859,379.0,1.0,115.9,155.7,0.0,COMPLETE
10364,0.6875,2026-04-08 22:38:12.498138,2026-04-08 22:38:19.120082,0 days 00:00:06.621944,423.0,1.0,117.3,155.2,0.27,COMPLETE
10365,0.6875,2026-04-08 22:38:19.138328,2026-04-08 22:38:25.881717,0 days 00:00:06.743389,434.0,1.0,115.3,153.9,0.25,COMPLETE
10366,0.6875,2026-04-08 22:38:25.900059,2026-04-08 22:38:32.980987,0 days 00:00:07.080928,346.0,1.0,113.8,150.3,0.25,COMPLETE
10367,0.6875,2026-04-08 22:38:32.998875,2026-04-08 22:38:39.755321,0 days 00:00:06.756446,359.0,1.0,113.2,153.3,0.22,COMPLETE
10368,0.6875,2026-04-08 22:38:39.773471,2026-04-08 22:38:46.738611,0 days 00:00:06.965140,464.0,3.0,117.5,155.4,0.43,COMPLETE
10369,0.6875,2026-04-08 22:38:46.756631,2026-04-08 22:38:53.664982,0 days 00:00:06.908351,385.0,1.0,115.9,155.2,0.24,COMPLETE
10370,0.6875,2026-04-08 22:38:53.683744,2026-04-08 22:39:01.261900,0 days 00:00:07.578156,233.0,2.0,123.3,155.3,0.73,COMPLETE
10371,0.825,2026-04-08 22:39:01.278646,2026-04-08 22:39:17.938752,0 days 00:00:16.660106,450.0,2.0,123.8,154.0,0.31,COMPLETE
10372,0.825,2026-04-08 22:39:17.955366,2026-04-08 22:39:51.908352,0 days 00:00:33.952986,490.0,2.0,125.5,154.7,0.45,COMPLETE
10373,0.825,2026-04-08 22:39:51.927907,2026-04-08 22:40:26.680501,0 days 00:00:34.752594,487.0,2.0,117.7,155.2,0.0,COMPLETE
10374,0.6875,2026-04-08 22:40:26.696492,2026-04-08 22:40:34.071251,0 days 00:00:07.374759,322.0,2.0,122.3,156.9,1.43,COMPLETE
10375,0.6875,2026-04-08 22:40:34.090613,2026-04-08 22:40:41.602553,0 days 00:00:07.511940,410.0,1.0,114.9,152.4,0.24,COMPLETE
10376,0.825,2026-04-08 22:40:41.618685,2026-04-08 22:41:15.831284,0 days 00:00:34.212599,418.0,1.0,117.6,153.4,0.25,COMPLETE
10377,0.6875,2026-04-08 22:41:15.851243,2026-04-08 22:41:23.138502,0 days 00:00:07.287259,376.0,3.0,113.4,149.6,1.71,COMPLETE
10378,0.6875,2026-04-08 22:41:23.154240,2026-04-08 22:41:30.191179,0 days 00:00:07.036939,464.0,1.0,116.5,153.7,0.41000000000000003,COMPLETE
10379,0.6875,2026-04-08 22:41:30.210755,2026-04-08 22:41:36.920478,0 days 00:00:06.709723,406.0,2.0,114.7,154.9,0.0,COMPLETE
10380,0.6875,2026-04-08 22:41:36.936386,2026-04-08 22:41:43.555899,0 days 00:00:06.619513,443.0,1.0,115.6,156.0,0.34,COMPLETE
10381,0.6875,2026-04-08 22:41:43.574994,2026-04-08 22:41:50.584864,0 days 00:00:07.009870,329.0,1.0,117.4,153.3,0.21,COMPLETE
10382,0.6875,2026-04-08 22:41:50.601467,2026-04-08 22:41:57.289904,0 days 00:00:06.688437,413.0,1.0,116.2,152.0,0.0,COMPLETE
10383,0.6875,2026-04-08 22:41:57.309441,2026-04-08 22:42:04.349827,0 days 00:00:07.040386,350.0,1.0,114.2,153.8,0.19,COMPLETE
10384,0.6875,2026-04-08 22:42:04.366282,2026-04-08 22:42:10.918913,0 days 00:00:06.552631,498.0,1.0,114.3,152.8,0.01,COMPLETE
10385,0.6875,2026-04-08 22:42:10.938499,2026-04-08 22:42:19.457620,0 days 00:00:08.519121,243.0,1.0,127.0,151.2,0.41000000000000003,COMPLETE
10386,0.015625,2026-04-08 22:42:19.473788,2026-04-08 22:42:27.383761,0 days 00:00:07.909973,385.0,1.0,115.3,154.6,0.01,COMPLETE
10387,0.6875,2026-04-08 22:42:27.401358,2026-04-08 22:42:35.223284,0 days 00:00:07.821926,299.0,3.0,124.6,156.0,0.24,COMPLETE
10388,0.6875,2026-04-08 22:42:35.241903,2026-04-08 22:42:42.079689,0 days 00:00:06.837786,416.0,2.0,121.1,157.0,1.17,COMPLETE
10389,0.6875,2026-04-08 22:42:42.096568,2026-04-08 22:42:49.288176,0 days 00:00:07.191608,310.0,1.0,122.8,152.5,0.4,COMPLETE
10390,0.825,2026-04-08 22:42:49.306676,2026-04-08 22:43:23.587182,0 days 00:00:34.280506,463.0,1.0,121.1,157.3,0.45,COMPLETE
10391,0.6875,2026-04-08 22:43:23.604466,2026-04-08 22:43:30.790270,0 days 00:00:07.185804,442.0,1.0,115.3,157.5,0.3,COMPLETE
10392,0.6875,2026-04-08 22:43:30.805777,2026-04-08 22:43:38.377833,0 days 00:00:07.572056,176.0,2.0,120.3,160.0,0.42,COMPLETE
10393,0.6875,2026-04-08 22:43:38.394312,2026-04-08 22:43:45.972818,0 days 00:00:07.578506,383.0,2.0,114.6,152.8,0.41000000000000003,COMPLETE
10394,0.825,2026-04-08 22:43:45.991638,2026-04-08 22:44:20.918542,0 days 00:00:34.926904,499.0,3.0,122.7,157.1,0.39,COMPLETE
10395,0.671875,2026-04-08 22:44:20.936970,2026-04-08 22:44:28.506091,0 days 00:00:07.569121,461.0,1.0,114.3,155.0,0.0,COMPLETE
10396,0.825,2026-04-08 22:44:28.525493,2026-04-08 22:45:02.653584,0 days 00:00:34.128091,424.0,1.0,117.6,156.6,0.44,COMPLETE
10397,0.825,2026-04-08 22:45:02.673551,2026-04-08 22:45:36.955910,0 days 00:00:34.282359,333.0,1.0,116.9,153.1,0.01,COMPLETE
10398,0.6875,2026-04-08 22:45:36.975710,2026-04-08 22:45:44.341579,0 days 00:00:07.365869,206.0,2.0,121.5,155.9,0.0,COMPLETE
10399,0.825,2026-04-08 22:45:44.357844,2026-04-08 22:46:18.412260,0 days 00:00:34.054416,495.0,1.0,119.8,157.3,0.46,COMPLETE
10400,0.825,2026-04-08 22:46:18.432021,2026-04-08 22:46:52.714792,0 days 00:00:34.282771,414.0,1.0,117.8,156.8,0.29,COMPLETE
10401,0.6875,2026-04-08 22:46:52.733833,2026-04-08 22:47:00.310097,0 days 00:00:07.576264,307.0,2.0,124.0,154.1,0.45,COMPLETE
10402,0.6875,2026-04-08 22:47:00.328417,2026-04-08 22:47:07.856215,0 days 00:00:07.527798,434.0,1.0,115.1,155.1,0.0,COMPLETE
10403,0.6875,2026-04-08 22:47:07.875210,2026-04-08 22:47:14.577160,0 days 00:00:06.701950,457.0,1.0,116.8,154.1,0.38,COMPLETE
10404,0.825,2026-04-08 22:47:14.594467,2026-04-08 22:47:49.274496,0 days 00:00:34.680029,459.0,1.0,116.6,154.2,0.03,COMPLETE
10405,0.6875,2026-04-08 22:47:49.292793,2026-04-08 22:47:56.021110,0 days 00:00:06.728317,346.0,1.0,115.7,153.5,0.0,COMPLETE
10406,0.6875,2026-04-08 22:47:56.038060,2026-04-08 22:48:02.667778,0 days 00:00:06.629718,453.0,2.0,117.8,152.3,0.0,COMPLETE
10407,0.825,2026-04-08 22:48:02.687365,2026-04-08 22:48:36.919285,0 days 00:00:34.231920,446.0,2.0,121.2,156.0,0.06,COMPLETE
10408,0.825,2026-04-08 22:48:36.937184,2026-04-08 22:49:11.241373,0 days 00:00:34.304189,415.0,1.0,123.3,153.0,0.54,COMPLETE
10409,0.825,2026-04-08 22:49:11.261177,2026-04-08 22:49:45.519246,0 days 00:00:34.258069,500.0,2.0,118.0,154.1,0.04,COMPLETE
10410,0.825,2026-04-08 22:49:45.536869,2026-04-08 22:50:19.583552,0 days 00:00:34.046683,411.0,1.0,118.6,154.8,0.39,COMPLETE
10411,0.6875,2026-04-08 22:50:19.601598,2026-04-08 22:50:26.884482,0 days 00:00:07.282884,437.0,1.0,113.3,158.1,0.39,COMPLETE
10412,0.825,2026-04-08 22:50:26.899985,2026-04-08 22:51:01.823440,0 days 00:00:34.923455,301.0,2.0,122.0,155.1,0.02,COMPLETE
10413,0.671875,2026-04-08 22:51:01.842533,2026-04-08 22:51:09.015339,0 days 00:00:07.172806,382.0,2.0,117.2,153.2,0.0,COMPLETE
10414,0.825,2026-04-08 22:51:09.031252,2026-04-08 22:51:43.011805,0 days 00:00:33.980553,417.0,1.0,118.8,156.1,0.0,COMPLETE
10415,0.825,2026-04-08 22:51:43.031186,2026-04-08 22:52:17.121748,0 days 00:00:34.090562,446.0,1.0,119.9,153.3,0.38,COMPLETE
10416,0.6875,2026-04-08 22:52:17.138396,2026-04-08 22:52:24.282935,0 days 00:00:07.144539,357.0,1.0,118.1,154.4,0.26,COMPLETE
10417,0.825,2026-04-08 22:52:24.301489,2026-04-08 22:52:58.316143,0 days 00:00:34.014654,358.0,1.0,118.3,155.3,0.02,COMPLETE
10418,0.825,2026-04-08 22:52:58.332805,2026-04-08 22:53:32.596345,0 days 00:00:34.263540,307.0,1.0,118.8,153.5,0.01,COMPLETE
10419,0.825,2026-04-08 22:53:32.616924,2026-04-08 22:54:06.633241,0 days 00:00:34.016317,460.0,2.0,117.4,156.5,0.19,COMPLETE
10420,0.6875,2026-04-08 22:54:06.648697,2026-04-08 22:54:13.881084,0 days 00:00:07.232387,371.0,1.0,121.4,155.1,0.52,COMPLETE
10421,0.825,2026-04-08 22:54:13.900933,2026-04-08 22:54:48.385412,0 days 00:00:34.484479,316.0,2.0,122.8,152.9,0.27,COMPLETE
10422,0.825,2026-04-08 22:54:48.401592,2026-04-08 22:55:22.406140,0 days 00:00:34.004548,336.0,3.0,122.0,153.2,0.01,COMPLETE
10423,0.825,2026-04-08 22:55:22.425418,2026-04-08 22:55:56.490094,0 days 00:00:34.064676,399.0,2.0,124.0,153.3,0.13,COMPLETE
10424,0.6875,2026-04-08 22:55:56.507155,2026-04-08 22:56:04.199006,0 days 00:00:07.691851,221.0,1.0,120.3,159.5,1.99,COMPLETE
10425,0.6875,2026-04-08 22:56:04.217870,2026-04-08 22:56:11.293667,0 days 00:00:07.075797,471.0,2.0,115.0,155.3,0.5,COMPLETE
10426,0.825,2026-04-08 22:56:11.311716,2026-04-08 22:56:46.165523,0 days 00:00:34.853807,255.0,3.0,120.5,157.2,0.03,COMPLETE
10427,0.825,2026-04-08 22:56:46.184585,2026-04-08 22:57:20.441274,0 days 00:00:34.256689,494.0,2.0,121.2,153.5,0.37,COMPLETE
10428,0.6875,2026-04-08 22:57:20.461897,2026-04-08 22:57:27.795575,0 days 00:00:07.333678,423.0,2.0,115.7,156.4,0.51,COMPLETE
10429,0.6875,2026-04-08 22:57:27.814145,2026-04-08 22:57:34.854095,0 days 00:00:07.039950,397.0,1.0,117.9,151.5,0.0,COMPLETE
10430,0.6875,2026-04-08 22:57:34.871509,2026-04-08 22:57:41.565799,0 days 00:00:06.694290,384.0,1.0,120.5,153.0,0.21,COMPLETE
10431,0.6875,2026-04-08 22:57:41.585990,2026-04-08 22:57:48.689911,0 days 00:00:07.103921,363.0,1.0,118.0,158.4,0.39,COMPLETE
10432,0.6875,2026-04-08 22:57:48.706887,2026-04-08 22:57:56.446962,0 days 00:00:07.740075,479.0,2.0,121.7,148.3,1.46,COMPLETE
10433,0.6875,2026-04-08 22:57:56.465579,2026-04-08 22:58:03.892393,0 days 00:00:07.426814,348.0,2.0,117.0,152.6,0.0,COMPLETE
10434,0.6875,2026-04-08 22:58:03.908774,2026-04-08 22:58:10.580931,0 days 00:00:06.672157,451.0,1.0,116.1,153.8,0.61,COMPLETE
10435,0.671875,2026-04-08 22:58:10.600256,2026-04-08 22:58:17.556885,0 days 00:00:06.956629,383.0,1.0,115.4,155.9,0.21,COMPLETE
10436,0.6875,2026-04-08 22:58:17.573028,2026-04-08 22:58:24.082574,0 days 00:00:06.509546,418.0,1.0,115.0,155.7,0.21,COMPLETE
10437,0.6875,2026-04-08 22:58:24.101401,2026-04-08 22:58:30.834938,0 days 00:00:06.733537,448.0,1.0,115.6,153.5,0.28,COMPLETE
10438,0.6875,2026-04-08 22:58:30.850621,2026-04-08 22:58:37.507559,0 days 00:00:06.656938,422.0,1.0,117.2,154.5,0.21,COMPLETE
10439,0.6875,2026-04-08 22:58:37.527543,2026-04-08 22:58:44.996599,0 days 00:00:07.469056,303.0,3.0,119.1,148.2,1.51,COMPLETE
