number,value,datetime_start,datetime_complete,duration,params_voltage,params_width,params_x,params_y,params_z,state
13725,0.825,2026-04-09 18:23:33.104299,2026-04-09 18:24:07.669229,0 days 00:00:34.564930,436.0,2.0,119.2,152.3,0.0,COMPLETE
13726,0.6875,2026-04-09 18:24:07.697563,2026-04-09 18:24:14.391590,0 days 00:00:06.694027,499.0,1.0,117.3,151.3,0.23,COMPLETE
13727,0.6875,2026-04-09 18:24:14.411660,2026-04-09 18:24:21.366852,0 days 00:00:06.955192,375.0,1.0,115.0,154.1,0.0,COMPLETE
13728,0.825,2026-04-09 18:24:21.387095,2026-04-09 18:24:56.291924,0 days 00:00:34.904829,312.0,2.0,122.9,156.2,0.2,COMPLETE
13729,0.825,2026-04-09 18:24:56.310567,2026-04-09 18:25:30.345681,0 days 00:00:34.035114,382.0,2.0,123.7,156.9,0.38,COMPLETE
13730,0.825,2026-04-09 18:25:30.366988,2026-04-09 18:26:04.895018,0 days 00:00:34.528030,498.0,1.0,118.2,154.7,0.44,COMPLETE
13731,0.6875,2026-04-09 18:26:04.916744,2026-04-09 18:26:12.135695,0 days 00:00:07.218951,348.0,1.0,120.4,152.5,0.72,COMPLETE
13732,0.6875,2026-04-09 18:26:12.154731,2026-04-09 18:26:19.483506,0 days 00:00:07.328775,429.0,2.0,115.9,158.1,0.49,COMPLETE
13733,0.671875,2026-04-09 18:26:19.504272,2026-04-09 18:26:26.182139,0 days 00:00:06.677867,439.0,2.0,116.4,156.8,0.27,COMPLETE
13734,0.6875,2026-04-09 18:26:26.199990,2026-04-09 18:26:33.635379,0 days 00:00:07.435389,414.0,2.0,123.9,153.7,0.59,COMPLETE
13735,0.6875,2026-04-09 18:26:33.655262,2026-04-09 18:26:40.748189,0 days 00:00:07.092927,256.0,3.0,121.2,153.9,0.03,COMPLETE
13736,0.6875,2026-04-09 18:26:40.766505,2026-04-09 18:26:47.588811,0 days 00:00:06.822306,458.0,1.0,117.8,154.7,0.31,COMPLETE
13737,0.6875,2026-04-09 18:26:47.609066,2026-04-09 18:26:54.293405,0 days 00:00:06.684339,442.0,1.0,116.5,154.0,0.21,COMPLETE
13738,0.6875,2026-04-09 18:26:54.311827,2026-04-09 18:27:01.065834,0 days 00:00:06.754007,396.0,1.0,118.3,151.6,0.19,COMPLETE
13739,0.825,2026-04-09 18:27:01.086520,2026-04-09 18:27:35.264378,0 days 00:00:34.177858,445.0,2.0,122.7,152.5,0.26,COMPLETE
13740,0.825,2026-04-09 18:27:35.284864,2026-04-09 18:28:09.563039,0 days 00:00:34.278175,401.0,1.0,118.7,153.4,0.24,COMPLETE
13741,0.825,2026-04-09 18:28:09.581393,2026-04-09 18:28:14.884017,0 days 00:00:05.302624,400.0,1.0,116.3,154.9,0.23,COMPLETE
13742,0.6875,2026-04-09 18:28:14.903773,2026-04-09 18:28:21.678549,0 days 00:00:06.774776,385.0,2.0,116.9,153.5,0.02,COMPLETE
13743,0.6875,2026-04-09 18:28:21.698950,2026-04-09 18:28:28.424803,0 days 00:00:06.725853,458.0,1.0,115.0,153.6,0.22,COMPLETE
13744,0.825,2026-04-09 18:28:28.442070,2026-04-09 18:28:34.256319,0 days 00:00:05.814249,407.0,1.0,123.1,154.2,0.23,COMPLETE
13745,0.6875,2026-04-09 18:28:34.276972,2026-04-09 18:28:41.721062,0 days 00:00:07.444090,405.0,1.0,116.0,155.6,0.27,COMPLETE
13746,0.6875,2026-04-09 18:28:41.740106,2026-04-09 18:28:48.464116,0 days 00:00:06.724010,421.0,1.0,115.7,157.3,0.0,COMPLETE
13747,0.6875,2026-04-09 18:28:48.486293,2026-04-09 18:28:55.479690,0 days 00:00:06.993397,443.0,1.0,119.9,155.3,0.89,COMPLETE
13748,0.825,2026-04-09 18:28:55.497790,2026-04-09 18:29:29.716849,0 days 00:00:34.219059,380.0,2.0,118.8,156.0,0.0,COMPLETE
13749,0.6875,2026-04-09 18:29:29.738379,2026-04-09 18:29:37.121541,0 days 00:00:07.383162,279.0,2.0,122.4,152.5,0.4,COMPLETE
13750,0.6875,2026-04-09 18:29:37.141970,2026-04-09 18:29:44.598289,0 days 00:00:07.456319,457.0,1.0,117.5,158.9,0.25,COMPLETE
13751,0.6875,2026-04-09 18:29:44.618155,2026-04-09 18:29:52.346365,0 days 00:00:07.728210,354.0,2.0,123.7,153.7,0.26,COMPLETE
13752,0.6875,2026-04-09 18:29:52.366874,2026-04-09 18:30:00.170651,0 days 00:00:07.803777,346.0,2.0,113.0,155.0,0.6,COMPLETE
13753,0.6875,2026-04-09 18:30:00.189765,2026-04-09 18:30:06.978561,0 days 00:00:06.788796,348.0,1.0,114.4,156.9,0.63,COMPLETE
13754,0.6875,2026-04-09 18:30:06.998432,2026-04-09 18:30:13.764253,0 days 00:00:06.765821,498.0,2.0,115.6,155.2,0.32,COMPLETE
13755,0.825,2026-04-09 18:30:13.783718,2026-04-09 18:30:47.783020,0 days 00:00:33.999302,455.0,2.0,118.7,155.1,0.25,COMPLETE
13756,0.6875,2026-04-09 18:30:47.804246,2026-04-09 18:30:55.001548,0 days 00:00:07.197302,285.0,1.0,116.0,153.8,0.21,COMPLETE
13757,0.6875,2026-04-09 18:30:55.019541,2026-04-09 18:31:01.680437,0 days 00:00:06.660896,314.0,1.0,115.6,155.4,0.86,COMPLETE
13758,0.825,2026-04-09 18:31:01.700724,2026-04-09 18:31:35.919805,0 days 00:00:34.219081,329.0,2.0,118.5,155.9,0.52,COMPLETE
13759,0.6875,2026-04-09 18:31:35.940189,2026-04-09 18:31:42.845648,0 days 00:00:06.905459,425.0,1.0,119.6,154.0,0.75,COMPLETE
13760,0.6875,2026-04-09 18:31:42.864092,2026-04-09 18:31:49.881543,0 days 00:00:07.017451,446.0,1.0,115.8,156.7,0.0,COMPLETE
13761,0.6875,2026-04-09 18:31:49.901927,2026-04-09 18:31:57.024519,0 days 00:00:07.122592,346.0,2.0,115.1,152.7,0.42,COMPLETE
13762,0.6875,2026-04-09 18:31:57.043865,2026-04-09 18:32:04.218674,0 days 00:00:07.174809,277.0,3.0,114.8,157.0,0.07,COMPLETE
13763,0.6875,2026-04-09 18:32:04.238964,2026-04-09 18:32:11.055062,0 days 00:00:06.816098,407.0,1.0,113.9,153.7,0.56,COMPLETE
13764,0.6875,2026-04-09 18:32:11.073820,2026-04-09 18:32:17.868423,0 days 00:00:06.794603,498.0,2.0,115.0,155.7,0.2,COMPLETE
13765,0.6875,2026-04-09 18:32:17.889815,2026-04-09 18:32:25.052889,0 days 00:00:07.163074,434.0,1.0,120.7,154.4,0.53,COMPLETE
13766,0.6875,2026-04-09 18:32:25.070704,2026-04-09 18:32:32.190486,0 days 00:00:07.119782,437.0,1.0,115.1,153.0,0.01,COMPLETE
13767,0.6875,2026-04-09 18:32:32.211745,2026-04-09 18:32:39.281812,0 days 00:00:07.070067,402.0,2.0,120.3,152.9,0.0,COMPLETE
13768,0.825,2026-04-09 18:32:39.299615,2026-04-09 18:33:13.432679,0 days 00:00:34.133064,431.0,1.0,119.9,154.8,0.35000000000000003,COMPLETE
13769,0.6875,2026-04-09 18:33:13.455748,2026-04-09 18:33:20.543686,0 days 00:00:07.087938,404.0,1.0,117.1,151.3,0.48,COMPLETE
13770,0.825,2026-04-09 18:33:20.563911,2026-04-09 18:33:54.662683,0 days 00:00:34.098772,442.0,1.0,116.8,155.3,0.0,COMPLETE
13771,0.6875,2026-04-09 18:33:54.681576,2026-04-09 18:34:02.079541,0 days 00:00:07.397965,360.0,3.0,120.5,151.7,0.8,COMPLETE
13772,0.6875,2026-04-09 18:34:02.099408,2026-04-09 18:34:09.420919,0 days 00:00:07.321511,495.0,1.0,115.6,156.9,0.2,COMPLETE
13773,0.825,2026-04-09 18:34:09.439886,2026-04-09 18:34:43.812970,0 days 00:00:34.373084,448.0,1.0,119.9,154.4,0.0,COMPLETE
13774,0.6875,2026-04-09 18:34:43.833804,2026-04-09 18:34:51.027444,0 days 00:00:07.193640,498.0,1.0,116.0,158.2,0.01,COMPLETE
13775,0.825,2026-04-09 18:34:51.045116,2026-04-09 18:35:25.288146,0 days 00:00:34.243030,460.0,1.0,117.1,154.6,0.0,COMPLETE
13776,0.6875,2026-04-09 18:35:25.309512,2026-04-09 18:35:32.737560,0 days 00:00:07.428048,259.0,1.0,122.5,155.5,0.53,COMPLETE
13777,0.6875,2026-04-09 18:35:32.758405,2026-04-09 18:35:39.832639,0 days 00:00:07.074234,371.0,1.0,117.3,154.6,0.01,COMPLETE
13778,0.6875,2026-04-09 18:35:39.852959,2026-04-09 18:35:46.475887,0 days 00:00:06.622928,346.0,1.0,116.7,155.4,0.53,COMPLETE
13779,0.825,2026-04-09 18:35:46.492985,2026-04-09 18:36:21.101893,0 days 00:00:34.608908,400.0,1.0,123.1,153.1,0.51,COMPLETE
13780,0.6875,2026-04-09 18:36:21.122605,2026-04-09 18:36:28.183224,0 days 00:00:07.060619,439.0,2.0,119.2,152.6,0.5700000000000001,COMPLETE
13781,0.6875,2026-04-09 18:36:28.203611,2026-04-09 18:36:35.783749,0 days 00:00:07.580138,335.0,1.0,123.7,158.3,0.5,COMPLETE
13782,0.6875,2026-04-09 18:36:35.802751,2026-04-09 18:36:43.379906,0 days 00:00:07.577155,419.0,1.0,114.6,157.1,0.36,COMPLETE
13783,0.825,2026-04-09 18:36:43.397079,2026-04-09 18:37:04.050173,0 days 00:00:20.653094,418.0,3.0,122.4,154.5,0.51,COMPLETE
13784,0.6875,2026-04-09 18:37:04.070731,2026-04-09 18:37:11.345543,0 days 00:00:07.274812,500.0,1.0,115.0,155.0,0.5,COMPLETE
13785,0.825,2026-04-09 18:37:11.363438,2026-04-09 18:37:29.613484,0 days 00:00:18.250046,326.0,1.0,125.3,155.3,0.14,COMPLETE
13786,0.6875,2026-04-09 18:37:29.634398,2026-04-09 18:37:37.421646,0 days 00:00:07.787248,465.0,1.0,115.6,151.8,0.2,COMPLETE
13787,0.6875,2026-04-09 18:37:37.440239,2026-04-09 18:37:44.494597,0 days 00:00:07.054358,344.0,1.0,118.3,153.7,0.0,COMPLETE
13788,0.6875,2026-04-09 18:37:44.514699,2026-04-09 18:37:51.222257,0 days 00:00:06.707558,498.0,2.0,116.8,153.2,0.51,COMPLETE
13789,0.825,2026-04-09 18:37:51.240388,2026-04-09 18:38:26.731740,0 days 00:00:35.491352,390.0,1.0,122.7,157.2,0.17,COMPLETE
13790,0.6875,2026-04-09 18:38:26.753084,2026-04-09 18:38:33.901966,0 days 00:00:07.148882,274.0,2.0,124.8,156.2,1.02,COMPLETE
13791,0.6875,2026-04-09 18:38:33.924397,2026-04-09 18:38:40.917338,0 days 00:00:06.992941,450.0,1.0,124.3,151.5,0.16,COMPLETE
13792,0.6875,2026-04-09 18:38:40.935905,2026-04-09 18:38:48.907328,0 days 00:00:07.971423,310.0,1.0,114.8,156.0,0.3,COMPLETE
13793,0.6875,2026-04-09 18:38:48.927152,2026-04-09 18:38:56.247499,0 days 00:00:07.320347,322.0,1.0,121.1,152.8,0.2,COMPLETE
13794,0.6875,2026-04-09 18:38:56.265334,2026-04-09 18:39:03.649284,0 days 00:00:07.383950,251.0,1.0,115.5,154.9,0.22,COMPLETE
13795,0.6875,2026-04-09 18:39:03.669831,2026-04-09 18:39:11.275029,0 days 00:00:07.605198,229.0,2.0,124.7,154.3,0.34,COMPLETE
13796,0.6875,2026-04-09 18:39:11.293322,2026-04-09 18:39:18.742183,0 days 00:00:07.448861,455.0,1.0,116.6,153.8,0.0,COMPLETE
13797,0.825,2026-04-09 18:39:18.761757,2026-04-09 18:39:53.047695,0 days 00:00:34.285938,373.0,2.0,118.2,154.8,0.27,COMPLETE
13798,0.825,2026-04-09 18:39:53.066572,2026-04-09 18:40:27.131962,0 days 00:00:34.065390,392.0,1.0,118.5,156.7,0.23,COMPLETE
13799,0.6875,2026-04-09 18:40:27.151827,2026-04-09 18:40:34.442308,0 days 00:00:07.290481,336.0,1.0,114.2,157.1,0.24,COMPLETE
13800,0.6875,2026-04-09 18:40:34.463107,2026-04-09 18:40:41.803010,0 days 00:00:07.339903,427.0,1.0,119.2,152.1,0.0,COMPLETE
13801,0.6875,2026-04-09 18:40:41.822147,2026-04-09 18:40:49.333637,0 days 00:00:07.511490,245.0,3.0,123.2,157.5,0.01,COMPLETE
13802,0.6875,2026-04-09 18:40:49.354201,2026-04-09 18:40:56.317246,0 days 00:00:06.963045,255.0,2.0,120.5,154.2,0.2,COMPLETE
13803,0.825,2026-04-09 18:40:56.336471,2026-04-09 18:41:30.609322,0 days 00:00:34.272851,436.0,2.0,125.6,155.0,0.58,COMPLETE
13804,0.6875,2026-04-09 18:41:30.629790,2026-04-09 18:41:38.551155,0 days 00:00:07.921365,444.0,1.0,114.6,156.2,0.24,COMPLETE
13805,0.6875,2026-04-09 18:41:38.569693,2026-04-09 18:41:45.920666,0 days 00:00:07.350973,453.0,2.0,121.9,154.9,0.38,COMPLETE
13806,0.6875,2026-04-09 18:41:45.941425,2026-04-09 18:41:53.073343,0 days 00:00:07.131918,413.0,1.0,116.3,153.8,0.65,COMPLETE
13807,0.825,2026-04-09 18:41:53.092278,2026-04-09 18:42:27.948077,0 days 00:00:34.855799,499.0,2.0,123.9,156.7,0.58,COMPLETE
13808,0.825,2026-04-09 18:42:27.969382,2026-04-09 18:43:02.485289,0 days 00:00:34.515907,335.0,1.0,118.2,156.0,0.52,COMPLETE
13809,0.6875,2026-04-09 18:43:02.506761,2026-04-09 18:43:09.559343,0 days 00:00:07.052582,370.0,1.0,114.5,155.4,0.0,COMPLETE
13810,0.6875,2026-04-09 18:43:09.577811,2026-04-09 18:43:16.981522,0 days 00:00:07.403711,277.0,3.0,121.9,154.3,0.63,COMPLETE
13811,0.6875,2026-04-09 18:43:17.002186,2026-04-09 18:43:24.014635,0 days 00:00:07.012449,492.0,1.0,116.4,152.4,0.15,COMPLETE
13812,0.6875,2026-04-09 18:43:24.034540,2026-04-09 18:43:31.501425,0 days 00:00:07.466885,283.0,2.0,123.1,148.8,1.97,COMPLETE
13813,0.6875,2026-04-09 18:43:31.521283,2026-04-09 18:43:39.201745,0 days 00:00:07.680462,461.0,1.0,115.9,157.3,0.46,COMPLETE
13814,0.6875,2026-04-09 18:43:39.221749,2026-04-09 18:43:45.980876,0 days 00:00:06.759127,372.0,1.0,116.6,156.2,0.25,COMPLETE
13815,0.6875,2026-04-09 18:43:46.001028,2026-04-09 18:43:52.640142,0 days 00:00:06.639114,407.0,1.0,114.9,154.8,0.01,COMPLETE
13816,0.6875,2026-04-09 18:43:52.657834,2026-04-09 18:43:59.569400,0 days 00:00:06.911566,320.0,1.0,114.8,156.9,1.58,COMPLETE
13817,0.6875,2026-04-09 18:43:59.591664,2026-04-09 18:44:06.494816,0 days 00:00:06.903152,410.0,2.0,116.9,152.3,0.37,COMPLETE
13818,0.6875,2026-04-09 18:44:06.513429,2026-04-09 18:44:13.614474,0 days 00:00:07.101045,279.0,2.0,120.5,155.5,0.32,COMPLETE
13819,0.6875,2026-04-09 18:44:13.631790,2026-04-09 18:44:20.457953,0 days 00:00:06.826163,381.0,1.0,116.1,156.2,0.0,COMPLETE
13820,0.6875,2026-04-09 18:44:20.476044,2026-04-09 18:44:27.269064,0 days 00:00:06.793020,392.0,2.0,115.5,152.2,0.24,COMPLETE
13821,0.6875,2026-04-09 18:44:27.287739,2026-04-09 18:44:33.826678,0 days 00:00:06.538939,441.0,1.0,115.6,153.7,0.0,COMPLETE
13822,0.6875,2026-04-09 18:44:33.846881,2026-04-09 18:44:40.610896,0 days 00:00:06.764015,383.0,1.0,116.8,157.4,0.0,COMPLETE
13823,0.6875,2026-04-09 18:44:40.629713,2026-04-09 18:44:47.587618,0 days 00:00:06.957905,289.0,2.0,114.9,154.4,0.0,COMPLETE
13824,0.6875,2026-04-09 18:44:47.607709,2026-04-09 18:44:54.248132,0 days 00:00:06.640423,367.0,1.0,116.7,153.2,0.2,COMPLETE
13825,0.825,2026-04-09 18:44:54.269214,2026-04-09 18:45:28.422092,0 days 00:00:34.152878,380.0,1.0,119.8,153.1,0.0,COMPLETE
13826,0.6875,2026-04-09 18:45:28.442048,2026-04-09 18:45:35.642422,0 days 00:00:07.200374,495.0,1.0,114.3,153.2,0.25,COMPLETE
13827,0.6875,2026-04-09 18:45:35.662836,2026-04-09 18:45:42.698493,0 days 00:00:07.035657,418.0,1.0,117.3,154.3,0.5,COMPLETE
13828,0.6875,2026-04-09 18:45:42.718671,2026-04-09 18:45:49.777542,0 days 00:00:07.058871,357.0,2.0,116.8,151.7,0.01,COMPLETE
13829,0.6875,2026-04-09 18:45:49.795128,2026-04-09 18:45:56.374751,0 days 00:00:06.579623,499.0,2.0,116.4,152.5,0.24,COMPLETE
13830,0.825,2026-04-09 18:45:56.393186,2026-04-09 18:46:30.660490,0 days 00:00:34.267304,466.0,1.0,119.0,153.4,0.0,COMPLETE
13831,0.825,2026-04-09 18:46:30.682181,2026-04-09 18:47:26.798473,0 days 00:00:56.116292,428.0,2.0,124.4,154.4,0.37,COMPLETE
13832,0.6875,2026-04-09 18:47:26.819222,2026-04-09 18:47:33.777956,0 days 00:00:06.958734,493.0,2.0,121.5,155.4,0.39,COMPLETE
13833,0.6875,2026-04-09 18:47:33.796861,2026-04-09 18:47:41.143044,0 days 00:00:07.346183,386.0,1.0,119.0,150.4,0.0,COMPLETE
13834,0.6875,2026-04-09 18:47:41.161435,2026-04-09 18:47:48.107060,0 days 00:00:06.945625,362.0,1.0,119.8,154.6,0.61,COMPLETE
13835,0.825,2026-04-09 18:47:48.124915,2026-04-09 18:48:22.247987,0 days 00:00:34.123072,455.0,2.0,121.5,155.2,0.01,COMPLETE
13836,0.825,2026-04-09 18:48:22.267317,2026-04-09 18:48:56.603030,0 days 00:00:34.335713,464.0,2.0,116.5,154.8,0.19,COMPLETE
13837,0.825,2026-04-09 18:48:56.622896,2026-04-09 18:49:31.372774,0 days 00:00:34.749878,274.0,1.0,122.5,155.8,0.13,COMPLETE
13838,0.6875,2026-04-09 18:49:31.394175,2026-04-09 18:49:38.562363,0 days 00:00:07.168188,333.0,2.0,117.3,154.9,0.02,COMPLETE
13839,0.6875,2026-04-09 18:49:38.581674,2026-04-09 18:49:45.281302,0 days 00:00:06.699628,390.0,1.0,117.5,156.4,0.72,COMPLETE
13840,0.6875,2026-04-09 18:49:45.302764,2026-04-09 18:49:52.392692,0 days 00:00:07.089928,397.0,1.0,113.3,153.3,0.21,COMPLETE
13841,0.6875,2026-04-09 18:49:52.412050,2026-04-09 18:49:59.712987,0 days 00:00:07.300937,290.0,1.0,116.7,157.1,0.02,COMPLETE
13842,0.825,2026-04-09 18:49:59.732987,2026-04-09 18:50:33.813579,0 days 00:00:34.080592,461.0,1.0,118.3,156.0,0.18,COMPLETE
13843,0.6875,2026-04-09 18:50:33.833225,2026-04-09 18:50:40.779248,0 days 00:00:06.946023,450.0,1.0,115.1,154.3,0.0,COMPLETE
13844,0.6875,2026-04-09 18:50:40.799808,2026-04-09 18:50:48.323335,0 days 00:00:07.523527,293.0,3.0,121.9,153.5,0.28,COMPLETE
13845,0.825,2026-04-09 18:50:48.342252,2026-04-09 18:51:22.461897,0 days 00:00:34.119645,460.0,1.0,119.8,157.2,0.36,COMPLETE
13846,0.6875,2026-04-09 18:51:22.483138,2026-04-09 18:51:30.038913,0 days 00:00:07.555775,387.0,1.0,113.5,152.1,0.25,COMPLETE
13847,0.6875,2026-04-09 18:51:30.059116,2026-04-09 18:51:37.500963,0 days 00:00:07.441847,447.0,1.0,122.8,154.8,0.38,COMPLETE
13848,0.6875,2026-04-09 18:51:37.519510,2026-04-09 18:51:44.578748,0 days 00:00:07.059238,338.0,2.0,118.1,154.4,0.36,COMPLETE
13849,0.6875,2026-04-09 18:51:44.598921,2026-04-09 18:51:51.252510,0 days 00:00:06.653589,475.0,1.0,115.0,153.6,0.52,COMPLETE
13850,0.6875,2026-04-09 18:51:51.272963,2026-04-09 18:51:59.008918,0 days 00:00:07.735955,207.0,2.0,123.1,153.8,0.25,COMPLETE
13851,0.825,2026-04-09 18:51:59.028700,2026-04-09 18:52:54.820836,0 days 00:00:55.792136,351.0,2.0,125.2,153.9,0.0,COMPLETE
13852,0.6875,2026-04-09 18:52:54.842217,2026-04-09 18:53:02.136848,0 days 00:00:07.294631,500.0,1.0,117.6,155.2,0.49,COMPLETE
13853,0.6875,2026-04-09 18:53:02.155414,2026-04-09 18:53:09.790914,0 days 00:00:07.635500,240.0,2.0,124.4,152.1,0.41000000000000003,COMPLETE
13854,0.6875,2026-04-09 18:53:09.811009,2026-04-09 18:53:16.220638,0 days 00:00:06.409629,347.0,1.0,124.6,152.3,0.38,COMPLETE
13855,0.671875,2026-04-09 18:53:16.240160,2026-04-09 18:53:23.604763,0 days 00:00:07.364603,412.0,1.0,116.4,155.2,0.41000000000000003,COMPLETE
13856,0.6875,2026-04-09 18:53:23.623100,2026-04-09 18:53:30.286636,0 days 00:00:06.663536,332.0,1.0,116.3,155.2,0.02,COMPLETE
13857,0.825,2026-04-09 18:53:30.306936,2026-04-09 18:54:05.253539,0 days 00:00:34.946603,192.0,2.0,122.5,156.5,0.21,COMPLETE
13858,0.6875,2026-04-09 18:54:05.272392,2026-04-09 18:54:12.245066,0 days 00:00:06.972674,495.0,1.0,119.7,153.9,0.39,COMPLETE
13859,0.825,2026-04-09 18:54:12.265169,2026-04-09 18:54:46.760183,0 days 00:00:34.495014,404.0,2.0,118.8,157.9,0.0,COMPLETE
13860,0.6875,2026-04-09 18:54:46.780781,2026-04-09 18:54:54.122495,0 days 00:00:07.341714,425.0,1.0,115.5,153.3,0.41000000000000003,COMPLETE
13861,0.6875,2026-04-09 18:54:54.142524,2026-04-09 18:55:00.862830,0 days 00:00:06.720306,383.0,1.0,117.0,152.3,0.49,COMPLETE
13862,0.6875,2026-04-09 18:55:00.885404,2026-04-09 18:55:07.749823,0 days 00:00:06.864419,377.0,1.0,116.8,154.9,0.2,COMPLETE
13863,0.6875,2026-04-09 18:55:07.769633,2026-04-09 18:55:15.073324,0 days 00:00:07.303691,404.0,2.0,120.6,149.0,0.36,COMPLETE
13864,0.6875,2026-04-09 18:55:15.093717,2026-04-09 18:55:22.268276,0 days 00:00:07.174559,427.0,1.0,117.6,154.1,0.3,COMPLETE
13865,0.6875,2026-04-09 18:55:22.286751,2026-04-09 18:55:29.217805,0 days 00:00:06.931054,266.0,2.0,117.6,155.5,0.29,COMPLETE
13866,0.825,2026-04-09 18:55:29.237846,2026-04-09 18:56:03.541675,0 days 00:00:34.303829,295.0,2.0,123.1,154.6,0.01,COMPLETE
13867,0.6875,2026-04-09 18:56:03.560138,2026-04-09 18:56:11.083700,0 days 00:00:07.523562,352.0,1.0,115.3,152.1,0.24,COMPLETE
13868,0.6875,2026-04-09 18:56:11.103692,2026-04-09 18:56:17.877371,0 days 00:00:06.773679,423.0,2.0,114.6,154.2,0.2,COMPLETE
13869,0.825,2026-04-09 18:56:17.896177,2026-04-09 18:56:52.712511,0 days 00:00:34.816334,317.0,2.0,120.4,157.2,0.49,COMPLETE
13870,0.825,2026-04-09 18:56:52.733544,2026-04-09 18:57:26.992503,0 days 00:00:34.258959,376.0,2.0,118.6,153.3,0.01,COMPLETE
13871,0.6875,2026-04-09 18:57:27.012438,2026-04-09 18:57:34.366007,0 days 00:00:07.353569,322.0,2.0,116.2,156.6,0.43,COMPLETE
13872,0.6875,2026-04-09 18:57:34.384366,2026-04-09 18:57:41.214842,0 days 00:00:06.830476,398.0,1.0,117.9,154.7,0.49,COMPLETE
13873,0.6875,2026-04-09 18:57:41.234893,2026-04-09 18:57:48.754439,0 days 00:00:07.519546,274.0,2.0,124.7,154.8,0.53,COMPLETE
13874,0.6875,2026-04-09 18:57:48.772913,2026-04-09 18:57:55.956774,0 days 00:00:07.183861,373.0,1.0,118.9,152.4,0.26,COMPLETE
13875,0.6875,2026-04-09 18:57:55.978029,2026-04-09 18:58:02.834945,0 days 00:00:06.856916,388.0,2.0,115.4,153.8,0.48,COMPLETE
13876,0.6875,2026-04-09 18:58:02.852765,2026-04-09 18:58:09.713036,0 days 00:00:06.860271,498.0,2.0,115.7,157.5,0.03,COMPLETE
13877,0.6875,2026-04-09 18:58:09.731713,2026-04-09 18:58:16.710015,0 days 00:00:06.978302,427.0,2.0,116.5,153.3,1.2,COMPLETE
13878,0.6875,2026-04-09 18:58:16.730386,2026-04-09 18:58:24.174919,0 days 00:00:07.444533,174.0,2.0,119.8,155.8,0.59,COMPLETE
13879,0.825,2026-04-09 18:58:24.194318,2026-04-09 18:58:58.144813,0 days 00:00:33.950495,428.0,1.0,119.0,156.2,0.48,COMPLETE
13880,0.6875,2026-04-09 18:58:58.167417,2026-04-09 18:59:05.407263,0 days 00:00:07.239846,349.0,1.0,117.2,154.4,0.23,COMPLETE
13881,0.6875,2026-04-09 18:59:05.425882,2026-04-09 18:59:12.631299,0 days 00:00:07.205417,240.0,1.0,121.4,153.2,0.59,COMPLETE
13882,0.6875,2026-04-09 18:59:12.653316,2026-04-09 18:59:19.883171,0 days 00:00:07.229855,395.0,1.0,115.0,152.2,0.18,COMPLETE
13883,0.6875,2026-04-09 18:59:19.901460,2026-04-09 18:59:26.942921,0 days 00:00:07.041461,305.0,2.0,117.3,154.1,1.01,COMPLETE
13884,0.825,2026-04-09 18:59:26.965880,2026-04-09 19:00:01.355468,0 days 00:00:34.389588,500.0,2.0,123.1,153.3,0.32,COMPLETE
13885,0.6875,2026-04-09 19:00:01.374959,2026-04-09 19:00:08.436394,0 days 00:00:07.061435,328.0,2.0,120.2,153.8,0.0,COMPLETE
13886,0.6875,2026-04-09 19:00:08.457002,2026-04-09 19:00:15.281907,0 days 00:00:06.824905,282.0,2.0,122.5,154.1,0.0,COMPLETE
13887,0.703125,2026-04-09 19:00:15.302648,2026-04-09 19:00:22.320880,0 days 00:00:07.018232,466.0,1.0,116.5,153.4,0.24,COMPLETE
13888,0.825,2026-04-09 19:00:22.339254,2026-04-09 19:00:57.180149,0 days 00:00:34.840895,222.0,1.0,120.3,156.9,0.24,COMPLETE
13889,0.825,2026-04-09 19:00:57.201367,2026-04-09 19:01:31.228660,0 days 00:00:34.027293,350.0,2.0,123.5,155.7,0.33,COMPLETE
13890,0.6875,2026-04-09 19:01:31.248428,2026-04-09 19:01:38.753163,0 days 00:00:07.504735,498.0,1.0,116.0,155.3,0.19,COMPLETE
13891,0.6875,2026-04-09 19:01:38.773172,2026-04-09 19:01:45.854339,0 days 00:00:07.081167,309.0,2.0,115.9,152.7,0.54,COMPLETE
13892,0.6875,2026-04-09 19:01:45.874724,2026-04-09 19:01:52.604873,0 days 00:00:06.730149,463.0,1.0,116.7,154.4,0.0,COMPLETE
13893,0.6875,2026-04-09 19:01:52.623971,2026-04-09 19:01:59.631067,0 days 00:00:07.007096,424.0,3.0,113.1,157.5,0.35000000000000003,COMPLETE
13894,0.6875,2026-04-09 19:01:59.651703,2026-04-09 19:02:07.765334,0 days 00:00:08.113631,245.0,2.0,124.1,154.3,0.16,COMPLETE
13895,0.825,2026-04-09 19:02:07.784697,2026-04-09 19:02:41.882453,0 days 00:00:34.097756,424.0,2.0,120.1,155.3,0.24,COMPLETE
13896,0.6875,2026-04-09 19:02:41.903934,2026-04-09 19:02:49.009884,0 days 00:00:07.105950,446.0,3.0,124.2,155.8,1.3800000000000001,COMPLETE
13897,0.6875,2026-04-09 19:02:49.028380,2026-04-09 19:02:56.658001,0 days 00:00:07.629621,499.0,1.0,115.3,152.3,0.24,COMPLETE
