number,value,datetime_start,datetime_complete,duration,params_voltage,params_width,params_x,params_y,params_z,state
14243,0.6875,2026-04-09 20:15:39.421286,2026-04-09 20:15:46.276545,0 days 00:00:06.855259,395.0,1.0,115.8,154.4,0.43,COMPLETE
14244,0.6875,2026-04-09 20:15:46.300365,2026-04-09 20:15:53.728772,0 days 00:00:07.428407,192.0,2.0,120.0,154.7,0.0,COMPLETE
14245,0.6875,2026-04-09 20:15:53.747766,2026-04-09 20:16:00.655396,0 days 00:00:06.907630,363.0,1.0,116.0,155.1,0.25,COMPLETE
14246,0.825,2026-04-09 20:16:00.676918,2026-04-09 20:16:34.748638,0 days 00:00:34.071720,340.0,1.0,119.0,156.7,0.09,COMPLETE
14247,0.6875,2026-04-09 20:16:34.770335,2026-04-09 20:16:41.717664,0 days 00:00:06.947329,385.0,2.0,121.8,154.4,0.3,COMPLETE
14248,0.6875,2026-04-09 20:16:41.737264,2026-04-09 20:16:49.779908,0 days 00:00:08.042644,280.0,1.0,113.0,148.6,1.96,COMPLETE
14249,0.6875,2026-04-09 20:16:49.801106,2026-04-09 20:16:58.791038,0 days 00:00:08.989932,154.0,1.0,125.0,159.2,0.26,COMPLETE
14250,0.6875,2026-04-09 20:16:58.809637,2026-04-09 20:17:05.603576,0 days 00:00:06.793939,439.0,2.0,123.0,157.8,0.3,COMPLETE
14251,0.6875,2026-04-09 20:17:05.624854,2026-04-09 20:17:13.166501,0 days 00:00:07.541647,499.0,1.0,115.3,154.0,0.06,COMPLETE
14252,0.6875,2026-04-09 20:17:13.186831,2026-04-09 20:17:20.242895,0 days 00:00:07.056064,335.0,1.0,115.8,156.6,0.26,COMPLETE
14253,0.6875,2026-04-09 20:17:20.263550,2026-04-09 20:17:27.789564,0 days 00:00:07.526014,321.0,2.0,123.7,153.5,0.16,COMPLETE
14254,0.825,2026-04-09 20:17:27.806806,2026-04-09 20:18:01.815112,0 days 00:00:34.008306,396.0,1.0,121.7,154.8,0.2,COMPLETE
14255,0.825,2026-04-09 20:18:01.835351,2026-04-09 20:18:35.856399,0 days 00:00:34.021048,383.0,1.0,118.9,156.4,0.0,COMPLETE
14256,0.825,2026-04-09 20:18:35.877041,2026-04-09 20:19:10.153570,0 days 00:00:34.276529,352.0,1.0,122.6,152.6,0.0,COMPLETE
14257,0.6875,2026-04-09 20:19:10.173179,2026-04-09 20:19:17.360026,0 days 00:00:07.186847,407.0,1.0,116.1,152.3,0.0,COMPLETE
14258,0.825,2026-04-09 20:19:17.380317,2026-04-09 20:19:51.902287,0 days 00:00:34.521970,308.0,2.0,120.0,155.7,0.28,COMPLETE
14259,0.6875,2026-04-09 20:19:51.922000,2026-04-09 20:19:58.935801,0 days 00:00:07.013801,493.0,1.0,116.3,154.6,0.01,COMPLETE
14260,0.6875,2026-04-09 20:19:58.956739,2026-04-09 20:20:06.469843,0 days 00:00:07.513104,406.0,2.0,116.8,148.0,1.57,COMPLETE
14261,0.6875,2026-04-09 20:20:06.490493,2026-04-09 20:20:13.777143,0 days 00:00:07.286650,391.0,1.0,116.3,154.5,0.21,COMPLETE
14262,0.6875,2026-04-09 20:20:13.798080,2026-04-09 20:20:20.879859,0 days 00:00:07.081779,250.0,2.0,113.2,154.0,1.32,COMPLETE
14263,0.6875,2026-04-09 20:20:20.901382,2026-04-09 20:20:28.558016,0 days 00:00:07.656634,220.0,2.0,122.7,155.5,0.2,COMPLETE
14264,0.825,2026-04-09 20:20:28.577229,2026-04-09 20:21:02.802520,0 days 00:00:34.225291,360.0,1.0,118.8,155.0,0.36,COMPLETE
14265,0.825,2026-04-09 20:21:02.822852,2026-04-09 20:21:37.081961,0 days 00:00:34.259109,267.0,2.0,121.5,153.3,0.0,COMPLETE
14266,0.825,2026-04-09 20:21:37.105290,2026-04-09 20:22:11.142223,0 days 00:00:34.036933,365.0,2.0,120.0,156.0,0.39,COMPLETE
14267,0.825,2026-04-09 20:22:11.164475,2026-04-09 20:22:45.201432,0 days 00:00:34.036957,443.0,1.0,117.8,156.6,0.44,COMPLETE
14268,0.6875,2026-04-09 20:22:45.222001,2026-04-09 20:22:52.178670,0 days 00:00:06.956669,431.0,2.0,116.5,153.2,0.32,COMPLETE
14269,0.6875,2026-04-09 20:22:52.199222,2026-04-09 20:22:58.872357,0 days 00:00:06.673135,376.0,1.0,115.9,154.5,0.27,COMPLETE
14270,0.6875,2026-04-09 20:22:58.892463,2026-04-09 20:23:05.965698,0 days 00:00:07.073235,314.0,2.0,117.7,152.7,0.23,COMPLETE
14271,0.6875,2026-04-09 20:23:05.987136,2026-04-09 20:23:12.866789,0 days 00:00:06.879653,425.0,1.0,114.0,151.8,0.46,COMPLETE
14272,0.825,2026-04-09 20:23:12.887788,2026-04-09 20:23:26.381792,0 days 00:00:13.494004,389.0,2.0,116.9,152.6,0.01,COMPLETE
14273,0.6875,2026-04-09 20:23:26.402686,2026-04-09 20:23:34.358628,0 days 00:00:07.955942,259.0,3.0,125.1,155.4,1.96,COMPLETE
14274,0.6875,2026-04-09 20:23:34.377286,2026-04-09 20:23:41.243375,0 days 00:00:06.866089,227.0,2.0,122.0,156.2,0.48,COMPLETE
14275,0.671875,2026-04-09 20:23:41.264430,2026-04-09 20:23:48.544576,0 days 00:00:07.280146,454.0,1.0,115.7,153.7,0.23,COMPLETE
14276,0.6875,2026-04-09 20:23:48.564047,2026-04-09 20:23:56.411230,0 days 00:00:07.847183,283.0,2.0,125.0,155.1,0.28,COMPLETE
14277,0.6875,2026-04-09 20:23:56.432490,2026-04-09 20:24:03.962996,0 days 00:00:07.530506,356.0,1.0,115.0,152.6,0.48,COMPLETE
14278,0.6875,2026-04-09 20:24:03.981673,2026-04-09 20:24:10.608037,0 days 00:00:06.626364,420.0,1.0,113.3,154.2,0.37,COMPLETE
14279,0.6875,2026-04-09 20:24:10.630505,2026-04-09 20:24:17.317724,0 days 00:00:06.687219,446.0,3.0,116.7,153.5,0.01,COMPLETE
14280,0.6875,2026-04-09 20:24:17.336767,2026-04-09 20:24:24.807712,0 days 00:00:07.470945,337.0,2.0,124.0,155.7,0.59,COMPLETE
14281,0.825,2026-04-09 20:24:24.829978,2026-04-09 20:24:59.332785,0 days 00:00:34.502807,458.0,1.0,117.5,156.4,0.23,COMPLETE
14282,0.825,2026-04-09 20:24:59.352593,2026-04-09 20:25:33.389610,0 days 00:00:34.037017,413.0,1.0,117.9,155.0,0.0,COMPLETE
14283,0.6875,2026-04-09 20:25:33.408145,2026-04-09 20:25:40.849018,0 days 00:00:07.440873,417.0,1.0,126.7,154.9,1.84,COMPLETE
14284,0.6875,2026-04-09 20:25:40.870011,2026-04-09 20:25:47.893075,0 days 00:00:07.023064,446.0,2.0,121.3,157.6,0.56,COMPLETE
14285,0.6875,2026-04-09 20:25:47.913056,2026-04-09 20:25:54.982400,0 days 00:00:07.069344,297.0,1.0,117.1,155.7,0.3,COMPLETE
14286,0.6875,2026-04-09 20:25:55.003895,2026-04-09 20:26:02.162352,0 days 00:00:07.158457,437.0,1.0,123.7,152.8,0.52,COMPLETE
14287,0.6875,2026-04-09 20:26:02.181719,2026-04-09 20:26:08.884018,0 days 00:00:06.702299,452.0,2.0,120.6,154.3,0.27,COMPLETE
14288,0.6875,2026-04-09 20:26:08.904280,2026-04-09 20:26:15.576469,0 days 00:00:06.672189,462.0,1.0,117.5,155.2,0.18,COMPLETE
14289,0.671875,2026-04-09 20:26:15.596096,2026-04-09 20:26:22.207357,0 days 00:00:06.611261,399.0,1.0,115.7,156.0,0.01,COMPLETE
14290,0.6875,2026-04-09 20:26:22.226757,2026-04-09 20:26:29.333748,0 days 00:00:07.106991,444.0,1.0,113.0,149.9,0.12,COMPLETE
14291,0.825,2026-04-09 20:26:29.355006,2026-04-09 20:27:04.025778,0 days 00:00:34.670772,430.0,2.0,117.7,155.8,0.25,COMPLETE
14292,0.6875,2026-04-09 20:27:04.045319,2026-04-09 20:27:10.952676,0 days 00:00:06.907357,458.0,1.0,118.6,158.2,0.01,COMPLETE
14293,0.6875,2026-04-09 20:27:10.972689,2026-04-09 20:27:18.427237,0 days 00:00:07.454548,306.0,3.0,124.6,156.3,0.0,COMPLETE
14294,0.6875,2026-04-09 20:27:18.445436,2026-04-09 20:27:25.879752,0 days 00:00:07.434316,431.0,2.0,116.8,157.2,1.37,COMPLETE
14295,0.6875,2026-04-09 20:27:25.900744,2026-04-09 20:27:32.899781,0 days 00:00:06.999037,360.0,1.0,117.3,156.0,0.22,COMPLETE
14296,0.6875,2026-04-09 20:27:32.920183,2026-04-09 20:27:39.757776,0 days 00:00:06.837593,499.0,1.0,116.2,153.5,0.0,COMPLETE
14297,0.825,2026-04-09 20:27:39.778644,2026-04-09 20:28:14.675820,0 days 00:00:34.897176,459.0,2.0,125.6,154.3,0.23,COMPLETE
14298,0.6875,2026-04-09 20:28:14.697011,2026-04-09 20:28:22.398713,0 days 00:00:07.701702,457.0,1.0,114.7,154.8,0.24,COMPLETE
14299,0.6875,2026-04-09 20:28:22.416705,2026-04-09 20:28:29.383493,0 days 00:00:06.966788,439.0,1.0,119.4,151.8,0.46,COMPLETE
14300,0.825,2026-04-09 20:28:29.405798,2026-04-09 20:29:03.815508,0 days 00:00:34.409710,451.0,1.0,116.0,155.7,0.0,COMPLETE
14301,0.6875,2026-04-09 20:29:03.837071,2026-04-09 20:29:10.965809,0 days 00:00:07.128738,311.0,1.0,114.9,154.3,0.2,COMPLETE
14302,0.6875,2026-04-09 20:29:10.985438,2026-04-09 20:29:18.465898,0 days 00:00:07.480460,415.0,1.0,123.3,154.8,0.39,COMPLETE
14303,0.6875,2026-04-09 20:29:18.485265,2026-04-09 20:29:25.863775,0 days 00:00:07.378510,456.0,1.0,115.9,154.4,0.77,COMPLETE
14304,0.6875,2026-04-09 20:29:25.882385,2026-04-09 20:29:32.764050,0 days 00:00:06.881665,390.0,1.0,114.8,154.1,0.02,COMPLETE
14305,0.825,2026-04-09 20:29:32.782401,2026-04-09 20:30:07.052521,0 days 00:00:34.270120,383.0,1.0,118.2,157.6,0.26,COMPLETE
14306,0.6875,2026-04-09 20:30:07.073815,2026-04-09 20:30:14.569185,0 days 00:00:07.495370,274.0,2.0,123.4,158.6,0.36,COMPLETE
14307,0.6875,2026-04-09 20:30:14.589967,2026-04-09 20:30:21.392536,0 days 00:00:06.802569,288.0,3.0,121.4,158.4,1.6400000000000001,COMPLETE
14308,0.825,2026-04-09 20:30:21.413700,2026-04-09 20:30:26.948211,0 days 00:00:05.534511,384.0,1.0,117.0,156.1,0.0,COMPLETE
14309,0.6875,2026-04-09 20:30:26.968755,2026-04-09 20:30:33.848255,0 days 00:00:06.879500,491.0,2.0,114.9,155.0,0.01,COMPLETE
14310,0.6875,2026-04-09 20:30:33.867791,2026-04-09 20:30:41.166682,0 days 00:00:07.298891,384.0,1.0,119.9,153.9,0.28,COMPLETE
14311,0.6875,2026-04-09 20:30:41.184528,2026-04-09 20:30:48.109538,0 days 00:00:06.925010,293.0,2.0,121.4,153.9,0.55,COMPLETE
14312,0.6875,2026-04-09 20:30:48.128595,2026-04-09 20:30:54.718649,0 days 00:00:06.590054,335.0,2.0,122.1,154.1,0.2,COMPLETE
14313,0.6875,2026-04-09 20:30:54.737711,2026-04-09 20:31:01.601224,0 days 00:00:06.863513,439.0,3.0,120.0,151.5,1.32,COMPLETE
14314,0.6875,2026-04-09 20:31:01.622806,2026-04-09 20:31:09.012728,0 days 00:00:07.389922,418.0,1.0,114.1,156.0,0.26,COMPLETE
14315,0.825,2026-04-09 20:31:09.032581,2026-04-09 20:31:43.824411,0 days 00:00:34.791830,371.0,2.0,122.3,156.7,0.0,COMPLETE
14316,0.6875,2026-04-09 20:31:43.845696,2026-04-09 20:31:51.480923,0 days 00:00:07.635227,289.0,1.0,114.4,153.0,0.0,COMPLETE
14317,0.6875,2026-04-09 20:31:51.499839,2026-04-09 20:31:58.243908,0 days 00:00:06.744069,470.0,2.0,116.7,154.7,0.49,COMPLETE
14318,0.6875,2026-04-09 20:31:58.265175,2026-04-09 20:32:05.044329,0 days 00:00:06.779154,311.0,1.0,117.7,153.8,0.0,COMPLETE
14319,0.6875,2026-04-09 20:32:05.064041,2026-04-09 20:32:11.960719,0 days 00:00:06.896678,356.0,1.0,113.0,155.4,0.31,COMPLETE
14320,0.825,2026-04-09 20:32:11.980910,2026-04-09 20:32:46.288114,0 days 00:00:34.307204,417.0,2.0,117.2,154.4,0.0,COMPLETE
14321,0.6875,2026-04-09 20:32:46.309861,2026-04-09 20:32:53.831926,0 days 00:00:07.522065,445.0,1.0,124.4,154.1,0.79,COMPLETE
14322,0.6875,2026-04-09 20:32:53.849779,2026-04-09 20:33:01.401213,0 days 00:00:07.551434,434.0,1.0,115.8,156.2,0.0,COMPLETE
14323,0.6875,2026-04-09 20:33:01.424951,2026-04-09 20:33:08.061080,0 days 00:00:06.636129,432.0,1.0,116.7,155.8,0.68,COMPLETE
14324,0.6875,2026-04-09 20:33:08.080267,2026-04-09 20:33:15.673039,0 days 00:00:07.592772,242.0,2.0,124.2,156.1,0.71,COMPLETE
14325,0.6875,2026-04-09 20:33:15.695109,2026-04-09 20:33:23.088984,0 days 00:00:07.393875,411.0,1.0,116.5,155.8,0.46,COMPLETE
14326,0.6875,2026-04-09 20:33:23.108911,2026-04-09 20:33:29.754912,0 days 00:00:06.646001,417.0,2.0,115.3,155.6,0.0,COMPLETE
14327,0.825,2026-04-09 20:33:29.775097,2026-04-09 20:34:04.104476,0 days 00:00:34.329379,371.0,1.0,120.6,156.1,0.4,COMPLETE
14328,0.6875,2026-04-09 20:34:04.125516,2026-04-09 20:34:11.472784,0 days 00:00:07.347268,386.0,2.0,114.0,157.2,0.33,COMPLETE
14329,0.6875,2026-04-09 20:34:11.490600,2026-04-09 20:34:18.782584,0 days 00:00:07.291984,459.0,2.0,119.2,153.2,0.8300000000000001,COMPLETE
14330,0.6875,2026-04-09 20:34:18.802726,2026-04-09 20:34:25.831029,0 days 00:00:07.028303,385.0,1.0,117.4,154.4,0.01,COMPLETE
14331,0.6875,2026-04-09 20:34:25.849834,2026-04-09 20:34:32.465216,0 days 00:00:06.615382,497.0,1.0,117.0,153.4,0.46,COMPLETE
14332,0.6875,2026-04-09 20:34:32.486483,2026-04-09 20:34:39.268786,0 days 00:00:06.782303,439.0,1.0,115.7,155.3,0.01,COMPLETE
14333,0.825,2026-04-09 20:34:39.286937,2026-04-09 20:35:13.760689,0 days 00:00:34.473752,443.0,2.0,122.3,156.3,0.23,COMPLETE
14334,0.6875,2026-04-09 20:35:13.781598,2026-04-09 20:35:21.222417,0 days 00:00:07.440819,402.0,1.0,114.1,153.8,0.0,COMPLETE
14335,0.6875,2026-04-09 20:35:21.241904,2026-04-09 20:35:29.292862,0 days 00:00:08.050958,204.0,2.0,124.6,152.9,0.09,COMPLETE
14336,0.825,2026-04-09 20:35:29.311890,2026-04-09 20:36:03.920186,0 days 00:00:34.608296,372.0,2.0,118.2,154.4,0.0,COMPLETE
14337,0.825,2026-04-09 20:36:03.941611,2026-04-09 20:36:37.982701,0 days 00:00:34.041090,366.0,2.0,118.0,156.5,0.43,COMPLETE
14338,0.825,2026-04-09 20:36:38.003160,2026-04-09 20:37:12.012647,0 days 00:00:34.009487,444.0,1.0,118.1,153.0,0.21,COMPLETE
14339,0.6875,2026-04-09 20:37:12.033870,2026-04-09 20:37:19.045147,0 days 00:00:07.011277,427.0,1.0,115.0,155.9,0.23,COMPLETE
14340,0.825,2026-04-09 20:37:19.065860,2026-04-09 20:37:53.511807,0 days 00:00:34.445947,368.0,1.0,118.5,153.2,0.0,COMPLETE
14341,0.6875,2026-04-09 20:37:53.531675,2026-04-09 20:38:00.481133,0 days 00:00:06.949458,389.0,2.0,115.7,152.9,0.47000000000000003,COMPLETE
14342,0.6875,2026-04-09 20:38:00.502371,2026-04-09 20:38:07.079960,0 days 00:00:06.577589,388.0,1.0,115.0,152.5,0.19,COMPLETE
14343,0.825,2026-04-09 20:38:07.100471,2026-04-09 20:38:12.184755,0 days 00:00:05.084284,404.0,1.0,115.5,153.8,0.01,COMPLETE
14344,0.825,2026-04-09 20:38:12.205170,2026-04-09 20:38:47.003810,0 days 00:00:34.798640,298.0,2.0,122.4,156.6,0.28,COMPLETE
14345,0.825,2026-04-09 20:38:47.025417,2026-04-09 20:39:21.305005,0 days 00:00:34.279588,282.0,2.0,118.7,157.1,0.24,COMPLETE
14346,0.6875,2026-04-09 20:39:21.326380,2026-04-09 20:39:28.275395,0 days 00:00:06.949015,486.0,2.0,115.2,157.7,0.48,COMPLETE
14347,0.825,2026-04-09 20:39:28.294943,2026-04-09 20:40:02.759339,0 days 00:00:34.464396,494.0,1.0,119.3,153.8,0.25,COMPLETE
14348,0.6875,2026-04-09 20:40:02.780206,2026-04-09 20:40:09.880382,0 days 00:00:07.100176,458.0,1.0,115.5,156.8,0.2,COMPLETE
14349,0.6875,2026-04-09 20:40:09.899345,2026-04-09 20:40:17.486944,0 days 00:00:07.587599,378.0,1.0,122.7,155.4,0.73,COMPLETE
14350,0.6875,2026-04-09 20:40:17.507897,2026-04-09 20:40:24.315544,0 days 00:00:06.807647,363.0,2.0,121.5,157.4,1.7,COMPLETE
14351,0.6875,2026-04-09 20:40:24.333948,2026-04-09 20:40:31.719640,0 days 00:00:07.385692,187.0,3.0,122.0,154.1,0.26,COMPLETE
14352,0.6875,2026-04-09 20:40:31.740708,2026-04-09 20:40:38.691750,0 days 00:00:06.951042,409.0,1.0,117.8,154.6,0.2,COMPLETE
14353,0.6875,2026-04-09 20:40:38.711553,2026-04-09 20:40:45.251156,0 days 00:00:06.539603,356.0,1.0,118.3,154.1,0.67,COMPLETE
14354,0.6875,2026-04-09 20:40:45.270715,2026-04-09 20:40:52.081557,0 days 00:00:06.810842,432.0,1.0,121.8,154.4,0.28,COMPLETE
14355,0.6875,2026-04-09 20:40:52.102068,2026-04-09 20:40:59.274884,0 days 00:00:07.172816,180.0,2.0,121.4,154.9,1.21,COMPLETE
14356,0.825,2026-04-09 20:40:59.294915,2026-04-09 20:41:33.640257,0 days 00:00:34.345342,428.0,1.0,117.2,156.5,0.0,COMPLETE
14357,0.825,2026-04-09 20:41:33.662668,2026-04-09 20:42:07.945561,0 days 00:00:34.282893,414.0,2.0,122.6,155.5,0.33,COMPLETE
14358,0.6875,2026-04-09 20:42:07.966044,2026-04-09 20:42:15.110798,0 days 00:00:07.144754,420.0,2.0,118.1,154.6,0.48,COMPLETE
14359,0.6875,2026-04-09 20:42:15.129399,2026-04-09 20:42:22.124681,0 days 00:00:06.995282,400.0,1.0,116.7,158.9,0.23,COMPLETE
14360,0.6875,2026-04-09 20:42:22.145296,2026-04-09 20:42:29.597760,0 days 00:00:07.452464,499.0,2.0,122.0,152.9,1.06,COMPLETE
14361,0.6875,2026-04-09 20:42:29.615684,2026-04-09 20:42:37.393517,0 days 00:00:07.777833,302.0,3.0,126.9,159.9,0.2,COMPLETE
14362,0.6875,2026-04-09 20:42:37.415363,2026-04-09 20:42:44.808249,0 days 00:00:07.392886,273.0,2.0,121.0,154.9,0.2,COMPLETE
14363,0.6875,2026-04-09 20:42:44.827029,2026-04-09 20:42:52.022283,0 days 00:00:07.195254,470.0,1.0,114.8,153.4,0.24,COMPLETE
14364,0.6875,2026-04-09 20:42:52.043280,2026-04-09 20:42:59.037511,0 days 00:00:06.994231,346.0,1.0,116.1,151.6,0.22,COMPLETE
14365,0.825,2026-04-09 20:42:59.058341,2026-04-09 20:43:16.499167,0 days 00:00:17.440826,364.0,2.0,116.6,155.6,0.27,COMPLETE
14366,0.6875,2026-04-09 20:43:16.521119,2026-04-09 20:43:23.107523,0 days 00:00:06.586404,400.0,2.0,117.5,156.9,0.51,COMPLETE
14367,0.825,2026-04-09 20:43:23.128816,2026-04-09 20:43:57.245689,0 days 00:00:34.116873,424.0,1.0,119.3,155.5,0.41000000000000003,COMPLETE
14368,0.6875,2026-04-09 20:43:57.265185,2026-04-09 20:44:04.446449,0 days 00:00:07.181264,405.0,1.0,114.9,154.7,0.0,COMPLETE
14369,0.6875,2026-04-09 20:44:04.467006,2026-04-09 20:44:11.086477,0 days 00:00:06.619471,456.0,1.0,114.9,155.4,0.58,COMPLETE
14370,0.6875,2026-04-09 20:44:11.106132,2026-04-09 20:44:18.641570,0 days 00:00:07.535438,483.0,1.0,123.3,158.6,0.53,COMPLETE
14371,0.6875,2026-04-09 20:44:18.660061,2026-04-09 20:44:26.525689,0 days 00:00:07.865628,373.0,2.0,115.5,153.8,0.25,COMPLETE
14372,0.6875,2026-04-09 20:44:26.544555,2026-04-09 20:44:33.244610,0 days 00:00:06.700055,446.0,1.0,116.7,152.4,0.2,COMPLETE
14373,0.6875,2026-04-09 20:44:33.262351,2026-04-09 20:44:40.189242,0 days 00:00:06.926891,389.0,1.0,120.4,153.2,1.33,COMPLETE
14374,0.6875,2026-04-09 20:44:40.210330,2026-04-09 20:44:47.326754,0 days 00:00:07.116424,364.0,1.0,116.2,156.6,0.23,COMPLETE
14375,0.6875,2026-04-09 20:44:47.346634,2026-04-09 20:44:54.078454,0 days 00:00:06.731820,449.0,1.0,117.0,158.5,0.29,COMPLETE
14376,0.6875,2026-04-09 20:44:54.099623,2026-04-09 20:45:01.028007,0 days 00:00:06.928384,432.0,2.0,114.1,155.5,0.29,COMPLETE
14377,0.6875,2026-04-09 20:45:01.047910,2026-04-09 20:45:08.005509,0 days 00:00:06.957599,397.0,1.0,116.7,151.8,0.26,COMPLETE
14378,0.6875,2026-04-09 20:45:08.026956,2026-04-09 20:45:15.207151,0 days 00:00:07.180195,495.0,3.0,113.6,156.8,1.72,COMPLETE
14379,0.6875,2026-04-09 20:45:15.225507,2026-04-09 20:45:22.114647,0 days 00:00:06.889140,460.0,1.0,116.2,154.5,0.32,COMPLETE
14380,0.6875,2026-04-09 20:45:22.136283,2026-04-09 20:45:28.651201,0 days 00:00:06.514918,440.0,2.0,115.8,154.2,0.26,COMPLETE
14381,0.6875,2026-04-09 20:45:28.669374,2026-04-09 20:45:35.902934,0 days 00:00:07.233560,349.0,2.0,117.4,150.0,0.28,COMPLETE
14382,0.825,2026-04-09 20:45:35.925053,2026-04-09 20:45:41.457299,0 days 00:00:05.532246,383.0,1.0,116.8,155.2,0.0,COMPLETE
14383,0.6875,2026-04-09 20:45:41.476935,2026-04-09 20:45:48.289360,0 days 00:00:06.812425,389.0,1.0,115.1,155.7,0.22,COMPLETE
14384,0.6875,2026-04-09 20:45:48.309721,2026-04-09 20:45:54.882265,0 days 00:00:06.572544,419.0,2.0,115.4,155.2,0.67,COMPLETE
14385,0.6875,2026-04-09 20:45:54.902576,2026-04-09 20:46:01.674512,0 days 00:00:06.771936,379.0,1.0,118.0,153.7,0.32,COMPLETE
14386,0.6875,2026-04-09 20:46:01.694145,2026-04-09 20:46:08.307441,0 days 00:00:06.613296,421.0,1.0,117.3,154.4,0.29,COMPLETE
14387,0.6875,2026-04-09 20:46:08.326015,2026-04-09 20:46:14.937557,0 days 00:00:06.611542,468.0,2.0,118.0,153.7,0.22,COMPLETE
14388,0.6875,2026-04-09 20:46:14.957757,2026-04-09 20:46:22.035622,0 days 00:00:07.077865,367.0,1.0,121.3,154.8,0.21,COMPLETE
14389,0.825,2026-04-09 20:46:22.056700,2026-04-09 20:46:56.457989,0 days 00:00:34.401289,266.0,2.0,123.4,156.0,0.01,COMPLETE
14390,0.6875,2026-04-09 20:46:56.478835,2026-04-09 20:47:03.537497,0 days 00:00:07.058662,497.0,1.0,117.6,155.1,0.21,COMPLETE
14391,0.6875,2026-04-09 20:47:03.557162,2026-04-09 20:47:10.625329,0 days 00:00:07.068167,340.0,1.0,115.6,150.7,0.18,COMPLETE
14392,0.6875,2026-04-09 20:47:10.646215,2026-04-09 20:47:17.260654,0 days 00:00:06.614439,327.0,2.0,115.9,152.8,0.2,COMPLETE
14393,0.6875,2026-04-09 20:47:17.277378,2026-04-09 20:47:24.698134,0 days 00:00:07.420756,487.0,1.0,124.3,156.1,0.25,COMPLETE
14394,0.6875,2026-04-09 20:47:24.718534,2026-04-09 20:47:32.300065,0 days 00:00:07.581531,385.0,1.0,116.0,153.8,0.22,COMPLETE
14395,0.825,2026-04-09 20:47:32.319087,2026-04-09 20:47:50.016765,0 days 00:00:17.697678,419.0,2.0,123.9,154.6,0.31,COMPLETE
14396,0.825,2026-04-09 20:47:50.037092,2026-04-09 20:48:24.267449,0 days 00:00:34.230357,380.0,1.0,118.9,152.9,0.24,COMPLETE
14397,0.6875,2026-04-09 20:48:24.289344,2026-04-09 20:48:31.276894,0 days 00:00:06.987550,464.0,1.0,116.6,155.3,0.26,COMPLETE
14398,0.6875,2026-04-09 20:48:31.294879,2026-04-09 20:48:38.646869,0 days 00:00:07.351990,244.0,3.0,115.5,152.9,0.92,COMPLETE
14399,0.671875,2026-04-09 20:48:38.668814,2026-04-09 20:48:45.469314,0 days 00:00:06.800500,452.0,1.0,117.8,153.4,0.0,COMPLETE
14400,0.825,2026-04-09 20:48:45.491111,2026-04-09 20:49:19.551153,0 days 00:00:34.060042,427.0,1.0,121.4,152.7,0.27,COMPLETE
14401,0.6875,2026-04-09 20:49:19.570417,2026-04-09 20:49:26.859345,0 days 00:00:07.288928,447.0,2.0,116.3,155.2,0.27,COMPLETE
14402,0.825,2026-04-09 20:49:26.880753,2026-04-09 20:50:01.068984,0 days 00:00:34.188231,416.0,2.0,119.2,156.1,0.24,COMPLETE
14403,0.6875,2026-04-09 20:50:01.089627,2026-04-09 20:50:08.145227,0 days 00:00:07.055600,258.0,2.0,118.8,155.7,0.78,COMPLETE
14404,0.6875,2026-04-09 20:50:08.166355,2026-04-09 20:50:14.858058,0 days 00:00:06.691703,387.0,2.0,119.3,154.3,0.51,COMPLETE
14405,0.6875,2026-04-09 20:50:14.878877,2026-04-09 20:50:21.577245,0 days 00:00:06.698368,337.0,1.0,117.7,154.4,0.32,COMPLETE
14406,0.825,2026-04-09 20:50:21.595483,2026-04-09 20:50:55.809022,0 days 00:00:34.213539,436.0,2.0,120.8,154.4,0.0,COMPLETE
14407,0.6875,2026-04-09 20:50:55.829943,2026-04-09 20:51:03.204296,0 days 00:00:07.374353,455.0,1.0,115.0,157.7,0.24,COMPLETE
14408,0.6875,2026-04-09 20:51:03.223344,2026-04-09 20:51:10.851510,0 days 00:00:07.628166,256.0,2.0,122.2,155.2,0.02,COMPLETE
14409,0.6875,2026-04-09 20:51:10.873408,2026-04-09 20:51:17.566503,0 days 00:00:06.693095,286.0,2.0,121.4,156.3,0.5,COMPLETE
14410,0.6875,2026-04-09 20:51:17.585449,2026-04-09 20:51:24.511846,0 days 00:00:06.926397,492.0,1.0,125.4,155.2,0.61,COMPLETE
14411,0.6875,2026-04-09 20:51:24.533611,2026-04-09 20:51:32.323817,0 days 00:00:07.790206,397.0,1.0,116.6,153.0,0.0,COMPLETE
14412,0.825,2026-04-09 20:51:32.342506,2026-04-09 20:51:45.943211,0 days 00:00:13.600705,337.0,1.0,117.8,153.6,0.0,COMPLETE
14413,0.6875,2026-04-09 20:51:45.961112,2026-04-09 20:51:52.797053,0 days 00:00:06.835941,358.0,2.0,116.9,154.3,0.5700000000000001,COMPLETE
14414,0.825,2026-04-09 20:51:52.817244,2026-04-09 20:52:26.947167,0 days 00:00:34.129923,394.0,1.0,117.7,156.9,0.22,COMPLETE
14415,0.6875,2026-04-09 20:52:26.968691,2026-04-09 20:52:34.296084,0 days 00:00:07.327393,328.0,1.0,119.2,150.6,0.37,COMPLETE
