number,value,datetime_start,datetime_complete,duration,params_voltage,params_width,params_x,params_y,params_z,state
8350,0.6875,2026-04-07 01:48:46.417380,2026-04-07 01:48:54.042389,0 days 00:00:07.625009,390.0,2.0,117.2,151.0,0.29,COMPLETE
8351,0.6875,2026-04-07 01:48:54.060825,2026-04-07 01:49:01.683562,0 days 00:00:07.622737,243.0,3.0,126.1,154.7,0.09,COMPLETE
8352,0.6875,2026-04-07 01:49:01.702609,2026-04-07 01:49:09.015149,0 days 00:00:07.312540,354.0,1.0,117.4,155.2,0.0,COMPLETE
8353,0.6875,2026-04-07 01:49:09.030748,2026-04-07 01:49:15.628539,0 days 00:00:06.597791,351.0,1.0,115.6,154.2,0.53,COMPLETE
8354,0.6875,2026-04-07 01:49:15.646102,2026-04-07 01:49:22.325790,0 days 00:00:06.679688,451.0,1.0,116.6,155.8,0.2,COMPLETE
8355,0.6875,2026-04-07 01:49:22.341052,2026-04-07 01:49:28.892325,0 days 00:00:06.551273,406.0,1.0,115.6,156.3,0.25,COMPLETE
8356,0.825,2026-04-07 01:49:28.909782,2026-04-07 01:50:02.863595,0 days 00:00:33.953813,403.0,1.0,116.2,154.1,0.0,COMPLETE
8357,0.825,2026-04-07 01:50:02.881331,2026-04-07 01:50:36.989421,0 days 00:00:34.108090,425.0,1.0,118.4,156.1,0.5,COMPLETE
8358,0.6875,2026-04-07 01:50:37.003839,2026-04-07 01:50:44.185331,0 days 00:00:07.181492,318.0,3.0,123.2,155.1,0.41000000000000003,COMPLETE
8359,0.6875,2026-04-07 01:50:44.203955,2026-04-07 01:50:50.895396,0 days 00:00:06.691441,226.0,2.0,123.6,154.5,0.3,COMPLETE
8360,0.6875,2026-04-07 01:50:50.912022,2026-04-07 01:50:58.387716,0 days 00:00:07.475694,406.0,1.0,115.2,151.4,0.29,COMPLETE
8361,0.6875,2026-04-07 01:50:58.406013,2026-04-07 01:51:05.081956,0 days 00:00:06.675943,444.0,1.0,115.5,153.3,0.38,COMPLETE
8362,0.6875,2026-04-07 01:51:05.098647,2026-04-07 01:51:11.657807,0 days 00:00:06.559160,398.0,1.0,115.2,154.7,0.27,COMPLETE
8363,0.6875,2026-04-07 01:51:11.676099,2026-04-07 01:51:18.440763,0 days 00:00:06.764664,366.0,1.0,115.3,151.6,0.01,COMPLETE
8364,0.6875,2026-04-07 01:51:18.456318,2026-04-07 01:51:25.421584,0 days 00:00:06.965266,455.0,2.0,115.8,156.7,0.01,COMPLETE
8365,0.825,2026-04-07 01:51:25.439154,2026-04-07 01:51:59.400210,0 days 00:00:33.961056,446.0,1.0,118.6,155.1,0.0,COMPLETE
8366,0.6875,2026-04-07 01:51:59.418333,2026-04-07 01:52:07.482919,0 days 00:00:08.064586,156.0,3.0,126.7,157.0,0.79,COMPLETE
8367,0.6875,2026-04-07 01:52:07.498386,2026-04-07 01:52:15.334741,0 days 00:00:07.836355,416.0,2.0,114.8,153.8,0.28,COMPLETE
8368,0.6875,2026-04-07 01:52:15.352908,2026-04-07 01:52:21.978296,0 days 00:00:06.625388,473.0,1.0,114.5,155.3,0.0,COMPLETE
8369,0.6875,2026-04-07 01:52:21.996283,2026-04-07 01:52:29.051744,0 days 00:00:07.055461,366.0,2.0,114.8,152.4,0.0,COMPLETE
8370,0.6875,2026-04-07 01:52:29.070318,2026-04-07 01:52:35.792127,0 days 00:00:06.721809,412.0,1.0,117.3,153.7,0.0,COMPLETE
8371,0.6875,2026-04-07 01:52:35.807537,2026-04-07 01:52:42.433364,0 days 00:00:06.625827,447.0,1.0,118.3,154.4,0.63,COMPLETE
8372,0.6875,2026-04-07 01:52:42.452381,2026-04-07 01:52:49.199099,0 days 00:00:06.746718,358.0,1.0,118.3,153.7,0.24,COMPLETE
8373,0.825,2026-04-07 01:52:49.213900,2026-04-07 01:53:23.340582,0 days 00:00:34.126682,372.0,2.0,119.0,155.7,0.29,COMPLETE
8374,0.825,2026-04-07 01:53:23.359403,2026-04-07 01:53:57.687865,0 days 00:00:34.328462,498.0,2.0,125.1,154.5,0.5,COMPLETE
8375,0.671875,2026-04-07 01:53:57.705593,2026-04-07 01:54:04.825284,0 days 00:00:07.119691,389.0,1.0,122.1,154.8,0.28,COMPLETE
8376,0.825,2026-04-07 01:54:04.840380,2026-04-07 01:54:38.858282,0 days 00:00:34.017902,448.0,2.0,124.4,153.7,0.18,COMPLETE
8377,0.6875,2026-04-07 01:54:38.875334,2026-04-07 01:54:46.613749,0 days 00:00:07.738415,441.0,1.0,113.1,156.9,0.41000000000000003,COMPLETE
8378,0.825,2026-04-07 01:54:46.629587,2026-04-07 01:55:21.877236,0 days 00:00:35.247649,294.0,2.0,123.3,156.7,0.29,COMPLETE
8379,0.6875,2026-04-07 01:55:21.891979,2026-04-07 01:55:28.718657,0 days 00:00:06.826678,315.0,2.0,123.5,154.1,0.3,COMPLETE
8380,0.6875,2026-04-07 01:55:28.736819,2026-04-07 01:55:35.814558,0 days 00:00:07.077739,235.0,2.0,121.6,156.0,0.36,COMPLETE
8381,0.6875,2026-04-07 01:55:35.830574,2026-04-07 01:55:42.712705,0 days 00:00:06.882131,397.0,1.0,117.2,155.5,0.22,COMPLETE
8382,0.825,2026-04-07 01:55:42.730409,2026-04-07 01:56:16.927800,0 days 00:00:34.197391,468.0,2.0,120.9,155.2,0.15,COMPLETE
8383,0.825,2026-04-07 01:56:16.943537,2026-04-07 01:56:50.954486,0 days 00:00:34.010949,452.0,2.0,119.0,157.1,0.02,COMPLETE
8384,0.825,2026-04-07 01:56:50.970947,2026-04-07 01:57:25.004897,0 days 00:00:34.033950,425.0,1.0,117.6,156.6,0.17,COMPLETE
8385,0.6875,2026-04-07 01:57:25.019834,2026-04-07 01:57:31.680937,0 days 00:00:06.661103,439.0,1.0,116.8,154.6,0.25,COMPLETE
8386,0.825,2026-04-07 01:57:31.698978,2026-04-07 01:58:06.442827,0 days 00:00:34.743849,376.0,2.0,118.1,155.6,0.02,COMPLETE
8387,0.6875,2026-04-07 01:58:06.460539,2026-04-07 01:58:13.401594,0 days 00:00:06.941055,406.0,1.0,115.7,154.1,0.23,COMPLETE
8388,0.6875,2026-04-07 01:58:13.417349,2026-04-07 01:58:20.444561,0 days 00:00:07.027212,416.0,1.0,116.4,159.3,0.01,COMPLETE
8389,0.6875,2026-04-07 01:58:20.459437,2026-04-07 01:58:27.849500,0 days 00:00:07.390063,433.0,1.0,114.9,150.8,0.01,COMPLETE
8390,0.6875,2026-04-07 01:58:27.866648,2026-04-07 01:58:34.906462,0 days 00:00:07.039814,339.0,2.0,116.5,153.9,0.23,COMPLETE
8391,0.6875,2026-04-07 01:58:34.924563,2026-04-07 01:58:42.362121,0 days 00:00:07.437558,273.0,2.0,123.0,155.5,0.68,COMPLETE
8392,0.6875,2026-04-07 01:58:42.376912,2026-04-07 01:58:50.031102,0 days 00:00:07.654190,439.0,1.0,113.0,154.9,0.19,COMPLETE
8393,0.6875,2026-04-07 01:58:50.049783,2026-04-07 01:58:57.756957,0 days 00:00:07.707174,267.0,2.0,122.4,153.1,0.43,COMPLETE
8394,0.6875,2026-04-07 01:58:57.774693,2026-04-07 01:59:05.017306,0 days 00:00:07.242613,309.0,1.0,117.2,157.6,0.27,COMPLETE
8395,0.671875,2026-04-07 01:59:05.034236,2026-04-07 01:59:11.606380,0 days 00:00:06.572144,409.0,1.0,115.8,157.2,0.0,COMPLETE
8396,0.6875,2026-04-07 01:59:11.624028,2026-04-07 01:59:18.517752,0 days 00:00:06.893724,380.0,1.0,116.9,153.1,0.0,COMPLETE
8397,0.6875,2026-04-07 01:59:18.533597,2026-04-07 01:59:25.453676,0 days 00:00:06.920079,295.0,2.0,117.4,150.3,0.01,COMPLETE
8398,0.6875,2026-04-07 01:59:25.472394,2026-04-07 01:59:32.633390,0 days 00:00:07.160996,419.0,1.0,115.6,155.6,0.0,COMPLETE
8399,0.825,2026-04-07 01:59:32.649838,2026-04-07 02:00:06.806876,0 days 00:00:34.157038,492.0,2.0,119.0,153.6,0.22,COMPLETE
8400,0.6875,2026-04-07 02:00:06.824576,2026-04-07 02:00:13.567002,0 days 00:00:06.742426,497.0,2.0,115.5,153.6,0.43,COMPLETE
8401,0.6875,2026-04-07 02:00:13.582206,2026-04-07 02:00:19.992256,0 days 00:00:06.410050,460.0,1.0,115.3,152.9,0.27,COMPLETE
8402,0.6875,2026-04-07 02:00:20.010456,2026-04-07 02:00:27.516479,0 days 00:00:07.506023,395.0,1.0,124.0,155.3,0.29,COMPLETE
8403,0.825,2026-04-07 02:00:27.530709,2026-04-07 02:01:01.820529,0 days 00:00:34.289820,450.0,1.0,118.0,154.7,0.22,COMPLETE
8404,0.6875,2026-04-07 02:01:01.838998,2026-04-07 02:01:08.723929,0 days 00:00:06.884931,378.0,1.0,115.6,155.2,0.3,COMPLETE
8405,0.6875,2026-04-07 02:01:08.740851,2026-04-07 02:01:15.188032,0 days 00:00:06.447181,413.0,1.0,114.8,154.5,0.5,COMPLETE
8406,0.6875,2026-04-07 02:01:15.203481,2026-04-07 02:01:22.297794,0 days 00:00:07.094313,442.0,1.0,121.5,152.6,0.68,COMPLETE
8407,0.825,2026-04-07 02:01:22.316335,2026-04-07 02:01:56.597775,0 days 00:00:34.281440,372.0,1.0,119.6,156.2,0.24,COMPLETE
8408,0.6875,2026-04-07 02:01:56.611078,2026-04-07 02:02:03.489150,0 days 00:00:06.878072,398.0,1.0,122.1,153.9,0.67,COMPLETE
8409,0.671875,2026-04-07 02:02:03.505001,2026-04-07 02:02:10.151696,0 days 00:00:06.646695,401.0,1.0,119.2,153.0,0.27,COMPLETE
8410,0.825,2026-04-07 02:02:10.170775,2026-04-07 02:02:44.222287,0 days 00:00:34.051512,497.0,1.0,117.5,156.0,0.0,COMPLETE
8411,0.6875,2026-04-07 02:02:44.236268,2026-04-07 02:02:50.996089,0 days 00:00:06.759821,449.0,2.0,117.3,153.6,0.01,COMPLETE
8412,0.6875,2026-04-07 02:02:51.014298,2026-04-07 02:02:57.623926,0 days 00:00:06.609628,423.0,1.0,115.2,156.0,0.0,COMPLETE
8413,0.6875,2026-04-07 02:02:57.638943,2026-04-07 02:03:04.226781,0 days 00:00:06.587838,321.0,1.0,114.9,155.8,0.28,COMPLETE
8414,0.6875,2026-04-07 02:03:04.244241,2026-04-07 02:03:10.806892,0 days 00:00:06.562651,428.0,1.0,116.6,156.8,0.54,COMPLETE
8415,0.6875,2026-04-07 02:03:10.823460,2026-04-07 02:03:17.529271,0 days 00:00:06.705811,406.0,1.0,117.9,154.1,0.5,COMPLETE
8416,0.6875,2026-04-07 02:03:17.546874,2026-04-07 02:03:24.041819,0 days 00:00:06.494945,495.0,1.0,116.8,153.3,0.21,COMPLETE
8417,0.825,2026-04-07 02:03:24.058094,2026-04-07 02:03:57.959189,0 days 00:00:33.901095,451.0,1.0,117.1,153.9,0.01,COMPLETE
8418,0.6875,2026-04-07 02:03:57.977003,2026-04-07 02:04:05.345471,0 days 00:00:07.368468,355.0,1.0,118.3,159.4,0.19,COMPLETE
8419,0.825,2026-04-07 02:04:05.360999,2026-04-07 02:04:10.753038,0 days 00:00:05.392039,374.0,1.0,116.8,154.3,0.25,COMPLETE
8420,0.6875,2026-04-07 02:04:10.770645,2026-04-07 02:04:18.050557,0 days 00:00:07.279912,499.0,1.0,113.4,158.8,0.12,COMPLETE
8421,0.6875,2026-04-07 02:04:18.065127,2026-04-07 02:04:25.313338,0 days 00:00:07.248211,500.0,2.0,116.7,152.8,0.2,COMPLETE
8422,0.6875,2026-04-07 02:04:25.332184,2026-04-07 02:04:32.050956,0 days 00:00:06.718772,499.0,1.0,114.7,151.8,0.05,COMPLETE
8423,0.825,2026-04-07 02:04:32.066151,2026-04-07 02:05:06.822859,0 days 00:00:34.756708,345.0,1.0,117.9,157.2,0.25,COMPLETE
8424,0.6875,2026-04-07 02:05:06.842363,2026-04-07 02:05:13.665102,0 days 00:00:06.822739,435.0,1.0,115.1,154.3,0.46,COMPLETE
8425,0.6875,2026-04-07 02:05:13.682798,2026-04-07 02:05:20.164741,0 days 00:00:06.481943,460.0,1.0,115.3,155.0,0.01,COMPLETE
8426,0.825,2026-04-07 02:05:20.180515,2026-04-07 02:05:54.940871,0 days 00:00:34.760356,481.0,3.0,123.7,156.3,0.63,COMPLETE
8427,0.6875,2026-04-07 02:05:54.960053,2026-04-07 02:06:02.435684,0 days 00:00:07.475631,351.0,1.0,117.2,153.3,0.27,COMPLETE
8428,0.6875,2026-04-07 02:06:02.453617,2026-04-07 02:06:09.623619,0 days 00:00:07.170002,467.0,2.0,123.4,153.1,0.86,COMPLETE
8429,0.6875,2026-04-07 02:06:09.641922,2026-04-07 02:06:16.376846,0 days 00:00:06.734924,396.0,1.0,123.9,152.4,0.54,COMPLETE
8430,0.825,2026-04-07 02:06:16.391987,2026-04-07 02:06:50.762116,0 days 00:00:34.370129,406.0,2.0,118.6,154.6,0.32,COMPLETE
8431,0.6875,2026-04-07 02:06:50.780693,2026-04-07 02:06:58.223233,0 days 00:00:07.442540,320.0,2.0,125.2,156.6,0.04,COMPLETE
8432,0.825,2026-04-07 02:06:58.237977,2026-04-07 02:07:32.735789,0 days 00:00:34.497812,386.0,2.0,117.5,157.3,0.03,COMPLETE
8433,0.825,2026-04-07 02:07:32.749500,2026-04-07 02:08:06.789048,0 days 00:00:34.039548,498.0,2.0,119.9,154.3,0.0,COMPLETE
8434,0.6875,2026-04-07 02:08:06.806588,2026-04-07 02:08:13.766287,0 days 00:00:06.959699,430.0,1.0,116.8,151.9,0.0,COMPLETE
8435,0.6875,2026-04-07 02:08:13.782605,2026-04-07 02:08:21.083181,0 days 00:00:07.300576,495.0,2.0,124.0,152.3,0.53,COMPLETE
8436,0.6875,2026-04-07 02:08:21.102844,2026-04-07 02:08:28.535723,0 days 00:00:07.432879,415.0,1.0,116.7,154.0,0.27,COMPLETE
8437,0.6875,2026-04-07 02:08:28.551261,2026-04-07 02:08:35.686391,0 days 00:00:07.135130,236.0,1.0,120.4,153.2,0.24,COMPLETE
8438,0.6875,2026-04-07 02:08:35.704952,2026-04-07 02:08:42.647487,0 days 00:00:06.942535,446.0,1.0,114.7,154.8,0.23,COMPLETE
8439,0.6875,2026-04-07 02:08:42.665182,2026-04-07 02:08:49.644750,0 days 00:00:06.979568,396.0,1.0,118.8,155.0,0.99,COMPLETE
8440,0.6875,2026-04-07 02:08:49.662824,2026-04-07 02:08:56.643967,0 days 00:00:06.981143,441.0,1.0,114.1,153.9,0.0,COMPLETE
8441,0.6875,2026-04-07 02:08:56.662640,2026-04-07 02:09:03.463401,0 days 00:00:06.800761,367.0,1.0,115.1,154.4,0.0,COMPLETE
8442,0.6875,2026-04-07 02:09:03.478712,2026-04-07 02:09:10.202652,0 days 00:00:06.723940,402.0,1.0,116.7,153.0,0.6,COMPLETE
8443,0.825,2026-04-07 02:09:10.220661,2026-04-07 02:09:44.317963,0 days 00:00:34.097302,417.0,1.0,118.2,156.5,0.28,COMPLETE
8444,0.6875,2026-04-07 02:09:44.333976,2026-04-07 02:09:50.875277,0 days 00:00:06.541301,373.0,1.0,117.3,155.5,0.45,COMPLETE
8445,0.6875,2026-04-07 02:09:50.893143,2026-04-07 02:09:57.518075,0 days 00:00:06.624932,389.0,1.0,114.9,155.8,0.33,COMPLETE
8446,0.825,2026-04-07 02:09:57.533700,2026-04-07 02:10:31.926440,0 days 00:00:34.392740,278.0,1.0,118.3,155.9,0.06,COMPLETE
8447,0.6875,2026-04-07 02:10:31.944672,2026-04-07 02:10:38.853862,0 days 00:00:06.909190,406.0,2.0,120.7,159.3,0.31,COMPLETE
8448,0.6875,2026-04-07 02:10:38.869456,2026-04-07 02:10:46.105215,0 days 00:00:07.235759,437.0,2.0,114.3,155.2,0.22,COMPLETE
8449,0.6875,2026-04-07 02:10:46.123084,2026-04-07 02:10:53.902521,0 days 00:00:07.779437,368.0,2.0,124.9,156.5,0.35000000000000003,COMPLETE
8451,0.6875,2026-04-08 15:22:25.846017,2026-04-08 15:22:34.134722,0 days 00:00:08.288705,366.0,2.0,122.0,154.0,0.28,COMPLETE
8452,0.6875,2026-04-08 15:22:34.154718,2026-04-08 15:22:41.021466,0 days 00:00:06.866748,299.0,2.0,121.4,157.3,0.34,COMPLETE
8453,0.825,2026-04-08 15:22:41.036068,2026-04-08 15:23:15.159478,0 days 00:00:34.123410,444.0,1.0,122.8,155.2,0.54,COMPLETE
8454,0.6875,2026-04-08 15:23:15.175984,2026-04-08 15:23:22.541336,0 days 00:00:07.365352,407.0,2.0,117.8,151.3,0.0,COMPLETE
8455,0.6875,2026-04-08 15:23:22.558430,2026-04-08 15:23:29.331770,0 days 00:00:06.773340,383.0,1.0,114.4,153.0,0.28,COMPLETE
8456,0.6875,2026-04-08 15:23:29.345854,2026-04-08 15:23:36.359351,0 days 00:00:07.013497,433.0,1.0,114.7,158.2,0.02,COMPLETE
8457,0.6875,2026-04-08 15:23:36.376865,2026-04-08 15:23:43.920456,0 days 00:00:07.543591,247.0,2.0,122.0,155.6,0.06,COMPLETE
8458,0.6875,2026-04-08 15:23:43.936967,2026-04-08 15:23:51.119326,0 days 00:00:07.182359,277.0,1.0,117.1,151.7,0.01,COMPLETE
8459,0.6875,2026-04-08 15:23:51.136782,2026-04-08 15:23:57.634309,0 days 00:00:06.497527,400.0,1.0,117.0,151.1,0.2,COMPLETE
8460,0.671875,2026-04-08 15:23:57.648761,2026-04-08 15:24:04.204173,0 days 00:00:06.555412,389.0,1.0,115.9,151.6,0.0,COMPLETE
8461,0.6875,2026-04-08 15:24:04.220881,2026-04-08 15:24:11.203611,0 days 00:00:06.982730,318.0,1.0,117.5,154.5,0.0,COMPLETE
8462,0.6875,2026-04-08 15:24:11.216970,2026-04-08 15:24:19.046665,0 days 00:00:07.829695,181.0,2.0,124.9,156.6,0.22,COMPLETE
8463,0.6875,2026-04-08 15:24:19.063335,2026-04-08 15:24:26.533722,0 days 00:00:07.470387,391.0,1.0,116.3,155.4,0.24,COMPLETE
8464,0.6875,2026-04-08 15:24:26.550695,2026-04-08 15:24:34.374350,0 days 00:00:07.823655,314.0,1.0,124.9,159.9,1.3,COMPLETE
8465,0.825,2026-04-08 15:24:34.389093,2026-04-08 15:25:08.801847,0 days 00:00:34.412754,454.0,1.0,120.3,156.0,0.24,COMPLETE
8466,0.6875,2026-04-08 15:25:08.818582,2026-04-08 15:25:16.162256,0 days 00:00:07.343674,387.0,2.0,116.3,152.7,0.25,COMPLETE
8467,0.671875,2026-04-08 15:25:16.175561,2026-04-08 15:25:23.236785,0 days 00:00:07.061224,462.0,2.0,121.5,154.9,0.49,COMPLETE
8468,0.6875,2026-04-08 15:25:23.254014,2026-04-08 15:25:29.949142,0 days 00:00:06.695128,393.0,2.0,121.7,154.5,0.59,COMPLETE
8469,0.825,2026-04-08 15:25:29.963799,2026-04-08 15:26:04.124865,0 days 00:00:34.161066,471.0,3.0,119.3,155.8,0.01,COMPLETE
8470,0.6875,2026-04-08 15:26:04.139586,2026-04-08 15:26:11.217184,0 days 00:00:07.077598,368.0,1.0,118.6,152.8,0.32,COMPLETE
8471,0.6875,2026-04-08 15:26:11.234724,2026-04-08 15:26:17.964986,0 days 00:00:06.730262,340.0,1.0,116.3,154.9,0.2,COMPLETE
8472,0.6875,2026-04-08 15:26:17.981530,2026-04-08 15:26:24.702445,0 days 00:00:06.720915,437.0,2.0,115.4,151.9,0.35000000000000003,COMPLETE
8473,0.6875,2026-04-08 15:26:24.718994,2026-04-08 15:26:31.557940,0 days 00:00:06.838946,451.0,1.0,119.0,153.8,0.54,COMPLETE
8474,0.6875,2026-04-08 15:26:31.572132,2026-04-08 15:26:38.338161,0 days 00:00:06.766029,405.0,1.0,122.4,153.8,0.37,COMPLETE
8475,0.6875,2026-04-08 15:26:38.355463,2026-04-08 15:26:45.397884,0 days 00:00:07.042421,400.0,1.0,117.1,152.7,0.29,COMPLETE
8476,0.825,2026-04-08 15:26:45.412523,2026-04-08 15:27:19.632241,0 days 00:00:34.219718,432.0,2.0,120.0,155.9,0.37,COMPLETE
8477,0.825,2026-04-08 15:27:19.649906,2026-04-08 15:27:53.679450,0 days 00:00:34.029544,400.0,1.0,120.9,154.8,0.0,COMPLETE
8478,0.6875,2026-04-08 15:27:53.695299,2026-04-08 15:28:00.741287,0 days 00:00:07.045988,493.0,1.0,116.7,154.8,0.0,COMPLETE
8479,0.825,2026-04-08 15:28:00.757558,2026-04-08 15:28:34.918321,0 days 00:00:34.160763,435.0,1.0,118.0,156.9,0.01,COMPLETE
8480,0.0,2026-04-08 15:28:34.936013,2026-04-08 15:28:42.048054,0 days 00:00:07.112041,439.0,2.0,122.9,154.6,0.72,COMPLETE
8481,0.825,2026-04-08 15:28:42.064733,2026-04-08 15:28:49.646683,0 days 00:00:07.581950,409.0,2.0,116.7,154.2,0.34,COMPLETE
8482,0.6875,2026-04-08 15:28:49.664055,2026-04-08 15:28:56.451655,0 days 00:00:06.787600,440.0,1.0,113.4,151.6,0.54,COMPLETE
8483,0.6875,2026-04-08 15:28:56.467458,2026-04-08 15:29:03.905834,0 days 00:00:07.438376,284.0,2.0,121.2,154.2,0.01,COMPLETE
8484,0.6875,2026-04-08 15:29:03.924795,2026-04-08 15:29:10.764299,0 days 00:00:06.839504,452.0,1.0,115.9,153.6,0.0,COMPLETE
8485,0.6875,2026-04-08 15:29:10.778756,2026-04-08 15:29:17.615423,0 days 00:00:06.836667,348.0,1.0,113.6,155.7,0.26,COMPLETE
8486,0.6875,2026-04-08 15:29:17.628827,2026-04-08 15:29:24.227596,0 days 00:00:06.598769,497.0,2.0,113.7,153.2,0.11,COMPLETE
8487,0.6875,2026-04-08 15:29:24.241347,2026-04-08 15:29:31.152064,0 days 00:00:06.910717,457.0,1.0,118.8,150.7,0.49,COMPLETE
8488,0.671875,2026-04-08 15:29:31.170551,2026-04-08 15:29:38.628760,0 days 00:00:07.458209,250.0,2.0,123.4,155.0,0.25,COMPLETE
8489,0.6875,2026-04-08 15:29:38.644299,2026-04-08 15:29:45.613997,0 days 00:00:06.969698,450.0,2.0,117.7,152.1,0.6,COMPLETE
8490,0.6875,2026-04-08 15:29:45.631675,2026-04-08 15:29:52.349692,0 days 00:00:06.718017,450.0,1.0,114.9,155.1,0.27,COMPLETE
8491,0.6875,2026-04-08 15:29:52.364040,2026-04-08 15:29:59.824280,0 days 00:00:07.460240,369.0,2.0,123.0,153.5,1.9000000000000001,COMPLETE
8492,0.6875,2026-04-08 15:29:59.841984,2026-04-08 15:30:07.191363,0 days 00:00:07.349379,449.0,1.0,114.1,155.5,0.0,COMPLETE
8493,0.6875,2026-04-08 15:30:07.209459,2026-04-08 15:30:14.054174,0 days 00:00:06.844715,368.0,1.0,116.5,156.1,0.03,COMPLETE
8494,0.6875,2026-04-08 15:30:14.070921,2026-04-08 15:30:20.661324,0 days 00:00:06.590403,390.0,2.0,114.9,154.7,0.61,COMPLETE
8495,0.6875,2026-04-08 15:30:20.680225,2026-04-08 15:30:27.288262,0 days 00:00:06.608037,459.0,2.0,117.2,155.6,0.26,COMPLETE
8496,0.825,2026-04-08 15:30:27.305593,2026-04-08 15:31:01.853537,0 days 00:00:34.547944,446.0,2.0,124.3,155.3,0.37,COMPLETE
8497,0.6875,2026-04-08 15:31:01.872511,2026-04-08 15:31:09.466520,0 days 00:00:07.594009,496.0,1.0,113.6,153.9,0.0,COMPLETE
8498,0.825,2026-04-08 15:31:09.479812,2026-04-08 15:31:43.577670,0 days 00:00:34.097858,377.0,1.0,116.3,155.5,0.0,COMPLETE
8499,0.825,2026-04-08 15:31:43.595299,2026-04-08 15:32:17.619520,0 days 00:00:34.024221,403.0,1.0,118.6,155.1,0.36,COMPLETE
8500,0.6875,2026-04-08 15:32:17.638237,2026-04-08 15:32:24.667472,0 days 00:00:07.029235,295.0,3.0,120.5,154.3,0.38,COMPLETE
8501,0.825,2026-04-08 15:32:24.681961,2026-04-08 15:32:58.850675,0 days 00:00:34.168714,411.0,1.0,118.9,157.0,0.0,COMPLETE
8502,0.6875,2026-04-08 15:32:58.864009,2026-04-08 15:33:05.979601,0 days 00:00:07.115592,411.0,1.0,115.1,153.3,0.0,COMPLETE
8503,0.6875,2026-04-08 15:33:05.994331,2026-04-08 15:33:12.642900,0 days 00:00:06.648569,416.0,1.0,116.7,154.2,0.43,COMPLETE
8504,0.6875,2026-04-08 15:33:12.660062,2026-04-08 15:33:19.133784,0 days 00:00:06.473722,500.0,1.0,116.5,154.7,0.29,COMPLETE
8505,0.825,2026-04-08 15:33:19.148687,2026-04-08 15:33:53.389543,0 days 00:00:34.240856,392.0,1.0,118.5,155.1,0.0,COMPLETE
8506,0.6875,2026-04-08 15:33:53.406055,2026-04-08 15:34:00.565436,0 days 00:00:07.159381,357.0,2.0,113.3,154.2,1.86,COMPLETE
8507,0.6875,2026-04-08 15:34:00.579177,2026-04-08 15:34:07.625315,0 days 00:00:07.046138,390.0,1.0,117.9,157.2,0.85,COMPLETE
8508,0.825,2026-04-08 15:34:07.642928,2026-04-08 15:34:41.778263,0 days 00:00:34.135335,342.0,1.0,117.1,152.9,0.0,COMPLETE
8509,0.6875,2026-04-08 15:34:41.795721,2026-04-08 15:34:48.651466,0 days 00:00:06.855745,322.0,1.0,120.3,151.6,0.22,COMPLETE
8510,0.6875,2026-04-08 15:34:48.667359,2026-04-08 15:34:55.727713,0 days 00:00:07.060354,442.0,1.0,114.6,151.9,0.25,COMPLETE
8511,0.6875,2026-04-08 15:34:55.745431,2026-04-08 15:35:02.580887,0 days 00:00:06.835456,444.0,1.0,115.6,155.8,0.29,COMPLETE
8512,0.6875,2026-04-08 15:35:02.595674,2026-04-08 15:35:09.523755,0 days 00:00:06.928081,340.0,1.0,114.2,154.2,0.3,COMPLETE
8513,0.671875,2026-04-08 15:35:09.541473,2026-04-08 15:35:16.325005,0 days 00:00:06.783532,410.0,1.0,116.9,154.7,0.28,COMPLETE
8514,0.6875,2026-04-08 15:35:16.339459,2026-04-08 15:35:23.784739,0 days 00:00:07.445280,267.0,2.0,123.6,154.7,0.38,COMPLETE
8515,0.825,2026-04-08 15:35:23.802546,2026-04-08 15:35:58.087121,0 days 00:00:34.284575,229.0,3.0,122.5,156.6,0.18,COMPLETE
8516,0.6875,2026-04-08 15:35:58.103463,2026-04-08 15:36:05.481802,0 days 00:00:07.378339,372.0,1.0,115.6,153.8,0.0,COMPLETE
8517,0.825,2026-04-08 15:36:05.496123,2026-04-08 15:36:40.029926,0 days 00:00:34.533803,335.0,2.0,122.2,155.5,0.0,COMPLETE
8518,0.6875,2026-04-08 15:36:40.046882,2026-04-08 15:36:47.097538,0 days 00:00:07.050656,441.0,1.0,119.0,158.3,0.54,COMPLETE
8519,0.825,2026-04-08 15:36:47.111631,2026-04-08 15:37:21.515843,0 days 00:00:34.404212,455.0,2.0,122.8,154.8,0.25,COMPLETE
8520,0.6875,2026-04-08 15:37:21.533229,2026-04-08 15:37:29.009659,0 days 00:00:07.476430,499.0,2.0,114.8,156.3,0.59,COMPLETE
8521,0.6875,2026-04-08 15:37:29.023167,2026-04-08 15:37:36.448399,0 days 00:00:07.425232,418.0,1.0,120.2,153.0,0.27,COMPLETE
8522,0.6875,2026-04-08 15:37:36.466131,2026-04-08 15:37:43.101631,0 days 00:00:06.635500,381.0,1.0,118.4,152.2,0.0,COMPLETE
8523,0.6875,2026-04-08 15:37:43.115047,2026-04-08 15:37:49.732881,0 days 00:00:06.617834,416.0,1.0,118.5,153.7,0.23,COMPLETE
8524,0.6875,2026-04-08 15:37:49.750520,2026-04-08 15:37:56.889726,0 days 00:00:07.139206,384.0,1.0,122.9,158.2,0.39,COMPLETE
8525,0.6875,2026-04-08 15:37:56.907080,2026-04-08 15:38:04.783803,0 days 00:00:07.876723,410.0,1.0,113.2,151.2,0.08,COMPLETE
