number,value,datetime_start,datetime_complete,duration,params_voltage,params_width,params_x,params_y,params_z,state
15107,0.6875,2026-04-09 23:24:07.758535,2026-04-09 23:24:15.341140,0 days 00:00:07.582605,210.0,1.0,123.2,156.0,0.67,COMPLETE
15108,0.6875,2026-04-09 23:24:15.363167,2026-04-09 23:24:22.764279,0 days 00:00:07.401112,462.0,1.0,114.1,154.2,0.8,COMPLETE
15109,0.6875,2026-04-09 23:24:22.784509,2026-04-09 23:24:29.495709,0 days 00:00:06.711200,370.0,1.0,114.6,154.5,0.26,COMPLETE
15110,0.825,2026-04-09 23:24:29.515254,2026-04-09 23:25:04.574884,0 days 00:00:35.059630,498.0,3.0,124.7,154.3,0.32,COMPLETE
15111,0.6875,2026-04-09 23:25:04.596639,2026-04-09 23:25:12.286556,0 days 00:00:07.689917,390.0,1.0,115.6,155.3,0.0,COMPLETE
15112,0.6875,2026-04-09 23:25:12.308254,2026-04-09 23:25:19.530324,0 days 00:00:07.222070,302.0,1.0,121.2,155.0,0.66,COMPLETE
15113,0.6875,2026-04-09 23:25:19.551636,2026-04-09 23:25:26.111080,0 days 00:00:06.559444,436.0,2.0,120.8,153.4,0.93,COMPLETE
15114,0.825,2026-04-09 23:25:26.129897,2026-04-09 23:26:00.377221,0 days 00:00:34.247324,443.0,1.0,118.3,155.1,0.0,COMPLETE
15115,0.825,2026-04-09 23:26:00.400184,2026-04-09 23:26:34.419642,0 days 00:00:34.019458,411.0,1.0,118.9,153.4,0.0,COMPLETE
15116,0.6875,2026-04-09 23:26:34.441040,2026-04-09 23:26:41.422976,0 days 00:00:06.981936,391.0,1.0,116.7,152.6,0.73,COMPLETE
15117,0.6875,2026-04-09 23:26:41.445206,2026-04-09 23:26:49.278947,0 days 00:00:07.833741,317.0,3.0,125.1,155.6,0.31,COMPLETE
15118,0.6875,2026-04-09 23:26:49.298870,2026-04-09 23:26:56.704356,0 days 00:00:07.405486,200.0,2.0,119.3,156.3,0.36,COMPLETE
15119,0.825,2026-04-09 23:26:57.254833,2026-04-09 23:27:34.864369,0 days 00:00:37.609536,428.0,2.0,122.4,153.7,0.35000000000000003,COMPLETE
15120,0.825,2026-04-09 23:27:34.886790,2026-04-09 23:28:09.160928,0 days 00:00:34.274138,431.0,1.0,119.3,157.6,0.01,COMPLETE
15121,0.6875,2026-04-09 23:28:09.182774,2026-04-09 23:28:16.815702,0 days 00:00:07.632928,338.0,2.0,116.3,152.0,0.04,COMPLETE
15122,0.6875,2026-04-09 23:28:16.837522,2026-04-09 23:28:23.615488,0 days 00:00:06.777966,396.0,2.0,115.7,154.3,0.3,COMPLETE
15123,0.6875,2026-04-09 23:28:23.636183,2026-04-09 23:28:30.466202,0 days 00:00:06.830019,493.0,1.0,118.2,154.1,0.31,COMPLETE
15124,0.6875,2026-04-09 23:28:30.485135,2026-04-09 23:28:37.820321,0 days 00:00:07.335186,350.0,1.0,123.7,154.2,0.05,COMPLETE
15125,0.6875,2026-04-09 23:28:37.842388,2026-04-09 23:28:45.274794,0 days 00:00:07.432406,352.0,1.0,115.9,155.6,0.0,COMPLETE
15126,0.6875,2026-04-09 23:28:45.295551,2026-04-09 23:28:52.741773,0 days 00:00:07.446222,326.0,2.0,124.0,154.9,0.26,COMPLETE
15127,0.6875,2026-04-09 23:28:52.763692,2026-04-09 23:29:00.376789,0 days 00:00:07.613097,347.0,1.0,115.2,157.5,0.01,COMPLETE
15128,0.6875,2026-04-09 23:29:00.397423,2026-04-09 23:29:08.007417,0 days 00:00:07.609994,444.0,1.0,122.6,152.5,0.44,COMPLETE
15129,0.6875,2026-04-09 23:29:08.031138,2026-04-09 23:29:15.410345,0 days 00:00:07.379207,433.0,2.0,115.4,153.7,0.44,COMPLETE
15130,0.6875,2026-04-09 23:29:15.430561,2026-04-09 23:29:22.226416,0 days 00:00:06.795855,431.0,1.0,114.8,155.9,0.45,COMPLETE
15131,0.6875,2026-04-09 23:29:22.248709,2026-04-09 23:29:29.320889,0 days 00:00:07.072180,351.0,1.0,117.9,154.7,0.27,COMPLETE
15132,0.825,2026-04-09 23:29:29.340794,2026-04-09 23:30:03.317327,0 days 00:00:33.976533,464.0,2.0,118.3,155.3,0.54,COMPLETE
15133,0.6875,2026-04-09 23:30:03.338593,2026-04-09 23:30:10.288682,0 days 00:00:06.950089,426.0,1.0,116.1,157.5,0.29,COMPLETE
15134,0.6875,2026-04-09 23:30:10.310413,2026-04-09 23:30:17.352531,0 days 00:00:07.042118,458.0,1.0,116.3,152.6,0.25,COMPLETE
15135,0.825,2026-04-09 23:30:17.374186,2026-04-09 23:30:51.702118,0 days 00:00:34.327932,474.0,2.0,118.2,157.5,0.02,COMPLETE
15136,0.6875,2026-04-09 23:30:51.724316,2026-04-09 23:30:58.731774,0 days 00:00:07.007458,470.0,1.0,115.6,157.0,0.2,COMPLETE
15137,0.6875,2026-04-09 23:30:58.751490,2026-04-09 23:31:05.841562,0 days 00:00:07.090072,329.0,1.0,113.4,154.2,0.3,COMPLETE
15138,0.825,2026-04-09 23:31:05.861075,2026-04-09 23:31:40.330958,0 days 00:00:34.469883,494.0,3.0,119.1,154.9,0.56,COMPLETE
15139,0.825,2026-04-09 23:31:40.352919,2026-04-09 23:32:14.655124,0 days 00:00:34.302205,393.0,1.0,118.8,156.6,0.6900000000000001,COMPLETE
15140,0.6875,2026-04-09 23:32:14.678359,2026-04-09 23:32:21.818031,0 days 00:00:07.139672,318.0,1.0,114.6,157.8,0.44,COMPLETE
15141,0.6875,2026-04-09 23:32:21.840158,2026-04-09 23:32:28.963939,0 days 00:00:07.123781,390.0,2.0,115.7,151.1,0.03,COMPLETE
15142,0.6875,2026-04-09 23:32:28.987330,2026-04-09 23:32:35.633500,0 days 00:00:06.646170,355.0,1.0,115.6,153.4,0.18,COMPLETE
15143,0.825,2026-04-09 23:32:35.660595,2026-04-09 23:33:09.943475,0 days 00:00:34.282880,459.0,1.0,119.6,155.0,0.43,COMPLETE
15144,0.6875,2026-04-09 23:33:09.965884,2026-04-09 23:33:17.192281,0 days 00:00:07.226397,321.0,1.0,114.5,155.9,0.58,COMPLETE
15145,0.6875,2026-04-09 23:33:17.214416,2026-04-09 23:33:23.955361,0 days 00:00:06.740945,314.0,1.0,116.1,152.5,0.01,COMPLETE
15146,0.825,2026-04-09 23:33:23.975751,2026-04-09 23:33:58.084984,0 days 00:00:34.109233,428.0,1.0,116.2,154.8,0.0,COMPLETE
15147,0.6875,2026-04-09 23:33:58.108029,2026-04-09 23:34:05.149485,0 days 00:00:07.041456,408.0,1.0,113.0,152.1,0.19,COMPLETE
15148,0.6875,2026-04-09 23:34:05.169264,2026-04-09 23:34:12.054701,0 days 00:00:06.885437,472.0,1.0,115.9,154.7,0.15,COMPLETE
15149,0.6875,2026-04-09 23:34:12.074768,2026-04-09 23:34:19.023255,0 days 00:00:06.948487,372.0,1.0,116.2,153.0,0.41000000000000003,COMPLETE
15150,0.6875,2026-04-09 23:34:19.044173,2026-04-09 23:34:25.987360,0 days 00:00:06.943187,354.0,2.0,120.1,152.0,0.3,COMPLETE
15151,0.6875,2026-04-09 23:34:26.008921,2026-04-09 23:34:33.154220,0 days 00:00:07.145299,500.0,1.0,116.6,156.5,0.37,COMPLETE
15152,0.671875,2026-04-09 23:34:33.175831,2026-04-09 23:34:39.811001,0 days 00:00:06.635170,427.0,1.0,116.5,155.3,0.28,COMPLETE
15153,0.825,2026-04-09 23:34:39.831631,2026-04-09 23:35:14.646760,0 days 00:00:34.815129,450.0,1.0,123.4,157.4,0.04,COMPLETE
15154,0.6875,2026-04-09 23:35:14.668108,2026-04-09 23:35:22.129905,0 days 00:00:07.461797,438.0,1.0,114.6,154.9,0.29,COMPLETE
15155,0.6875,2026-04-09 23:35:22.148890,2026-04-09 23:35:30.129122,0 days 00:00:07.980232,441.0,2.0,126.5,148.1,1.29,COMPLETE
15156,0.825,2026-04-09 23:35:30.151400,2026-04-09 23:36:05.297781,0 days 00:00:35.146381,431.0,1.0,118.0,155.1,0.3,COMPLETE
15157,0.6875,2026-04-09 23:36:05.320220,2026-04-09 23:36:12.615942,0 days 00:00:07.295722,475.0,2.0,123.4,154.8,0.48,COMPLETE
15158,0.825,2026-04-09 23:36:12.638056,2026-04-09 23:36:47.033036,0 days 00:00:34.394980,291.0,3.0,120.3,155.3,0.0,COMPLETE
15159,0.6875,2026-04-09 23:36:47.055898,2026-04-09 23:36:54.081074,0 days 00:00:07.025176,425.0,1.0,115.5,153.9,0.66,COMPLETE
15160,0.6875,2026-04-09 23:36:54.099732,2026-04-09 23:37:01.000109,0 days 00:00:06.900377,394.0,1.0,113.6,153.5,0.0,COMPLETE
15161,0.6875,2026-04-09 23:37:01.021862,2026-04-09 23:37:08.379886,0 days 00:00:07.358024,393.0,1.0,120.7,154.4,0.44,COMPLETE
15162,0.6875,2026-04-09 23:37:08.403325,2026-04-09 23:37:15.583246,0 days 00:00:07.179921,455.0,2.0,114.8,155.0,0.02,COMPLETE
15163,0.825,2026-04-09 23:37:15.602963,2026-04-09 23:38:12.292562,0 days 00:00:56.689599,429.0,2.0,124.5,155.4,0.37,COMPLETE
15164,0.6875,2026-04-09 23:38:12.314277,2026-04-09 23:38:19.779015,0 days 00:00:07.464738,222.0,3.0,123.4,153.3,0.0,COMPLETE
15165,0.825,2026-04-09 23:38:19.800845,2026-04-09 23:38:54.011118,0 days 00:00:34.210273,403.0,1.0,118.9,154.1,0.16,COMPLETE
15166,0.6875,2026-04-09 23:38:54.032633,2026-04-09 23:39:01.208729,0 days 00:00:07.176096,462.0,2.0,123.7,154.3,0.68,COMPLETE
15167,0.825,2026-04-09 23:39:01.230554,2026-04-09 23:39:35.482425,0 days 00:00:34.251871,424.0,3.0,121.5,155.9,0.18,COMPLETE
15168,0.6875,2026-04-09 23:39:35.504155,2026-04-09 23:39:42.786703,0 days 00:00:07.282548,460.0,2.0,116.2,155.0,0.26,COMPLETE
15169,0.6875,2026-04-09 23:39:42.806607,2026-04-09 23:39:49.798300,0 days 00:00:06.991693,312.0,1.0,116.5,157.0,0.0,COMPLETE
15170,0.6875,2026-04-09 23:39:49.818769,2026-04-09 23:39:57.391802,0 days 00:00:07.573033,402.0,1.0,118.5,148.2,0.14,COMPLETE
15171,0.6875,2026-04-09 23:39:57.412330,2026-04-09 23:40:04.779799,0 days 00:00:07.367469,408.0,1.0,115.2,154.7,0.41000000000000003,COMPLETE
15172,0.6875,2026-04-09 23:40:04.800069,2026-04-09 23:40:11.655070,0 days 00:00:06.855001,430.0,1.0,117.8,156.1,0.79,COMPLETE
15173,0.6875,2026-04-09 23:40:11.675738,2026-04-09 23:40:19.200263,0 days 00:00:07.524525,433.0,1.0,121.4,148.3,1.19,COMPLETE
15174,0.671875,2026-04-09 23:40:19.219970,2026-04-09 23:40:27.003782,0 days 00:00:07.783812,190.0,2.0,121.1,155.2,0.23,COMPLETE
15175,0.6875,2026-04-09 23:40:27.026728,2026-04-09 23:40:33.940773,0 days 00:00:06.914045,499.0,3.0,117.2,155.8,0.15,COMPLETE
15176,0.825,2026-04-09 23:40:33.961587,2026-04-09 23:41:08.395154,0 days 00:00:34.433567,420.0,1.0,118.6,154.0,0.0,COMPLETE
15177,0.6875,2026-04-09 23:41:08.416808,2026-04-09 23:41:15.450069,0 days 00:00:07.033261,332.0,1.0,119.1,153.7,0.44,COMPLETE
15178,0.825,2026-04-09 23:41:15.470123,2026-04-09 23:41:49.888379,0 days 00:00:34.418256,248.0,2.0,121.4,156.4,0.01,COMPLETE
15179,0.6875,2026-04-09 23:41:49.909356,2026-04-09 23:41:57.213847,0 days 00:00:07.304491,365.0,1.0,116.1,153.2,0.0,COMPLETE
15180,0.6875,2026-04-09 23:41:57.235551,2026-04-09 23:42:03.936534,0 days 00:00:06.700983,448.0,1.0,114.6,152.2,0.0,COMPLETE
15181,0.825,2026-04-09 23:42:03.955944,2026-04-09 23:42:38.509050,0 days 00:00:34.553106,407.0,2.0,120.0,155.0,0.33,COMPLETE
15182,0.6875,2026-04-09 23:42:38.531025,2026-04-09 23:42:45.778695,0 days 00:00:07.247670,498.0,2.0,115.3,152.6,0.17,COMPLETE
15183,0.671875,2026-04-09 23:42:45.799923,2026-04-09 23:42:52.877104,0 days 00:00:07.077181,468.0,2.0,120.6,151.7,0.11,COMPLETE
15184,0.6875,2026-04-09 23:42:52.898476,2026-04-09 23:42:59.837514,0 days 00:00:06.939038,434.0,1.0,123.2,155.0,0.64,COMPLETE
15185,0.6875,2026-04-09 23:42:59.859142,2026-04-09 23:43:07.169715,0 days 00:00:07.310573,400.0,1.0,116.6,153.2,0.29,COMPLETE
15186,0.6875,2026-04-09 23:43:07.191708,2026-04-09 23:43:14.338126,0 days 00:00:07.146418,499.0,2.0,121.7,155.3,0.71,COMPLETE
15187,0.6875,2026-04-09 23:43:14.359979,2026-04-09 23:43:22.159819,0 days 00:00:07.799840,310.0,1.0,113.0,155.6,0.22,COMPLETE
15188,0.825,2026-04-09 23:43:22.179517,2026-04-09 23:43:56.587961,0 days 00:00:34.408444,497.0,1.0,117.5,156.4,0.19,COMPLETE
15189,0.6875,2026-04-09 23:43:56.610106,2026-04-09 23:44:03.677142,0 days 00:00:07.067036,271.0,1.0,117.0,155.5,0.0,COMPLETE
15190,0.6875,2026-04-09 23:44:03.698971,2026-04-09 23:44:10.701889,0 days 00:00:07.002918,416.0,1.0,121.6,153.9,0.21,COMPLETE
15191,0.6875,2026-04-09 23:44:10.722297,2026-04-09 23:44:17.874074,0 days 00:00:07.151777,432.0,1.0,117.0,157.6,0.02,COMPLETE
15192,0.6875,2026-04-09 23:44:17.895511,2026-04-09 23:44:24.703447,0 days 00:00:06.807936,398.0,1.0,117.8,154.3,0.0,COMPLETE
15193,0.6875,2026-04-09 23:44:24.726894,2026-04-09 23:44:31.343492,0 days 00:00:06.616598,393.0,2.0,116.9,154.2,0.23,COMPLETE
15194,0.6875,2026-04-09 23:44:31.364757,2026-04-09 23:44:38.185864,0 days 00:00:06.821107,296.0,1.0,116.1,154.4,0.61,COMPLETE
15195,0.825,2026-04-09 23:44:38.205708,2026-04-09 23:45:12.367645,0 days 00:00:34.161937,351.0,1.0,118.3,156.7,0.2,COMPLETE
15196,0.6875,2026-04-09 23:45:12.390088,2026-04-09 23:45:19.430881,0 days 00:00:07.040793,408.0,2.0,117.1,152.6,0.18,COMPLETE
15197,0.6875,2026-04-09 23:45:19.452043,2026-04-09 23:45:26.265247,0 days 00:00:06.813204,405.0,1.0,114.3,154.7,0.19,COMPLETE
15198,0.6875,2026-04-09 23:45:26.285619,2026-04-09 23:45:33.391989,0 days 00:00:07.106370,352.0,1.0,119.2,152.5,0.23,COMPLETE
15199,0.6875,2026-04-09 23:45:33.411497,2026-04-09 23:45:40.107005,0 days 00:00:06.695508,423.0,1.0,117.9,153.7,0.45,COMPLETE
15200,0.6875,2026-04-09 23:45:40.127252,2026-04-09 23:45:47.064516,0 days 00:00:06.937264,494.0,3.0,114.6,156.3,0.36,COMPLETE
15201,0.6875,2026-04-09 23:45:47.086375,2026-04-09 23:45:54.543820,0 days 00:00:07.457445,307.0,2.0,119.8,153.2,0.21,COMPLETE
15202,0.6875,2026-04-09 23:45:54.563820,2026-04-09 23:46:01.723767,0 days 00:00:07.159947,445.0,1.0,114.4,151.2,0.38,COMPLETE
15203,0.6875,2026-04-09 23:46:01.741971,2026-04-09 23:46:09.834281,0 days 00:00:08.092310,487.0,3.0,127.0,154.7,1.9000000000000001,COMPLETE
15204,0.6875,2026-04-09 23:46:09.854592,2026-04-09 23:46:17.697852,0 days 00:00:07.843260,374.0,1.0,117.8,153.9,0.47000000000000003,COMPLETE
15205,0.6875,2026-04-09 23:46:17.717274,2026-04-09 23:46:24.344621,0 days 00:00:06.627347,448.0,1.0,116.9,153.7,0.0,COMPLETE
15206,0.6875,2026-04-09 23:46:24.364097,2026-04-09 23:46:31.006566,0 days 00:00:06.642469,423.0,1.0,115.8,153.2,0.23,COMPLETE
15207,0.825,2026-04-09 23:46:31.025482,2026-04-09 23:47:05.277961,0 days 00:00:34.252479,400.0,1.0,119.4,156.3,0.29,COMPLETE
15208,0.6875,2026-04-09 23:47:05.299333,2026-04-09 23:47:12.351886,0 days 00:00:07.052553,454.0,1.0,123.2,154.0,0.42,COMPLETE
15209,0.825,2026-04-09 23:47:12.370870,2026-04-09 23:47:28.867063,0 days 00:00:16.496193,447.0,1.0,125.5,152.5,0.67,COMPLETE
15210,0.6875,2026-04-09 23:47:28.888305,2026-04-09 23:47:36.390029,0 days 00:00:07.501724,478.0,1.0,116.4,154.6,0.22,COMPLETE
15211,0.825,2026-04-09 23:47:36.411138,2026-04-09 23:48:10.553223,0 days 00:00:34.142085,402.0,1.0,116.2,155.2,0.01,COMPLETE
15212,0.6875,2026-04-09 23:48:10.575327,2026-04-09 23:48:17.648718,0 days 00:00:07.073391,472.0,2.0,113.0,156.9,0.23,COMPLETE
15213,0.6875,2026-04-09 23:48:17.670022,2026-04-09 23:48:25.309452,0 days 00:00:07.639430,368.0,2.0,120.3,154.1,0.18,COMPLETE
15214,0.825,2026-04-09 23:48:25.329439,2026-04-09 23:49:21.315247,0 days 00:00:55.985808,474.0,1.0,125.8,152.2,0.07,COMPLETE
15215,0.6875,2026-04-09 23:49:21.338355,2026-04-09 23:49:28.638947,0 days 00:00:07.300592,417.0,3.0,120.1,154.1,0.15,COMPLETE
15216,0.6875,2026-04-09 23:49:28.658188,2026-04-09 23:49:35.706278,0 days 00:00:07.048090,491.0,3.0,116.5,150.5,0.39,COMPLETE
15217,0.6875,2026-04-09 23:49:35.725677,2026-04-09 23:49:43.561018,0 days 00:00:07.835341,466.0,1.0,126.8,155.1,0.06,COMPLETE
15218,0.6875,2026-04-09 23:49:43.581699,2026-04-09 23:49:51.469595,0 days 00:00:07.887896,494.0,2.0,115.4,153.5,0.0,COMPLETE
15219,0.6875,2026-04-09 23:49:51.491318,2026-04-09 23:49:58.314218,0 days 00:00:06.822900,361.0,2.0,116.2,153.2,0.0,COMPLETE
15220,0.6875,2026-04-09 23:49:58.333749,2026-04-09 23:50:04.968945,0 days 00:00:06.635196,410.0,1.0,116.8,154.5,0.0,COMPLETE
15221,0.825,2026-04-09 23:50:04.989082,2026-04-09 23:50:39.806376,0 days 00:00:34.817294,403.0,2.0,125.4,153.8,0.44,COMPLETE
15222,0.6875,2026-04-09 23:50:39.829241,2026-04-09 23:50:47.289852,0 days 00:00:07.460611,191.0,3.0,124.7,148.4,0.0,COMPLETE
15223,0.825,2026-04-09 23:50:47.309805,2026-04-09 23:51:22.026658,0 days 00:00:34.716853,359.0,2.0,121.4,156.3,0.41000000000000003,COMPLETE
15224,0.6875,2026-04-09 23:51:22.047146,2026-04-09 23:51:29.397264,0 days 00:00:07.350118,365.0,1.0,115.6,155.9,0.46,COMPLETE
15225,0.6875,2026-04-09 23:51:29.418372,2026-04-09 23:51:35.980735,0 days 00:00:06.562363,396.0,1.0,115.9,156.4,0.37,COMPLETE
15226,0.6875,2026-04-09 23:51:36.000061,2026-04-09 23:51:42.821725,0 days 00:00:06.821664,460.0,1.0,116.9,154.2,0.49,COMPLETE
15227,0.825,2026-04-09 23:51:42.842896,2026-04-09 23:52:16.808303,0 days 00:00:33.965407,440.0,1.0,118.9,154.7,0.31,COMPLETE
15228,0.825,2026-04-09 23:52:16.830153,2026-04-09 23:52:51.122286,0 days 00:00:34.292133,500.0,2.0,122.6,153.4,0.56,COMPLETE
15229,0.825,2026-04-09 23:52:51.142878,2026-04-09 23:53:10.897226,0 days 00:00:19.754348,498.0,2.0,122.0,155.5,0.49,COMPLETE
15230,0.6875,2026-04-09 23:53:10.916170,2026-04-09 23:53:18.299025,0 days 00:00:07.382855,257.0,2.0,121.0,153.9,0.0,COMPLETE
15231,0.825,2026-04-09 23:53:18.320743,2026-04-09 23:53:52.315998,0 days 00:00:33.995255,448.0,1.0,121.0,156.0,0.0,COMPLETE
15232,0.6875,2026-04-09 23:53:52.336943,2026-04-09 23:53:59.670285,0 days 00:00:07.333342,288.0,2.0,120.9,151.9,0.2,COMPLETE
15233,0.6875,2026-04-09 23:53:59.690923,2026-04-09 23:54:06.883514,0 days 00:00:07.192591,469.0,2.0,116.2,155.7,0.0,COMPLETE
15234,0.6875,2026-04-09 23:54:06.903404,2026-04-09 23:54:13.754898,0 days 00:00:06.851494,423.0,1.0,115.7,153.0,0.02,COMPLETE
15235,0.6875,2026-04-09 23:54:13.773686,2026-04-09 23:54:20.415941,0 days 00:00:06.642255,499.0,1.0,114.4,153.2,0.72,COMPLETE
15236,0.6875,2026-04-09 23:54:20.437362,2026-04-09 23:54:27.600959,0 days 00:00:07.163597,415.0,1.0,117.9,154.8,0.24,COMPLETE
15237,0.6875,2026-04-09 23:54:27.621450,2026-04-09 23:54:34.467914,0 days 00:00:06.846464,463.0,1.0,115.3,155.6,0.16,COMPLETE
15238,0.6875,2026-04-09 23:54:34.489188,2026-04-09 23:54:41.536334,0 days 00:00:07.047146,378.0,1.0,116.7,157.2,0.01,COMPLETE
15239,0.825,2026-04-09 23:54:41.557050,2026-04-09 23:55:15.516967,0 days 00:00:33.959917,420.0,1.0,117.7,156.1,0.41000000000000003,COMPLETE
15240,0.6875,2026-04-09 23:55:15.540049,2026-04-09 23:55:22.636253,0 days 00:00:07.096204,370.0,1.0,114.8,151.1,0.03,COMPLETE
15241,0.6875,2026-04-09 23:55:22.656908,2026-04-09 23:55:30.565716,0 days 00:00:07.908808,421.0,1.0,124.8,159.4,1.36,COMPLETE
15242,0.6875,2026-04-09 23:55:30.585366,2026-04-09 23:55:38.467512,0 days 00:00:07.882146,361.0,1.0,115.5,153.5,0.45,COMPLETE
15243,0.825,2026-04-09 23:55:38.488133,2026-04-09 23:56:13.113205,0 days 00:00:34.625072,394.0,1.0,122.5,156.4,0.32,COMPLETE
15244,0.6875,2026-04-09 23:56:13.134407,2026-04-09 23:56:20.869752,0 days 00:00:07.735345,454.0,1.0,113.9,154.3,0.23,COMPLETE
15245,0.6875,2026-04-09 23:56:20.890876,2026-04-09 23:56:29.058159,0 days 00:00:08.167283,187.0,1.0,123.6,155.6,0.32,COMPLETE
15246,0.6875,2026-04-09 23:56:29.077963,2026-04-09 23:56:36.508206,0 days 00:00:07.430243,381.0,1.0,117.3,151.4,0.0,COMPLETE
15247,0.6875,2026-04-09 23:56:36.529120,2026-04-09 23:56:43.618038,0 days 00:00:07.088918,366.0,1.0,122.4,152.9,0.48,COMPLETE
15248,0.6875,2026-04-09 23:56:43.638524,2026-04-09 23:56:50.910821,0 days 00:00:07.272297,436.0,1.0,115.6,153.0,0.48,COMPLETE
15249,0.6875,2026-04-09 23:56:50.929676,2026-04-09 23:56:57.548625,0 days 00:00:06.618949,394.0,1.0,114.8,153.5,0.21,COMPLETE
15250,0.825,2026-04-09 23:56:57.571975,2026-04-09 23:57:31.947130,0 days 00:00:34.375155,261.0,2.0,118.8,155.1,0.16,COMPLETE
15251,0.6875,2026-04-09 23:57:31.966864,2026-04-09 23:57:39.242897,0 days 00:00:07.276033,230.0,2.0,124.2,157.3,0.28,COMPLETE
15252,0.825,2026-04-09 23:57:39.265045,2026-04-09 23:58:13.691456,0 days 00:00:34.426411,500.0,1.0,118.6,156.4,0.38,COMPLETE
15253,0.6875,2026-04-09 23:58:13.712777,2026-04-09 23:58:21.107663,0 days 00:00:07.394886,453.0,1.0,117.1,149.6,0.23,COMPLETE
15254,0.825,2026-04-09 23:58:21.127030,2026-04-09 23:58:55.928240,0 days 00:00:34.801210,375.0,1.0,120.9,155.8,0.2,COMPLETE
15255,0.6875,2026-04-09 23:58:55.950773,2026-04-09 23:59:02.983165,0 days 00:00:07.032392,371.0,2.0,116.8,156.9,0.27,COMPLETE
15256,0.6875,2026-04-09 23:59:03.001935,2026-04-09 23:59:09.658008,0 days 00:00:06.656073,432.0,1.0,115.8,156.0,0.0,COMPLETE
15257,0.6875,2026-04-09 23:59:09.682649,2026-04-09 23:59:16.977344,0 days 00:00:07.294695,398.0,1.0,122.3,154.4,0.52,COMPLETE
15258,0.6875,2026-04-09 23:59:16.997996,2026-04-09 23:59:24.448745,0 days 00:00:07.450749,299.0,2.0,121.2,148.3,0.6,COMPLETE
15259,0.6875,2026-04-09 23:59:24.469149,2026-04-09 23:59:31.491648,0 days 00:00:07.022499,285.0,2.0,123.1,153.0,0.45,COMPLETE
15260,0.825,2026-04-09 23:59:31.513596,2026-04-10 00:00:05.574539,0 days 00:00:34.060943,402.0,1.0,125.2,152.1,0.32,COMPLETE
15261,0.6875,2026-04-10 00:00:05.594908,2026-04-10 00:00:13.434588,0 days 00:00:07.839680,443.0,1.0,115.3,155.2,0.47000000000000003,COMPLETE
15262,0.6875,2026-04-10 00:00:13.455423,2026-04-10 00:00:20.815762,0 days 00:00:07.360339,372.0,1.0,120.9,154.6,0.68,COMPLETE
15263,0.825,2026-04-10 00:00:20.835841,2026-04-10 00:00:54.979723,0 days 00:00:34.143882,417.0,1.0,117.7,155.1,0.0,COMPLETE
15264,0.6875,2026-04-10 00:00:55.000291,2026-04-10 00:01:02.281470,0 days 00:00:07.281179,446.0,2.0,121.7,150.9,0.0,COMPLETE
15265,0.6875,2026-04-10 00:01:02.303818,2026-04-10 00:01:12.794582,0 days 00:00:10.490764,350.0,1.0,114.3,153.5,0.02,COMPLETE
15266,0.825,2026-04-10 00:01:12.814491,2026-04-10 00:01:47.200397,0 days 00:00:34.385906,310.0,1.0,119.4,156.4,0.0,COMPLETE
15267,0.6875,2026-04-10 00:01:47.222780,2026-04-10 00:01:54.434298,0 days 00:00:07.211518,387.0,1.0,117.0,152.1,0.22,COMPLETE
15268,0.825,2026-04-10 00:01:54.452837,2026-04-10 00:02:28.896012,0 days 00:00:34.443175,340.0,2.0,122.3,153.1,0.05,COMPLETE
15269,0.6875,2026-04-10 00:02:28.917719,2026-04-10 00:02:36.154045,0 days 00:00:07.236326,371.0,1.0,116.9,155.1,0.26,COMPLETE
15270,0.825,2026-04-10 00:02:36.174821,2026-04-10 00:03:10.380899,0 days 00:00:34.206078,410.0,2.0,120.1,157.0,0.48,COMPLETE
15271,0.6875,2026-04-10 00:03:10.401783,2026-04-10 00:03:17.467651,0 days 00:00:07.065868,500.0,2.0,117.6,155.9,0.56,COMPLETE
15272,0.671875,2026-04-10 00:03:17.489072,2026-04-10 00:03:24.432282,0 days 00:00:06.943210,373.0,1.0,117.9,154.3,0.0,COMPLETE
15273,0.825,2026-04-10 00:03:24.452116,2026-04-10 00:03:58.783314,0 days 00:00:34.331198,427.0,1.0,122.8,154.3,0.0,COMPLETE
15274,0.671875,2026-04-10 00:03:58.804633,2026-04-10 00:04:05.562715,0 days 00:00:06.758082,392.0,2.0,122.3,154.5,0.06,COMPLETE
15275,0.825,2026-04-10 00:04:05.584223,2026-04-10 00:04:11.313793,0 days 00:00:05.729570,417.0,1.0,115.1,154.9,0.01,COMPLETE
15276,0.6875,2026-04-10 00:04:11.337441,2026-04-10 00:04:18.437574,0 days 00:00:07.100133,357.0,1.0,117.2,154.1,0.25,COMPLETE
15277,0.6875,2026-04-10 00:04:18.456867,2026-04-10 00:04:25.776986,0 days 00:00:07.320119,380.0,2.0,121.3,148.3,1.73,COMPLETE
15278,0.6875,2026-04-10 00:04:25.798258,2026-04-10 00:04:33.528112,0 days 00:00:07.729854,367.0,1.0,117.9,157.9,0.21,COMPLETE
15279,0.6875,2026-04-10 00:04:33.546934,2026-04-10 00:04:40.370890,0 days 00:00:06.823956,395.0,1.0,116.5,154.7,0.23,COMPLETE
