number,value,datetime_start,datetime_complete,duration,params_voltage,params_width,params_x,params_y,params_z,state
13552,0.6875,2026-04-09 17:43:29.146936,2026-04-09 17:43:36.601394,0 days 00:00:07.454458,292.0,2.0,122.2,153.8,0.07,COMPLETE
13553,0.825,2026-04-09 17:43:36.621547,2026-04-09 17:44:10.720298,0 days 00:00:34.098751,367.0,1.0,124.9,154.8,0.37,COMPLETE
13554,0.825,2026-04-09 17:44:10.739849,2026-04-09 17:44:44.783424,0 days 00:00:34.043575,489.0,2.0,124.8,152.9,0.27,COMPLETE
13555,0.6875,2026-04-09 17:44:44.803892,2026-04-09 17:44:52.773857,0 days 00:00:07.969965,376.0,1.0,115.9,156.5,0.2,COMPLETE
13556,0.6875,2026-04-09 17:44:52.792645,2026-04-09 17:44:59.598128,0 days 00:00:06.805483,327.0,1.0,115.4,154.2,0.01,COMPLETE
13557,0.6875,2026-04-09 17:44:59.616531,2026-04-09 17:45:06.447955,0 days 00:00:06.831424,445.0,1.0,113.0,155.3,0.3,COMPLETE
13558,0.825,2026-04-09 17:45:06.468290,2026-04-09 17:45:20.190299,0 days 00:00:13.722009,408.0,2.0,117.8,154.3,0.0,COMPLETE
13559,0.825,2026-04-09 17:45:20.211126,2026-04-09 17:45:54.409749,0 days 00:00:34.198623,394.0,1.0,121.3,153.5,0.36,COMPLETE
13560,0.6875,2026-04-09 17:45:54.427846,2026-04-09 17:46:01.657934,0 days 00:00:07.230088,352.0,1.0,118.5,158.0,0.25,COMPLETE
13561,0.6875,2026-04-09 17:46:01.677374,2026-04-09 17:46:09.340267,0 days 00:00:07.662893,435.0,3.0,117.4,148.3,0.6,COMPLETE
13562,0.825,2026-04-09 17:46:09.358298,2026-04-09 17:46:43.813947,0 days 00:00:34.455649,463.0,2.0,119.8,153.6,0.34,COMPLETE
13563,0.6875,2026-04-09 17:46:43.834096,2026-04-09 17:46:51.232084,0 days 00:00:07.397988,407.0,3.0,124.6,157.7,0.31,COMPLETE
13564,0.6875,2026-04-09 17:46:51.250872,2026-04-09 17:46:58.749911,0 days 00:00:07.499039,433.0,2.0,116.5,154.8,0.48,COMPLETE
13565,0.6875,2026-04-09 17:46:58.768303,2026-04-09 17:47:05.573630,0 days 00:00:06.805327,490.0,1.0,113.4,153.6,0.5,COMPLETE
13566,0.6875,2026-04-09 17:47:05.594102,2026-04-09 17:47:13.684680,0 days 00:00:08.090578,255.0,2.0,122.7,154.2,0.35000000000000003,COMPLETE
13567,0.6875,2026-04-09 17:47:13.703603,2026-04-09 17:47:21.361499,0 days 00:00:07.657896,339.0,1.0,113.0,152.7,0.0,COMPLETE
13568,0.825,2026-04-09 17:47:21.384275,2026-04-09 17:47:56.515900,0 days 00:00:35.131625,353.0,3.0,124.0,153.3,0.1,COMPLETE
13569,0.6875,2026-04-09 17:47:56.536255,2026-04-09 17:48:03.931682,0 days 00:00:07.395427,480.0,2.0,117.6,153.4,0.0,COMPLETE
13570,0.671875,2026-04-09 17:48:03.952188,2026-04-09 17:48:10.518767,0 days 00:00:06.566579,438.0,2.0,117.6,152.7,0.2,COMPLETE
13571,0.6875,2026-04-09 17:48:10.537434,2026-04-09 17:48:17.509694,0 days 00:00:06.972260,436.0,1.0,114.6,156.3,0.0,COMPLETE
13572,0.825,2026-04-09 17:48:17.531043,2026-04-09 17:48:51.834558,0 days 00:00:34.303515,405.0,1.0,117.2,156.8,0.19,COMPLETE
13573,0.6875,2026-04-09 17:48:51.854112,2026-04-09 17:48:58.721144,0 days 00:00:06.867032,398.0,2.0,114.6,155.3,0.33,COMPLETE
13574,0.825,2026-04-09 17:48:58.740930,2026-04-09 17:49:33.028477,0 days 00:00:34.287547,369.0,1.0,118.7,152.6,0.0,COMPLETE
13575,0.6875,2026-04-09 17:49:33.049830,2026-04-09 17:49:40.023706,0 days 00:00:06.973876,449.0,1.0,116.6,151.7,0.42,COMPLETE
13576,0.825,2026-04-09 17:49:40.042603,2026-04-09 17:50:15.469728,0 days 00:00:35.427125,348.0,1.0,120.0,155.8,0.21,COMPLETE
13577,0.825,2026-04-09 17:50:15.490474,2026-04-09 17:50:49.559801,0 days 00:00:34.069327,465.0,1.0,117.2,156.5,0.24,COMPLETE
13578,0.825,2026-04-09 17:50:49.578477,2026-04-09 17:51:23.895823,0 days 00:00:34.317346,429.0,2.0,122.9,157.7,0.42,COMPLETE
13579,0.825,2026-04-09 17:51:23.916721,2026-04-09 17:51:58.218566,0 days 00:00:34.301845,456.0,2.0,117.6,156.5,0.03,COMPLETE
13580,0.6875,2026-04-09 17:51:58.238900,2026-04-09 17:52:05.543914,0 days 00:00:07.305014,391.0,1.0,117.0,152.0,0.0,COMPLETE
13581,0.6875,2026-04-09 17:52:05.561769,2026-04-09 17:52:12.127249,0 days 00:00:06.565480,457.0,2.0,116.1,152.4,0.0,COMPLETE
13582,0.6875,2026-04-09 17:52:12.147865,2026-04-09 17:52:19.010978,0 days 00:00:06.863113,445.0,1.0,113.3,153.0,0.01,COMPLETE
13583,0.6875,2026-04-09 17:52:19.028342,2026-04-09 17:52:26.561485,0 days 00:00:07.533143,154.0,1.0,113.1,150.9,0.68,COMPLETE
13584,0.6875,2026-04-09 17:52:26.582473,2026-04-09 17:52:34.860501,0 days 00:00:08.278028,247.0,2.0,124.6,158.8,0.21,COMPLETE
13585,0.6875,2026-04-09 17:52:34.879448,2026-04-09 17:52:42.118217,0 days 00:00:07.238769,398.0,2.0,120.4,153.9,0.15,COMPLETE
13586,0.825,2026-04-09 17:52:42.140044,2026-04-09 17:53:16.273868,0 days 00:00:34.133824,441.0,1.0,120.7,156.0,0.13,COMPLETE
13587,0.825,2026-04-09 17:53:16.295213,2026-04-09 17:53:50.558459,0 days 00:00:34.263246,362.0,1.0,118.8,155.5,0.23,COMPLETE
13588,0.6875,2026-04-09 17:53:50.576887,2026-04-09 17:53:57.771017,0 days 00:00:07.194130,403.0,1.0,114.1,154.8,0.22,COMPLETE
13589,0.671875,2026-04-09 17:53:57.790510,2026-04-09 17:54:04.613852,0 days 00:00:06.823342,364.0,1.0,116.4,155.9,0.0,COMPLETE
13590,0.6875,2026-04-09 17:54:04.631977,2026-04-09 17:54:11.304805,0 days 00:00:06.672828,438.0,1.0,114.7,155.3,0.0,COMPLETE
13591,0.6875,2026-04-09 17:54:11.326677,2026-04-09 17:54:18.374713,0 days 00:00:07.048036,460.0,1.0,115.3,150.4,0.26,COMPLETE
13592,0.6875,2026-04-09 17:54:18.395858,2026-04-09 17:54:25.936319,0 days 00:00:07.540461,317.0,1.0,119.7,155.7,0.73,COMPLETE
13593,0.825,2026-04-09 17:54:25.955091,2026-04-09 17:54:59.946753,0 days 00:00:33.991662,463.0,1.0,118.5,156.4,0.23,COMPLETE
13594,0.825,2026-04-09 17:54:59.966500,2026-04-09 17:55:34.516511,0 days 00:00:34.550011,480.0,3.0,124.6,154.8,0.55,COMPLETE
13595,0.825,2026-04-09 17:55:34.537435,2026-04-09 17:56:09.333242,0 days 00:00:34.795807,394.0,1.0,118.7,156.8,0.26,COMPLETE
13596,0.0,2026-04-09 17:56:09.354573,2026-04-09 17:56:16.408784,0 days 00:00:07.054211,416.0,1.0,116.7,154.7,0.4,COMPLETE
13597,0.6875,2026-04-09 17:56:16.428894,2026-04-09 17:56:23.257322,0 days 00:00:06.828428,455.0,1.0,114.5,157.2,0.49,COMPLETE
13598,0.6875,2026-04-09 17:56:23.278093,2026-04-09 17:56:33.400234,0 days 00:00:10.122141,350.0,1.0,117.5,153.6,0.47000000000000003,COMPLETE
13599,0.671875,2026-04-09 17:56:33.418442,2026-04-09 17:56:40.115284,0 days 00:00:06.696842,420.0,1.0,116.3,155.8,0.01,COMPLETE
13600,0.6875,2026-04-09 17:56:40.135392,2026-04-09 17:56:46.887700,0 days 00:00:06.752308,444.0,1.0,118.7,152.9,0.51,COMPLETE
13601,0.6875,2026-04-09 17:56:46.906111,2026-04-09 17:56:53.544447,0 days 00:00:06.638336,450.0,1.0,116.8,153.2,0.52,COMPLETE
13602,0.6875,2026-04-09 17:56:53.564687,2026-04-09 17:57:00.402376,0 days 00:00:06.837689,358.0,3.0,115.0,154.0,0.02,COMPLETE
13603,0.6875,2026-04-09 17:57:00.422426,2026-04-09 17:57:07.920218,0 days 00:00:07.497792,263.0,3.0,121.9,158.0,0.34,COMPLETE
13604,0.825,2026-04-09 17:57:07.940712,2026-04-09 17:57:41.988939,0 days 00:00:34.048227,454.0,1.0,118.8,155.8,0.13,COMPLETE
13605,0.671875,2026-04-09 17:57:42.008010,2026-04-09 17:57:48.861812,0 days 00:00:06.853802,449.0,1.0,117.3,154.1,0.0,COMPLETE
13606,0.6875,2026-04-09 17:57:48.881458,2026-04-09 17:57:55.909924,0 days 00:00:07.028466,464.0,2.0,122.3,154.1,0.46,COMPLETE
13607,0.6875,2026-04-09 17:57:55.931091,2026-04-09 17:58:03.177489,0 days 00:00:07.246398,412.0,1.0,115.9,152.9,0.24,COMPLETE
13608,0.6875,2026-04-09 17:58:03.195223,2026-04-09 17:58:10.213279,0 days 00:00:07.018056,338.0,2.0,115.0,155.9,0.01,COMPLETE
13609,0.6875,2026-04-09 17:58:10.234106,2026-04-09 17:58:17.599386,0 days 00:00:07.365280,261.0,1.0,120.3,154.3,0.21,COMPLETE
13610,0.825,2026-04-09 17:58:17.617519,2026-04-09 17:58:52.351173,0 days 00:00:34.733654,443.0,1.0,117.7,156.7,0.0,COMPLETE
13611,0.6875,2026-04-09 17:58:52.372118,2026-04-09 17:58:59.793391,0 days 00:00:07.421273,219.0,2.0,122.5,155.5,0.48,COMPLETE
13612,0.6875,2026-04-09 17:58:59.813759,2026-04-09 17:59:06.408502,0 days 00:00:06.594743,299.0,2.0,121.5,154.2,0.19,COMPLETE
13613,0.6875,2026-04-09 17:59:06.428948,2026-04-09 17:59:12.899321,0 days 00:00:06.470373,496.0,2.0,120.8,153.7,0.5,COMPLETE
13614,0.0,2026-04-09 17:59:12.916955,2026-04-09 17:59:19.796553,0 days 00:00:06.879598,471.0,1.0,116.7,156.2,0.0,COMPLETE
13615,0.825,2026-04-09 17:59:19.819260,2026-04-09 17:59:53.826680,0 days 00:00:34.007420,422.0,2.0,120.8,156.6,0.0,COMPLETE
13616,0.6875,2026-04-09 17:59:53.849134,2026-04-09 18:00:01.343770,0 days 00:00:07.494636,409.0,1.0,114.9,154.1,0.37,COMPLETE
13617,0.6875,2026-04-09 18:00:01.361956,2026-04-09 18:00:09.371644,0 days 00:00:08.009688,238.0,2.0,124.8,158.1,0.05,COMPLETE
13618,0.825,2026-04-09 18:00:09.393309,2026-04-09 18:00:43.721502,0 days 00:00:34.328193,382.0,3.0,120.7,155.9,0.04,COMPLETE
13619,0.6875,2026-04-09 18:00:43.740893,2026-04-09 18:00:50.887522,0 days 00:00:07.146629,382.0,3.0,116.4,154.7,0.24,COMPLETE
13620,0.6875,2026-04-09 18:00:50.912637,2026-04-09 18:00:57.415861,0 days 00:00:06.503224,472.0,1.0,116.3,155.0,0.43,COMPLETE
13621,0.6875,2026-04-09 18:00:57.434098,2026-04-09 18:01:04.317473,0 days 00:00:06.883375,458.0,1.0,113.0,153.4,0.0,COMPLETE
13622,0.6875,2026-04-09 18:01:04.337489,2026-04-09 18:01:12.196185,0 days 00:00:07.858696,158.0,2.0,118.2,155.3,1.32,COMPLETE
13623,0.6875,2026-04-09 18:01:12.214953,2026-04-09 18:01:19.048007,0 days 00:00:06.833054,368.0,1.0,116.3,153.7,0.26,COMPLETE
13624,0.6875,2026-04-09 18:01:19.069083,2026-04-09 18:01:25.850897,0 days 00:00:06.781814,397.0,2.0,115.5,156.1,0.01,COMPLETE
13625,0.6875,2026-04-09 18:01:25.869644,2026-04-09 18:01:32.715059,0 days 00:00:06.845415,369.0,1.0,114.0,153.9,0.52,COMPLETE
13626,0.6875,2026-04-09 18:01:32.733467,2026-04-09 18:01:39.620202,0 days 00:00:06.886735,402.0,1.0,114.4,157.8,0.2,COMPLETE
13627,0.6875,2026-04-09 18:01:39.641279,2026-04-09 18:01:47.071275,0 days 00:00:07.429996,388.0,1.0,121.6,154.0,0.08,COMPLETE
13628,0.825,2026-04-09 18:01:47.089785,2026-04-09 18:02:21.303017,0 days 00:00:34.213232,414.0,1.0,118.2,155.5,0.17,COMPLETE
13629,0.6875,2026-04-09 18:02:21.321948,2026-04-09 18:02:28.102823,0 days 00:00:06.780875,442.0,3.0,117.6,156.7,1.02,COMPLETE
13630,0.6875,2026-04-09 18:02:28.124561,2026-04-09 18:02:34.750558,0 days 00:00:06.625997,430.0,1.0,116.5,156.9,0.36,COMPLETE
13631,0.6875,2026-04-09 18:02:34.768166,2026-04-09 18:02:41.633568,0 days 00:00:06.865402,427.0,1.0,115.9,154.0,0.22,COMPLETE
13632,0.825,2026-04-09 18:02:41.655745,2026-04-09 18:03:15.833663,0 days 00:00:34.177918,417.0,1.0,118.1,155.5,0.0,COMPLETE
13633,0.6875,2026-04-09 18:03:15.854456,2026-04-09 18:03:22.894439,0 days 00:00:07.039983,416.0,2.0,115.8,152.6,0.0,COMPLETE
13634,0.6875,2026-04-09 18:03:22.913562,2026-04-09 18:03:29.892813,0 days 00:00:06.979251,323.0,1.0,115.3,154.7,0.25,COMPLETE
13635,0.6875,2026-04-09 18:03:29.913840,2026-04-09 18:03:36.605678,0 days 00:00:06.691838,402.0,1.0,115.3,156.3,0.53,COMPLETE
13636,0.6875,2026-04-09 18:03:36.626170,2026-04-09 18:03:43.642442,0 days 00:00:07.016272,336.0,2.0,115.9,154.3,0.49,COMPLETE
13637,0.6875,2026-04-09 18:03:43.663301,2026-04-09 18:03:50.322918,0 days 00:00:06.659617,413.0,1.0,114.4,154.4,0.2,COMPLETE
13638,0.6875,2026-04-09 18:03:50.341373,2026-04-09 18:03:56.973329,0 days 00:00:06.631956,440.0,1.0,114.5,155.7,0.48,COMPLETE
13639,0.6875,2026-04-09 18:03:56.995362,2026-04-09 18:04:03.977941,0 days 00:00:06.982579,453.0,1.0,117.1,152.2,0.0,COMPLETE
13640,0.825,2026-04-09 18:04:03.996372,2026-04-09 18:04:10.082473,0 days 00:00:06.086101,363.0,2.0,124.6,156.1,0.12,COMPLETE
13641,0.6875,2026-04-09 18:04:10.101907,2026-04-09 18:04:17.705231,0 days 00:00:07.603324,456.0,1.0,116.2,153.6,0.42,COMPLETE
13642,0.6875,2026-04-09 18:04:17.725313,2026-04-09 18:04:24.688086,0 days 00:00:06.962773,366.0,1.0,116.5,151.9,0.26,COMPLETE
13643,0.825,2026-04-09 18:04:24.708059,2026-04-09 18:04:58.735534,0 days 00:00:34.027475,328.0,1.0,117.6,152.7,0.03,COMPLETE
13644,0.6875,2026-04-09 18:04:58.755454,2026-04-09 18:05:06.035880,0 days 00:00:07.280426,323.0,3.0,123.2,155.0,0.19,COMPLETE
13645,0.6875,2026-04-09 18:05:06.053373,2026-04-09 18:05:13.471722,0 days 00:00:07.418349,393.0,1.0,115.4,154.8,0.01,COMPLETE
13646,0.6875,2026-04-09 18:05:13.492371,2026-04-09 18:05:20.058594,0 days 00:00:06.566223,374.0,1.0,116.1,154.2,0.37,COMPLETE
13647,0.6875,2026-04-09 18:05:20.077062,2026-04-09 18:05:27.273970,0 days 00:00:07.196908,305.0,2.0,113.1,157.4,1.93,COMPLETE
13648,0.6875,2026-04-09 18:05:27.295432,2026-04-09 18:05:35.082234,0 days 00:00:07.786802,183.0,3.0,119.9,156.0,0.54,COMPLETE
13649,0.825,2026-04-09 18:05:35.099831,2026-04-09 18:06:08.886804,0 days 00:00:33.786973,425.0,1.0,120.5,155.8,0.63,COMPLETE
13650,0.6875,2026-04-09 18:06:08.907858,2026-04-09 18:06:15.903884,0 days 00:00:06.996026,417.0,1.0,117.8,155.9,0.51,COMPLETE
13651,0.825,2026-04-09 18:06:15.923674,2026-04-09 18:06:49.828825,0 days 00:00:33.905151,458.0,2.0,119.2,156.0,0.34,COMPLETE
13652,0.6875,2026-04-09 18:06:49.849081,2026-04-09 18:06:56.746168,0 days 00:00:06.897087,399.0,1.0,117.0,153.7,1.1,COMPLETE
13653,0.6875,2026-04-09 18:06:56.766808,2026-04-09 18:07:04.276278,0 days 00:00:07.509470,280.0,1.0,123.4,155.5,0.24,COMPLETE
13654,0.6875,2026-04-09 18:07:04.295795,2026-04-09 18:07:11.848836,0 days 00:00:07.553041,359.0,1.0,114.9,158.1,0.0,COMPLETE
13655,0.6875,2026-04-09 18:07:11.869199,2026-04-09 18:07:20.009499,0 days 00:00:08.140300,423.0,2.0,126.9,151.9,0.26,COMPLETE
13656,0.6875,2026-04-09 18:07:20.029253,2026-04-09 18:07:27.796322,0 days 00:00:07.767069,435.0,2.0,117.0,155.9,0.17,COMPLETE
13657,0.6875,2026-04-09 18:07:27.817861,2026-04-09 18:07:34.610643,0 days 00:00:06.792782,389.0,1.0,116.5,153.8,0.22,COMPLETE
13658,0.825,2026-04-09 18:07:34.630964,2026-04-09 18:08:09.202301,0 days 00:00:34.571337,459.0,1.0,122.8,157.6,0.21,COMPLETE
13659,0.6875,2026-04-09 18:08:09.222617,2026-04-09 18:08:16.718096,0 days 00:00:07.495479,493.0,3.0,115.6,155.9,0.0,COMPLETE
13660,0.6875,2026-04-09 18:08:16.739617,2026-04-09 18:08:23.603972,0 days 00:00:06.864355,369.0,1.0,116.3,156.6,0.32,COMPLETE
13661,0.6875,2026-04-09 18:08:23.622293,2026-04-09 18:08:31.158028,0 days 00:00:07.535735,285.0,2.0,124.4,153.8,0.23,COMPLETE
13662,0.6875,2026-04-09 18:08:31.178535,2026-04-09 18:08:38.650644,0 days 00:00:07.472109,413.0,1.0,114.6,153.4,0.26,COMPLETE
13663,0.825,2026-04-09 18:08:38.670312,2026-04-09 18:09:12.938589,0 days 00:00:34.268277,437.0,1.0,118.9,153.7,0.26,COMPLETE
13664,0.6875,2026-04-09 18:09:12.959666,2026-04-09 18:09:20.044836,0 days 00:00:07.085170,469.0,1.0,115.1,155.2,0.25,COMPLETE
13665,0.825,2026-04-09 18:09:20.062914,2026-04-09 18:09:54.408840,0 days 00:00:34.345926,439.0,1.0,119.5,153.8,0.01,COMPLETE
13666,0.6875,2026-04-09 18:09:54.430248,2026-04-09 18:10:01.346933,0 days 00:00:06.916685,438.0,2.0,115.1,153.4,0.0,COMPLETE
13667,0.6875,2026-04-09 18:10:01.369148,2026-04-09 18:10:08.182120,0 days 00:00:06.812972,417.0,1.0,116.5,154.4,0.0,COMPLETE
13668,0.825,2026-04-09 18:10:08.201802,2026-04-09 18:10:42.528959,0 days 00:00:34.327157,376.0,2.0,121.2,155.6,0.0,COMPLETE
13669,0.6875,2026-04-09 18:10:42.548013,2026-04-09 18:10:49.871736,0 days 00:00:07.323723,459.0,2.0,116.0,151.6,0.54,COMPLETE
13670,0.6875,2026-04-09 18:10:49.893302,2026-04-09 18:10:56.996908,0 days 00:00:07.103606,363.0,1.0,117.5,155.0,0.2,COMPLETE
13671,0.825,2026-04-09 18:10:57.016471,2026-04-09 18:11:10.567262,0 days 00:00:13.550791,461.0,1.0,118.3,151.6,0.25,COMPLETE
13672,0.6875,2026-04-09 18:11:10.589831,2026-04-09 18:11:17.838498,0 days 00:00:07.248667,458.0,2.0,114.8,156.0,0.19,COMPLETE
13673,0.825,2026-04-09 18:11:17.859059,2026-04-09 18:11:51.898691,0 days 00:00:34.039632,490.0,1.0,118.0,154.8,0.01,COMPLETE
13674,0.825,2026-04-09 18:11:51.917583,2026-04-09 18:12:26.974697,0 days 00:00:35.057114,244.0,2.0,125.1,156.0,0.0,COMPLETE
13675,0.825,2026-04-09 18:12:26.995867,2026-04-09 18:13:01.027212,0 days 00:00:34.031345,284.0,2.0,122.1,156.3,0.0,COMPLETE
13676,0.6875,2026-04-09 18:13:01.048130,2026-04-09 18:13:08.336590,0 days 00:00:07.288460,280.0,1.0,116.7,157.5,0.19,COMPLETE
13677,0.6875,2026-04-09 18:13:08.355369,2026-04-09 18:13:15.113120,0 days 00:00:06.757751,465.0,1.0,116.8,155.3,0.28,COMPLETE
13678,0.825,2026-04-09 18:13:15.134510,2026-04-09 18:13:49.424802,0 days 00:00:34.290292,394.0,1.0,118.2,155.3,0.0,COMPLETE
13679,0.825,2026-04-09 18:13:49.873574,2026-04-09 18:14:24.228069,0 days 00:00:34.354495,496.0,2.0,123.5,155.6,0.58,COMPLETE
13680,0.6875,2026-04-09 18:14:24.247892,2026-04-09 18:14:32.082928,0 days 00:00:07.835036,361.0,1.0,114.9,154.9,0.22,COMPLETE
13681,0.6875,2026-04-09 18:14:32.102902,2026-04-09 18:14:39.390978,0 days 00:00:07.288076,366.0,1.0,121.7,154.2,0.38,COMPLETE
13682,0.6875,2026-04-09 18:14:39.409825,2026-04-09 18:14:46.597566,0 days 00:00:07.187741,435.0,1.0,115.5,153.0,0.2,COMPLETE
13683,0.6875,2026-04-09 18:14:46.617205,2026-04-09 18:14:53.411061,0 days 00:00:06.793856,390.0,2.0,117.0,155.9,0.25,COMPLETE
13684,0.6875,2026-04-09 18:14:53.431693,2026-04-09 18:15:00.152127,0 days 00:00:06.720434,395.0,1.0,116.2,154.0,0.5700000000000001,COMPLETE
13685,0.6875,2026-04-09 18:15:00.171516,2026-04-09 18:15:07.201905,0 days 00:00:07.030389,491.0,1.0,121.2,154.4,0.09,COMPLETE
13686,0.6875,2026-04-09 18:15:07.222808,2026-04-09 18:15:14.716119,0 days 00:00:07.493311,384.0,1.0,114.8,155.9,0.0,COMPLETE
13687,0.825,2026-04-09 18:15:14.735656,2026-04-09 18:15:22.056447,0 days 00:00:07.320791,410.0,2.0,116.8,154.5,0.24,COMPLETE
13688,0.825,2026-04-09 18:15:22.077579,2026-04-09 18:15:39.623817,0 days 00:00:17.546238,407.0,1.0,124.5,154.3,0.6,COMPLETE
13689,0.6875,2026-04-09 18:15:39.642279,2026-04-09 18:15:47.032622,0 days 00:00:07.390343,428.0,1.0,117.3,154.9,0.45,COMPLETE
13690,0.6875,2026-04-09 18:15:47.053056,2026-04-09 18:15:54.148802,0 days 00:00:07.095746,246.0,2.0,115.2,156.6,0.43,COMPLETE
13691,0.6875,2026-04-09 18:15:54.167950,2026-04-09 18:16:00.968337,0 days 00:00:06.800387,375.0,1.0,117.7,154.4,0.36,COMPLETE
13692,0.6875,2026-04-09 18:16:00.986875,2026-04-09 18:16:07.743792,0 days 00:00:06.756917,369.0,1.0,117.8,152.5,0.27,COMPLETE
13693,0.6875,2026-04-09 18:16:07.762288,2026-04-09 18:16:14.562767,0 days 00:00:06.800479,364.0,1.0,114.7,151.4,0.33,COMPLETE
13694,0.6875,2026-04-09 18:16:14.581757,2026-04-09 18:16:22.480487,0 days 00:00:07.898730,258.0,3.0,123.9,154.3,0.39,COMPLETE
13695,0.6875,2026-04-09 18:16:22.500876,2026-04-09 18:16:29.972389,0 days 00:00:07.471513,380.0,1.0,115.8,155.3,0.5,COMPLETE
13696,0.6875,2026-04-09 18:16:29.990356,2026-04-09 18:16:36.683025,0 days 00:00:06.692669,355.0,1.0,115.4,153.7,0.0,COMPLETE
13697,0.6875,2026-04-09 18:16:36.704302,2026-04-09 18:16:43.337886,0 days 00:00:06.633584,404.0,1.0,116.6,153.3,0.01,COMPLETE
13698,0.6875,2026-04-09 18:16:43.356318,2026-04-09 18:16:50.037654,0 days 00:00:06.681336,425.0,1.0,117.4,153.3,0.74,COMPLETE
13699,0.6875,2026-04-09 18:16:50.059354,2026-04-09 18:16:56.854624,0 days 00:00:06.795270,427.0,1.0,114.4,152.1,0.26,COMPLETE
13700,0.6875,2026-04-09 18:16:56.872468,2026-04-09 18:17:03.671774,0 days 00:00:06.799306,442.0,1.0,116.5,153.5,0.16,COMPLETE
13701,0.6875,2026-04-09 18:17:03.693542,2026-04-09 18:17:10.636812,0 days 00:00:06.943270,359.0,1.0,114.9,152.8,0.0,COMPLETE
13702,0.6875,2026-04-09 18:17:10.655110,2026-04-09 18:17:18.383694,0 days 00:00:07.728584,259.0,2.0,122.8,156.1,0.43,COMPLETE
13703,0.6875,2026-04-09 18:17:18.402276,2026-04-09 18:17:25.499583,0 days 00:00:07.097307,316.0,1.0,117.4,156.8,0.18,COMPLETE
13704,0.6875,2026-04-09 18:17:25.520206,2026-04-09 18:17:32.537652,0 days 00:00:07.017446,265.0,2.0,120.5,156.0,0.01,COMPLETE
13705,0.6875,2026-04-09 18:17:32.556491,2026-04-09 18:17:39.588975,0 days 00:00:07.032484,367.0,1.0,116.2,158.5,0.53,COMPLETE
13706,0.6875,2026-04-09 18:17:39.611344,2026-04-09 18:17:46.364637,0 days 00:00:06.753293,409.0,1.0,116.3,156.6,0.01,COMPLETE
13707,0.825,2026-04-09 18:17:46.385728,2026-04-09 18:18:21.076701,0 days 00:00:34.690973,441.0,1.0,123.0,154.8,0.01,COMPLETE
13708,0.6875,2026-04-09 18:18:21.097216,2026-04-09 18:18:28.637318,0 days 00:00:07.540102,387.0,2.0,114.8,156.1,0.25,COMPLETE
13709,0.6875,2026-04-09 18:18:28.652845,2026-04-09 18:18:35.556673,0 days 00:00:06.903828,480.0,2.0,115.3,152.0,0.0,COMPLETE
13710,0.6875,2026-04-09 18:18:35.578106,2026-04-09 18:18:42.682741,0 days 00:00:07.104635,387.0,1.0,114.9,155.6,0.25,COMPLETE
13711,0.825,2026-04-09 18:18:42.701555,2026-04-09 18:19:17.596852,0 days 00:00:34.895297,500.0,2.0,123.5,155.8,0.27,COMPLETE
13712,0.6875,2026-04-09 18:19:17.617965,2026-04-09 18:19:24.946773,0 days 00:00:07.328808,301.0,2.0,120.3,153.3,0.32,COMPLETE
13713,0.6875,2026-04-09 18:19:24.966447,2026-04-09 18:19:32.083103,0 days 00:00:07.116656,453.0,2.0,114.8,154.1,0.34,COMPLETE
13714,0.825,2026-04-09 18:19:32.101702,2026-04-09 18:20:06.732956,0 days 00:00:34.631254,498.0,1.0,122.4,155.9,0.48,COMPLETE
13715,0.825,2026-04-09 18:20:06.754044,2026-04-09 18:20:41.305057,0 days 00:00:34.551013,462.0,1.0,116.5,155.2,0.0,COMPLETE
13716,0.6875,2026-04-09 18:20:41.320708,2026-04-09 18:20:48.132017,0 days 00:00:06.811309,407.0,1.0,116.3,153.5,0.25,COMPLETE
13717,0.6875,2026-04-09 18:20:48.152109,2026-04-09 18:20:55.025183,0 days 00:00:06.873074,431.0,2.0,113.8,156.3,0.03,COMPLETE
13718,0.6875,2026-04-09 18:20:55.045288,2026-04-09 18:21:02.094157,0 days 00:00:07.048869,359.0,1.0,113.2,153.9,0.25,COMPLETE
13719,0.825,2026-04-09 18:21:02.111673,2026-04-09 18:21:36.630636,0 days 00:00:34.518963,437.0,1.0,118.8,155.3,0.49,COMPLETE
13720,0.825,2026-04-09 18:21:36.651541,2026-04-09 18:22:10.653841,0 days 00:00:34.002300,493.0,2.0,119.7,156.4,0.5,COMPLETE
13721,0.6875,2026-04-09 18:22:10.674870,2026-04-09 18:22:17.943552,0 days 00:00:07.268682,316.0,1.0,120.7,153.7,0.48,COMPLETE
13722,0.6875,2026-04-09 18:22:17.963724,2026-04-09 18:22:24.703967,0 days 00:00:06.740243,360.0,1.0,118.7,154.3,0.41000000000000003,COMPLETE
13723,0.825,2026-04-09 18:22:24.723496,2026-04-09 18:22:58.786215,0 days 00:00:34.062719,371.0,1.0,118.6,155.1,0.25,COMPLETE
13724,0.825,2026-04-09 18:22:58.804296,2026-04-09 18:23:33.083465,0 days 00:00:34.279169,499.0,2.0,122.1,157.5,0.6900000000000001,COMPLETE
