number,value,datetime_start,datetime_complete,duration,params_voltage,params_width,params_x,params_y,params_z,state
8700,0.6875,2026-04-08 16:18:22.396757,2026-04-08 16:18:29.132421,0 days 00:00:06.735664,435.0,1.0,115.9,158.6,0.02,COMPLETE
8701,0.6875,2026-04-08 16:18:29.146661,2026-04-08 16:18:36.061262,0 days 00:00:06.914601,349.0,1.0,114.8,157.0,0.03,COMPLETE
8702,0.825,2026-04-08 16:18:36.078979,2026-04-08 16:19:10.297425,0 days 00:00:34.218446,366.0,1.0,119.7,156.4,0.36,COMPLETE
8703,0.6875,2026-04-08 16:19:10.314272,2026-04-08 16:19:17.371105,0 days 00:00:07.056833,495.0,1.0,123.6,153.1,0.61,COMPLETE
8704,0.825,2026-04-08 16:19:17.387696,2026-04-08 16:19:52.016819,0 days 00:00:34.629123,413.0,1.0,118.7,153.1,0.02,COMPLETE
8705,0.6875,2026-04-08 16:19:52.035129,2026-04-08 16:19:58.796093,0 days 00:00:06.760964,374.0,1.0,120.0,154.5,0.22,COMPLETE
8706,0.6875,2026-04-08 16:19:58.810764,2026-04-08 16:20:06.554734,0 days 00:00:07.743970,189.0,2.0,116.8,148.0,0.0,COMPLETE
8707,0.6875,2026-04-08 16:20:06.572810,2026-04-08 16:20:13.570785,0 days 00:00:06.997975,425.0,1.0,115.5,153.1,0.58,COMPLETE
8708,0.6875,2026-04-08 16:20:13.586541,2026-04-08 16:20:20.260438,0 days 00:00:06.673897,363.0,2.0,117.4,153.0,0.29,COMPLETE
8709,0.825,2026-04-08 16:20:20.278058,2026-04-08 16:20:54.236759,0 days 00:00:33.958701,435.0,1.0,118.2,154.6,0.52,COMPLETE
8710,0.825,2026-04-08 16:20:54.254127,2026-04-08 16:21:28.325724,0 days 00:00:34.071597,419.0,1.0,121.2,156.6,0.34,COMPLETE
8711,0.6875,2026-04-08 16:21:28.343164,2026-04-08 16:21:35.626565,0 days 00:00:07.283401,354.0,1.0,117.3,154.0,0.0,COMPLETE
8712,0.825,2026-04-08 16:21:35.643843,2026-04-08 16:22:09.781404,0 days 00:00:34.137561,404.0,1.0,117.7,156.1,0.54,COMPLETE
8713,0.6875,2026-04-08 16:22:09.796960,2026-04-08 16:22:16.744965,0 days 00:00:06.948005,423.0,2.0,114.0,154.9,0.0,COMPLETE
8714,0.6875,2026-04-08 16:22:16.759035,2026-04-08 16:22:24.241417,0 days 00:00:07.482382,311.0,3.0,121.0,154.1,0.1,COMPLETE
8715,0.6875,2026-04-08 16:22:24.255820,2026-04-08 16:22:31.593294,0 days 00:00:07.337474,451.0,1.0,113.4,154.7,0.0,COMPLETE
8716,0.825,2026-04-08 16:22:31.610610,2026-04-08 16:23:06.615218,0 days 00:00:35.004608,389.0,1.0,123.4,156.1,0.37,COMPLETE
8717,0.6875,2026-04-08 16:23:06.632672,2026-04-08 16:23:14.045316,0 days 00:00:07.412644,386.0,1.0,115.8,155.0,0.26,COMPLETE
8718,0.6875,2026-04-08 16:23:14.060570,2026-04-08 16:23:20.813918,0 days 00:00:06.753348,374.0,1.0,117.0,153.0,0.26,COMPLETE
8719,0.6875,2026-04-08 16:23:20.832342,2026-04-08 16:23:27.576651,0 days 00:00:06.744309,441.0,1.0,117.6,155.5,0.34,COMPLETE
8720,0.825,2026-04-08 16:23:27.590852,2026-04-08 16:24:02.146996,0 days 00:00:34.556144,249.0,2.0,122.0,156.9,0.27,COMPLETE
8721,0.6875,2026-04-08 16:24:02.164491,2026-04-08 16:24:09.627724,0 days 00:00:07.463233,406.0,2.0,114.7,156.8,0.0,COMPLETE
8722,0.825,2026-04-08 16:24:09.642878,2026-04-08 16:24:44.383807,0 days 00:00:34.740929,495.0,2.0,123.3,155.9,0.43,COMPLETE
8723,0.825,2026-04-08 16:24:44.397400,2026-04-08 16:25:18.428012,0 days 00:00:34.030612,495.0,2.0,122.0,154.4,0.25,COMPLETE
8724,0.6875,2026-04-08 16:25:18.445519,2026-04-08 16:25:26.053081,0 days 00:00:07.607562,397.0,1.0,114.9,152.8,0.02,COMPLETE
8725,0.6875,2026-04-08 16:25:26.067587,2026-04-08 16:25:33.044448,0 days 00:00:06.976861,329.0,1.0,115.7,155.1,0.36,COMPLETE
8726,0.6875,2026-04-08 16:25:33.062231,2026-04-08 16:25:40.183721,0 days 00:00:07.121490,405.0,1.0,116.4,149.1,0.28,COMPLETE
8727,0.671875,2026-04-08 16:25:40.202291,2026-04-08 16:25:48.301623,0 days 00:00:08.099332,243.0,2.0,125.1,156.3,0.02,COMPLETE
8728,0.6875,2026-04-08 16:25:48.319726,2026-04-08 16:25:55.992525,0 days 00:00:07.672799,494.0,2.0,113.3,156.1,0.0,COMPLETE
8729,0.825,2026-04-08 16:25:56.007540,2026-04-08 16:26:01.408069,0 days 00:00:05.400529,438.0,2.0,117.3,152.4,0.21,COMPLETE
8730,0.6875,2026-04-08 16:26:01.426082,2026-04-08 16:26:08.115258,0 days 00:00:06.689176,392.0,2.0,116.2,155.8,0.28,COMPLETE
8731,0.6875,2026-04-08 16:26:08.130386,2026-04-08 16:26:14.793239,0 days 00:00:06.662853,440.0,1.0,118.2,158.7,0.07,COMPLETE
8732,0.6875,2026-04-08 16:26:14.810538,2026-04-08 16:26:21.711879,0 days 00:00:06.901341,459.0,1.0,114.9,154.3,0.3,COMPLETE
8733,0.6875,2026-04-08 16:26:21.726935,2026-04-08 16:26:28.620086,0 days 00:00:06.893151,361.0,1.0,115.6,157.9,0.47000000000000003,COMPLETE
8734,0.825,2026-04-08 16:26:28.638355,2026-04-08 16:27:02.632329,0 days 00:00:33.993974,366.0,1.0,117.7,155.9,0.0,COMPLETE
8735,0.6875,2026-04-08 16:27:02.650244,2026-04-08 16:27:10.009847,0 days 00:00:07.359603,300.0,2.0,122.8,154.8,0.21,COMPLETE
8736,0.6875,2026-04-08 16:27:10.024583,2026-04-08 16:27:17.149856,0 days 00:00:07.125273,439.0,1.0,116.8,153.4,0.0,COMPLETE
8737,0.825,2026-04-08 16:27:17.167689,2026-04-08 16:27:51.262643,0 days 00:00:34.094954,421.0,2.0,118.3,154.4,0.19,COMPLETE
8738,0.6875,2026-04-08 16:27:51.276774,2026-04-08 16:27:58.050086,0 days 00:00:06.773312,363.0,1.0,116.6,153.9,0.23,COMPLETE
8739,0.6875,2026-04-08 16:27:58.068775,2026-04-08 16:28:04.630853,0 days 00:00:06.562078,500.0,1.0,115.4,153.6,0.0,COMPLETE
8740,0.825,2026-04-08 16:28:04.646090,2026-04-08 16:28:39.376231,0 days 00:00:34.730141,391.0,2.0,122.3,155.8,0.25,COMPLETE
8741,0.825,2026-04-08 16:28:39.394051,2026-04-08 16:29:13.456066,0 days 00:00:34.062015,423.0,1.0,120.2,155.8,0.66,COMPLETE
8742,0.6875,2026-04-08 16:29:13.474031,2026-04-08 16:29:20.696037,0 days 00:00:07.222006,477.0,1.0,114.4,157.4,0.25,COMPLETE
8743,0.6875,2026-04-08 16:29:20.713438,2026-04-08 16:29:28.199171,0 days 00:00:07.485733,275.0,2.0,120.2,153.7,0.26,COMPLETE
8744,0.6875,2026-04-08 16:29:28.218312,2026-04-08 16:29:34.942935,0 days 00:00:06.724623,446.0,1.0,117.0,153.7,0.28,COMPLETE
8745,0.6875,2026-04-08 16:29:34.958887,2026-04-08 16:29:42.189625,0 days 00:00:07.230738,343.0,2.0,121.8,155.5,0.32,COMPLETE
8746,0.671875,2026-04-08 16:29:42.207741,2026-04-08 16:29:49.250858,0 days 00:00:07.043117,414.0,1.0,116.3,156.8,0.0,COMPLETE
8747,0.6875,2026-04-08 16:29:49.266243,2026-04-08 16:29:56.238572,0 days 00:00:06.972329,374.0,1.0,116.6,151.9,0.0,COMPLETE
8748,0.6875,2026-04-08 16:29:56.253086,2026-04-08 16:30:02.935344,0 days 00:00:06.682258,429.0,1.0,115.9,153.9,0.54,COMPLETE
8749,0.825,2026-04-08 16:30:02.950566,2026-04-08 16:30:37.883532,0 days 00:00:34.932966,410.0,1.0,119.5,154.3,0.01,COMPLETE
8750,0.6875,2026-04-08 16:30:37.900891,2026-04-08 16:30:45.121661,0 days 00:00:07.220770,322.0,1.0,115.6,152.8,0.23,COMPLETE
8751,0.6875,2026-04-08 16:30:45.137948,2026-04-08 16:30:51.714587,0 days 00:00:06.576639,402.0,1.0,114.6,153.3,0.21,COMPLETE
8752,0.6875,2026-04-08 16:30:51.732910,2026-04-08 16:30:58.499716,0 days 00:00:06.766806,379.0,1.0,117.2,155.7,0.47000000000000003,COMPLETE
8753,0.825,2026-04-08 16:30:58.515626,2026-04-08 16:31:32.447227,0 days 00:00:33.931601,487.0,2.0,120.0,155.2,0.72,COMPLETE
8754,0.6875,2026-04-08 16:31:32.465343,2026-04-08 16:31:39.752175,0 days 00:00:07.286832,413.0,1.0,115.6,157.5,0.52,COMPLETE
8755,0.825,2026-04-08 16:31:39.769664,2026-04-08 16:32:13.900479,0 days 00:00:34.130815,440.0,2.0,118.5,155.7,0.0,COMPLETE
8756,0.825,2026-04-08 16:32:13.915722,2026-04-08 16:32:47.957643,0 days 00:00:34.041921,414.0,1.0,117.4,157.1,0.0,COMPLETE
8757,0.6875,2026-04-08 16:32:47.975455,2026-04-08 16:32:55.096715,0 days 00:00:07.121260,463.0,2.0,113.0,155.2,0.34,COMPLETE
8758,0.6875,2026-04-08 16:32:55.112576,2026-04-08 16:33:02.119837,0 days 00:00:07.007261,349.0,1.0,114.9,156.7,0.01,COMPLETE
8759,0.6875,2026-04-08 16:33:02.137452,2026-04-08 16:33:08.819122,0 days 00:00:06.681670,468.0,1.0,115.3,155.0,0.53,COMPLETE
8760,0.6875,2026-04-08 16:33:08.834049,2026-04-08 16:33:15.417399,0 days 00:00:06.583350,447.0,1.0,116.4,155.9,0.41000000000000003,COMPLETE
8761,0.6875,2026-04-08 16:33:15.434805,2026-04-08 16:33:23.124790,0 days 00:00:07.689985,499.0,2.0,127.0,156.1,1.92,COMPLETE
8762,0.6875,2026-04-08 16:33:23.140105,2026-04-08 16:33:31.085922,0 days 00:00:07.945817,429.0,1.0,115.6,151.7,0.0,COMPLETE
8763,0.825,2026-04-08 16:33:31.103961,2026-04-08 16:34:05.986529,0 days 00:00:34.882568,440.0,1.0,117.5,155.7,0.0,COMPLETE
8764,0.6875,2026-04-08 16:34:06.003895,2026-04-08 16:34:13.149694,0 days 00:00:07.145799,267.0,1.0,114.1,155.0,0.17,COMPLETE
8765,0.6875,2026-04-08 16:34:13.164305,2026-04-08 16:34:19.784855,0 days 00:00:06.620550,500.0,1.0,115.0,153.8,0.34,COMPLETE
8766,0.6875,2026-04-08 16:34:19.802967,2026-04-08 16:34:26.657677,0 days 00:00:06.854710,493.0,1.0,113.4,157.6,0.0,COMPLETE
8767,0.6875,2026-04-08 16:34:26.672852,2026-04-08 16:34:34.055456,0 days 00:00:07.382604,392.0,1.0,117.0,152.8,0.54,COMPLETE
8768,0.6875,2026-04-08 16:34:34.073237,2026-04-08 16:34:41.642030,0 days 00:00:07.568793,253.0,2.0,124.5,153.3,0.27,COMPLETE
8769,0.6875,2026-04-08 16:34:41.657263,2026-04-08 16:34:48.546754,0 days 00:00:06.889491,426.0,2.0,121.0,155.8,0.77,COMPLETE
8770,0.825,2026-04-08 16:34:48.564409,2026-04-08 16:35:22.578049,0 days 00:00:34.013640,359.0,1.0,118.8,153.7,0.24,COMPLETE
8771,0.6875,2026-04-08 16:35:22.596122,2026-04-08 16:35:29.744463,0 days 00:00:07.148341,455.0,2.0,114.9,157.5,0.25,COMPLETE
8772,0.6875,2026-04-08 16:35:29.760658,2026-04-08 16:35:36.741179,0 days 00:00:06.980521,291.0,1.0,116.3,154.5,0.2,COMPLETE
8773,0.825,2026-04-08 16:35:36.759254,2026-04-08 16:36:10.713521,0 days 00:00:33.954267,497.0,1.0,119.5,154.0,0.05,COMPLETE
8774,0.825,2026-04-08 16:36:10.727646,2026-04-08 16:36:18.170759,0 days 00:00:07.443113,394.0,1.0,116.0,154.9,0.23,COMPLETE
8775,0.6875,2026-04-08 16:36:18.188234,2026-04-08 16:36:24.770790,0 days 00:00:06.582556,413.0,1.0,114.6,153.8,0.23,COMPLETE
8776,0.6875,2026-04-08 16:36:24.786936,2026-04-08 16:36:31.324533,0 days 00:00:06.537597,413.0,1.0,114.5,155.6,0.45,COMPLETE
8777,0.825,2026-04-08 16:36:31.342077,2026-04-08 16:37:06.257947,0 days 00:00:34.915870,263.0,2.0,123.4,155.3,0.02,COMPLETE
8778,0.6875,2026-04-08 16:37:06.275296,2026-04-08 16:37:13.327983,0 days 00:00:07.052687,224.0,1.0,122.2,156.3,0.51,COMPLETE
8779,0.6875,2026-04-08 16:37:13.345632,2026-04-08 16:37:20.364172,0 days 00:00:07.018540,374.0,1.0,117.5,153.9,0.29,COMPLETE
8780,0.6875,2026-04-08 16:37:20.381711,2026-04-08 16:37:27.116756,0 days 00:00:06.735045,413.0,1.0,115.3,156.3,0.34,COMPLETE
8781,0.6875,2026-04-08 16:37:27.133683,2026-04-08 16:37:34.645677,0 days 00:00:07.511994,233.0,2.0,122.2,153.9,0.5,COMPLETE
8782,0.6875,2026-04-08 16:37:34.663715,2026-04-08 16:37:41.262130,0 days 00:00:06.598415,288.0,2.0,122.6,155.2,0.36,COMPLETE
8783,0.6875,2026-04-08 16:37:41.277294,2026-04-08 16:37:48.441083,0 days 00:00:07.163789,353.0,1.0,116.4,156.7,0.26,COMPLETE
8784,0.6875,2026-04-08 16:37:48.459249,2026-04-08 16:37:55.438177,0 days 00:00:06.978928,465.0,1.0,116.8,151.6,0.17,COMPLETE
8785,0.6875,2026-04-08 16:37:55.452596,2026-04-08 16:38:02.226288,0 days 00:00:06.773692,466.0,1.0,116.9,154.4,0.21,COMPLETE
8786,0.825,2026-04-08 16:38:02.245311,2026-04-08 16:38:09.218843,0 days 00:00:06.973532,450.0,1.0,116.0,154.4,0.0,COMPLETE
8787,0.825,2026-04-08 16:38:09.233685,2026-04-08 16:38:43.278965,0 days 00:00:34.045280,462.0,1.0,118.8,155.1,0.44,COMPLETE
8788,0.6875,2026-04-08 16:38:43.296958,2026-04-08 16:38:50.266934,0 days 00:00:06.969976,421.0,1.0,117.3,152.8,0.54,COMPLETE
8789,0.6875,2026-04-08 16:38:50.280974,2026-04-08 16:38:56.966568,0 days 00:00:06.685594,416.0,1.0,114.4,151.9,0.02,COMPLETE
8790,0.825,2026-04-08 16:38:56.984756,2026-04-08 16:39:31.915940,0 days 00:00:34.931184,499.0,1.0,123.3,154.7,0.22,COMPLETE
8791,0.0,2026-04-08 16:39:31.933672,2026-04-08 16:39:39.278722,0 days 00:00:07.345050,441.0,1.0,116.4,155.1,0.23,COMPLETE
8792,0.6875,2026-04-08 16:39:39.294324,2026-04-08 16:39:46.616150,0 days 00:00:07.321826,500.0,2.0,123.8,153.6,0.65,COMPLETE
8793,0.6875,2026-04-08 16:39:46.633533,2026-04-08 16:39:53.950789,0 days 00:00:07.317256,396.0,1.0,117.9,153.9,0.23,COMPLETE
8794,0.825,2026-04-08 16:39:53.965699,2026-04-08 16:40:27.989783,0 days 00:00:34.024084,435.0,2.0,121.1,155.0,0.18,COMPLETE
8795,0.6875,2026-04-08 16:40:28.004090,2026-04-08 16:40:35.367139,0 days 00:00:07.363049,472.0,1.0,114.7,156.2,0.29,COMPLETE
8796,0.6875,2026-04-08 16:40:35.383648,2026-04-08 16:40:42.659751,0 days 00:00:07.276103,383.0,2.0,119.1,159.0,0.08,COMPLETE
8797,0.6875,2026-04-08 16:40:42.678023,2026-04-08 16:40:49.826903,0 days 00:00:07.148880,407.0,1.0,115.9,153.6,0.28,COMPLETE
8798,0.825,2026-04-08 16:40:49.842068,2026-04-08 16:41:24.055452,0 days 00:00:34.213384,367.0,1.0,117.9,155.2,0.0,COMPLETE
8799,0.6875,2026-04-08 16:41:24.073450,2026-04-08 16:41:31.071317,0 days 00:00:06.997867,417.0,2.0,115.0,151.9,0.0,COMPLETE
8800,0.825,2026-04-08 16:41:31.089322,2026-04-08 16:42:05.510753,0 days 00:00:34.421431,444.0,2.0,119.6,156.4,0.43,COMPLETE
8801,0.6875,2026-04-08 16:42:05.526753,2026-04-08 16:42:12.452946,0 days 00:00:06.926193,494.0,1.0,117.4,155.5,0.65,COMPLETE
8802,0.6875,2026-04-08 16:42:12.470432,2026-04-08 16:42:19.562279,0 days 00:00:07.091847,374.0,1.0,121.5,154.7,0.54,COMPLETE
8803,0.825,2026-04-08 16:42:19.577985,2026-04-08 16:42:53.650861,0 days 00:00:34.072876,456.0,2.0,125.0,154.1,0.38,COMPLETE
8804,0.0,2026-04-08 16:42:53.668482,2026-04-08 16:43:00.465279,0 days 00:00:06.796797,420.0,1.0,123.7,154.9,0.26,COMPLETE
8805,0.825,2026-04-08 16:43:00.481244,2026-04-08 16:43:34.871329,0 days 00:00:34.390085,408.0,1.0,118.2,152.9,0.0,COMPLETE
8806,0.6875,2026-04-08 16:43:34.888856,2026-04-08 16:43:41.645356,0 days 00:00:06.756500,417.0,1.0,117.4,154.7,0.21,COMPLETE
8807,0.6875,2026-04-08 16:43:41.659834,2026-04-08 16:43:48.387970,0 days 00:00:06.728136,446.0,1.0,114.2,153.8,0.44,COMPLETE
8808,0.6875,2026-04-08 16:43:48.406233,2026-04-08 16:43:55.631646,0 days 00:00:07.225413,381.0,1.0,121.2,153.7,0.37,COMPLETE
8809,0.6875,2026-04-08 16:43:55.649175,2026-04-08 16:44:02.586873,0 days 00:00:06.937698,390.0,1.0,116.6,152.5,0.0,COMPLETE
8810,0.6875,2026-04-08 16:44:02.602536,2026-04-08 16:44:09.376621,0 days 00:00:06.774085,392.0,1.0,114.1,154.6,0.16,COMPLETE
8811,0.6875,2026-04-08 16:44:09.394253,2026-04-08 16:44:16.079459,0 days 00:00:06.685206,371.0,1.0,114.6,152.4,0.53,COMPLETE
8812,0.6875,2026-04-08 16:44:16.094625,2026-04-08 16:44:22.946778,0 days 00:00:06.852153,458.0,2.0,117.5,155.1,0.25,COMPLETE
8813,0.6875,2026-04-08 16:44:22.965016,2026-04-08 16:44:30.617423,0 days 00:00:07.652407,225.0,2.0,123.8,153.5,0.78,COMPLETE
8814,0.671875,2026-04-08 16:44:30.632793,2026-04-08 16:44:37.903474,0 days 00:00:07.270681,398.0,2.0,116.6,152.7,0.0,COMPLETE
8815,0.825,2026-04-08 16:44:37.920837,2026-04-08 16:45:11.146579,0 days 00:00:33.225742,418.0,1.0,115.9,155.3,0.0,COMPLETE
8816,0.825,2026-04-08 16:45:11.160937,2026-04-08 16:45:45.457149,0 days 00:00:34.296212,424.0,2.0,119.1,152.9,0.48,COMPLETE
8817,0.6875,2026-04-08 16:45:45.474772,2026-04-08 16:45:52.776135,0 days 00:00:07.301363,356.0,1.0,123.4,153.4,0.56,COMPLETE
8818,0.6875,2026-04-08 16:45:52.791064,2026-04-08 16:45:59.784396,0 days 00:00:06.993332,280.0,1.0,120.4,154.7,0.55,COMPLETE
8819,0.6875,2026-04-08 16:45:59.802316,2026-04-08 16:46:06.573178,0 days 00:00:06.770862,459.0,1.0,117.0,155.6,0.24,COMPLETE
8820,0.6875,2026-04-08 16:46:06.589050,2026-04-08 16:46:13.352172,0 days 00:00:06.763122,365.0,1.0,117.1,154.7,0.52,COMPLETE
8821,0.03125,2026-04-08 16:46:13.369883,2026-04-08 16:46:19.972228,0 days 00:00:06.602345,466.0,1.0,116.5,156.0,0.02,COMPLETE
8822,0.825,2026-04-08 16:46:19.990249,2026-04-08 16:46:54.554940,0 days 00:00:34.564691,376.0,2.0,120.6,153.3,0.01,COMPLETE
8823,0.825,2026-04-08 16:46:54.567767,2026-04-08 16:47:28.633583,0 days 00:00:34.065816,498.0,2.0,120.1,155.5,0.26,COMPLETE
8824,0.825,2026-04-08 16:47:28.651284,2026-04-08 16:47:33.902404,0 days 00:00:05.251120,427.0,1.0,117.0,154.7,0.0,COMPLETE
8825,0.825,2026-04-08 16:47:33.916907,2026-04-08 16:48:08.032728,0 days 00:00:34.115821,402.0,1.0,120.8,156.1,0.0,COMPLETE
8826,0.6875,2026-04-08 16:48:08.050184,2026-04-08 16:48:15.373841,0 days 00:00:07.323657,376.0,1.0,114.7,152.5,0.0,COMPLETE
8827,0.6875,2026-04-08 16:48:15.388310,2026-04-08 16:48:22.247597,0 days 00:00:06.859287,395.0,2.0,113.0,156.2,0.42,COMPLETE
8828,0.6875,2026-04-08 16:48:22.265653,2026-04-08 16:48:29.309072,0 days 00:00:07.043419,475.0,2.0,118.1,154.0,0.59,COMPLETE
8829,0.6875,2026-04-08 16:48:29.323475,2026-04-08 16:48:36.313174,0 days 00:00:06.989699,406.0,1.0,114.4,157.3,0.3,COMPLETE
8830,0.6875,2026-04-08 16:48:36.330624,2026-04-08 16:48:43.157477,0 days 00:00:06.826853,413.0,2.0,115.7,153.7,0.26,COMPLETE
8831,0.6875,2026-04-08 16:48:43.172292,2026-04-08 16:48:50.040559,0 days 00:00:06.868267,379.0,1.0,114.3,157.7,0.03,COMPLETE
8832,0.825,2026-04-08 16:48:50.058582,2026-04-08 16:49:24.827526,0 days 00:00:34.768944,447.0,1.0,121.8,153.1,0.43,COMPLETE
8833,0.6875,2026-04-08 16:49:24.845993,2026-04-08 16:49:31.952474,0 days 00:00:07.106481,370.0,1.0,119.2,152.0,0.64,COMPLETE
8834,0.6875,2026-04-08 16:49:31.967592,2026-04-08 16:49:39.019849,0 days 00:00:07.052257,415.0,3.0,117.0,156.9,0.01,COMPLETE
8835,0.825,2026-04-08 16:49:39.037592,2026-04-08 16:50:13.438967,0 days 00:00:34.401375,449.0,2.0,122.5,155.7,0.46,COMPLETE
8836,0.6875,2026-04-08 16:50:13.455342,2026-04-08 16:50:20.757830,0 days 00:00:07.302488,447.0,1.0,116.6,156.5,0.81,COMPLETE
8837,0.825,2026-04-08 16:50:20.775313,2026-04-08 16:50:55.169495,0 days 00:00:34.394182,354.0,2.0,118.9,153.4,0.27,COMPLETE
8838,0.825,2026-04-08 16:50:55.186941,2026-04-08 16:51:29.239747,0 days 00:00:34.052806,403.0,1.0,122.9,152.8,0.16,COMPLETE
8839,0.6875,2026-04-08 16:51:29.256817,2026-04-08 16:51:36.821132,0 days 00:00:07.564315,354.0,2.0,114.6,155.5,0.04,COMPLETE
8840,0.825,2026-04-08 16:51:36.838197,2026-04-08 16:52:11.739486,0 days 00:00:34.901289,290.0,3.0,122.4,153.5,0.04,COMPLETE
8841,0.6875,2026-04-08 16:52:11.754301,2026-04-08 16:52:18.976413,0 days 00:00:07.222112,219.0,2.0,122.0,157.0,0.53,COMPLETE
8842,0.825,2026-04-08 16:52:18.996917,2026-04-08 16:52:26.575917,0 days 00:00:07.579000,328.0,1.0,116.6,154.6,0.28,COMPLETE
8843,0.6875,2026-04-08 16:52:26.591098,2026-04-08 16:52:33.365314,0 days 00:00:06.774216,461.0,2.0,113.1,152.6,0.04,COMPLETE
8844,0.825,2026-04-08 16:52:33.382401,2026-04-08 16:53:07.825134,0 days 00:00:34.442733,417.0,1.0,119.0,155.5,0.26,COMPLETE
8845,0.6875,2026-04-08 16:53:07.843441,2026-04-08 16:53:15.043084,0 days 00:00:07.199643,247.0,2.0,121.9,155.2,0.51,COMPLETE
8846,0.6875,2026-04-08 16:53:15.059114,2026-04-08 16:53:22.214659,0 days 00:00:07.155545,358.0,1.0,115.7,155.3,0.26,COMPLETE
8847,0.6875,2026-04-08 16:53:22.233153,2026-04-08 16:53:28.862868,0 days 00:00:06.629715,368.0,1.0,115.3,153.6,0.0,COMPLETE
8848,0.6875,2026-04-08 16:53:28.876316,2026-04-08 16:53:35.309871,0 days 00:00:06.433555,358.0,1.0,115.1,153.6,0.23,COMPLETE
8849,0.6875,2026-04-08 16:53:35.327389,2026-04-08 16:53:43.141975,0 days 00:00:07.814586,306.0,2.0,123.5,157.9,0.0,COMPLETE
8850,0.6875,2026-04-08 16:53:43.156854,2026-04-08 16:53:50.504106,0 days 00:00:07.347252,365.0,1.0,116.0,155.8,0.27,COMPLETE
8851,0.6875,2026-04-08 16:53:50.521763,2026-04-08 16:53:57.481815,0 days 00:00:06.960052,364.0,1.0,118.0,151.2,0.27,COMPLETE
8852,0.6875,2026-04-08 16:53:57.496253,2026-04-08 16:54:04.618188,0 days 00:00:07.121935,388.0,3.0,122.9,154.8,0.56,COMPLETE
8853,0.6875,2026-04-08 16:54:04.636131,2026-04-08 16:54:11.723588,0 days 00:00:07.087457,496.0,2.0,117.5,157.4,0.34,COMPLETE
8854,0.6875,2026-04-08 16:54:11.738009,2026-04-08 16:54:18.734485,0 days 00:00:06.996476,495.0,2.0,114.1,153.9,0.2,COMPLETE
8855,0.825,2026-04-08 16:54:18.752820,2026-04-08 16:54:53.800789,0 days 00:00:35.047969,354.0,1.0,122.9,157.0,0.3,COMPLETE
8856,0.6875,2026-04-08 16:54:53.818051,2026-04-08 16:55:01.035585,0 days 00:00:07.217534,370.0,2.0,116.8,155.7,0.65,COMPLETE
8857,0.6875,2026-04-08 16:55:01.050565,2026-04-08 16:55:08.396968,0 days 00:00:07.346403,351.0,2.0,124.3,154.0,0.28,COMPLETE
8858,0.6875,2026-04-08 16:55:08.414695,2026-04-08 16:55:16.054453,0 days 00:00:07.639758,375.0,1.0,114.2,153.8,0.86,COMPLETE
8859,0.825,2026-04-08 16:55:16.070166,2026-04-08 16:55:50.107195,0 days 00:00:34.037029,499.0,1.0,117.9,153.5,0.45,COMPLETE
8860,0.6875,2026-04-08 16:55:50.125052,2026-04-08 16:55:56.817094,0 days 00:00:06.692042,391.0,1.0,117.9,154.4,0.41000000000000003,COMPLETE
8861,0.6875,2026-04-08 16:55:56.832003,2026-04-08 16:56:03.527056,0 days 00:00:06.695053,393.0,1.0,113.9,155.8,0.27,COMPLETE
8862,0.825,2026-04-08 16:56:03.544568,2026-04-08 16:56:37.706242,0 days 00:00:34.161674,416.0,1.0,119.3,156.1,0.3,COMPLETE
8863,0.6875,2026-04-08 16:56:37.723807,2026-04-08 16:56:44.814454,0 days 00:00:07.090647,462.0,1.0,117.8,152.1,0.25,COMPLETE
8864,0.6875,2026-04-08 16:56:44.832059,2026-04-08 16:56:51.719899,0 days 00:00:06.887840,433.0,1.0,121.3,154.5,0.71,COMPLETE
8865,0.6875,2026-04-08 16:56:51.734963,2026-04-08 16:56:58.781464,0 days 00:00:07.046501,416.0,2.0,116.3,156.4,0.27,COMPLETE
8866,0.825,2026-04-08 16:56:58.798646,2026-04-08 16:57:04.753787,0 days 00:00:05.955141,397.0,1.0,125.1,153.6,0.75,COMPLETE
8867,0.6875,2026-04-08 16:57:04.768900,2026-04-08 16:57:12.378237,0 days 00:00:07.609337,454.0,1.0,116.2,156.2,0.01,COMPLETE
8868,0.825,2026-04-08 16:57:12.394709,2026-04-08 16:57:47.069716,0 days 00:00:34.675007,248.0,1.0,122.5,155.2,0.33,COMPLETE
8869,0.6875,2026-04-08 16:57:47.087083,2026-04-08 16:57:54.386244,0 days 00:00:07.299161,346.0,1.0,115.6,154.8,0.01,COMPLETE
8870,0.6875,2026-04-08 16:57:54.400595,2026-04-08 16:58:01.622916,0 days 00:00:07.222321,263.0,2.0,120.5,154.0,0.21,COMPLETE
8871,0.6875,2026-04-08 16:58:01.640935,2026-04-08 16:58:09.032937,0 days 00:00:07.392002,455.0,1.0,113.0,151.9,1.94,COMPLETE
8872,0.825,2026-04-08 16:58:09.047243,2026-04-08 16:58:43.668206,0 days 00:00:34.620963,418.0,1.0,118.5,157.7,0.23,COMPLETE
8873,0.6875,2026-04-08 16:58:43.685407,2026-04-08 16:58:50.572538,0 days 00:00:06.887131,442.0,1.0,116.6,154.9,0.51,COMPLETE
8874,0.6875,2026-04-08 16:58:50.590010,2026-04-08 16:58:58.490845,0 days 00:00:07.900835,237.0,3.0,124.5,152.5,0.28,COMPLETE
