number,value,datetime_start,datetime_complete,duration,params_voltage,params_width,params_x,params_y,params_z,state
4692,0.6875,2026-04-05 16:56:44.566563,2026-04-05 16:56:51.501706,0 days 00:00:06.935143,336.0,1.0,117.1,152.8,0.04,COMPLETE
4693,0.6875,2026-04-05 16:56:51.513865,2026-04-05 16:56:58.011981,0 days 00:00:06.498116,372.0,1.0,117.4,152.2,0.03,COMPLETE
4694,0.6875,2026-04-05 16:56:58.026787,2026-04-05 16:57:04.901965,0 days 00:00:06.875178,410.0,1.0,113.2,150.7,0.37,COMPLETE
4695,0.6875,2026-04-05 16:57:04.917194,2026-04-05 16:57:11.717689,0 days 00:00:06.800495,416.0,1.0,116.8,151.8,0.1,COMPLETE
4696,0.6875,2026-04-05 16:57:11.733235,2026-04-05 16:57:18.407974,0 days 00:00:06.674739,375.0,1.0,117.1,153.9,0.25,COMPLETE
4697,0.6875,2026-04-05 16:57:18.422656,2026-04-05 16:57:25.054317,0 days 00:00:06.631661,343.0,1.0,116.1,152.5,0.31,COMPLETE
4698,0.6875,2026-04-05 16:57:25.069003,2026-04-05 16:57:32.176131,0 days 00:00:07.107128,397.0,2.0,121.3,155.4,0.5,COMPLETE
4699,0.6875,2026-04-05 16:57:32.190987,2026-04-05 16:57:39.496857,0 days 00:00:07.305870,364.0,1.0,115.8,150.7,0.0,COMPLETE
4700,0.6875,2026-04-05 16:57:39.511950,2026-04-05 16:57:46.234339,0 days 00:00:06.722389,425.0,1.0,118.0,151.0,0.32,COMPLETE
4701,0.6875,2026-04-05 16:57:46.249729,2026-04-05 16:57:53.287342,0 days 00:00:07.037613,413.0,1.0,113.0,153.4,0.06,COMPLETE
4702,0.6875,2026-04-05 16:57:53.303024,2026-04-05 16:58:00.308549,0 days 00:00:07.005525,271.0,2.0,116.3,153.0,0.09,COMPLETE
4703,0.6875,2026-04-05 16:58:00.324504,2026-04-05 16:58:06.887454,0 days 00:00:06.562950,499.0,1.0,115.1,153.0,0.25,COMPLETE
4704,0.6875,2026-04-05 16:58:06.903451,2026-04-05 16:58:13.620447,0 days 00:00:06.716996,376.0,1.0,114.6,153.1,0.05,COMPLETE
4705,0.6875,2026-04-05 16:58:13.633998,2026-04-05 16:58:20.221006,0 days 00:00:06.587008,405.0,1.0,115.8,153.7,0.03,COMPLETE
4706,0.6875,2026-04-05 16:58:20.236442,2026-04-05 16:58:26.782106,0 days 00:00:06.545664,385.0,1.0,115.7,152.7,0.24,COMPLETE
4707,0.6875,2026-04-05 16:58:26.794197,2026-04-05 16:58:33.383314,0 days 00:00:06.589117,361.0,1.0,114.1,152.8,0.09,COMPLETE
4708,0.6875,2026-04-05 16:58:33.397973,2026-04-05 16:58:40.152637,0 days 00:00:06.754664,481.0,1.0,116.4,151.6,0.0,COMPLETE
4709,0.6875,2026-04-05 16:58:40.168250,2026-04-05 16:58:47.063130,0 days 00:00:06.894880,389.0,1.0,117.2,153.3,0.13,COMPLETE
4710,0.6875,2026-04-05 16:58:47.079241,2026-04-05 16:58:53.696656,0 days 00:00:06.617415,386.0,1.0,115.7,153.2,0.01,COMPLETE
4711,0.6875,2026-04-05 16:58:53.711576,2026-04-05 16:59:00.597805,0 days 00:00:06.886229,322.0,1.0,117.3,152.5,0.37,COMPLETE
4712,0.6875,2026-04-05 16:59:00.613908,2026-04-05 16:59:07.251984,0 days 00:00:06.638076,358.0,1.0,116.1,153.9,0.33,COMPLETE
4713,0.6875,2026-04-05 16:59:07.263276,2026-04-05 16:59:13.798607,0 days 00:00:06.535331,385.0,2.0,116.5,152.8,0.02,COMPLETE
4714,0.825,2026-04-05 16:59:13.811322,2026-04-05 16:59:47.773383,0 days 00:00:33.962061,437.0,1.0,118.1,154.0,0.0,COMPLETE
4715,0.6875,2026-04-05 16:59:47.788543,2026-04-05 16:59:54.785905,0 days 00:00:06.997362,450.0,1.0,113.6,153.6,0.0,COMPLETE
4716,0.6875,2026-04-05 16:59:54.800717,2026-04-05 17:00:01.768423,0 days 00:00:06.967706,318.0,1.0,116.9,153.9,0.18,COMPLETE
4717,0.6875,2026-04-05 17:00:01.784166,2026-04-05 17:00:08.325945,0 days 00:00:06.541779,423.0,1.0,116.0,153.3,0.01,COMPLETE
4718,0.825,2026-04-05 17:00:08.341565,2026-04-05 17:00:21.843966,0 days 00:00:13.502401,324.0,1.0,117.0,152.6,0.03,COMPLETE
4719,0.825,2026-04-05 17:00:21.859407,2026-04-05 17:00:26.857864,0 days 00:00:04.998457,408.0,2.0,116.9,153.4,0.04,COMPLETE
4720,0.825,2026-04-05 17:00:26.872902,2026-04-05 17:01:00.999008,0 days 00:00:34.126106,328.0,1.0,118.6,153.0,0.15,COMPLETE
4721,0.6875,2026-04-05 17:01:01.013453,2026-04-05 17:01:08.169590,0 days 00:00:07.156137,357.0,2.0,113.6,151.9,0.07,COMPLETE
4722,0.6875,2026-04-05 17:01:08.184875,2026-04-05 17:01:15.380856,0 days 00:00:07.195981,311.0,1.0,120.3,151.6,1.31,COMPLETE
4723,0.6875,2026-04-05 17:01:15.396279,2026-04-05 17:01:22.448347,0 days 00:00:07.052068,359.0,2.0,115.3,154.1,0.47000000000000003,COMPLETE
4724,0.6875,2026-04-05 17:01:22.464052,2026-04-05 17:01:28.989460,0 days 00:00:06.525408,346.0,1.0,114.8,153.5,0.27,COMPLETE
4725,0.6875,2026-04-05 17:01:29.004690,2026-04-05 17:01:36.017391,0 days 00:00:07.012701,265.0,1.0,116.4,150.4,1.55,COMPLETE
4726,0.6875,2026-04-05 17:01:36.032167,2026-04-05 17:01:42.878951,0 days 00:00:06.846784,399.0,2.0,114.4,153.7,0.03,COMPLETE
4727,0.825,2026-04-05 17:01:42.894668,2026-04-05 17:02:17.295822,0 days 00:00:34.401154,389.0,1.0,120.7,154.9,0.5700000000000001,COMPLETE
4728,0.6875,2026-04-05 17:02:17.306959,2026-04-05 17:02:24.446917,0 days 00:00:07.139958,436.0,1.0,116.0,153.3,0.0,COMPLETE
4729,0.6875,2026-04-05 17:02:24.462319,2026-04-05 17:02:32.616057,0 days 00:00:08.153738,150.0,3.0,122.6,148.6,1.72,COMPLETE
4730,0.6875,2026-04-05 17:02:32.631538,2026-04-05 17:02:39.874698,0 days 00:00:07.243160,395.0,1.0,117.5,153.2,0.32,COMPLETE
4731,0.6875,2026-04-05 17:02:39.887000,2026-04-05 17:02:46.442067,0 days 00:00:06.555067,392.0,1.0,118.6,152.7,0.47000000000000003,COMPLETE
4732,0.6875,2026-04-05 17:02:46.458268,2026-04-05 17:02:53.449053,0 days 00:00:06.990785,337.0,2.0,115.3,153.9,0.0,COMPLETE
4733,0.825,2026-04-05 17:02:53.464346,2026-04-05 17:03:27.916383,0 days 00:00:34.452037,428.0,1.0,121.2,152.9,0.08,COMPLETE
4734,0.6875,2026-04-05 17:03:27.929150,2026-04-05 17:03:35.183626,0 days 00:00:07.254476,498.0,1.0,116.4,156.4,0.34,COMPLETE
4735,0.6875,2026-04-05 17:03:35.198837,2026-04-05 17:03:42.162220,0 days 00:00:06.963383,332.0,1.0,114.6,154.0,0.3,COMPLETE
4736,0.6875,2026-04-05 17:03:42.177122,2026-04-05 17:03:49.852370,0 days 00:00:07.675248,164.0,2.0,113.0,148.1,1.94,COMPLETE
4737,0.6875,2026-04-05 17:03:49.868079,2026-04-05 17:03:57.063816,0 days 00:00:07.195737,332.0,1.0,116.2,153.6,0.03,COMPLETE
4738,0.6875,2026-04-05 17:03:57.079154,2026-04-05 17:04:03.738556,0 days 00:00:06.659402,411.0,1.0,114.8,154.5,0.28,COMPLETE
4739,0.825,2026-04-05 17:04:03.754260,2026-04-05 17:05:00.450082,0 days 00:00:56.695822,466.0,2.0,124.7,154.5,0.16,COMPLETE
4740,0.825,2026-04-05 17:05:00.465808,2026-04-05 17:05:34.930105,0 days 00:00:34.464297,417.0,1.0,119.3,153.2,0.0,COMPLETE
4741,0.825,2026-04-05 17:05:34.944948,2026-04-05 17:05:39.919495,0 days 00:00:04.974547,398.0,1.0,119.2,154.1,0.27,COMPLETE
4742,0.6875,2026-04-05 17:05:39.931692,2026-04-05 17:05:47.082236,0 days 00:00:07.150544,302.0,1.0,115.1,155.0,0.0,COMPLETE
4743,0.6875,2026-04-05 17:05:47.097989,2026-04-05 17:05:53.974384,0 days 00:00:06.876395,436.0,1.0,118.1,151.7,0.03,COMPLETE
4744,0.6875,2026-04-05 17:05:53.989644,2026-04-05 17:06:00.768054,0 days 00:00:06.778410,423.0,1.0,119.4,153.9,0.78,COMPLETE
4745,0.825,2026-04-05 17:06:00.783794,2026-04-05 17:06:05.803874,0 days 00:00:05.020080,416.0,1.0,118.2,153.2,0.37,COMPLETE
4746,0.6875,2026-04-05 17:06:05.819163,2026-04-05 17:06:13.333654,0 days 00:00:07.514491,492.0,2.0,124.9,158.1,0.45,COMPLETE
4747,0.6875,2026-04-05 17:06:13.348958,2026-04-05 17:06:20.687891,0 days 00:00:07.338933,324.0,1.0,118.8,158.7,0.39,COMPLETE
4748,0.6875,2026-04-05 17:06:20.703115,2026-04-05 17:06:28.903766,0 days 00:00:08.200651,164.0,1.0,123.9,149.4,0.8,COMPLETE
4749,0.6875,2026-04-05 17:06:28.918898,2026-04-05 17:06:36.388697,0 days 00:00:07.469799,462.0,2.0,123.1,159.8,0.5700000000000001,COMPLETE
4750,0.6875,2026-04-05 17:06:36.403739,2026-04-05 17:06:43.735324,0 days 00:00:07.331585,348.0,1.0,117.9,154.6,0.37,COMPLETE
4751,0.6875,2026-04-05 17:06:43.750866,2026-04-05 17:06:50.522691,0 days 00:00:06.771825,388.0,2.0,113.4,155.3,0.26,COMPLETE
4752,0.671875,2026-04-05 17:06:50.533842,2026-04-05 17:06:57.337862,0 days 00:00:06.804020,406.0,1.0,116.1,151.4,0.02,COMPLETE
4753,0.6875,2026-04-05 17:06:57.353862,2026-04-05 17:07:04.137474,0 days 00:00:06.783612,350.0,1.0,116.8,156.2,0.0,COMPLETE
4754,0.825,2026-04-05 17:07:04.153388,2026-04-05 17:07:38.294725,0 days 00:00:34.141337,349.0,1.0,118.0,153.8,0.03,COMPLETE
4755,0.6875,2026-04-05 17:07:38.310176,2026-04-05 17:07:45.031149,0 days 00:00:06.720973,335.0,1.0,116.5,154.3,0.51,COMPLETE
4756,0.6875,2026-04-05 17:07:45.046420,2026-04-05 17:07:51.953645,0 days 00:00:06.907225,288.0,1.0,116.5,156.2,0.01,COMPLETE
4757,0.6875,2026-04-05 17:07:51.968684,2026-04-05 17:07:58.730312,0 days 00:00:06.761628,388.0,2.0,117.6,152.8,0.08,COMPLETE
4758,0.6875,2026-04-05 17:07:58.745316,2026-04-05 17:08:05.466694,0 days 00:00:06.721378,451.0,1.0,119.6,154.0,0.35000000000000003,COMPLETE
4759,0.825,2026-04-05 17:08:05.482212,2026-04-05 17:08:39.501467,0 days 00:00:34.019255,489.0,2.0,122.0,156.8,0.23,COMPLETE
4760,0.825,2026-04-05 17:08:39.517117,2026-04-05 17:09:13.266409,0 days 00:00:33.749292,498.0,2.0,122.3,156.8,0.43,COMPLETE
4761,0.6875,2026-04-05 17:09:13.282804,2026-04-05 17:09:20.793952,0 days 00:00:07.511148,403.0,1.0,117.5,152.4,0.22,COMPLETE
4762,0.825,2026-04-05 17:09:20.809240,2026-04-05 17:09:54.735601,0 days 00:00:33.926361,413.0,2.0,118.3,154.6,0.44,COMPLETE
4763,0.6875,2026-04-05 17:09:54.751297,2026-04-05 17:10:02.462328,0 days 00:00:07.711031,285.0,3.0,113.7,148.1,0.6,COMPLETE
4764,0.825,2026-04-05 17:10:02.477488,2026-04-05 17:10:37.775475,0 days 00:00:35.297987,460.0,1.0,123.6,157.2,0.29,COMPLETE
4765,0.6875,2026-04-05 17:10:37.791821,2026-04-05 17:10:45.253202,0 days 00:00:07.461381,349.0,1.0,119.2,154.0,0.23,COMPLETE
4766,0.6875,2026-04-05 17:10:45.264701,2026-04-05 17:10:52.807997,0 days 00:00:07.543296,251.0,1.0,125.0,158.3,1.34,COMPLETE
4767,0.6875,2026-04-05 17:10:52.824003,2026-04-05 17:10:59.828676,0 days 00:00:07.004673,293.0,3.0,122.2,153.9,0.2,COMPLETE
4768,0.6875,2026-04-05 17:10:59.843809,2026-04-05 17:11:07.241271,0 days 00:00:07.397462,357.0,1.0,114.1,152.9,0.02,COMPLETE
4769,0.825,2026-04-05 17:11:07.256492,2026-04-05 17:11:41.542740,0 days 00:00:34.286248,386.0,1.0,118.8,155.1,0.03,COMPLETE
4770,0.825,2026-04-05 17:11:41.557511,2026-04-05 17:12:37.685618,0 days 00:00:56.128107,444.0,2.0,124.9,154.9,0.51,COMPLETE
4771,0.6875,2026-04-05 17:12:37.701340,2026-04-05 17:12:45.474100,0 days 00:00:07.772760,397.0,1.0,114.9,155.0,0.2,COMPLETE
4772,0.6875,2026-04-05 17:12:45.486134,2026-04-05 17:12:51.902914,0 days 00:00:06.416780,453.0,1.0,115.2,154.9,0.3,COMPLETE
4773,0.6875,2026-04-05 17:12:51.917985,2026-04-05 17:12:58.715416,0 days 00:00:06.797431,409.0,1.0,113.7,152.4,0.46,COMPLETE
4774,0.6875,2026-04-05 17:12:58.726876,2026-04-05 17:13:05.524880,0 days 00:00:06.798004,461.0,1.0,115.8,153.9,0.0,COMPLETE
4775,0.6875,2026-04-05 17:13:05.539930,2026-04-05 17:13:12.207784,0 days 00:00:06.667854,497.0,2.0,114.4,155.3,0.01,COMPLETE
4776,0.6875,2026-04-05 17:13:12.224334,2026-04-05 17:13:19.395840,0 days 00:00:07.171506,379.0,1.0,116.9,151.6,0.02,COMPLETE
4777,0.6875,2026-04-05 17:13:19.411205,2026-04-05 17:13:26.031722,0 days 00:00:06.620517,395.0,1.0,116.1,153.2,0.29,COMPLETE
4778,0.6875,2026-04-05 17:13:26.046832,2026-04-05 17:13:32.679283,0 days 00:00:06.632451,432.0,1.0,116.7,154.6,0.35000000000000003,COMPLETE
4779,0.6875,2026-04-05 17:13:32.694266,2026-04-05 17:13:39.532074,0 days 00:00:06.837808,368.0,1.0,117.6,154.0,0.71,COMPLETE
4780,0.6875,2026-04-05 17:13:39.547379,2026-04-05 17:13:46.200385,0 days 00:00:06.653006,347.0,1.0,115.9,153.1,0.0,COMPLETE
4781,0.6875,2026-04-05 17:13:46.213524,2026-04-05 17:13:53.474246,0 days 00:00:07.260722,426.0,1.0,113.3,159.9,0.66,COMPLETE
4782,0.825,2026-04-05 17:13:53.489725,2026-04-05 17:14:28.411687,0 days 00:00:34.921962,494.0,1.0,122.3,155.3,0.15,COMPLETE
4783,0.6875,2026-04-05 17:14:28.427111,2026-04-05 17:14:35.641259,0 days 00:00:07.214148,237.0,2.0,121.4,155.3,0.58,COMPLETE
4784,0.6875,2026-04-05 17:14:35.657344,2026-04-05 17:14:42.790094,0 days 00:00:07.132750,341.0,1.0,115.0,154.5,0.16,COMPLETE
4785,0.6875,2026-04-05 17:14:42.805570,2026-04-05 17:14:49.377209,0 days 00:00:06.571639,462.0,1.0,115.7,155.4,0.01,COMPLETE
4786,0.6875,2026-04-05 17:14:49.392146,2026-04-05 17:14:56.447460,0 days 00:00:07.055314,346.0,2.0,116.1,151.7,0.48,COMPLETE
4787,0.6875,2026-04-05 17:14:56.463380,2026-04-05 17:15:03.893400,0 days 00:00:07.430020,316.0,2.0,123.9,154.5,0.5,COMPLETE
4788,0.6875,2026-04-05 17:15:03.908427,2026-04-05 17:15:11.015505,0 days 00:00:07.107078,333.0,2.0,117.7,154.8,0.36,COMPLETE
4789,0.6875,2026-04-05 17:15:11.027149,2026-04-05 17:15:17.765353,0 days 00:00:06.738204,497.0,1.0,114.7,153.3,0.0,COMPLETE
4790,0.825,2026-04-05 17:15:17.779998,2026-04-05 17:15:51.853623,0 days 00:00:34.073625,402.0,1.0,116.2,154.2,0.19,COMPLETE
4791,0.6875,2026-04-05 17:15:51.868659,2026-04-05 17:15:58.424999,0 days 00:00:06.556340,369.0,1.0,116.2,153.6,0.04,COMPLETE
4792,0.6875,2026-04-05 17:15:58.436874,2026-04-05 17:16:05.091089,0 days 00:00:06.654215,367.0,1.0,115.3,155.2,0.03,COMPLETE
4793,0.6875,2026-04-05 17:16:05.107211,2026-04-05 17:16:11.770551,0 days 00:00:06.663340,405.0,1.0,117.4,155.0,0.0,COMPLETE
4794,0.6875,2026-04-05 17:16:11.786548,2026-04-05 17:16:18.479776,0 days 00:00:06.693228,373.0,1.0,115.3,154.5,0.3,COMPLETE
4795,0.6875,2026-04-05 17:16:18.495530,2026-04-05 17:16:25.644766,0 days 00:00:07.149236,407.0,1.0,121.6,154.0,0.5700000000000001,COMPLETE
4796,0.6875,2026-04-05 17:16:25.660106,2026-04-05 17:16:32.762476,0 days 00:00:07.102370,428.0,1.0,117.0,157.4,0.02,COMPLETE
4797,0.825,2026-04-05 17:16:32.777795,2026-04-05 17:17:06.620951,0 days 00:00:33.843156,391.0,2.0,117.8,156.6,0.25,COMPLETE
4798,0.6875,2026-04-05 17:17:06.637000,2026-04-05 17:17:13.709921,0 days 00:00:07.072921,428.0,1.0,116.5,152.4,0.01,COMPLETE
4799,0.6875,2026-04-05 17:17:13.725892,2026-04-05 17:17:20.462494,0 days 00:00:06.736602,460.0,1.0,113.5,151.3,0.01,COMPLETE
4800,0.6875,2026-04-05 17:17:20.477273,2026-04-05 17:17:28.140336,0 days 00:00:07.663063,307.0,2.0,113.0,160.0,0.08,COMPLETE
4801,0.6875,2026-04-05 17:17:28.156147,2026-04-05 17:17:35.229777,0 days 00:00:07.073630,390.0,1.0,116.4,155.3,0.5700000000000001,COMPLETE
4802,0.825,2026-04-05 17:17:35.244541,2026-04-05 17:18:09.599779,0 days 00:00:34.355238,418.0,2.0,123.2,156.5,0.54,COMPLETE
4803,0.825,2026-04-05 17:18:09.613323,2026-04-05 17:18:43.909884,0 days 00:00:34.296561,415.0,1.0,118.3,154.3,0.23,COMPLETE
4804,0.6875,2026-04-05 17:18:43.924891,2026-04-05 17:18:50.887789,0 days 00:00:06.962898,412.0,1.0,115.6,154.5,0.03,COMPLETE
4805,0.6875,2026-04-05 17:18:50.903278,2026-04-05 17:18:57.524433,0 days 00:00:06.621155,384.0,1.0,114.0,154.1,0.54,COMPLETE
4806,0.6875,2026-04-05 17:18:57.539723,2026-04-05 17:19:04.066743,0 days 00:00:06.527020,422.0,1.0,114.5,153.2,0.32,COMPLETE
4807,0.6875,2026-04-05 17:19:04.081940,2026-04-05 17:19:10.883550,0 days 00:00:06.801610,415.0,1.0,114.4,157.0,0.0,COMPLETE
4808,0.6875,2026-04-05 17:19:10.897445,2026-04-05 17:19:17.633526,0 days 00:00:06.736081,422.0,2.0,117.2,155.6,0.01,COMPLETE
4809,0.825,2026-04-05 17:19:17.648668,2026-04-05 17:19:52.001082,0 days 00:00:34.352414,435.0,2.0,122.8,154.8,0.22,COMPLETE
4810,0.825,2026-04-05 17:19:52.016268,2026-04-05 17:20:26.316060,0 days 00:00:34.299792,252.0,2.0,119.7,156.9,0.01,COMPLETE
4811,0.6875,2026-04-05 17:20:26.332012,2026-04-05 17:20:33.068360,0 days 00:00:06.736348,393.0,2.0,118.2,153.4,0.34,COMPLETE
4812,0.6875,2026-04-05 17:20:33.081408,2026-04-05 17:20:39.829574,0 days 00:00:06.748166,311.0,1.0,116.8,154.3,0.37,COMPLETE
4813,0.825,2026-04-05 17:20:39.844186,2026-04-05 17:21:13.916036,0 days 00:00:34.071850,335.0,1.0,118.2,156.2,0.55,COMPLETE
4814,0.6875,2026-04-05 17:21:13.931711,2026-04-05 17:21:20.861848,0 days 00:00:06.930137,447.0,1.0,118.5,153.6,0.28,COMPLETE
4815,0.825,2026-04-05 17:21:20.876872,2026-04-05 17:21:54.898581,0 days 00:00:34.021709,494.0,2.0,120.3,156.6,0.09,COMPLETE
4816,0.6875,2026-04-05 17:21:54.914744,2026-04-05 17:22:02.162607,0 days 00:00:07.247863,382.0,1.0,116.8,154.5,0.32,COMPLETE
4817,0.6875,2026-04-05 17:22:02.177866,2026-04-05 17:22:09.643917,0 days 00:00:07.466051,224.0,2.0,123.5,156.4,0.36,COMPLETE
4818,0.6875,2026-04-05 17:22:09.659202,2026-04-05 17:22:16.489821,0 days 00:00:06.830619,448.0,2.0,120.2,154.4,0.32,COMPLETE
4819,0.825,2026-04-05 17:22:16.505079,2026-04-05 17:22:50.687463,0 days 00:00:34.182384,492.0,2.0,123.5,156.7,0.73,COMPLETE
4820,0.6875,2026-04-05 17:22:50.703171,2026-04-05 17:22:58.223268,0 days 00:00:07.520097,500.0,2.0,116.2,154.5,0.0,COMPLETE
4821,0.6875,2026-04-05 17:22:58.475629,2026-04-05 17:23:06.113256,0 days 00:00:07.637627,481.0,1.0,126.4,154.3,0.22,COMPLETE
4822,0.6875,2026-04-05 17:23:06.128717,2026-04-05 17:23:13.935662,0 days 00:00:07.806945,466.0,1.0,115.8,157.6,0.04,COMPLETE
4823,0.6875,2026-04-05 17:23:13.951056,2026-04-05 17:23:20.895907,0 days 00:00:06.944851,336.0,1.0,115.4,154.6,0.02,COMPLETE
4824,0.825,2026-04-05 17:23:20.911050,2026-04-05 17:23:55.202753,0 days 00:00:34.291703,436.0,2.0,119.1,156.6,0.01,COMPLETE
4825,0.825,2026-04-05 17:23:55.229330,2026-04-05 17:24:29.505279,0 days 00:00:34.275949,368.0,1.0,118.9,154.5,0.02,COMPLETE
4826,0.825,2026-04-05 17:24:29.520503,2026-04-05 17:24:36.677253,0 days 00:00:07.156750,383.0,1.0,116.6,155.1,0.01,COMPLETE
4827,0.825,2026-04-05 17:24:36.692894,2026-04-05 17:25:10.702435,0 days 00:00:34.009541,452.0,2.0,119.6,154.0,0.02,COMPLETE
4828,0.6875,2026-04-05 17:25:10.714708,2026-04-05 17:25:17.872017,0 days 00:00:07.157309,382.0,1.0,115.9,155.7,0.34,COMPLETE
4829,0.6875,2026-04-05 17:25:17.888041,2026-04-05 17:25:24.641308,0 days 00:00:06.753267,426.0,1.0,115.3,152.9,0.37,COMPLETE
4830,0.6875,2026-04-05 17:25:24.657016,2026-04-05 17:25:32.662441,0 days 00:00:08.005425,332.0,2.0,125.7,156.6,1.16,COMPLETE
4831,0.825,2026-04-05 17:25:32.677912,2026-04-05 17:26:06.773261,0 days 00:00:34.095349,472.0,1.0,125.1,153.3,0.49,COMPLETE
4832,0.6875,2026-04-05 17:26:06.789153,2026-04-05 17:26:14.109342,0 days 00:00:07.320189,256.0,2.0,123.4,154.8,0.38,COMPLETE
4833,0.6875,2026-04-05 17:26:14.124582,2026-04-05 17:26:21.437096,0 days 00:00:07.312514,416.0,1.0,116.0,155.8,0.46,COMPLETE
4834,0.825,2026-04-05 17:26:21.450783,2026-04-05 17:26:56.206675,0 days 00:00:34.755892,414.0,1.0,123.5,153.5,0.21,COMPLETE
4835,0.6875,2026-04-05 17:26:56.221999,2026-04-05 17:27:03.466383,0 days 00:00:07.244384,438.0,1.0,116.2,151.8,0.41000000000000003,COMPLETE
4836,0.6875,2026-04-05 17:27:03.481759,2026-04-05 17:27:10.124916,0 days 00:00:06.643157,450.0,1.0,116.8,154.4,0.24,COMPLETE
4837,0.825,2026-04-05 17:27:10.137162,2026-04-05 17:27:44.056376,0 days 00:00:33.919214,396.0,1.0,118.2,156.7,0.0,COMPLETE
4838,0.825,2026-04-05 17:27:44.072510,2026-04-05 17:28:18.098529,0 days 00:00:34.026019,414.0,1.0,121.2,156.5,0.6,COMPLETE
4839,0.6875,2026-04-05 17:28:18.114727,2026-04-05 17:28:24.809580,0 days 00:00:06.694853,364.0,2.0,118.3,155.1,0.77,COMPLETE
4840,0.6875,2026-04-05 17:28:24.824821,2026-04-05 17:28:31.404206,0 days 00:00:06.579385,394.0,1.0,116.2,155.1,0.0,COMPLETE
4841,0.825,2026-04-05 17:28:31.419366,2026-04-05 17:29:05.200495,0 days 00:00:33.781129,434.0,1.0,116.7,154.7,0.0,COMPLETE
4842,0.6875,2026-04-05 17:29:05.215966,2026-04-05 17:29:12.489395,0 days 00:00:07.273429,353.0,1.0,115.1,151.2,0.47000000000000003,COMPLETE
4843,0.6875,2026-04-05 17:29:12.504718,2026-04-05 17:29:18.991415,0 days 00:00:06.486697,467.0,1.0,115.5,150.9,0.3,COMPLETE
4844,0.825,2026-04-05 17:29:19.006940,2026-04-05 17:29:53.105148,0 days 00:00:34.098208,498.0,1.0,117.0,154.1,0.23,COMPLETE
4845,0.6875,2026-04-05 17:29:53.120566,2026-04-05 17:30:00.146054,0 days 00:00:07.025488,365.0,1.0,117.7,155.4,0.38,COMPLETE
4846,0.6875,2026-04-05 17:30:00.160443,2026-04-05 17:30:06.869798,0 days 00:00:06.709355,420.0,1.0,114.6,155.5,0.0,COMPLETE
4847,0.6875,2026-04-05 17:30:06.885257,2026-04-05 17:30:13.381881,0 days 00:00:06.496624,428.0,1.0,114.5,155.2,0.0,COMPLETE
4848,0.6875,2026-04-05 17:30:13.397307,2026-04-05 17:30:20.195145,0 days 00:00:06.797838,447.0,1.0,116.2,152.9,0.25,COMPLETE
4849,0.6875,2026-04-05 17:30:20.211195,2026-04-05 17:30:27.218133,0 days 00:00:07.006938,416.0,1.0,121.3,153.7,0.01,COMPLETE
4850,0.6875,2026-04-05 17:30:27.233999,2026-04-05 17:30:34.284202,0 days 00:00:07.050203,411.0,2.0,115.9,151.8,0.03,COMPLETE
4851,0.825,2026-04-05 17:30:34.295740,2026-04-05 17:30:39.431867,0 days 00:00:05.136127,361.0,1.0,117.1,154.8,0.0,COMPLETE
4852,0.6875,2026-04-05 17:30:39.447528,2026-04-05 17:30:46.010158,0 days 00:00:06.562630,400.0,2.0,117.2,155.1,0.29,COMPLETE
4853,0.6875,2026-04-05 17:30:46.021921,2026-04-05 17:30:52.751991,0 days 00:00:06.730070,388.0,2.0,114.1,154.7,0.04,COMPLETE
4854,0.6875,2026-04-05 17:30:52.766545,2026-04-05 17:31:00.309690,0 days 00:00:07.543145,407.0,1.0,123.1,154.1,0.64,COMPLETE
4855,0.825,2026-04-05 17:31:00.326120,2026-04-05 17:31:34.737128,0 days 00:00:34.411008,419.0,1.0,117.6,153.0,0.0,COMPLETE
4856,0.6875,2026-04-05 17:31:34.749640,2026-04-05 17:31:41.673302,0 days 00:00:06.923662,477.0,1.0,115.6,156.2,0.39,COMPLETE
4857,0.6875,2026-04-05 17:31:41.688554,2026-04-05 17:31:48.334349,0 days 00:00:06.645795,497.0,1.0,114.3,157.3,0.01,COMPLETE
4858,0.6875,2026-04-05 17:31:48.349707,2026-04-05 17:31:55.737472,0 days 00:00:07.387765,385.0,1.0,117.4,151.6,0.01,COMPLETE
4859,0.6875,2026-04-05 17:31:55.752395,2026-04-05 17:32:02.607655,0 days 00:00:06.855260,407.0,1.0,113.9,153.4,0.04,COMPLETE
4860,0.825,2026-04-05 17:32:02.623260,2026-04-05 17:32:37.433152,0 days 00:00:34.809892,412.0,1.0,123.1,155.1,0.39,COMPLETE
4861,0.825,2026-04-05 17:32:37.449164,2026-04-05 17:33:11.475036,0 days 00:00:34.025872,377.0,1.0,119.5,156.0,0.5700000000000001,COMPLETE
4862,0.825,2026-04-05 17:33:11.489881,2026-04-05 17:33:45.272581,0 days 00:00:33.782700,444.0,1.0,118.6,155.9,0.33,COMPLETE
4863,0.6875,2026-04-05 17:33:45.284108,2026-04-05 17:33:52.114434,0 days 00:00:06.830326,441.0,1.0,116.1,155.5,0.27,COMPLETE
4864,0.6875,2026-04-05 17:33:52.129532,2026-04-05 17:33:58.808369,0 days 00:00:06.678837,396.0,1.0,115.8,153.7,0.37,COMPLETE
4865,0.6875,2026-04-05 17:33:58.821790,2026-04-05 17:34:05.369302,0 days 00:00:06.547512,383.0,1.0,116.7,154.4,0.25,COMPLETE
