number,value,datetime_start,datetime_complete,duration,params_voltage,params_width,params_x,params_y,params_z,state
2605,0.6875,2026-04-05 02:59:27.094310,2026-04-05 02:59:34.658266,0 days 00:00:07.563956,350.0,1.0,120.4,159.2,0.11,COMPLETE
2606,0.6875,2026-04-05 02:59:34.671502,2026-04-05 02:59:41.893225,0 days 00:00:07.221723,448.0,1.0,114.8,154.0,1.1,COMPLETE
2607,0.6875,2026-04-05 02:59:41.907080,2026-04-05 02:59:48.580701,0 days 00:00:06.673621,398.0,1.0,115.5,154.9,0.12,COMPLETE
2608,0.6875,2026-04-05 02:59:48.594480,2026-04-05 02:59:55.997581,0 days 00:00:07.403101,499.0,3.0,124.2,151.6,0.58,COMPLETE
2609,0.6875,2026-04-05 02:59:56.011457,2026-04-05 03:00:03.344829,0 days 00:00:07.333372,308.0,2.0,120.7,157.7,0.04,COMPLETE
2610,0.6875,2026-04-05 03:00:03.357799,2026-04-05 03:00:09.986067,0 days 00:00:06.628268,497.0,1.0,117.2,156.4,0.53,COMPLETE
2611,0.671875,2026-04-05 03:00:09.999477,2026-04-05 03:00:17.501263,0 days 00:00:07.501786,471.0,3.0,125.1,149.9,0.26,COMPLETE
2612,0.6875,2026-04-05 03:00:17.514503,2026-04-05 03:00:24.836819,0 days 00:00:07.322316,177.0,1.0,125.3,152.4,0.03,COMPLETE
2613,0.015625,2026-04-05 03:00:24.850256,2026-04-05 03:00:32.113048,0 days 00:00:07.262792,454.0,1.0,116.6,155.0,0.03,COMPLETE
2614,0.6875,2026-04-05 03:00:32.123457,2026-04-05 03:00:38.867370,0 days 00:00:06.743913,464.0,2.0,113.9,156.7,0.05,COMPLETE
2615,0.6875,2026-04-05 03:00:38.880077,2026-04-05 03:00:45.713287,0 days 00:00:06.833210,380.0,2.0,115.0,154.1,0.32,COMPLETE
2616,0.6875,2026-04-05 03:00:45.726893,2026-04-05 03:00:52.351882,0 days 00:00:06.624989,481.0,1.0,115.9,151.5,0.11,COMPLETE
2617,0.6875,2026-04-05 03:00:52.366193,2026-04-05 03:00:59.745045,0 days 00:00:07.378852,307.0,1.0,122.7,155.3,0.34,COMPLETE
2618,0.825,2026-04-05 03:00:59.759503,2026-04-05 03:01:14.678980,0 days 00:00:14.919477,473.0,1.0,118.5,153.9,0.14,COMPLETE
2619,0.825,2026-04-05 03:01:14.693013,2026-04-05 03:01:20.088810,0 days 00:00:05.395797,493.0,1.0,116.7,155.2,0.12,COMPLETE
2620,0.6875,2026-04-05 03:01:20.101756,2026-04-05 03:01:26.799847,0 days 00:00:06.698091,498.0,1.0,115.2,156.3,0.05,COMPLETE
2621,0.825,2026-04-05 03:01:26.814459,2026-04-05 03:02:00.768501,0 days 00:00:33.954042,452.0,1.0,116.2,154.7,0.07,COMPLETE
2622,0.0,2026-04-05 03:02:00.781888,2026-04-05 03:02:07.425990,0 days 00:00:06.644102,454.0,1.0,116.3,156.2,0.07,COMPLETE
2623,0.6875,2026-04-05 03:02:07.439522,2026-04-05 03:02:13.843529,0 days 00:00:06.404007,448.0,1.0,116.1,155.9,0.28,COMPLETE
2624,0.6875,2026-04-05 03:02:13.853162,2026-04-05 03:02:20.670664,0 days 00:00:06.817502,484.0,1.0,115.6,153.4,0.03,COMPLETE
2625,0.825,2026-04-05 03:02:20.681575,2026-04-05 03:02:54.797999,0 days 00:00:34.116424,418.0,1.0,119.1,156.0,0.02,COMPLETE
2626,0.6875,2026-04-05 03:02:54.808297,2026-04-05 03:03:01.638041,0 days 00:00:06.829744,416.0,1.0,115.1,157.5,0.13,COMPLETE
2627,0.6875,2026-04-05 03:03:01.651638,2026-04-05 03:03:08.320887,0 days 00:00:06.669249,437.0,1.0,116.8,153.7,0.01,COMPLETE
2628,0.6875,2026-04-05 03:03:08.334196,2026-04-05 03:03:14.944190,0 days 00:00:06.609994,469.0,1.0,116.8,156.3,0.09,COMPLETE
2629,0.6875,2026-04-05 03:03:14.957549,2026-04-05 03:03:21.552300,0 days 00:00:06.594751,487.0,1.0,114.2,156.5,0.02,COMPLETE
2630,0.6875,2026-04-05 03:03:21.566617,2026-04-05 03:03:28.588692,0 days 00:00:07.022075,485.0,1.0,117.1,152.6,0.62,COMPLETE
2631,0.825,2026-04-05 03:03:28.602419,2026-04-05 03:04:02.624061,0 days 00:00:34.021642,414.0,1.0,117.2,154.6,0.05,COMPLETE
2632,0.6875,2026-04-05 03:04:02.637818,2026-04-05 03:04:09.233499,0 days 00:00:06.595681,442.0,1.0,115.3,154.5,0.0,COMPLETE
2633,0.6875,2026-04-05 03:04:09.243107,2026-04-05 03:04:15.840866,0 days 00:00:06.597759,444.0,1.0,116.5,157.0,0.27,COMPLETE
2634,0.6875,2026-04-05 03:04:15.852723,2026-04-05 03:04:22.330026,0 days 00:00:06.477303,425.0,1.0,115.7,155.5,0.35000000000000003,COMPLETE
2635,0.6875,2026-04-05 03:04:22.343527,2026-04-05 03:04:29.039816,0 days 00:00:06.696289,389.0,1.0,117.0,156.5,0.0,COMPLETE
2636,0.6875,2026-04-05 03:04:29.053455,2026-04-05 03:04:35.630506,0 days 00:00:06.577051,482.0,1.0,116.0,158.2,0.05,COMPLETE
2637,0.825,2026-04-05 03:04:35.644483,2026-04-05 03:05:09.696431,0 days 00:00:34.051948,491.0,1.0,117.7,155.6,0.3,COMPLETE
2638,0.6875,2026-04-05 03:05:09.710344,2026-04-05 03:05:16.328550,0 days 00:00:06.618206,468.0,2.0,116.5,157.1,0.05,COMPLETE
2639,0.6875,2026-04-05 03:05:16.342185,2026-04-05 03:05:22.700908,0 days 00:00:06.358723,460.0,1.0,115.8,157.0,0.32,COMPLETE
2640,0.6875,2026-04-05 03:05:22.713907,2026-04-05 03:05:29.118761,0 days 00:00:06.404854,418.0,1.0,116.1,156.3,0.01,COMPLETE
2641,0.825,2026-04-05 03:05:29.132544,2026-04-05 03:06:03.211782,0 days 00:00:34.079238,419.0,1.0,118.7,155.2,0.1,COMPLETE
2642,0.6875,2026-04-05 03:06:03.225781,2026-04-05 03:06:10.147487,0 days 00:00:06.921706,493.0,1.0,113.6,153.8,0.34,COMPLETE
2643,0.6875,2026-04-05 03:06:10.160193,2026-04-05 03:06:16.609949,0 days 00:00:06.449756,435.0,1.0,114.6,154.8,0.37,COMPLETE
2644,0.6875,2026-04-05 03:06:16.623273,2026-04-05 03:06:23.129711,0 days 00:00:06.506438,393.0,1.0,115.1,153.4,0.01,COMPLETE
2645,0.825,2026-04-05 03:06:23.143693,2026-04-05 03:06:57.226636,0 days 00:00:34.082943,456.0,1.0,118.0,156.4,0.1,COMPLETE
2646,0.6875,2026-04-05 03:06:57.239872,2026-04-05 03:07:03.963553,0 days 00:00:06.723681,471.0,1.0,114.1,157.0,0.24,COMPLETE
2647,0.825,2026-04-05 03:07:03.977778,2026-04-05 03:07:39.217761,0 days 00:00:35.239983,352.0,1.0,125.4,154.8,0.27,COMPLETE
2648,0.825,2026-04-05 03:07:39.231318,2026-04-05 03:08:13.751635,0 days 00:00:34.520317,469.0,1.0,118.0,155.6,0.04,COMPLETE
2649,0.825,2026-04-05 03:08:13.764839,2026-04-05 03:08:47.819657,0 days 00:00:34.054818,368.0,1.0,118.6,155.1,0.36,COMPLETE
2650,0.825,2026-04-05 03:08:47.833054,2026-04-05 03:09:21.865630,0 days 00:00:34.032576,419.0,1.0,117.7,156.4,0.19,COMPLETE
2651,0.825,2026-04-05 03:09:21.877918,2026-04-05 03:09:55.648552,0 days 00:00:33.770634,467.0,1.0,117.5,157.1,0.03,COMPLETE
2652,0.6875,2026-04-05 03:09:55.662353,2026-04-05 03:10:02.450566,0 days 00:00:06.788213,445.0,1.0,116.4,154.6,0.26,COMPLETE
2653,0.6875,2026-04-05 03:10:02.464033,2026-04-05 03:10:09.118055,0 days 00:00:06.654022,408.0,1.0,114.6,154.9,0.07,COMPLETE
2654,0.6875,2026-04-05 03:10:09.131336,2026-04-05 03:10:15.944230,0 days 00:00:06.812894,415.0,1.0,113.3,151.4,0.11,COMPLETE
2655,0.6875,2026-04-05 03:10:15.957610,2026-04-05 03:10:22.762193,0 days 00:00:06.804583,421.0,1.0,115.3,153.3,0.02,COMPLETE
2656,0.6875,2026-04-05 03:10:22.775802,2026-04-05 03:10:29.363076,0 days 00:00:06.587274,409.0,1.0,113.6,155.9,0.01,COMPLETE
2657,0.6875,2026-04-05 03:10:29.376697,2026-04-05 03:10:37.711147,0 days 00:00:08.334450,191.0,2.0,125.4,159.9,1.96,COMPLETE
2658,0.6875,2026-04-05 03:10:37.724276,2026-04-05 03:10:45.524803,0 days 00:00:07.800527,466.0,1.0,115.4,156.6,0.09,COMPLETE
2659,0.6875,2026-04-05 03:10:45.538139,2026-04-05 03:10:53.394136,0 days 00:00:07.855997,305.0,1.0,126.7,157.6,0.7000000000000001,COMPLETE
2660,0.6875,2026-04-05 03:10:53.408061,2026-04-05 03:11:00.932620,0 days 00:00:07.524559,495.0,1.0,116.1,154.3,0.0,COMPLETE
2661,0.6875,2026-04-05 03:11:00.945763,2026-04-05 03:11:07.626380,0 days 00:00:06.680617,381.0,1.0,115.8,155.4,0.43,COMPLETE
2662,0.6875,2026-04-05 03:11:07.640854,2026-04-05 03:11:13.997970,0 days 00:00:06.357116,496.0,1.0,115.6,155.6,0.17,COMPLETE
2663,0.825,2026-04-05 03:11:14.011162,2026-04-05 03:11:48.035064,0 days 00:00:34.023902,458.0,1.0,118.0,155.2,0.0,COMPLETE
2664,0.6875,2026-04-05 03:11:48.048868,2026-04-05 03:11:54.782299,0 days 00:00:06.733431,426.0,2.0,115.5,156.3,0.14,COMPLETE
2665,0.6875,2026-04-05 03:11:54.796371,2026-04-05 03:12:01.508376,0 days 00:00:06.712005,497.0,1.0,115.7,154.0,0.43,COMPLETE
2666,0.825,2026-04-05 03:12:01.521801,2026-04-05 03:12:35.886953,0 days 00:00:34.365152,475.0,2.0,122.6,156.0,0.9,COMPLETE
2667,0.825,2026-04-05 03:12:35.900567,2026-04-05 03:13:10.463616,0 days 00:00:34.563049,472.0,1.0,116.0,155.9,0.09,COMPLETE
2668,0.6875,2026-04-05 03:13:10.476670,2026-04-05 03:13:17.449772,0 days 00:00:06.973102,402.0,1.0,113.4,158.7,0.14,COMPLETE
2669,0.6875,2026-04-05 03:13:17.460134,2026-04-05 03:13:24.496180,0 days 00:00:07.036046,486.0,1.0,116.5,152.9,0.25,COMPLETE
2670,0.6875,2026-04-05 03:13:24.509876,2026-04-05 03:13:31.512666,0 days 00:00:07.002790,410.0,1.0,117.6,157.5,0.04,COMPLETE
2671,0.6875,2026-04-05 03:13:31.522774,2026-04-05 03:13:38.267593,0 days 00:00:06.744819,435.0,1.0,115.1,154.7,0.38,COMPLETE
2672,0.6875,2026-04-05 03:13:38.281199,2026-04-05 03:13:44.973704,0 days 00:00:06.692505,427.0,2.0,113.5,152.0,0.05,COMPLETE
2673,0.825,2026-04-05 03:13:44.987100,2026-04-05 03:14:19.361532,0 days 00:00:34.374432,449.0,1.0,118.1,156.6,0.03,COMPLETE
2674,0.6875,2026-04-05 03:14:19.375063,2026-04-05 03:14:26.089774,0 days 00:00:06.714711,468.0,1.0,114.6,156.3,0.86,COMPLETE
2675,0.6875,2026-04-05 03:14:26.100328,2026-04-05 03:14:33.180460,0 days 00:00:07.080132,325.0,2.0,117.4,152.2,0.77,COMPLETE
2676,0.6875,2026-04-05 03:14:33.194113,2026-04-05 03:14:39.784342,0 days 00:00:06.590229,420.0,1.0,115.3,154.9,0.15,COMPLETE
2677,0.6875,2026-04-05 03:14:39.798834,2026-04-05 03:14:46.489608,0 days 00:00:06.690774,422.0,2.0,113.8,156.3,0.45,COMPLETE
2678,0.6875,2026-04-05 03:14:46.503055,2026-04-05 03:14:54.533663,0 days 00:00:08.030608,200.0,1.0,123.0,155.0,0.24,COMPLETE
2679,0.6875,2026-04-05 03:14:54.547721,2026-04-05 03:15:01.715953,0 days 00:00:07.168232,433.0,1.0,115.9,155.8,0.17,COMPLETE
2680,0.825,2026-04-05 03:15:01.725711,2026-04-05 03:15:36.142986,0 days 00:00:34.417275,304.0,1.0,121.7,156.3,0.09,COMPLETE
2681,0.6875,2026-04-05 03:15:36.156761,2026-04-05 03:15:43.071322,0 days 00:00:06.914561,330.0,2.0,125.2,155.8,0.03,COMPLETE
2682,0.6875,2026-04-05 03:15:43.085210,2026-04-05 03:15:50.111941,0 days 00:00:07.026731,196.0,2.0,123.2,155.9,0.42,COMPLETE
2683,0.6875,2026-04-05 03:15:50.125792,2026-04-05 03:15:57.388154,0 days 00:00:07.262362,479.0,2.0,116.5,155.9,0.02,COMPLETE
2684,0.825,2026-04-05 03:15:57.402095,2026-04-05 03:16:31.941743,0 days 00:00:34.539648,327.0,1.0,120.8,152.8,0.0,COMPLETE
2685,0.6875,2026-04-05 03:16:31.955282,2026-04-05 03:16:38.837439,0 days 00:00:06.882157,434.0,2.0,116.7,155.2,0.21,COMPLETE
2686,0.6875,2026-04-05 03:16:38.851037,2026-04-05 03:16:45.451814,0 days 00:00:06.600777,496.0,2.0,118.2,153.1,1.12,COMPLETE
2687,0.6875,2026-04-05 03:16:45.461801,2026-04-05 03:16:52.560956,0 days 00:00:07.099155,260.0,2.0,120.9,155.4,0.37,COMPLETE
2688,0.671875,2026-04-05 03:16:52.574634,2026-04-05 03:16:59.329117,0 days 00:00:06.754483,443.0,1.0,116.3,155.9,0.0,COMPLETE
2689,0.825,2026-04-05 03:16:59.342963,2026-04-05 03:17:33.659310,0 days 00:00:34.316347,267.0,1.0,119.2,154.6,0.05,COMPLETE
2690,0.6875,2026-04-05 03:17:33.672736,2026-04-05 03:17:40.421910,0 days 00:00:06.749174,368.0,2.0,115.4,155.7,0.01,COMPLETE
2691,0.6875,2026-04-05 03:17:40.433967,2026-04-05 03:17:47.073258,0 days 00:00:06.639291,419.0,1.0,117.0,153.6,0.3,COMPLETE
2692,0.825,2026-04-05 03:17:47.084863,2026-04-05 03:18:20.988507,0 days 00:00:33.903644,494.0,1.0,117.9,157.0,0.39,COMPLETE
2693,0.825,2026-04-05 03:18:21.002824,2026-04-05 03:18:55.288058,0 days 00:00:34.285234,371.0,2.0,119.4,154.6,0.46,COMPLETE
2694,0.6875,2026-04-05 03:18:55.302473,2026-04-05 03:19:02.267063,0 days 00:00:06.964590,402.0,1.0,114.5,153.3,0.5700000000000001,COMPLETE
2695,0.825,2026-04-05 03:19:02.277259,2026-04-05 03:19:37.298317,0 days 00:00:35.021058,358.0,1.0,125.1,153.2,0.36,COMPLETE
2696,0.6875,2026-04-05 03:19:37.311970,2026-04-05 03:19:44.364061,0 days 00:00:07.052091,352.0,1.0,120.0,153.8,0.2,COMPLETE
2697,0.6875,2026-04-05 03:19:44.377047,2026-04-05 03:19:51.537436,0 days 00:00:07.160389,409.0,1.0,116.4,158.5,0.09,COMPLETE
2698,0.6875,2026-04-05 03:19:51.550933,2026-04-05 03:19:59.200929,0 days 00:00:07.649996,289.0,1.0,124.5,152.4,0.55,COMPLETE
2699,0.6875,2026-04-05 03:19:59.214463,2026-04-05 03:20:06.290723,0 days 00:00:07.076260,498.0,1.0,117.4,154.0,0.16,COMPLETE
2700,0.6875,2026-04-05 03:20:06.304619,2026-04-05 03:20:13.247679,0 days 00:00:06.943060,334.0,2.0,121.5,153.2,0.39,COMPLETE
2701,0.6875,2026-04-05 03:20:13.261381,2026-04-05 03:20:19.989698,0 days 00:00:06.728317,433.0,2.0,117.5,151.4,0.34,COMPLETE
2702,0.6875,2026-04-05 03:20:20.003852,2026-04-05 03:20:27.568837,0 days 00:00:07.564985,256.0,2.0,126.4,154.0,0.14,COMPLETE
2703,0.825,2026-04-05 03:20:27.582836,2026-04-05 03:21:02.259128,0 days 00:00:34.676292,377.0,2.0,118.1,156.1,0.52,COMPLETE
2704,0.825,2026-04-05 03:21:02.272633,2026-04-05 03:21:36.327437,0 days 00:00:34.054804,446.0,1.0,118.5,152.8,0.02,COMPLETE
2705,0.6875,2026-04-05 03:21:36.338409,2026-04-05 03:21:43.481378,0 days 00:00:07.142969,356.0,1.0,123.2,154.4,0.8,COMPLETE
2706,0.825,2026-04-05 03:21:43.494850,2026-04-05 03:22:17.797319,0 days 00:00:34.302469,417.0,1.0,118.2,154.3,0.02,COMPLETE
2707,0.825,2026-04-05 03:22:17.811581,2026-04-05 03:22:52.110164,0 days 00:00:34.298583,368.0,1.0,122.9,156.8,0.56,COMPLETE
2708,0.825,2026-04-05 03:22:52.121852,2026-04-05 03:23:26.414140,0 days 00:00:34.292288,492.0,1.0,117.2,156.6,0.11,COMPLETE
2709,0.6875,2026-04-05 03:23:26.427662,2026-04-05 03:23:33.361551,0 days 00:00:06.933889,439.0,1.0,116.4,152.7,1.07,COMPLETE
2710,0.6875,2026-04-05 03:23:33.375077,2026-04-05 03:23:39.946632,0 days 00:00:06.571555,377.0,2.0,117.0,150.6,1.96,COMPLETE
2711,0.6875,2026-04-05 03:23:39.958073,2026-04-05 03:23:46.707282,0 days 00:00:06.749209,340.0,1.0,120.6,152.1,0.42,COMPLETE
2712,0.825,2026-04-05 03:23:46.720801,2026-04-05 03:24:20.941837,0 days 00:00:34.221036,404.0,1.0,116.6,153.7,0.0,COMPLETE
2713,0.6875,2026-04-05 03:24:20.955734,2026-04-05 03:24:27.869589,0 days 00:00:06.913855,462.0,1.0,116.5,158.1,0.53,COMPLETE
2714,0.6875,2026-04-05 03:24:27.883101,2026-04-05 03:24:35.040984,0 days 00:00:07.157883,278.0,1.0,121.7,155.6,0.24,COMPLETE
2715,0.825,2026-04-05 03:24:35.052077,2026-04-05 03:25:09.053521,0 days 00:00:34.001444,389.0,1.0,124.0,155.8,0.0,COMPLETE
2716,0.825,2026-04-05 03:25:09.067326,2026-04-05 03:25:43.112486,0 days 00:00:34.045160,384.0,1.0,120.7,156.1,0.4,COMPLETE
2717,0.6875,2026-04-05 03:25:43.126212,2026-04-05 03:25:50.079297,0 days 00:00:06.953085,403.0,2.0,116.0,153.2,0.73,COMPLETE
2718,0.6875,2026-04-05 03:25:50.092883,2026-04-05 03:25:56.565854,0 days 00:00:06.472971,439.0,2.0,117.5,153.1,0.04,COMPLETE
2719,0.6875,2026-04-05 03:25:56.577519,2026-04-05 03:26:03.213413,0 days 00:00:06.635894,444.0,2.0,115.0,155.7,0.0,COMPLETE
2720,0.6875,2026-04-05 03:26:03.223800,2026-04-05 03:26:09.626963,0 days 00:00:06.403163,466.0,1.0,115.8,156.0,0.03,COMPLETE
2721,0.6875,2026-04-05 03:26:09.640665,2026-04-05 03:26:16.701605,0 days 00:00:07.060940,429.0,1.0,122.5,158.2,0.47000000000000003,COMPLETE
2722,0.6875,2026-04-05 03:26:16.715354,2026-04-05 03:26:24.101142,0 days 00:00:07.385788,458.0,1.0,114.9,154.4,0.01,COMPLETE
2723,0.825,2026-04-05 03:26:24.115091,2026-04-05 03:26:31.406921,0 days 00:00:07.291830,355.0,1.0,116.9,154.3,0.02,COMPLETE
2724,0.825,2026-04-05 03:26:31.421013,2026-04-05 03:27:06.320332,0 days 00:00:34.899319,210.0,1.0,124.9,156.4,0.24,COMPLETE
2725,0.6875,2026-04-05 03:27:06.333841,2026-04-05 03:27:13.068112,0 days 00:00:06.734271,394.0,1.0,127.0,159.0,0.38,COMPLETE
2726,0.671875,2026-04-05 03:27:13.081691,2026-04-05 03:27:20.234890,0 days 00:00:07.153199,265.0,1.0,124.7,155.9,0.3,COMPLETE
2727,0.825,2026-04-05 03:27:20.248478,2026-04-05 03:27:54.677188,0 days 00:00:34.428710,321.0,1.0,118.8,155.2,0.04,COMPLETE
2728,0.6875,2026-04-05 03:27:54.691086,2026-04-05 03:28:01.536896,0 days 00:00:06.845810,338.0,2.0,119.8,152.5,0.76,COMPLETE
2729,0.825,2026-04-05 03:28:01.547267,2026-04-05 03:28:35.668851,0 days 00:00:34.121584,320.0,1.0,122.4,154.6,0.02,COMPLETE
2730,0.6875,2026-04-05 03:28:35.682620,2026-04-05 03:28:42.625975,0 days 00:00:06.943355,213.0,2.0,125.0,154.8,0.3,COMPLETE
2731,0.6875,2026-04-05 03:28:42.640282,2026-04-05 03:28:49.318132,0 days 00:00:06.677850,496.0,2.0,121.2,155.9,0.75,COMPLETE
2732,0.6875,2026-04-05 03:28:49.331492,2026-04-05 03:28:56.281298,0 days 00:00:06.949806,339.0,1.0,122.9,152.3,0.23,COMPLETE
2733,0.825,2026-04-05 03:28:56.295591,2026-04-05 03:29:30.694029,0 days 00:00:34.398438,448.0,1.0,118.6,156.1,0.34,COMPLETE
2734,0.6875,2026-04-05 03:29:30.708148,2026-04-05 03:29:37.475976,0 days 00:00:06.767828,450.0,1.0,116.7,155.0,1.11,COMPLETE
2735,0.6875,2026-04-05 03:29:37.485644,2026-04-05 03:29:44.271294,0 days 00:00:06.785650,400.0,2.0,120.2,154.4,0.79,COMPLETE
2736,0.6875,2026-04-05 03:29:44.285107,2026-04-05 03:29:51.414220,0 days 00:00:07.129113,300.0,2.0,125.5,154.3,0.51,COMPLETE
2737,0.6875,2026-04-05 03:29:51.428385,2026-04-05 03:29:58.013250,0 days 00:00:06.584865,361.0,1.0,124.1,155.5,0.47000000000000003,COMPLETE
2738,0.6875,2026-04-05 03:29:58.027600,2026-04-05 03:30:05.285169,0 days 00:00:07.257569,428.0,1.0,116.8,156.9,0.05,COMPLETE
2739,0.6875,2026-04-05 03:30:05.298742,2026-04-05 03:30:11.881311,0 days 00:00:06.582569,409.0,2.0,117.5,157.4,0.05,COMPLETE
2740,0.671875,2026-04-05 03:30:11.892570,2026-04-05 03:30:19.102420,0 days 00:00:07.209850,302.0,1.0,121.8,154.5,0.34,COMPLETE
2741,0.6875,2026-04-05 03:30:19.117027,2026-04-05 03:30:25.996046,0 days 00:00:06.879019,271.0,1.0,126.2,154.3,0.77,COMPLETE
2742,0.825,2026-04-05 03:30:26.007967,2026-04-05 03:31:00.291117,0 days 00:00:34.283150,246.0,1.0,122.7,157.3,0.02,COMPLETE
2743,0.6875,2026-04-05 03:31:00.305284,2026-04-05 03:31:07.332170,0 days 00:00:07.026886,332.0,1.0,116.6,156.2,0.44,COMPLETE
2744,0.6875,2026-04-05 03:31:07.344299,2026-04-05 03:31:14.029430,0 days 00:00:06.685131,486.0,1.0,113.0,154.1,1.21,COMPLETE
2745,0.6875,2026-04-05 03:31:14.043467,2026-04-05 03:31:20.944828,0 days 00:00:06.901361,371.0,1.0,114.6,155.6,0.03,COMPLETE
2746,0.6875,2026-04-05 03:31:20.958356,2026-04-05 03:31:27.581035,0 days 00:00:06.622679,484.0,2.0,114.5,157.6,0.35000000000000003,COMPLETE
2747,0.6875,2026-04-05 03:31:27.595174,2026-04-05 03:31:35.557521,0 days 00:00:07.962347,361.0,1.0,125.7,158.3,0.1,COMPLETE
2748,0.6875,2026-04-05 03:31:35.571698,2026-04-05 03:31:42.729042,0 days 00:00:07.157344,338.0,1.0,120.2,153.4,0.45,COMPLETE
2749,0.6875,2026-04-05 03:31:42.738945,2026-04-05 03:31:49.521452,0 days 00:00:06.782507,410.0,1.0,117.5,155.9,0.39,COMPLETE
2750,0.825,2026-04-05 03:31:49.535093,2026-04-05 03:32:23.496314,0 days 00:00:33.961221,433.0,1.0,116.1,155.7,0.05,COMPLETE
2751,0.825,2026-04-05 03:32:23.510422,2026-04-05 03:32:58.322358,0 days 00:00:34.811936,288.0,1.0,124.5,154.9,0.01,COMPLETE
2752,0.671875,2026-04-05 03:32:58.335943,2026-04-05 03:33:05.941423,0 days 00:00:07.605480,498.0,1.0,115.7,155.9,0.0,COMPLETE
2753,0.6875,2026-04-05 03:33:05.954886,2026-04-05 03:33:13.151468,0 days 00:00:07.196582,303.0,1.0,118.4,151.2,0.07,COMPLETE
2754,0.6875,2026-04-05 03:33:13.166275,2026-04-05 03:33:20.141947,0 days 00:00:06.975672,340.0,1.0,122.5,153.8,0.37,COMPLETE
2755,0.671875,2026-04-05 03:33:20.155321,2026-04-05 03:33:27.120117,0 days 00:00:06.964796,466.0,1.0,117.5,154.9,0.03,COMPLETE
2756,0.825,2026-04-05 03:33:27.134259,2026-04-05 03:34:01.278557,0 days 00:00:34.144298,363.0,1.0,118.4,156.8,0.36,COMPLETE
2757,0.6875,2026-04-05 03:34:01.288668,2026-04-05 03:34:08.066098,0 days 00:00:06.777430,355.0,1.0,120.3,155.2,0.37,COMPLETE
2758,0.825,2026-04-05 03:34:08.076442,2026-04-05 03:34:41.986832,0 days 00:00:33.910390,354.0,2.0,123.0,153.0,0.3,COMPLETE
2759,0.6875,2026-04-05 03:34:41.997306,2026-04-05 03:34:48.728661,0 days 00:00:06.731355,272.0,1.0,121.8,152.1,0.3,COMPLETE
2760,0.6875,2026-04-05 03:34:48.738471,2026-04-05 03:34:55.404211,0 days 00:00:06.665740,251.0,1.0,125.0,154.4,0.43,COMPLETE
2761,0.6875,2026-04-05 03:34:55.415357,2026-04-05 03:35:02.998925,0 days 00:00:07.583568,445.0,1.0,114.1,151.7,0.37,COMPLETE
2762,0.6875,2026-04-05 03:35:03.010099,2026-04-05 03:35:09.940505,0 days 00:00:06.930406,406.0,1.0,120.2,151.3,0.74,COMPLETE
2763,0.6875,2026-04-05 03:35:09.951435,2026-04-05 03:35:16.879546,0 days 00:00:06.928111,400.0,2.0,122.4,155.7,0.66,COMPLETE
2764,0.6875,2026-04-05 03:35:16.893523,2026-04-05 03:35:23.923618,0 days 00:00:07.030095,452.0,1.0,117.0,154.0,0.28,COMPLETE
2765,0.6875,2026-04-05 03:35:23.935242,2026-04-05 03:35:30.420671,0 days 00:00:06.485429,440.0,1.0,116.3,154.5,0.68,COMPLETE
2766,0.6875,2026-04-05 03:35:30.433519,2026-04-05 03:35:37.669409,0 days 00:00:07.235890,491.0,2.0,124.1,155.4,0.71,COMPLETE
2767,0.6875,2026-04-05 03:35:37.684091,2026-04-05 03:35:44.862389,0 days 00:00:07.178298,246.0,2.0,122.4,154.2,0.44,COMPLETE
2768,0.825,2026-04-05 03:35:44.876374,2026-04-05 03:36:01.554805,0 days 00:00:16.678431,309.0,1.0,125.6,151.0,0.0,COMPLETE
2769,0.6875,2026-04-05 03:36:01.568214,2026-04-05 03:36:08.298288,0 days 00:00:06.730074,418.0,3.0,124.8,153.3,0.79,COMPLETE
2770,0.825,2026-04-05 03:36:08.312336,2026-04-05 03:36:42.542874,0 days 00:00:34.230538,338.0,1.0,122.2,155.5,0.01,COMPLETE
2771,0.825,2026-04-05 03:36:42.557052,2026-04-05 03:37:16.621121,0 days 00:00:34.064069,383.0,1.0,119.2,153.0,0.32,COMPLETE
2772,0.6875,2026-04-05 03:37:16.634898,2026-04-05 03:37:23.325596,0 days 00:00:06.690698,386.0,2.0,115.6,152.8,0.01,COMPLETE
2773,0.6875,2026-04-05 03:37:23.339481,2026-04-05 03:37:30.985381,0 days 00:00:07.645900,355.0,1.0,126.6,156.8,0.46,COMPLETE
2774,0.825,2026-04-05 03:37:30.999281,2026-04-05 03:37:36.688685,0 days 00:00:05.689404,195.0,2.0,124.9,152.9,0.01,COMPLETE
2775,0.6875,2026-04-05 03:37:36.698923,2026-04-05 03:37:43.384841,0 days 00:00:06.685918,318.0,2.0,121.9,151.5,0.36,COMPLETE
2776,0.6875,2026-04-05 03:37:43.398542,2026-04-05 03:37:50.104731,0 days 00:00:06.706189,314.0,1.0,123.9,153.3,0.23,COMPLETE
2777,0.6875,2026-04-05 03:37:50.118405,2026-04-05 03:37:57.118574,0 days 00:00:07.000169,331.0,2.0,118.9,151.7,0.0,COMPLETE
2778,0.6875,2026-04-05 03:37:57.132121,2026-04-05 03:38:04.080649,0 days 00:00:06.948528,391.0,2.0,116.2,155.8,0.35000000000000003,COMPLETE
