number,value,datetime_start,datetime_complete,duration,params_voltage,params_width,params_x,params_y,params_z,state
7827,0.6875,2026-04-06 23:54:00.987744,2026-04-06 23:54:07.560964,0 days 00:00:06.573220,376.0,1.0,117.9,152.9,0.24,COMPLETE
7828,0.6875,2026-04-06 23:54:07.574848,2026-04-06 23:54:14.227224,0 days 00:00:06.652376,500.0,1.0,116.7,155.0,0.01,COMPLETE
7829,0.6875,2026-04-06 23:54:14.244566,2026-04-06 23:54:20.858005,0 days 00:00:06.613439,425.0,1.0,115.3,154.9,0.48,COMPLETE
7830,0.6875,2026-04-06 23:54:20.872452,2026-04-06 23:54:27.578631,0 days 00:00:06.706179,403.0,1.0,113.1,153.8,0.27,COMPLETE
7831,0.6875,2026-04-06 23:54:27.596155,2026-04-06 23:54:35.208661,0 days 00:00:07.612506,388.0,1.0,124.1,154.0,0.25,COMPLETE
7832,0.6875,2026-04-06 23:54:35.225782,2026-04-06 23:54:42.556199,0 days 00:00:07.330417,420.0,2.0,115.1,155.5,0.0,COMPLETE
7833,0.6875,2026-04-06 23:54:42.571293,2026-04-06 23:54:49.330950,0 days 00:00:06.759657,306.0,1.0,116.9,156.1,0.31,COMPLETE
7834,0.6875,2026-04-06 23:54:49.348345,2026-04-06 23:54:56.188698,0 days 00:00:06.840353,498.0,1.0,121.1,156.9,1.53,COMPLETE
7835,0.825,2026-04-06 23:54:56.204497,2026-04-06 23:55:30.310095,0 days 00:00:34.105598,447.0,2.0,120.9,153.8,0.03,COMPLETE
7836,0.825,2026-04-06 23:55:30.327266,2026-04-06 23:55:37.642868,0 days 00:00:07.315602,447.0,2.0,116.6,155.7,0.02,COMPLETE
7837,0.825,2026-04-06 23:55:37.657180,2026-04-06 23:55:45.006559,0 days 00:00:07.349379,331.0,1.0,117.9,154.0,0.01,COMPLETE
7838,0.6875,2026-04-06 23:55:45.024660,2026-04-06 23:55:51.815264,0 days 00:00:06.790604,432.0,1.0,115.3,154.5,0.0,COMPLETE
7839,0.6875,2026-04-06 23:55:51.832259,2026-04-06 23:55:58.703903,0 days 00:00:06.871644,287.0,1.0,115.6,155.9,0.0,COMPLETE
7840,0.6875,2026-04-06 23:55:58.721725,2026-04-06 23:56:05.296032,0 days 00:00:06.574307,491.0,2.0,117.0,154.5,0.0,COMPLETE
7841,0.825,2026-04-06 23:56:05.313188,2026-04-06 23:56:39.719408,0 days 00:00:34.406220,226.0,2.0,118.5,154.9,0.15,COMPLETE
7842,0.6875,2026-04-06 23:56:39.733619,2026-04-06 23:56:46.777640,0 days 00:00:07.044021,416.0,1.0,124.3,155.7,0.52,COMPLETE
7843,0.825,2026-04-06 23:56:46.794243,2026-04-06 23:57:42.513342,0 days 00:00:55.719099,450.0,2.0,125.7,152.8,0.39,COMPLETE
7844,0.6875,2026-04-06 23:57:42.527715,2026-04-06 23:57:50.610965,0 days 00:00:08.083250,327.0,1.0,113.4,155.1,0.0,COMPLETE
7845,0.6875,2026-04-06 23:57:50.628020,2026-04-06 23:57:57.254481,0 days 00:00:06.626461,371.0,1.0,116.8,154.9,0.29,COMPLETE
7846,0.6875,2026-04-06 23:57:57.269329,2026-04-06 23:58:03.813195,0 days 00:00:06.543866,420.0,1.0,116.6,153.2,0.34,COMPLETE
7847,0.6875,2026-04-06 23:58:03.830015,2026-04-06 23:58:10.560638,0 days 00:00:06.730623,446.0,2.0,114.2,153.3,0.08,COMPLETE
7848,0.825,2026-04-06 23:58:10.575400,2026-04-06 23:58:44.888507,0 days 00:00:34.313107,435.0,1.0,118.4,155.9,0.21,COMPLETE
7849,0.825,2026-04-06 23:58:44.907544,2026-04-06 23:59:18.677826,0 days 00:00:33.770282,423.0,1.0,118.7,156.6,0.74,COMPLETE
7850,0.825,2026-04-06 23:59:18.692333,2026-04-06 23:59:52.466913,0 days 00:00:33.774580,420.0,3.0,118.5,156.4,0.26,COMPLETE
7851,0.6875,2026-04-06 23:59:52.482535,2026-04-06 23:59:59.353444,0 days 00:00:06.870909,412.0,1.0,115.8,154.2,0.26,COMPLETE
7852,0.6875,2026-04-06 23:59:59.366851,2026-04-07 00:00:06.029786,0 days 00:00:06.662935,459.0,2.0,115.9,156.2,0.6900000000000001,COMPLETE
7853,0.6875,2026-04-07 00:00:06.048734,2026-04-07 00:00:12.904860,0 days 00:00:06.856126,340.0,1.0,114.5,153.2,0.0,COMPLETE
7854,0.6875,2026-04-07 00:00:12.922217,2026-04-07 00:00:19.545801,0 days 00:00:06.623584,350.0,1.0,116.6,153.7,0.51,COMPLETE
7855,0.6875,2026-04-07 00:00:19.561888,2026-04-07 00:00:26.334208,0 days 00:00:06.772320,465.0,1.0,116.8,152.0,0.29,COMPLETE
7856,0.825,2026-04-07 00:00:26.352307,2026-04-07 00:01:00.575681,0 days 00:00:34.223374,461.0,2.0,119.0,156.8,0.63,COMPLETE
7857,0.825,2026-04-07 00:01:00.593175,2026-04-07 00:01:34.604710,0 days 00:00:34.011535,407.0,2.0,118.2,154.3,0.18,COMPLETE
7858,0.6875,2026-04-07 00:01:34.619782,2026-04-07 00:01:41.192854,0 days 00:00:06.573072,429.0,1.0,116.9,154.0,0.79,COMPLETE
7859,0.6875,2026-04-07 00:01:41.210079,2026-04-07 00:01:47.895865,0 days 00:00:06.685786,399.0,1.0,117.4,155.3,0.0,COMPLETE
7860,0.6875,2026-04-07 00:01:47.909650,2026-04-07 00:01:55.337610,0 days 00:00:07.427960,278.0,2.0,124.0,154.9,0.62,COMPLETE
7861,0.6875,2026-04-07 00:01:55.355544,2026-04-07 00:02:02.607900,0 days 00:00:07.252356,433.0,1.0,116.5,153.4,0.18,COMPLETE
7862,0.6875,2026-04-07 00:02:02.623749,2026-04-07 00:02:09.410485,0 days 00:00:06.786736,496.0,1.0,114.6,156.0,0.25,COMPLETE
7863,0.825,2026-04-07 00:02:09.427428,2026-04-07 00:02:43.750580,0 days 00:00:34.323152,334.0,1.0,118.0,155.7,0.01,COMPLETE
7864,0.6875,2026-04-07 00:02:43.768512,2026-04-07 00:02:50.585258,0 days 00:00:06.816746,482.0,1.0,118.2,151.4,0.01,COMPLETE
7865,0.825,2026-04-07 00:02:50.601869,2026-04-07 00:03:24.733480,0 days 00:00:34.131611,425.0,1.0,116.2,154.5,0.0,COMPLETE
7866,0.6875,2026-04-07 00:03:24.751272,2026-04-07 00:03:31.705516,0 days 00:00:06.954244,397.0,1.0,113.8,155.0,0.0,COMPLETE
7867,0.6875,2026-04-07 00:03:31.720815,2026-04-07 00:03:39.499456,0 days 00:00:07.778641,214.0,2.0,121.1,154.0,0.39,COMPLETE
7868,0.6875,2026-04-07 00:03:39.517781,2026-04-07 00:03:46.356802,0 days 00:00:06.839021,443.0,1.0,116.8,152.7,0.01,COMPLETE
7869,0.6875,2026-04-07 00:03:46.370659,2026-04-07 00:03:53.152461,0 days 00:00:06.781802,434.0,1.0,118.8,153.9,0.43,COMPLETE
7870,0.6875,2026-04-07 00:03:53.170179,2026-04-07 00:03:59.894278,0 days 00:00:06.724099,411.0,1.0,120.7,155.1,0.31,COMPLETE
7871,0.825,2026-04-07 00:03:59.911290,2026-04-07 00:04:34.092688,0 days 00:00:34.181398,388.0,1.0,123.9,156.3,0.27,COMPLETE
7872,0.825,2026-04-07 00:04:34.108354,2026-04-07 00:05:08.360801,0 days 00:00:34.252447,380.0,1.0,118.4,155.1,0.25,COMPLETE
7873,0.825,2026-04-07 00:05:08.377623,2026-04-07 00:05:21.695900,0 days 00:00:13.318277,365.0,1.0,117.8,153.6,0.0,COMPLETE
7874,0.825,2026-04-07 00:05:21.710211,2026-04-07 00:05:55.993759,0 days 00:00:34.283548,384.0,1.0,122.4,155.4,0.01,COMPLETE
7875,0.6875,2026-04-07 00:05:56.010808,2026-04-07 00:06:02.946842,0 days 00:00:06.936034,274.0,2.0,122.3,156.2,0.37,COMPLETE
7876,0.6875,2026-04-07 00:06:02.963128,2026-04-07 00:06:10.380267,0 days 00:00:07.417139,438.0,1.0,114.4,152.1,0.49,COMPLETE
7877,0.6875,2026-04-07 00:06:10.398722,2026-04-07 00:06:17.542210,0 days 00:00:07.143488,321.0,2.0,117.9,156.0,0.63,COMPLETE
7878,0.6875,2026-04-07 00:06:17.557217,2026-04-07 00:06:24.520967,0 days 00:00:06.963750,412.0,1.0,117.9,159.9,0.25,COMPLETE
7879,0.825,2026-04-07 00:06:24.538244,2026-04-07 00:06:58.979036,0 days 00:00:34.440792,355.0,3.0,118.8,153.3,0.02,COMPLETE
7880,0.825,2026-04-07 00:06:58.996620,2026-04-07 00:07:06.108406,0 days 00:00:07.111786,373.0,2.0,117.0,154.4,0.0,COMPLETE
7881,0.6875,2026-04-07 00:07:06.122300,2026-04-07 00:07:13.514215,0 days 00:00:07.391915,313.0,3.0,123.9,154.2,0.25,COMPLETE
7882,0.6875,2026-04-07 00:07:13.532510,2026-04-07 00:07:21.013946,0 days 00:00:07.481436,477.0,3.0,114.0,153.0,0.12,COMPLETE
7883,0.6875,2026-04-07 00:07:21.029707,2026-04-07 00:07:27.890032,0 days 00:00:06.860325,359.0,1.0,115.4,155.3,0.52,COMPLETE
7884,0.6875,2026-04-07 00:07:27.907953,2026-04-07 00:07:34.535111,0 days 00:00:06.627158,423.0,1.0,116.9,157.0,0.2,COMPLETE
7885,0.825,2026-04-07 00:07:34.549588,2026-04-07 00:08:08.615350,0 days 00:00:34.065762,470.0,1.0,119.3,155.5,0.56,COMPLETE
7886,0.6875,2026-04-07 00:08:08.632626,2026-04-07 00:08:15.589223,0 days 00:00:06.956597,371.0,2.0,123.1,154.7,0.27,COMPLETE
7887,0.825,2026-04-07 00:08:15.605563,2026-04-07 00:08:50.070831,0 days 00:00:34.465268,437.0,1.0,117.6,156.2,0.01,COMPLETE
7888,0.6875,2026-04-07 00:08:50.088199,2026-04-07 00:08:56.770579,0 days 00:00:06.682380,445.0,1.0,117.2,155.4,0.0,COMPLETE
7889,0.6875,2026-04-07 00:08:56.787524,2026-04-07 00:09:03.538336,0 days 00:00:06.750812,384.0,1.0,117.0,151.5,0.16,COMPLETE
7890,0.6875,2026-04-07 00:09:03.555151,2026-04-07 00:09:10.411342,0 days 00:00:06.856191,450.0,1.0,117.6,155.2,0.0,COMPLETE
7891,0.6875,2026-04-07 00:09:10.428880,2026-04-07 00:09:17.215102,0 days 00:00:06.786222,464.0,1.0,115.2,154.2,0.22,COMPLETE
7892,0.6875,2026-04-07 00:09:17.230282,2026-04-07 00:09:23.936705,0 days 00:00:06.706423,417.0,2.0,115.9,152.4,0.0,COMPLETE
7893,0.6875,2026-04-07 00:09:23.953809,2026-04-07 00:09:31.988926,0 days 00:00:08.035117,238.0,2.0,126.7,155.6,0.28,COMPLETE
7894,0.825,2026-04-07 00:09:32.003408,2026-04-07 00:10:06.610510,0 days 00:00:34.607102,399.0,1.0,118.4,155.3,0.0,COMPLETE
7895,0.825,2026-04-07 00:10:06.624408,2026-04-07 00:10:41.176095,0 days 00:00:34.551687,431.0,2.0,125.7,155.2,0.04,COMPLETE
7896,0.6875,2026-04-07 00:10:41.193352,2026-04-07 00:10:49.139413,0 days 00:00:07.946061,367.0,1.0,115.5,152.2,0.49,COMPLETE
7897,0.6875,2026-04-07 00:10:49.153842,2026-04-07 00:10:56.006239,0 days 00:00:06.852397,431.0,1.0,116.6,155.7,0.48,COMPLETE
7898,0.6875,2026-04-07 00:10:56.023707,2026-04-07 00:11:02.968219,0 days 00:00:06.944512,256.0,1.0,120.1,155.5,0.3,COMPLETE
7899,0.6875,2026-04-07 00:11:02.982946,2026-04-07 00:11:09.691051,0 days 00:00:06.708105,263.0,2.0,121.3,156.4,0.27,COMPLETE
7900,0.6875,2026-04-07 00:11:09.708361,2026-04-07 00:11:16.870680,0 days 00:00:07.162319,355.0,1.0,117.2,151.8,0.03,COMPLETE
7901,0.825,2026-04-07 00:11:16.884975,2026-04-07 00:11:51.065948,0 days 00:00:34.180973,391.0,2.0,118.2,155.8,0.39,COMPLETE
7902,0.6875,2026-04-07 00:11:51.083434,2026-04-07 00:11:57.988835,0 days 00:00:06.905401,396.0,1.0,120.0,157.8,0.36,COMPLETE
7903,0.6875,2026-04-07 00:11:58.005920,2026-04-07 00:12:05.227927,0 days 00:00:07.222007,332.0,1.0,123.2,154.0,0.35000000000000003,COMPLETE
7904,0.6875,2026-04-07 00:12:05.250681,2026-04-07 00:12:12.739113,0 days 00:00:07.488432,487.0,1.0,114.1,153.5,0.01,COMPLETE
7905,0.6875,2026-04-07 00:12:12.752712,2026-04-07 00:12:20.483440,0 days 00:00:07.730728,367.0,2.0,124.0,156.6,0.46,COMPLETE
7906,0.6875,2026-04-07 00:12:20.497598,2026-04-07 00:12:27.704065,0 days 00:00:07.206467,408.0,1.0,119.5,153.1,0.29,COMPLETE
7907,0.825,2026-04-07 00:12:27.721653,2026-04-07 00:13:02.003239,0 days 00:00:34.281586,461.0,1.0,118.8,157.5,0.04,COMPLETE
7908,0.6875,2026-04-07 00:13:02.021500,2026-04-07 00:13:10.160197,0 days 00:00:08.138697,170.0,3.0,116.1,148.9,0.43,COMPLETE
7909,0.6875,2026-04-07 00:13:10.175924,2026-04-07 00:13:17.443626,0 days 00:00:07.267702,436.0,1.0,113.9,157.2,0.21,COMPLETE
7910,0.6875,2026-04-07 00:13:17.461335,2026-04-07 00:13:24.148931,0 days 00:00:06.687596,433.0,1.0,116.5,155.8,0.25,COMPLETE
7911,0.6875,2026-04-07 00:13:24.164056,2026-04-07 00:13:30.777937,0 days 00:00:06.613881,485.0,1.0,117.5,155.1,0.43,COMPLETE
7912,0.825,2026-04-07 00:13:30.795458,2026-04-07 00:14:04.954726,0 days 00:00:34.159268,372.0,1.0,117.3,155.7,0.02,COMPLETE
7913,0.6875,2026-04-07 00:14:04.971927,2026-04-07 00:14:12.052879,0 days 00:00:07.080952,389.0,1.0,123.2,154.1,0.47000000000000003,COMPLETE
7914,0.671875,2026-04-07 00:14:12.070618,2026-04-07 00:14:19.179250,0 days 00:00:07.108632,390.0,2.0,115.9,153.7,0.29,COMPLETE
7915,0.6875,2026-04-07 00:14:19.195761,2026-04-07 00:14:26.419012,0 days 00:00:07.223251,219.0,2.0,120.3,154.3,0.85,COMPLETE
7916,0.6875,2026-04-07 00:14:26.436736,2026-04-07 00:14:33.256677,0 days 00:00:06.819941,407.0,1.0,115.8,152.5,0.28,COMPLETE
7917,0.825,2026-04-07 00:14:33.275023,2026-04-07 00:15:07.403197,0 days 00:00:34.128174,472.0,2.0,118.8,155.0,0.58,COMPLETE
7918,0.6875,2026-04-07 00:15:07.418815,2026-04-07 00:15:14.422551,0 days 00:00:07.003736,285.0,2.0,119.6,154.2,0.29,COMPLETE
7919,0.6875,2026-04-07 00:15:14.439866,2026-04-07 00:15:21.270905,0 days 00:00:06.831039,371.0,1.0,116.6,156.9,0.54,COMPLETE
7920,0.6875,2026-04-07 00:15:21.286997,2026-04-07 00:15:27.751021,0 days 00:00:06.464024,378.0,1.0,116.3,156.1,0.02,COMPLETE
7921,0.6875,2026-04-07 00:15:27.768503,2026-04-07 00:15:34.754264,0 days 00:00:06.985761,457.0,1.0,115.2,151.6,0.01,COMPLETE
7922,0.6875,2026-04-07 00:15:34.768788,2026-04-07 00:15:41.539729,0 days 00:00:06.770941,370.0,3.0,115.9,152.7,0.47000000000000003,COMPLETE
7923,0.825,2026-04-07 00:15:41.557369,2026-04-07 00:16:15.811090,0 days 00:00:34.253721,424.0,2.0,119.7,155.5,0.01,COMPLETE
7924,0.6875,2026-04-07 00:16:15.828682,2026-04-07 00:16:23.499973,0 days 00:00:07.671291,342.0,2.0,126.1,149.3,0.17,COMPLETE
7925,0.6875,2026-04-07 00:16:23.514194,2026-04-07 00:16:31.435972,0 days 00:00:07.921778,376.0,1.0,115.6,157.0,0.36,COMPLETE
7926,0.6875,2026-04-07 00:16:31.453478,2026-04-07 00:16:38.384085,0 days 00:00:06.930607,443.0,2.0,120.5,154.3,0.5,COMPLETE
7927,0.6875,2026-04-07 00:16:38.398396,2026-04-07 00:16:45.404645,0 days 00:00:07.006249,449.0,2.0,115.9,154.7,0.29,COMPLETE
7928,0.6875,2026-04-07 00:16:45.422093,2026-04-07 00:16:52.085876,0 days 00:00:06.663783,425.0,1.0,119.5,154.6,0.74,COMPLETE
7929,0.671875,2026-04-07 00:16:52.100205,2026-04-07 00:16:58.921523,0 days 00:00:06.821318,377.0,1.0,114.9,155.1,0.23,COMPLETE
7930,0.6875,2026-04-07 00:16:58.939085,2026-04-07 00:17:05.785577,0 days 00:00:06.846492,420.0,1.0,115.1,151.9,0.0,COMPLETE
7931,0.6875,2026-04-07 00:17:05.799732,2026-04-07 00:17:13.143751,0 days 00:00:07.344019,428.0,2.0,121.1,157.6,0.73,COMPLETE
7932,0.825,2026-04-07 00:17:13.161274,2026-04-07 00:17:18.810959,0 days 00:00:05.649685,303.0,2.0,125.3,154.3,0.31,COMPLETE
7933,0.6875,2026-04-07 00:17:18.825328,2026-04-07 00:17:25.688001,0 days 00:00:06.862673,286.0,1.0,126.0,150.7,0.96,COMPLETE
7934,0.6875,2026-04-07 00:17:25.706210,2026-04-07 00:17:33.452047,0 days 00:00:07.745837,314.0,2.0,115.3,152.8,0.21,COMPLETE
7935,0.825,2026-04-07 00:17:33.466128,2026-04-07 00:17:48.295384,0 days 00:00:14.829256,345.0,1.0,115.1,153.9,0.27,COMPLETE
7936,0.6875,2026-04-07 00:17:48.313249,2026-04-07 00:17:55.000143,0 days 00:00:06.686894,377.0,1.0,116.6,153.5,0.27,COMPLETE
7937,0.6875,2026-04-07 00:17:55.015374,2026-04-07 00:18:01.704639,0 days 00:00:06.689265,496.0,1.0,116.0,156.5,0.0,COMPLETE
7938,0.6875,2026-04-07 00:18:01.722274,2026-04-07 00:18:08.976278,0 days 00:00:07.254004,298.0,1.0,120.8,153.1,0.23,COMPLETE
7939,0.6875,2026-04-07 00:18:08.990405,2026-04-07 00:18:16.409326,0 days 00:00:07.418921,417.0,1.0,113.2,154.8,0.01,COMPLETE
7940,0.6875,2026-04-07 00:18:16.426448,2026-04-07 00:18:23.259617,0 days 00:00:06.833169,464.0,1.0,117.0,154.1,0.49,COMPLETE
7941,0.825,2026-04-07 00:18:23.275681,2026-04-07 00:18:57.060016,0 days 00:00:33.784335,438.0,1.0,118.1,154.2,0.25,COMPLETE
7942,0.825,2026-04-07 00:18:57.077291,2026-04-07 00:19:31.607852,0 days 00:00:34.530561,316.0,2.0,122.9,156.0,0.38,COMPLETE
7943,0.6875,2026-04-07 00:19:31.625252,2026-04-07 00:19:39.075388,0 days 00:00:07.450136,442.0,2.0,114.0,154.2,0.0,COMPLETE
7944,0.825,2026-04-07 00:19:39.089228,2026-04-07 00:20:13.580046,0 days 00:00:34.490818,397.0,1.0,120.3,155.4,0.21,COMPLETE
7945,0.6875,2026-04-07 00:20:13.594705,2026-04-07 00:20:20.833523,0 days 00:00:07.238818,399.0,1.0,114.0,151.8,0.6900000000000001,COMPLETE
7946,0.825,2026-04-07 00:20:20.848084,2026-04-07 00:20:55.307107,0 days 00:00:34.459023,497.0,2.0,118.4,155.4,0.26,COMPLETE
7947,0.6875,2026-04-07 00:20:55.321206,2026-04-07 00:21:02.166490,0 days 00:00:06.845284,447.0,1.0,116.3,158.1,0.29,COMPLETE
7948,0.6875,2026-04-07 00:21:02.184023,2026-04-07 00:21:09.709331,0 days 00:00:07.525308,360.0,1.0,115.0,151.9,0.23,COMPLETE
7949,0.6875,2026-04-07 00:21:09.724778,2026-04-07 00:21:16.443407,0 days 00:00:06.718629,457.0,1.0,114.2,153.8,0.0,COMPLETE
7950,0.6875,2026-04-07 00:21:16.460931,2026-04-07 00:21:23.626076,0 days 00:00:07.165145,367.0,1.0,116.6,157.5,0.23,COMPLETE
7951,0.6875,2026-04-07 00:21:23.641109,2026-04-07 00:21:30.570639,0 days 00:00:06.929530,451.0,1.0,115.7,152.7,0.55,COMPLETE
7952,0.6875,2026-04-07 00:21:30.584982,2026-04-07 00:21:38.336574,0 days 00:00:07.751592,199.0,1.0,121.6,153.8,0.04,COMPLETE
7953,0.6875,2026-04-07 00:21:38.352263,2026-04-07 00:21:45.671666,0 days 00:00:07.319403,495.0,1.0,114.3,156.0,0.01,COMPLETE
7954,0.6875,2026-04-07 00:21:45.688701,2026-04-07 00:21:53.431278,0 days 00:00:07.742577,500.0,2.0,125.0,156.4,0.45,COMPLETE
7955,0.6875,2026-04-07 00:21:53.449144,2026-04-07 00:22:00.728701,0 days 00:00:07.279557,467.0,1.0,117.2,153.1,0.28,COMPLETE
7956,0.825,2026-04-07 00:22:00.743520,2026-04-07 00:22:34.932574,0 days 00:00:34.189054,341.0,1.0,118.4,155.3,0.5,COMPLETE
7957,0.825,2026-04-07 00:22:34.951031,2026-04-07 00:23:09.007734,0 days 00:00:34.056703,332.0,1.0,119.2,157.0,0.34,COMPLETE
7958,0.6875,2026-04-07 00:23:09.025885,2026-04-07 00:23:16.405152,0 days 00:00:07.379267,389.0,2.0,124.2,152.9,0.23,COMPLETE
7959,0.6875,2026-04-07 00:23:16.420725,2026-04-07 00:23:23.207452,0 days 00:00:06.786727,427.0,1.0,121.4,153.7,0.26,COMPLETE
7960,0.825,2026-04-07 00:23:23.225315,2026-04-07 00:23:57.333679,0 days 00:00:34.108364,415.0,1.0,118.4,155.2,0.31,COMPLETE
7961,0.825,2026-04-07 00:23:57.348892,2026-04-07 00:24:31.125692,0 days 00:00:33.776800,386.0,1.0,118.7,156.2,0.0,COMPLETE
7962,0.6875,2026-04-07 00:24:31.140097,2026-04-07 00:24:38.020360,0 days 00:00:06.880263,389.0,2.0,116.4,152.4,0.48,COMPLETE
7963,0.6875,2026-04-07 00:24:38.034774,2026-04-07 00:24:44.989251,0 days 00:00:06.954477,466.0,1.0,113.9,157.9,0.52,COMPLETE
7964,0.6875,2026-04-07 00:24:45.007179,2026-04-07 00:24:51.918792,0 days 00:00:06.911613,407.0,1.0,114.5,152.5,0.23,COMPLETE
7965,0.6875,2026-04-07 00:24:51.934094,2026-04-07 00:24:59.192921,0 days 00:00:07.258827,359.0,1.0,122.5,153.9,0.22,COMPLETE
7966,0.6875,2026-04-07 00:24:59.210662,2026-04-07 00:25:06.803817,0 days 00:00:07.593155,438.0,1.0,113.0,153.0,0.27,COMPLETE
7967,0.825,2026-04-07 00:25:06.821182,2026-04-07 00:25:11.990701,0 days 00:00:05.169519,378.0,1.0,116.3,154.1,0.29,COMPLETE
7968,0.6875,2026-04-07 00:25:12.008972,2026-04-07 00:25:18.708184,0 days 00:00:06.699212,439.0,1.0,114.9,155.6,0.36,COMPLETE
7969,0.825,2026-04-07 00:25:18.724848,2026-04-07 00:25:52.797239,0 days 00:00:34.072391,380.0,1.0,118.6,155.1,0.56,COMPLETE
7970,0.825,2026-04-07 00:25:52.812884,2026-04-07 00:26:26.871869,0 days 00:00:34.058985,441.0,2.0,122.4,155.5,0.41000000000000003,COMPLETE
7971,0.6875,2026-04-07 00:26:26.890116,2026-04-07 00:26:33.662642,0 days 00:00:06.772526,496.0,2.0,120.8,158.9,0.36,COMPLETE
7972,0.6875,2026-04-07 00:26:33.677118,2026-04-07 00:26:40.473001,0 days 00:00:06.795883,500.0,2.0,117.0,157.2,0.18,COMPLETE
7973,0.6875,2026-04-07 00:26:40.490754,2026-04-07 00:26:47.803764,0 days 00:00:07.313010,297.0,2.0,122.1,153.5,0.28,COMPLETE
7974,0.6875,2026-04-07 00:26:47.819193,2026-04-07 00:26:54.519393,0 days 00:00:06.700200,440.0,3.0,118.1,153.1,0.03,COMPLETE
7975,0.6875,2026-04-07 00:26:54.536216,2026-04-07 00:27:01.131156,0 days 00:00:06.594940,412.0,1.0,115.7,153.0,0.0,COMPLETE
7976,0.6875,2026-04-07 00:27:01.147507,2026-04-07 00:27:07.899507,0 days 00:00:06.752000,450.0,1.0,120.0,152.3,0.07,COMPLETE
7977,0.825,2026-04-07 00:27:07.914275,2026-04-07 00:27:42.373250,0 days 00:00:34.458975,469.0,1.0,123.9,156.4,0.16,COMPLETE
7978,0.6875,2026-04-07 00:27:42.386374,2026-04-07 00:27:49.888586,0 days 00:00:07.502212,469.0,1.0,115.9,155.2,0.32,COMPLETE
7979,0.6875,2026-04-07 00:27:49.902825,2026-04-07 00:27:56.662799,0 days 00:00:06.759974,381.0,1.0,117.2,154.2,0.25,COMPLETE
7980,0.825,2026-04-07 00:27:56.679555,2026-04-07 00:28:30.487858,0 days 00:00:33.808303,494.0,2.0,118.3,155.2,0.01,COMPLETE
7981,0.6875,2026-04-07 00:28:30.505709,2026-04-07 00:28:37.381914,0 days 00:00:06.876205,385.0,1.0,115.2,154.0,0.2,COMPLETE
7982,0.6875,2026-04-07 00:28:37.399385,2026-04-07 00:28:43.836649,0 days 00:00:06.437264,354.0,2.0,114.5,153.4,0.28,COMPLETE
7983,0.6875,2026-04-07 00:28:43.851861,2026-04-07 00:28:51.562650,0 days 00:00:07.710789,440.0,2.0,126.1,155.3,0.7000000000000001,COMPLETE
7984,0.825,2026-04-07 00:28:51.580387,2026-04-07 00:29:05.667036,0 days 00:00:14.086649,409.0,1.0,118.1,153.5,0.19,COMPLETE
7985,0.825,2026-04-07 00:29:05.684785,2026-04-07 00:29:25.614474,0 days 00:00:19.929689,463.0,1.0,116.4,157.1,0.27,COMPLETE
7986,0.6875,2026-04-07 00:29:25.633001,2026-04-07 00:29:32.687481,0 days 00:00:07.054480,440.0,2.0,120.6,152.7,0.41000000000000003,COMPLETE
7987,0.6875,2026-04-07 00:29:32.702667,2026-04-07 00:29:39.384371,0 days 00:00:06.681704,296.0,1.0,119.1,152.4,0.38,COMPLETE
7988,0.6875,2026-04-07 00:29:39.403069,2026-04-07 00:29:46.196216,0 days 00:00:06.793147,387.0,1.0,116.3,156.0,0.8200000000000001,COMPLETE
7989,0.6875,2026-04-07 00:29:46.211025,2026-04-07 00:29:53.733469,0 days 00:00:07.522444,195.0,2.0,123.0,155.0,0.3,COMPLETE
7990,0.6875,2026-04-07 00:29:53.748161,2026-04-07 00:30:00.921390,0 days 00:00:07.173229,481.0,1.0,116.4,153.7,0.0,COMPLETE
7991,0.825,2026-04-07 00:30:00.936963,2026-04-07 00:30:08.457655,0 days 00:00:07.520692,319.0,2.0,120.5,154.4,0.02,COMPLETE
7992,0.6875,2026-04-07 00:30:08.475914,2026-04-07 00:30:15.539409,0 days 00:00:07.063495,443.0,1.0,114.4,154.4,0.63,COMPLETE
7993,0.6875,2026-04-07 00:30:15.554268,2026-04-07 00:30:22.307468,0 days 00:00:06.753200,401.0,1.0,116.9,154.2,0.01,COMPLETE
7994,0.6875,2026-04-07 00:30:22.325337,2026-04-07 00:30:29.491616,0 days 00:00:07.166279,390.0,2.0,123.4,154.0,0.61,COMPLETE
7995,0.825,2026-04-07 00:30:29.508284,2026-04-07 00:31:03.851456,0 days 00:00:34.343172,347.0,2.0,118.6,153.1,0.01,COMPLETE
7996,0.6875,2026-04-07 00:31:03.868946,2026-04-07 00:31:10.601120,0 days 00:00:06.732174,328.0,2.0,120.2,155.8,0.64,COMPLETE
7997,0.825,2026-04-07 00:31:10.615946,2026-04-07 00:31:44.799382,0 days 00:00:34.183436,442.0,1.0,116.2,155.5,0.0,COMPLETE
7998,0.6875,2026-04-07 00:31:44.815157,2026-04-07 00:31:51.733800,0 days 00:00:06.918643,361.0,1.0,114.5,154.3,0.56,COMPLETE
7999,0.6875,2026-04-07 00:31:51.750970,2026-04-07 00:31:58.556239,0 days 00:00:06.805269,311.0,1.0,118.1,154.0,0.32,COMPLETE
8000,0.6875,2026-04-07 00:31:58.572891,2026-04-07 00:32:05.318591,0 days 00:00:06.745700,428.0,1.0,116.2,153.5,0.44,COMPLETE
