number,value,datetime_start,datetime_complete,duration,params_voltage,params_width,params_x,params_y,params_z,state
9747,0.6875,2026-04-08 20:17:30.717616,2026-04-08 20:17:37.760127,0 days 00:00:07.042511,496.0,2.0,117.4,152.7,0.26,COMPLETE
9748,0.6875,2026-04-08 20:17:37.775461,2026-04-08 20:17:44.770503,0 days 00:00:06.995042,370.0,1.0,116.2,154.7,0.0,COMPLETE
9749,0.6875,2026-04-08 20:17:44.789428,2026-04-08 20:17:51.402861,0 days 00:00:06.613433,392.0,2.0,114.7,154.5,0.24,COMPLETE
9750,0.6875,2026-04-08 20:17:51.419778,2026-04-08 20:17:59.530196,0 days 00:00:08.110418,328.0,3.0,126.1,151.4,0.46,COMPLETE
9751,0.6875,2026-04-08 20:17:59.549006,2026-04-08 20:18:07.197986,0 days 00:00:07.648980,445.0,1.0,116.1,151.0,0.01,COMPLETE
9752,0.825,2026-04-08 20:18:07.213443,2026-04-08 20:18:12.680265,0 days 00:00:05.466822,421.0,1.0,117.0,155.4,0.01,COMPLETE
9753,0.6875,2026-04-08 20:18:12.699334,2026-04-08 20:18:19.816375,0 days 00:00:07.117041,362.0,1.0,114.7,156.9,0.0,COMPLETE
9754,0.6875,2026-04-08 20:18:19.832247,2026-04-08 20:18:26.629283,0 days 00:00:06.797036,439.0,1.0,115.2,153.3,0.47000000000000003,COMPLETE
9755,0.6875,2026-04-08 20:18:26.648097,2026-04-08 20:18:33.717584,0 days 00:00:07.069487,370.0,2.0,116.4,157.0,0.02,COMPLETE
9756,0.6875,2026-04-08 20:18:33.732965,2026-04-08 20:18:40.537879,0 days 00:00:06.804914,389.0,1.0,114.4,154.2,0.27,COMPLETE
9757,0.6875,2026-04-08 20:18:40.557353,2026-04-08 20:18:47.559481,0 days 00:00:07.002128,428.0,1.0,117.0,158.4,0.02,COMPLETE
9758,0.825,2026-04-08 20:18:47.575342,2026-04-08 20:19:22.565746,0 days 00:00:34.990404,342.0,2.0,123.3,153.2,0.22,COMPLETE
9759,0.6875,2026-04-08 20:19:22.586187,2026-04-08 20:19:29.940861,0 days 00:00:07.354674,439.0,1.0,116.3,153.0,0.01,COMPLETE
9760,0.6875,2026-04-08 20:19:29.956337,2026-04-08 20:19:37.003507,0 days 00:00:07.047170,332.0,1.0,117.7,155.5,0.17,COMPLETE
9761,0.6875,2026-04-08 20:19:37.022340,2026-04-08 20:19:43.759785,0 days 00:00:06.737445,473.0,1.0,117.1,157.7,0.0,COMPLETE
9762,0.6875,2026-04-08 20:19:43.775557,2026-04-08 20:19:51.080646,0 days 00:00:07.305089,210.0,2.0,120.9,157.1,0.18,COMPLETE
9763,0.6875,2026-04-08 20:19:51.099777,2026-04-08 20:19:57.875520,0 days 00:00:06.775743,447.0,2.0,123.6,154.9,0.48,COMPLETE
9764,0.6875,2026-04-08 20:19:57.890758,2026-04-08 20:20:05.009249,0 days 00:00:07.118491,381.0,1.0,118.2,151.9,0.36,COMPLETE
9765,0.825,2026-04-08 20:20:05.028313,2026-04-08 20:20:10.218769,0 days 00:00:05.190456,362.0,1.0,117.0,155.0,0.01,COMPLETE
9766,0.6875,2026-04-08 20:20:10.234213,2026-04-08 20:20:17.112100,0 days 00:00:06.877887,363.0,1.0,114.9,153.5,0.23,COMPLETE
9767,0.6875,2026-04-08 20:20:17.130611,2026-04-08 20:20:25.006002,0 days 00:00:07.875391,435.0,2.0,126.4,153.8,0.29,COMPLETE
9768,0.6875,2026-04-08 20:20:25.021749,2026-04-08 20:20:31.985900,0 days 00:00:06.964151,265.0,2.0,123.4,154.0,0.26,COMPLETE
9769,0.825,2026-04-08 20:20:32.003919,2026-04-08 20:21:05.991100,0 days 00:00:33.987181,382.0,1.0,125.5,153.2,0.45,COMPLETE
9770,0.825,2026-04-08 20:21:06.009398,2026-04-08 20:21:40.542169,0 days 00:00:34.532771,281.0,2.0,122.7,156.9,0.0,COMPLETE
9771,0.6875,2026-04-08 20:21:40.559992,2026-04-08 20:21:48.181475,0 days 00:00:07.621483,424.0,2.0,114.6,152.8,0.24,COMPLETE
9772,0.825,2026-04-08 20:21:48.199585,2026-04-08 20:22:22.528647,0 days 00:00:34.329062,418.0,1.0,118.9,154.9,0.0,COMPLETE
9773,0.6875,2026-04-08 20:22:22.543828,2026-04-08 20:22:29.435364,0 days 00:00:06.891536,457.0,2.0,116.8,154.6,0.43,COMPLETE
9774,0.825,2026-04-08 20:22:29.453420,2026-04-08 20:23:03.759959,0 days 00:00:34.306539,425.0,1.0,119.9,156.8,0.58,COMPLETE
9775,0.6875,2026-04-08 20:23:03.776626,2026-04-08 20:23:11.189916,0 days 00:00:07.413290,341.0,1.0,116.8,152.1,0.34,COMPLETE
9776,0.6875,2026-04-08 20:23:11.207925,2026-04-08 20:23:18.892387,0 days 00:00:07.684462,249.0,2.0,124.8,154.3,0.54,COMPLETE
9777,0.825,2026-04-08 20:23:18.908503,2026-04-08 20:23:53.164086,0 days 00:00:34.255583,306.0,2.0,120.3,155.4,0.07,COMPLETE
9778,0.825,2026-04-08 20:23:53.182791,2026-04-08 20:24:27.468948,0 days 00:00:34.286157,433.0,2.0,116.7,153.8,0.25,COMPLETE
9779,0.6875,2026-04-08 20:24:27.488134,2026-04-08 20:24:34.251606,0 days 00:00:06.763472,384.0,2.0,117.5,155.4,0.3,COMPLETE
9780,0.6875,2026-04-08 20:24:34.270413,2026-04-08 20:24:41.267168,0 days 00:00:06.996755,289.0,1.0,116.5,152.3,0.02,COMPLETE
9781,0.6875,2026-04-08 20:24:41.283674,2026-04-08 20:24:47.925006,0 days 00:00:06.641332,468.0,1.0,118.1,152.2,0.44,COMPLETE
9782,0.825,2026-04-08 20:24:47.942913,2026-04-08 20:25:21.970831,0 days 00:00:34.027918,433.0,1.0,116.2,153.8,0.49,COMPLETE
9783,0.6875,2026-04-08 20:25:21.988722,2026-04-08 20:25:28.763273,0 days 00:00:06.774551,442.0,1.0,118.1,153.7,0.39,COMPLETE
9784,0.6875,2026-04-08 20:25:28.781494,2026-04-08 20:25:35.983473,0 days 00:00:07.201979,500.0,2.0,123.4,157.5,1.29,COMPLETE
9785,0.825,2026-04-08 20:25:35.998938,2026-04-08 20:26:10.399390,0 days 00:00:34.400452,415.0,1.0,121.9,153.2,0.0,COMPLETE
9786,0.6875,2026-04-08 20:26:10.417659,2026-04-08 20:26:17.823731,0 days 00:00:07.406072,452.0,1.0,115.0,154.7,0.17,COMPLETE
9787,0.6875,2026-04-08 20:26:17.842503,2026-04-08 20:26:24.658151,0 days 00:00:06.815648,318.0,1.0,115.4,155.9,0.21,COMPLETE
9788,0.6875,2026-04-08 20:26:24.674126,2026-04-08 20:26:32.370615,0 days 00:00:07.696489,219.0,2.0,123.8,157.5,0.5,COMPLETE
9789,0.6875,2026-04-08 20:26:32.388485,2026-04-08 20:26:39.785146,0 days 00:00:07.396661,383.0,1.0,116.3,154.8,0.33,COMPLETE
9790,0.6875,2026-04-08 20:26:39.802008,2026-04-08 20:26:46.278008,0 days 00:00:06.476000,491.0,1.0,116.3,154.9,0.67,COMPLETE
9791,0.6875,2026-04-08 20:26:46.292907,2026-04-08 20:26:53.644251,0 days 00:00:07.351344,211.0,2.0,120.3,155.2,0.35000000000000003,COMPLETE
9792,0.6875,2026-04-08 20:26:53.659241,2026-04-08 20:27:00.566425,0 days 00:00:06.907184,447.0,1.0,117.4,158.5,0.67,COMPLETE
9793,0.6875,2026-04-08 20:27:00.585102,2026-04-08 20:27:07.383553,0 days 00:00:06.798451,494.0,3.0,114.0,157.1,0.05,COMPLETE
9794,0.6875,2026-04-08 20:27:07.399489,2026-04-08 20:27:14.346532,0 days 00:00:06.947043,431.0,1.0,114.9,152.3,0.19,COMPLETE
9795,0.825,2026-04-08 20:27:14.364134,2026-04-08 20:27:49.192080,0 days 00:00:34.827946,381.0,1.0,122.6,155.4,0.33,COMPLETE
9796,0.6875,2026-04-08 20:27:49.210430,2026-04-08 20:27:56.140392,0 days 00:00:06.929962,295.0,2.0,122.0,155.2,0.29,COMPLETE
9797,0.825,2026-04-08 20:27:56.158712,2026-04-08 20:28:30.694527,0 days 00:00:34.535815,498.0,1.0,116.0,155.5,0.05,COMPLETE
9798,0.825,2026-04-08 20:28:30.711542,2026-04-08 20:29:04.958677,0 days 00:00:34.247135,457.0,2.0,119.3,153.1,0.02,COMPLETE
9799,0.6875,2026-04-08 20:29:04.977527,2026-04-08 20:29:12.251714,0 days 00:00:07.274187,397.0,1.0,113.2,155.2,0.02,COMPLETE
9800,0.6875,2026-04-08 20:29:12.267638,2026-04-08 20:29:18.989565,0 days 00:00:06.721927,458.0,2.0,114.8,156.6,0.24,COMPLETE
9801,0.6875,2026-04-08 20:29:19.008817,2026-04-08 20:29:26.767129,0 days 00:00:07.758312,310.0,3.0,123.7,155.1,0.84,COMPLETE
9802,0.6875,2026-04-08 20:29:26.785772,2026-04-08 20:29:34.256733,0 days 00:00:07.470961,439.0,1.0,115.1,155.0,0.0,COMPLETE
9803,0.6875,2026-04-08 20:29:34.274884,2026-04-08 20:29:41.732223,0 days 00:00:07.457339,300.0,3.0,121.6,155.7,0.25,COMPLETE
9804,0.6875,2026-04-08 20:29:41.750199,2026-04-08 20:29:48.625347,0 days 00:00:06.875148,459.0,1.0,117.5,154.4,0.28,COMPLETE
9805,0.6875,2026-04-08 20:29:48.641907,2026-04-08 20:29:55.508684,0 days 00:00:06.866777,428.0,1.0,113.5,153.0,0.56,COMPLETE
9806,0.6875,2026-04-08 20:29:55.527037,2026-04-08 20:30:02.349832,0 days 00:00:06.822795,316.0,1.0,113.2,154.0,0.01,COMPLETE
9807,0.825,2026-04-08 20:30:02.366433,2026-04-08 20:30:37.580671,0 days 00:00:35.214238,348.0,1.0,119.0,155.9,0.29,COMPLETE
9808,0.6875,2026-04-08 20:30:37.598885,2026-04-08 20:30:44.665581,0 days 00:00:07.066696,381.0,2.0,116.5,159.4,1.0,COMPLETE
9809,0.825,2026-04-08 20:30:44.680646,2026-04-08 20:30:50.060451,0 days 00:00:05.379805,386.0,1.0,117.4,155.0,0.2,COMPLETE
9810,0.6875,2026-04-08 20:30:50.079273,2026-04-08 20:30:56.909977,0 days 00:00:06.830704,444.0,1.0,114.1,155.0,0.23,COMPLETE
9811,0.825,2026-04-08 20:30:56.925995,2026-04-08 20:31:32.165972,0 days 00:00:35.239977,221.0,1.0,122.1,157.2,0.18,COMPLETE
9812,0.6875,2026-04-08 20:31:32.184169,2026-04-08 20:31:39.456790,0 days 00:00:07.272621,391.0,1.0,118.3,152.4,0.21,COMPLETE
9813,0.825,2026-04-08 20:31:39.472765,2026-04-08 20:32:13.611899,0 days 00:00:34.139134,454.0,2.0,121.2,155.9,0.37,COMPLETE
9814,0.6875,2026-04-08 20:32:13.630081,2026-04-08 20:32:20.622311,0 days 00:00:06.992230,398.0,1.0,117.3,157.6,0.34,COMPLETE
9815,0.825,2026-04-08 20:32:20.638793,2026-04-08 20:32:55.392269,0 days 00:00:34.753476,397.0,2.0,125.0,156.1,0.26,COMPLETE
9816,0.825,2026-04-08 20:32:55.410966,2026-04-08 20:33:01.676444,0 days 00:00:06.265478,489.0,3.0,119.7,153.2,0.33,COMPLETE
9817,0.825,2026-04-08 20:33:01.692028,2026-04-08 20:33:36.061470,0 days 00:00:34.369442,410.0,1.0,119.7,157.3,0.21,COMPLETE
9818,0.6875,2026-04-08 20:33:36.079326,2026-04-08 20:33:43.312597,0 days 00:00:07.233271,425.0,1.0,123.7,153.9,0.5,COMPLETE
9819,0.671875,2026-04-08 20:33:43.330572,2026-04-08 20:33:50.614126,0 days 00:00:07.283554,325.0,1.0,118.3,153.7,0.01,COMPLETE
9820,0.6875,2026-04-08 20:33:50.633206,2026-04-08 20:33:57.194710,0 days 00:00:06.561504,461.0,1.0,117.6,154.6,0.25,COMPLETE
9821,0.825,2026-04-08 20:33:57.212981,2026-04-08 20:34:31.889111,0 days 00:00:34.676130,308.0,1.0,122.6,155.8,0.09,COMPLETE
9822,0.825,2026-04-08 20:34:31.906610,2026-04-08 20:35:06.909154,0 days 00:00:35.002544,253.0,2.0,121.1,157.1,0.0,COMPLETE
9823,0.6875,2026-04-08 20:35:06.928349,2026-04-08 20:35:14.292109,0 days 00:00:07.363760,154.0,3.0,124.8,159.6,0.06,COMPLETE
9824,0.6875,2026-04-08 20:35:14.307558,2026-04-08 20:35:21.753263,0 days 00:00:07.445705,475.0,2.0,122.6,150.2,1.87,COMPLETE
9825,0.6875,2026-04-08 20:35:21.772110,2026-04-08 20:35:29.051243,0 days 00:00:07.279133,246.0,2.0,122.7,154.9,0.37,COMPLETE
9826,0.6875,2026-04-08 20:35:29.069704,2026-04-08 20:35:36.003099,0 days 00:00:06.933395,458.0,1.0,117.3,157.3,0.38,COMPLETE
9827,0.825,2026-04-08 20:35:36.022266,2026-04-08 20:36:10.468022,0 days 00:00:34.445756,428.0,2.0,123.6,152.6,0.36,COMPLETE
9828,0.6875,2026-04-08 20:36:10.486672,2026-04-08 20:36:17.948247,0 days 00:00:07.461575,411.0,1.0,116.1,154.5,0.0,COMPLETE
9829,0.6875,2026-04-08 20:36:17.967478,2026-04-08 20:36:24.740498,0 days 00:00:06.773020,454.0,1.0,114.8,152.2,0.03,COMPLETE
9830,0.6875,2026-04-08 20:36:24.755649,2026-04-08 20:36:31.582984,0 days 00:00:06.827335,397.0,1.0,117.7,152.9,0.25,COMPLETE
9831,0.6875,2026-04-08 20:36:31.601351,2026-04-08 20:36:38.606486,0 days 00:00:07.005135,271.0,2.0,120.3,152.8,0.04,COMPLETE
9832,0.825,2026-04-08 20:36:38.621797,2026-04-08 20:37:12.669848,0 days 00:00:34.048051,405.0,1.0,121.7,155.9,0.47000000000000003,COMPLETE
9833,0.6875,2026-04-08 20:37:12.687646,2026-04-08 20:37:20.152400,0 days 00:00:07.464754,407.0,2.0,123.2,148.4,1.97,COMPLETE
9834,0.6875,2026-04-08 20:37:20.170599,2026-04-08 20:37:27.495211,0 days 00:00:07.324612,452.0,2.0,123.7,155.9,0.54,COMPLETE
9835,0.6875,2026-04-08 20:37:27.511176,2026-04-08 20:37:34.893540,0 days 00:00:07.382364,428.0,1.0,115.9,156.0,0.2,COMPLETE
9836,0.6875,2026-04-08 20:37:34.912193,2026-04-08 20:37:41.693455,0 days 00:00:06.781262,419.0,1.0,114.6,153.0,0.0,COMPLETE
9837,0.6875,2026-04-08 20:37:41.712718,2026-04-08 20:37:48.996261,0 days 00:00:07.283543,395.0,2.0,121.7,154.3,0.3,COMPLETE
9838,0.6875,2026-04-08 20:37:49.014916,2026-04-08 20:37:56.333827,0 days 00:00:07.318911,436.0,1.0,114.4,156.3,0.0,COMPLETE
9839,0.825,2026-04-08 20:37:56.348480,2026-04-08 20:38:30.961420,0 days 00:00:34.612940,500.0,2.0,121.4,155.7,0.49,COMPLETE
9840,0.825,2026-04-08 20:38:30.980976,2026-04-08 20:39:05.545491,0 days 00:00:34.564515,413.0,1.0,116.9,155.6,0.0,COMPLETE
9841,0.6875,2026-04-08 20:39:05.562408,2026-04-08 20:39:12.373538,0 days 00:00:06.811130,420.0,1.0,115.2,156.3,0.61,COMPLETE
9842,0.6875,2026-04-08 20:39:12.389781,2026-04-08 20:39:19.338320,0 days 00:00:06.948539,415.0,1.0,117.7,152.2,0.01,COMPLETE
9843,0.825,2026-04-08 20:39:19.355282,2026-04-08 20:39:53.711826,0 days 00:00:34.356544,282.0,2.0,119.5,155.8,0.39,COMPLETE
9844,0.6875,2026-04-08 20:39:53.730454,2026-04-08 20:40:00.801772,0 days 00:00:07.071318,463.0,1.0,115.6,153.9,0.0,COMPLETE
9845,0.825,2026-04-08 20:40:00.819368,2026-04-08 20:40:08.033469,0 days 00:00:07.214101,482.0,2.0,116.0,155.4,0.0,COMPLETE
9846,0.6875,2026-04-08 20:40:08.053213,2026-04-08 20:40:14.877162,0 days 00:00:06.823949,417.0,1.0,115.9,154.2,0.53,COMPLETE
9847,0.825,2026-04-08 20:40:14.893627,2026-04-08 20:40:49.243215,0 days 00:00:34.349588,336.0,2.0,119.0,154.5,0.23,COMPLETE
9848,0.6875,2026-04-08 20:40:49.262164,2026-04-08 20:40:56.369822,0 days 00:00:07.107658,460.0,1.0,114.9,155.9,0.59,COMPLETE
9849,0.825,2026-04-08 20:40:56.385574,2026-04-08 20:41:30.703897,0 days 00:00:34.318323,399.0,1.0,119.2,156.3,0.28,COMPLETE
9850,0.6875,2026-04-08 20:41:30.722529,2026-04-08 20:41:37.657767,0 days 00:00:06.935238,437.0,1.0,116.3,153.9,0.25,COMPLETE
9851,0.825,2026-04-08 20:41:37.674794,2026-04-08 20:42:11.936378,0 days 00:00:34.261584,472.0,1.0,118.6,155.7,0.53,COMPLETE
9852,0.6875,2026-04-08 20:42:11.955814,2026-04-08 20:42:18.863126,0 days 00:00:06.907312,364.0,1.0,117.8,155.1,0.56,COMPLETE
9853,0.6875,2026-04-08 20:42:18.878884,2026-04-08 20:42:25.658126,0 days 00:00:06.779242,379.0,2.0,115.2,153.4,0.28,COMPLETE
9854,0.6875,2026-04-08 20:42:25.677699,2026-04-08 20:42:33.697201,0 days 00:00:08.019502,418.0,1.0,121.4,154.4,0.48,COMPLETE
9855,0.6875,2026-04-08 20:42:33.715558,2026-04-08 20:42:41.756425,0 days 00:00:08.040867,428.0,1.0,116.0,157.5,0.01,COMPLETE
9856,0.6875,2026-04-08 20:42:41.776400,2026-04-08 20:42:49.507136,0 days 00:00:07.730736,394.0,1.0,114.8,154.1,0.29,COMPLETE
9857,0.825,2026-04-08 20:42:49.525256,2026-04-08 20:42:56.990462,0 days 00:00:07.465206,497.0,1.0,119.6,152.3,0.08,COMPLETE
9858,0.6875,2026-04-08 20:42:57.006204,2026-04-08 20:43:04.246276,0 days 00:00:07.240072,367.0,1.0,113.9,152.6,0.0,COMPLETE
9859,0.825,2026-04-08 20:43:04.264172,2026-04-08 20:43:38.707767,0 days 00:00:34.443595,448.0,1.0,118.3,155.3,0.34,COMPLETE
9860,0.6875,2026-04-08 20:43:38.726343,2026-04-08 20:43:45.579668,0 days 00:00:06.853325,417.0,1.0,117.5,153.7,0.74,COMPLETE
9861,0.6875,2026-04-08 20:43:45.597600,2026-04-08 20:43:53.089718,0 days 00:00:07.492118,240.0,2.0,124.0,151.7,0.05,COMPLETE
9862,0.6875,2026-04-08 20:43:53.105470,2026-04-08 20:44:00.626386,0 days 00:00:07.520916,160.0,3.0,117.4,149.2,1.95,COMPLETE
9863,0.825,2026-04-08 20:44:00.645222,2026-04-08 20:44:35.537572,0 days 00:00:34.892350,395.0,1.0,122.8,156.9,0.2,COMPLETE
9864,0.825,2026-04-08 20:44:35.556031,2026-04-08 20:45:09.579637,0 days 00:00:34.023606,499.0,2.0,125.1,154.1,0.12,COMPLETE
9865,0.6875,2026-04-08 20:45:09.595779,2026-04-08 20:45:18.172325,0 days 00:00:08.576546,159.0,1.0,114.8,157.1,0.45,COMPLETE
9866,0.6875,2026-04-08 20:45:18.190658,2026-04-08 20:45:25.344584,0 days 00:00:07.153926,499.0,1.0,120.6,154.7,0.36,COMPLETE
9867,0.6875,2026-04-08 20:45:25.360482,2026-04-08 20:45:32.520442,0 days 00:00:07.159960,422.0,1.0,116.3,155.5,0.23,COMPLETE
9868,0.6875,2026-04-08 20:45:32.538571,2026-04-08 20:45:39.100874,0 days 00:00:06.562303,365.0,1.0,115.5,156.1,0.2,COMPLETE
9869,0.6875,2026-04-08 20:45:39.117286,2026-04-08 20:45:46.202414,0 days 00:00:07.085128,330.0,1.0,120.3,153.2,0.44,COMPLETE
9870,0.6875,2026-04-08 20:45:46.220742,2026-04-08 20:45:53.314748,0 days 00:00:07.094006,432.0,2.0,116.3,157.3,0.17,COMPLETE
9871,0.6875,2026-04-08 20:45:53.332460,2026-04-08 20:46:00.112770,0 days 00:00:06.780310,424.0,2.0,116.4,154.9,0.26,COMPLETE
9872,0.6875,2026-04-08 20:46:00.131564,2026-04-08 20:46:06.836776,0 days 00:00:06.705212,453.0,1.0,115.4,152.9,0.0,COMPLETE
9873,0.825,2026-04-08 20:46:06.851336,2026-04-08 20:46:41.231919,0 days 00:00:34.380583,392.0,1.0,119.9,155.9,0.01,COMPLETE
9874,0.6875,2026-04-08 20:46:41.250752,2026-04-08 20:46:48.521731,0 days 00:00:07.270979,358.0,1.0,114.3,152.8,0.21,COMPLETE
9875,0.825,2026-04-08 20:46:48.536594,2026-04-08 20:47:22.934383,0 days 00:00:34.397789,335.0,1.0,118.4,156.4,0.02,COMPLETE
9876,0.6875,2026-04-08 20:47:22.953185,2026-04-08 20:47:30.025885,0 days 00:00:07.072700,376.0,1.0,117.4,152.1,0.24,COMPLETE
9877,0.6875,2026-04-08 20:47:30.041028,2026-04-08 20:47:37.284595,0 days 00:00:07.243567,283.0,1.0,121.6,154.6,0.22,COMPLETE
9878,0.6875,2026-04-08 20:47:37.303331,2026-04-08 20:47:44.149080,0 days 00:00:06.845749,411.0,2.0,125.4,153.9,0.98,COMPLETE
9879,0.6875,2026-04-08 20:47:44.165916,2026-04-08 20:47:51.830442,0 days 00:00:07.664526,345.0,1.0,116.8,153.6,0.33,COMPLETE
9880,0.6875,2026-04-08 20:47:51.847707,2026-04-08 20:47:58.595844,0 days 00:00:06.748137,329.0,1.0,116.9,150.5,0.23,COMPLETE
9881,0.6875,2026-04-08 20:47:58.613947,2026-04-08 20:48:05.496493,0 days 00:00:06.882546,420.0,1.0,119.4,153.8,0.5,COMPLETE
9882,0.6875,2026-04-08 20:48:05.513654,2026-04-08 20:48:12.562845,0 days 00:00:07.049191,351.0,1.0,123.1,153.5,0.32,COMPLETE
9883,0.825,2026-04-08 20:48:12.581157,2026-04-08 20:48:46.917802,0 days 00:00:34.336645,382.0,1.0,118.4,154.4,0.0,COMPLETE
9884,0.6875,2026-04-08 20:48:46.935573,2026-04-08 20:48:54.133293,0 days 00:00:07.197720,243.0,2.0,116.8,157.5,0.0,COMPLETE
9885,0.6875,2026-04-08 20:48:54.151558,2026-04-08 20:49:01.121220,0 days 00:00:06.969662,390.0,1.0,116.7,152.6,0.2,COMPLETE
9886,0.6875,2026-04-08 20:49:01.137375,2026-04-08 20:49:07.804439,0 days 00:00:06.667064,497.0,1.0,115.2,153.6,0.24,COMPLETE
9887,0.6875,2026-04-08 20:49:07.821406,2026-04-08 20:49:15.157075,0 days 00:00:07.335669,471.0,1.0,120.8,158.5,0.14,COMPLETE
9888,0.6875,2026-04-08 20:49:15.173724,2026-04-08 20:49:22.512772,0 days 00:00:07.339048,241.0,3.0,118.4,156.8,0.44,COMPLETE
9889,0.6875,2026-04-08 20:49:22.531324,2026-04-08 20:49:29.276326,0 days 00:00:06.745002,379.0,1.0,117.9,154.6,0.32,COMPLETE
9890,0.6875,2026-04-08 20:49:29.292172,2026-04-08 20:49:36.077123,0 days 00:00:06.784951,455.0,1.0,115.4,155.0,0.84,COMPLETE
9891,0.825,2026-04-08 20:49:36.095702,2026-04-08 20:50:10.383774,0 days 00:00:34.288072,454.0,1.0,118.5,153.1,0.02,COMPLETE
9892,0.6875,2026-04-08 20:50:10.400178,2026-04-08 20:50:17.550716,0 days 00:00:07.150538,493.0,2.0,115.0,156.4,0.34,COMPLETE
9893,0.825,2026-04-08 20:50:17.568616,2026-04-08 20:50:51.860090,0 days 00:00:34.291474,419.0,1.0,119.0,154.8,0.31,COMPLETE
9894,0.825,2026-04-08 20:50:51.879658,2026-04-08 20:51:26.608294,0 days 00:00:34.728636,441.0,2.0,117.1,155.6,0.0,COMPLETE
9895,0.0,2026-04-08 20:51:26.627577,2026-04-08 20:51:34.083235,0 days 00:00:07.455658,360.0,2.0,124.1,155.8,0.08,COMPLETE
9896,0.6875,2026-04-08 20:51:34.098426,2026-04-08 20:51:41.339640,0 days 00:00:07.241214,381.0,1.0,116.0,153.9,0.58,COMPLETE
9897,0.6875,2026-04-08 20:51:41.357881,2026-04-08 20:51:48.926301,0 days 00:00:07.568420,306.0,2.0,124.8,156.4,0.24,COMPLETE
9898,0.825,2026-04-08 20:51:48.944334,2026-04-08 20:52:23.987258,0 days 00:00:35.042924,367.0,1.0,117.8,156.2,0.26,COMPLETE
9899,0.825,2026-04-08 20:52:24.002581,2026-04-08 20:52:57.795682,0 days 00:00:33.793101,354.0,3.0,118.7,154.9,0.04,COMPLETE
9900,0.6875,2026-04-08 20:52:57.814190,2026-04-08 20:53:04.750125,0 days 00:00:06.935935,446.0,2.0,116.6,156.5,0.51,COMPLETE
9901,0.6875,2026-04-08 20:53:04.765520,2026-04-08 20:53:11.393351,0 days 00:00:06.627831,458.0,1.0,115.1,156.1,0.31,COMPLETE
9902,0.825,2026-04-08 20:53:11.412862,2026-04-08 20:53:46.222229,0 days 00:00:34.809367,446.0,2.0,123.3,155.1,0.2,COMPLETE
9903,0.6875,2026-04-08 20:53:46.237543,2026-04-08 20:53:53.942191,0 days 00:00:07.704648,338.0,1.0,115.5,157.2,0.42,COMPLETE
9904,0.6875,2026-04-08 20:53:53.960384,2026-04-08 20:54:00.574129,0 days 00:00:06.613745,391.0,1.0,116.7,156.4,0.24,COMPLETE
9905,0.6875,2026-04-08 20:54:00.590033,2026-04-08 20:54:07.363386,0 days 00:00:06.773353,378.0,1.0,114.0,156.2,0.45,COMPLETE
9906,0.825,2026-04-08 20:54:07.381803,2026-04-08 20:54:42.764925,0 days 00:00:35.383122,279.0,3.0,124.9,153.2,0.03,COMPLETE
9907,0.6875,2026-04-08 20:54:42.783423,2026-04-08 20:54:50.387114,0 days 00:00:07.603691,368.0,1.0,116.1,152.9,0.24,COMPLETE
9908,0.6875,2026-04-08 20:54:50.405465,2026-04-08 20:54:57.399141,0 days 00:00:06.993676,495.0,3.0,117.4,157.8,0.04,COMPLETE
9909,0.6875,2026-04-08 20:54:57.415417,2026-04-08 20:55:04.612308,0 days 00:00:07.196891,473.0,1.0,114.5,151.8,0.01,COMPLETE
9910,0.6875,2026-04-08 20:55:04.630700,2026-04-08 20:55:11.429778,0 days 00:00:06.799078,334.0,1.0,114.3,152.8,0.0,COMPLETE
9911,0.6875,2026-04-08 20:55:11.446662,2026-04-08 20:55:19.055899,0 days 00:00:07.609237,422.0,2.0,123.4,155.6,0.86,COMPLETE
9912,0.6875,2026-04-08 20:55:19.074915,2026-04-08 20:55:26.625000,0 days 00:00:07.550085,329.0,1.0,116.1,155.7,0.01,COMPLETE
9913,0.825,2026-04-08 20:55:26.643903,2026-04-08 20:56:00.842847,0 days 00:00:34.198944,499.0,1.0,119.8,156.3,0.16,COMPLETE
9914,0.6875,2026-04-08 20:56:00.858349,2026-04-08 20:56:07.772622,0 days 00:00:06.914273,448.0,1.0,122.1,154.4,0.86,COMPLETE
9915,0.825,2026-04-08 20:56:07.790290,2026-04-08 20:56:42.032128,0 days 00:00:34.241838,419.0,1.0,117.9,154.0,0.18,COMPLETE
9916,0.6875,2026-04-08 20:56:42.047408,2026-04-08 20:56:48.864665,0 days 00:00:06.817257,441.0,2.0,114.8,153.7,0.01,COMPLETE
9917,0.6875,2026-04-08 20:56:48.882504,2026-04-08 20:56:55.997850,0 days 00:00:07.115346,300.0,1.0,113.1,157.5,0.02,COMPLETE
9918,0.6875,2026-04-08 20:56:56.013987,2026-04-08 20:57:03.423495,0 days 00:00:07.409508,340.0,1.0,120.6,153.7,0.04,COMPLETE
9919,0.6875,2026-04-08 20:57:03.441198,2026-04-08 20:57:10.739030,0 days 00:00:07.297832,440.0,1.0,113.2,154.0,0.23,COMPLETE
9920,0.6875,2026-04-08 20:57:10.755711,2026-04-08 20:57:17.505074,0 days 00:00:06.749363,458.0,2.0,114.4,156.9,0.0,COMPLETE
9921,0.6875,2026-04-08 20:57:17.523168,2026-04-08 20:57:24.483448,0 days 00:00:06.960280,343.0,1.0,114.6,154.9,0.48,COMPLETE
