number,value,datetime_start,datetime_complete,duration,params_voltage,params_width,params_x,params_y,params_z,state
6432,0.6875,2026-04-06 18:48:27.895507,2026-04-06 18:48:35.208028,0 days 00:00:07.312521,376.0,1.0,122.3,151.4,1.3900000000000001,COMPLETE
6433,0.6875,2026-04-06 18:48:35.221312,2026-04-06 18:48:41.879391,0 days 00:00:06.658079,353.0,2.0,125.5,153.7,1.12,COMPLETE
6434,0.6875,2026-04-06 18:48:41.890181,2026-04-06 18:48:49.275682,0 days 00:00:07.385501,274.0,1.0,119.7,158.7,0.43,COMPLETE
6435,0.6875,2026-04-06 18:48:49.289451,2026-04-06 18:48:56.778444,0 days 00:00:07.488993,198.0,3.0,121.4,150.7,0.59,COMPLETE
6436,0.6875,2026-04-06 18:48:56.788728,2026-04-06 18:49:04.184154,0 days 00:00:07.395426,475.0,2.0,113.3,155.9,1.9000000000000001,COMPLETE
6437,0.6875,2026-04-06 18:49:04.197874,2026-04-06 18:49:11.397705,0 days 00:00:07.199831,495.0,2.0,120.5,159.7,0.77,COMPLETE
6438,0.6875,2026-04-06 18:49:11.407789,2026-04-06 18:49:19.342385,0 days 00:00:07.934596,222.0,1.0,114.3,152.8,1.72,COMPLETE
6439,0.6875,2026-04-06 18:49:19.353111,2026-04-06 18:49:27.195593,0 days 00:00:07.842482,255.0,3.0,126.5,156.8,1.3,COMPLETE
6440,0.6875,2026-04-06 18:49:27.209054,2026-04-06 18:49:34.939533,0 days 00:00:07.730479,328.0,2.0,118.9,149.7,0.25,COMPLETE
6441,0.6875,2026-04-06 18:49:34.953229,2026-04-06 18:49:41.750924,0 days 00:00:06.797695,395.0,3.0,115.0,149.0,0.26,COMPLETE
6442,0.6875,2026-04-06 18:49:41.762050,2026-04-06 18:49:49.434805,0 days 00:00:07.672755,322.0,2.0,123.3,154.5,1.19,COMPLETE
6443,0.6875,2026-04-06 18:49:49.448659,2026-04-06 18:49:56.802911,0 days 00:00:07.354252,156.0,3.0,117.9,151.9,1.79,COMPLETE
6444,0.6875,2026-04-06 18:49:56.813993,2026-04-06 18:50:04.046358,0 days 00:00:07.232365,427.0,1.0,123.9,157.5,0.72,COMPLETE
6445,0.6875,2026-04-06 18:50:04.059735,2026-04-06 18:50:10.761657,0 days 00:00:06.701922,430.0,3.0,122.0,155.7,1.0,COMPLETE
6446,0.6875,2026-04-06 18:50:10.772866,2026-04-06 18:50:18.766423,0 days 00:00:07.993557,152.0,2.0,116.2,150.9,0.45,COMPLETE
6447,0.6875,2026-04-06 18:50:18.779759,2026-04-06 18:50:26.362818,0 days 00:00:07.583059,319.0,3.0,124.8,158.6,0.54,COMPLETE
6448,0.6875,2026-04-06 18:50:26.376164,2026-04-06 18:50:33.697525,0 days 00:00:07.321361,398.0,1.0,116.8,153.9,1.99,COMPLETE
6449,0.6875,2026-04-06 18:50:33.708553,2026-04-06 18:50:40.625359,0 days 00:00:06.916806,330.0,2.0,113.4,151.6,1.53,COMPLETE
6450,0.6875,2026-04-06 18:50:40.639323,2026-04-06 18:50:48.316922,0 days 00:00:07.677599,252.0,1.0,121.2,157.9,0.96,COMPLETE
6451,0.6875,2026-04-06 18:50:48.328150,2026-04-06 18:50:55.878763,0 days 00:00:07.550613,220.0,3.0,119.4,148.6,0.05,COMPLETE
6452,0.6875,2026-04-06 18:50:55.892261,2026-04-06 18:51:03.182361,0 days 00:00:07.290100,497.0,2.0,125.9,154.8,1.49,COMPLETE
6453,0.825,2026-04-06 18:51:03.195944,2026-04-06 18:51:37.789565,0 days 00:00:34.593621,473.0,2.0,118.6,157.7,0.36,COMPLETE
6454,0.6875,2026-04-06 18:51:37.800254,2026-04-06 18:51:46.000447,0 days 00:00:08.200193,200.0,1.0,126.8,151.7,1.18,COMPLETE
6455,0.6875,2026-04-06 18:51:46.013679,2026-04-06 18:51:53.724931,0 days 00:00:07.711252,276.0,3.0,114.4,154.6,1.84,COMPLETE
6456,0.6875,2026-04-06 18:51:53.738943,2026-04-06 18:52:00.922509,0 days 00:00:07.183566,350.0,2.0,120.4,148.9,0.65,COMPLETE
6457,0.6875,2026-04-06 18:52:00.933507,2026-04-06 18:52:07.549528,0 days 00:00:06.616021,373.0,3.0,124.0,149.5,0.86,COMPLETE
6458,0.6875,2026-04-06 18:52:07.562947,2026-04-06 18:52:15.172466,0 days 00:00:07.609519,300.0,1.0,117.8,157.0,1.67,COMPLETE
6459,0.6875,2026-04-06 18:52:15.184204,2026-04-06 18:52:22.808723,0 days 00:00:07.624519,177.0,2.0,122.9,152.7,1.33,COMPLETE
6460,0.6875,2026-04-06 18:52:22.821924,2026-04-06 18:52:30.466645,0 days 00:00:07.644721,449.0,1.0,115.3,159.9,0.13,COMPLETE
6461,0.6875,2026-04-06 18:52:30.479495,2026-04-06 18:52:38.707177,0 days 00:00:08.227682,438.0,2.0,126.4,148.1,1.92,COMPLETE
6462,0.6875,2026-04-06 18:52:38.718879,2026-04-06 18:52:46.659674,0 days 00:00:07.940795,189.0,1.0,119.0,155.3,0.6,COMPLETE
6463,0.6875,2026-04-06 18:52:46.673435,2026-04-06 18:52:53.392984,0 days 00:00:06.719549,288.0,3.0,120.9,151.0,0.39,COMPLETE
6464,0.6875,2026-04-06 18:52:53.403957,2026-04-06 18:53:00.794455,0 days 00:00:07.390498,385.0,1.0,113.9,158.5,1.07,COMPLETE
6465,0.6875,2026-04-06 18:53:00.808351,2026-04-06 18:53:07.526016,0 days 00:00:06.717665,362.0,3.0,118.2,159.1,1.43,COMPLETE
6466,0.6875,2026-04-06 18:53:07.539913,2026-04-06 18:53:14.983935,0 days 00:00:07.444022,265.0,2.0,123.6,153.4,0.11,COMPLETE
6467,0.6875,2026-04-06 18:53:14.998028,2026-04-06 18:53:22.751552,0 days 00:00:07.753524,212.0,2.0,114.9,156.3,0.89,COMPLETE
6468,0.6875,2026-04-06 18:53:22.762600,2026-04-06 18:53:30.360222,0 days 00:00:07.597622,461.0,1.0,123.4,150.3,1.59,COMPLETE
6469,0.6875,2026-04-06 18:53:30.371473,2026-04-06 18:53:37.594431,0 days 00:00:07.222958,485.0,3.0,115.7,153.2,0.71,COMPLETE
6470,0.6875,2026-04-06 18:53:37.608336,2026-04-06 18:53:45.394091,0 days 00:00:07.785755,231.0,1.0,122.5,159.4,1.77,COMPLETE
6471,0.6875,2026-04-06 18:53:45.407781,2026-04-06 18:53:52.880367,0 days 00:00:07.472586,241.0,2.0,117.3,150.1,1.25,COMPLETE
6472,0.671875,2026-04-06 18:53:52.891856,2026-04-06 18:54:00.255997,0 days 00:00:07.364141,342.0,1.0,124.5,156.4,0.3,COMPLETE
6473,0.6875,2026-04-06 18:54:00.269269,2026-04-06 18:54:06.881914,0 days 00:00:06.612645,410.0,3.0,121.7,154.1,0.19,COMPLETE
6474,0.6875,2026-04-06 18:54:06.894184,2026-04-06 18:54:14.465655,0 days 00:00:07.571471,307.0,1.0,113.0,149.4,1.27,COMPLETE
6475,0.6875,2026-04-06 18:54:14.479369,2026-04-06 18:54:22.944379,0 days 00:00:08.465010,164.0,3.0,125.4,157.1,1.73,COMPLETE
6476,0.6875,2026-04-06 18:54:22.958051,2026-04-06 18:54:30.170390,0 days 00:00:07.212339,419.0,2.0,119.8,152.3,0.79,COMPLETE
6477,0.6875,2026-04-06 18:54:30.181699,2026-04-06 18:54:37.687405,0 days 00:00:07.505706,422.0,3.0,126.1,159.4,0.46,COMPLETE
6478,0.6875,2026-04-06 18:54:37.701744,2026-04-06 18:54:45.760499,0 days 00:00:08.058755,161.0,2.0,119.2,153.1,1.02,COMPLETE
6479,0.6875,2026-04-06 18:54:45.770937,2026-04-06 18:54:52.429321,0 days 00:00:06.658384,304.0,2.0,121.1,156.3,2.0,COMPLETE
6480,0.6875,2026-04-06 18:54:52.440251,2026-04-06 18:54:59.808539,0 days 00:00:07.368288,412.0,1.0,113.7,150.2,0.55,COMPLETE
6481,0.6875,2026-04-06 18:54:59.821967,2026-04-06 18:55:06.645811,0 days 00:00:06.823844,345.0,3.0,116.7,149.3,0.9400000000000001,COMPLETE
6482,0.6875,2026-04-06 18:55:06.659240,2026-04-06 18:55:14.436920,0 days 00:00:07.777680,238.0,1.0,125.2,154.1,1.51,COMPLETE
6483,0.6875,2026-04-06 18:55:14.450056,2026-04-06 18:55:21.765595,0 days 00:00:07.315539,229.0,3.0,116.5,152.4,1.47,COMPLETE
6484,0.825,2026-04-06 18:55:21.777482,2026-04-06 18:55:56.119397,0 days 00:00:34.341915,488.0,2.0,121.8,157.1,0.03,COMPLETE
6485,0.6875,2026-04-06 18:55:56.133027,2026-04-06 18:56:03.217949,0 days 00:00:07.084922,458.0,2.0,115.5,155.5,1.17,COMPLETE
6486,0.6875,2026-04-06 18:56:03.232084,2026-04-06 18:56:11.141219,0 days 00:00:07.909135,215.0,1.0,122.7,148.0,0.34,COMPLETE
6487,0.6875,2026-04-06 18:56:11.156489,2026-04-06 18:56:18.726290,0 days 00:00:07.569801,268.0,3.0,117.5,158.4,0.63,COMPLETE
6488,0.6875,2026-04-06 18:56:18.739956,2026-04-06 18:56:26.214211,0 days 00:00:07.474255,359.0,1.0,124.2,151.1,1.82,COMPLETE
6489,0.6875,2026-04-06 18:56:26.228065,2026-04-06 18:56:33.088109,0 days 00:00:06.860044,382.0,3.0,120.1,153.3,1.68,COMPLETE
6490,0.6875,2026-04-06 18:56:33.099073,2026-04-06 18:56:40.540265,0 days 00:00:07.441192,291.0,2.0,114.5,159.3,0.87,COMPLETE
6491,0.6875,2026-04-06 18:56:40.554670,2026-04-06 18:56:48.896659,0 days 00:00:08.341989,192.0,2.0,126.9,150.3,0.14,COMPLETE
6492,0.6875,2026-04-06 18:56:48.909911,2026-04-06 18:56:56.405364,0 days 00:00:07.495453,435.0,1.0,118.3,156.1,1.34,COMPLETE
6493,0.6875,2026-04-06 18:56:56.421160,2026-04-06 18:57:03.534696,0 days 00:00:07.113536,446.0,2.0,123.1,151.9,0.61,COMPLETE
6494,0.6875,2026-04-06 18:57:03.547910,2026-04-06 18:57:11.443709,0 days 00:00:07.895799,180.0,1.0,115.0,157.6,1.94,COMPLETE
6495,0.6875,2026-04-06 18:57:11.459817,2026-04-06 18:57:19.190351,0 days 00:00:07.730534,303.0,3.0,123.8,148.7,1.09,COMPLETE
6496,0.6875,2026-04-06 18:57:19.206931,2026-04-06 18:57:26.501531,0 days 00:00:07.294600,370.0,2.0,117.9,154.7,0.4,COMPLETE
6497,0.6875,2026-04-06 18:57:26.515515,2026-04-06 18:57:33.363363,0 days 00:00:06.847848,347.0,3.0,114.1,156.9,0.1,COMPLETE
6498,0.6875,2026-04-06 18:57:33.379572,2026-04-06 18:57:41.192317,0 days 00:00:07.812745,279.0,1.0,120.6,149.6,1.41,COMPLETE
6499,0.6875,2026-04-06 18:57:41.205257,2026-04-06 18:57:48.883812,0 days 00:00:07.678555,203.0,2.0,118.7,160.0,1.57,COMPLETE
6500,0.6875,2026-04-06 18:57:48.899854,2026-04-06 18:57:56.452946,0 days 00:00:07.553092,470.0,1.0,126.6,152.5,0.87,COMPLETE
6501,0.6875,2026-04-06 18:57:56.468846,2026-04-06 18:58:03.549894,0 days 00:00:07.081048,500.0,3.0,119.6,150.9,1.76,COMPLETE
6502,0.6875,2026-04-06 18:58:03.563603,2026-04-06 18:58:11.171856,0 days 00:00:07.608253,217.0,2.0,125.7,155.5,0.6900000000000001,COMPLETE
6503,0.6875,2026-04-06 18:58:11.184154,2026-04-06 18:58:18.910703,0 days 00:00:07.726549,249.0,3.0,113.3,153.9,0.28,COMPLETE
6504,0.6875,2026-04-06 18:58:18.924355,2026-04-06 18:58:26.316739,0 days 00:00:07.392384,333.0,1.0,121.5,158.7,1.23,COMPLETE
6505,0.6875,2026-04-06 18:58:26.333020,2026-04-06 18:58:33.040119,0 days 00:00:06.707099,401.0,2.0,124.7,157.8,1.28,COMPLETE
6506,0.6875,2026-04-06 18:58:33.056068,2026-04-06 18:58:40.764354,0 days 00:00:07.708286,316.0,1.0,117.1,151.6,0.21,COMPLETE
6508,0.6875,2026-04-06 18:59:21.763998,2026-04-06 18:59:29.151980,0 days 00:00:07.387982,293.0,3.0,124.3,153.8,0.17,COMPLETE
6509,0.825,2026-04-06 18:59:29.174355,2026-04-06 18:59:34.372305,0 days 00:00:05.197950,269.0,2.0,122.0,154.2,0.11,COMPLETE
6510,0.6875,2026-04-06 18:59:34.389761,2026-04-06 18:59:41.009631,0 days 00:00:06.619870,283.0,2.0,122.5,155.1,0.28,COMPLETE
6511,0.825,2026-04-06 18:59:41.026358,2026-04-06 19:00:14.925402,0 days 00:00:33.899044,414.0,2.0,122.7,156.0,0.37,COMPLETE
6512,0.6875,2026-04-06 19:00:14.942001,2026-04-06 19:00:21.401318,0 days 00:00:06.459317,439.0,2.0,121.9,155.6,0.63,COMPLETE
6513,0.6875,2026-04-06 19:00:21.414192,2026-04-06 19:00:28.238742,0 days 00:00:06.824550,322.0,2.0,125.3,155.9,0.24,COMPLETE
6514,0.6875,2026-04-06 19:00:28.255420,2026-04-06 19:00:35.762546,0 days 00:00:07.507126,404.0,1.0,115.2,157.6,0.24,COMPLETE
6515,0.6875,2026-04-06 19:00:35.778722,2026-04-06 19:00:42.317811,0 days 00:00:06.539089,420.0,1.0,116.9,156.8,0.61,COMPLETE
6516,0.6875,2026-04-06 19:00:42.334978,2026-04-06 19:00:49.318126,0 days 00:00:06.983148,319.0,1.0,115.2,153.1,0.19,COMPLETE
6517,0.6875,2026-04-06 19:00:49.334125,2026-04-06 19:00:57.047219,0 days 00:00:07.713094,241.0,2.0,124.9,155.3,0.3,COMPLETE
6518,0.825,2026-04-06 19:00:57.060143,2026-04-06 19:01:31.225989,0 days 00:00:34.165846,310.0,2.0,122.5,157.0,0.13,COMPLETE
6519,0.6875,2026-04-06 19:01:31.243307,2026-04-06 19:01:37.899314,0 days 00:00:06.656007,293.0,2.0,125.7,156.4,0.26,COMPLETE
6520,0.6875,2026-04-06 19:01:37.915463,2026-04-06 19:01:44.540010,0 days 00:00:06.624547,351.0,2.0,122.7,154.7,0.31,COMPLETE
6521,0.6875,2026-04-06 19:01:44.556123,2026-04-06 19:01:51.605361,0 days 00:00:07.049238,437.0,2.0,116.0,155.0,0.41000000000000003,COMPLETE
6522,0.6875,2026-04-06 19:01:51.621309,2026-04-06 19:01:58.606194,0 days 00:00:06.984885,365.0,1.0,120.7,154.9,0.32,COMPLETE
6523,0.0,2026-04-06 19:01:58.623958,2026-04-06 19:02:05.286508,0 days 00:00:06.662550,262.0,2.0,121.6,155.3,0.14,COMPLETE
6524,0.825,2026-04-06 19:02:05.302653,2026-04-06 19:02:39.049436,0 days 00:00:33.746783,372.0,2.0,122.8,155.6,0.19,COMPLETE
6525,0.6875,2026-04-06 19:02:39.065292,2026-04-06 19:02:45.956177,0 days 00:00:06.890885,310.0,2.0,124.8,153.4,0.61,COMPLETE
6526,0.6875,2026-04-06 19:02:45.972563,2026-04-06 19:02:52.634520,0 days 00:00:06.661957,278.0,2.0,124.2,156.2,0.35000000000000003,COMPLETE
6527,0.825,2026-04-06 19:02:52.650876,2026-04-06 19:03:26.673638,0 days 00:00:34.022762,371.0,2.0,123.7,153.6,0.03,COMPLETE
6528,0.6875,2026-04-06 19:03:26.688423,2026-04-06 19:03:33.678169,0 days 00:00:06.989746,259.0,2.0,122.3,152.1,0.05,COMPLETE
6529,0.6875,2026-04-06 19:03:33.695298,2026-04-06 19:03:40.998678,0 days 00:00:07.303380,178.0,2.0,118.7,156.4,0.3,COMPLETE
6530,0.6875,2026-04-06 19:03:41.009797,2026-04-06 19:03:47.783384,0 days 00:00:06.773587,261.0,2.0,120.9,153.9,0.27,COMPLETE
6531,0.6875,2026-04-06 19:03:47.800851,2026-04-06 19:03:54.381844,0 days 00:00:06.580993,298.0,2.0,120.9,155.3,0.26,COMPLETE
6532,0.825,2026-04-06 19:03:54.398417,2026-04-06 19:04:28.359392,0 days 00:00:33.960975,371.0,2.0,118.6,156.9,0.09,COMPLETE
6533,0.6875,2026-04-06 19:04:28.373202,2026-04-06 19:04:35.305190,0 days 00:00:06.931988,233.0,2.0,122.0,157.6,0.37,COMPLETE
6534,0.6875,2026-04-06 19:04:35.321217,2026-04-06 19:04:42.004757,0 days 00:00:06.683540,275.0,2.0,121.7,155.0,0.06,COMPLETE
6535,0.825,2026-04-06 19:04:42.019498,2026-04-06 19:05:16.259114,0 days 00:00:34.239616,346.0,2.0,123.2,152.6,0.07,COMPLETE
6536,0.6875,2026-04-06 19:05:16.273238,2026-04-06 19:05:23.162852,0 days 00:00:06.889614,248.0,2.0,121.4,153.8,0.08,COMPLETE
6537,0.6875,2026-04-06 19:05:23.178894,2026-04-06 19:05:29.561774,0 days 00:00:06.382880,456.0,1.0,121.8,154.4,0.26,COMPLETE
6538,0.6875,2026-04-06 19:05:29.577432,2026-04-06 19:05:36.415061,0 days 00:00:06.837629,289.0,2.0,120.1,156.2,0.59,COMPLETE
6539,0.825,2026-04-06 19:05:36.432107,2026-04-06 19:06:10.256307,0 days 00:00:33.824200,270.0,2.0,119.6,155.4,0.06,COMPLETE
6540,0.825,2026-04-06 19:06:10.272681,2026-04-06 19:06:44.550372,0 days 00:00:34.277691,311.0,2.0,125.1,153.0,0.04,COMPLETE
6541,0.825,2026-04-06 19:06:44.561981,2026-04-06 19:06:49.839305,0 days 00:00:05.277324,248.0,2.0,124.4,154.6,0.04,COMPLETE
6542,0.825,2026-04-06 19:06:49.855341,2026-04-06 19:07:23.734257,0 days 00:00:33.878916,316.0,2.0,122.9,155.6,0.38,COMPLETE
6543,0.6875,2026-04-06 19:07:23.751011,2026-04-06 19:07:30.763083,0 days 00:00:07.012072,260.0,2.0,118.9,153.8,0.35000000000000003,COMPLETE
6544,0.6875,2026-04-06 19:07:30.779851,2026-04-06 19:07:37.404495,0 days 00:00:06.624644,339.0,2.0,121.7,155.4,0.55,COMPLETE
6545,0.6875,2026-04-06 19:07:37.421700,2026-04-06 19:07:43.972664,0 days 00:00:06.550964,294.0,2.0,123.3,154.4,0.36,COMPLETE
6546,0.6875,2026-04-06 19:07:43.988850,2026-04-06 19:07:50.474059,0 days 00:00:06.485209,327.0,2.0,124.2,155.8,0.21,COMPLETE
6547,0.6875,2026-04-06 19:07:50.490336,2026-04-06 19:07:56.930237,0 days 00:00:06.439901,304.0,2.0,124.5,156.8,0.45,COMPLETE
6548,0.6875,2026-04-06 19:07:56.946207,2026-04-06 19:08:03.553211,0 days 00:00:06.607004,283.0,2.0,123.7,153.5,0.02,COMPLETE
6549,0.6875,2026-04-06 19:08:03.569733,2026-04-06 19:08:10.789399,0 days 00:00:07.219666,163.0,2.0,123.5,155.9,0.19,COMPLETE
6550,0.6875,2026-04-06 19:08:10.802794,2026-04-06 19:08:17.604753,0 days 00:00:06.801959,335.0,2.0,126.2,153.1,0.34,COMPLETE
6551,0.6875,2026-04-06 19:08:17.621783,2026-04-06 19:08:24.639619,0 days 00:00:07.017836,289.0,2.0,121.4,156.0,0.1,COMPLETE
6552,0.825,2026-04-06 19:08:24.655854,2026-04-06 19:08:59.482539,0 days 00:00:34.826685,303.0,2.0,118.9,155.0,0.14,COMPLETE
6553,0.6875,2026-04-06 19:08:59.496470,2026-04-06 19:09:06.508099,0 days 00:00:07.011629,219.0,2.0,123.1,154.0,0.2,COMPLETE
6554,0.671875,2026-04-06 19:09:06.524217,2026-04-06 19:09:12.979725,0 days 00:00:06.455508,235.0,2.0,123.5,155.0,0.02,COMPLETE
6555,0.6875,2026-04-06 19:09:12.993355,2026-04-06 19:09:19.555891,0 days 00:00:06.562536,316.0,2.0,124.1,157.1,0.17,COMPLETE
6556,0.825,2026-04-06 19:09:19.572267,2026-04-06 19:09:53.481329,0 days 00:00:33.909062,364.0,2.0,123.1,154.7,0.05,COMPLETE
6557,0.825,2026-04-06 19:09:53.497718,2026-04-06 19:09:58.924566,0 days 00:00:05.426848,252.0,2.0,125.3,154.6,0.15,COMPLETE
6558,0.6875,2026-04-06 19:09:58.941261,2026-04-06 19:10:05.746180,0 days 00:00:06.804919,259.0,2.0,123.1,153.6,0.1,COMPLETE
6559,0.825,2026-04-06 19:10:05.761679,2026-04-06 19:10:39.800289,0 days 00:00:34.038610,328.0,2.0,123.2,155.5,0.19,COMPLETE
6560,0.825,2026-04-06 19:10:39.814689,2026-04-06 19:11:13.625628,0 days 00:00:33.810939,464.0,2.0,124.2,154.8,0.46,COMPLETE
6561,0.6875,2026-04-06 19:11:13.641830,2026-04-06 19:11:20.779881,0 days 00:00:07.138051,290.0,2.0,120.8,152.2,0.2,COMPLETE
6562,0.6875,2026-04-06 19:11:20.795835,2026-04-06 19:11:27.614746,0 days 00:00:06.818911,257.0,2.0,121.0,154.8,0.48,COMPLETE
6563,0.6875,2026-04-06 19:11:27.631633,2026-04-06 19:11:34.190928,0 days 00:00:06.559295,255.0,2.0,121.9,154.1,0.67,COMPLETE
6564,0.825,2026-04-06 19:11:34.207056,2026-04-06 19:12:08.385840,0 days 00:00:34.178784,332.0,2.0,120.8,156.6,0.22,COMPLETE
6565,0.6875,2026-04-06 19:12:08.402175,2026-04-06 19:12:15.666363,0 days 00:00:07.264188,191.0,2.0,121.8,158.1,0.35000000000000003,COMPLETE
6566,0.825,2026-04-06 19:12:15.682226,2026-04-06 19:12:49.877165,0 days 00:00:34.194939,384.0,2.0,119.5,154.4,0.16,COMPLETE
6567,0.825,2026-04-06 19:12:49.894621,2026-04-06 19:13:24.168119,0 days 00:00:34.273498,290.0,2.0,123.0,156.1,0.24,COMPLETE
6568,0.6875,2026-04-06 19:13:24.186461,2026-04-06 19:13:30.833176,0 days 00:00:06.646715,403.0,2.0,125.0,155.4,0.59,COMPLETE
6569,0.6875,2026-04-06 19:13:30.849296,2026-04-06 19:13:37.653053,0 days 00:00:06.803757,234.0,2.0,123.7,157.0,0.46,COMPLETE
6570,0.6875,2026-04-06 19:13:37.669459,2026-04-06 19:13:44.539422,0 days 00:00:06.869963,248.0,2.0,121.5,155.1,0.22,COMPLETE
6571,0.6875,2026-04-06 19:13:44.556657,2026-04-06 19:13:51.228458,0 days 00:00:06.671801,296.0,2.0,121.9,157.7,0.23,COMPLETE
6572,0.6875,2026-04-06 19:13:51.244019,2026-04-06 19:13:57.976892,0 days 00:00:06.732873,315.0,2.0,121.0,153.5,0.1,COMPLETE
6573,0.6875,2026-04-06 19:13:57.990213,2026-04-06 19:14:04.699682,0 days 00:00:06.709469,416.0,1.0,119.2,152.8,0.3,COMPLETE
6574,0.825,2026-04-06 19:14:04.714102,2026-04-06 19:14:39.197856,0 days 00:00:34.483754,307.0,2.0,124.5,154.1,0.22,COMPLETE
6575,0.6875,2026-04-06 19:14:39.214439,2026-04-06 19:14:45.996233,0 days 00:00:06.781794,287.0,2.0,120.5,155.0,0.2,COMPLETE
6576,0.825,2026-04-06 19:14:46.008690,2026-04-06 19:15:20.393422,0 days 00:00:34.384732,266.0,2.0,124.5,154.7,0.09,COMPLETE
6577,0.6875,2026-04-06 19:15:20.410400,2026-04-06 19:15:26.909079,0 days 00:00:06.498679,310.0,2.0,123.9,155.4,0.19,COMPLETE
6578,0.6875,2026-04-06 19:15:26.922830,2026-04-06 19:15:33.350928,0 days 00:00:06.428098,279.0,2.0,123.7,154.5,0.17,COMPLETE
6579,0.6875,2026-04-06 19:15:33.367804,2026-04-06 19:15:39.823303,0 days 00:00:06.455499,258.0,2.0,124.0,153.4,0.59,COMPLETE
6580,0.6875,2026-04-06 19:15:39.837191,2026-04-06 19:15:46.608686,0 days 00:00:06.771495,365.0,2.0,121.1,154.6,0.1,COMPLETE
6581,0.6875,2026-04-06 19:15:46.624947,2026-04-06 19:15:53.061933,0 days 00:00:06.436986,325.0,2.0,120.8,154.7,0.31,COMPLETE
6582,0.6875,2026-04-06 19:15:53.075996,2026-04-06 19:15:59.841859,0 days 00:00:06.765863,239.0,2.0,121.0,155.6,0.19,COMPLETE
6583,0.6875,2026-04-06 19:15:59.858299,2026-04-06 19:16:06.460208,0 days 00:00:06.601909,275.0,3.0,121.9,154.4,0.47000000000000003,COMPLETE
6584,0.825,2026-04-06 19:16:06.473084,2026-04-06 19:16:40.532410,0 days 00:00:34.059326,414.0,2.0,124.6,154.9,0.32,COMPLETE
6585,0.825,2026-04-06 19:16:40.550954,2026-04-06 19:17:14.828625,0 days 00:00:34.277671,314.0,2.0,123.3,156.1,0.01,COMPLETE
6586,0.6875,2026-04-06 19:17:14.844542,2026-04-06 19:17:21.805612,0 days 00:00:06.961070,216.0,2.0,123.1,154.7,0.08,COMPLETE
6587,0.6875,2026-04-06 19:17:21.820822,2026-04-06 19:17:28.889952,0 days 00:00:07.069130,375.0,1.0,117.5,155.2,0.68,COMPLETE
6588,0.6875,2026-04-06 19:17:28.907836,2026-04-06 19:17:36.172326,0 days 00:00:07.264490,307.0,2.0,122.9,153.7,0.5,COMPLETE
6589,0.6875,2026-04-06 19:17:36.188304,2026-04-06 19:17:42.994453,0 days 00:00:06.806149,223.0,2.0,120.3,155.2,0.27,COMPLETE
6590,0.6875,2026-04-06 19:17:43.010704,2026-04-06 19:17:50.165657,0 days 00:00:07.154953,277.0,2.0,126.4,153.3,0.36,COMPLETE
6591,0.825,2026-04-06 19:17:50.177681,2026-04-06 19:18:24.460956,0 days 00:00:34.283275,417.0,1.0,122.2,155.4,0.41000000000000003,COMPLETE
6592,0.6875,2026-04-06 19:18:24.476948,2026-04-06 19:18:31.393556,0 days 00:00:06.916608,271.0,2.0,119.9,155.8,0.25,COMPLETE
6593,0.6875,2026-04-06 19:18:31.409478,2026-04-06 19:18:38.031170,0 days 00:00:06.621692,310.0,2.0,122.4,154.7,0.11,COMPLETE
6594,0.6875,2026-04-06 19:18:38.047551,2026-04-06 19:18:44.513931,0 days 00:00:06.466380,340.0,2.0,121.6,153.6,0.35000000000000003,COMPLETE
6595,0.6875,2026-04-06 19:18:44.530500,2026-04-06 19:18:51.317279,0 days 00:00:06.786779,280.0,2.0,122.3,155.4,0.45,COMPLETE
6596,0.825,2026-04-06 19:18:51.333880,2026-04-06 19:19:25.389193,0 days 00:00:34.055313,334.0,2.0,122.0,157.2,0.45,COMPLETE
6597,0.6875,2026-04-06 19:19:25.401067,2026-04-06 19:19:32.651679,0 days 00:00:07.250612,285.0,2.0,121.6,152.6,0.29,COMPLETE
6598,0.825,2026-04-06 19:19:32.667645,2026-04-06 19:20:06.845909,0 days 00:00:34.178264,321.0,2.0,123.1,156.8,0.0,COMPLETE
6599,0.6875,2026-04-06 19:20:06.862601,2026-04-06 19:20:14.157142,0 days 00:00:07.294541,164.0,2.0,124.5,152.9,0.22,COMPLETE
6600,0.03125,2026-04-06 19:20:14.170504,2026-04-06 19:20:20.794068,0 days 00:00:06.623564,281.0,2.0,122.8,155.0,0.27,COMPLETE
6601,0.825,2026-04-06 19:20:20.807283,2026-04-06 19:20:55.005862,0 days 00:00:34.198579,367.0,1.0,123.0,152.4,0.17,COMPLETE
6602,0.825,2026-04-06 19:20:55.022301,2026-04-06 19:21:29.017038,0 days 00:00:33.994737,336.0,3.0,123.8,156.2,0.21,COMPLETE
6603,0.825,2026-04-06 19:21:29.032883,2026-04-06 19:22:03.341457,0 days 00:00:34.308574,496.0,2.0,118.7,154.4,0.25,COMPLETE
6604,0.825,2026-04-06 19:22:03.355726,2026-04-06 19:22:37.629727,0 days 00:00:34.274001,275.0,2.0,120.3,156.3,0.14,COMPLETE
6605,0.825,2026-04-06 19:22:37.645941,2026-04-06 19:23:11.680193,0 days 00:00:34.034252,309.0,3.0,122.6,155.5,0.14,COMPLETE
6606,0.6875,2026-04-06 19:23:11.696541,2026-04-06 19:23:18.733917,0 days 00:00:07.037376,257.0,2.0,121.0,152.7,0.24,COMPLETE
