number,value,datetime_start,datetime_complete,duration,params_voltage,params_width,params_x,params_y,params_z,state
9573,0.825,2026-04-08 19:34:37.671799,2026-04-08 19:35:11.962432,0 days 00:00:34.290633,446.0,1.0,118.3,155.6,0.08,COMPLETE
9574,0.6875,2026-04-08 19:35:11.979278,2026-04-08 19:35:19.985172,0 days 00:00:08.005894,155.0,2.0,124.0,158.3,0.64,COMPLETE
9575,0.825,2026-04-08 19:35:20.004025,2026-04-08 19:35:54.181388,0 days 00:00:34.177363,466.0,3.0,122.7,155.3,0.53,COMPLETE
9576,0.825,2026-04-08 19:35:54.194282,2026-04-08 19:36:29.219965,0 days 00:00:35.025683,456.0,2.0,117.5,156.1,0.2,COMPLETE
9577,0.6875,2026-04-08 19:36:29.238215,2026-04-08 19:36:36.119674,0 days 00:00:06.881459,407.0,2.0,122.1,154.3,0.56,COMPLETE
9578,0.6875,2026-04-08 19:36:36.135812,2026-04-08 19:36:43.238055,0 days 00:00:07.102243,340.0,1.0,117.0,153.1,0.0,COMPLETE
9579,0.6875,2026-04-08 19:36:43.258266,2026-04-08 19:36:50.051837,0 days 00:00:06.793571,469.0,1.0,113.0,155.5,0.03,COMPLETE
9580,0.6875,2026-04-08 19:36:50.067944,2026-04-08 19:36:57.483189,0 days 00:00:07.415245,344.0,2.0,119.8,159.4,0.66,COMPLETE
9581,0.6875,2026-04-08 19:36:57.502191,2026-04-08 19:37:04.387016,0 days 00:00:06.884825,389.0,1.0,115.5,156.3,0.31,COMPLETE
9582,0.6875,2026-04-08 19:37:04.402170,2026-04-08 19:37:11.250683,0 days 00:00:06.848513,377.0,1.0,115.2,151.3,0.25,COMPLETE
9583,0.6875,2026-04-08 19:37:11.269521,2026-04-08 19:37:17.884086,0 days 00:00:06.614565,373.0,1.0,116.1,153.5,0.43,COMPLETE
9584,0.6875,2026-04-08 19:37:17.902037,2026-04-08 19:37:25.009234,0 days 00:00:07.107197,176.0,3.0,113.0,154.3,1.5,COMPLETE
9585,0.6875,2026-04-08 19:37:25.027723,2026-04-08 19:37:32.998553,0 days 00:00:07.970830,379.0,1.0,126.1,149.1,0.03,COMPLETE
9586,0.825,2026-04-08 19:37:33.017005,2026-04-08 19:37:38.534571,0 days 00:00:05.517566,386.0,2.0,122.9,154.2,0.19,COMPLETE
9587,0.6875,2026-04-08 19:37:38.553097,2026-04-08 19:37:45.807328,0 days 00:00:07.254231,373.0,2.0,115.7,155.8,0.27,COMPLETE
9588,0.6875,2026-04-08 19:37:45.825621,2026-04-08 19:37:53.524361,0 days 00:00:07.698740,225.0,2.0,125.8,157.2,0.24,COMPLETE
9589,0.6875,2026-04-08 19:37:53.541032,2026-04-08 19:38:01.234341,0 days 00:00:07.693309,448.0,2.0,114.2,153.9,0.25,COMPLETE
9590,0.6875,2026-04-08 19:38:01.253290,2026-04-08 19:38:08.181679,0 days 00:00:06.928389,307.0,1.0,116.4,155.7,0.33,COMPLETE
9591,0.6875,2026-04-08 19:38:08.197247,2026-04-08 19:38:14.870231,0 days 00:00:06.672984,476.0,1.0,116.9,153.1,0.21,COMPLETE
9592,0.6875,2026-04-08 19:38:14.888930,2026-04-08 19:38:21.903358,0 days 00:00:07.014428,449.0,1.0,113.3,148.0,1.62,COMPLETE
9593,0.825,2026-04-08 19:38:21.919634,2026-04-08 19:38:56.967697,0 days 00:00:35.048063,248.0,1.0,118.8,154.3,0.01,COMPLETE
9594,0.6875,2026-04-08 19:38:56.986094,2026-04-08 19:39:04.313127,0 days 00:00:07.327033,452.0,3.0,115.2,159.3,0.7000000000000001,COMPLETE
9595,0.6875,2026-04-08 19:39:04.329382,2026-04-08 19:39:11.973075,0 days 00:00:07.643693,369.0,2.0,118.3,151.7,0.27,COMPLETE
9596,0.6875,2026-04-08 19:39:11.991123,2026-04-08 19:39:18.772988,0 days 00:00:06.781865,413.0,2.0,116.2,154.3,0.4,COMPLETE
9597,0.825,2026-04-08 19:39:18.788134,2026-04-08 19:39:53.320536,0 days 00:00:34.532402,498.0,2.0,122.2,155.6,0.24,COMPLETE
9598,0.6875,2026-04-08 19:39:53.339286,2026-04-08 19:40:00.833436,0 days 00:00:07.494150,459.0,1.0,115.1,158.1,0.29,COMPLETE
9599,0.6875,2026-04-08 19:40:00.852733,2026-04-08 19:40:07.854255,0 days 00:00:07.001522,468.0,2.0,116.7,153.2,0.0,COMPLETE
9600,0.6875,2026-04-08 19:40:07.871173,2026-04-08 19:40:15.340785,0 days 00:00:07.469612,385.0,1.0,123.5,153.4,0.26,COMPLETE
9601,0.825,2026-04-08 19:40:15.359344,2026-04-08 19:40:49.861787,0 days 00:00:34.502443,418.0,1.0,117.0,156.0,0.02,COMPLETE
9602,0.6875,2026-04-08 19:40:49.877808,2026-04-08 19:40:56.963413,0 days 00:00:07.085605,374.0,1.0,121.5,153.4,0.54,COMPLETE
9603,0.6875,2026-04-08 19:40:56.981455,2026-04-08 19:41:04.026914,0 days 00:00:07.045459,288.0,2.0,121.6,156.1,0.26,COMPLETE
9604,0.6875,2026-04-08 19:41:04.042820,2026-04-08 19:41:11.076138,0 days 00:00:07.033318,377.0,3.0,117.8,152.2,0.0,COMPLETE
9605,0.6875,2026-04-08 19:41:11.094635,2026-04-08 19:41:17.685234,0 days 00:00:06.590599,395.0,1.0,117.1,153.2,0.0,COMPLETE
9606,0.6875,2026-04-08 19:41:17.699918,2026-04-08 19:41:24.463991,0 days 00:00:06.764073,461.0,1.0,120.3,153.6,0.03,COMPLETE
9607,0.825,2026-04-08 19:41:24.481969,2026-04-08 19:41:58.478936,0 days 00:00:33.996967,482.0,1.0,117.8,153.1,0.0,COMPLETE
9608,0.825,2026-04-08 19:41:58.494437,2026-04-08 19:42:32.523288,0 days 00:00:34.028851,448.0,1.0,117.9,156.8,0.0,COMPLETE
9609,0.6875,2026-04-08 19:42:32.541688,2026-04-08 19:42:39.848457,0 days 00:00:07.306769,319.0,2.0,118.0,151.8,0.0,COMPLETE
9610,0.6875,2026-04-08 19:42:39.863049,2026-04-08 19:42:46.838073,0 days 00:00:06.975024,354.0,1.0,122.5,153.8,0.9500000000000001,COMPLETE
9611,0.6875,2026-04-08 19:42:46.856242,2026-04-08 19:42:54.031633,0 days 00:00:07.175391,409.0,1.0,118.0,158.3,0.01,COMPLETE
9612,0.6875,2026-04-08 19:42:54.047013,2026-04-08 19:43:01.819079,0 days 00:00:07.772066,232.0,2.0,123.3,153.6,0.01,COMPLETE
9613,0.825,2026-04-08 19:43:01.837353,2026-04-08 19:43:35.999800,0 days 00:00:34.162447,454.0,2.0,119.9,155.6,0.44,COMPLETE
9614,0.825,2026-04-08 19:43:36.018223,2026-04-08 19:44:10.036707,0 days 00:00:34.018484,494.0,2.0,122.9,157.0,0.32,COMPLETE
9615,0.6875,2026-04-08 19:44:10.053299,2026-04-08 19:44:17.371563,0 days 00:00:07.318264,247.0,3.0,121.2,157.2,0.29,COMPLETE
9616,0.825,2026-04-08 19:44:17.390072,2026-04-08 19:44:51.543682,0 days 00:00:34.153610,458.0,1.0,119.8,154.7,0.01,COMPLETE
9617,0.825,2026-04-08 19:44:51.560457,2026-04-08 19:45:26.320055,0 days 00:00:34.759598,461.0,1.0,118.4,157.5,0.35000000000000003,COMPLETE
9618,0.825,2026-04-08 19:45:26.338311,2026-04-08 19:46:01.112075,0 days 00:00:34.773764,218.0,2.0,122.9,155.5,0.0,COMPLETE
9619,0.825,2026-04-08 19:46:01.131505,2026-04-08 19:46:35.719183,0 days 00:00:34.587678,353.0,1.0,116.3,155.6,0.0,COMPLETE
9620,0.825,2026-04-08 19:46:35.738517,2026-04-08 19:47:09.771830,0 days 00:00:34.033313,405.0,1.0,117.9,154.1,0.02,COMPLETE
9621,0.825,2026-04-08 19:47:09.789945,2026-04-08 19:47:43.557361,0 days 00:00:33.767416,353.0,1.0,117.1,153.7,0.0,COMPLETE
9622,0.825,2026-04-08 19:47:43.575311,2026-04-08 19:48:17.607321,0 days 00:00:34.032010,436.0,1.0,117.8,155.3,0.0,COMPLETE
9623,0.6875,2026-04-08 19:48:17.625542,2026-04-08 19:48:24.492075,0 days 00:00:06.866533,406.0,1.0,115.3,153.0,0.23,COMPLETE
9624,0.6875,2026-04-08 19:48:24.509486,2026-04-08 19:48:31.218026,0 days 00:00:06.708540,442.0,1.0,113.6,153.5,0.19,COMPLETE
9625,0.6875,2026-04-08 19:48:31.236238,2026-04-08 19:48:38.389861,0 days 00:00:07.153623,332.0,1.0,117.9,154.0,0.38,COMPLETE
9626,0.825,2026-04-08 19:48:38.406716,2026-04-08 19:49:12.379008,0 days 00:00:33.972292,377.0,1.0,118.2,155.9,0.01,COMPLETE
9627,0.6875,2026-04-08 19:49:12.397238,2026-04-08 19:49:19.328975,0 days 00:00:06.931737,361.0,1.0,115.1,153.8,0.29,COMPLETE
9628,0.6875,2026-04-08 19:49:19.344419,2026-04-08 19:49:27.116679,0 days 00:00:07.772260,406.0,1.0,125.8,156.4,0.23,COMPLETE
9629,0.6875,2026-04-08 19:49:27.134875,2026-04-08 19:49:35.894056,0 days 00:00:08.759181,155.0,1.0,113.3,153.7,1.99,COMPLETE
9630,0.6875,2026-04-08 19:49:35.909237,2026-04-08 19:49:42.693057,0 days 00:00:06.783820,333.0,2.0,116.4,153.9,0.18,COMPLETE
9631,0.6875,2026-04-08 19:49:42.711898,2026-04-08 19:49:49.599436,0 days 00:00:06.887538,335.0,2.0,120.7,154.0,0.0,COMPLETE
9632,0.6875,2026-04-08 19:49:49.614706,2026-04-08 19:49:56.549005,0 days 00:00:06.934299,363.0,1.0,115.8,153.9,0.0,COMPLETE
9633,0.6875,2026-04-08 19:49:56.567315,2026-04-08 19:50:03.089827,0 days 00:00:06.522512,419.0,1.0,116.3,154.4,0.51,COMPLETE
9634,0.825,2026-04-08 19:50:03.105763,2026-04-08 19:50:37.892693,0 days 00:00:34.786930,432.0,2.0,125.4,154.5,0.55,COMPLETE
9635,0.825,2026-04-08 19:50:37.910480,2026-04-08 19:51:12.452364,0 days 00:00:34.541884,457.0,2.0,119.2,155.0,0.01,COMPLETE
9636,0.825,2026-04-08 19:51:12.470559,2026-04-08 19:51:46.774538,0 days 00:00:34.303979,383.0,1.0,118.1,153.1,0.0,COMPLETE
9637,0.6875,2026-04-08 19:51:46.791120,2026-04-08 19:51:53.599792,0 days 00:00:06.808672,469.0,1.0,116.5,153.3,0.01,COMPLETE
9638,0.825,2026-04-08 19:51:53.617554,2026-04-08 19:52:29.226804,0 days 00:00:35.609250,286.0,2.0,123.0,156.0,0.01,COMPLETE
9639,0.6875,2026-04-08 19:52:29.243918,2026-04-08 19:52:36.443062,0 days 00:00:07.199144,434.0,1.0,115.9,156.9,0.48,COMPLETE
9640,0.6875,2026-04-08 19:52:36.461146,2026-04-08 19:52:42.931959,0 days 00:00:06.470813,483.0,3.0,115.0,156.1,0.24,COMPLETE
9641,0.825,2026-04-08 19:52:42.948970,2026-04-08 19:53:17.127797,0 days 00:00:34.178827,347.0,1.0,118.5,156.6,0.01,COMPLETE
9642,0.6875,2026-04-08 19:53:17.146439,2026-04-08 19:53:24.191811,0 days 00:00:07.045372,463.0,2.0,114.2,154.6,0.01,COMPLETE
9643,0.6875,2026-04-08 19:53:24.207254,2026-04-08 19:53:30.907812,0 days 00:00:06.700558,428.0,1.0,115.1,152.6,0.23,COMPLETE
9644,0.6875,2026-04-08 19:53:30.926494,2026-04-08 19:53:37.599104,0 days 00:00:06.672610,463.0,1.0,115.8,154.3,0.22,COMPLETE
9645,0.825,2026-04-08 19:53:37.614981,2026-04-08 19:54:11.667214,0 days 00:00:34.052233,451.0,1.0,117.7,156.3,0.27,COMPLETE
9646,0.6875,2026-04-08 19:54:11.688702,2026-04-08 19:54:18.744768,0 days 00:00:07.056066,370.0,1.0,116.6,155.2,0.48,COMPLETE
9647,0.6875,2026-04-08 19:54:18.759979,2026-04-08 19:54:25.298222,0 days 00:00:06.538243,451.0,1.0,117.7,155.0,0.51,COMPLETE
9648,0.6875,2026-04-08 19:54:25.316375,2026-04-08 19:54:32.232265,0 days 00:00:06.915890,403.0,1.0,121.2,157.7,0.17,COMPLETE
9649,0.6875,2026-04-08 19:54:32.247719,2026-04-08 19:54:39.340397,0 days 00:00:07.092678,196.0,3.0,122.4,157.6,0.0,COMPLETE
9650,0.6875,2026-04-08 19:54:39.359335,2026-04-08 19:54:47.003765,0 days 00:00:07.644430,383.0,1.0,113.2,154.5,0.28,COMPLETE
9651,0.6875,2026-04-08 19:54:47.018647,2026-04-08 19:54:53.594407,0 days 00:00:06.575760,452.0,1.0,114.4,154.6,0.0,COMPLETE
9652,0.6875,2026-04-08 19:54:53.612990,2026-04-08 19:55:01.346687,0 days 00:00:07.733697,290.0,2.0,123.0,153.5,0.32,COMPLETE
9653,0.825,2026-04-08 19:55:01.364545,2026-04-08 19:55:35.639160,0 days 00:00:34.274615,359.0,2.0,120.3,157.3,0.54,COMPLETE
9654,0.825,2026-04-08 19:55:35.654515,2026-04-08 19:56:09.663031,0 days 00:00:34.008516,386.0,1.0,119.5,155.4,0.68,COMPLETE
9655,0.825,2026-04-08 19:56:09.681156,2026-04-08 19:56:14.929021,0 days 00:00:05.247865,352.0,2.0,116.6,155.7,0.0,COMPLETE
9656,0.6875,2026-04-08 19:56:14.947603,2026-04-08 19:56:22.156238,0 days 00:00:07.208635,402.0,2.0,123.9,155.7,0.17,COMPLETE
9657,0.6875,2026-04-08 19:56:22.174315,2026-04-08 19:56:29.309108,0 days 00:00:07.134793,390.0,2.0,116.9,153.3,0.22,COMPLETE
9658,0.825,2026-04-08 19:56:29.323819,2026-04-08 19:57:03.161697,0 days 00:00:33.837878,372.0,2.0,116.6,153.7,0.0,COMPLETE
9659,0.6875,2026-04-08 19:57:03.180473,2026-04-08 19:57:09.997243,0 days 00:00:06.816770,422.0,1.0,115.8,155.2,0.01,COMPLETE
9660,0.825,2026-04-08 19:57:10.013775,2026-04-08 19:57:44.672041,0 days 00:00:34.658266,445.0,1.0,123.2,153.8,0.23,COMPLETE
9661,0.671875,2026-04-08 19:57:44.690421,2026-04-08 19:57:52.048672,0 days 00:00:07.358251,306.0,2.0,117.8,153.9,0.0,COMPLETE
9662,0.825,2026-04-08 19:57:52.064828,2026-04-08 19:58:26.099004,0 days 00:00:34.034176,405.0,2.0,118.5,155.2,0.18,COMPLETE
9663,0.825,2026-04-08 19:58:26.117540,2026-04-08 19:58:40.151694,0 days 00:00:14.034154,476.0,3.0,125.6,156.8,0.33,COMPLETE
9664,0.6875,2026-04-08 19:58:40.170229,2026-04-08 19:58:48.194681,0 days 00:00:08.024452,390.0,1.0,116.3,153.0,0.19,COMPLETE
9665,0.6875,2026-04-08 19:58:48.211422,2026-04-08 19:58:55.660943,0 days 00:00:07.449521,187.0,3.0,119.7,150.2,1.58,COMPLETE
9666,0.6875,2026-04-08 19:58:55.678689,2026-04-08 19:59:02.819190,0 days 00:00:07.140501,393.0,1.0,116.0,154.9,0.21,COMPLETE
9667,0.6875,2026-04-08 19:59:02.834211,2026-04-08 19:59:09.339768,0 days 00:00:06.505557,495.0,1.0,116.7,155.3,0.26,COMPLETE
9668,0.6875,2026-04-08 19:59:09.359369,2026-04-08 19:59:16.095645,0 days 00:00:06.736276,490.0,1.0,114.4,155.0,0.5,COMPLETE
9669,0.825,2026-04-08 19:59:16.110659,2026-04-08 19:59:50.600590,0 days 00:00:34.489931,499.0,2.0,121.0,157.0,0.19,COMPLETE
9670,0.825,2026-04-08 19:59:50.619077,2026-04-08 20:00:25.163985,0 days 00:00:34.544908,358.0,1.0,116.5,153.9,0.0,COMPLETE
9671,0.671875,2026-04-08 20:00:25.182876,2026-04-08 20:00:32.178678,0 days 00:00:06.995802,410.0,1.0,118.9,152.6,0.45,COMPLETE
9672,0.6875,2026-04-08 20:00:32.194938,2026-04-08 20:00:38.735170,0 days 00:00:06.540232,361.0,1.0,118.4,153.2,0.52,COMPLETE
9673,0.6875,2026-04-08 20:00:38.753407,2026-04-08 20:00:45.731154,0 days 00:00:06.977747,283.0,1.0,116.0,152.4,0.23,COMPLETE
9674,0.6875,2026-04-08 20:00:45.746367,2026-04-08 20:00:52.426253,0 days 00:00:06.679886,472.0,2.0,115.2,153.9,0.6900000000000001,COMPLETE
9675,0.6875,2026-04-08 20:00:52.444055,2026-04-08 20:00:59.533910,0 days 00:00:07.089855,366.0,1.0,117.5,157.0,0.49,COMPLETE
9676,0.6875,2026-04-08 20:00:59.549795,2026-04-08 20:01:06.437937,0 days 00:00:06.888142,326.0,3.0,115.0,153.6,0.38,COMPLETE
9677,0.6875,2026-04-08 20:01:06.456417,2026-04-08 20:01:13.623722,0 days 00:00:07.167305,351.0,1.0,121.2,155.7,0.29,COMPLETE
9678,0.825,2026-04-08 20:01:13.638803,2026-04-08 20:01:47.836543,0 days 00:00:34.197740,499.0,2.0,119.4,152.9,0.42,COMPLETE
9679,0.6875,2026-04-08 20:01:47.854622,2026-04-08 20:01:54.833184,0 days 00:00:06.978562,431.0,1.0,116.1,153.8,0.23,COMPLETE
9680,0.6875,2026-04-08 20:01:54.848225,2026-04-08 20:02:02.347283,0 days 00:00:07.499058,293.0,2.0,123.0,155.7,0.51,COMPLETE
9681,0.6875,2026-04-08 20:02:02.365882,2026-04-08 20:02:09.068181,0 days 00:00:06.702299,443.0,2.0,121.3,154.5,0.4,COMPLETE
9682,0.825,2026-04-08 20:02:09.083380,2026-04-08 20:02:43.155213,0 days 00:00:34.071833,460.0,2.0,117.8,156.1,0.0,COMPLETE
9683,0.6875,2026-04-08 20:02:43.174269,2026-04-08 20:02:50.441737,0 days 00:00:07.267468,494.0,1.0,124.3,156.1,0.92,COMPLETE
9684,0.6875,2026-04-08 20:02:50.457718,2026-04-08 20:02:58.209380,0 days 00:00:07.751662,291.0,1.0,115.7,158.4,0.08,COMPLETE
9685,0.6875,2026-04-08 20:02:58.228382,2026-04-08 20:03:05.406756,0 days 00:00:07.178374,389.0,1.0,115.5,152.0,0.0,COMPLETE
9686,0.825,2026-04-08 20:03:05.422478,2026-04-08 20:03:10.720052,0 days 00:00:05.297574,426.0,2.0,115.9,155.4,0.0,COMPLETE
9687,0.6875,2026-04-08 20:03:10.739160,2026-04-08 20:03:17.441590,0 days 00:00:06.702430,465.0,1.0,115.7,156.8,0.51,COMPLETE
9688,0.6875,2026-04-08 20:03:17.458176,2026-04-08 20:03:23.926060,0 days 00:00:06.467884,427.0,1.0,115.9,156.9,0.26,COMPLETE
9689,0.6875,2026-04-08 20:03:23.947267,2026-04-08 20:03:30.690105,0 days 00:00:06.742838,368.0,1.0,116.5,156.8,0.22,COMPLETE
9690,0.6875,2026-04-08 20:03:30.706277,2026-04-08 20:03:37.426092,0 days 00:00:06.719815,465.0,1.0,115.6,154.7,0.46,COMPLETE
9691,0.825,2026-04-08 20:03:37.444831,2026-04-08 20:04:11.477755,0 days 00:00:34.032924,445.0,1.0,116.5,154.8,0.0,COMPLETE
9692,0.6875,2026-04-08 20:04:11.495876,2026-04-08 20:04:18.499925,0 days 00:00:07.004049,458.0,1.0,117.0,151.3,0.42,COMPLETE
9693,0.6875,2026-04-08 20:04:18.518234,2026-04-08 20:04:25.525911,0 days 00:00:07.007677,391.0,1.0,118.3,154.3,0.34,COMPLETE
9694,0.6875,2026-04-08 20:04:25.542467,2026-04-08 20:04:32.329899,0 days 00:00:06.787432,466.0,1.0,115.7,155.6,0.02,COMPLETE
9695,0.6875,2026-04-08 20:04:32.348096,2026-04-08 20:04:39.106983,0 days 00:00:06.758887,404.0,1.0,116.9,153.3,0.31,COMPLETE
9696,0.825,2026-04-08 20:04:39.122041,2026-04-08 20:05:13.425760,0 days 00:00:34.303719,416.0,1.0,121.9,152.8,0.49,COMPLETE
9697,0.6875,2026-04-08 20:05:13.444452,2026-04-08 20:05:20.746708,0 days 00:00:07.302256,414.0,1.0,116.1,153.4,0.0,COMPLETE
9698,0.6875,2026-04-08 20:05:20.764968,2026-04-08 20:05:27.918626,0 days 00:00:07.153658,476.0,2.0,122.3,154.8,0.64,COMPLETE
9699,0.6875,2026-04-08 20:05:27.934836,2026-04-08 20:05:35.218298,0 days 00:00:07.283462,462.0,1.0,117.6,160.0,0.35000000000000003,COMPLETE
9700,0.6875,2026-04-08 20:05:35.236604,2026-04-08 20:05:42.619522,0 days 00:00:07.382918,425.0,2.0,117.4,152.0,0.02,COMPLETE
9701,0.825,2026-04-08 20:05:42.635521,2026-04-08 20:06:16.920184,0 days 00:00:34.284663,397.0,1.0,119.3,155.4,0.51,COMPLETE
9702,0.825,2026-04-08 20:06:16.938712,2026-04-08 20:06:50.956181,0 days 00:00:34.017469,420.0,1.0,118.0,155.6,0.38,COMPLETE
9703,0.6875,2026-04-08 20:06:50.970428,2026-04-08 20:06:57.990157,0 days 00:00:07.019729,440.0,2.0,115.9,151.5,0.25,COMPLETE
9704,0.825,2026-04-08 20:06:58.008071,2026-04-08 20:07:03.519364,0 days 00:00:05.511293,421.0,1.0,121.5,152.5,0.26,COMPLETE
9705,0.6875,2026-04-08 20:07:03.534467,2026-04-08 20:07:10.837735,0 days 00:00:07.303268,376.0,1.0,115.3,155.1,0.6,COMPLETE
9706,0.6875,2026-04-08 20:07:10.855579,2026-04-08 20:07:17.747590,0 days 00:00:06.892011,288.0,1.0,114.0,155.9,0.56,COMPLETE
9707,0.825,2026-04-08 20:07:17.764392,2026-04-08 20:07:52.131492,0 days 00:00:34.367100,296.0,3.0,118.7,154.8,0.13,COMPLETE
9708,0.825,2026-04-08 20:07:52.149242,2026-04-08 20:08:26.454855,0 days 00:00:34.305613,404.0,1.0,124.4,155.6,0.51,COMPLETE
9709,0.825,2026-04-08 20:08:26.472962,2026-04-08 20:09:01.011043,0 days 00:00:34.538081,341.0,2.0,120.6,157.0,0.02,COMPLETE
9710,0.825,2026-04-08 20:09:01.029222,2026-04-08 20:09:35.313401,0 days 00:00:34.284179,430.0,1.0,117.0,154.3,0.0,COMPLETE
9711,0.6875,2026-04-08 20:09:35.332187,2026-04-08 20:09:42.218477,0 days 00:00:06.886290,460.0,1.0,115.4,153.3,0.03,COMPLETE
9712,0.6875,2026-04-08 20:09:42.236203,2026-04-08 20:09:49.100553,0 days 00:00:06.864350,458.0,1.0,115.5,157.4,0.02,COMPLETE
9713,0.6875,2026-04-08 20:09:49.116144,2026-04-08 20:09:55.941413,0 days 00:00:06.825269,469.0,1.0,116.1,153.6,0.88,COMPLETE
9714,0.6875,2026-04-08 20:09:55.959712,2026-04-08 20:10:02.966203,0 days 00:00:07.006491,392.0,1.0,114.2,150.8,0.41000000000000003,COMPLETE
9715,0.825,2026-04-08 20:10:02.981815,2026-04-08 20:10:37.529334,0 days 00:00:34.547519,420.0,1.0,120.2,155.7,0.19,COMPLETE
9716,0.6875,2026-04-08 20:10:37.548239,2026-04-08 20:10:44.789427,0 days 00:00:07.241188,405.0,1.0,114.5,155.5,0.22,COMPLETE
9717,0.6875,2026-04-08 20:10:44.807824,2026-04-08 20:10:51.602158,0 days 00:00:06.794334,396.0,1.0,117.2,154.9,0.37,COMPLETE
9718,0.6875,2026-04-08 20:10:51.619501,2026-04-08 20:10:58.712161,0 days 00:00:07.092660,232.0,2.0,120.9,154.4,0.26,COMPLETE
9719,0.6875,2026-04-08 20:10:58.730628,2026-04-08 20:11:05.892149,0 days 00:00:07.161521,477.0,1.0,115.0,156.7,0.21,COMPLETE
9720,0.825,2026-04-08 20:11:05.908330,2026-04-08 20:11:40.011282,0 days 00:00:34.102952,416.0,1.0,118.0,155.1,0.3,COMPLETE
9721,0.6875,2026-04-08 20:11:40.029683,2026-04-08 20:11:47.424298,0 days 00:00:07.394615,299.0,2.0,124.0,157.7,0.38,COMPLETE
9722,0.825,2026-04-08 20:11:47.439330,2026-04-08 20:11:55.197483,0 days 00:00:07.758153,403.0,1.0,116.8,154.8,0.0,COMPLETE
9723,0.6875,2026-04-08 20:11:55.217250,2026-04-08 20:12:02.935115,0 days 00:00:07.717865,246.0,2.0,125.9,154.6,0.16,COMPLETE
9724,0.6875,2026-04-08 20:12:02.951815,2026-04-08 20:12:10.462364,0 days 00:00:07.510549,494.0,1.0,115.5,153.5,0.25,COMPLETE
9725,0.6875,2026-04-08 20:12:10.481825,2026-04-08 20:12:18.001685,0 days 00:00:07.519860,282.0,2.0,122.9,149.1,1.0,COMPLETE
9726,0.6875,2026-04-08 20:12:18.019304,2026-04-08 20:12:25.201849,0 days 00:00:07.182545,498.0,1.0,117.2,154.1,0.26,COMPLETE
9727,0.6875,2026-04-08 20:12:25.221503,2026-04-08 20:12:32.089990,0 days 00:00:06.868487,384.0,1.0,114.9,156.7,0.21,COMPLETE
9728,0.6875,2026-04-08 20:12:32.104845,2026-04-08 20:12:39.004004,0 days 00:00:06.899159,313.0,1.0,114.7,153.9,0.26,COMPLETE
9729,0.6875,2026-04-08 20:12:39.023284,2026-04-08 20:12:45.455768,0 days 00:00:06.432484,431.0,2.0,115.3,153.1,0.01,COMPLETE
9730,0.825,2026-04-08 20:12:45.471576,2026-04-08 20:13:20.118556,0 days 00:00:34.646980,468.0,1.0,122.3,152.9,0.35000000000000003,COMPLETE
9731,0.6875,2026-04-08 20:13:20.137065,2026-04-08 20:13:27.093280,0 days 00:00:06.956215,490.0,3.0,124.1,148.2,1.32,COMPLETE
9732,0.6875,2026-04-08 20:13:27.108318,2026-04-08 20:13:35.090104,0 days 00:00:07.981786,406.0,2.0,114.6,155.8,0.21,COMPLETE
9733,0.6875,2026-04-08 20:13:35.106986,2026-04-08 20:13:41.613002,0 days 00:00:06.506016,428.0,1.0,113.1,155.7,0.28,COMPLETE
9734,0.825,2026-04-08 20:13:41.631689,2026-04-08 20:14:16.642764,0 days 00:00:35.011075,496.0,2.0,123.5,154.9,0.33,COMPLETE
9735,0.6875,2026-04-08 20:14:16.657832,2026-04-08 20:14:24.421859,0 days 00:00:07.764027,345.0,1.0,115.0,155.0,0.21,COMPLETE
9736,0.825,2026-04-08 20:14:24.439798,2026-04-08 20:14:58.861240,0 days 00:00:34.421442,355.0,1.0,120.9,153.7,0.23,COMPLETE
9737,0.6875,2026-04-08 20:14:58.878192,2026-04-08 20:15:06.060149,0 days 00:00:07.181957,247.0,2.0,123.3,152.3,0.54,COMPLETE
9738,0.825,2026-04-08 20:15:06.078478,2026-04-08 20:15:11.968673,0 days 00:00:05.890195,412.0,1.0,116.1,156.1,0.24,COMPLETE
9739,0.6875,2026-04-08 20:15:11.984659,2026-04-08 20:15:19.199768,0 days 00:00:07.215109,265.0,1.0,120.1,156.8,1.79,COMPLETE
9740,0.6875,2026-04-08 20:15:19.219060,2026-04-08 20:15:26.347338,0 days 00:00:07.128278,181.0,2.0,116.2,156.8,0.14,COMPLETE
9741,0.825,2026-04-08 20:15:26.364176,2026-04-08 20:16:00.341832,0 days 00:00:33.977656,354.0,1.0,118.2,154.5,0.25,COMPLETE
9742,0.6875,2026-04-08 20:16:00.360581,2026-04-08 20:16:07.437170,0 days 00:00:07.076589,313.0,2.0,114.0,151.6,0.01,COMPLETE
9743,0.6875,2026-04-08 20:16:07.452624,2026-04-08 20:16:14.848682,0 days 00:00:07.396058,314.0,2.0,114.6,159.3,1.6300000000000001,COMPLETE
9744,0.6875,2026-04-08 20:16:14.867191,2026-04-08 20:16:22.466778,0 days 00:00:07.599587,476.0,2.0,119.2,151.1,0.5,COMPLETE
9745,0.825,2026-04-08 20:16:22.481760,2026-04-08 20:16:56.911983,0 days 00:00:34.430223,452.0,1.0,118.7,156.8,0.0,COMPLETE
9746,0.825,2026-04-08 20:16:56.930225,2026-04-08 20:17:30.699156,0 days 00:00:33.768931,498.0,2.0,118.9,156.4,0.28,COMPLETE
