number,value,datetime_start,datetime_complete,duration,params_voltage,params_width,params_x,params_y,params_z,state
4169,0.6875,2026-04-05 15:02:02.210235,2026-04-05 15:02:08.953524,0 days 00:00:06.743289,363.0,1.0,115.6,152.5,0.37,COMPLETE
4170,0.6875,2026-04-05 15:02:08.967727,2026-04-05 15:02:15.843858,0 days 00:00:06.876131,435.0,2.0,114.9,156.8,0.11,COMPLETE
4171,0.6875,2026-04-05 15:02:15.858780,2026-04-05 15:02:22.602861,0 days 00:00:06.744081,387.0,2.0,113.8,153.6,0.17,COMPLETE
4172,0.6875,2026-04-05 15:02:22.618012,2026-04-05 15:02:29.340465,0 days 00:00:06.722453,437.0,2.0,117.1,154.0,0.0,COMPLETE
4173,0.825,2026-04-05 15:02:29.355120,2026-04-05 15:03:03.393216,0 days 00:00:34.038096,442.0,1.0,117.6,156.3,0.23,COMPLETE
4174,0.6875,2026-04-05 15:03:03.408364,2026-04-05 15:03:10.234140,0 days 00:00:06.825776,467.0,2.0,117.7,154.4,0.48,COMPLETE
4175,0.6875,2026-04-05 15:03:10.248869,2026-04-05 15:03:17.024303,0 days 00:00:06.775434,424.0,1.0,114.3,153.8,0.28,COMPLETE
4176,0.6875,2026-04-05 15:03:17.037225,2026-04-05 15:03:24.853243,0 days 00:00:07.816018,231.0,2.0,121.2,157.3,0.55,COMPLETE
4177,0.6875,2026-04-05 15:03:24.868235,2026-04-05 15:03:31.655956,0 days 00:00:06.787721,363.0,1.0,117.3,157.7,0.28,COMPLETE
4178,0.6875,2026-04-05 15:03:31.670795,2026-04-05 15:03:38.916871,0 days 00:00:07.246076,425.0,1.0,115.4,150.8,0.27,COMPLETE
4179,0.6875,2026-04-05 15:03:38.931450,2026-04-05 15:03:46.339536,0 days 00:00:07.408086,179.0,1.0,119.1,148.2,0.59,COMPLETE
4180,0.6875,2026-04-05 15:03:46.354327,2026-04-05 15:03:53.454102,0 days 00:00:07.099775,333.0,2.0,115.6,153.1,0.26,COMPLETE
4181,0.825,2026-04-05 15:03:53.466069,2026-04-05 15:04:27.377319,0 days 00:00:33.911250,407.0,2.0,116.4,153.6,0.49,COMPLETE
4182,0.6875,2026-04-05 15:04:27.391688,2026-04-05 15:04:34.032920,0 days 00:00:06.641232,439.0,1.0,117.3,154.4,0.25,COMPLETE
4183,0.825,2026-04-05 15:04:34.047281,2026-04-05 15:05:08.048127,0 days 00:00:34.000846,461.0,1.0,115.5,152.5,0.31,COMPLETE
4184,0.6875,2026-04-05 15:05:08.063396,2026-04-05 15:05:14.871646,0 days 00:00:06.808250,402.0,1.0,114.4,154.4,0.0,COMPLETE
4185,0.825,2026-04-05 15:05:14.886204,2026-04-05 15:05:49.016548,0 days 00:00:34.130344,488.0,1.0,118.1,157.3,0.06,COMPLETE
4186,0.6875,2026-04-05 15:05:49.031302,2026-04-05 15:05:56.111639,0 days 00:00:07.080337,416.0,2.0,116.1,154.7,0.36,COMPLETE
4187,0.6875,2026-04-05 15:05:56.126903,2026-04-05 15:06:02.758399,0 days 00:00:06.631496,460.0,1.0,115.0,156.0,0.17,COMPLETE
4188,0.671875,2026-04-05 15:06:02.773539,2026-04-05 15:06:09.471409,0 days 00:00:06.697870,438.0,1.0,117.0,155.0,0.23,COMPLETE
4189,0.6875,2026-04-05 15:06:09.485992,2026-04-05 15:06:16.229680,0 days 00:00:06.743688,477.0,2.0,114.8,156.3,0.08,COMPLETE
4190,0.825,2026-04-05 15:06:16.242609,2026-04-05 15:06:21.535889,0 days 00:00:05.293280,380.0,3.0,114.6,154.3,0.15,COMPLETE
4191,0.6875,2026-04-05 15:06:21.550917,2026-04-05 15:06:28.286611,0 days 00:00:06.735694,451.0,1.0,116.0,153.0,0.03,COMPLETE
4192,0.6875,2026-04-05 15:06:28.302369,2026-04-05 15:06:34.894786,0 days 00:00:06.592417,449.0,1.0,115.3,154.3,0.3,COMPLETE
4193,0.6875,2026-04-05 15:06:34.909287,2026-04-05 15:06:41.610948,0 days 00:00:06.701661,455.0,3.0,114.9,157.3,0.45,COMPLETE
4194,0.6875,2026-04-05 15:06:41.626619,2026-04-05 15:06:48.252788,0 days 00:00:06.626169,499.0,1.0,113.2,156.8,0.27,COMPLETE
4195,0.6875,2026-04-05 15:06:48.266796,2026-04-05 15:06:55.068134,0 days 00:00:06.801338,500.0,2.0,115.6,155.3,0.01,COMPLETE
4196,0.825,2026-04-05 15:06:55.079205,2026-04-05 15:07:29.363401,0 days 00:00:34.284196,453.0,1.0,119.6,156.5,0.47000000000000003,COMPLETE
4197,0.825,2026-04-05 15:07:29.378534,2026-04-05 15:08:03.413622,0 days 00:00:34.035088,465.0,1.0,117.7,155.5,0.0,COMPLETE
4198,0.6875,2026-04-05 15:08:03.427867,2026-04-05 15:08:10.530204,0 days 00:00:07.102337,350.0,1.0,114.4,154.2,0.01,COMPLETE
4199,0.6875,2026-04-05 15:08:10.544933,2026-04-05 15:08:17.102223,0 days 00:00:06.557290,487.0,2.0,115.1,153.1,0.42,COMPLETE
4200,0.825,2026-04-05 15:08:17.114812,2026-04-05 15:08:51.526080,0 days 00:00:34.411268,488.0,1.0,119.8,155.8,0.3,COMPLETE
4201,0.6875,2026-04-05 15:08:51.536437,2026-04-05 15:08:58.743885,0 days 00:00:07.207448,354.0,1.0,115.6,154.0,0.34,COMPLETE
4202,0.6875,2026-04-05 15:08:58.758206,2026-04-05 15:09:05.546142,0 days 00:00:06.787936,432.0,1.0,116.7,157.5,0.33,COMPLETE
4203,0.825,2026-04-05 15:09:05.561413,2026-04-05 15:09:39.656774,0 days 00:00:34.095361,451.0,1.0,115.1,156.4,0.0,COMPLETE
4204,0.825,2026-04-05 15:09:39.671362,2026-04-05 15:10:13.704699,0 days 00:00:34.033337,425.0,1.0,118.0,155.6,0.02,COMPLETE
4205,0.6875,2026-04-05 15:10:13.720920,2026-04-05 15:10:20.705005,0 days 00:00:06.984085,386.0,1.0,115.1,153.1,0.34,COMPLETE
4206,0.6875,2026-04-05 15:10:20.716364,2026-04-05 15:10:28.566832,0 days 00:00:07.850468,219.0,2.0,122.8,152.7,0.15,COMPLETE
4207,0.6875,2026-04-05 15:10:28.581425,2026-04-05 15:10:35.915000,0 days 00:00:07.333575,491.0,1.0,115.2,154.8,0.21,COMPLETE
4208,0.015625,2026-04-05 15:10:35.925437,2026-04-05 15:10:42.566150,0 days 00:00:06.640713,499.0,2.0,116.9,154.0,0.23,COMPLETE
4209,0.6875,2026-04-05 15:10:42.581653,2026-04-05 15:10:49.458097,0 days 00:00:06.876444,409.0,2.0,117.5,155.5,0.53,COMPLETE
4210,0.6875,2026-04-05 15:10:49.472885,2026-04-05 15:10:56.177612,0 days 00:00:06.704727,449.0,2.0,117.3,153.5,0.11,COMPLETE
4211,0.6875,2026-04-05 15:10:56.193271,2026-04-05 15:11:02.637498,0 days 00:00:06.444227,480.0,2.0,117.2,153.5,0.33,COMPLETE
4212,0.6875,2026-04-05 15:11:02.652714,2026-04-05 15:11:09.213768,0 days 00:00:06.561054,447.0,2.0,117.8,154.6,0.59,COMPLETE
4213,0.6875,2026-04-05 15:11:09.228225,2026-04-05 15:11:15.899958,0 days 00:00:06.671733,487.0,2.0,115.8,154.5,0.54,COMPLETE
4214,0.6875,2026-04-05 15:11:15.918561,2026-04-05 15:11:22.474274,0 days 00:00:06.555713,468.0,2.0,116.7,153.9,0.28,COMPLETE
4215,0.825,2026-04-05 15:11:22.489175,2026-04-05 15:11:56.349130,0 days 00:00:33.859955,467.0,2.0,116.3,154.1,0.14,COMPLETE
4216,0.6875,2026-04-05 15:11:56.364115,2026-04-05 15:12:03.067193,0 days 00:00:06.703078,432.0,2.0,115.7,153.5,0.42,COMPLETE
4217,0.6875,2026-04-05 15:12:03.081618,2026-04-05 15:12:09.869818,0 days 00:00:06.788200,442.0,2.0,117.5,155.5,0.34,COMPLETE
4218,0.6875,2026-04-05 15:12:09.884390,2026-04-05 15:12:16.901245,0 days 00:00:07.016855,474.0,1.0,114.1,159.7,0.02,COMPLETE
4219,0.6875,2026-04-05 15:12:16.916001,2026-04-05 15:12:24.086056,0 days 00:00:07.170055,491.0,2.0,117.6,154.4,0.78,COMPLETE
4220,0.6875,2026-04-05 15:12:24.100497,2026-04-05 15:12:31.077383,0 days 00:00:06.976886,410.0,2.0,116.3,156.4,0.05,COMPLETE
4221,0.6875,2026-04-05 15:12:31.093938,2026-04-05 15:12:37.878831,0 days 00:00:06.784893,249.0,2.0,116.6,155.2,0.01,COMPLETE
4222,0.825,2026-04-05 15:12:37.893619,2026-04-05 15:12:58.286083,0 days 00:00:20.392464,469.0,2.0,117.6,154.4,0.08,COMPLETE
4223,0.6875,2026-04-05 15:12:58.298102,2026-04-05 15:13:05.012230,0 days 00:00:06.714128,496.0,2.0,117.5,150.6,0.14,COMPLETE
4224,0.6875,2026-04-05 15:13:05.027765,2026-04-05 15:13:11.887238,0 days 00:00:06.859473,466.0,2.0,119.1,152.2,0.17,COMPLETE
4225,0.825,2026-04-05 15:13:11.902076,2026-04-05 15:13:45.943602,0 days 00:00:34.041526,493.0,2.0,118.6,155.2,0.3,COMPLETE
4226,0.6875,2026-04-05 15:13:45.956323,2026-04-05 15:13:52.926082,0 days 00:00:06.969759,424.0,2.0,116.3,151.6,0.67,COMPLETE
4227,0.6875,2026-04-05 15:13:52.941618,2026-04-05 15:13:59.809000,0 days 00:00:06.867382,356.0,2.0,115.1,152.5,0.27,COMPLETE
4228,0.825,2026-04-05 15:13:59.824454,2026-04-05 15:14:34.316320,0 days 00:00:34.491866,495.0,3.0,118.2,157.6,0.27,COMPLETE
4229,0.671875,2026-04-05 15:14:34.326925,2026-04-05 15:14:41.342830,0 days 00:00:07.015905,471.0,2.0,118.4,153.7,0.26,COMPLETE
4230,0.6875,2026-04-05 15:14:41.357905,2026-04-05 15:14:47.956193,0 days 00:00:06.598288,481.0,2.0,116.9,153.3,0.46,COMPLETE
4231,0.6875,2026-04-05 15:14:47.971295,2026-04-05 15:14:54.771758,0 days 00:00:06.800463,492.0,2.0,114.5,151.6,0.04,COMPLETE
4232,0.6875,2026-04-05 15:14:54.782844,2026-04-05 15:15:01.509473,0 days 00:00:06.726629,450.0,2.0,116.4,152.9,0.02,COMPLETE
4233,0.6875,2026-04-05 15:15:01.524139,2026-04-05 15:15:08.034195,0 days 00:00:06.510056,430.0,2.0,117.1,153.2,0.48,COMPLETE
4234,0.6875,2026-04-05 15:15:08.048631,2026-04-05 15:15:14.635350,0 days 00:00:06.586719,475.0,2.0,115.9,154.0,0.18,COMPLETE
4235,0.6875,2026-04-05 15:15:14.650101,2026-04-05 15:15:21.238823,0 days 00:00:06.588722,457.0,2.0,117.3,153.6,0.47000000000000003,COMPLETE
4236,0.6875,2026-04-05 15:15:21.252099,2026-04-05 15:15:27.809546,0 days 00:00:06.557447,470.0,2.0,117.5,152.4,0.33,COMPLETE
4237,0.6875,2026-04-05 15:15:27.824418,2026-04-05 15:15:35.016699,0 days 00:00:07.192281,371.0,1.0,114.2,155.9,0.21,COMPLETE
4238,0.6875,2026-04-05 15:15:35.031576,2026-04-05 15:15:41.910851,0 days 00:00:06.879275,425.0,2.0,115.7,151.8,0.21,COMPLETE
4239,0.6875,2026-04-05 15:15:41.926701,2026-04-05 15:15:49.017445,0 days 00:00:07.090744,325.0,1.0,117.8,155.5,0.36,COMPLETE
4240,0.6875,2026-04-05 15:15:49.031349,2026-04-05 15:15:55.790938,0 days 00:00:06.759589,426.0,2.0,115.1,155.8,0.37,COMPLETE
4241,0.825,2026-04-05 15:15:55.805421,2026-04-05 15:16:30.028960,0 days 00:00:34.223539,384.0,1.0,118.9,154.6,0.3,COMPLETE
4242,0.6875,2026-04-05 15:16:30.043632,2026-04-05 15:16:36.815200,0 days 00:00:06.771568,368.0,1.0,116.9,154.5,0.36,COMPLETE
4243,0.825,2026-04-05 15:16:36.829743,2026-04-05 15:16:41.867430,0 days 00:00:05.037687,403.0,2.0,115.3,154.4,0.0,COMPLETE
4244,0.6875,2026-04-05 15:16:41.884716,2026-04-05 15:16:48.642914,0 days 00:00:06.758198,500.0,2.0,116.6,152.9,0.35000000000000003,COMPLETE
4245,0.825,2026-04-05 15:16:48.657365,2026-04-05 15:17:23.019773,0 days 00:00:34.362408,332.0,1.0,118.0,157.2,0.0,COMPLETE
4246,0.0,2026-04-05 15:17:23.034914,2026-04-05 15:17:29.856581,0 days 00:00:06.821667,384.0,1.0,116.7,154.9,0.02,COMPLETE
4247,0.825,2026-04-05 15:17:29.871122,2026-04-05 15:18:03.714890,0 days 00:00:33.843768,415.0,1.0,116.7,155.2,0.0,COMPLETE
4248,0.6875,2026-04-05 15:18:03.729893,2026-04-05 15:18:10.780962,0 days 00:00:07.051069,320.0,1.0,115.5,153.9,0.01,COMPLETE
4249,0.6875,2026-04-05 15:18:10.795651,2026-04-05 15:18:17.500233,0 days 00:00:06.704582,299.0,1.0,114.8,150.8,0.01,COMPLETE
4250,0.6875,2026-04-05 15:18:17.511869,2026-04-05 15:18:24.237904,0 days 00:00:06.726035,356.0,1.0,117.0,153.3,0.0,COMPLETE
4251,0.825,2026-04-05 15:18:24.249754,2026-04-05 15:18:58.251302,0 days 00:00:34.001548,383.0,1.0,118.1,155.8,0.11,COMPLETE
4252,0.6875,2026-04-05 15:18:58.266086,2026-04-05 15:19:05.228358,0 days 00:00:06.962272,320.0,1.0,116.9,155.9,0.12,COMPLETE
4253,0.6875,2026-04-05 15:19:05.239553,2026-04-05 15:19:11.802480,0 days 00:00:06.562927,317.0,1.0,117.7,155.1,0.05,COMPLETE
4254,0.6875,2026-04-05 15:19:11.818077,2026-04-05 15:19:18.554169,0 days 00:00:06.736092,343.0,1.0,115.0,156.8,0.29,COMPLETE
4255,0.825,2026-04-05 15:19:18.569224,2026-04-05 15:19:52.780532,0 days 00:00:34.211308,403.0,1.0,118.5,155.1,0.22,COMPLETE
4256,0.6875,2026-04-05 15:19:52.792192,2026-04-05 15:19:59.515365,0 days 00:00:06.723173,385.0,1.0,117.6,155.4,0.13,COMPLETE
4257,0.6875,2026-04-05 15:19:59.530602,2026-04-05 15:20:06.250864,0 days 00:00:06.720262,397.0,1.0,118.0,152.2,0.02,COMPLETE
4258,0.825,2026-04-05 15:20:06.266531,2026-04-05 15:20:40.388803,0 days 00:00:34.122272,390.0,1.0,118.3,155.7,0.6900000000000001,COMPLETE
4259,0.6875,2026-04-05 15:20:40.400780,2026-04-05 15:20:47.230226,0 days 00:00:06.829446,384.0,1.0,115.9,155.9,0.02,COMPLETE
4260,0.6875,2026-04-05 15:20:47.246025,2026-04-05 15:20:53.968038,0 days 00:00:06.722013,393.0,2.0,114.6,157.9,0.07,COMPLETE
4261,0.6875,2026-04-05 15:20:53.982726,2026-04-05 15:21:00.956774,0 days 00:00:06.974048,368.0,1.0,117.9,154.1,0.01,COMPLETE
4262,0.6875,2026-04-05 15:21:00.971568,2026-04-05 15:21:07.523786,0 days 00:00:06.552218,390.0,1.0,116.9,155.0,0.3,COMPLETE
4263,0.825,2026-04-05 15:21:07.538427,2026-04-05 15:21:41.568337,0 days 00:00:34.029910,381.0,1.0,117.8,153.2,0.19,COMPLETE
4264,0.6875,2026-04-05 15:21:41.583066,2026-04-05 15:21:48.416303,0 days 00:00:06.833237,336.0,1.0,117.0,149.9,0.05,COMPLETE
4265,0.825,2026-04-05 15:21:48.431584,2026-04-05 15:22:23.037527,0 days 00:00:34.605943,402.0,1.0,120.1,156.3,0.37,COMPLETE
4266,0.6875,2026-04-05 15:22:23.052649,2026-04-05 15:22:30.029478,0 days 00:00:06.976829,349.0,1.0,116.3,154.1,0.3,COMPLETE
4267,0.6875,2026-04-05 15:22:30.044282,2026-04-05 15:22:36.642277,0 days 00:00:06.597995,420.0,3.0,117.6,154.8,0.03,COMPLETE
4268,0.6875,2026-04-05 15:22:36.656988,2026-04-05 15:22:43.467350,0 days 00:00:06.810362,417.0,2.0,117.4,157.7,0.05,COMPLETE
4269,0.825,2026-04-05 15:22:43.481502,2026-04-05 15:23:17.845808,0 days 00:00:34.364306,411.0,1.0,118.3,153.0,0.05,COMPLETE
4270,0.6875,2026-04-05 15:23:17.860844,2026-04-05 15:23:24.678515,0 days 00:00:06.817671,361.0,2.0,117.1,155.1,0.37,COMPLETE
4271,0.6875,2026-04-05 15:23:24.693148,2026-04-05 15:23:31.178843,0 days 00:00:06.485695,390.0,1.0,117.0,155.9,0.22,COMPLETE
4272,0.6875,2026-04-05 15:23:31.190120,2026-04-05 15:23:37.625030,0 days 00:00:06.434910,364.0,1.0,116.9,155.7,0.28,COMPLETE
4273,0.6875,2026-04-05 15:23:37.635912,2026-04-05 15:23:44.119151,0 days 00:00:06.483239,317.0,1.0,117.3,155.2,0.02,COMPLETE
4274,0.6875,2026-04-05 15:23:44.134082,2026-04-05 15:23:50.850587,0 days 00:00:06.716505,457.0,3.0,115.7,152.5,0.04,COMPLETE
4275,0.6875,2026-04-05 15:23:50.862455,2026-04-05 15:23:57.881155,0 days 00:00:07.018700,385.0,1.0,116.6,156.0,0.01,COMPLETE
4276,0.6875,2026-04-05 15:23:57.896159,2026-04-05 15:24:04.570390,0 days 00:00:06.674231,347.0,1.0,114.8,155.0,0.04,COMPLETE
4277,0.825,2026-04-05 15:24:04.585800,2026-04-05 15:24:11.764206,0 days 00:00:07.178406,391.0,1.0,116.9,155.8,0.03,COMPLETE
4278,0.6875,2026-04-05 15:24:11.776584,2026-04-05 15:24:18.632335,0 days 00:00:06.855751,364.0,1.0,114.8,155.4,0.34,COMPLETE
4279,0.6875,2026-04-05 15:24:18.647091,2026-04-05 15:24:25.347041,0 days 00:00:06.699950,376.0,1.0,115.4,153.3,0.16,COMPLETE
4280,0.6875,2026-04-05 15:24:25.362079,2026-04-05 15:24:31.829789,0 days 00:00:06.467710,361.0,2.0,115.5,153.1,0.45,COMPLETE
4281,0.6875,2026-04-05 15:24:31.844277,2026-04-05 15:24:38.569075,0 days 00:00:06.724798,403.0,1.0,117.3,155.6,0.02,COMPLETE
4282,0.825,2026-04-05 15:24:38.584515,2026-04-05 15:25:12.525221,0 days 00:00:33.940706,370.0,2.0,116.9,154.2,0.05,COMPLETE
4283,0.6875,2026-04-05 15:25:12.540959,2026-04-05 15:25:20.171310,0 days 00:00:07.630351,249.0,1.0,113.2,159.5,0.9400000000000001,COMPLETE
4284,0.6875,2026-04-05 15:25:20.186828,2026-04-05 15:25:27.276305,0 days 00:00:07.089477,347.0,1.0,113.0,153.3,0.3,COMPLETE
4285,0.6875,2026-04-05 15:25:27.290965,2026-04-05 15:25:34.330481,0 days 00:00:07.039516,483.0,2.0,116.0,157.7,0.07,COMPLETE
4286,0.825,2026-04-05 15:25:34.342290,2026-04-05 15:26:08.597867,0 days 00:00:34.255577,416.0,1.0,118.2,153.2,0.11,COMPLETE
4287,0.6875,2026-04-05 15:26:08.608154,2026-04-05 15:26:15.446582,0 days 00:00:06.838428,407.0,1.0,116.3,153.5,0.34,COMPLETE
4288,0.825,2026-04-05 15:26:15.461485,2026-04-05 15:26:22.476711,0 days 00:00:07.015226,361.0,1.0,116.0,153.3,0.04,COMPLETE
4289,0.6875,2026-04-05 15:26:22.491656,2026-04-05 15:26:29.531508,0 days 00:00:07.039852,434.0,1.0,118.5,159.2,0.55,COMPLETE
4290,0.825,2026-04-05 15:26:29.546366,2026-04-05 15:26:36.978491,0 days 00:00:07.432125,494.0,2.0,117.2,153.8,0.02,COMPLETE
4291,0.6875,2026-04-05 15:26:36.993338,2026-04-05 15:26:43.776098,0 days 00:00:06.782760,382.0,1.0,116.0,154.3,0.04,COMPLETE
4292,0.6875,2026-04-05 15:26:43.787808,2026-04-05 15:26:50.269200,0 days 00:00:06.481392,420.0,1.0,116.0,152.8,0.0,COMPLETE
4293,0.6875,2026-04-05 15:26:50.283946,2026-04-05 15:26:57.044143,0 days 00:00:06.760197,302.0,2.0,117.5,153.9,0.0,COMPLETE
4294,0.6875,2026-04-05 15:26:57.059128,2026-04-05 15:27:03.419471,0 days 00:00:06.360343,380.0,1.0,117.1,154.0,0.3,COMPLETE
4295,0.825,2026-04-05 15:27:03.434381,2026-04-05 15:27:37.427699,0 days 00:00:33.993318,424.0,1.0,119.1,154.8,0.46,COMPLETE
4296,0.6875,2026-04-05 15:27:37.442584,2026-04-05 15:27:44.327195,0 days 00:00:06.884611,432.0,2.0,115.7,155.9,0.0,COMPLETE
4297,0.825,2026-04-05 15:27:44.341953,2026-04-05 15:28:18.362322,0 days 00:00:34.020369,419.0,1.0,119.2,154.2,0.23,COMPLETE
4298,0.6875,2026-04-05 15:28:18.374255,2026-04-05 15:28:25.088273,0 days 00:00:06.714018,422.0,1.0,117.4,153.9,0.01,COMPLETE
4299,0.825,2026-04-05 15:28:25.104720,2026-04-05 15:28:59.089419,0 days 00:00:33.984699,422.0,1.0,119.7,156.4,0.28,COMPLETE
4300,0.6875,2026-04-05 15:28:59.104707,2026-04-05 15:29:06.338579,0 days 00:00:07.233872,338.0,1.0,116.1,154.6,0.26,COMPLETE
4301,0.825,2026-04-05 15:29:06.350913,2026-04-05 15:29:40.543958,0 days 00:00:34.193045,391.0,2.0,119.3,157.2,0.02,COMPLETE
4302,0.6875,2026-04-05 15:29:40.556807,2026-04-05 15:29:47.529047,0 days 00:00:06.972240,356.0,1.0,117.8,154.9,0.5,COMPLETE
4303,0.6875,2026-04-05 15:29:47.544866,2026-04-05 15:29:54.329723,0 days 00:00:06.784857,386.0,1.0,116.8,157.6,0.06,COMPLETE
4304,0.825,2026-04-05 15:29:54.344542,2026-04-05 15:30:28.427486,0 days 00:00:34.082944,408.0,1.0,118.7,157.3,0.07,COMPLETE
4305,0.6875,2026-04-05 15:30:28.438799,2026-04-05 15:30:35.384050,0 days 00:00:06.945251,382.0,1.0,114.8,155.6,0.29,COMPLETE
4306,0.6875,2026-04-05 15:30:35.400187,2026-04-05 15:30:41.898329,0 days 00:00:06.498142,346.0,1.0,115.5,155.9,0.3,COMPLETE
4307,0.6875,2026-04-05 15:30:41.913160,2026-04-05 15:30:48.397213,0 days 00:00:06.484053,396.0,1.0,115.6,156.5,0.51,COMPLETE
4308,0.6875,2026-04-05 15:30:48.411876,2026-04-05 15:30:55.171831,0 days 00:00:06.759955,433.0,1.0,115.5,153.8,0.37,COMPLETE
4309,0.6875,2026-04-05 15:30:55.186010,2026-04-05 15:31:01.900665,0 days 00:00:06.714655,372.0,1.0,118.7,154.0,0.34,COMPLETE
4310,0.825,2026-04-05 15:31:01.915784,2026-04-05 15:31:36.016294,0 days 00:00:34.100510,429.0,1.0,117.9,157.6,0.0,COMPLETE
4311,0.6875,2026-04-05 15:31:36.031199,2026-04-05 15:31:42.953416,0 days 00:00:06.922217,400.0,1.0,117.0,153.7,0.46,COMPLETE
4312,0.825,2026-04-05 15:31:42.968481,2026-04-05 15:32:16.989593,0 days 00:00:34.021112,379.0,1.0,118.4,157.0,0.26,COMPLETE
4313,0.825,2026-04-05 15:32:17.004457,2026-04-05 15:32:51.008292,0 days 00:00:34.003835,431.0,1.0,121.3,156.0,0.07,COMPLETE
4314,0.6875,2026-04-05 15:32:51.018746,2026-04-05 15:32:57.957159,0 days 00:00:06.938413,414.0,1.0,117.6,153.8,0.22,COMPLETE
4315,0.6875,2026-04-05 15:32:57.971548,2026-04-05 15:33:05.430626,0 days 00:00:07.459078,248.0,1.0,114.1,159.8,0.19,COMPLETE
4316,0.6875,2026-04-05 15:33:05.445839,2026-04-05 15:33:12.338679,0 days 00:00:06.892840,404.0,1.0,116.9,156.1,0.24,COMPLETE
4317,0.6875,2026-04-05 15:33:12.352795,2026-04-05 15:33:18.912589,0 days 00:00:06.559794,383.0,1.0,115.9,155.2,0.33,COMPLETE
4318,0.6875,2026-04-05 15:33:18.928123,2026-04-05 15:33:25.650371,0 days 00:00:06.722248,385.0,1.0,115.9,157.5,0.01,COMPLETE
4319,0.825,2026-04-05 15:33:25.661662,2026-04-05 15:33:59.882853,0 days 00:00:34.221191,465.0,1.0,121.4,156.9,0.36,COMPLETE
4320,0.6875,2026-04-05 15:33:59.894331,2026-04-05 15:34:07.256242,0 days 00:00:07.361911,398.0,1.0,115.3,154.0,0.21,COMPLETE
4321,0.6875,2026-04-05 15:34:07.271085,2026-04-05 15:34:14.023881,0 days 00:00:06.752796,466.0,1.0,117.8,152.9,0.0,COMPLETE
4322,0.825,2026-04-05 15:34:14.036319,2026-04-05 15:34:48.291812,0 days 00:00:34.255493,369.0,1.0,118.5,156.1,0.07,COMPLETE
4323,0.6875,2026-04-05 15:34:48.306996,2026-04-05 15:34:55.699941,0 days 00:00:07.392945,410.0,1.0,113.7,150.3,0.02,COMPLETE
4324,0.6875,2026-04-05 15:34:55.714003,2026-04-05 15:35:03.016444,0 days 00:00:07.302441,335.0,1.0,117.9,153.8,0.31,COMPLETE
4325,0.6875,2026-04-05 15:35:03.028104,2026-04-05 15:35:09.659604,0 days 00:00:06.631500,341.0,1.0,117.1,155.2,0.03,COMPLETE
4326,0.6875,2026-04-05 15:35:09.674063,2026-04-05 15:35:16.244344,0 days 00:00:06.570281,396.0,1.0,115.9,155.9,0.0,COMPLETE
4327,0.6875,2026-04-05 15:35:16.259609,2026-04-05 15:35:22.793641,0 days 00:00:06.534032,383.0,1.0,115.2,156.7,0.38,COMPLETE
4328,0.6875,2026-04-05 15:35:22.808108,2026-04-05 15:35:29.307716,0 days 00:00:06.499608,393.0,1.0,114.6,156.5,0.01,COMPLETE
4329,0.6875,2026-04-05 15:35:29.320739,2026-04-05 15:35:36.031969,0 days 00:00:06.711230,370.0,1.0,116.0,153.7,0.03,COMPLETE
4330,0.6875,2026-04-05 15:35:36.046909,2026-04-05 15:35:43.640279,0 days 00:00:07.593370,253.0,2.0,123.7,155.8,0.22,COMPLETE
4331,0.6875,2026-04-05 15:35:43.654988,2026-04-05 15:35:50.569657,0 days 00:00:06.914669,418.0,1.0,120.2,158.5,0.01,COMPLETE
4332,0.6875,2026-04-05 15:35:50.581789,2026-04-05 15:35:57.937564,0 days 00:00:07.355775,264.0,2.0,126.3,158.1,1.09,COMPLETE
4333,0.6875,2026-04-05 15:35:57.952534,2026-04-05 15:36:05.580993,0 days 00:00:07.628459,340.0,1.0,116.2,157.9,0.0,COMPLETE
4334,0.6875,2026-04-05 15:36:05.595946,2026-04-05 15:36:12.341916,0 days 00:00:06.745970,443.0,1.0,116.4,155.5,0.24,COMPLETE
4335,0.825,2026-04-05 15:36:12.356999,2026-04-05 15:36:46.033304,0 days 00:00:33.676305,458.0,3.0,116.4,155.7,0.14,COMPLETE
4336,0.825,2026-04-05 15:36:46.048069,2026-04-05 15:37:20.336542,0 days 00:00:34.288473,348.0,1.0,119.4,154.4,0.0,COMPLETE
4337,0.6875,2026-04-05 15:37:20.351697,2026-04-05 15:37:27.653090,0 days 00:00:07.301393,272.0,1.0,115.2,153.3,0.37,COMPLETE
4338,0.6875,2026-04-05 15:37:27.667953,2026-04-05 15:37:34.370066,0 days 00:00:06.702113,425.0,1.0,117.3,154.2,0.21,COMPLETE
4339,0.825,2026-04-05 15:37:34.385482,2026-04-05 15:38:08.448107,0 days 00:00:34.062625,352.0,2.0,117.6,156.1,0.03,COMPLETE
4340,0.6875,2026-04-05 15:38:08.463087,2026-04-05 15:38:15.446213,0 days 00:00:06.983126,433.0,1.0,117.1,152.2,0.28,COMPLETE
4341,0.6875,2026-04-05 15:38:15.458076,2026-04-05 15:38:21.969764,0 days 00:00:06.511688,393.0,1.0,116.2,152.7,0.64,COMPLETE
4342,0.6875,2026-04-05 15:38:21.985030,2026-04-05 15:38:28.584941,0 days 00:00:06.599911,444.0,1.0,117.3,153.8,0.23,COMPLETE
4343,0.825,2026-04-05 15:38:28.596804,2026-04-05 15:39:03.004053,0 days 00:00:34.407249,449.0,1.0,123.3,154.9,0.19,COMPLETE
