number,value,datetime_start,datetime_complete,duration,params_voltage,params_width,params_x,params_y,params_z,state
2779,0.825,2026-04-05 03:38:04.094405,2026-04-05 03:39:00.438334,0 days 00:00:56.343929,388.0,1.0,124.1,153.9,0.31,COMPLETE
2780,0.6875,2026-04-05 03:39:00.452508,2026-04-05 03:39:07.166804,0 days 00:00:06.714296,425.0,2.0,121.4,154.1,0.88,COMPLETE
2781,0.6875,2026-04-05 03:39:07.180944,2026-04-05 03:39:14.377638,0 days 00:00:07.196694,403.0,1.0,113.3,155.4,0.02,COMPLETE
2782,0.6875,2026-04-05 03:39:14.391259,2026-04-05 03:39:21.727012,0 days 00:00:07.335753,332.0,1.0,120.2,154.9,0.68,COMPLETE
2783,0.671875,2026-04-05 03:39:21.740751,2026-04-05 03:39:28.839493,0 days 00:00:07.098742,409.0,2.0,125.9,156.8,0.54,COMPLETE
2784,0.6875,2026-04-05 03:39:28.853629,2026-04-05 03:39:35.490028,0 days 00:00:06.636399,444.0,2.0,122.6,155.2,0.7000000000000001,COMPLETE
2785,0.6875,2026-04-05 03:39:35.503607,2026-04-05 03:39:42.388249,0 days 00:00:06.884642,260.0,1.0,119.7,155.3,0.47000000000000003,COMPLETE
2786,0.6875,2026-04-05 03:39:42.399149,2026-04-05 03:39:49.274504,0 days 00:00:06.875355,456.0,2.0,115.4,154.7,0.93,COMPLETE
2787,0.6875,2026-04-05 03:39:49.288380,2026-04-05 03:39:55.839965,0 days 00:00:06.551585,487.0,1.0,113.9,155.8,1.3800000000000001,COMPLETE
2788,0.6875,2026-04-05 03:39:55.853868,2026-04-05 03:40:02.627983,0 days 00:00:06.774115,495.0,2.0,117.0,156.8,0.41000000000000003,COMPLETE
2789,0.6875,2026-04-05 03:40:02.641902,2026-04-05 03:40:09.747609,0 days 00:00:07.105707,457.0,3.0,124.2,157.7,0.52,COMPLETE
2790,0.6875,2026-04-05 03:40:09.759166,2026-04-05 03:40:16.498036,0 days 00:00:06.738870,325.0,1.0,124.1,157.1,0.3,COMPLETE
2791,0.6875,2026-04-05 03:40:16.508959,2026-04-05 03:40:23.828774,0 days 00:00:07.319815,464.0,2.0,115.9,154.0,0.3,COMPLETE
2792,0.6875,2026-04-05 03:40:23.843071,2026-04-05 03:40:31.148287,0 days 00:00:07.305216,443.0,1.0,122.8,148.2,0.43,COMPLETE
2793,0.6875,2026-04-05 03:40:31.162415,2026-04-05 03:40:38.193562,0 days 00:00:07.031147,354.0,1.0,121.3,152.7,0.62,COMPLETE
2794,0.6875,2026-04-05 03:40:38.204113,2026-04-05 03:40:45.241978,0 days 00:00:07.037865,444.0,2.0,126.2,157.6,1.08,COMPLETE
2795,0.825,2026-04-05 03:40:45.255741,2026-04-05 03:40:51.042078,0 days 00:00:05.786337,442.0,2.0,118.0,154.4,0.28,COMPLETE
2796,0.6875,2026-04-05 03:40:51.056819,2026-04-05 03:40:57.777709,0 days 00:00:06.720890,495.0,1.0,114.8,156.3,0.34,COMPLETE
2797,0.825,2026-04-05 03:40:57.791777,2026-04-05 03:41:32.614354,0 days 00:00:34.822577,360.0,2.0,122.4,155.8,0.32,COMPLETE
2798,0.825,2026-04-05 03:41:32.627945,2026-04-05 03:42:06.906768,0 days 00:00:34.278823,281.0,1.0,125.6,155.9,0.16,COMPLETE
2799,0.6875,2026-04-05 03:42:06.920479,2026-04-05 03:42:13.526920,0 days 00:00:06.606441,320.0,2.0,123.8,156.9,0.35000000000000003,COMPLETE
2800,0.6875,2026-04-05 03:42:13.540646,2026-04-05 03:42:20.389603,0 days 00:00:06.848957,381.0,1.0,124.2,151.4,0.36,COMPLETE
2801,0.6875,2026-04-05 03:42:20.399995,2026-04-05 03:42:27.494072,0 days 00:00:07.094077,383.0,2.0,117.0,153.8,0.37,COMPLETE
2802,0.6875,2026-04-05 03:42:27.507996,2026-04-05 03:42:33.983833,0 days 00:00:06.475837,369.0,1.0,116.2,152.4,0.46,COMPLETE
2803,0.6875,2026-04-05 03:42:33.997340,2026-04-05 03:42:41.651693,0 days 00:00:07.654353,216.0,1.0,125.5,155.8,0.55,COMPLETE
2804,0.6875,2026-04-05 03:42:41.665809,2026-04-05 03:42:48.283298,0 days 00:00:06.617489,270.0,1.0,122.2,156.7,0.63,COMPLETE
2805,0.6875,2026-04-05 03:42:48.297579,2026-04-05 03:42:55.250953,0 days 00:00:06.953374,424.0,1.0,116.0,156.7,0.09,COMPLETE
2806,0.6875,2026-04-05 03:42:55.261312,2026-04-05 03:43:02.958100,0 days 00:00:07.696788,294.0,1.0,126.2,155.0,0.46,COMPLETE
2807,0.6875,2026-04-05 03:43:02.967977,2026-04-05 03:43:09.626819,0 days 00:00:06.658842,364.0,1.0,122.4,154.3,0.23,COMPLETE
2808,0.6875,2026-04-05 03:43:09.640458,2026-04-05 03:43:16.401565,0 days 00:00:06.761107,481.0,1.0,118.8,154.5,0.96,COMPLETE
2809,0.825,2026-04-05 03:43:16.415785,2026-04-05 03:43:50.643830,0 days 00:00:34.228045,301.0,2.0,121.4,155.1,0.0,COMPLETE
2810,0.6875,2026-04-05 03:43:50.658141,2026-04-05 03:43:57.328478,0 days 00:00:06.670337,330.0,1.0,123.9,155.5,0.88,COMPLETE
2811,0.6875,2026-04-05 03:43:57.342442,2026-04-05 03:44:04.006270,0 days 00:00:06.663828,388.0,2.0,120.1,154.2,0.18,COMPLETE
2812,0.6875,2026-04-05 03:44:04.016024,2026-04-05 03:44:10.903651,0 days 00:00:06.887627,312.0,2.0,123.8,154.9,0.2,COMPLETE
2813,0.6875,2026-04-05 03:44:10.917920,2026-04-05 03:44:17.847482,0 days 00:00:06.929562,409.0,2.0,120.6,151.3,0.62,COMPLETE
2814,0.6875,2026-04-05 03:44:17.861387,2026-04-05 03:44:24.915639,0 days 00:00:07.054252,270.0,3.0,123.2,155.1,0.44,COMPLETE
2815,0.825,2026-04-05 03:44:24.925597,2026-04-05 03:44:38.880923,0 days 00:00:13.955326,362.0,1.0,116.1,153.7,0.0,COMPLETE
2816,0.6875,2026-04-05 03:44:38.895757,2026-04-05 03:44:46.204424,0 days 00:00:07.308667,233.0,1.0,122.3,155.8,0.2,COMPLETE
2817,0.6875,2026-04-05 03:44:46.218390,2026-04-05 03:44:52.676911,0 days 00:00:06.458521,439.0,1.0,122.4,155.2,0.98,COMPLETE
2818,0.6875,2026-04-05 03:44:52.691828,2026-04-05 03:44:59.376126,0 days 00:00:06.684298,408.0,1.0,120.5,151.8,0.46,COMPLETE
2819,0.6875,2026-04-05 03:44:59.386455,2026-04-05 03:45:06.507372,0 days 00:00:07.120917,416.0,2.0,113.4,153.9,0.84,COMPLETE
2820,0.6875,2026-04-05 03:45:06.520706,2026-04-05 03:45:13.115533,0 days 00:00:06.594827,416.0,1.0,115.8,154.8,0.31,COMPLETE
2821,0.6875,2026-04-05 03:45:13.129412,2026-04-05 03:45:19.893641,0 days 00:00:06.764229,361.0,2.0,118.7,151.3,0.49,COMPLETE
2822,0.6875,2026-04-05 03:45:19.906450,2026-04-05 03:45:26.746116,0 days 00:00:06.839666,452.0,2.0,122.8,154.3,0.63,COMPLETE
2823,0.6875,2026-04-05 03:45:26.759910,2026-04-05 03:45:33.250921,0 days 00:00:06.491011,414.0,1.0,123.7,155.0,0.5,COMPLETE
2824,0.6875,2026-04-05 03:45:33.261175,2026-04-05 03:45:40.146194,0 days 00:00:06.885019,392.0,1.0,126.6,154.9,0.11,COMPLETE
2825,0.825,2026-04-05 03:45:40.159860,2026-04-05 03:46:14.461693,0 days 00:00:34.301833,402.0,1.0,120.3,156.7,0.53,COMPLETE
2826,0.6875,2026-04-05 03:46:14.472113,2026-04-05 03:46:22.114313,0 days 00:00:07.642200,199.0,2.0,126.8,157.3,0.5,COMPLETE
2827,0.6875,2026-04-05 03:46:22.129152,2026-04-05 03:46:28.857990,0 days 00:00:06.728838,315.0,1.0,124.7,154.5,0.39,COMPLETE
2828,0.6875,2026-04-05 03:46:28.871927,2026-04-05 03:46:35.711029,0 days 00:00:06.839102,381.0,1.0,120.7,155.6,0.53,COMPLETE
2829,0.6875,2026-04-05 03:46:35.724684,2026-04-05 03:46:42.410997,0 days 00:00:06.686313,398.0,1.0,118.2,153.9,0.35000000000000003,COMPLETE
2830,0.6875,2026-04-05 03:46:42.425312,2026-04-05 03:46:49.438682,0 days 00:00:07.013370,367.0,1.0,114.9,158.0,0.3,COMPLETE
2831,0.6875,2026-04-05 03:46:49.451907,2026-04-05 03:46:56.239176,0 days 00:00:06.787269,452.0,1.0,113.4,155.5,0.26,COMPLETE
2832,0.6875,2026-04-05 03:46:56.250376,2026-04-05 03:47:03.627567,0 days 00:00:07.377191,387.0,1.0,122.7,154.2,0.62,COMPLETE
2833,0.6875,2026-04-05 03:47:03.640662,2026-04-05 03:47:11.067080,0 days 00:00:07.426418,485.0,2.0,113.0,154.8,0.18,COMPLETE
2834,0.6875,2026-04-05 03:47:11.081357,2026-04-05 03:47:18.519115,0 days 00:00:07.437758,388.0,1.0,120.2,150.8,0.18,COMPLETE
2835,0.6875,2026-04-05 03:47:18.533625,2026-04-05 03:47:25.538369,0 days 00:00:07.004744,352.0,2.0,125.5,154.7,0.67,COMPLETE
2836,0.6875,2026-04-05 03:47:25.552140,2026-04-05 03:47:32.589077,0 days 00:00:07.036937,204.0,1.0,125.9,155.4,0.04,COMPLETE
2837,0.6875,2026-04-05 03:47:32.602540,2026-04-05 03:47:39.843843,0 days 00:00:07.241303,299.0,1.0,117.9,154.7,0.49,COMPLETE
2838,0.825,2026-04-05 03:47:39.857027,2026-04-05 03:48:14.281372,0 days 00:00:34.424345,493.0,2.0,122.6,157.3,0.64,COMPLETE
2839,0.6875,2026-04-05 03:48:14.294904,2026-04-05 03:48:21.789624,0 days 00:00:07.494720,498.0,1.0,113.8,152.8,0.26,COMPLETE
2840,0.671875,2026-04-05 03:48:21.803063,2026-04-05 03:48:28.933427,0 days 00:00:07.130364,332.0,2.0,119.4,153.9,0.13,COMPLETE
2841,0.6875,2026-04-05 03:48:28.944093,2026-04-05 03:48:35.701703,0 days 00:00:06.757610,424.0,1.0,114.7,154.3,0.05,COMPLETE
2842,0.6875,2026-04-05 03:48:35.715849,2026-04-05 03:48:43.277556,0 days 00:00:07.561707,327.0,2.0,121.6,155.0,0.72,COMPLETE
2843,0.6875,2026-04-05 03:48:43.291261,2026-04-05 03:48:50.011612,0 days 00:00:06.720351,291.0,1.0,124.0,154.0,0.4,COMPLETE
2844,0.6875,2026-04-05 03:48:50.025687,2026-04-05 03:48:57.123152,0 days 00:00:07.097465,441.0,1.0,119.6,157.9,0.17,COMPLETE
2845,0.6875,2026-04-05 03:48:57.136329,2026-04-05 03:49:04.040297,0 days 00:00:06.903968,477.0,1.0,115.6,154.5,0.3,COMPLETE
2846,0.6875,2026-04-05 03:49:04.054707,2026-04-05 03:49:10.585500,0 days 00:00:06.530793,492.0,2.0,116.0,154.1,0.02,COMPLETE
2847,0.825,2026-04-05 03:49:10.599082,2026-04-05 03:49:45.394920,0 days 00:00:34.795838,366.0,1.0,124.8,155.1,0.28,COMPLETE
2848,0.6875,2026-04-05 03:49:45.408752,2026-04-05 03:49:52.891805,0 days 00:00:07.483053,479.0,2.0,116.2,150.3,0.01,COMPLETE
2849,0.6875,2026-04-05 03:49:52.901746,2026-04-05 03:49:59.782264,0 days 00:00:06.880518,444.0,1.0,115.0,155.3,0.06,COMPLETE
2850,0.6875,2026-04-05 03:49:59.797442,2026-04-05 03:50:06.994262,0 days 00:00:07.196820,388.0,1.0,121.5,154.1,0.67,COMPLETE
2851,0.6875,2026-04-05 03:50:07.007869,2026-04-05 03:50:14.205552,0 days 00:00:07.197683,297.0,1.0,124.7,157.8,0.52,COMPLETE
2852,0.6875,2026-04-05 03:50:14.219822,2026-04-05 03:50:21.611903,0 days 00:00:07.392081,451.0,1.0,116.8,155.0,0.39,COMPLETE
2853,0.6875,2026-04-05 03:50:21.625758,2026-04-05 03:50:28.620362,0 days 00:00:06.994604,323.0,3.0,117.7,152.6,0.01,COMPLETE
2854,0.6875,2026-04-05 03:50:28.634934,2026-04-05 03:50:35.847645,0 days 00:00:07.212711,449.0,1.0,126.2,152.4,0.38,COMPLETE
2855,0.6875,2026-04-05 03:50:35.861054,2026-04-05 03:50:43.498315,0 days 00:00:07.637261,419.0,1.0,115.2,156.5,0.02,COMPLETE
2856,0.6875,2026-04-05 03:50:43.511968,2026-04-05 03:50:50.030742,0 days 00:00:06.518774,443.0,1.0,115.5,158.2,0.01,COMPLETE
2857,0.671875,2026-04-05 03:50:50.040461,2026-04-05 03:50:57.083896,0 days 00:00:07.043435,440.0,1.0,117.8,151.8,0.02,COMPLETE
2858,0.6875,2026-04-05 03:50:57.097211,2026-04-05 03:51:04.609708,0 days 00:00:07.512497,319.0,2.0,126.6,151.6,0.37,COMPLETE
2859,0.671875,2026-04-05 03:51:04.623699,2026-04-05 03:51:11.652880,0 days 00:00:07.029181,379.0,1.0,120.4,153.7,0.17,COMPLETE
2860,0.6875,2026-04-05 03:51:11.666438,2026-04-05 03:51:18.536071,0 days 00:00:06.869633,282.0,1.0,124.0,154.7,0.19,COMPLETE
2861,0.6875,2026-04-05 03:51:18.549885,2026-04-05 03:51:26.034218,0 days 00:00:07.484333,329.0,1.0,113.5,153.8,0.01,COMPLETE
2862,0.6875,2026-04-05 03:51:26.048707,2026-04-05 03:51:33.824726,0 days 00:00:07.776019,262.0,2.0,123.4,153.8,0.1,COMPLETE
2863,0.825,2026-04-05 03:51:33.838048,2026-04-05 03:52:08.019121,0 days 00:00:34.181073,356.0,1.0,119.3,154.4,0.02,COMPLETE
2864,0.825,2026-04-05 03:52:08.032274,2026-04-05 03:52:42.325672,0 days 00:00:34.293398,402.0,2.0,123.5,153.3,0.35000000000000003,COMPLETE
2865,0.825,2026-04-05 03:52:42.339612,2026-04-05 03:53:16.347506,0 days 00:00:34.007894,493.0,3.0,121.5,156.4,0.33,COMPLETE
2866,0.825,2026-04-05 03:53:16.361644,2026-04-05 03:53:50.653215,0 days 00:00:34.291571,404.0,2.0,123.0,153.2,0.53,COMPLETE
2867,0.671875,2026-04-05 03:53:50.667674,2026-04-05 03:53:57.280053,0 days 00:00:06.612379,498.0,3.0,122.6,154.3,0.71,COMPLETE
2868,0.6875,2026-04-05 03:53:57.294086,2026-04-05 03:54:04.291291,0 days 00:00:06.997205,346.0,1.0,122.3,157.9,0.04,COMPLETE
2869,0.825,2026-04-05 03:54:04.305550,2026-04-05 03:54:38.300976,0 days 00:00:33.995426,495.0,1.0,119.5,155.8,0.01,COMPLETE
2870,0.6875,2026-04-05 03:54:38.315381,2026-04-05 03:54:45.744952,0 days 00:00:07.429571,257.0,1.0,124.5,154.1,0.21,COMPLETE
2871,0.825,2026-04-05 03:54:45.758800,2026-04-05 03:55:19.760383,0 days 00:00:34.001583,345.0,1.0,125.7,153.7,0.11,COMPLETE
2872,0.6875,2026-04-05 03:55:19.774271,2026-04-05 03:55:26.732887,0 days 00:00:06.958616,354.0,1.0,122.0,151.9,0.16,COMPLETE
2873,0.6875,2026-04-05 03:55:26.746655,2026-04-05 03:55:33.251172,0 days 00:00:06.504517,353.0,1.0,122.6,152.7,0.41000000000000003,COMPLETE
2874,0.6875,2026-04-05 03:55:33.265211,2026-04-05 03:55:39.982111,0 days 00:00:06.716900,315.0,1.0,121.5,150.7,0.4,COMPLETE
2875,0.6875,2026-04-05 03:55:39.995999,2026-04-05 03:55:46.812834,0 days 00:00:06.816835,240.0,1.0,123.2,151.9,0.44,COMPLETE
2876,0.6875,2026-04-05 03:55:46.826083,2026-04-05 03:55:53.701732,0 days 00:00:06.875649,495.0,2.0,122.0,154.6,0.8300000000000001,COMPLETE
2877,0.825,2026-04-05 03:55:53.715462,2026-04-05 03:56:28.124891,0 days 00:00:34.409429,347.0,1.0,121.9,156.7,0.4,COMPLETE
2878,0.6875,2026-04-05 03:56:28.135431,2026-04-05 03:56:34.936703,0 days 00:00:06.801272,415.0,2.0,124.6,154.8,0.85,COMPLETE
2879,0.6875,2026-04-05 03:56:34.950372,2026-04-05 03:56:42.109180,0 days 00:00:07.158808,301.0,1.0,120.5,154.4,0.24,COMPLETE
2880,0.825,2026-04-05 03:56:42.122978,2026-04-05 03:57:16.236433,0 days 00:00:34.113455,299.0,1.0,120.7,156.9,0.27,COMPLETE
2881,0.6875,2026-04-05 03:57:16.250194,2026-04-05 03:57:23.002871,0 days 00:00:06.752677,476.0,1.0,117.6,154.3,0.05,COMPLETE
2882,0.6875,2026-04-05 03:57:23.016441,2026-04-05 03:57:29.683998,0 days 00:00:06.667557,356.0,1.0,116.3,154.4,0.44,COMPLETE
2883,0.6875,2026-04-05 03:57:29.697937,2026-04-05 03:57:36.643407,0 days 00:00:06.945470,444.0,2.0,120.4,152.3,0.5700000000000001,COMPLETE
2884,0.6875,2026-04-05 03:57:36.656587,2026-04-05 03:57:43.271919,0 days 00:00:06.615332,481.0,2.0,122.8,152.7,0.6900000000000001,COMPLETE
2885,0.6875,2026-04-05 03:57:43.285887,2026-04-05 03:57:50.299421,0 days 00:00:07.013534,365.0,2.0,121.1,150.8,0.08,COMPLETE
2886,0.6875,2026-04-05 03:57:50.310730,2026-04-05 03:57:57.728374,0 days 00:00:07.417644,318.0,3.0,113.1,150.0,1.45,COMPLETE
2887,0.825,2026-04-05 03:57:57.742549,2026-04-05 03:58:32.761285,0 days 00:00:35.018736,329.0,1.0,122.8,155.3,0.27,COMPLETE
2888,0.6875,2026-04-05 03:58:32.775548,2026-04-05 03:58:40.157551,0 days 00:00:07.382003,485.0,1.0,113.9,154.8,0.81,COMPLETE
2889,0.6875,2026-04-05 03:58:40.171188,2026-04-05 03:58:47.522019,0 days 00:00:07.350831,326.0,1.0,121.2,155.3,0.04,COMPLETE
2890,0.6875,2026-04-05 03:58:47.536306,2026-04-05 03:58:54.483560,0 days 00:00:06.947254,478.0,1.0,115.3,154.7,1.08,COMPLETE
2891,0.6875,2026-04-05 03:58:54.498009,2026-04-05 03:59:01.112232,0 days 00:00:06.614223,418.0,1.0,116.0,155.7,0.4,COMPLETE
2892,0.825,2026-04-05 03:59:01.126032,2026-04-05 03:59:35.233849,0 days 00:00:34.107817,432.0,1.0,118.5,154.8,0.41000000000000003,COMPLETE
2893,0.6875,2026-04-05 03:59:35.247939,2026-04-05 03:59:42.555242,0 days 00:00:07.307303,231.0,2.0,123.5,155.7,0.07,COMPLETE
2894,0.6875,2026-04-05 03:59:42.569182,2026-04-05 03:59:49.948598,0 days 00:00:07.379416,388.0,1.0,114.0,154.3,0.02,COMPLETE
2895,0.6875,2026-04-05 03:59:49.963106,2026-04-05 03:59:57.011732,0 days 00:00:07.048626,375.0,2.0,120.4,152.4,0.52,COMPLETE
2896,0.6875,2026-04-05 03:59:57.023168,2026-04-05 04:00:04.056341,0 days 00:00:07.033173,492.0,2.0,126.7,155.6,0.79,COMPLETE
2897,0.6875,2026-04-05 04:00:04.066342,2026-04-05 04:00:11.238805,0 days 00:00:07.172463,359.0,1.0,121.0,154.1,0.44,COMPLETE
2898,0.825,2026-04-05 04:00:11.251560,2026-04-05 04:00:45.100736,0 days 00:00:33.849176,419.0,2.0,118.1,154.9,0.01,COMPLETE
2899,0.6875,2026-04-05 04:00:45.114156,2026-04-05 04:00:52.016285,0 days 00:00:06.902129,365.0,1.0,116.9,150.3,0.43,COMPLETE
2900,0.6875,2026-04-05 04:00:52.030058,2026-04-05 04:00:58.628114,0 days 00:00:06.598056,476.0,1.0,117.2,153.7,0.03,COMPLETE
2901,0.6875,2026-04-05 04:00:58.639427,2026-04-05 04:01:05.296093,0 days 00:00:06.656666,464.0,2.0,120.8,153.1,0.66,COMPLETE
2902,0.6875,2026-04-05 04:01:05.306229,2026-04-05 04:01:12.566606,0 days 00:00:07.260377,392.0,1.0,119.1,158.6,0.38,COMPLETE
2903,0.6875,2026-04-05 04:01:12.580744,2026-04-05 04:01:19.946536,0 days 00:00:07.365792,183.0,2.0,121.4,153.6,0.35000000000000003,COMPLETE
2904,0.825,2026-04-05 04:01:19.960364,2026-04-05 04:01:25.277198,0 days 00:00:05.316834,451.0,2.0,125.8,154.9,0.42,COMPLETE
2905,0.6875,2026-04-05 04:01:25.288225,2026-04-05 04:01:32.216674,0 days 00:00:06.928449,301.0,1.0,126.1,153.1,0.11,COMPLETE
2906,0.671875,2026-04-05 04:01:32.230626,2026-04-05 04:01:39.096081,0 days 00:00:06.865455,449.0,2.0,122.3,155.2,0.53,COMPLETE
2907,0.825,2026-04-05 04:01:39.109268,2026-04-05 04:02:13.909084,0 days 00:00:34.799816,382.0,1.0,121.9,156.0,0.34,COMPLETE
2908,0.825,2026-04-05 04:02:13.923061,2026-04-05 04:02:47.736127,0 days 00:00:33.813066,424.0,2.0,120.0,156.5,0.41000000000000003,COMPLETE
2909,0.825,2026-04-05 04:02:47.748351,2026-04-05 04:03:21.771524,0 days 00:00:34.023173,376.0,1.0,124.0,156.7,0.25,COMPLETE
2910,0.825,2026-04-05 04:03:21.785882,2026-04-05 04:03:29.483528,0 days 00:00:07.697646,434.0,1.0,116.3,154.6,0.01,COMPLETE
2911,0.6875,2026-04-05 04:03:29.497498,2026-04-05 04:03:36.147659,0 days 00:00:06.650161,442.0,1.0,114.6,152.1,0.01,COMPLETE
2912,0.825,2026-04-05 04:03:36.162360,2026-04-05 04:03:54.052099,0 days 00:00:17.889739,500.0,3.0,126.0,155.4,0.54,COMPLETE
2913,0.825,2026-04-05 04:03:54.066111,2026-04-05 04:04:28.355968,0 days 00:00:34.289857,275.0,1.0,122.0,155.1,0.01,COMPLETE
2914,0.6875,2026-04-05 04:04:28.369928,2026-04-05 04:04:35.575766,0 days 00:00:07.205838,499.0,1.0,115.0,158.1,0.35000000000000003,COMPLETE
2915,0.6875,2026-04-05 04:04:35.586813,2026-04-05 04:04:42.201416,0 days 00:00:06.614603,481.0,1.0,116.1,155.5,0.55,COMPLETE
2916,0.6875,2026-04-05 04:04:42.214799,2026-04-05 04:04:48.698917,0 days 00:00:06.484118,462.0,1.0,115.0,154.5,0.0,COMPLETE
2917,0.825,2026-04-05 04:04:48.710504,2026-04-05 04:04:53.827004,0 days 00:00:05.116500,490.0,1.0,117.2,155.7,0.02,COMPLETE
2918,0.6875,2026-04-05 04:04:53.841439,2026-04-05 04:05:00.514235,0 days 00:00:06.672796,499.0,1.0,115.0,153.5,0.89,COMPLETE
2919,0.671875,2026-04-05 04:05:00.524747,2026-04-05 04:05:08.202653,0 days 00:00:07.677906,272.0,1.0,124.2,156.2,0.03,COMPLETE
2920,0.825,2026-04-05 04:05:08.216135,2026-04-05 04:05:42.585951,0 days 00:00:34.369816,279.0,1.0,118.9,152.9,0.03,COMPLETE
2921,0.6875,2026-04-05 04:05:42.599837,2026-04-05 04:05:49.426123,0 days 00:00:06.826286,310.0,1.0,122.6,154.4,0.62,COMPLETE
2922,0.671875,2026-04-05 04:05:49.440321,2026-04-05 04:05:56.030951,0 days 00:00:06.590630,499.0,2.0,124.6,156.1,0.44,COMPLETE
2923,0.6875,2026-04-05 04:05:56.044896,2026-04-05 04:06:03.456772,0 days 00:00:07.411876,430.0,1.0,115.6,152.0,0.53,COMPLETE
2924,0.6875,2026-04-05 04:06:03.470424,2026-04-05 04:06:10.843003,0 days 00:00:07.372579,350.0,2.0,121.6,149.9,0.8300000000000001,COMPLETE
2925,0.6875,2026-04-05 04:06:10.853439,2026-04-05 04:06:18.044673,0 days 00:00:07.191234,228.0,3.0,123.3,154.8,0.08,COMPLETE
2926,0.825,2026-04-05 04:06:18.058218,2026-04-05 04:06:52.213974,0 days 00:00:34.155756,439.0,1.0,118.2,155.7,0.01,COMPLETE
2927,0.6875,2026-04-05 04:06:52.228271,2026-04-05 04:06:59.140410,0 days 00:00:06.912139,256.0,1.0,120.9,154.7,0.54,COMPLETE
2928,0.6875,2026-04-05 04:06:59.153875,2026-04-05 04:07:06.090549,0 days 00:00:06.936674,319.0,1.0,126.8,156.6,0.36,COMPLETE
2929,0.6875,2026-04-05 04:07:06.104883,2026-04-05 04:07:13.787588,0 days 00:00:07.682705,316.0,2.0,115.9,153.0,0.04,COMPLETE
2930,0.825,2026-04-05 04:07:13.801914,2026-04-05 04:07:47.769233,0 days 00:00:33.967319,421.0,1.0,117.0,154.7,0.04,COMPLETE
2931,0.6875,2026-04-05 04:07:47.783074,2026-04-05 04:07:54.950199,0 days 00:00:07.167125,446.0,3.0,123.9,153.5,0.74,COMPLETE
2932,0.671875,2026-04-05 04:07:54.960895,2026-04-05 04:08:01.770317,0 days 00:00:06.809422,394.0,2.0,119.3,151.9,0.28,COMPLETE
2933,0.6875,2026-04-05 04:08:01.780702,2026-04-05 04:08:09.424789,0 days 00:00:07.644087,480.0,2.0,126.8,160.0,0.42,COMPLETE
2934,0.6875,2026-04-05 04:08:09.438042,2026-04-05 04:08:17.058449,0 days 00:00:07.620407,274.0,2.0,122.4,152.9,0.46,COMPLETE
2935,0.6875,2026-04-05 04:08:17.069768,2026-04-05 04:08:24.910473,0 days 00:00:07.840705,185.0,3.0,113.3,148.1,0.72,COMPLETE
2936,0.825,2026-04-05 04:08:24.921531,2026-04-05 04:08:59.711189,0 days 00:00:34.789658,364.0,1.0,122.7,153.0,0.09,COMPLETE
2937,0.6875,2026-04-05 04:08:59.724846,2026-04-05 04:09:07.029309,0 days 00:00:07.304463,478.0,1.0,115.1,154.7,0.27,COMPLETE
2938,0.6875,2026-04-05 04:09:07.043129,2026-04-05 04:09:14.578362,0 days 00:00:07.535233,290.0,1.0,123.3,157.5,0.37,COMPLETE
2939,0.6875,2026-04-05 04:09:14.588316,2026-04-05 04:09:21.491915,0 days 00:00:06.903599,270.0,1.0,120.6,154.6,0.0,COMPLETE
2940,0.825,2026-04-05 04:09:21.505815,2026-04-05 04:09:55.536065,0 days 00:00:34.030250,306.0,1.0,123.8,153.8,0.04,COMPLETE
2941,0.6875,2026-04-05 04:09:55.549688,2026-04-05 04:10:02.322626,0 days 00:00:06.772938,431.0,3.0,122.8,152.2,0.87,COMPLETE
2942,0.6875,2026-04-05 04:10:02.336931,2026-04-05 04:10:09.334172,0 days 00:00:06.997241,420.0,2.0,117.6,151.3,0.12,COMPLETE
2943,0.6875,2026-04-05 04:10:09.347669,2026-04-05 04:10:16.463843,0 days 00:00:07.116174,458.0,2.0,124.0,154.5,0.56,COMPLETE
2944,0.825,2026-04-05 04:10:16.478047,2026-04-05 04:10:21.759453,0 days 00:00:05.281406,357.0,1.0,122.2,155.3,0.28,COMPLETE
2945,0.6875,2026-04-05 04:10:21.773300,2026-04-05 04:10:28.946541,0 days 00:00:07.173241,306.0,2.0,119.9,150.2,0.48,COMPLETE
2946,0.6875,2026-04-05 04:10:28.960452,2026-04-05 04:10:35.499205,0 days 00:00:06.538753,354.0,1.0,119.5,152.2,0.64,COMPLETE
2947,0.825,2026-04-05 04:10:35.510880,2026-04-05 04:11:09.492044,0 days 00:00:33.981164,394.0,1.0,119.5,155.2,0.3,COMPLETE
2948,0.825,2026-04-05 04:11:09.506572,2026-04-05 04:11:43.554119,0 days 00:00:34.047547,346.0,1.0,123.1,153.6,0.01,COMPLETE
2949,0.6875,2026-04-05 04:11:43.563918,2026-04-05 04:11:50.998635,0 days 00:00:07.434717,434.0,1.0,113.7,156.1,0.44,COMPLETE
2950,0.6875,2026-04-05 04:11:51.012436,2026-04-05 04:11:57.916009,0 days 00:00:06.903573,417.0,2.0,118.2,152.7,0.89,COMPLETE
2951,0.6875,2026-04-05 04:11:57.930531,2026-04-05 04:12:04.535017,0 days 00:00:06.604486,448.0,2.0,115.9,155.1,0.51,COMPLETE
