number,value,datetime_start,datetime_complete,duration,params_voltage,params_width,params_x,params_y,params_z,state
8176,0.6875,2026-04-07 01:08:53.797511,2026-04-07 01:09:01.123937,0 days 00:00:07.326426,434.0,2.0,115.3,153.3,0.0,COMPLETE
8177,0.6875,2026-04-07 01:09:01.143895,2026-04-07 01:09:07.711698,0 days 00:00:06.567803,401.0,1.0,113.3,152.9,0.26,COMPLETE
8178,0.6875,2026-04-07 01:09:07.727227,2026-04-07 01:09:14.957093,0 days 00:00:07.229866,368.0,2.0,121.4,153.6,0.4,COMPLETE
8179,0.6875,2026-04-07 01:09:14.975609,2026-04-07 01:09:21.624016,0 days 00:00:06.648407,371.0,2.0,118.0,153.7,0.01,COMPLETE
8180,0.825,2026-04-07 01:09:21.639626,2026-04-07 01:09:55.480105,0 days 00:00:33.840479,462.0,1.0,118.7,153.2,0.29,COMPLETE
8181,0.6875,2026-04-07 01:09:55.497496,2026-04-07 01:10:02.676526,0 days 00:00:07.179030,361.0,1.0,123.9,153.3,0.28,COMPLETE
8182,0.6875,2026-04-07 01:10:02.691316,2026-04-07 01:10:10.215278,0 days 00:00:07.523962,382.0,2.0,115.3,148.0,2.0,COMPLETE
8183,0.6875,2026-04-07 01:10:10.233459,2026-04-07 01:10:17.328616,0 days 00:00:07.095157,431.0,2.0,116.4,154.9,0.25,COMPLETE
8184,0.6875,2026-04-07 01:10:17.346048,2026-04-07 01:10:24.311091,0 days 00:00:06.965043,367.0,2.0,114.3,157.9,1.99,COMPLETE
8185,0.825,2026-04-07 01:10:24.329386,2026-04-07 01:10:58.495723,0 days 00:00:34.166337,411.0,1.0,118.2,156.0,0.5700000000000001,COMPLETE
8186,0.825,2026-04-07 01:10:58.514562,2026-04-07 01:11:33.005250,0 days 00:00:34.490688,450.0,1.0,125.3,155.8,0.08,COMPLETE
8187,0.6875,2026-04-07 01:11:33.023041,2026-04-07 01:11:40.726963,0 days 00:00:07.703922,442.0,1.0,115.5,154.9,0.22,COMPLETE
8188,0.6875,2026-04-07 01:11:40.745364,2026-04-07 01:11:47.446495,0 days 00:00:06.701131,419.0,1.0,117.4,153.8,0.27,COMPLETE
8189,0.825,2026-04-07 01:11:47.463801,2026-04-07 01:12:21.657591,0 days 00:00:34.193790,354.0,1.0,118.1,156.7,0.7000000000000001,COMPLETE
8190,0.825,2026-04-07 01:12:21.673512,2026-04-07 01:12:56.209042,0 days 00:00:34.535530,204.0,2.0,122.6,156.7,0.01,COMPLETE
8191,0.6875,2026-04-07 01:12:56.226324,2026-04-07 01:13:03.689385,0 days 00:00:07.463061,445.0,1.0,113.4,155.2,0.39,COMPLETE
8192,0.015625,2026-04-07 01:13:03.706299,2026-04-07 01:13:10.348033,0 days 00:00:06.641734,459.0,2.0,115.8,155.2,0.01,COMPLETE
8193,0.6875,2026-04-07 01:13:10.362946,2026-04-07 01:13:17.145806,0 days 00:00:06.782860,350.0,1.0,117.0,157.0,0.0,COMPLETE
8194,0.671875,2026-04-07 01:13:17.160966,2026-04-07 01:13:23.872028,0 days 00:00:06.711062,398.0,1.0,116.5,153.1,0.0,COMPLETE
8195,0.825,2026-04-07 01:13:23.890447,2026-04-07 01:13:58.153269,0 days 00:00:34.262822,471.0,2.0,120.5,155.8,0.54,COMPLETE
8196,0.6875,2026-04-07 01:13:58.170968,2026-04-07 01:14:05.012402,0 days 00:00:06.841434,445.0,2.0,124.1,156.1,0.47000000000000003,COMPLETE
8197,0.825,2026-04-07 01:14:05.030082,2026-04-07 01:14:39.647820,0 days 00:00:34.617738,397.0,2.0,116.7,154.9,0.02,COMPLETE
8198,0.6875,2026-04-07 01:14:39.665747,2026-04-07 01:14:46.559741,0 days 00:00:06.893994,484.0,1.0,113.0,153.7,0.25,COMPLETE
8199,0.6875,2026-04-07 01:14:46.574532,2026-04-07 01:14:53.301215,0 days 00:00:06.726683,395.0,1.0,113.3,154.2,0.25,COMPLETE
8200,0.6875,2026-04-07 01:14:53.320151,2026-04-07 01:15:00.493704,0 days 00:00:07.173553,410.0,2.0,119.1,151.2,0.31,COMPLETE
8201,0.825,2026-04-07 01:15:00.508416,2026-04-07 01:15:34.659900,0 days 00:00:34.151484,447.0,1.0,116.4,154.5,0.01,COMPLETE
8202,0.6875,2026-04-07 01:15:34.673593,2026-04-07 01:15:42.201039,0 days 00:00:07.527446,248.0,2.0,123.8,157.5,0.3,COMPLETE
8203,0.825,2026-04-07 01:15:42.216934,2026-04-07 01:16:16.670115,0 days 00:00:34.453181,369.0,1.0,118.6,154.2,0.24,COMPLETE
8204,0.6875,2026-04-07 01:16:16.685539,2026-04-07 01:16:23.494582,0 days 00:00:06.809043,344.0,2.0,117.1,157.9,0.11,COMPLETE
8205,0.6875,2026-04-07 01:16:23.512803,2026-04-07 01:16:30.012756,0 days 00:00:06.499953,334.0,1.0,117.3,156.4,0.34,COMPLETE
8206,0.6875,2026-04-07 01:16:30.028103,2026-04-07 01:16:36.647185,0 days 00:00:06.619082,398.0,1.0,118.8,158.2,0.23,COMPLETE
8207,0.6875,2026-04-07 01:16:36.664936,2026-04-07 01:16:43.572578,0 days 00:00:06.907642,469.0,1.0,116.5,153.8,0.35000000000000003,COMPLETE
8208,0.825,2026-04-07 01:16:43.587310,2026-04-07 01:17:18.090586,0 days 00:00:34.503276,373.0,1.0,121.2,156.8,0.16,COMPLETE
8209,0.825,2026-04-07 01:17:18.108641,2026-04-07 01:17:52.136124,0 days 00:00:34.027483,405.0,1.0,117.4,156.7,0.24,COMPLETE
8210,0.6875,2026-04-07 01:17:52.153573,2026-04-07 01:17:59.032782,0 days 00:00:06.879209,457.0,2.0,117.5,153.2,0.44,COMPLETE
8211,0.6875,2026-04-07 01:17:59.046712,2026-04-07 01:18:05.713533,0 days 00:00:06.666821,400.0,1.0,116.5,154.7,0.48,COMPLETE
8212,0.825,2026-04-07 01:18:05.730217,2026-04-07 01:18:40.021815,0 days 00:00:34.291598,458.0,1.0,122.1,156.5,0.54,COMPLETE
8213,0.825,2026-04-07 01:18:40.034475,2026-04-07 01:19:14.053260,0 days 00:00:34.018785,492.0,1.0,118.1,156.8,0.8,COMPLETE
8214,0.6875,2026-04-07 01:19:14.070819,2026-04-07 01:19:21.681558,0 days 00:00:07.610739,255.0,2.0,123.1,155.8,0.26,COMPLETE
8215,0.6875,2026-04-07 01:19:21.696277,2026-04-07 01:19:28.720289,0 days 00:00:07.024012,292.0,1.0,117.9,154.9,0.25,COMPLETE
8216,0.6875,2026-04-07 01:19:28.737768,2026-04-07 01:19:35.482153,0 days 00:00:06.744385,398.0,1.0,117.9,152.4,0.01,COMPLETE
8217,0.6875,2026-04-07 01:19:35.497279,2026-04-07 01:19:42.169812,0 days 00:00:06.672533,495.0,1.0,116.6,153.6,0.71,COMPLETE
8218,0.825,2026-04-07 01:19:42.187802,2026-04-07 01:20:16.283773,0 days 00:00:34.095971,455.0,1.0,118.2,156.0,0.01,COMPLETE
8219,0.825,2026-04-07 01:20:16.301710,2026-04-07 01:20:50.578815,0 days 00:00:34.277105,264.0,2.0,120.5,156.9,0.07,COMPLETE
8220,0.6875,2026-04-07 01:20:50.595448,2026-04-07 01:20:57.653063,0 days 00:00:07.057615,444.0,1.0,118.1,151.0,0.0,COMPLETE
8221,0.6875,2026-04-07 01:20:57.670438,2026-04-07 01:21:04.411327,0 days 00:00:06.740889,452.0,1.0,116.0,154.8,0.73,COMPLETE
8222,0.6875,2026-04-07 01:21:04.427443,2026-04-07 01:21:11.474891,0 days 00:00:07.047448,359.0,1.0,120.9,154.4,0.39,COMPLETE
8223,0.6875,2026-04-07 01:21:11.492238,2026-04-07 01:21:18.238766,0 days 00:00:06.746528,427.0,1.0,117.6,151.8,0.49,COMPLETE
8224,0.825,2026-04-07 01:21:18.253797,2026-04-07 01:21:52.775888,0 days 00:00:34.522091,330.0,2.0,118.9,156.8,0.37,COMPLETE
8225,0.6875,2026-04-07 01:21:52.793288,2026-04-07 01:21:59.545675,0 days 00:00:06.752387,299.0,2.0,121.7,154.9,0.42,COMPLETE
8226,0.825,2026-04-07 01:21:59.560594,2026-04-07 01:22:33.512914,0 days 00:00:33.952320,443.0,1.0,118.9,153.7,0.03,COMPLETE
8227,0.825,2026-04-07 01:22:33.531498,2026-04-07 01:23:07.545273,0 days 00:00:34.013775,394.0,1.0,116.0,154.4,0.02,COMPLETE
8228,0.6875,2026-04-07 01:23:07.562503,2026-04-07 01:23:14.139213,0 days 00:00:06.576710,493.0,1.0,117.3,154.5,0.31,COMPLETE
8229,0.6875,2026-04-07 01:23:14.154030,2026-04-07 01:23:20.876368,0 days 00:00:06.722338,363.0,1.0,117.2,154.6,0.56,COMPLETE
8230,0.6875,2026-04-07 01:23:20.894871,2026-04-07 01:23:28.063390,0 days 00:00:07.168519,313.0,1.0,113.0,152.5,0.05,COMPLETE
8231,0.6875,2026-04-07 01:23:28.078482,2026-04-07 01:23:35.105622,0 days 00:00:07.027140,390.0,1.0,117.0,156.4,0.25,COMPLETE
8232,0.825,2026-04-07 01:23:35.122954,2026-04-07 01:23:52.095799,0 days 00:00:16.972845,377.0,1.0,124.0,152.8,0.06,COMPLETE
8233,0.6875,2026-04-07 01:23:52.109751,2026-04-07 01:23:59.290614,0 days 00:00:07.180863,207.0,2.0,121.4,155.5,0.28,COMPLETE
8234,0.6875,2026-04-07 01:23:59.306067,2026-04-07 01:24:06.011009,0 days 00:00:06.704942,311.0,2.0,117.7,154.5,0.26,COMPLETE
8235,0.825,2026-04-07 01:24:06.026272,2026-04-07 01:24:39.940582,0 days 00:00:33.914310,357.0,1.0,116.9,156.4,0.0,COMPLETE
8236,0.6875,2026-04-07 01:24:39.957619,2026-04-07 01:24:46.710047,0 days 00:00:06.752428,407.0,2.0,116.4,153.0,0.27,COMPLETE
8237,0.6875,2026-04-07 01:24:46.725250,2026-04-07 01:24:53.395726,0 days 00:00:06.670476,413.0,1.0,115.9,156.7,0.0,COMPLETE
8238,0.6875,2026-04-07 01:24:53.413791,2026-04-07 01:25:00.286041,0 days 00:00:06.872250,375.0,2.0,113.0,153.8,0.24,COMPLETE
8239,0.825,2026-04-07 01:25:00.303157,2026-04-07 01:25:34.471490,0 days 00:00:34.168333,441.0,2.0,117.9,154.8,0.0,COMPLETE
8240,0.6875,2026-04-07 01:25:34.489578,2026-04-07 01:25:41.354312,0 days 00:00:06.864734,371.0,1.0,116.1,155.2,0.01,COMPLETE
8241,0.6875,2026-04-07 01:25:41.369783,2026-04-07 01:25:47.811598,0 days 00:00:06.441815,423.0,1.0,115.2,154.7,0.19,COMPLETE
8242,0.6875,2026-04-07 01:25:47.830187,2026-04-07 01:25:54.434501,0 days 00:00:06.604314,397.0,2.0,116.8,157.3,0.36,COMPLETE
8243,0.6875,2026-04-07 01:25:54.451164,2026-04-07 01:26:01.608418,0 days 00:00:07.157254,230.0,1.0,121.7,155.4,0.0,COMPLETE
8244,0.6875,2026-04-07 01:26:01.626128,2026-04-07 01:26:08.678944,0 days 00:00:07.052816,394.0,1.0,116.7,153.1,0.0,COMPLETE
8245,0.825,2026-04-07 01:26:08.693555,2026-04-07 01:26:42.840962,0 days 00:00:34.147407,401.0,1.0,120.3,155.3,0.39,COMPLETE
8246,0.6875,2026-04-07 01:26:42.859758,2026-04-07 01:26:49.836003,0 days 00:00:06.976245,480.0,1.0,114.8,156.3,0.52,COMPLETE
8247,0.6875,2026-04-07 01:26:49.853341,2026-04-07 01:26:56.526313,0 days 00:00:06.672972,419.0,1.0,116.5,154.0,0.29,COMPLETE
8248,0.825,2026-04-07 01:26:56.542169,2026-04-07 01:27:30.962808,0 days 00:00:34.420639,434.0,2.0,121.9,157.2,0.27,COMPLETE
8249,0.825,2026-04-07 01:27:30.980232,2026-04-07 01:28:04.998080,0 days 00:00:34.017848,422.0,1.0,121.4,155.3,0.25,COMPLETE
8250,0.825,2026-04-07 01:28:05.016035,2026-04-07 01:28:39.065782,0 days 00:00:34.049747,426.0,1.0,119.3,154.9,0.29,COMPLETE
8251,0.6875,2026-04-07 01:28:39.083125,2026-04-07 01:28:46.173165,0 days 00:00:07.090040,414.0,2.0,114.8,156.3,0.39,COMPLETE
8252,0.6875,2026-04-07 01:28:46.190928,2026-04-07 01:28:52.780030,0 days 00:00:06.589102,500.0,2.0,114.7,155.3,0.06,COMPLETE
8253,0.825,2026-04-07 01:28:52.797406,2026-04-07 01:29:27.705974,0 days 00:00:34.908568,356.0,2.0,121.8,153.4,0.02,COMPLETE
8254,0.825,2026-04-07 01:29:27.723140,2026-04-07 01:30:02.978408,0 days 00:00:35.255268,495.0,2.0,116.0,155.3,0.25,COMPLETE
8255,0.6875,2026-04-07 01:30:02.996222,2026-04-07 01:30:09.745532,0 days 00:00:06.749310,444.0,1.0,116.0,154.4,0.01,COMPLETE
8256,0.6875,2026-04-07 01:30:09.760048,2026-04-07 01:30:16.450106,0 days 00:00:06.690058,448.0,1.0,116.2,156.3,0.26,COMPLETE
8257,0.6875,2026-04-07 01:30:16.467999,2026-04-07 01:30:23.014612,0 days 00:00:06.546613,489.0,1.0,115.0,155.4,0.0,COMPLETE
8258,0.825,2026-04-07 01:30:23.032531,2026-04-07 01:30:57.281868,0 days 00:00:34.249337,344.0,2.0,116.7,151.9,0.28,COMPLETE
8259,0.6875,2026-04-07 01:30:57.299889,2026-04-07 01:31:04.102980,0 days 00:00:06.803091,444.0,2.0,119.8,154.3,0.39,COMPLETE
8260,0.6875,2026-04-07 01:31:04.117448,2026-04-07 01:31:11.908813,0 days 00:00:07.791365,191.0,2.0,113.4,148.8,0.67,COMPLETE
8261,0.6875,2026-04-07 01:31:11.929801,2026-04-07 01:31:19.067375,0 days 00:00:07.137574,347.0,1.0,115.5,154.8,0.29,COMPLETE
8262,0.6875,2026-04-07 01:31:19.082650,2026-04-07 01:31:26.770903,0 days 00:00:07.688253,188.0,3.0,123.6,153.4,0.21,COMPLETE
8263,0.6875,2026-04-07 01:31:26.789066,2026-04-07 01:31:34.165372,0 days 00:00:07.376306,468.0,1.0,114.6,154.8,0.52,COMPLETE
8264,0.825,2026-04-07 01:31:34.180628,2026-04-07 01:32:08.436890,0 days 00:00:34.256262,360.0,1.0,116.8,154.5,0.01,COMPLETE
8265,0.671875,2026-04-07 01:32:08.454413,2026-04-07 01:32:15.418931,0 days 00:00:06.964518,420.0,2.0,122.1,154.3,0.25,COMPLETE
8266,0.6875,2026-04-07 01:32:15.436108,2026-04-07 01:32:22.447682,0 days 00:00:07.011574,247.0,2.0,120.5,153.4,0.35000000000000003,COMPLETE
8267,0.6875,2026-04-07 01:32:22.466088,2026-04-07 01:32:29.605843,0 days 00:00:07.139755,421.0,1.0,115.3,156.6,0.51,COMPLETE
8268,0.6875,2026-04-07 01:32:29.623147,2026-04-07 01:32:36.452433,0 days 00:00:06.829286,422.0,1.0,113.1,153.4,0.0,COMPLETE
8269,0.825,2026-04-07 01:32:36.468409,2026-04-07 01:33:10.926944,0 days 00:00:34.458535,428.0,1.0,118.9,155.7,0.14,COMPLETE
8270,0.6875,2026-04-07 01:33:10.944455,2026-04-07 01:33:18.138850,0 days 00:00:07.194395,326.0,2.0,124.1,154.6,0.78,COMPLETE
8271,0.6875,2026-04-07 01:33:18.153646,2026-04-07 01:33:25.571588,0 days 00:00:07.417942,385.0,1.0,115.1,153.4,0.49,COMPLETE
8272,0.6875,2026-04-07 01:33:25.589286,2026-04-07 01:33:32.157324,0 days 00:00:06.568038,438.0,1.0,114.5,152.3,0.24,COMPLETE
8273,0.6875,2026-04-07 01:33:32.172233,2026-04-07 01:33:40.104330,0 days 00:00:07.932097,291.0,2.0,124.5,155.5,0.22,COMPLETE
8274,0.671875,2026-04-07 01:33:40.121330,2026-04-07 01:33:47.206875,0 days 00:00:07.085545,466.0,2.0,118.8,151.5,0.06,COMPLETE
8275,0.825,2026-04-07 01:33:47.224058,2026-04-07 01:34:21.846530,0 days 00:00:34.622472,377.0,1.0,118.2,156.8,0.0,COMPLETE
8276,0.6875,2026-04-07 01:34:21.863240,2026-04-07 01:34:29.015113,0 days 00:00:07.151873,446.0,1.0,125.0,156.9,0.48,COMPLETE
8277,0.825,2026-04-07 01:34:29.032985,2026-04-07 01:35:03.061756,0 days 00:00:34.028771,407.0,2.0,123.2,156.5,0.58,COMPLETE
8278,0.825,2026-04-07 01:35:03.076350,2026-04-07 01:35:58.828900,0 days 00:00:55.752550,491.0,2.0,124.5,154.8,0.38,COMPLETE
8279,0.6875,2026-04-07 01:35:58.846061,2026-04-07 01:36:05.614162,0 days 00:00:06.768101,362.0,1.0,123.4,155.2,0.41000000000000003,COMPLETE
8280,0.6875,2026-04-07 01:36:05.630823,2026-04-07 01:36:12.829931,0 days 00:00:07.199108,320.0,2.0,115.9,153.6,0.0,COMPLETE
8281,0.6875,2026-04-07 01:36:12.849081,2026-04-07 01:36:19.595212,0 days 00:00:06.746131,411.0,1.0,118.1,153.6,0.61,COMPLETE
8282,0.6875,2026-04-07 01:36:19.611599,2026-04-07 01:36:26.198718,0 days 00:00:06.587119,411.0,3.0,117.8,154.8,0.29,COMPLETE
8283,0.825,2026-04-07 01:36:26.217299,2026-04-07 01:37:00.044702,0 days 00:00:33.827403,396.0,1.0,118.6,155.0,0.26,COMPLETE
8284,0.671875,2026-04-07 01:37:00.063158,2026-04-07 01:37:06.769009,0 days 00:00:06.705851,451.0,1.0,118.4,153.8,0.16,COMPLETE
8285,0.6875,2026-04-07 01:37:06.786556,2026-04-07 01:37:14.043785,0 days 00:00:07.257229,443.0,2.0,124.6,158.0,0.26,COMPLETE
8286,0.6875,2026-04-07 01:37:14.063206,2026-04-07 01:37:21.365700,0 days 00:00:07.302494,454.0,1.0,116.0,156.7,0.22,COMPLETE
8287,0.6875,2026-04-07 01:37:21.381760,2026-04-07 01:37:28.448676,0 days 00:00:07.066916,356.0,1.0,117.4,153.1,0.49,COMPLETE
8288,0.6875,2026-04-07 01:37:28.466908,2026-04-07 01:37:35.042810,0 days 00:00:06.575902,430.0,1.0,117.2,151.6,0.29,COMPLETE
8289,0.6875,2026-04-07 01:37:35.058232,2026-04-07 01:37:41.963380,0 days 00:00:06.905148,339.0,1.0,117.1,153.4,0.0,COMPLETE
8290,0.6875,2026-04-07 01:37:41.981712,2026-04-07 01:37:48.826837,0 days 00:00:06.845125,287.0,1.0,116.5,154.0,0.01,COMPLETE
8291,0.6875,2026-04-07 01:37:48.841499,2026-04-07 01:37:55.484461,0 days 00:00:06.642962,400.0,1.0,114.8,154.1,0.42,COMPLETE
8292,0.6875,2026-04-07 01:37:55.503344,2026-04-07 01:38:02.019436,0 days 00:00:06.516092,456.0,1.0,116.0,153.6,0.19,COMPLETE
8293,0.015625,2026-04-07 01:38:02.035036,2026-04-07 01:38:08.691352,0 days 00:00:06.656316,422.0,2.0,115.8,154.7,0.0,COMPLETE
8294,0.6875,2026-04-07 01:38:08.709551,2026-04-07 01:38:15.722770,0 days 00:00:07.013219,409.0,1.0,120.8,153.3,0.46,COMPLETE
8295,0.6875,2026-04-07 01:38:15.740603,2026-04-07 01:38:22.664460,0 days 00:00:06.923857,431.0,1.0,115.4,155.1,0.21,COMPLETE
8296,0.6875,2026-04-07 01:38:22.682451,2026-04-07 01:38:29.300842,0 days 00:00:06.618391,431.0,1.0,117.1,153.5,0.2,COMPLETE
8297,0.6875,2026-04-07 01:38:29.316404,2026-04-07 01:38:36.313680,0 days 00:00:06.997276,247.0,2.0,122.0,153.5,0.02,COMPLETE
8298,0.825,2026-04-07 01:38:36.332343,2026-04-07 01:39:10.603299,0 days 00:00:34.270956,482.0,1.0,118.2,157.3,0.01,COMPLETE
8299,0.6875,2026-04-07 01:39:10.621767,2026-04-07 01:39:17.726360,0 days 00:00:07.104593,361.0,1.0,115.4,153.5,0.21,COMPLETE
8300,0.6875,2026-04-07 01:39:17.743953,2026-04-07 01:39:24.854888,0 days 00:00:07.110935,348.0,1.0,121.5,153.5,0.68,COMPLETE
8301,0.6875,2026-04-07 01:39:24.875513,2026-04-07 01:39:31.714558,0 days 00:00:06.839045,364.0,2.0,118.8,153.3,0.48,COMPLETE
8302,0.6875,2026-04-07 01:39:31.730873,2026-04-07 01:39:39.004721,0 days 00:00:07.273848,293.0,1.0,114.9,158.4,0.25,COMPLETE
8303,0.6875,2026-04-07 01:39:39.019622,2026-04-07 01:39:45.959788,0 days 00:00:06.940166,416.0,2.0,113.9,152.9,0.59,COMPLETE
8304,0.825,2026-04-07 01:39:45.975875,2026-04-07 01:40:20.531843,0 days 00:00:34.555968,310.0,2.0,119.3,154.2,0.0,COMPLETE
8305,0.6875,2026-04-07 01:40:20.550604,2026-04-07 01:40:27.600369,0 days 00:00:07.049765,200.0,1.0,121.9,154.2,0.62,COMPLETE
8306,0.6875,2026-04-07 01:40:27.615465,2026-04-07 01:40:34.612286,0 days 00:00:06.996821,430.0,1.0,117.4,154.4,0.01,COMPLETE
8307,0.6875,2026-04-07 01:40:34.630769,2026-04-07 01:40:41.564802,0 days 00:00:06.934033,343.0,1.0,115.1,157.6,0.24,COMPLETE
8308,0.6875,2026-04-07 01:40:41.581343,2026-04-07 01:40:49.226390,0 days 00:00:07.645047,283.0,2.0,121.9,150.5,0.04,COMPLETE
8309,0.825,2026-04-07 01:40:49.244294,2026-04-07 01:41:24.474798,0 days 00:00:35.230504,414.0,1.0,116.1,155.0,0.32,COMPLETE
8310,0.6875,2026-04-07 01:41:24.492584,2026-04-07 01:41:31.498426,0 days 00:00:07.005842,317.0,1.0,115.7,156.5,0.28,COMPLETE
8311,0.6875,2026-04-07 01:41:31.513434,2026-04-07 01:41:38.138990,0 days 00:00:06.625556,441.0,1.0,114.2,158.8,1.93,COMPLETE
8312,0.6875,2026-04-07 01:41:38.157774,2026-04-07 01:41:44.927665,0 days 00:00:06.769891,438.0,1.0,116.9,155.5,0.46,COMPLETE
8313,0.825,2026-04-07 01:41:44.941632,2026-04-07 01:42:19.021265,0 days 00:00:34.079633,287.0,2.0,119.3,155.7,0.32,COMPLETE
8314,0.671875,2026-04-07 01:42:19.039459,2026-04-07 01:42:25.964504,0 days 00:00:06.925045,498.0,1.0,120.5,152.4,0.39,COMPLETE
8315,0.6875,2026-04-07 01:42:25.980817,2026-04-07 01:42:32.908722,0 days 00:00:06.927905,385.0,1.0,117.5,153.7,0.0,COMPLETE
8316,0.6875,2026-04-07 01:42:32.927367,2026-04-07 01:42:39.784611,0 days 00:00:06.857244,398.0,2.0,115.8,157.2,0.18,COMPLETE
8317,0.6875,2026-04-07 01:42:39.803097,2026-04-07 01:42:46.469335,0 days 00:00:06.666238,464.0,1.0,117.3,155.3,0.31,COMPLETE
8318,0.6875,2026-04-07 01:42:46.488099,2026-04-07 01:42:53.253745,0 days 00:00:06.765646,353.0,1.0,117.4,155.5,0.23,COMPLETE
8319,0.6875,2026-04-07 01:42:53.271539,2026-04-07 01:43:00.356863,0 days 00:00:07.085324,324.0,2.0,123.7,153.6,0.04,COMPLETE
8320,0.6875,2026-04-07 01:43:00.375163,2026-04-07 01:43:07.549466,0 days 00:00:07.174303,446.0,1.0,115.8,153.8,0.21,COMPLETE
8321,0.6875,2026-04-07 01:43:07.564024,2026-04-07 01:43:14.029448,0 days 00:00:06.465424,452.0,2.0,117.4,153.7,0.26,COMPLETE
8322,0.6875,2026-04-07 01:43:14.045349,2026-04-07 01:43:20.952531,0 days 00:00:06.907182,356.0,1.0,115.0,152.0,0.26,COMPLETE
8323,0.6875,2026-04-07 01:43:20.970708,2026-04-07 01:43:27.913741,0 days 00:00:06.943033,484.0,1.0,120.4,154.4,0.26,COMPLETE
8324,0.6875,2026-04-07 01:43:27.931141,2026-04-07 01:43:35.222239,0 days 00:00:07.291098,162.0,2.0,121.9,151.8,0.23,COMPLETE
8325,0.825,2026-04-07 01:43:35.239883,2026-04-07 01:44:09.335832,0 days 00:00:34.095949,497.0,2.0,121.1,156.9,0.38,COMPLETE
8326,0.6875,2026-04-07 01:44:09.351708,2026-04-07 01:44:16.714586,0 days 00:00:07.362878,459.0,1.0,115.8,152.7,0.0,COMPLETE
8327,0.6875,2026-04-07 01:44:16.732509,2026-04-07 01:44:23.478432,0 days 00:00:06.745923,404.0,1.0,115.3,156.3,0.01,COMPLETE
8328,0.6875,2026-04-07 01:44:23.494774,2026-04-07 01:44:30.594441,0 days 00:00:07.099667,403.0,1.0,120.9,154.5,0.03,COMPLETE
8329,0.6875,2026-04-07 01:44:30.612000,2026-04-07 01:44:37.247382,0 days 00:00:06.635382,350.0,1.0,120.1,153.5,0.3,COMPLETE
8330,0.6875,2026-04-07 01:44:37.262913,2026-04-07 01:44:43.999255,0 days 00:00:06.736342,408.0,1.0,116.9,153.3,0.92,COMPLETE
8331,0.6875,2026-04-07 01:44:44.016738,2026-04-07 01:44:50.726770,0 days 00:00:06.710032,329.0,1.0,116.4,153.1,0.32,COMPLETE
8332,0.6875,2026-04-07 01:44:50.742987,2026-04-07 01:44:57.545278,0 days 00:00:06.802291,345.0,1.0,117.9,150.4,0.48,COMPLETE
8333,0.6875,2026-04-07 01:44:57.562483,2026-04-07 01:45:04.730069,0 days 00:00:07.167586,409.0,1.0,113.0,155.5,0.24,COMPLETE
8334,0.825,2026-04-07 01:45:04.745960,2026-04-07 01:45:38.951442,0 days 00:00:34.205482,493.0,1.0,118.1,156.3,0.22,COMPLETE
8335,0.6875,2026-04-07 01:45:38.964876,2026-04-07 01:45:45.684248,0 days 00:00:06.719372,461.0,1.0,115.2,157.0,0.27,COMPLETE
8336,0.6875,2026-04-07 01:45:45.701943,2026-04-07 01:45:52.324934,0 days 00:00:06.622991,423.0,3.0,116.0,154.0,0.2,COMPLETE
8337,0.6875,2026-04-07 01:45:52.343206,2026-04-07 01:45:58.857281,0 days 00:00:06.514075,363.0,1.0,114.6,153.1,0.0,COMPLETE
8338,0.6875,2026-04-07 01:45:58.875956,2026-04-07 01:46:06.237346,0 days 00:00:07.361390,312.0,1.0,121.9,155.1,0.31,COMPLETE
8339,0.825,2026-04-07 01:46:06.252246,2026-04-07 01:46:40.394360,0 days 00:00:34.142114,403.0,1.0,118.6,155.2,0.2,COMPLETE
8340,0.6875,2026-04-07 01:46:40.411607,2026-04-07 01:46:47.180464,0 days 00:00:06.768857,465.0,1.0,116.2,152.4,0.49,COMPLETE
8341,0.6875,2026-04-07 01:46:47.197596,2026-04-07 01:46:53.802550,0 days 00:00:06.604954,500.0,1.0,117.0,155.4,0.35000000000000003,COMPLETE
8342,0.825,2026-04-07 01:46:53.822012,2026-04-07 01:47:27.991288,0 days 00:00:34.169276,375.0,1.0,118.1,154.5,0.01,COMPLETE
8343,0.6875,2026-04-07 01:47:28.009704,2026-04-07 01:47:35.225305,0 days 00:00:07.215601,481.0,1.0,115.0,159.0,0.31,COMPLETE
8344,0.825,2026-04-07 01:47:35.242865,2026-04-07 01:48:09.766913,0 days 00:00:34.524048,333.0,1.0,118.6,155.5,0.0,COMPLETE
8345,0.6875,2026-04-07 01:48:09.785778,2026-04-07 01:48:16.538873,0 days 00:00:06.753095,500.0,2.0,122.0,154.5,0.5700000000000001,COMPLETE
8346,0.6875,2026-04-07 01:48:16.554392,2026-04-07 01:48:23.654636,0 days 00:00:07.100244,205.0,2.0,125.1,153.8,0.5,COMPLETE
8347,0.6875,2026-04-07 01:48:23.673072,2026-04-07 01:48:30.982609,0 days 00:00:07.309537,383.0,2.0,116.6,152.8,0.92,COMPLETE
8348,0.6875,2026-04-07 01:48:30.998227,2026-04-07 01:48:38.004218,0 days 00:00:07.005991,385.0,1.0,115.6,157.8,0.21,COMPLETE
8349,0.6875,2026-04-07 01:48:38.022742,2026-04-07 01:48:46.401524,0 days 00:00:08.378782,203.0,2.0,126.7,152.1,1.93,COMPLETE
