number,value,datetime_start,datetime_complete,duration,params_voltage,params_width,params_x,params_y,params_z,state
6260,0.6875,2026-04-06 18:23:51.651078,2026-04-06 18:23:59.118275,0 days 00:00:07.467197,490.0,1.0,123.2,149.2,1.97,COMPLETE
6261,0.6875,2026-04-06 18:23:59.131879,2026-04-06 18:24:06.402833,0 days 00:00:07.270954,477.0,3.0,116.0,151.2,0.84,COMPLETE
6262,0.6875,2026-04-06 18:24:06.416213,2026-04-06 18:24:14.424506,0 days 00:00:08.008293,194.0,1.0,122.2,158.3,1.67,COMPLETE
6263,0.6875,2026-04-06 18:24:14.438103,2026-04-06 18:24:21.987807,0 days 00:00:07.549704,272.0,3.0,117.1,148.3,1.32,COMPLETE
6264,0.825,2026-04-06 18:24:21.998558,2026-04-06 18:24:56.795891,0 days 00:00:34.797333,358.0,2.0,124.7,155.2,0.13,COMPLETE
6265,0.825,2026-04-06 18:24:56.807452,2026-04-06 18:25:30.835508,0 days 00:00:34.028056,378.0,3.0,121.4,156.0,0.37,COMPLETE
6266,0.6875,2026-04-06 18:25:30.848318,2026-04-06 18:25:38.579225,0 days 00:00:07.730907,293.0,1.0,113.2,150.4,1.18,COMPLETE
6267,0.6875,2026-04-06 18:25:38.592859,2026-04-06 18:25:47.184331,0 days 00:00:08.591472,174.0,2.0,125.6,159.0,1.85,COMPLETE
6268,0.6875,2026-04-06 18:25:47.195925,2026-04-06 18:25:54.529900,0 days 00:00:07.333975,455.0,1.0,119.6,153.6,0.64,COMPLETE
6269,0.6875,2026-04-06 18:25:54.543313,2026-04-06 18:26:01.224110,0 days 00:00:06.680797,445.0,2.0,121.8,154.4,1.44,COMPLETE
6270,0.6875,2026-04-06 18:26:01.235695,2026-04-06 18:26:08.898779,0 days 00:00:07.663084,184.0,1.0,116.4,149.0,0.11,COMPLETE
6271,0.6875,2026-04-06 18:26:08.912875,2026-04-06 18:26:16.588713,0 days 00:00:07.675838,282.0,3.0,125.1,157.6,0.9,COMPLETE
6272,0.6875,2026-04-06 18:26:16.602221,2026-04-06 18:26:24.043596,0 days 00:00:07.441375,388.0,2.0,116.6,152.0,1.59,COMPLETE
6273,0.6875,2026-04-06 18:26:24.053926,2026-04-06 18:26:30.524535,0 days 00:00:06.470609,368.0,3.0,113.6,152.8,1.9100000000000001,COMPLETE
6274,0.6875,2026-04-06 18:26:30.536302,2026-04-06 18:26:38.276856,0 days 00:00:07.740554,262.0,2.0,121.0,159.7,0.6,COMPLETE
6275,0.6875,2026-04-06 18:26:38.288398,2026-04-06 18:26:46.082869,0 days 00:00:07.794471,204.0,3.0,119.2,149.7,0.37,COMPLETE
6276,0.6875,2026-04-06 18:26:46.095939,2026-04-06 18:26:53.703620,0 days 00:00:07.607681,466.0,1.0,126.1,156.8,1.07,COMPLETE
6277,0.6875,2026-04-06 18:26:53.715433,2026-04-06 18:27:00.897500,0 days 00:00:07.182067,479.0,3.0,118.3,158.8,0.19,COMPLETE
6278,0.6875,2026-04-06 18:27:00.910016,2026-04-06 18:27:08.751100,0 days 00:00:07.841084,235.0,1.0,127.0,153.8,1.25,COMPLETE
6279,0.6875,2026-04-06 18:27:08.761287,2026-04-06 18:27:16.464244,0 days 00:00:07.702957,248.0,2.0,114.6,155.8,1.73,COMPLETE
6280,0.6875,2026-04-06 18:27:16.478534,2026-04-06 18:27:23.611613,0 days 00:00:07.133079,338.0,1.0,120.2,150.6,0.78,COMPLETE
6281,0.6875,2026-04-06 18:27:23.622958,2026-04-06 18:27:30.472846,0 days 00:00:06.849888,402.0,2.0,124.3,148.5,0.71,COMPLETE
6282,0.6875,2026-04-06 18:27:30.486753,2026-04-06 18:27:38.238961,0 days 00:00:07.752208,312.0,1.0,117.5,155.0,1.78,COMPLETE
6283,0.6875,2026-04-06 18:27:38.249769,2026-04-06 18:27:45.836185,0 days 00:00:07.586416,170.0,3.0,122.7,151.4,1.24,COMPLETE
6284,0.6875,2026-04-06 18:27:45.849556,2026-04-06 18:27:53.295151,0 days 00:00:07.445595,415.0,2.0,115.5,158.1,0.31,COMPLETE
6285,0.6875,2026-04-06 18:27:53.308755,2026-04-06 18:28:00.927981,0 days 00:00:07.619226,414.0,2.0,124.1,152.1,1.06,COMPLETE
6286,0.6875,2026-04-06 18:28:00.938815,2026-04-06 18:28:08.572404,0 days 00:00:07.633589,169.0,1.0,117.6,157.5,0.48,COMPLETE
6287,0.6875,2026-04-06 18:28:08.585558,2026-04-06 18:28:16.132350,0 days 00:00:07.546792,314.0,3.0,123.0,148.9,0.52,COMPLETE
6288,0.6875,2026-04-06 18:28:16.143894,2026-04-06 18:28:23.697380,0 days 00:00:07.553486,404.0,1.0,115.2,154.5,1.96,COMPLETE
6289,0.6875,2026-04-06 18:28:23.711032,2026-04-06 18:28:30.780757,0 days 00:00:07.069725,336.0,3.0,118.6,156.7,1.54,COMPLETE
6290,0.6875,2026-04-06 18:28:30.793827,2026-04-06 18:28:38.699884,0 days 00:00:07.906057,247.0,2.0,126.6,149.8,0.98,COMPLETE
6291,0.6875,2026-04-06 18:28:38.711328,2026-04-06 18:28:46.855682,0 days 00:00:08.144354,236.0,3.0,114.4,159.8,0.0,COMPLETE
6292,0.6875,2026-04-06 18:28:46.869906,2026-04-06 18:28:54.210442,0 days 00:00:07.340536,481.0,1.0,120.2,152.7,1.45,COMPLETE
6293,0.6875,2026-04-06 18:28:54.220975,2026-04-06 18:29:01.227673,0 days 00:00:07.006698,468.0,3.0,113.6,150.7,0.32,COMPLETE
6294,0.6875,2026-04-06 18:29:01.241437,2026-04-06 18:29:09.031425,0 days 00:00:07.789988,206.0,1.0,121.2,155.7,1.1300000000000001,COMPLETE
6295,0.6875,2026-04-06 18:29:09.044704,2026-04-06 18:29:15.675113,0 days 00:00:06.630409,260.0,2.0,119.5,153.7,1.86,COMPLETE
6296,0.6875,2026-04-06 18:29:15.685898,2026-04-06 18:29:23.003944,0 days 00:00:07.318046,367.0,1.0,125.8,158.9,0.66,COMPLETE
6297,0.6875,2026-04-06 18:29:23.015022,2026-04-06 18:29:29.690488,0 days 00:00:06.675466,390.0,2.0,122.2,158.0,0.8300000000000001,COMPLETE
6298,0.6875,2026-04-06 18:29:29.701577,2026-04-06 18:29:37.350538,0 days 00:00:07.648961,284.0,1.0,116.1,151.5,1.6500000000000001,COMPLETE
6299,0.6875,2026-04-06 18:29:37.364436,2026-04-06 18:29:45.127388,0 days 00:00:07.762952,183.0,3.0,125.1,155.1,1.36,COMPLETE
6300,0.6875,2026-04-06 18:29:45.141237,2026-04-06 18:29:52.703149,0 days 00:00:07.561912,444.0,2.0,116.8,148.4,0.18,COMPLETE
6301,0.6875,2026-04-06 18:29:52.713140,2026-04-06 18:30:00.403547,0 days 00:00:07.690407,454.0,3.0,121.6,159.6,1.9000000000000001,COMPLETE
6302,0.6875,2026-04-06 18:30:00.417085,2026-04-06 18:30:08.661538,0 days 00:00:08.244453,173.0,2.0,113.2,152.9,0.59,COMPLETE
6303,0.6875,2026-04-06 18:30:08.672697,2026-04-06 18:30:16.528094,0 days 00:00:07.855397,294.0,3.0,125.4,156.5,0.42,COMPLETE
6304,0.6875,2026-04-06 18:30:16.541640,2026-04-06 18:30:23.919227,0 days 00:00:07.377587,379.0,1.0,120.0,150.0,1.12,COMPLETE
6305,0.6875,2026-04-06 18:30:23.932429,2026-04-06 18:30:30.771867,0 days 00:00:06.839438,356.0,2.0,115.7,149.1,1.3900000000000001,COMPLETE
6306,0.6875,2026-04-06 18:30:30.782093,2026-04-06 18:30:38.370274,0 days 00:00:07.588181,270.0,1.0,122.6,154.3,0.06,COMPLETE
6307,0.6875,2026-04-06 18:30:38.384031,2026-04-06 18:30:45.704232,0 days 00:00:07.320201,195.0,3.0,117.2,152.3,0.92,COMPLETE
6308,0.6875,2026-04-06 18:30:45.718529,2026-04-06 18:30:53.146010,0 days 00:00:07.427481,478.0,1.0,124.6,157.3,1.6,COMPLETE
6309,0.6875,2026-04-06 18:30:53.159673,2026-04-06 18:31:00.340620,0 days 00:00:07.180947,491.0,3.0,118.0,155.3,0.72,COMPLETE
6310,0.6875,2026-04-06 18:31:00.354309,2026-04-06 18:31:08.214792,0 days 00:00:07.860483,226.0,1.0,123.6,148.2,1.8,COMPLETE
6311,0.6875,2026-04-06 18:31:08.227343,2026-04-06 18:31:15.999372,0 days 00:00:07.772029,257.0,3.0,114.7,158.2,1.2,COMPLETE
6312,0.6875,2026-04-06 18:31:16.013096,2026-04-06 18:31:23.560128,0 days 00:00:07.547032,326.0,2.0,123.4,151.3,0.26,COMPLETE
6313,0.6875,2026-04-06 18:31:23.573332,2026-04-06 18:31:30.175724,0 days 00:00:06.602392,393.0,3.0,126.2,153.5,0.24,COMPLETE
6314,0.6875,2026-04-06 18:31:30.189303,2026-04-06 18:31:37.845097,0 days 00:00:07.655794,324.0,2.0,119.1,159.1,1.3,COMPLETE
6315,0.6875,2026-04-06 18:31:37.858948,2026-04-06 18:31:45.604847,0 days 00:00:07.745899,159.0,2.0,120.7,150.5,1.71,COMPLETE
6316,0.6875,2026-04-06 18:31:45.615882,2026-04-06 18:31:52.835881,0 days 00:00:07.219999,424.0,1.0,114.0,155.9,0.77,COMPLETE
6317,0.6875,2026-04-06 18:31:52.849396,2026-04-06 18:31:59.696342,0 days 00:00:06.846946,432.0,3.0,119.2,157.1,1.49,COMPLETE
6318,0.6875,2026-04-06 18:31:59.709692,2026-04-06 18:32:07.724537,0 days 00:00:08.014845,151.0,1.0,126.1,152.5,0.05,COMPLETE
6319,0.6875,2026-04-06 18:32:07.739726,2026-04-06 18:32:15.498558,0 days 00:00:07.758832,316.0,2.0,113.7,154.1,0.96,COMPLETE
6320,0.6875,2026-04-06 18:32:15.509769,2026-04-06 18:32:22.817098,0 days 00:00:07.307329,401.0,1.0,121.1,149.3,1.53,COMPLETE
6321,0.6875,2026-04-06 18:32:22.828569,2026-04-06 18:32:29.765225,0 days 00:00:06.936656,334.0,3.0,125.1,150.2,1.98,COMPLETE
6322,0.6875,2026-04-06 18:32:29.778028,2026-04-06 18:32:37.679422,0 days 00:00:07.901394,248.0,1.0,116.7,156.3,0.53,COMPLETE
6323,0.6875,2026-04-06 18:32:37.690040,2026-04-06 18:32:44.770904,0 days 00:00:07.080864,218.0,3.0,121.8,153.1,0.44,COMPLETE
6324,0.6875,2026-04-06 18:32:44.784074,2026-04-06 18:32:52.079451,0 days 00:00:07.295377,500.0,2.0,116.4,159.4,1.0,COMPLETE
6325,0.825,2026-04-06 18:32:52.093005,2026-04-06 18:33:26.477365,0 days 00:00:34.384360,469.0,2.0,122.6,156.1,0.12,COMPLETE
6326,0.6875,2026-04-06 18:33:26.491299,2026-04-06 18:33:34.352657,0 days 00:00:07.861358,204.0,1.0,115.5,150.3,1.32,COMPLETE
6327,0.6875,2026-04-06 18:33:34.363290,2026-04-06 18:33:42.079948,0 days 00:00:07.716658,279.0,3.0,124.2,159.3,1.6600000000000001,COMPLETE
6328,0.6875,2026-04-06 18:33:42.090168,2026-04-06 18:33:49.341348,0 days 00:00:07.251180,348.0,1.0,117.5,153.3,0.85,COMPLETE
6329,0.6875,2026-04-06 18:33:49.351401,2026-04-06 18:33:55.948358,0 days 00:00:06.596957,372.0,3.0,114.5,151.1,0.65,COMPLETE
6330,0.6875,2026-04-06 18:33:55.962199,2026-04-06 18:34:03.543599,0 days 00:00:07.581400,302.0,2.0,120.1,158.4,1.84,COMPLETE
6331,0.6875,2026-04-06 18:34:03.556794,2026-04-06 18:34:11.472823,0 days 00:00:07.916029,180.0,2.0,118.3,148.0,1.19,COMPLETE
6332,0.6875,2026-04-06 18:34:11.484686,2026-04-06 18:34:19.088998,0 days 00:00:07.604312,446.0,1.0,127.0,155.5,0.36,COMPLETE
6333,0.6875,2026-04-06 18:34:19.102845,2026-04-06 18:34:26.794528,0 days 00:00:07.691683,436.0,3.0,115.1,152.5,1.59,COMPLETE
6334,0.6875,2026-04-06 18:34:26.806075,2026-04-06 18:34:35.025429,0 days 00:00:08.219354,191.0,1.0,123.1,160.0,0.89,COMPLETE
6335,0.6875,2026-04-06 18:34:35.036687,2026-04-06 18:34:42.718718,0 days 00:00:07.682031,291.0,3.0,117.9,149.6,0.12,COMPLETE
6336,0.6875,2026-04-06 18:34:42.732458,2026-04-06 18:34:50.146050,0 days 00:00:07.413592,382.0,2.0,123.8,156.9,1.43,COMPLETE
6337,0.6875,2026-04-06 18:34:50.156504,2026-04-06 18:34:56.790323,0 days 00:00:06.633819,358.0,3.0,120.6,154.7,1.07,COMPLETE
6338,0.6875,2026-04-06 18:34:56.804069,2026-04-06 18:35:04.255964,0 days 00:00:07.451895,269.0,1.0,114.1,148.7,0.38,COMPLETE
6339,0.6875,2026-04-06 18:35:04.269626,2026-04-06 18:35:12.587430,0 days 00:00:08.317804,214.0,2.0,126.5,157.7,0.59,COMPLETE
6340,0.6875,2026-04-06 18:35:12.599398,2026-04-06 18:35:20.234536,0 days 00:00:07.635138,459.0,1.0,118.7,151.9,1.92,COMPLETE
6341,0.6875,2026-04-06 18:35:20.247708,2026-04-06 18:35:27.334328,0 days 00:00:07.086620,489.0,3.0,125.7,148.6,0.79,COMPLETE
6342,0.6875,2026-04-06 18:35:27.346107,2026-04-06 18:35:35.137498,0 days 00:00:07.791391,228.0,2.0,119.6,154.9,1.72,COMPLETE
6343,0.6875,2026-04-06 18:35:35.151170,2026-04-06 18:35:41.840483,0 days 00:00:06.689313,238.0,3.0,121.5,151.7,1.26,COMPLETE
6344,0.6875,2026-04-06 18:35:41.854017,2026-04-06 18:35:49.361673,0 days 00:00:07.507656,345.0,1.0,113.2,157.8,0.19,COMPLETE
6345,0.6875,2026-04-06 18:35:49.375562,2026-04-06 18:35:56.317913,0 days 00:00:06.942351,412.0,2.0,117.1,158.7,0.3,COMPLETE
6346,0.6875,2026-04-06 18:35:56.331638,2026-04-06 18:36:03.942559,0 days 00:00:07.610921,306.0,1.0,124.7,153.9,1.25,COMPLETE
6347,0.6875,2026-04-06 18:36:03.953845,2026-04-06 18:36:11.708215,0 days 00:00:07.754370,161.0,3.0,116.0,155.5,1.78,COMPLETE
6348,0.6875,2026-04-06 18:36:11.721954,2026-04-06 18:36:18.913308,0 days 00:00:07.191354,422.0,2.0,122.3,150.9,0.71,COMPLETE
6349,0.6875,2026-04-06 18:36:18.926848,2026-04-06 18:36:25.996616,0 days 00:00:07.069768,419.0,3.0,116.2,154.8,0.04,COMPLETE
6350,0.6875,2026-04-06 18:36:26.010232,2026-04-06 18:36:33.933425,0 days 00:00:07.923193,164.0,2.0,122.0,148.7,1.48,COMPLETE
6351,0.6875,2026-04-06 18:36:33.946808,2026-04-06 18:36:41.563259,0 days 00:00:07.616451,308.0,3.0,116.9,158.0,1.52,COMPLETE
6352,0.6875,2026-04-06 18:36:41.574060,2026-04-06 18:36:49.188088,0 days 00:00:07.614028,409.0,1.0,124.9,151.6,0.9400000000000001,COMPLETE
6353,0.6875,2026-04-06 18:36:49.201572,2026-04-06 18:36:56.295349,0 days 00:00:07.093777,342.0,2.0,121.2,153.9,0.55,COMPLETE
6354,0.6875,2026-04-06 18:36:56.308502,2026-04-06 18:37:03.910169,0 days 00:00:07.601667,241.0,1.0,113.4,158.6,2.0,COMPLETE
6355,0.6875,2026-04-06 18:37:03.920984,2026-04-06 18:37:11.880588,0 days 00:00:07.959604,231.0,3.0,125.8,150.8,1.02,COMPLETE
6356,0.825,2026-04-06 18:37:11.894607,2026-04-06 18:37:46.584396,0 days 00:00:34.689789,487.0,1.0,119.4,155.7,0.46,COMPLETE
6357,0.6875,2026-04-06 18:37:46.598019,2026-04-06 18:37:53.987479,0 days 00:00:07.389460,461.0,2.0,126.8,159.9,1.34,COMPLETE
6358,0.6875,2026-04-06 18:37:53.998003,2026-04-06 18:38:02.170430,0 days 00:00:08.172427,212.0,1.0,118.5,152.6,0.14,COMPLETE
6359,0.6875,2026-04-06 18:38:02.184264,2026-04-06 18:38:08.977593,0 days 00:00:06.793329,266.0,3.0,120.4,156.9,0.87,COMPLETE
6360,0.6875,2026-04-06 18:38:08.988465,2026-04-06 18:38:16.324574,0 days 00:00:07.336109,361.0,2.0,114.4,149.5,1.68,COMPLETE
6361,0.6875,2026-04-06 18:38:16.337908,2026-04-06 18:38:22.951082,0 days 00:00:06.613174,384.0,3.0,117.8,148.9,1.82,COMPLETE
6362,0.6875,2026-04-06 18:38:22.964676,2026-04-06 18:38:30.616260,0 days 00:00:07.651584,289.0,1.0,124.1,154.7,0.64,COMPLETE
6363,0.6875,2026-04-06 18:38:30.629735,2026-04-06 18:38:38.141948,0 days 00:00:07.512213,188.0,2.0,115.4,151.8,0.35000000000000003,COMPLETE
6364,0.6875,2026-04-06 18:38:38.155330,2026-04-06 18:38:45.516182,0 days 00:00:07.360852,439.0,1.0,123.0,157.7,1.17,COMPLETE
6365,0.6875,2026-04-06 18:38:45.527260,2026-04-06 18:38:52.802329,0 days 00:00:07.275069,449.0,2.0,119.0,150.3,0.88,COMPLETE
6366,0.6875,2026-04-06 18:38:52.815750,2026-04-06 18:39:00.683758,0 days 00:00:07.868008,178.0,1.0,126.4,156.2,1.58,COMPLETE
6367,0.6875,2026-04-06 18:39:00.696856,2026-04-06 18:39:08.402351,0 days 00:00:07.705495,299.0,3.0,113.9,153.4,1.42,COMPLETE
6368,0.6875,2026-04-06 18:39:08.413163,2026-04-06 18:39:15.726872,0 days 00:00:07.313709,374.0,1.0,120.9,159.1,0.1,COMPLETE
6369,0.6875,2026-04-06 18:39:15.740478,2026-04-06 18:39:22.342834,0 days 00:00:06.602356,350.0,3.0,123.6,158.5,0.4,COMPLETE
6370,0.6875,2026-04-06 18:39:22.354011,2026-04-06 18:39:29.860018,0 days 00:00:07.506007,276.0,2.0,118.2,151.1,1.08,COMPLETE
6371,0.6875,2026-04-06 18:39:29.870828,2026-04-06 18:39:37.154738,0 days 00:00:07.283910,202.0,2.0,123.4,155.4,1.93,COMPLETE
6372,0.6875,2026-04-06 18:39:37.168105,2026-04-06 18:39:44.971332,0 days 00:00:07.803227,472.0,1.0,114.9,148.0,0.61,COMPLETE
6373,0.6875,2026-04-06 18:39:44.982320,2026-04-06 18:39:52.193460,0 days 00:00:07.211140,497.0,3.0,122.4,152.3,1.74,COMPLETE
6374,0.6875,2026-04-06 18:39:52.203788,2026-04-06 18:39:59.885987,0 days 00:00:07.682199,220.0,2.0,115.7,157.1,0.81,COMPLETE
6375,0.6875,2026-04-06 18:39:59.896852,2026-04-06 18:40:07.523777,0 days 00:00:07.626925,251.0,2.0,124.4,149.5,0.2,COMPLETE
6376,0.6875,2026-04-06 18:40:07.537244,2026-04-06 18:40:14.902984,0 days 00:00:07.365740,332.0,1.0,117.2,154.1,1.28,COMPLETE
6377,0.6875,2026-04-06 18:40:14.916242,2026-04-06 18:40:21.725393,0 days 00:00:06.809151,399.0,3.0,113.0,156.4,1.24,COMPLETE
6378,0.6875,2026-04-06 18:40:21.737725,2026-04-06 18:40:29.444054,0 days 00:00:07.706329,319.0,1.0,121.7,150.0,0.28,COMPLETE
6379,0.6875,2026-04-06 18:40:29.458676,2026-04-06 18:40:37.227981,0 days 00:00:07.769305,153.0,3.0,119.8,159.4,0.7000000000000001,COMPLETE
6380,0.6875,2026-04-06 18:40:37.239234,2026-04-06 18:40:44.417437,0 days 00:00:07.178203,429.0,2.0,125.4,153.2,1.76,COMPLETE
6381,0.6875,2026-04-06 18:40:44.430622,2026-04-06 18:40:51.492299,0 days 00:00:07.061677,427.0,3.0,120.1,148.3,0.47000000000000003,COMPLETE
6382,0.6875,2026-04-06 18:40:51.502830,2026-04-06 18:40:59.477811,0 days 00:00:07.974981,156.0,1.0,114.7,155.1,1.04,COMPLETE
6383,0.6875,2026-04-06 18:40:59.489913,2026-04-06 18:41:07.232009,0 days 00:00:07.742096,321.0,3.0,126.9,151.2,1.94,COMPLETE
6384,0.6875,2026-04-06 18:41:07.242072,2026-04-06 18:41:14.818753,0 days 00:00:07.576681,396.0,2.0,118.4,158.3,0.51,COMPLETE
6385,0.6875,2026-04-06 18:41:14.830883,2026-04-06 18:41:21.678566,0 days 00:00:06.847683,329.0,3.0,115.4,158.9,1.0,COMPLETE
6386,0.6875,2026-04-06 18:41:21.691736,2026-04-06 18:41:29.459621,0 days 00:00:07.767885,254.0,2.0,122.8,153.6,1.56,COMPLETE
6387,0.6875,2026-04-06 18:41:29.471098,2026-04-06 18:41:36.425814,0 days 00:00:06.954716,223.0,2.0,117.4,156.1,1.47,COMPLETE
6388,0.6875,2026-04-06 18:41:36.435915,2026-04-06 18:41:43.786996,0 days 00:00:07.351081,494.0,1.0,124.4,150.5,0.02,COMPLETE
6389,0.6875,2026-04-06 18:41:43.800648,2026-04-06 18:41:50.972893,0 days 00:00:07.172245,475.0,3.0,116.5,153.0,1.1500000000000001,COMPLETE
6390,0.6875,2026-04-06 18:41:50.986400,2026-04-06 18:41:59.094788,0 days 00:00:08.108388,198.0,2.0,125.2,159.6,0.34,COMPLETE
6391,0.6875,2026-04-06 18:41:59.106320,2026-04-06 18:42:07.128593,0 days 00:00:08.022273,273.0,2.0,116.3,149.9,0.68,COMPLETE
6392,0.6875,2026-04-06 18:42:07.138843,2026-04-06 18:42:14.410717,0 days 00:00:07.271874,354.0,1.0,121.9,156.6,1.8800000000000001,COMPLETE
6393,0.6875,2026-04-06 18:42:14.424493,2026-04-06 18:42:21.441763,0 days 00:00:07.017270,376.0,2.0,126.0,154.3,1.6400000000000001,COMPLETE
6394,0.6875,2026-04-06 18:42:21.455757,2026-04-06 18:42:29.123331,0 days 00:00:07.667574,297.0,1.0,119.3,149.2,0.8200000000000001,COMPLETE
6395,0.6875,2026-04-06 18:42:29.134207,2026-04-06 18:42:36.837904,0 days 00:00:07.703697,176.0,3.0,120.9,157.3,0.16,COMPLETE
6396,0.6875,2026-04-06 18:42:36.851263,2026-04-06 18:42:44.289053,0 days 00:00:07.437790,451.0,1.0,113.8,152.1,1.35,COMPLETE
6397,0.6875,2026-04-06 18:42:44.299727,2026-04-06 18:42:52.134918,0 days 00:00:07.835191,441.0,3.0,124.8,155.8,0.5700000000000001,COMPLETE
6398,0.6875,2026-04-06 18:42:52.148121,2026-04-06 18:42:59.941285,0 days 00:00:07.793164,186.0,1.0,117.0,150.7,1.8800000000000001,COMPLETE
6399,0.6875,2026-04-06 18:42:59.955385,2026-04-06 18:43:07.349044,0 days 00:00:07.393659,287.0,2.0,122.4,158.8,1.1,COMPLETE
6400,0.6875,2026-04-06 18:43:07.360530,2026-04-06 18:43:14.545935,0 days 00:00:07.185405,387.0,1.0,115.9,153.7,0.41000000000000003,COMPLETE
6401,0.6875,2026-04-06 18:43:14.559207,2026-04-06 18:43:21.409203,0 days 00:00:06.849996,364.0,3.0,119.7,151.4,0.08,COMPLETE
6402,0.6875,2026-04-06 18:43:21.419806,2026-04-06 18:43:29.146851,0 days 00:00:07.727045,263.0,1.0,125.5,158.1,1.41,COMPLETE
6403,0.6875,2026-04-06 18:43:29.160674,2026-04-06 18:43:37.460878,0 days 00:00:08.300204,209.0,3.0,113.3,148.4,1.62,COMPLETE
6404,0.6875,2026-04-06 18:43:37.474371,2026-04-06 18:43:44.955914,0 days 00:00:07.481543,465.0,2.0,121.3,155.0,0.93,COMPLETE
6405,0.6875,2026-04-06 18:43:44.968357,2026-04-06 18:43:52.088854,0 days 00:00:07.120497,484.0,2.0,114.2,157.5,1.81,COMPLETE
6406,0.6875,2026-04-06 18:43:52.102958,2026-04-06 18:43:59.777065,0 days 00:00:07.674107,234.0,1.0,120.5,151.9,0.74,COMPLETE
6407,0.6875,2026-04-06 18:43:59.791115,2026-04-06 18:44:06.355390,0 days 00:00:06.564275,244.0,3.0,118.9,154.4,0.28,COMPLETE
6408,0.6875,2026-04-06 18:44:06.368784,2026-04-06 18:44:13.817260,0 days 00:00:07.448476,339.0,2.0,126.5,149.1,1.21,COMPLETE
6409,0.6875,2026-04-06 18:44:13.831127,2026-04-06 18:44:20.517085,0 days 00:00:06.685958,406.0,3.0,123.3,149.7,1.29,COMPLETE
6410,0.6875,2026-04-06 18:44:20.527810,2026-04-06 18:44:28.477899,0 days 00:00:07.950089,311.0,2.0,115.0,156.8,0.23,COMPLETE
6411,0.6875,2026-04-06 18:44:28.491864,2026-04-06 18:44:36.303920,0 days 00:00:07.812056,166.0,3.0,123.9,152.8,0.75,COMPLETE
6412,0.6875,2026-04-06 18:44:36.314205,2026-04-06 18:44:43.608732,0 days 00:00:07.294527,417.0,1.0,117.9,159.7,1.7,COMPLETE
6413,0.6875,2026-04-06 18:44:43.622679,2026-04-06 18:44:50.993497,0 days 00:00:07.370818,416.0,3.0,114.7,150.5,1.45,COMPLETE
6414,0.6875,2026-04-06 18:44:51.010647,2026-04-06 18:44:58.886500,0 days 00:00:07.875853,167.0,1.0,120.1,156.0,0.0,COMPLETE
6415,0.6875,2026-04-06 18:44:58.896983,2026-04-06 18:45:05.597112,0 days 00:00:06.700129,311.0,3.0,118.4,153.5,0.98,COMPLETE
6416,0.6875,2026-04-06 18:45:05.610205,2026-04-06 18:45:13.118346,0 days 00:00:07.508141,407.0,2.0,126.9,158.9,1.54,COMPLETE
6417,0.6875,2026-04-06 18:45:13.129269,2026-04-06 18:45:20.039796,0 days 00:00:06.910527,340.0,3.0,122.9,158.3,1.96,COMPLETE
6418,0.6875,2026-04-06 18:45:20.053664,2026-04-06 18:45:27.791933,0 days 00:00:07.738269,243.0,2.0,115.5,151.2,0.53,COMPLETE
6419,0.6875,2026-04-06 18:45:27.805704,2026-04-06 18:45:35.168858,0 days 00:00:07.363154,234.0,2.0,124.4,155.2,0.49,COMPLETE
6420,0.6875,2026-04-06 18:45:35.179724,2026-04-06 18:45:42.636178,0 days 00:00:07.456454,483.0,1.0,117.4,148.2,1.06,COMPLETE
6421,0.825,2026-04-06 18:45:42.648218,2026-04-06 18:46:17.310514,0 days 00:00:34.662296,464.0,3.0,125.2,152.1,0.18,COMPLETE
6422,0.6875,2026-04-06 18:46:17.324570,2026-04-06 18:46:25.348429,0 days 00:00:08.023859,210.0,2.0,116.5,157.3,1.37,COMPLETE
6423,0.6875,2026-04-06 18:46:25.358656,2026-04-06 18:46:32.793878,0 days 00:00:07.435222,262.0,3.0,121.9,149.3,1.6600000000000001,COMPLETE
6424,0.6875,2026-04-06 18:46:32.805030,2026-04-06 18:46:40.070746,0 days 00:00:07.265716,364.0,1.0,116.3,154.2,0.84,COMPLETE
6425,0.825,2026-04-06 18:46:40.081219,2026-04-06 18:47:14.126785,0 days 00:00:34.045566,388.0,2.0,119.2,156.6,0.66,COMPLETE
6426,0.6875,2026-04-06 18:47:14.137573,2026-04-06 18:47:21.844845,0 days 00:00:07.707272,285.0,1.0,126.0,149.8,1.86,COMPLETE
6427,0.6875,2026-04-06 18:47:21.858425,2026-04-06 18:47:30.238056,0 days 00:00:08.379631,186.0,3.0,113.7,159.5,1.1300000000000001,COMPLETE
6428,0.825,2026-04-06 18:47:30.251482,2026-04-06 18:48:05.104690,0 days 00:00:34.853208,441.0,1.0,120.9,153.0,0.32,COMPLETE
6429,0.6875,2026-04-06 18:48:05.116236,2026-04-06 18:48:11.971987,0 days 00:00:06.855751,452.0,3.0,116.9,155.0,1.6,COMPLETE
6430,0.6875,2026-04-06 18:48:11.985222,2026-04-06 18:48:20.104506,0 days 00:00:08.119284,174.0,1.0,124.7,148.5,0.91,COMPLETE
6431,0.6875,2026-04-06 18:48:20.116461,2026-04-06 18:48:27.881987,0 days 00:00:07.765526,297.0,2.0,115.8,158.1,0.06,COMPLETE
