number,value,datetime_start,datetime_complete,duration,params_voltage,params_width,params_x,params_y,params_z,state
5217,0.6875,2026-04-05 19:07:49.565152,2026-04-05 19:07:56.400110,0 days 00:00:06.834958,495.0,1.0,116.4,153.9,0.32,COMPLETE
5218,0.6875,2026-04-05 19:07:56.415079,2026-04-05 19:08:03.211199,0 days 00:00:06.796120,322.0,2.0,117.2,154.6,0.03,COMPLETE
5219,0.825,2026-04-05 19:08:03.226571,2026-04-05 19:08:37.670556,0 days 00:00:34.443985,413.0,1.0,123.2,153.2,0.39,COMPLETE
5220,0.6875,2026-04-05 19:08:37.686055,2026-04-05 19:08:45.297944,0 days 00:00:07.611889,354.0,2.0,115.2,156.1,0.1,COMPLETE
5221,0.6875,2026-04-05 19:08:45.313696,2026-04-05 19:08:52.340482,0 days 00:00:07.026786,419.0,1.0,114.9,150.9,0.31,COMPLETE
5222,0.6875,2026-04-05 19:08:52.355389,2026-04-05 19:08:59.693945,0 days 00:00:07.338556,479.0,1.0,117.4,158.3,0.58,COMPLETE
5223,0.6875,2026-04-05 19:08:59.707960,2026-04-05 19:09:06.894686,0 days 00:00:07.186726,464.0,1.0,118.1,151.5,0.42,COMPLETE
5224,0.6875,2026-04-05 19:09:06.910243,2026-04-05 19:09:13.968394,0 days 00:00:07.058151,319.0,1.0,114.5,153.3,0.01,COMPLETE
5225,0.825,2026-04-05 19:09:13.983745,2026-04-05 19:09:48.079621,0 days 00:00:34.095876,371.0,1.0,118.0,153.4,0.02,COMPLETE
5226,0.6875,2026-04-05 19:09:48.095560,2026-04-05 19:09:55.559349,0 days 00:00:07.463789,306.0,3.0,121.5,158.3,1.17,COMPLETE
5227,0.6875,2026-04-05 19:09:55.570955,2026-04-05 19:10:02.515909,0 days 00:00:06.944954,459.0,2.0,116.8,157.4,0.42,COMPLETE
5228,0.6875,2026-04-05 19:10:02.530750,2026-04-05 19:10:09.226197,0 days 00:00:06.695447,414.0,2.0,117.0,154.2,0.38,COMPLETE
5229,0.825,2026-04-05 19:10:09.242074,2026-04-05 19:10:43.379972,0 days 00:00:34.137898,489.0,1.0,119.3,153.6,0.28,COMPLETE
5230,0.6875,2026-04-05 19:10:43.392147,2026-04-05 19:10:50.808958,0 days 00:00:07.416811,409.0,1.0,124.3,154.8,0.86,COMPLETE
5231,0.6875,2026-04-05 19:10:50.824301,2026-04-05 19:10:57.797699,0 days 00:00:06.973398,405.0,2.0,123.6,160.0,1.03,COMPLETE
5232,0.6875,2026-04-05 19:10:57.812367,2026-04-05 19:11:05.263981,0 days 00:00:07.451614,451.0,1.0,117.0,154.9,0.27,COMPLETE
5233,0.6875,2026-04-05 19:11:05.278892,2026-04-05 19:11:12.269822,0 days 00:00:06.990930,261.0,2.0,114.7,152.3,0.67,COMPLETE
5234,0.825,2026-04-05 19:11:12.286001,2026-04-05 19:12:08.755654,0 days 00:00:56.469653,419.0,1.0,123.6,153.1,0.02,COMPLETE
5235,0.6875,2026-04-05 19:12:08.771100,2026-04-05 19:12:16.273379,0 days 00:00:07.502279,438.0,1.0,116.2,156.0,0.2,COMPLETE
5236,0.6875,2026-04-05 19:12:16.288505,2026-04-05 19:12:23.234215,0 days 00:00:06.945710,371.0,1.0,115.9,153.9,0.04,COMPLETE
5237,0.825,2026-04-05 19:12:23.249153,2026-04-05 19:12:57.276842,0 days 00:00:34.027689,417.0,1.0,118.4,156.5,0.28,COMPLETE
5238,0.6875,2026-04-05 19:12:57.292536,2026-04-05 19:13:04.877877,0 days 00:00:07.585341,269.0,2.0,123.9,152.2,0.2,COMPLETE
5239,0.825,2026-04-05 19:13:04.893276,2026-04-05 19:13:18.993142,0 days 00:00:14.099866,441.0,1.0,115.4,151.5,0.01,COMPLETE
5240,0.6875,2026-04-05 19:13:19.008703,2026-04-05 19:13:25.878462,0 days 00:00:06.869759,361.0,2.0,114.4,154.4,0.01,COMPLETE
5241,0.825,2026-04-05 19:13:25.893379,2026-04-05 19:13:59.954192,0 days 00:00:34.060813,447.0,1.0,116.5,155.1,0.0,COMPLETE
5242,0.6875,2026-04-05 19:13:59.969765,2026-04-05 19:14:07.000894,0 days 00:00:07.031129,401.0,1.0,118.3,151.2,0.02,COMPLETE
5243,0.825,2026-04-05 19:14:07.011914,2026-04-05 19:14:40.931674,0 days 00:00:33.919760,450.0,2.0,119.1,154.4,0.04,COMPLETE
5244,0.825,2026-04-05 19:14:40.946940,2026-04-05 19:15:14.997904,0 days 00:00:34.050964,460.0,1.0,116.7,154.2,0.01,COMPLETE
5245,0.6875,2026-04-05 19:15:15.013306,2026-04-05 19:15:22.036037,0 days 00:00:07.022731,377.0,1.0,114.7,153.9,0.29,COMPLETE
5246,0.6875,2026-04-05 19:15:22.047563,2026-04-05 19:15:28.578997,0 days 00:00:06.531434,445.0,1.0,114.8,155.0,0.25,COMPLETE
5247,0.825,2026-04-05 19:15:28.594611,2026-04-05 19:16:02.610159,0 days 00:00:34.015548,499.0,1.0,116.2,156.1,0.03,COMPLETE
5248,0.825,2026-04-05 19:16:02.624572,2026-04-05 19:16:36.642070,0 days 00:00:34.017498,441.0,2.0,115.9,154.6,0.02,COMPLETE
5249,0.6875,2026-04-05 19:16:36.657515,2026-04-05 19:16:45.011286,0 days 00:00:08.353771,173.0,2.0,126.0,150.8,1.27,COMPLETE
5250,0.6875,2026-04-05 19:16:45.024134,2026-04-05 19:16:51.828534,0 days 00:00:06.804400,371.0,2.0,124.1,155.6,0.39,COMPLETE
5251,0.6875,2026-04-05 19:16:51.843418,2026-04-05 19:16:58.842035,0 days 00:00:06.998617,206.0,2.0,123.6,153.9,0.28,COMPLETE
5252,0.6875,2026-04-05 19:16:58.857552,2026-04-05 19:17:06.139392,0 days 00:00:07.281840,419.0,1.0,115.0,152.2,0.36,COMPLETE
5253,0.6875,2026-04-05 19:17:06.155062,2026-04-05 19:17:12.759920,0 days 00:00:06.604858,409.0,1.0,115.6,154.7,0.26,COMPLETE
5254,0.6875,2026-04-05 19:17:12.774631,2026-04-05 19:17:19.366929,0 days 00:00:06.592298,409.0,1.0,116.7,157.7,0.24,COMPLETE
5255,0.825,2026-04-05 19:17:19.382329,2026-04-05 19:17:53.454821,0 days 00:00:34.072492,498.0,1.0,120.7,157.3,0.66,COMPLETE
5256,0.6875,2026-04-05 19:17:53.469830,2026-04-05 19:18:00.853218,0 days 00:00:07.383388,265.0,2.0,123.5,157.3,0.17,COMPLETE
5257,0.6875,2026-04-05 19:18:00.870058,2026-04-05 19:18:07.541883,0 days 00:00:06.671825,434.0,2.0,122.9,155.1,0.62,COMPLETE
5258,0.6875,2026-04-05 19:18:07.558148,2026-04-05 19:18:15.114307,0 days 00:00:07.556159,449.0,1.0,113.7,153.0,0.5,COMPLETE
5259,0.6875,2026-04-05 19:18:15.129761,2026-04-05 19:18:22.136761,0 days 00:00:07.007000,347.0,1.0,115.5,155.2,0.0,COMPLETE
5260,0.6875,2026-04-05 19:18:22.152297,2026-04-05 19:18:30.050416,0 days 00:00:07.898119,358.0,1.0,125.3,148.6,1.12,COMPLETE
5261,0.825,2026-04-05 19:18:30.065501,2026-04-05 19:19:04.848990,0 days 00:00:34.783489,449.0,1.0,120.3,155.4,0.29,COMPLETE
5262,0.6875,2026-04-05 19:19:04.864529,2026-04-05 19:19:12.357722,0 days 00:00:07.493193,208.0,1.0,117.1,156.9,1.57,COMPLETE
5263,0.6875,2026-04-05 19:19:12.373277,2026-04-05 19:19:19.287271,0 days 00:00:06.913994,399.0,1.0,116.1,152.7,0.22,COMPLETE
5264,0.825,2026-04-05 19:19:19.302768,2026-04-05 19:19:53.528625,0 days 00:00:34.225857,482.0,1.0,118.7,155.5,0.28,COMPLETE
5265,0.6875,2026-04-05 19:19:53.542485,2026-04-05 19:20:01.065303,0 days 00:00:07.522818,296.0,3.0,113.2,157.7,1.47,COMPLETE
5266,0.6875,2026-04-05 19:20:01.080218,2026-04-05 19:20:07.870986,0 days 00:00:06.790768,354.0,1.0,116.9,157.1,0.25,COMPLETE
5267,0.6875,2026-04-05 19:20:07.886414,2026-04-05 19:20:14.850769,0 days 00:00:06.964355,408.0,1.0,117.0,152.2,0.0,COMPLETE
5268,0.6875,2026-04-05 19:20:14.866228,2026-04-05 19:20:21.672335,0 days 00:00:06.806107,380.0,1.0,115.0,154.4,0.0,COMPLETE
5269,0.825,2026-04-05 19:20:21.684708,2026-04-05 19:20:55.957223,0 days 00:00:34.272515,315.0,2.0,118.1,156.2,0.08,COMPLETE
5270,0.6875,2026-04-05 19:20:55.973229,2026-04-05 19:21:02.952853,0 days 00:00:06.979624,444.0,1.0,114.6,153.9,0.0,COMPLETE
5271,0.825,2026-04-05 19:21:02.968534,2026-04-05 19:21:37.164060,0 days 00:00:34.195526,438.0,1.0,118.4,155.6,0.01,COMPLETE
5272,0.6875,2026-04-05 19:21:37.179676,2026-04-05 19:21:44.713012,0 days 00:00:07.533336,231.0,3.0,115.4,152.1,0.52,COMPLETE
5273,0.6875,2026-04-05 19:21:44.730722,2026-04-05 19:21:52.499810,0 days 00:00:07.769088,459.0,1.0,126.0,155.7,0.68,COMPLETE
5274,0.6875,2026-04-05 19:21:52.515499,2026-04-05 19:22:00.410870,0 days 00:00:07.895371,457.0,2.0,114.3,153.1,0.0,COMPLETE
5275,0.6875,2026-04-05 19:22:00.426305,2026-04-05 19:22:07.496191,0 days 00:00:07.069886,481.0,1.0,120.0,152.6,0.66,COMPLETE
5276,0.6875,2026-04-05 19:22:07.511119,2026-04-05 19:22:14.550703,0 days 00:00:07.039584,390.0,1.0,116.8,154.7,0.26,COMPLETE
5277,0.6875,2026-04-05 19:22:14.566449,2026-04-05 19:22:21.024058,0 days 00:00:06.457609,396.0,2.0,117.4,154.3,0.27,COMPLETE
5278,0.6875,2026-04-05 19:22:21.037387,2026-04-05 19:22:27.811701,0 days 00:00:06.774314,332.0,1.0,116.9,155.2,0.01,COMPLETE
5279,0.6875,2026-04-05 19:22:27.826699,2026-04-05 19:22:35.121328,0 days 00:00:07.294629,206.0,1.0,121.7,152.6,0.88,COMPLETE
5280,0.671875,2026-04-05 19:22:35.135883,2026-04-05 19:22:42.257366,0 days 00:00:07.121483,397.0,2.0,116.8,156.5,0.18,COMPLETE
5281,0.6875,2026-04-05 19:22:42.272426,2026-04-05 19:22:49.091151,0 days 00:00:06.818725,374.0,2.0,116.5,152.5,0.0,COMPLETE
5282,0.6875,2026-04-05 19:22:49.106760,2026-04-05 19:22:56.129608,0 days 00:00:07.022848,433.0,1.0,115.7,157.9,0.01,COMPLETE
5283,0.6875,2026-04-05 19:22:56.144781,2026-04-05 19:23:03.532749,0 days 00:00:07.387968,365.0,1.0,118.9,152.5,0.27,COMPLETE
5284,0.6875,2026-04-05 19:23:03.547894,2026-04-05 19:23:10.611866,0 days 00:00:07.063972,427.0,2.0,124.1,154.8,0.55,COMPLETE
5285,0.6875,2026-04-05 19:23:10.623174,2026-04-05 19:23:18.200491,0 days 00:00:07.577317,481.0,1.0,114.2,155.1,0.34,COMPLETE
5286,0.825,2026-04-05 19:23:18.211361,2026-04-05 19:23:23.282316,0 days 00:00:05.070955,436.0,1.0,115.4,154.3,0.01,COMPLETE
5287,0.825,2026-04-05 19:23:23.297319,2026-04-05 19:23:57.459128,0 days 00:00:34.161809,438.0,1.0,117.1,156.4,0.01,COMPLETE
5288,0.6875,2026-04-05 19:23:57.471590,2026-04-05 19:24:04.411835,0 days 00:00:06.940245,427.0,1.0,115.8,154.0,0.01,COMPLETE
5289,0.6875,2026-04-05 19:24:04.427120,2026-04-05 19:24:11.755752,0 days 00:00:07.328632,302.0,3.0,114.3,148.7,1.8,COMPLETE
5290,0.6875,2026-04-05 19:24:11.771201,2026-04-05 19:24:18.765791,0 days 00:00:06.994590,419.0,1.0,114.8,153.4,0.3,COMPLETE
5291,0.6875,2026-04-05 19:24:18.781438,2026-04-05 19:24:25.346926,0 days 00:00:06.565488,453.0,2.0,115.4,154.5,0.01,COMPLETE
5292,0.6875,2026-04-05 19:24:25.361298,2026-04-05 19:24:32.063150,0 days 00:00:06.701852,393.0,1.0,115.9,156.6,0.31,COMPLETE
5293,0.825,2026-04-05 19:24:32.078112,2026-04-05 19:25:06.079611,0 days 00:00:34.001499,373.0,1.0,118.0,155.2,0.03,COMPLETE
5294,0.6875,2026-04-05 19:25:06.095428,2026-04-05 19:25:12.984992,0 days 00:00:06.889564,244.0,2.0,121.1,155.9,0.29,COMPLETE
5295,0.6875,2026-04-05 19:25:13.000372,2026-04-05 19:25:19.764656,0 days 00:00:06.764284,336.0,1.0,119.8,151.3,0.01,COMPLETE
5296,0.6875,2026-04-05 19:25:19.780686,2026-04-05 19:25:26.451841,0 days 00:00:06.671155,431.0,2.0,120.6,154.1,0.5,COMPLETE
5297,0.6875,2026-04-05 19:25:26.466712,2026-04-05 19:25:33.360723,0 days 00:00:06.894011,429.0,2.0,126.1,155.3,0.35000000000000003,COMPLETE
5298,0.6875,2026-04-05 19:25:33.374057,2026-04-05 19:25:40.821600,0 days 00:00:07.447543,302.0,1.0,117.9,154.0,0.22,COMPLETE
5299,0.6875,2026-04-05 19:25:40.836504,2026-04-05 19:25:47.254145,0 days 00:00:06.417641,427.0,1.0,117.1,154.8,0.26,COMPLETE
5300,0.6875,2026-04-05 19:25:47.269548,2026-04-05 19:25:53.741401,0 days 00:00:06.471853,434.0,2.0,115.7,154.7,0.35000000000000003,COMPLETE
5301,0.825,2026-04-05 19:25:53.756824,2026-04-05 19:26:28.244871,0 days 00:00:34.488047,446.0,1.0,123.5,156.7,0.38,COMPLETE
5302,0.6875,2026-04-05 19:26:28.260068,2026-04-05 19:26:35.926653,0 days 00:00:07.666585,255.0,3.0,115.5,156.0,0.38,COMPLETE
5303,0.825,2026-04-05 19:26:35.941406,2026-04-05 19:27:09.977903,0 days 00:00:34.036497,346.0,1.0,119.0,156.0,0.36,COMPLETE
5304,0.6875,2026-04-05 19:27:09.989732,2026-04-05 19:27:16.826673,0 days 00:00:06.836941,390.0,1.0,121.4,154.8,0.32,COMPLETE
5305,0.6875,2026-04-05 19:27:16.841678,2026-04-05 19:27:23.763977,0 days 00:00:06.922299,492.0,1.0,117.1,157.2,0.02,COMPLETE
5306,0.671875,2026-04-05 19:27:23.779724,2026-04-05 19:27:30.741137,0 days 00:00:06.961413,499.0,2.0,120.5,153.6,0.07,COMPLETE
5307,0.6875,2026-04-05 19:27:30.756787,2026-04-05 19:27:38.370783,0 days 00:00:07.613996,171.0,2.0,122.7,157.2,0.52,COMPLETE
5308,0.6875,2026-04-05 19:27:38.385563,2026-04-05 19:27:45.589651,0 days 00:00:07.204088,326.0,2.0,117.4,153.1,0.33,COMPLETE
5309,0.6875,2026-04-05 19:27:45.602336,2026-04-05 19:27:52.334857,0 days 00:00:06.732521,426.0,1.0,117.4,155.8,0.54,COMPLETE
5310,0.6875,2026-04-05 19:27:52.350241,2026-04-05 19:27:59.856018,0 days 00:00:07.505777,174.0,3.0,114.5,160.0,0.0,COMPLETE
5311,0.6875,2026-04-05 19:27:59.870758,2026-04-05 19:28:06.915269,0 days 00:00:07.044511,442.0,1.0,115.9,154.7,0.0,COMPLETE
5312,0.6875,2026-04-05 19:28:06.930516,2026-04-05 19:28:13.694695,0 days 00:00:06.764179,500.0,1.0,113.3,152.6,0.05,COMPLETE
5313,0.6875,2026-04-05 19:28:13.709539,2026-04-05 19:28:21.576865,0 days 00:00:07.867326,409.0,1.0,123.3,152.7,0.62,COMPLETE
5314,0.825,2026-04-05 19:28:21.590083,2026-04-05 19:28:55.950854,0 days 00:00:34.360771,473.0,1.0,118.0,153.2,0.0,COMPLETE
5315,0.6875,2026-04-05 19:28:55.967437,2026-04-05 19:29:03.168843,0 days 00:00:07.201406,402.0,1.0,115.7,155.8,0.34,COMPLETE
5316,0.6875,2026-04-05 19:29:03.183691,2026-04-05 19:29:10.965599,0 days 00:00:07.781908,411.0,2.0,127.0,158.4,0.73,COMPLETE
5317,0.6875,2026-04-05 19:29:10.978374,2026-04-05 19:29:18.794453,0 days 00:00:07.816079,433.0,3.0,121.5,148.3,1.37,COMPLETE
5318,0.6875,2026-04-05 19:29:18.809465,2026-04-05 19:29:26.571249,0 days 00:00:07.761784,427.0,1.0,114.7,156.5,0.31,COMPLETE
5319,0.6875,2026-04-05 19:29:26.586444,2026-04-05 19:29:33.833512,0 days 00:00:07.247068,334.0,1.0,116.4,151.4,0.26,COMPLETE
5320,0.6875,2026-04-05 19:29:33.845140,2026-04-05 19:29:40.600868,0 days 00:00:06.755728,424.0,1.0,117.0,153.9,0.29,COMPLETE
5321,0.825,2026-04-05 19:29:40.616050,2026-04-05 19:30:14.563663,0 days 00:00:33.947613,500.0,2.0,116.4,155.2,0.18,COMPLETE
5322,0.6875,2026-04-05 19:30:14.578828,2026-04-05 19:30:21.458092,0 days 00:00:06.879264,455.0,1.0,117.1,152.5,0.35000000000000003,COMPLETE
5323,0.825,2026-04-05 19:30:21.470386,2026-04-05 19:30:55.788848,0 days 00:00:34.318462,405.0,1.0,122.6,155.3,0.45,COMPLETE
5324,0.6875,2026-04-05 19:30:55.803910,2026-04-05 19:31:03.336085,0 days 00:00:07.532175,489.0,1.0,114.0,154.1,0.26,COMPLETE
5325,0.825,2026-04-05 19:31:03.351782,2026-04-05 19:31:37.488847,0 days 00:00:34.137065,394.0,1.0,116.0,154.0,0.01,COMPLETE
5326,0.6875,2026-04-05 19:31:37.504191,2026-04-05 19:31:44.393676,0 days 00:00:06.889485,397.0,1.0,116.1,151.1,0.51,COMPLETE
5327,0.6875,2026-04-05 19:31:44.408573,2026-04-05 19:31:51.800704,0 days 00:00:07.392131,372.0,1.0,121.2,157.6,0.01,COMPLETE
5328,0.6875,2026-04-05 19:31:51.817205,2026-04-05 19:31:59.059133,0 days 00:00:07.241928,415.0,1.0,114.8,154.0,0.35000000000000003,COMPLETE
5329,0.6875,2026-04-05 19:31:59.071697,2026-04-05 19:32:06.432662,0 days 00:00:07.360965,215.0,2.0,118.8,155.1,0.66,COMPLETE
5330,0.825,2026-04-05 19:32:06.449752,2026-04-05 19:32:40.488913,0 days 00:00:34.039161,397.0,1.0,118.1,156.2,0.25,COMPLETE
5331,0.825,2026-04-05 19:32:40.504197,2026-04-05 19:33:14.515429,0 days 00:00:34.011232,349.0,1.0,118.1,155.0,0.01,COMPLETE
5332,0.6875,2026-04-05 19:33:14.530716,2026-04-05 19:33:21.823160,0 days 00:00:07.292444,354.0,3.0,113.7,159.8,0.75,COMPLETE
5333,0.6875,2026-04-05 19:33:21.838516,2026-04-05 19:33:28.950519,0 days 00:00:07.112003,464.0,1.0,115.5,154.1,0.26,COMPLETE
5334,0.6875,2026-04-05 19:33:28.965526,2026-04-05 19:33:35.561658,0 days 00:00:06.596132,469.0,1.0,116.4,155.3,0.28,COMPLETE
5335,0.6875,2026-04-05 19:33:35.573761,2026-04-05 19:33:42.369960,0 days 00:00:06.796199,420.0,1.0,116.1,158.2,0.73,COMPLETE
5336,0.6875,2026-04-05 19:33:42.385673,2026-04-05 19:33:49.459482,0 days 00:00:07.073809,384.0,1.0,115.7,152.6,0.26,COMPLETE
5337,0.6875,2026-04-05 19:33:49.474891,2026-04-05 19:33:56.608887,0 days 00:00:07.133996,289.0,3.0,117.9,148.8,0.8,COMPLETE
5338,0.6875,2026-04-05 19:33:56.624273,2026-04-05 19:34:03.779882,0 days 00:00:07.155609,500.0,1.0,115.7,154.6,0.3,COMPLETE
5339,0.825,2026-04-05 19:34:03.795249,2026-04-05 19:34:37.988390,0 days 00:00:34.193141,386.0,1.0,117.5,155.9,0.01,COMPLETE
5340,0.6875,2026-04-05 19:34:38.003577,2026-04-05 19:34:45.758152,0 days 00:00:07.754575,205.0,2.0,124.0,156.5,0.8300000000000001,COMPLETE
5341,0.6875,2026-04-05 19:34:45.773655,2026-04-05 19:34:53.203361,0 days 00:00:07.429706,336.0,1.0,115.6,156.8,0.04,COMPLETE
5342,0.825,2026-04-05 19:34:53.218908,2026-04-05 19:34:58.671948,0 days 00:00:05.453040,438.0,1.0,119.9,153.5,0.03,COMPLETE
5343,0.825,2026-04-05 19:34:58.684643,2026-04-05 19:35:32.764242,0 days 00:00:34.079599,419.0,2.0,117.2,156.1,0.0,COMPLETE
5344,0.6875,2026-04-05 19:35:32.778986,2026-04-05 19:35:39.655659,0 days 00:00:06.876673,368.0,1.0,117.0,153.3,0.01,COMPLETE
5345,0.6875,2026-04-05 19:35:39.671288,2026-04-05 19:35:46.421055,0 days 00:00:06.749767,380.0,1.0,115.3,155.1,0.29,COMPLETE
5346,0.6875,2026-04-05 19:35:46.434350,2026-04-05 19:35:52.877613,0 days 00:00:06.443263,393.0,1.0,115.1,155.4,0.0,COMPLETE
5347,0.6875,2026-04-05 19:35:52.892634,2026-04-05 19:35:59.697768,0 days 00:00:06.805134,481.0,1.0,116.4,158.0,0.3,COMPLETE
5348,0.825,2026-04-05 19:35:59.709067,2026-04-05 19:36:33.960646,0 days 00:00:34.251579,491.0,1.0,121.6,156.6,0.06,COMPLETE
5349,0.825,2026-04-05 19:36:33.975566,2026-04-05 19:37:08.232238,0 days 00:00:34.256672,349.0,1.0,119.3,154.2,0.25,COMPLETE
5350,0.825,2026-04-05 19:37:08.247824,2026-04-05 19:37:42.277213,0 days 00:00:34.029389,433.0,1.0,118.5,152.9,0.29,COMPLETE
5351,0.825,2026-04-05 19:37:42.292756,2026-04-05 19:37:48.282045,0 days 00:00:05.989289,447.0,1.0,115.8,155.6,0.02,COMPLETE
5352,0.6875,2026-04-05 19:37:48.292862,2026-04-05 19:37:54.893994,0 days 00:00:06.601132,427.0,2.0,116.8,157.4,0.0,COMPLETE
5353,0.6875,2026-04-05 19:37:54.909709,2026-04-05 19:38:01.704270,0 days 00:00:06.794561,411.0,1.0,113.0,154.4,0.37,COMPLETE
5354,0.6875,2026-04-05 19:38:01.716298,2026-04-05 19:38:08.448943,0 days 00:00:06.732645,346.0,1.0,113.8,152.9,0.31,COMPLETE
5355,0.6875,2026-04-05 19:38:08.465201,2026-04-05 19:38:15.787786,0 days 00:00:07.322585,308.0,2.0,122.4,155.8,0.62,COMPLETE
5356,0.825,2026-04-05 19:38:15.802952,2026-04-05 19:38:49.889824,0 days 00:00:34.086872,401.0,1.0,118.0,155.9,0.25,COMPLETE
5357,0.6875,2026-04-05 19:38:49.905174,2026-04-05 19:38:57.652593,0 days 00:00:07.747419,300.0,3.0,126.3,157.9,0.06,COMPLETE
5358,0.6875,2026-04-05 19:38:57.667645,2026-04-05 19:39:04.352233,0 days 00:00:06.684588,369.0,3.0,126.6,160.0,0.21,COMPLETE
5359,0.825,2026-04-05 19:39:04.367641,2026-04-05 19:39:12.664008,0 days 00:00:08.296367,422.0,1.0,116.2,154.0,0.32,COMPLETE
5360,0.825,2026-04-05 19:39:12.676757,2026-04-05 19:39:46.726510,0 days 00:00:34.049753,396.0,2.0,118.8,153.7,0.01,COMPLETE
5361,0.6875,2026-04-05 19:39:46.743142,2026-04-05 19:39:53.949253,0 days 00:00:07.206111,454.0,1.0,113.1,156.3,0.25,COMPLETE
5362,0.825,2026-04-05 19:39:53.964135,2026-04-05 19:40:29.432381,0 days 00:00:35.468246,339.0,1.0,116.7,151.0,0.03,COMPLETE
5363,0.6875,2026-04-05 19:40:29.448367,2026-04-05 19:40:36.193820,0 days 00:00:06.745453,407.0,2.0,116.9,152.5,0.35000000000000003,COMPLETE
5364,0.6875,2026-04-05 19:40:36.209248,2026-04-05 19:40:43.084836,0 days 00:00:06.875588,444.0,1.0,115.2,156.5,0.52,COMPLETE
5365,0.6875,2026-04-05 19:40:43.100519,2026-04-05 19:40:49.673992,0 days 00:00:06.573473,459.0,1.0,115.2,155.2,0.01,COMPLETE
5366,0.6875,2026-04-05 19:40:49.686483,2026-04-05 19:40:57.637961,0 days 00:00:07.951478,268.0,2.0,123.3,148.3,0.26,COMPLETE
5367,0.6875,2026-04-05 19:40:57.654041,2026-04-05 19:41:04.968911,0 days 00:00:07.314870,384.0,1.0,117.6,153.0,0.0,COMPLETE
5368,0.6875,2026-04-05 19:41:04.984950,2026-04-05 19:41:11.727551,0 days 00:00:06.742601,242.0,1.0,117.4,153.5,0.27,COMPLETE
5369,0.825,2026-04-05 19:41:11.743415,2026-04-05 19:41:45.742431,0 days 00:00:33.999016,423.0,1.0,118.3,155.4,0.27,COMPLETE
5370,0.6875,2026-04-05 19:41:45.759157,2026-04-05 19:41:52.821930,0 days 00:00:07.062773,413.0,2.0,113.4,154.4,0.27,COMPLETE
5371,0.825,2026-04-05 19:41:52.834588,2026-04-05 19:42:06.281890,0 days 00:00:13.447302,368.0,2.0,116.5,153.8,0.0,COMPLETE
5372,0.825,2026-04-05 19:42:06.297947,2026-04-05 19:42:40.793921,0 days 00:00:34.495974,490.0,2.0,122.6,155.8,0.81,COMPLETE
5373,0.825,2026-04-05 19:42:40.809978,2026-04-05 19:43:14.861558,0 days 00:00:34.051580,466.0,1.0,119.0,154.3,0.01,COMPLETE
5374,0.6875,2026-04-05 19:43:14.877141,2026-04-05 19:43:21.830763,0 days 00:00:06.953622,400.0,2.0,121.8,154.0,0.27,COMPLETE
5375,0.6875,2026-04-05 19:43:21.846422,2026-04-05 19:43:30.054232,0 days 00:00:08.207810,163.0,1.0,113.5,157.1,1.47,COMPLETE
5376,0.6875,2026-04-05 19:43:30.069586,2026-04-05 19:43:36.831597,0 days 00:00:06.762011,417.0,1.0,115.4,154.6,0.0,COMPLETE
5377,0.6875,2026-04-05 19:43:36.847029,2026-04-05 19:43:43.757426,0 days 00:00:06.910397,379.0,1.0,120.1,153.6,0.54,COMPLETE
5378,0.6875,2026-04-05 19:43:43.771133,2026-04-05 19:43:51.027229,0 days 00:00:07.256096,276.0,1.0,114.6,153.4,0.26,COMPLETE
5379,0.6875,2026-04-05 19:43:51.042486,2026-04-05 19:43:57.757892,0 days 00:00:06.715406,410.0,1.0,115.8,156.4,0.31,COMPLETE
5380,0.6875,2026-04-05 19:43:57.773489,2026-04-05 19:44:04.913280,0 days 00:00:07.139791,265.0,1.0,115.5,152.3,1.93,COMPLETE
5381,0.6875,2026-04-05 19:44:04.928384,2026-04-05 19:44:11.778778,0 days 00:00:06.850394,424.0,1.0,114.2,153.3,0.0,COMPLETE
5382,0.6875,2026-04-05 19:44:11.794350,2026-04-05 19:44:18.454677,0 days 00:00:06.660327,440.0,1.0,115.0,154.8,0.55,COMPLETE
5383,0.6875,2026-04-05 19:44:18.470072,2026-04-05 19:44:25.222337,0 days 00:00:06.752265,406.0,1.0,117.2,157.1,0.02,COMPLETE
5384,0.6875,2026-04-05 19:44:25.237163,2026-04-05 19:44:32.999247,0 days 00:00:07.762084,160.0,2.0,121.4,154.1,0.08,COMPLETE
5385,0.6875,2026-04-05 19:44:33.011971,2026-04-05 19:44:39.848791,0 days 00:00:06.836820,407.0,1.0,117.4,152.9,0.3,COMPLETE
5386,0.6875,2026-04-05 19:44:39.864629,2026-04-05 19:44:46.412879,0 days 00:00:06.548250,467.0,1.0,116.4,152.5,0.24,COMPLETE
5387,0.825,2026-04-05 19:44:46.428460,2026-04-05 19:45:20.580817,0 days 00:00:34.152357,450.0,1.0,119.1,155.6,0.67,COMPLETE
5388,0.6875,2026-04-05 19:45:20.593582,2026-04-05 19:45:27.409005,0 days 00:00:06.815423,433.0,1.0,121.3,154.3,0.49,COMPLETE
5389,0.825,2026-04-05 19:45:27.423824,2026-04-05 19:46:01.516598,0 days 00:00:34.092774,491.0,2.0,124.2,153.8,0.3,COMPLETE
5390,0.825,2026-04-05 19:46:01.533015,2026-04-05 19:46:35.574836,0 days 00:00:34.041821,497.0,2.0,120.6,155.8,0.28,COMPLETE
