number,value,datetime_start,datetime_complete,duration,params_voltage,params_width,params_x,params_y,params_z,state
13033,0.6875,2026-04-09 15:53:02.159707,2026-04-09 15:53:09.575795,0 days 00:00:07.416088,299.0,1.0,119.0,150.5,0.16,COMPLETE
13034,0.6875,2026-04-09 15:53:09.593974,2026-04-09 15:53:16.385737,0 days 00:00:06.791763,391.0,1.0,116.4,152.8,0.4,COMPLETE
13035,0.6875,2026-04-09 15:53:16.403228,2026-04-09 15:53:23.449240,0 days 00:00:07.046012,296.0,3.0,115.4,151.0,1.5,COMPLETE
13036,0.6875,2026-04-09 15:53:23.468611,2026-04-09 15:53:30.787174,0 days 00:00:07.318563,365.0,2.0,119.6,156.8,1.25,COMPLETE
13037,0.825,2026-04-09 15:53:30.806282,2026-04-09 15:53:38.343924,0 days 00:00:07.537642,416.0,2.0,115.9,153.7,0.02,COMPLETE
13038,0.6875,2026-04-09 15:53:38.364552,2026-04-09 15:53:45.326161,0 days 00:00:06.961609,302.0,1.0,117.7,152.5,0.01,COMPLETE
13039,0.6875,2026-04-09 15:53:45.343689,2026-04-09 15:53:52.190404,0 days 00:00:06.846715,417.0,1.0,113.9,155.0,0.0,COMPLETE
13040,0.6875,2026-04-09 15:53:52.210823,2026-04-09 15:53:59.220356,0 days 00:00:07.009533,396.0,1.0,120.0,154.5,0.21,COMPLETE
13041,0.6875,2026-04-09 15:53:59.237438,2026-04-09 15:54:05.749128,0 days 00:00:06.511690,412.0,1.0,121.1,153.8,0.21,COMPLETE
13042,0.825,2026-04-09 15:54:05.770342,2026-04-09 15:54:39.744869,0 days 00:00:33.974527,390.0,2.0,119.6,155.1,0.0,COMPLETE
13043,0.6875,2026-04-09 15:54:39.760362,2026-04-09 15:54:46.663493,0 days 00:00:06.903131,468.0,1.0,117.3,157.4,0.27,COMPLETE
13044,0.6875,2026-04-09 15:54:46.683033,2026-04-09 15:54:53.698571,0 days 00:00:07.015538,350.0,1.0,115.4,156.4,0.26,COMPLETE
13045,0.6875,2026-04-09 15:54:53.716703,2026-04-09 15:55:00.468291,0 days 00:00:06.751588,422.0,1.0,113.6,155.1,0.27,COMPLETE
13046,0.6875,2026-04-09 15:55:00.487498,2026-04-09 15:55:07.435422,0 days 00:00:06.947924,336.0,1.0,115.1,154.2,0.0,COMPLETE
13047,0.6875,2026-04-09 15:55:07.454287,2026-04-09 15:55:14.284847,0 days 00:00:06.830560,500.0,1.0,117.9,152.3,0.07,COMPLETE
13048,0.6875,2026-04-09 15:55:14.305296,2026-04-09 15:55:21.811859,0 days 00:00:07.506563,178.0,1.0,119.7,154.8,0.17,COMPLETE
13049,0.6875,2026-04-09 15:55:21.831340,2026-04-09 15:55:28.703375,0 days 00:00:06.872035,430.0,1.0,117.4,157.6,0.85,COMPLETE
13050,0.6875,2026-04-09 15:55:28.720957,2026-04-09 15:55:35.656730,0 days 00:00:06.935773,429.0,2.0,116.9,153.3,0.56,COMPLETE
13051,0.6875,2026-04-09 15:55:35.677605,2026-04-09 15:55:42.455141,0 days 00:00:06.777536,449.0,1.0,117.1,155.7,0.23,COMPLETE
13052,0.6875,2026-04-09 15:55:42.473701,2026-04-09 15:55:49.354719,0 days 00:00:06.881018,421.0,1.0,115.5,153.3,0.33,COMPLETE
13053,0.6875,2026-04-09 15:55:49.375867,2026-04-09 15:55:56.237911,0 days 00:00:06.862044,428.0,1.0,115.6,156.8,0.73,COMPLETE
13054,0.825,2026-04-09 15:55:56.257166,2026-04-09 15:56:30.589929,0 days 00:00:34.332763,382.0,1.0,119.5,154.6,0.48,COMPLETE
13055,0.6875,2026-04-09 15:56:30.609482,2026-04-09 15:56:37.781560,0 days 00:00:07.172078,287.0,2.0,122.9,155.6,0.55,COMPLETE
13056,0.825,2026-04-09 15:56:37.799289,2026-04-09 15:57:11.813415,0 days 00:00:34.014126,498.0,2.0,122.0,153.6,0.18,COMPLETE
13057,0.6875,2026-04-09 15:57:11.834793,2026-04-09 15:57:19.566176,0 days 00:00:07.731383,318.0,1.0,114.5,151.7,0.22,COMPLETE
13058,0.6875,2026-04-09 15:57:19.583738,2026-04-09 15:57:27.330769,0 days 00:00:07.747031,213.0,3.0,120.8,157.7,0.73,COMPLETE
13059,0.6875,2026-04-09 15:57:27.351423,2026-04-09 15:57:34.235132,0 days 00:00:06.883709,400.0,1.0,117.4,155.6,0.3,COMPLETE
13060,0.6875,2026-04-09 15:57:34.254402,2026-04-09 15:57:40.895008,0 days 00:00:06.640606,393.0,1.0,117.2,157.0,0.25,COMPLETE
13061,0.825,2026-04-09 15:57:40.912513,2026-04-09 15:58:15.030969,0 days 00:00:34.118456,399.0,1.0,119.8,154.7,0.0,COMPLETE
13062,0.6875,2026-04-09 15:58:15.050599,2026-04-09 15:58:22.568116,0 days 00:00:07.517517,273.0,1.0,118.0,159.9,1.81,COMPLETE
13063,0.6875,2026-04-09 15:58:22.585335,2026-04-09 15:58:29.707574,0 days 00:00:07.122239,322.0,1.0,115.6,154.6,0.47000000000000003,COMPLETE
13064,0.6875,2026-04-09 15:58:29.727598,2026-04-09 15:58:36.921302,0 days 00:00:07.193704,375.0,2.0,121.9,154.8,0.38,COMPLETE
13065,0.6875,2026-04-09 15:58:36.940846,2026-04-09 15:58:43.895397,0 days 00:00:06.954551,281.0,2.0,123.2,153.4,0.21,COMPLETE
13066,0.6875,2026-04-09 15:58:43.915322,2026-04-09 15:58:51.010295,0 days 00:00:07.094973,334.0,2.0,117.9,154.5,0.22,COMPLETE
13067,0.6875,2026-04-09 15:58:51.027943,2026-04-09 15:58:58.056657,0 days 00:00:07.028714,446.0,1.0,113.1,156.4,0.24,COMPLETE
13068,0.6875,2026-04-09 15:58:58.077326,2026-04-09 15:59:05.731565,0 days 00:00:07.654239,304.0,1.0,120.5,153.2,0.19,COMPLETE
13069,0.6875,2026-04-09 15:59:05.750182,2026-04-09 15:59:12.542649,0 days 00:00:06.792467,427.0,1.0,117.8,154.6,0.22,COMPLETE
13070,0.6875,2026-04-09 15:59:12.562810,2026-04-09 15:59:19.494918,0 days 00:00:06.932108,330.0,1.0,118.8,153.5,0.5,COMPLETE
13071,0.671875,2026-04-09 15:59:19.513730,2026-04-09 15:59:26.222114,0 days 00:00:06.708384,452.0,1.0,120.7,154.1,0.15,COMPLETE
13072,0.6875,2026-04-09 15:59:26.242426,2026-04-09 15:59:33.515142,0 days 00:00:07.272716,377.0,2.0,116.0,156.0,0.9500000000000001,COMPLETE
13073,0.6875,2026-04-09 15:59:33.532658,2026-04-09 15:59:40.657599,0 days 00:00:07.124941,426.0,1.0,117.9,150.3,0.21,COMPLETE
13074,0.825,2026-04-09 15:59:40.676448,2026-04-09 16:00:14.845030,0 days 00:00:34.168582,400.0,1.0,118.1,153.7,0.01,COMPLETE
13075,0.6875,2026-04-09 16:00:14.864914,2026-04-09 16:00:22.275716,0 days 00:00:07.410802,309.0,1.0,118.0,158.6,0.22,COMPLETE
13076,0.825,2026-04-09 16:00:22.295006,2026-04-09 16:00:56.820685,0 days 00:00:34.525679,497.0,2.0,122.7,155.0,0.16,COMPLETE
13077,0.6875,2026-04-09 16:00:56.839868,2026-04-09 16:01:04.019298,0 days 00:00:07.179430,324.0,2.0,122.8,151.9,0.04,COMPLETE
13078,0.825,2026-04-09 16:01:04.037645,2026-04-09 16:01:38.580519,0 days 00:00:34.542874,436.0,1.0,117.8,155.5,0.0,COMPLETE
13079,0.825,2026-04-09 16:01:38.600132,2026-04-09 16:01:52.077160,0 days 00:00:13.477028,494.0,2.0,117.9,153.9,0.29,COMPLETE
13080,0.6875,2026-04-09 16:01:52.095230,2026-04-09 16:01:59.122440,0 days 00:00:07.027210,360.0,1.0,115.6,152.0,0.22,COMPLETE
13081,0.6875,2026-04-09 16:01:59.141036,2026-04-09 16:02:05.893856,0 days 00:00:06.752820,389.0,1.0,115.4,156.0,0.0,COMPLETE
13082,0.6875,2026-04-09 16:02:05.910550,2026-04-09 16:02:12.721134,0 days 00:00:06.810584,492.0,2.0,114.4,151.6,0.23,COMPLETE
13083,0.6875,2026-04-09 16:02:12.740841,2026-04-09 16:02:19.352971,0 days 00:00:06.612130,400.0,1.0,114.6,151.9,0.25,COMPLETE
13084,0.6875,2026-04-09 16:02:19.371993,2026-04-09 16:02:26.125450,0 days 00:00:06.753457,446.0,1.0,117.0,154.9,0.46,COMPLETE
13085,0.6875,2026-04-09 16:02:26.145026,2026-04-09 16:02:32.786158,0 days 00:00:06.641132,420.0,1.0,114.9,154.6,0.2,COMPLETE
13086,0.6875,2026-04-09 16:02:32.804807,2026-04-09 16:02:39.551497,0 days 00:00:06.746690,353.0,1.0,116.0,153.9,0.0,COMPLETE
13087,0.6875,2026-04-09 16:02:39.571163,2026-04-09 16:02:46.082592,0 days 00:00:06.511429,473.0,1.0,115.3,153.2,0.28,COMPLETE
13088,0.6875,2026-04-09 16:02:46.101293,2026-04-09 16:02:52.663175,0 days 00:00:06.561882,422.0,1.0,116.5,154.5,0.74,COMPLETE
13089,0.6875,2026-04-09 16:02:52.680905,2026-04-09 16:02:59.215798,0 days 00:00:06.534893,367.0,2.0,115.6,154.0,0.01,COMPLETE
13090,0.6875,2026-04-09 16:02:59.236020,2026-04-09 16:03:05.766161,0 days 00:00:06.530141,422.0,1.0,116.1,152.9,0.49,COMPLETE
13091,0.6875,2026-04-09 16:03:05.784153,2026-04-09 16:03:12.451140,0 days 00:00:06.666987,399.0,2.0,116.8,155.3,0.44,COMPLETE
13092,0.6875,2026-04-09 16:03:12.472440,2026-04-09 16:03:19.021088,0 days 00:00:06.548648,375.0,1.0,115.5,155.3,0.29,COMPLETE
13093,0.6875,2026-04-09 16:03:19.039328,2026-04-09 16:03:25.771983,0 days 00:00:06.732655,396.0,1.0,118.2,154.0,0.27,COMPLETE
13094,0.6875,2026-04-09 16:03:25.792854,2026-04-09 16:03:32.878621,0 days 00:00:07.085767,465.0,1.0,121.7,159.2,1.96,COMPLETE
13095,0.6875,2026-04-09 16:03:32.896802,2026-04-09 16:03:40.517337,0 days 00:00:07.620535,429.0,1.0,113.0,152.8,0.36,COMPLETE
13096,0.6875,2026-04-09 16:03:40.536869,2026-04-09 16:03:47.167858,0 days 00:00:06.630989,466.0,1.0,115.0,154.0,0.4,COMPLETE
13097,0.6875,2026-04-09 16:03:47.186385,2026-04-09 16:03:54.306047,0 days 00:00:07.119662,450.0,2.0,120.5,157.9,0.09,COMPLETE
13098,0.6875,2026-04-09 16:03:54.325808,2026-04-09 16:04:01.653291,0 days 00:00:07.327483,361.0,1.0,116.3,152.6,0.0,COMPLETE
13099,0.6875,2026-04-09 16:04:01.670435,2026-04-09 16:04:08.334324,0 days 00:00:06.663889,359.0,1.0,114.3,155.1,0.24,COMPLETE
13100,0.6875,2026-04-09 16:04:08.354303,2026-04-09 16:04:16.479747,0 days 00:00:08.125444,252.0,2.0,126.9,159.7,0.05,COMPLETE
13101,0.6875,2026-04-09 16:04:16.497134,2026-04-09 16:04:23.639749,0 days 00:00:07.142615,230.0,2.0,123.8,153.3,0.26,COMPLETE
13102,0.6875,2026-04-09 16:04:23.661369,2026-04-09 16:04:30.730778,0 days 00:00:07.069409,458.0,1.0,117.6,154.5,0.47000000000000003,COMPLETE
13103,0.6875,2026-04-09 16:04:30.748396,2026-04-09 16:04:38.578314,0 days 00:00:07.829918,243.0,3.0,126.0,157.8,2.0,COMPLETE
13104,0.6875,2026-04-09 16:04:38.600014,2026-04-09 16:04:45.523438,0 days 00:00:06.923424,375.0,1.0,121.0,157.4,0.54,COMPLETE
13105,0.6875,2026-04-09 16:04:45.541812,2026-04-09 16:04:52.684252,0 days 00:00:07.142440,383.0,1.0,114.2,155.2,0.0,COMPLETE
13106,0.825,2026-04-09 16:04:52.704038,2026-04-09 16:05:26.902895,0 days 00:00:34.198857,401.0,1.0,118.4,155.0,0.2,COMPLETE
13107,0.6875,2026-04-09 16:05:26.923318,2026-04-09 16:05:33.938055,0 days 00:00:07.014737,346.0,1.0,116.9,157.0,0.0,COMPLETE
13108,0.825,2026-04-09 16:05:33.956349,2026-04-09 16:06:07.860873,0 days 00:00:33.904524,335.0,1.0,118.1,156.0,0.01,COMPLETE
13109,0.6875,2026-04-09 16:06:07.880606,2026-04-09 16:06:14.740143,0 days 00:00:06.859537,352.0,1.0,119.1,153.1,0.26,COMPLETE
13110,0.825,2026-04-09 16:06:14.758867,2026-04-09 16:06:48.820121,0 days 00:00:34.061254,354.0,2.0,118.8,154.6,0.0,COMPLETE
13111,0.825,2026-04-09 16:06:48.841259,2026-04-09 16:07:22.896478,0 days 00:00:34.055219,411.0,1.0,119.3,157.8,0.02,COMPLETE
13112,0.6875,2026-04-09 16:07:22.916810,2026-04-09 16:07:29.822267,0 days 00:00:06.905457,403.0,1.0,118.3,159.5,0.07,COMPLETE
13113,0.825,2026-04-09 16:07:29.840300,2026-04-09 16:08:04.595433,0 days 00:00:34.755133,340.0,2.0,122.5,154.4,0.02,COMPLETE
13114,0.825,2026-04-09 16:08:04.616255,2026-04-09 16:08:39.165684,0 days 00:00:34.549429,469.0,2.0,116.7,156.1,0.33,COMPLETE
13115,0.825,2026-04-09 16:08:39.183307,2026-04-09 16:08:46.564027,0 days 00:00:07.380720,373.0,1.0,116.2,154.0,0.26,COMPLETE
13116,0.825,2026-04-09 16:08:46.583387,2026-04-09 16:09:20.646180,0 days 00:00:34.062793,404.0,1.0,119.8,155.4,0.55,COMPLETE
13117,0.6875,2026-04-09 16:09:20.666663,2026-04-09 16:09:27.902980,0 days 00:00:07.236317,469.0,1.0,115.3,151.8,0.01,COMPLETE
13118,0.6875,2026-04-09 16:09:27.920688,2026-04-09 16:09:35.639408,0 days 00:00:07.718720,258.0,2.0,122.8,155.7,0.21,COMPLETE
13119,0.6875,2026-04-09 16:09:35.659100,2026-04-09 16:09:43.039550,0 days 00:00:07.380450,442.0,1.0,115.1,156.4,0.19,COMPLETE
13120,0.6875,2026-04-09 16:09:43.057011,2026-04-09 16:09:49.715361,0 days 00:00:06.658350,415.0,1.0,116.5,155.6,0.2,COMPLETE
13121,0.6875,2026-04-09 16:09:49.734016,2026-04-09 16:09:56.735723,0 days 00:00:07.001707,412.0,1.0,113.5,152.0,0.0,COMPLETE
13122,0.825,2026-04-09 16:09:56.755048,2026-04-09 16:10:31.550244,0 days 00:00:34.795196,408.0,1.0,120.2,156.6,0.01,COMPLETE
13123,0.6875,2026-04-09 16:10:31.570813,2026-04-09 16:10:38.743565,0 days 00:00:07.172752,389.0,1.0,115.8,153.8,0.26,COMPLETE
13124,0.6875,2026-04-09 16:10:38.761798,2026-04-09 16:10:45.827801,0 days 00:00:07.066003,310.0,2.0,113.2,156.3,0.16,COMPLETE
13125,0.825,2026-04-09 16:10:45.848129,2026-04-09 16:11:20.431475,0 days 00:00:34.583346,361.0,1.0,120.0,155.7,0.0,COMPLETE
13126,0.825,2026-04-09 16:11:20.450215,2026-04-09 16:12:16.648036,0 days 00:00:56.197821,449.0,1.0,125.8,154.1,0.22,COMPLETE
13127,0.6875,2026-04-09 16:12:16.666668,2026-04-09 16:12:24.328801,0 days 00:00:07.662133,423.0,1.0,117.8,151.3,0.26,COMPLETE
13128,0.825,2026-04-09 16:12:24.348523,2026-04-09 16:12:59.249386,0 days 00:00:34.900863,242.0,2.0,125.2,155.1,0.06,COMPLETE
13129,0.6875,2026-04-09 16:12:59.269882,2026-04-09 16:13:07.078913,0 days 00:00:07.809031,450.0,1.0,115.1,154.8,0.22,COMPLETE
13130,0.825,2026-04-09 16:13:07.097253,2026-04-09 16:13:41.743188,0 days 00:00:34.645935,446.0,3.0,123.3,157.1,0.51,COMPLETE
13131,0.6875,2026-04-09 16:13:41.763915,2026-04-09 16:13:48.968647,0 days 00:00:07.204732,427.0,2.0,117.9,157.9,0.33,COMPLETE
13132,0.6875,2026-04-09 16:13:48.986635,2026-04-09 16:13:55.915059,0 days 00:00:06.928424,449.0,1.0,116.5,153.9,0.16,COMPLETE
13133,0.825,2026-04-09 16:13:55.935239,2026-04-09 16:14:30.633189,0 days 00:00:34.697950,249.0,2.0,122.7,156.0,0.01,COMPLETE
13134,0.825,2026-04-09 16:14:30.651178,2026-04-09 16:14:36.448910,0 days 00:00:05.797732,435.0,1.0,115.5,153.6,0.0,COMPLETE
13135,0.6875,2026-04-09 16:14:36.469162,2026-04-09 16:14:43.718255,0 days 00:00:07.249093,436.0,2.0,123.0,154.5,0.51,COMPLETE
13136,0.6875,2026-04-09 16:14:43.737414,2026-04-09 16:14:50.937211,0 days 00:00:07.199797,497.0,1.0,115.7,154.4,0.2,COMPLETE
13137,0.6875,2026-04-09 16:14:50.956854,2026-04-09 16:14:57.855694,0 days 00:00:06.898840,341.0,1.0,113.5,153.3,0.52,COMPLETE
13138,0.6875,2026-04-09 16:14:57.874798,2026-04-09 16:15:04.501111,0 days 00:00:06.626313,460.0,1.0,113.1,151.2,0.17,COMPLETE
13139,0.6875,2026-04-09 16:15:04.518424,2026-04-09 16:15:11.190588,0 days 00:00:06.672164,498.0,1.0,116.1,152.5,0.49,COMPLETE
13140,0.825,2026-04-09 16:15:11.212128,2026-04-09 16:15:18.610349,0 days 00:00:07.398221,394.0,1.0,116.9,154.4,0.01,COMPLETE
13141,0.6875,2026-04-09 16:15:18.628278,2026-04-09 16:15:25.383619,0 days 00:00:06.755341,382.0,1.0,115.1,154.2,0.21,COMPLETE
13142,0.6875,2026-04-09 16:15:25.404125,2026-04-09 16:15:32.903631,0 days 00:00:07.499506,428.0,1.0,123.5,153.8,0.51,COMPLETE
13143,0.6875,2026-04-09 16:15:32.921493,2026-04-09 16:15:40.096953,0 days 00:00:07.175460,476.0,1.0,117.5,153.5,0.58,COMPLETE
13144,0.6875,2026-04-09 16:15:40.117601,2026-04-09 16:15:47.030881,0 days 00:00:06.913280,451.0,1.0,114.5,156.3,0.0,COMPLETE
13145,0.825,2026-04-09 16:15:47.048732,2026-04-09 16:16:21.505152,0 days 00:00:34.456420,291.0,1.0,118.6,155.4,0.0,COMPLETE
13146,0.6875,2026-04-09 16:16:21.525711,2026-04-09 16:16:28.510780,0 days 00:00:06.985069,276.0,2.0,119.8,152.4,0.53,COMPLETE
13147,0.6875,2026-04-09 16:16:28.529138,2026-04-09 16:16:35.367528,0 days 00:00:06.838390,382.0,1.0,117.3,154.9,0.45,COMPLETE
13148,0.6875,2026-04-09 16:16:35.388226,2026-04-09 16:16:42.753107,0 days 00:00:07.364881,316.0,1.0,122.9,155.3,0.32,COMPLETE
13149,0.6875,2026-04-09 16:16:42.770627,2026-04-09 16:16:50.242376,0 days 00:00:07.471749,288.0,1.0,115.0,152.7,0.01,COMPLETE
13150,0.6875,2026-04-09 16:16:50.262043,2026-04-09 16:16:57.282712,0 days 00:00:07.020669,396.0,1.0,115.7,157.5,0.32,COMPLETE
13151,0.6875,2026-04-09 16:16:57.300093,2026-04-09 16:17:04.205083,0 days 00:00:06.904990,500.0,1.0,115.8,153.4,0.01,COMPLETE
13152,0.825,2026-04-09 16:17:04.224896,2026-04-09 16:17:38.802474,0 days 00:00:34.577578,414.0,1.0,119.0,156.0,0.0,COMPLETE
13153,0.825,2026-04-09 16:17:38.820784,2026-04-09 16:18:13.109941,0 days 00:00:34.289157,464.0,2.0,123.6,156.2,0.39,COMPLETE
13154,0.6875,2026-04-09 16:18:13.129244,2026-04-09 16:18:20.659759,0 days 00:00:07.530515,412.0,1.0,115.8,155.9,0.53,COMPLETE
13155,0.825,2026-04-09 16:18:20.679552,2026-04-09 16:18:54.871821,0 days 00:00:34.192269,488.0,1.0,118.4,155.3,0.23,COMPLETE
13156,0.825,2026-04-09 16:18:54.888982,2026-04-09 16:19:28.919746,0 days 00:00:34.030764,441.0,2.0,119.1,156.0,0.35000000000000003,COMPLETE
13157,0.6875,2026-04-09 16:19:28.941262,2026-04-09 16:19:36.163353,0 days 00:00:07.222091,440.0,1.0,115.3,153.5,0.0,COMPLETE
13158,0.6875,2026-04-09 16:19:36.182003,2026-04-09 16:19:43.399969,0 days 00:00:07.217966,378.0,1.0,117.0,155.5,0.2,COMPLETE
13159,0.6875,2026-04-09 16:19:43.418666,2026-04-09 16:19:50.055369,0 days 00:00:06.636703,338.0,3.0,116.6,154.3,0.29,COMPLETE
13160,0.6875,2026-04-09 16:19:50.076009,2026-04-09 16:19:56.679883,0 days 00:00:06.603874,342.0,2.0,116.8,153.2,0.01,COMPLETE
13161,0.6875,2026-04-09 16:19:56.698617,2026-04-09 16:20:04.180315,0 days 00:00:07.481698,407.0,2.0,123.9,155.5,1.08,COMPLETE
13162,0.825,2026-04-09 16:20:04.199617,2026-04-09 16:20:38.505268,0 days 00:00:34.305651,416.0,2.0,118.3,155.6,0.01,COMPLETE
13163,0.6875,2026-04-09 16:20:38.524389,2026-04-09 16:20:45.976575,0 days 00:00:07.452186,273.0,2.0,123.4,152.9,0.0,COMPLETE
13164,0.6875,2026-04-09 16:20:45.996762,2026-04-09 16:20:53.319719,0 days 00:00:07.322957,151.0,3.0,123.0,154.9,1.27,COMPLETE
13165,0.6875,2026-04-09 16:20:53.338998,2026-04-09 16:20:59.920894,0 days 00:00:06.581896,422.0,2.0,122.5,154.8,0.8300000000000001,COMPLETE
13166,0.6875,2026-04-09 16:20:59.940281,2026-04-09 16:21:07.409775,0 days 00:00:07.469494,331.0,1.0,116.7,151.8,0.5700000000000001,COMPLETE
13167,0.6875,2026-04-09 16:21:07.428409,2026-04-09 16:21:14.587382,0 days 00:00:07.158973,381.0,2.0,115.1,157.5,0.32,COMPLETE
13168,0.6875,2026-04-09 16:21:14.607038,2026-04-09 16:21:21.648396,0 days 00:00:07.041358,406.0,1.0,115.9,152.5,0.43,COMPLETE
13169,0.825,2026-04-09 16:21:21.666318,2026-04-09 16:21:56.611789,0 days 00:00:34.945471,304.0,2.0,122.6,157.5,0.16,COMPLETE
13170,0.6875,2026-04-09 16:21:56.633117,2026-04-09 16:22:03.919994,0 days 00:00:07.286877,340.0,3.0,126.6,154.2,1.5,COMPLETE
13171,0.6875,2026-04-09 16:22:03.937906,2026-04-09 16:22:11.636759,0 days 00:00:07.698853,399.0,1.0,116.7,153.8,0.24,COMPLETE
13172,0.825,2026-04-09 16:22:11.656799,2026-04-09 16:22:17.074108,0 days 00:00:05.417309,303.0,1.0,116.1,155.5,0.27,COMPLETE
13173,0.6875,2026-04-09 16:22:17.092807,2026-04-09 16:22:23.997531,0 days 00:00:06.904724,404.0,1.0,113.6,154.4,0.51,COMPLETE
13174,0.6875,2026-04-09 16:22:24.015735,2026-04-09 16:22:30.707069,0 days 00:00:06.691334,490.0,2.0,115.0,153.2,0.31,COMPLETE
13175,0.6875,2026-04-09 16:22:30.727027,2026-04-09 16:22:37.791485,0 days 00:00:07.064458,388.0,1.0,117.3,153.5,0.0,COMPLETE
13176,0.6875,2026-04-09 16:22:37.809283,2026-04-09 16:22:44.802133,0 days 00:00:06.992850,381.0,1.0,121.8,154.9,0.45,COMPLETE
13177,0.6875,2026-04-09 16:22:44.821539,2026-04-09 16:22:52.359800,0 days 00:00:07.538261,433.0,2.0,113.1,153.7,0.25,COMPLETE
13178,0.6875,2026-04-09 16:22:52.378437,2026-04-09 16:22:59.322224,0 days 00:00:06.943787,339.0,1.0,114.5,154.4,0.0,COMPLETE
13179,0.6875,2026-04-09 16:22:59.342501,2026-04-09 16:23:06.057682,0 days 00:00:06.715181,416.0,1.0,113.2,154.5,0.88,COMPLETE
13180,0.825,2026-04-09 16:23:06.076343,2026-04-09 16:23:40.529057,0 days 00:00:34.452714,400.0,1.0,118.1,156.4,0.28,COMPLETE
13181,0.825,2026-04-09 16:23:40.551449,2026-04-09 16:24:14.855516,0 days 00:00:34.304067,272.0,2.0,120.2,155.5,0.03,COMPLETE
13182,0.825,2026-04-09 16:24:14.875889,2026-04-09 16:24:49.155842,0 days 00:00:34.279953,301.0,2.0,118.8,153.0,0.01,COMPLETE
13183,0.825,2026-04-09 16:24:49.174094,2026-04-09 16:25:22.917750,0 days 00:00:33.743656,419.0,2.0,118.7,153.6,0.24,COMPLETE
13184,0.6875,2026-04-09 16:25:22.938208,2026-04-09 16:25:31.052261,0 days 00:00:08.114053,162.0,2.0,126.9,155.7,0.39,COMPLETE
13185,0.825,2026-04-09 16:25:31.070915,2026-04-09 16:25:39.106283,0 days 00:00:08.035368,464.0,1.0,116.9,154.5,0.17,COMPLETE
13186,0.825,2026-04-09 16:25:39.126579,2026-04-09 16:26:13.600603,0 days 00:00:34.474024,471.0,1.0,123.5,152.8,0.27,COMPLETE
13187,0.6875,2026-04-09 16:26:13.618968,2026-04-09 16:26:21.106992,0 days 00:00:07.488024,261.0,2.0,121.1,157.6,0.27,COMPLETE
13188,0.6875,2026-04-09 16:26:21.127704,2026-04-09 16:26:28.584463,0 days 00:00:07.456759,375.0,2.0,123.5,149.8,1.23,COMPLETE
13189,0.825,2026-04-09 16:26:28.602697,2026-04-09 16:27:04.260488,0 days 00:00:35.657791,440.0,1.0,117.0,156.0,0.01,COMPLETE
13190,0.6875,2026-04-09 16:27:04.279955,2026-04-09 16:27:10.899898,0 days 00:00:06.619943,412.0,1.0,117.7,157.7,0.0,COMPLETE
13191,0.6875,2026-04-09 16:27:10.920405,2026-04-09 16:27:17.956913,0 days 00:00:07.036508,434.0,3.0,113.2,153.8,0.2,COMPLETE
13192,0.6875,2026-04-09 16:27:17.975368,2026-04-09 16:27:24.783713,0 days 00:00:06.808345,462.0,2.0,114.4,158.2,0.0,COMPLETE
13193,0.6875,2026-04-09 16:27:24.802824,2026-04-09 16:27:31.597554,0 days 00:00:06.794730,337.0,3.0,113.2,158.6,0.42,COMPLETE
13194,0.6875,2026-04-09 16:27:31.617203,2026-04-09 16:27:38.343703,0 days 00:00:06.726500,392.0,1.0,115.3,156.5,0.21,COMPLETE
13195,0.6875,2026-04-09 16:27:38.363954,2026-04-09 16:27:45.737862,0 days 00:00:07.373908,234.0,2.0,121.9,153.7,0.33,COMPLETE
13196,0.825,2026-04-09 16:27:45.757424,2026-04-09 16:28:19.814689,0 days 00:00:34.057265,464.0,1.0,122.6,155.7,0.31,COMPLETE
13197,0.825,2026-04-09 16:28:19.835484,2026-04-09 16:28:53.861567,0 days 00:00:34.026083,404.0,2.0,123.4,155.2,0.2,COMPLETE
13198,0.825,2026-04-09 16:28:53.882139,2026-04-09 16:29:28.185985,0 days 00:00:34.303846,444.0,1.0,117.8,155.7,0.19,COMPLETE
13199,0.6875,2026-04-09 16:29:28.203785,2026-04-09 16:29:35.570102,0 days 00:00:07.366317,492.0,2.0,125.3,152.2,1.01,COMPLETE
13200,0.6875,2026-04-09 16:29:35.589903,2026-04-09 16:29:43.251118,0 days 00:00:07.661215,397.0,1.0,115.9,151.4,0.0,COMPLETE
13201,0.6875,2026-04-09 16:29:43.270319,2026-04-09 16:29:50.921488,0 days 00:00:07.651169,391.0,1.0,124.6,158.1,0.31,COMPLETE
13202,0.6875,2026-04-09 16:29:50.941437,2026-04-09 16:29:57.951650,0 days 00:00:07.010213,432.0,1.0,121.6,153.1,0.49,COMPLETE
13203,0.6875,2026-04-09 16:29:57.971203,2026-04-09 16:30:04.938707,0 days 00:00:06.967504,333.0,2.0,121.0,155.9,0.27,COMPLETE
13204,0.6875,2026-04-09 16:30:04.960329,2026-04-09 16:30:11.910062,0 days 00:00:06.949733,460.0,2.0,115.5,155.9,0.23,COMPLETE
13205,0.6875,2026-04-09 16:30:11.928046,2026-04-09 16:30:19.273068,0 days 00:00:07.345022,151.0,2.0,118.0,157.8,0.37,COMPLETE
