number,value,datetime_start,datetime_complete,duration,params_voltage,params_width,params_x,params_y,params_z,state
7306,0.825,2026-04-06 22:04:05.978578,2026-04-06 22:04:40.245835,0 days 00:00:34.267257,443.0,2.0,121.8,155.2,0.54,COMPLETE
7307,0.671875,2026-04-06 22:04:40.262912,2026-04-06 22:04:47.300697,0 days 00:00:07.037785,408.0,1.0,117.0,156.3,0.23,COMPLETE
7308,0.825,2026-04-06 22:04:47.316285,2026-04-06 22:05:21.226501,0 days 00:00:33.910216,386.0,1.0,118.7,156.4,0.23,COMPLETE
7309,0.6875,2026-04-06 22:05:21.243646,2026-04-06 22:05:27.927976,0 days 00:00:06.684330,458.0,1.0,117.1,158.3,0.04,COMPLETE
7310,0.825,2026-04-06 22:05:27.942944,2026-04-06 22:06:02.405075,0 days 00:00:34.462131,440.0,2.0,122.6,155.0,0.0,COMPLETE
7311,0.6875,2026-04-06 22:06:02.417087,2026-04-06 22:06:09.555557,0 days 00:00:07.138470,434.0,1.0,117.9,154.1,0.28,COMPLETE
7312,0.6875,2026-04-06 22:06:09.572527,2026-04-06 22:06:16.364578,0 days 00:00:06.792051,444.0,1.0,114.4,153.4,0.33,COMPLETE
7313,0.825,2026-04-06 22:06:16.379270,2026-04-06 22:06:50.528529,0 days 00:00:34.149259,500.0,1.0,118.8,154.9,0.61,COMPLETE
7314,0.6875,2026-04-06 22:06:50.545801,2026-04-06 22:06:57.391967,0 days 00:00:06.846166,456.0,1.0,117.1,156.2,0.66,COMPLETE
7315,0.6875,2026-04-06 22:06:57.408890,2026-04-06 22:07:04.182295,0 days 00:00:06.773405,347.0,2.0,116.8,155.3,0.02,COMPLETE
7316,0.6875,2026-04-06 22:07:04.196110,2026-04-06 22:07:10.968369,0 days 00:00:06.772259,450.0,2.0,119.2,153.8,0.71,COMPLETE
7317,0.6875,2026-04-06 22:07:10.984626,2026-04-06 22:07:18.124604,0 days 00:00:07.139978,250.0,2.0,123.7,153.0,0.41000000000000003,COMPLETE
7318,0.6875,2026-04-06 22:07:18.141596,2026-04-06 22:07:25.246565,0 days 00:00:07.104969,298.0,1.0,118.6,157.1,0.71,COMPLETE
7319,0.825,2026-04-06 22:07:25.263243,2026-04-06 22:07:59.404000,0 days 00:00:34.140757,498.0,2.0,120.9,155.5,0.25,COMPLETE
7320,0.6875,2026-04-06 22:07:59.421292,2026-04-06 22:08:06.518496,0 days 00:00:07.097204,391.0,2.0,116.7,153.7,0.33,COMPLETE
7321,0.6875,2026-04-06 22:08:06.535036,2026-04-06 22:08:13.132629,0 days 00:00:06.597593,451.0,1.0,114.7,154.7,0.23,COMPLETE
7322,0.6875,2026-04-06 22:08:13.149141,2026-04-06 22:08:20.506642,0 days 00:00:07.357501,253.0,2.0,122.3,153.6,0.28,COMPLETE
7323,0.825,2026-04-06 22:08:20.523200,2026-04-06 22:08:54.693787,0 days 00:00:34.170587,309.0,3.0,119.7,156.3,0.07,COMPLETE
7324,0.6875,2026-04-06 22:08:54.711741,2026-04-06 22:09:01.428370,0 days 00:00:06.716629,439.0,1.0,121.7,153.9,0.51,COMPLETE
7325,0.6875,2026-04-06 22:09:01.442017,2026-04-06 22:09:08.430467,0 days 00:00:06.988450,421.0,1.0,115.0,153.3,0.58,COMPLETE
7326,0.6875,2026-04-06 22:09:08.447594,2026-04-06 22:09:15.130260,0 days 00:00:06.682666,362.0,2.0,114.2,153.7,0.01,COMPLETE
7327,0.825,2026-04-06 22:09:15.144424,2026-04-06 22:09:49.487276,0 days 00:00:34.342852,439.0,1.0,119.2,154.9,0.26,COMPLETE
7328,0.6875,2026-04-06 22:09:49.504161,2026-04-06 22:09:56.583365,0 days 00:00:07.079204,450.0,1.0,113.4,153.3,0.61,COMPLETE
7329,0.6875,2026-04-06 22:09:56.598015,2026-04-06 22:10:03.420960,0 days 00:00:06.822945,386.0,3.0,116.6,152.4,0.19,COMPLETE
7330,0.6875,2026-04-06 22:10:03.438057,2026-04-06 22:10:09.944031,0 days 00:00:06.505974,442.0,1.0,116.0,153.6,0.0,COMPLETE
7331,0.6875,2026-04-06 22:10:09.958982,2026-04-06 22:10:16.614407,0 days 00:00:06.655425,407.0,1.0,115.6,155.1,0.54,COMPLETE
7332,0.6875,2026-04-06 22:10:16.626949,2026-04-06 22:10:23.989425,0 days 00:00:07.362476,392.0,1.0,123.6,155.0,0.29,COMPLETE
7333,0.6875,2026-04-06 22:10:24.005893,2026-04-06 22:10:31.429818,0 days 00:00:07.423925,467.0,1.0,115.6,154.6,0.48,COMPLETE
7334,0.825,2026-04-06 22:10:31.445703,2026-04-06 22:11:05.502663,0 days 00:00:34.056960,421.0,1.0,117.7,154.7,0.0,COMPLETE
7335,0.6875,2026-04-06 22:11:05.519902,2026-04-06 22:11:12.415931,0 days 00:00:06.896029,362.0,1.0,115.1,156.7,0.34,COMPLETE
7336,0.6875,2026-04-06 22:11:12.430380,2026-04-06 22:11:19.002845,0 days 00:00:06.572465,463.0,1.0,116.5,156.2,0.32,COMPLETE
7337,0.825,2026-04-06 22:11:19.020370,2026-04-06 22:11:53.387591,0 days 00:00:34.367221,406.0,1.0,121.9,155.7,0.03,COMPLETE
7338,0.6875,2026-04-06 22:11:53.404460,2026-04-06 22:12:00.580871,0 days 00:00:07.176411,365.0,1.0,115.2,153.3,0.19,COMPLETE
7339,0.825,2026-04-06 22:12:00.597660,2026-04-06 22:12:14.590007,0 days 00:00:13.992347,411.0,1.0,122.4,153.8,0.46,COMPLETE
7340,0.6875,2026-04-06 22:12:14.606888,2026-04-06 22:12:21.818310,0 days 00:00:07.211422,491.0,2.0,115.8,154.5,0.02,COMPLETE
7341,0.825,2026-04-06 22:12:21.833224,2026-04-06 22:12:56.123508,0 days 00:00:34.290284,370.0,1.0,117.9,155.2,0.21,COMPLETE
7342,0.6875,2026-04-06 22:12:56.140447,2026-04-06 22:13:02.685484,0 days 00:00:06.545037,406.0,2.0,116.9,154.3,0.0,COMPLETE
7343,0.825,2026-04-06 22:13:02.699956,2026-04-06 22:13:37.069533,0 days 00:00:34.369577,360.0,2.0,122.8,156.9,0.37,COMPLETE
7344,0.6875,2026-04-06 22:13:37.084059,2026-04-06 22:13:44.724470,0 days 00:00:07.640411,401.0,1.0,114.6,153.6,0.19,COMPLETE
7345,0.825,2026-04-06 22:13:44.740630,2026-04-06 22:14:18.801954,0 days 00:00:34.061324,429.0,2.0,117.6,152.5,0.31,COMPLETE
7346,0.6875,2026-04-06 22:14:18.819816,2026-04-06 22:14:25.256292,0 days 00:00:06.436476,453.0,1.0,117.3,152.7,0.41000000000000003,COMPLETE
7347,0.6875,2026-04-06 22:14:25.272610,2026-04-06 22:14:32.162621,0 days 00:00:06.890011,483.0,1.0,116.7,158.1,0.0,COMPLETE
7348,0.825,2026-04-06 22:14:32.180024,2026-04-06 22:15:06.174039,0 days 00:00:33.994015,467.0,1.0,118.5,156.0,0.26,COMPLETE
7349,0.6875,2026-04-06 22:15:06.187095,2026-04-06 22:15:13.179786,0 days 00:00:06.992691,405.0,1.0,116.3,152.5,0.25,COMPLETE
7350,0.6875,2026-04-06 22:15:13.194254,2026-04-06 22:15:19.756007,0 days 00:00:06.561753,464.0,1.0,115.0,154.1,0.0,COMPLETE
7351,0.6875,2026-04-06 22:15:19.769793,2026-04-06 22:15:27.235269,0 days 00:00:07.465476,212.0,2.0,121.4,154.8,0.27,COMPLETE
7352,0.825,2026-04-06 22:15:27.250370,2026-04-06 22:16:01.451832,0 days 00:00:34.201462,386.0,1.0,119.6,156.8,0.5700000000000001,COMPLETE
7353,0.6875,2026-04-06 22:16:01.468483,2026-04-06 22:16:08.412496,0 days 00:00:06.944013,367.0,1.0,118.3,153.7,0.35000000000000003,COMPLETE
7354,0.6875,2026-04-06 22:16:08.429723,2026-04-06 22:16:15.248115,0 days 00:00:06.818392,496.0,1.0,114.5,155.0,0.16,COMPLETE
7355,0.6875,2026-04-06 22:16:15.264908,2026-04-06 22:16:22.344170,0 days 00:00:07.079262,322.0,1.0,115.0,152.1,0.01,COMPLETE
7356,0.6875,2026-04-06 22:16:22.358391,2026-04-06 22:16:29.149858,0 days 00:00:06.791467,413.0,1.0,116.9,155.0,0.26,COMPLETE
7357,0.6875,2026-04-06 22:16:29.167560,2026-04-06 22:16:35.911256,0 days 00:00:06.743696,379.0,1.0,115.0,157.6,0.62,COMPLETE
7358,0.6875,2026-04-06 22:16:35.924896,2026-04-06 22:16:42.770639,0 days 00:00:06.845743,481.0,1.0,115.1,152.3,0.0,COMPLETE
7359,0.6875,2026-04-06 22:16:42.788851,2026-04-06 22:16:50.362075,0 days 00:00:07.573224,467.0,2.0,123.3,154.3,0.36,COMPLETE
7360,0.6875,2026-04-06 22:16:50.377107,2026-04-06 22:16:57.771690,0 days 00:00:07.394583,397.0,1.0,116.9,155.1,0.51,COMPLETE
7361,0.6875,2026-04-06 22:16:57.788460,2026-04-06 22:17:04.730631,0 days 00:00:06.942171,442.0,2.0,120.6,157.7,0.16,COMPLETE
7362,0.6875,2026-04-06 22:17:04.747066,2026-04-06 22:17:11.504121,0 days 00:00:06.757055,310.0,2.0,118.9,157.9,0.41000000000000003,COMPLETE
7363,0.6875,2026-04-06 22:17:11.521708,2026-04-06 22:17:18.366801,0 days 00:00:06.845093,397.0,1.0,115.9,155.9,0.24,COMPLETE
7364,0.6875,2026-04-06 22:17:18.383202,2026-04-06 22:17:24.934891,0 days 00:00:06.551689,400.0,1.0,115.6,154.2,0.25,COMPLETE
7365,0.6875,2026-04-06 22:17:24.951900,2026-04-06 22:17:31.691777,0 days 00:00:06.739877,418.0,1.0,115.2,158.0,0.32,COMPLETE
7366,0.6875,2026-04-06 22:17:31.708755,2026-04-06 22:17:39.256004,0 days 00:00:07.547249,306.0,2.0,123.2,153.5,0.2,COMPLETE
7367,0.6875,2026-04-06 22:17:39.270559,2026-04-06 22:17:46.430759,0 days 00:00:07.160200,353.0,1.0,115.4,153.2,0.0,COMPLETE
7368,0.825,2026-04-06 22:17:46.448335,2026-04-06 22:18:20.464421,0 days 00:00:34.016086,398.0,1.0,118.9,153.7,0.16,COMPLETE
7369,0.825,2026-04-06 22:18:20.481879,2026-04-06 22:18:38.021457,0 days 00:00:17.539578,280.0,2.0,126.4,153.7,0.07,COMPLETE
7370,0.6875,2026-04-06 22:18:38.038701,2026-04-06 22:18:45.309181,0 days 00:00:07.270480,495.0,2.0,118.6,153.3,0.35000000000000003,COMPLETE
7371,0.825,2026-04-06 22:18:45.322193,2026-04-06 22:18:52.538025,0 days 00:00:07.215832,359.0,2.0,117.7,152.7,0.0,COMPLETE
7372,0.6875,2026-04-06 22:18:52.556200,2026-04-06 22:18:59.818216,0 days 00:00:07.262016,250.0,2.0,123.7,153.7,0.0,COMPLETE
7373,0.825,2026-04-06 22:18:59.834611,2026-04-06 22:19:34.201480,0 days 00:00:34.366869,483.0,1.0,117.5,156.3,0.0,COMPLETE
7374,0.825,2026-04-06 22:19:34.215552,2026-04-06 22:19:39.384943,0 days 00:00:05.169391,493.0,2.0,118.1,153.5,0.01,COMPLETE
7375,0.825,2026-04-06 22:19:39.401504,2026-04-06 22:20:13.372382,0 days 00:00:33.970878,418.0,1.0,116.3,155.0,0.23,COMPLETE
7376,0.6875,2026-04-06 22:20:13.385261,2026-04-06 22:20:19.955477,0 days 00:00:06.570216,414.0,1.0,116.2,154.6,0.9400000000000001,COMPLETE
7377,0.6875,2026-04-06 22:20:19.971722,2026-04-06 22:20:27.128627,0 days 00:00:07.156905,468.0,1.0,123.9,154.5,0.6900000000000001,COMPLETE
7378,0.825,2026-04-06 22:20:27.142987,2026-04-06 22:21:01.744662,0 days 00:00:34.601675,395.0,1.0,118.1,155.9,0.03,COMPLETE
7379,0.671875,2026-04-06 22:21:01.759781,2026-04-06 22:21:08.747094,0 days 00:00:06.987313,352.0,1.0,120.6,153.0,0.2,COMPLETE
7380,0.6875,2026-04-06 22:21:08.763588,2026-04-06 22:21:15.864789,0 days 00:00:07.101201,442.0,2.0,115.3,155.4,0.27,COMPLETE
7381,0.6875,2026-04-06 22:21:15.879074,2026-04-06 22:21:22.462500,0 days 00:00:06.583426,394.0,2.0,115.7,156.4,0.61,COMPLETE
7382,0.6875,2026-04-06 22:21:22.479382,2026-04-06 22:21:29.488289,0 days 00:00:07.008907,393.0,1.0,118.0,151.6,0.59,COMPLETE
7383,0.6875,2026-04-06 22:21:29.503860,2026-04-06 22:21:36.229089,0 days 00:00:06.725229,411.0,1.0,114.9,153.3,0.01,COMPLETE
7384,0.6875,2026-04-06 22:21:36.244631,2026-04-06 22:21:42.984988,0 days 00:00:06.740357,364.0,1.0,115.2,155.3,0.31,COMPLETE
7385,0.825,2026-04-06 22:21:43.000858,2026-04-06 22:22:18.510187,0 days 00:00:35.509329,422.0,2.0,124.7,154.6,0.27,COMPLETE
7386,0.6875,2026-04-06 22:22:18.527292,2026-04-06 22:22:26.659898,0 days 00:00:08.132606,356.0,1.0,113.0,154.7,0.34,COMPLETE
7387,0.6875,2026-04-06 22:22:26.676964,2026-04-06 22:22:33.951240,0 days 00:00:07.274276,355.0,1.0,120.1,154.3,0.35000000000000003,COMPLETE
7388,0.6875,2026-04-06 22:22:33.965975,2026-04-06 22:22:40.745888,0 days 00:00:06.779913,462.0,2.0,116.8,155.7,0.41000000000000003,COMPLETE
7389,0.825,2026-04-06 22:22:40.763584,2026-04-06 22:23:15.128691,0 days 00:00:34.365107,389.0,1.0,122.3,156.3,0.32,COMPLETE
7390,0.6875,2026-04-06 22:23:15.146140,2026-04-06 22:23:22.143898,0 days 00:00:06.997758,289.0,2.0,124.5,155.9,0.54,COMPLETE
7391,0.6875,2026-04-06 22:23:22.158745,2026-04-06 22:23:29.418268,0 days 00:00:07.259523,414.0,1.0,118.6,152.0,0.0,COMPLETE
7392,0.6875,2026-04-06 22:23:29.435931,2026-04-06 22:23:36.441917,0 days 00:00:07.005986,415.0,2.0,114.5,156.4,0.24,COMPLETE
7393,0.6875,2026-04-06 22:23:36.456460,2026-04-06 22:23:43.579994,0 days 00:00:07.123534,456.0,2.0,121.7,153.9,0.38,COMPLETE
7394,0.6875,2026-04-06 22:23:43.597227,2026-04-06 22:23:50.849239,0 days 00:00:07.252012,405.0,2.0,113.6,152.4,0.03,COMPLETE
7395,0.6875,2026-04-06 22:23:50.863700,2026-04-06 22:23:57.959459,0 days 00:00:07.095759,327.0,1.0,117.7,153.6,0.2,COMPLETE
7396,0.6875,2026-04-06 22:23:57.976497,2026-04-06 22:24:04.850551,0 days 00:00:06.874054,376.0,2.0,114.3,155.5,0.26,COMPLETE
7397,0.6875,2026-04-06 22:24:04.864805,2026-04-06 22:24:11.658833,0 days 00:00:06.794028,415.0,1.0,117.0,156.6,0.02,COMPLETE
7398,0.6875,2026-04-06 22:24:11.675802,2026-04-06 22:24:18.340438,0 days 00:00:06.664636,396.0,1.0,117.9,154.2,0.22,COMPLETE
7399,0.825,2026-04-06 22:24:18.356871,2026-04-06 22:24:52.395361,0 days 00:00:34.038490,419.0,1.0,117.8,156.3,0.53,COMPLETE
7400,0.6875,2026-04-06 22:24:52.408317,2026-04-06 22:24:59.096919,0 days 00:00:06.688602,500.0,2.0,114.7,156.9,0.28,COMPLETE
7401,0.825,2026-04-06 22:24:59.113961,2026-04-06 22:25:33.094646,0 days 00:00:33.980685,446.0,1.0,116.6,155.2,0.0,COMPLETE
7402,0.6875,2026-04-06 22:25:33.112225,2026-04-06 22:25:39.799516,0 days 00:00:06.687291,454.0,1.0,118.2,153.8,0.51,COMPLETE
7403,0.6875,2026-04-06 22:25:39.817128,2026-04-06 22:25:46.567193,0 days 00:00:06.750065,409.0,1.0,115.9,157.0,0.46,COMPLETE
7404,0.6875,2026-04-06 22:25:46.581500,2026-04-06 22:25:53.860847,0 days 00:00:07.279347,432.0,2.0,124.5,156.0,0.67,COMPLETE
7405,0.825,2026-04-06 22:25:53.877502,2026-04-06 22:26:28.413762,0 days 00:00:34.536260,421.0,1.0,116.4,155.4,0.0,COMPLETE
7406,0.6875,2026-04-06 22:26:28.430671,2026-04-06 22:26:35.054431,0 days 00:00:06.623760,423.0,1.0,114.9,156.0,0.46,COMPLETE
7407,0.6875,2026-04-06 22:26:35.069105,2026-04-06 22:26:41.428591,0 days 00:00:06.359486,447.0,1.0,114.8,155.6,0.29,COMPLETE
7408,0.0,2026-04-06 22:26:41.445415,2026-04-06 22:26:48.730566,0 days 00:00:07.285151,499.0,2.0,123.3,155.1,0.61,COMPLETE
7409,0.825,2026-04-06 22:26:48.745454,2026-04-06 22:27:22.944645,0 days 00:00:34.199191,452.0,1.0,125.0,153.5,0.04,COMPLETE
7410,0.825,2026-04-06 22:27:22.959591,2026-04-06 22:27:57.719463,0 days 00:00:34.759872,395.0,2.0,121.7,153.3,0.02,COMPLETE
7411,0.6875,2026-04-06 22:27:57.736039,2026-04-06 22:28:05.653414,0 days 00:00:07.917375,158.0,1.0,125.1,158.1,1.26,COMPLETE
7412,0.825,2026-04-06 22:28:05.667986,2026-04-06 22:28:39.724763,0 days 00:00:34.056777,433.0,2.0,124.4,153.2,0.21,COMPLETE
7413,0.6875,2026-04-06 22:28:39.741794,2026-04-06 22:28:46.950843,0 days 00:00:07.209049,267.0,2.0,121.2,154.7,0.3,COMPLETE
7414,0.825,2026-04-06 22:28:46.967795,2026-04-06 22:29:20.948877,0 days 00:00:33.981082,359.0,1.0,118.6,156.7,0.35000000000000003,COMPLETE
7415,0.825,2026-04-06 22:29:20.963190,2026-04-06 22:29:54.978659,0 days 00:00:34.015469,332.0,2.0,118.9,155.2,0.35000000000000003,COMPLETE
7416,0.6875,2026-04-06 22:29:54.995564,2026-04-06 22:30:02.093079,0 days 00:00:07.097515,367.0,1.0,113.2,152.9,0.38,COMPLETE
7417,0.6875,2026-04-06 22:30:02.108724,2026-04-06 22:30:08.673709,0 days 00:00:06.564985,425.0,1.0,115.3,152.3,0.25,COMPLETE
7418,0.6875,2026-04-06 22:30:08.691802,2026-04-06 22:30:15.316709,0 days 00:00:06.624907,421.0,2.0,117.1,154.2,0.34,COMPLETE
7419,0.6875,2026-04-06 22:30:15.334343,2026-04-06 22:30:21.850275,0 days 00:00:06.515932,500.0,1.0,115.9,155.3,0.5700000000000001,COMPLETE
7420,0.6875,2026-04-06 22:30:21.868855,2026-04-06 22:30:28.774550,0 days 00:00:06.905695,449.0,1.0,121.2,154.4,0.0,COMPLETE
7421,0.825,2026-04-06 22:30:28.791599,2026-04-06 22:31:03.073262,0 days 00:00:34.281663,385.0,2.0,117.9,156.7,0.29,COMPLETE
7422,0.6875,2026-04-06 22:31:03.087479,2026-04-06 22:31:09.796214,0 days 00:00:06.708735,463.0,1.0,117.4,153.4,0.19,COMPLETE
7423,0.6875,2026-04-06 22:31:09.812947,2026-04-06 22:31:16.675226,0 days 00:00:06.862279,384.0,1.0,115.5,154.0,0.48,COMPLETE
7424,0.825,2026-04-06 22:31:16.692209,2026-04-06 22:31:51.241263,0 days 00:00:34.549054,468.0,1.0,121.9,155.6,0.35000000000000003,COMPLETE
7425,0.6875,2026-04-06 22:31:51.258140,2026-04-06 22:31:58.476866,0 days 00:00:07.218726,408.0,1.0,114.6,156.8,0.24,COMPLETE
7426,0.6875,2026-04-06 22:31:58.493858,2026-04-06 22:32:06.004259,0 days 00:00:07.510401,353.0,2.0,123.8,152.7,0.4,COMPLETE
7427,0.825,2026-04-06 22:32:06.019464,2026-04-06 22:32:40.354971,0 days 00:00:34.335507,400.0,1.0,118.9,154.9,0.02,COMPLETE
7428,0.6875,2026-04-06 22:32:40.372480,2026-04-06 22:32:47.350112,0 days 00:00:06.977632,445.0,2.0,115.7,154.1,0.0,COMPLETE
7429,0.6875,2026-04-06 22:32:47.363647,2026-04-06 22:32:54.681197,0 days 00:00:07.317550,433.0,1.0,122.9,151.9,0.31,COMPLETE
7430,0.671875,2026-04-06 22:32:54.698439,2026-04-06 22:33:01.893589,0 days 00:00:07.195150,473.0,2.0,115.6,152.2,0.02,COMPLETE
7431,0.6875,2026-04-06 22:33:01.910442,2026-04-06 22:33:08.793846,0 days 00:00:06.883404,443.0,1.0,115.6,155.9,0.22,COMPLETE
7432,0.6875,2026-04-06 22:33:08.808201,2026-04-06 22:33:15.475386,0 days 00:00:06.667185,456.0,1.0,113.8,156.4,0.0,COMPLETE
7433,0.6875,2026-04-06 22:33:15.491914,2026-04-06 22:33:22.420885,0 days 00:00:06.928971,345.0,1.0,114.4,154.3,0.63,COMPLETE
7434,0.825,2026-04-06 22:33:22.435444,2026-04-06 22:33:56.645300,0 days 00:00:34.209856,430.0,1.0,118.2,152.5,0.0,COMPLETE
7435,0.825,2026-04-06 22:33:56.662143,2026-04-06 22:34:30.940216,0 days 00:00:34.278073,381.0,1.0,121.0,156.2,0.32,COMPLETE
7436,0.825,2026-04-06 22:34:30.956519,2026-04-06 22:34:36.435927,0 days 00:00:05.479408,452.0,1.0,115.4,153.8,0.49,COMPLETE
7437,0.825,2026-04-06 22:34:36.452652,2026-04-06 22:35:10.895209,0 days 00:00:34.442557,410.0,1.0,121.5,156.1,0.72,COMPLETE
7438,0.6875,2026-04-06 22:35:10.912348,2026-04-06 22:35:18.396742,0 days 00:00:07.484394,352.0,1.0,115.7,152.5,0.34,COMPLETE
7439,0.6875,2026-04-06 22:35:18.410391,2026-04-06 22:35:25.135340,0 days 00:00:06.724949,426.0,1.0,114.0,152.7,0.35000000000000003,COMPLETE
7440,0.6875,2026-04-06 22:35:25.152207,2026-04-06 22:35:31.864702,0 days 00:00:06.712495,409.0,1.0,114.0,154.8,0.02,COMPLETE
7441,0.6875,2026-04-06 22:35:31.878374,2026-04-06 22:35:39.256641,0 days 00:00:07.378267,450.0,2.0,122.7,154.2,0.61,COMPLETE
7442,0.825,2026-04-06 22:35:39.273945,2026-04-06 22:36:13.343822,0 days 00:00:34.069877,283.0,2.0,122.8,154.8,0.0,COMPLETE
7443,0.825,2026-04-06 22:36:13.360812,2026-04-06 22:36:47.644340,0 days 00:00:34.283528,240.0,2.0,121.5,156.9,0.02,COMPLETE
7444,0.6875,2026-04-06 22:36:47.658410,2026-04-06 22:36:54.804362,0 days 00:00:07.145952,471.0,1.0,115.4,153.6,0.35000000000000003,COMPLETE
7445,0.6875,2026-04-06 22:36:54.817455,2026-04-06 22:37:01.552498,0 days 00:00:06.735043,396.0,1.0,117.0,153.9,0.54,COMPLETE
7446,0.6875,2026-04-06 22:37:01.567273,2026-04-06 22:37:08.407628,0 days 00:00:06.840355,498.0,2.0,117.7,158.7,0.01,COMPLETE
7447,0.6875,2026-04-06 22:37:08.424490,2026-04-06 22:37:15.469101,0 days 00:00:07.044611,347.0,1.0,116.4,156.2,0.29,COMPLETE
7448,0.6875,2026-04-06 22:37:15.484016,2026-04-06 22:37:22.339986,0 days 00:00:06.855970,394.0,1.0,114.9,153.7,0.0,COMPLETE
7449,0.6875,2026-04-06 22:37:22.356706,2026-04-06 22:37:29.858375,0 days 00:00:07.501669,387.0,2.0,123.9,154.3,0.79,COMPLETE
7450,0.6875,2026-04-06 22:37:29.875819,2026-04-06 22:37:37.220040,0 days 00:00:07.344221,344.0,2.0,114.9,152.4,0.05,COMPLETE
7451,0.6875,2026-04-06 22:37:37.235621,2026-04-06 22:37:43.958784,0 days 00:00:06.723163,469.0,1.0,117.6,154.0,0.0,COMPLETE
7452,0.6875,2026-04-06 22:37:43.976825,2026-04-06 22:37:51.003912,0 days 00:00:07.027087,405.0,1.0,122.3,155.3,0.5700000000000001,COMPLETE
7453,0.6875,2026-04-06 22:37:51.018092,2026-04-06 22:37:58.106381,0 days 00:00:07.088289,447.0,2.0,115.3,156.0,0.03,COMPLETE
7454,0.6875,2026-04-06 22:37:58.124249,2026-04-06 22:38:04.941537,0 days 00:00:06.817288,407.0,1.0,113.0,153.9,0.59,COMPLETE
7455,0.6875,2026-04-06 22:38:04.956172,2026-04-06 22:38:11.773235,0 days 00:00:06.817063,355.0,1.0,116.6,153.3,0.0,COMPLETE
7456,0.6875,2026-04-06 22:38:11.788159,2026-04-06 22:38:18.404696,0 days 00:00:06.616537,403.0,1.0,117.1,155.1,0.02,COMPLETE
7457,0.825,2026-04-06 22:38:18.420961,2026-04-06 22:38:52.585261,0 days 00:00:34.164300,443.0,1.0,119.9,156.9,0.37,COMPLETE
7458,0.6875,2026-04-06 22:38:52.602670,2026-04-06 22:38:59.500055,0 days 00:00:06.897385,389.0,1.0,116.6,153.5,0.39,COMPLETE
7459,0.6875,2026-04-06 22:38:59.514085,2026-04-06 22:39:06.673530,0 days 00:00:07.159445,448.0,2.0,123.7,155.2,0.97,COMPLETE
7460,0.825,2026-04-06 22:39:06.690331,2026-04-06 22:39:41.949842,0 days 00:00:35.259511,407.0,1.0,116.0,156.9,0.02,COMPLETE
7461,0.6875,2026-04-06 22:39:41.966677,2026-04-06 22:39:48.801302,0 days 00:00:06.834625,436.0,1.0,117.1,152.4,0.26,COMPLETE
7462,0.6875,2026-04-06 22:39:48.816464,2026-04-06 22:39:56.120968,0 days 00:00:07.304504,267.0,2.0,122.4,156.8,0.87,COMPLETE
7463,0.6875,2026-04-06 22:39:56.137713,2026-04-06 22:40:02.723601,0 days 00:00:06.585888,260.0,3.0,124.3,155.8,0.24,COMPLETE
7464,0.6875,2026-04-06 22:40:02.737743,2026-04-06 22:40:09.732193,0 days 00:00:06.994450,252.0,2.0,118.5,158.9,0.11,COMPLETE
7465,0.6875,2026-04-06 22:40:09.749787,2026-04-06 22:40:16.531399,0 days 00:00:06.781612,333.0,1.0,116.6,154.8,0.21,COMPLETE
7466,0.6875,2026-04-06 22:40:16.548726,2026-04-06 22:40:23.268507,0 days 00:00:06.719781,381.0,1.0,115.7,150.4,0.25,COMPLETE
7467,0.6875,2026-04-06 22:40:23.284862,2026-04-06 22:40:30.074449,0 days 00:00:06.789587,389.0,1.0,114.7,155.0,0.29,COMPLETE
7468,0.6875,2026-04-06 22:40:30.092044,2026-04-06 22:40:36.703672,0 days 00:00:06.611628,426.0,1.0,117.2,153.2,0.23,COMPLETE
7469,0.6875,2026-04-06 22:40:36.721324,2026-04-06 22:40:43.267612,0 days 00:00:06.546288,452.0,1.0,116.5,155.2,0.29,COMPLETE
7470,0.6875,2026-04-06 22:40:43.284682,2026-04-06 22:40:50.001094,0 days 00:00:06.716412,417.0,1.0,115.6,151.3,0.77,COMPLETE
7471,0.6875,2026-04-06 22:40:50.018161,2026-04-06 22:40:56.585721,0 days 00:00:06.567560,387.0,2.0,115.4,153.2,0.02,COMPLETE
7472,0.6875,2026-04-06 22:40:56.602077,2026-04-06 22:41:03.536213,0 days 00:00:06.934136,251.0,3.0,117.5,153.4,0.0,COMPLETE
7473,0.6875,2026-04-06 22:41:03.551392,2026-04-06 22:41:10.550216,0 days 00:00:06.998824,245.0,2.0,122.3,155.9,0.31,COMPLETE
7474,0.6875,2026-04-06 22:41:10.566983,2026-04-06 22:41:17.762037,0 days 00:00:07.195054,320.0,1.0,116.0,151.2,0.66,COMPLETE
7475,0.6875,2026-04-06 22:41:17.781864,2026-04-06 22:41:24.773341,0 days 00:00:06.991477,433.0,1.0,115.6,157.7,0.26,COMPLETE
7476,0.6875,2026-04-06 22:41:24.790249,2026-04-06 22:41:32.070320,0 days 00:00:07.280071,371.0,1.0,121.6,152.4,0.54,COMPLETE
7477,0.825,2026-04-06 22:41:32.085395,2026-04-06 22:42:06.362940,0 days 00:00:34.277545,472.0,2.0,119.7,156.1,0.04,COMPLETE
7478,0.671875,2026-04-06 22:42:06.380293,2026-04-06 22:42:13.037771,0 days 00:00:06.657478,497.0,2.0,121.9,155.4,0.46,COMPLETE
