number,value,datetime_start,datetime_complete,duration,params_voltage,params_width,params_x,params_y,params_z,state
1044,0.6875,2026-04-04 21:10:37.373658,2026-04-04 21:10:44.020875,0 days 00:00:06.647217,259.0,2.0,126.9,156.4,0.11,COMPLETE
1045,0.6875,2026-04-04 21:10:44.033152,2026-04-04 21:10:50.853983,0 days 00:00:06.820831,245.0,2.0,122.3,154.6,0.71,COMPLETE
1046,0.6875,2026-04-04 21:10:50.862763,2026-04-04 21:10:57.448730,0 days 00:00:06.585967,259.0,1.0,122.6,154.0,0.07,COMPLETE
1047,0.6875,2026-04-04 21:10:57.460571,2026-04-04 21:11:04.534484,0 days 00:00:07.073913,314.0,1.0,126.5,159.1,0.11,COMPLETE
1048,0.6875,2026-04-04 21:11:04.549873,2026-04-04 21:11:12.334339,0 days 00:00:07.784466,172.0,3.0,126.8,151.2,0.84,COMPLETE
1049,0.6875,2026-04-04 21:11:12.346593,2026-04-04 21:11:19.030426,0 days 00:00:06.683833,272.0,2.0,123.1,151.0,0.42,COMPLETE
1050,0.6875,2026-04-04 21:11:19.042817,2026-04-04 21:11:26.543668,0 days 00:00:07.500851,343.0,3.0,127.0,159.7,0.9500000000000001,COMPLETE
1051,0.6875,2026-04-04 21:11:26.556211,2026-04-04 21:11:33.874416,0 days 00:00:07.318205,159.0,3.0,126.4,157.1,0.09,COMPLETE
1052,0.6875,2026-04-04 21:11:33.886561,2026-04-04 21:11:41.034176,0 days 00:00:07.147615,266.0,2.0,120.0,157.7,1.35,COMPLETE
1053,0.6875,2026-04-04 21:11:41.047146,2026-04-04 21:11:47.859072,0 days 00:00:06.811926,254.0,2.0,123.9,156.9,1.49,COMPLETE
1054,0.6875,2026-04-04 21:11:47.872065,2026-04-04 21:11:55.409592,0 days 00:00:07.537527,309.0,2.0,114.5,155.8,0.29,COMPLETE
1055,0.6875,2026-04-04 21:11:55.422051,2026-04-04 21:12:02.774928,0 days 00:00:07.352877,167.0,1.0,115.3,159.7,1.94,COMPLETE
1056,0.6875,2026-04-04 21:12:02.787542,2026-04-04 21:12:10.832356,0 days 00:00:08.044814,202.0,3.0,126.4,152.9,1.8900000000000001,COMPLETE
1057,0.6875,2026-04-04 21:12:10.844441,2026-04-04 21:12:17.920913,0 days 00:00:07.076472,151.0,3.0,126.7,149.0,0.61,COMPLETE
1058,0.6875,2026-04-04 21:12:17.932850,2026-04-04 21:12:26.053314,0 days 00:00:08.120464,236.0,3.0,116.0,160.0,0.62,COMPLETE
1059,0.6875,2026-04-04 21:12:26.065485,2026-04-04 21:12:33.873094,0 days 00:00:07.807609,493.0,3.0,123.3,149.8,0.63,COMPLETE
1060,0.6875,2026-04-04 21:12:33.885267,2026-04-04 21:12:40.798003,0 days 00:00:06.912736,196.0,3.0,124.4,150.4,0.45,COMPLETE
1061,0.6875,2026-04-04 21:12:40.810524,2026-04-04 21:12:48.070916,0 days 00:00:07.260392,220.0,3.0,117.5,155.5,0.5700000000000001,COMPLETE
1062,0.6875,2026-04-04 21:12:48.083386,2026-04-04 21:12:55.114020,0 days 00:00:07.030634,397.0,1.0,123.2,152.2,1.8800000000000001,COMPLETE
1063,0.6875,2026-04-04 21:12:55.126244,2026-04-04 21:13:01.940132,0 days 00:00:06.813888,280.0,2.0,124.3,153.8,0.52,COMPLETE
1064,0.825,2026-04-04 21:13:01.951797,2026-04-04 21:13:35.873862,0 days 00:00:33.922065,487.0,3.0,120.3,154.8,0.03,COMPLETE
1065,0.6875,2026-04-04 21:13:35.886099,2026-04-04 21:13:43.624930,0 days 00:00:07.738831,249.0,2.0,127.0,154.6,1.9100000000000001,COMPLETE
1066,0.6875,2026-04-04 21:13:43.637686,2026-04-04 21:13:50.374955,0 days 00:00:06.737269,464.0,2.0,126.9,152.3,0.9500000000000001,COMPLETE
1067,0.6875,2026-04-04 21:13:50.387640,2026-04-04 21:13:57.665783,0 days 00:00:07.278143,190.0,1.0,124.5,155.8,0.61,COMPLETE
1068,0.6875,2026-04-04 21:13:57.678262,2026-04-04 21:14:04.633039,0 days 00:00:06.954777,381.0,1.0,119.4,152.8,0.52,COMPLETE
1069,0.6875,2026-04-04 21:14:04.645265,2026-04-04 21:14:11.608306,0 days 00:00:06.963041,357.0,1.0,115.9,156.4,1.3,COMPLETE
1070,0.6875,2026-04-04 21:14:11.621260,2026-04-04 21:14:18.994099,0 days 00:00:07.372839,392.0,1.0,124.0,156.9,1.7,COMPLETE
1071,0.6875,2026-04-04 21:14:19.006275,2026-04-04 21:14:26.182452,0 days 00:00:07.176177,175.0,2.0,123.0,154.6,0.01,COMPLETE
1072,0.6875,2026-04-04 21:14:26.195163,2026-04-04 21:14:32.718514,0 days 00:00:06.523351,271.0,2.0,123.8,155.3,0.49,COMPLETE
1073,0.6875,2026-04-04 21:14:32.730992,2026-04-04 21:14:39.261176,0 days 00:00:06.530184,240.0,2.0,122.0,155.3,0.46,COMPLETE
1074,0.6875,2026-04-04 21:14:39.273761,2026-04-04 21:14:46.112126,0 days 00:00:06.838365,283.0,1.0,126.7,156.6,0.0,COMPLETE
1075,0.6875,2026-04-04 21:14:46.124799,2026-04-04 21:14:53.957098,0 days 00:00:07.832299,442.0,1.0,113.2,155.0,1.45,COMPLETE
1076,0.6875,2026-04-04 21:14:53.969875,2026-04-04 21:15:01.316107,0 days 00:00:07.346232,251.0,3.0,120.0,151.8,1.0,COMPLETE
1077,0.6875,2026-04-04 21:15:01.325122,2026-04-04 21:15:08.237147,0 days 00:00:06.912025,192.0,2.0,123.5,153.9,0.37,COMPLETE
1078,0.6875,2026-04-04 21:15:08.250130,2026-04-04 21:15:15.641163,0 days 00:00:07.391033,425.0,2.0,113.9,153.5,1.7,COMPLETE
1079,0.6875,2026-04-04 21:15:15.654010,2026-04-04 21:15:22.064018,0 days 00:00:06.410008,498.0,1.0,114.7,153.5,1.36,COMPLETE
1080,0.6875,2026-04-04 21:15:22.076309,2026-04-04 21:15:29.571681,0 days 00:00:07.495372,257.0,3.0,121.6,153.1,0.73,COMPLETE
1081,0.6875,2026-04-04 21:15:29.583551,2026-04-04 21:15:36.487833,0 days 00:00:06.904282,260.0,3.0,125.8,155.3,0.19,COMPLETE
1082,0.6875,2026-04-04 21:15:36.500438,2026-04-04 21:15:43.142122,0 days 00:00:06.641684,341.0,1.0,124.2,154.7,1.44,COMPLETE
1083,0.6875,2026-04-04 21:15:43.154601,2026-04-04 21:15:50.378608,0 days 00:00:07.224007,451.0,2.0,126.7,148.0,0.23,COMPLETE
1084,0.6875,2026-04-04 21:15:50.390681,2026-04-04 21:15:58.065541,0 days 00:00:07.674860,181.0,3.0,126.9,156.4,0.44,COMPLETE
1085,0.6875,2026-04-04 21:15:58.078304,2026-04-04 21:16:05.069707,0 days 00:00:06.991403,196.0,3.0,122.4,151.9,0.48,COMPLETE
1086,0.6875,2026-04-04 21:16:05.078551,2026-04-04 21:16:11.879852,0 days 00:00:06.801301,202.0,2.0,124.2,156.4,0.35000000000000003,COMPLETE
1087,0.6875,2026-04-04 21:16:11.892114,2026-04-04 21:16:18.610475,0 days 00:00:06.718361,296.0,1.0,126.4,152.8,0.68,COMPLETE
1088,0.6875,2026-04-04 21:16:18.623083,2026-04-04 21:16:25.348047,0 days 00:00:06.724964,258.0,2.0,123.5,155.9,0.2,COMPLETE
1089,0.6875,2026-04-04 21:16:25.357134,2026-04-04 21:16:33.128874,0 days 00:00:07.771740,211.0,1.0,113.7,155.2,0.56,COMPLETE
1090,0.6875,2026-04-04 21:16:33.141638,2026-04-04 21:16:40.034596,0 days 00:00:06.892958,177.0,2.0,113.8,152.5,1.34,COMPLETE
1091,0.825,2026-04-04 21:16:40.047133,2026-04-04 21:17:14.761770,0 days 00:00:34.714637,328.0,2.0,123.3,153.6,0.1,COMPLETE
1092,0.6875,2026-04-04 21:17:14.774209,2026-04-04 21:17:21.877491,0 days 00:00:07.103282,370.0,1.0,118.7,157.6,1.22,COMPLETE
1093,0.6875,2026-04-04 21:17:21.889500,2026-04-04 21:17:29.744922,0 days 00:00:07.855422,170.0,3.0,126.8,154.5,1.3,COMPLETE
1094,0.6875,2026-04-04 21:17:29.756872,2026-04-04 21:17:37.173618,0 days 00:00:07.416746,213.0,2.0,117.7,158.4,0.8,COMPLETE
1095,0.6875,2026-04-04 21:17:37.185776,2026-04-04 21:17:44.186328,0 days 00:00:07.000552,201.0,2.0,122.0,153.5,0.92,COMPLETE
1096,0.825,2026-04-04 21:17:44.198967,2026-04-04 21:18:18.213848,0 days 00:00:34.014881,346.0,1.0,122.6,155.0,0.07,COMPLETE
1097,0.6875,2026-04-04 21:18:18.225779,2026-04-04 21:18:26.077893,0 days 00:00:07.852114,303.0,1.0,113.3,148.9,0.74,COMPLETE
1098,0.6875,2026-04-04 21:18:26.090805,2026-04-04 21:18:33.959206,0 days 00:00:07.868401,290.0,2.0,123.1,158.4,1.99,COMPLETE
1099,0.6875,2026-04-04 21:18:33.971938,2026-04-04 21:18:41.701678,0 days 00:00:07.729740,231.0,3.0,124.2,148.3,0.19,COMPLETE
1100,0.6875,2026-04-04 21:18:41.711421,2026-04-04 21:18:49.608062,0 days 00:00:07.896641,342.0,1.0,113.9,156.5,1.12,COMPLETE
1101,0.6875,2026-04-04 21:18:49.620753,2026-04-04 21:18:56.867118,0 days 00:00:07.246365,417.0,1.0,121.5,159.4,0.99,COMPLETE
1102,0.6875,2026-04-04 21:18:56.879715,2026-04-04 21:19:04.236832,0 days 00:00:07.357117,498.0,3.0,123.5,150.5,0.01,COMPLETE
1103,0.6875,2026-04-04 21:19:04.245849,2026-04-04 21:19:12.209339,0 days 00:00:07.963490,238.0,1.0,113.1,152.2,0.55,COMPLETE
1104,0.6875,2026-04-04 21:19:12.221743,2026-04-04 21:19:19.195894,0 days 00:00:06.974151,365.0,2.0,113.6,158.5,0.23,COMPLETE
1105,0.6875,2026-04-04 21:19:19.208102,2026-04-04 21:19:27.041790,0 days 00:00:07.833688,334.0,1.0,125.8,159.2,1.94,COMPLETE
1106,0.6875,2026-04-04 21:19:27.054121,2026-04-04 21:19:34.178164,0 days 00:00:07.124043,474.0,1.0,118.6,159.4,1.02,COMPLETE
1107,0.6875,2026-04-04 21:19:34.186961,2026-04-04 21:19:41.159412,0 days 00:00:06.972451,432.0,1.0,115.3,155.7,1.0,COMPLETE
1108,0.6875,2026-04-04 21:19:41.171770,2026-04-04 21:19:48.085139,0 days 00:00:06.913369,351.0,1.0,113.1,152.7,0.42,COMPLETE
1109,0.6875,2026-04-04 21:19:48.097731,2026-04-04 21:19:56.027709,0 days 00:00:07.929978,226.0,2.0,125.5,151.0,1.62,COMPLETE
1110,0.6875,2026-04-04 21:19:56.040062,2026-04-04 21:20:02.920422,0 days 00:00:06.880360,257.0,1.0,120.3,153.0,0.6900000000000001,COMPLETE
1111,0.6875,2026-04-04 21:20:02.932894,2026-04-04 21:20:09.512221,0 days 00:00:06.579327,458.0,3.0,122.8,153.3,0.5700000000000001,COMPLETE
1112,0.6875,2026-04-04 21:20:09.524774,2026-04-04 21:20:16.607329,0 days 00:00:07.082555,258.0,2.0,122.5,158.5,0.38,COMPLETE
1113,0.6875,2026-04-04 21:20:16.617337,2026-04-04 21:20:23.898355,0 days 00:00:07.281018,152.0,1.0,126.7,158.0,0.46,COMPLETE
1114,0.6875,2026-04-04 21:20:23.910740,2026-04-04 21:20:30.849373,0 days 00:00:06.938633,262.0,3.0,127.0,153.2,0.68,COMPLETE
1115,0.6875,2026-04-04 21:20:30.862531,2026-04-04 21:20:37.498959,0 days 00:00:06.636428,500.0,2.0,124.0,153.9,0.9500000000000001,COMPLETE
1116,0.6875,2026-04-04 21:20:37.508168,2026-04-04 21:20:44.538589,0 days 00:00:07.030421,408.0,3.0,123.2,149.6,0.17,COMPLETE
1117,0.6875,2026-04-04 21:20:44.552113,2026-04-04 21:20:52.140674,0 days 00:00:07.588561,165.0,3.0,124.6,152.8,0.67,COMPLETE
1118,0.6875,2026-04-04 21:20:52.153142,2026-04-04 21:20:59.159979,0 days 00:00:07.006837,222.0,2.0,118.2,150.9,1.08,COMPLETE
1119,0.6875,2026-04-04 21:20:59.169547,2026-04-04 21:21:05.715340,0 days 00:00:06.545793,344.0,2.0,120.1,150.8,0.51,COMPLETE
1120,0.6875,2026-04-04 21:21:05.727817,2026-04-04 21:21:13.244027,0 days 00:00:07.516210,280.0,3.0,125.3,157.7,0.42,COMPLETE
1121,0.825,2026-04-04 21:21:13.256309,2026-04-04 21:21:47.635460,0 days 00:00:34.379151,278.0,2.0,122.9,152.9,0.0,COMPLETE
1122,0.6875,2026-04-04 21:21:47.647590,2026-04-04 21:21:54.681248,0 days 00:00:07.033658,379.0,1.0,117.9,152.3,0.15,COMPLETE
1123,0.6875,2026-04-04 21:21:54.692601,2026-04-04 21:22:01.810293,0 days 00:00:07.117692,425.0,2.0,113.1,157.5,1.02,COMPLETE
1124,0.6875,2026-04-04 21:22:01.821097,2026-04-04 21:22:09.351456,0 days 00:00:07.530359,329.0,1.0,122.1,158.6,1.08,COMPLETE
1125,0.825,2026-04-04 21:22:09.364261,2026-04-04 21:23:05.683209,0 days 00:00:56.318948,270.0,1.0,125.5,153.6,0.01,COMPLETE
1126,0.825,2026-04-04 21:23:05.694722,2026-04-04 21:23:39.518958,0 days 00:00:33.824236,498.0,1.0,125.0,154.0,0.5700000000000001,COMPLETE
1127,0.825,2026-04-04 21:23:39.531235,2026-04-04 21:24:13.819720,0 days 00:00:34.288485,315.0,1.0,122.1,156.6,0.56,COMPLETE
1128,0.6875,2026-04-04 21:24:13.832383,2026-04-04 21:24:20.821239,0 days 00:00:06.988856,159.0,1.0,123.0,156.4,0.13,COMPLETE
1129,0.6875,2026-04-04 21:24:20.833653,2026-04-04 21:24:27.912305,0 days 00:00:07.078652,358.0,2.0,116.0,156.1,0.24,COMPLETE
1130,0.6875,2026-04-04 21:24:27.925199,2026-04-04 21:24:35.774732,0 days 00:00:07.849533,483.0,3.0,127.0,149.3,0.41000000000000003,COMPLETE
1131,0.6875,2026-04-04 21:24:35.787137,2026-04-04 21:24:44.198083,0 days 00:00:08.410946,212.0,2.0,116.5,157.3,1.36,COMPLETE
1132,0.825,2026-04-04 21:24:44.211627,2026-04-04 21:25:18.579250,0 days 00:00:34.367623,471.0,2.0,122.1,153.4,0.1,COMPLETE
1133,0.6875,2026-04-04 21:25:18.591841,2026-04-04 21:25:25.712883,0 days 00:00:07.121042,234.0,3.0,123.9,153.7,1.44,COMPLETE
1134,0.6875,2026-04-04 21:25:25.725931,2026-04-04 21:25:33.194446,0 days 00:00:07.468515,238.0,2.0,113.5,153.4,0.37,COMPLETE
1135,0.825,2026-04-04 21:25:33.207129,2026-04-04 21:25:39.148246,0 days 00:00:05.941117,259.0,2.0,123.5,155.0,0.03,COMPLETE
1136,0.6875,2026-04-04 21:25:39.160809,2026-04-04 21:25:45.985052,0 days 00:00:06.824243,356.0,2.0,125.7,151.4,1.03,COMPLETE
1137,0.6875,2026-04-04 21:25:45.997431,2026-04-04 21:25:53.054677,0 days 00:00:07.057246,186.0,1.0,126.6,154.4,0.23,COMPLETE
1138,0.6875,2026-04-04 21:25:53.066975,2026-04-04 21:25:59.903449,0 days 00:00:06.836474,454.0,1.0,125.9,150.7,1.1,COMPLETE
1139,0.6875,2026-04-04 21:25:59.915913,2026-04-04 21:26:08.342975,0 days 00:00:08.427062,159.0,2.0,117.7,159.9,0.74,COMPLETE
1140,0.6875,2026-04-04 21:26:08.355660,2026-04-04 21:26:14.848464,0 days 00:00:06.492804,249.0,2.0,118.0,159.6,1.71,COMPLETE
1141,0.6875,2026-04-04 21:26:14.861224,2026-04-04 21:26:22.231835,0 days 00:00:07.370611,178.0,3.0,118.5,152.6,1.48,COMPLETE
1142,0.6875,2026-04-04 21:26:22.240781,2026-04-04 21:26:29.802922,0 days 00:00:07.562141,192.0,3.0,127.0,159.2,0.34,COMPLETE
1143,0.6875,2026-04-04 21:26:29.815747,2026-04-04 21:26:37.756672,0 days 00:00:07.940925,452.0,1.0,113.7,154.8,1.8900000000000001,COMPLETE
1144,0.6875,2026-04-04 21:26:37.768787,2026-04-04 21:26:45.139612,0 days 00:00:07.370825,461.0,3.0,122.4,153.8,0.32,COMPLETE
1145,0.6875,2026-04-04 21:26:45.152260,2026-04-04 21:26:52.867782,0 days 00:00:07.715522,259.0,1.0,113.5,150.7,1.17,COMPLETE
1146,0.6875,2026-04-04 21:26:52.879868,2026-04-04 21:27:00.968420,0 days 00:00:08.088552,307.0,1.0,126.7,153.2,1.41,COMPLETE
1147,0.6875,2026-04-04 21:27:00.977858,2026-04-04 21:27:07.304810,0 days 00:00:06.326952,439.0,2.0,126.6,153.3,1.37,COMPLETE
1148,0.6875,2026-04-04 21:27:07.317255,2026-04-04 21:27:14.470104,0 days 00:00:07.152849,201.0,3.0,124.3,154.6,0.5,COMPLETE
1149,0.6875,2026-04-04 21:27:14.483040,2026-04-04 21:27:21.224726,0 days 00:00:06.741686,322.0,1.0,123.6,153.9,1.97,COMPLETE
1150,0.6875,2026-04-04 21:27:21.237359,2026-04-04 21:27:28.203115,0 days 00:00:06.965756,336.0,1.0,122.2,149.6,0.65,COMPLETE
1151,0.6875,2026-04-04 21:27:28.215937,2026-04-04 21:27:35.078991,0 days 00:00:06.863054,244.0,3.0,124.8,150.2,0.51,COMPLETE
1152,0.825,2026-04-04 21:27:35.091322,2026-04-04 21:28:09.340760,0 days 00:00:34.249438,402.0,1.0,121.4,152.5,0.26,COMPLETE
1153,0.6875,2026-04-04 21:28:09.352977,2026-04-04 21:28:16.374731,0 days 00:00:07.021754,251.0,1.0,124.1,155.4,0.03,COMPLETE
1154,0.825,2026-04-04 21:28:16.387196,2026-04-04 21:28:32.911987,0 days 00:00:16.524791,498.0,3.0,126.1,153.0,0.39,COMPLETE
1155,0.825,2026-04-04 21:28:32.924954,2026-04-04 21:29:07.464059,0 days 00:00:34.539105,402.0,3.0,119.9,156.2,0.33,COMPLETE
1156,0.6875,2026-04-04 21:29:07.475678,2026-04-04 21:29:14.089873,0 days 00:00:06.614195,425.0,3.0,122.6,154.9,0.78,COMPLETE
1157,0.6875,2026-04-04 21:29:14.102140,2026-04-04 21:29:21.007009,0 days 00:00:06.904869,173.0,2.0,121.2,154.8,0.7000000000000001,COMPLETE
1158,0.6875,2026-04-04 21:29:21.016514,2026-04-04 21:29:27.774632,0 days 00:00:06.758118,270.0,3.0,116.7,153.9,0.67,COMPLETE
1159,0.6875,2026-04-04 21:29:27.785755,2026-04-04 21:29:34.469353,0 days 00:00:06.683598,287.0,3.0,117.7,157.5,1.51,COMPLETE
1160,0.6875,2026-04-04 21:29:34.482771,2026-04-04 21:29:42.154516,0 days 00:00:07.671745,248.0,1.0,117.0,149.3,0.8300000000000001,COMPLETE
1161,0.825,2026-04-04 21:29:42.163559,2026-04-04 21:30:16.820234,0 days 00:00:34.656675,493.0,3.0,122.7,155.9,0.22,COMPLETE
1162,0.6875,2026-04-04 21:30:16.832331,2026-04-04 21:30:24.014186,0 days 00:00:07.181855,387.0,1.0,116.9,156.9,0.93,COMPLETE
1163,0.6875,2026-04-04 21:30:24.023298,2026-04-04 21:30:31.618746,0 days 00:00:07.595448,178.0,2.0,119.2,149.5,1.43,COMPLETE
1164,0.6875,2026-04-04 21:30:31.631116,2026-04-04 21:30:38.812234,0 days 00:00:07.181118,490.0,2.0,126.6,151.0,1.19,COMPLETE
1165,0.6875,2026-04-04 21:30:38.824743,2026-04-04 21:30:46.419181,0 days 00:00:07.594438,478.0,1.0,115.2,151.9,0.54,COMPLETE
1166,0.6875,2026-04-04 21:30:46.431457,2026-04-04 21:30:53.865448,0 days 00:00:07.433991,203.0,1.0,120.9,149.7,1.81,COMPLETE
1167,0.6875,2026-04-04 21:30:53.877945,2026-04-04 21:31:01.421766,0 days 00:00:07.543821,337.0,2.0,113.3,156.9,0.5,COMPLETE
1168,0.6875,2026-04-04 21:31:01.434477,2026-04-04 21:31:08.519094,0 days 00:00:07.084617,361.0,2.0,119.0,157.9,1.6500000000000001,COMPLETE
1169,0.6875,2026-04-04 21:31:08.531461,2026-04-04 21:31:15.173570,0 days 00:00:06.642109,446.0,1.0,121.0,157.7,1.1500000000000001,COMPLETE
1170,0.6875,2026-04-04 21:31:15.186606,2026-04-04 21:31:23.271986,0 days 00:00:08.085380,237.0,3.0,126.9,150.0,1.03,COMPLETE
1171,0.6875,2026-04-04 21:31:23.284051,2026-04-04 21:31:30.355321,0 days 00:00:07.071270,483.0,2.0,119.8,151.1,0.52,COMPLETE
1172,0.6875,2026-04-04 21:31:30.368225,2026-04-04 21:31:37.500138,0 days 00:00:07.131913,435.0,2.0,115.1,153.2,1.2,COMPLETE
1173,0.6875,2026-04-04 21:31:37.514239,2026-04-04 21:31:44.518612,0 days 00:00:07.004373,353.0,1.0,113.7,155.5,1.57,COMPLETE
1174,0.6875,2026-04-04 21:31:44.531490,2026-04-04 21:31:51.356077,0 days 00:00:06.824587,437.0,1.0,115.1,151.9,1.37,COMPLETE
1175,0.6875,2026-04-04 21:31:51.368670,2026-04-04 21:31:59.354155,0 days 00:00:07.985485,306.0,2.0,124.7,157.3,0.14,COMPLETE
1176,0.6875,2026-04-04 21:31:59.366624,2026-04-04 21:32:06.765584,0 days 00:00:07.398960,397.0,2.0,123.1,149.2,0.59,COMPLETE
1177,0.825,2026-04-04 21:32:06.774616,2026-04-04 21:32:41.206072,0 days 00:00:34.431456,495.0,2.0,123.3,156.5,0.9400000000000001,COMPLETE
1178,0.6875,2026-04-04 21:32:41.218943,2026-04-04 21:32:48.516818,0 days 00:00:07.297875,246.0,2.0,118.8,157.0,1.83,COMPLETE
1179,0.6875,2026-04-04 21:32:48.529112,2026-04-04 21:32:56.254258,0 days 00:00:07.725146,185.0,3.0,126.7,150.8,0.27,COMPLETE
1180,0.6875,2026-04-04 21:32:56.267167,2026-04-04 21:33:03.098235,0 days 00:00:06.831068,236.0,3.0,127.0,155.6,0.16,COMPLETE
1181,0.6875,2026-04-04 21:33:03.110538,2026-04-04 21:33:09.856158,0 days 00:00:06.745620,314.0,1.0,122.4,155.3,0.48,COMPLETE
1182,0.6875,2026-04-04 21:33:09.868427,2026-04-04 21:33:16.446795,0 days 00:00:06.578368,273.0,3.0,120.1,154.7,0.74,COMPLETE
1183,0.6875,2026-04-04 21:33:16.459295,2026-04-04 21:33:23.318074,0 days 00:00:06.858779,440.0,2.0,124.5,153.6,1.98,COMPLETE
1184,0.6875,2026-04-04 21:33:23.331029,2026-04-04 21:33:30.306575,0 days 00:00:06.975546,247.0,2.0,124.1,155.2,0.51,COMPLETE
1185,0.6875,2026-04-04 21:33:30.319123,2026-04-04 21:33:38.189369,0 days 00:00:07.870246,199.0,2.0,115.7,149.7,1.26,COMPLETE
1186,0.671875,2026-04-04 21:33:38.202366,2026-04-04 21:33:45.629532,0 days 00:00:07.427166,464.0,3.0,124.1,152.7,0.31,COMPLETE
1187,0.825,2026-04-04 21:33:45.642854,2026-04-04 21:34:02.781876,0 days 00:00:17.139022,449.0,3.0,126.1,152.7,0.22,COMPLETE
1188,0.825,2026-04-04 21:34:02.794331,2026-04-04 21:34:36.907423,0 days 00:00:34.113092,428.0,3.0,122.7,152.6,0.16,COMPLETE
1189,0.6875,2026-04-04 21:34:36.918836,2026-04-04 21:34:43.715038,0 days 00:00:06.796202,500.0,2.0,126.6,151.7,0.41000000000000003,COMPLETE
1190,0.6875,2026-04-04 21:34:43.728471,2026-04-04 21:34:50.448694,0 days 00:00:06.720223,441.0,3.0,123.5,153.9,0.23,COMPLETE
1191,0.6875,2026-04-04 21:34:50.462467,2026-04-04 21:34:56.873664,0 days 00:00:06.411197,495.0,3.0,123.5,152.5,0.28,COMPLETE
1192,0.6875,2026-04-04 21:34:56.883049,2026-04-04 21:35:03.514903,0 days 00:00:06.631854,437.0,3.0,124.9,150.1,0.6,COMPLETE
1193,0.825,2026-04-04 21:35:03.527239,2026-04-04 21:35:38.085723,0 days 00:00:34.558484,317.0,3.0,122.5,156.5,0.5,COMPLETE
1194,0.6875,2026-04-04 21:35:38.098331,2026-04-04 21:35:45.047226,0 days 00:00:06.948895,453.0,3.0,124.9,151.6,0.62,COMPLETE
1195,0.6875,2026-04-04 21:35:45.059365,2026-04-04 21:35:51.578882,0 days 00:00:06.519517,410.0,3.0,123.6,152.6,0.76,COMPLETE
1196,0.6875,2026-04-04 21:35:51.592204,2026-04-04 21:35:58.399273,0 days 00:00:06.807069,468.0,3.0,121.5,151.2,0.4,COMPLETE
1197,0.6875,2026-04-04 21:35:58.411628,2026-04-04 21:36:05.584171,0 days 00:00:07.172543,246.0,3.0,123.7,152.8,0.8,COMPLETE
1198,0.6875,2026-04-04 21:36:05.596745,2026-04-04 21:36:13.293379,0 days 00:00:07.696634,415.0,1.0,113.0,154.8,1.09,COMPLETE
1199,0.825,2026-04-04 21:36:13.306423,2026-04-04 21:36:48.513976,0 days 00:00:35.207553,464.0,3.0,125.4,152.1,0.33,COMPLETE
1200,0.825,2026-04-04 21:36:48.526361,2026-04-04 21:37:44.246915,0 days 00:00:55.720554,444.0,3.0,124.9,153.9,0.45,COMPLETE
1201,0.6875,2026-04-04 21:37:44.255921,2026-04-04 21:37:51.572804,0 days 00:00:07.316883,237.0,3.0,126.8,155.1,1.62,COMPLETE
1202,0.825,2026-04-04 21:37:51.585271,2026-04-04 21:38:25.542828,0 days 00:00:33.957557,364.0,1.0,125.6,153.7,0.07,COMPLETE
1203,0.671875,2026-04-04 21:38:25.555303,2026-04-04 21:38:32.297787,0 days 00:00:06.742484,454.0,2.0,122.7,154.4,0.54,COMPLETE
1204,0.6875,2026-04-04 21:38:32.310051,2026-04-04 21:38:38.799751,0 days 00:00:06.489700,499.0,3.0,123.7,153.6,0.44,COMPLETE
1205,0.6875,2026-04-04 21:38:38.812427,2026-04-04 21:38:45.611521,0 days 00:00:06.799094,456.0,2.0,120.8,154.1,0.45,COMPLETE
1206,0.6875,2026-04-04 21:38:45.623937,2026-04-04 21:38:52.349080,0 days 00:00:06.725143,441.0,2.0,122.8,153.3,0.75,COMPLETE
1207,0.6875,2026-04-04 21:38:52.362012,2026-04-04 21:38:58.891917,0 days 00:00:06.529905,394.0,2.0,121.6,153.3,0.49,COMPLETE
1208,0.6875,2026-04-04 21:38:58.904568,2026-04-04 21:39:05.938533,0 days 00:00:07.033965,440.0,1.0,126.6,155.7,0.44,COMPLETE
1209,0.6875,2026-04-04 21:39:05.951105,2026-04-04 21:39:14.588293,0 days 00:00:08.637188,150.0,3.0,115.5,149.7,1.36,COMPLETE
1210,0.6875,2026-04-04 21:39:14.600944,2026-04-04 21:39:22.051369,0 days 00:00:07.450425,404.0,2.0,123.2,153.8,0.52,COMPLETE
1211,0.6875,2026-04-04 21:39:22.064317,2026-04-04 21:39:28.484608,0 days 00:00:06.420291,472.0,2.0,122.7,154.3,0.5,COMPLETE
1212,0.6875,2026-04-04 21:39:28.496963,2026-04-04 21:39:35.834607,0 days 00:00:07.337644,288.0,2.0,120.4,148.7,1.42,COMPLETE
1213,0.6875,2026-04-04 21:39:35.847044,2026-04-04 21:39:42.946462,0 days 00:00:07.099418,415.0,1.0,123.3,153.7,0.56,COMPLETE
1214,0.6875,2026-04-04 21:39:42.959133,2026-04-04 21:39:49.572902,0 days 00:00:06.613769,404.0,2.0,122.6,152.2,0.2,COMPLETE
1215,0.6875,2026-04-04 21:39:49.585691,2026-04-04 21:39:57.417416,0 days 00:00:07.831725,338.0,1.0,115.6,159.0,1.96,COMPLETE
1216,0.6875,2026-04-04 21:39:57.430013,2026-04-04 21:40:04.244223,0 days 00:00:06.814210,352.0,3.0,113.0,156.7,0.12,COMPLETE
