number,value,datetime_start,datetime_complete,duration,params_voltage,params_width,params_x,params_y,params_z,state
5739,0.6875,2026-04-05 21:02:18.706941,2026-04-05 21:02:25.148841,0 days 00:00:06.441900,487.0,1.0,115.6,153.8,0.44,COMPLETE
5740,0.825,2026-04-05 21:02:25.163950,2026-04-05 21:02:59.724815,0 days 00:00:34.560865,459.0,2.0,122.2,155.3,0.25,COMPLETE
5741,0.825,2026-04-05 21:02:59.740275,2026-04-05 21:03:34.270927,0 days 00:00:34.530652,313.0,1.0,117.8,156.1,0.3,COMPLETE
5742,0.6875,2026-04-05 21:03:34.286319,2026-04-05 21:03:41.077297,0 days 00:00:06.790978,366.0,1.0,114.8,156.0,0.59,COMPLETE
5743,0.6875,2026-04-05 21:03:41.089731,2026-04-05 21:03:47.536529,0 days 00:00:06.446798,475.0,2.0,115.2,156.1,0.4,COMPLETE
5744,0.6875,2026-04-05 21:03:47.552267,2026-04-05 21:03:54.424721,0 days 00:00:06.872454,269.0,1.0,116.2,154.9,0.26,COMPLETE
5745,0.6875,2026-04-05 21:03:54.440382,2026-04-05 21:04:00.944260,0 days 00:00:06.503878,343.0,1.0,116.7,154.2,0.27,COMPLETE
5746,0.6875,2026-04-05 21:04:00.960000,2026-04-05 21:04:07.577435,0 days 00:00:06.617435,431.0,1.0,116.5,152.6,0.41000000000000003,COMPLETE
5747,0.6875,2026-04-05 21:04:07.593100,2026-04-05 21:04:14.467082,0 days 00:00:06.873982,313.0,1.0,116.9,151.1,0.01,COMPLETE
5748,0.825,2026-04-05 21:04:14.482953,2026-04-05 21:04:48.762053,0 days 00:00:34.279100,433.0,2.0,118.5,155.5,0.29,COMPLETE
5749,0.6875,2026-04-05 21:04:48.778825,2026-04-05 21:04:55.610715,0 days 00:00:06.831890,379.0,1.0,117.3,153.4,0.55,COMPLETE
5750,0.825,2026-04-05 21:04:55.626125,2026-04-05 21:05:29.741750,0 days 00:00:34.115625,369.0,1.0,119.0,154.1,0.22,COMPLETE
5752,0.6875,2026-04-06 11:40:41.557387,2026-04-06 11:40:48.651809,0 days 00:00:07.094422,379.0,2.0,126.3,157.7,0.68,COMPLETE
5753,0.6875,2026-04-06 11:40:48.669149,2026-04-06 11:40:56.450444,0 days 00:00:07.781295,286.0,1.0,116.1,153.4,1.95,COMPLETE
5754,0.6875,2026-04-06 11:40:56.464734,2026-04-06 11:41:03.600470,0 days 00:00:07.135736,203.0,3.0,120.8,157.0,1.05,COMPLETE
5755,0.6875,2026-04-06 11:41:03.613301,2026-04-06 11:41:10.965048,0 days 00:00:07.351747,460.0,1.0,116.8,148.1,0.32,COMPLETE
5756,0.6875,2026-04-06 11:41:10.979736,2026-04-06 11:41:17.559095,0 days 00:00:06.579359,421.0,3.0,113.6,149.7,0.19,COMPLETE
5757,0.6875,2026-04-06 11:41:17.573575,2026-04-06 11:41:25.846106,0 days 00:00:08.272531,151.0,2.0,123.5,155.2,1.44,COMPLETE
5758,0.6875,2026-04-06 11:41:25.860735,2026-04-06 11:41:32.678877,0 days 00:00:06.818142,243.0,3.0,119.3,151.9,1.58,COMPLETE
5759,0.6875,2026-04-06 11:41:32.692942,2026-04-06 11:41:39.867942,0 days 00:00:07.175000,326.0,1.0,123.5,158.9,0.8,COMPLETE
5760,0.6875,2026-04-06 11:41:39.882665,2026-04-06 11:41:46.889740,0 days 00:00:07.007075,355.0,3.0,118.5,154.1,1.8,COMPLETE
5761,0.6875,2026-04-06 11:41:46.905139,2026-04-06 11:41:53.931230,0 days 00:00:07.026091,261.0,2.0,122.6,150.9,0.58,COMPLETE
5762,0.6875,2026-04-06 11:41:53.945542,2026-04-06 11:42:01.803721,0 days 00:00:07.858179,178.0,2.0,114.4,159.3,0.41000000000000003,COMPLETE
5763,0.6875,2026-04-06 11:42:01.817713,2026-04-06 11:42:09.581624,0 days 00:00:07.763911,435.0,1.0,124.5,151.5,1.22,COMPLETE
5764,0.6875,2026-04-06 11:42:09.594375,2026-04-06 11:42:16.151031,0 days 00:00:06.556656,489.0,3.0,121.6,153.0,1.34,COMPLETE
5765,0.6875,2026-04-06 11:42:16.165567,2026-04-06 11:42:23.599650,0 days 00:00:07.434083,220.0,1.0,117.7,158.1,0.04,COMPLETE
5766,0.6875,2026-04-06 11:42:23.613185,2026-04-06 11:42:31.269304,0 days 00:00:07.656119,313.0,3.0,125.5,149.2,0.97,COMPLETE
5767,0.6875,2026-04-06 11:42:31.284529,2026-04-06 11:42:38.985091,0 days 00:00:07.700562,394.0,2.0,115.2,155.9,1.67,COMPLETE
5768,0.6875,2026-04-06 11:42:38.999750,2026-04-06 11:42:46.086894,0 days 00:00:07.087144,412.0,3.0,121.8,152.2,0.28,COMPLETE
5769,0.6875,2026-04-06 11:42:46.100482,2026-04-06 11:42:53.359375,0 days 00:00:07.258893,319.0,2.0,118.8,158.8,1.09,COMPLETE
5770,0.6875,2026-04-06 11:42:53.373761,2026-04-06 11:43:01.137817,0 days 00:00:07.764056,236.0,2.0,125.2,149.8,1.92,COMPLETE
5771,0.6875,2026-04-06 11:43:01.151954,2026-04-06 11:43:08.813348,0 days 00:00:07.661394,492.0,1.0,114.1,155.0,0.71,COMPLETE
5772,0.6875,2026-04-06 11:43:08.828810,2026-04-06 11:43:15.488262,0 days 00:00:06.659452,454.0,2.0,117.9,156.4,0.84,COMPLETE
5773,0.6875,2026-04-06 11:43:15.504156,2026-04-06 11:43:23.375634,0 days 00:00:07.871478,184.0,1.0,121.0,148.7,1.54,COMPLETE
5774,0.6875,2026-04-06 11:43:23.388755,2026-04-06 11:43:30.834826,0 days 00:00:07.446071,276.0,3.0,115.1,157.2,1.46,COMPLETE
5775,0.825,2026-04-06 11:43:30.938027,2026-04-06 11:43:37.139876,0 days 00:00:06.201849,359.0,1.0,126.0,154.0,0.17,COMPLETE
5776,0.6875,2026-04-06 11:43:37.153053,2026-04-06 11:43:44.771830,0 days 00:00:07.618777,344.0,3.0,116.0,149.0,1.18,COMPLETE
5777,0.6875,2026-04-06 11:43:44.785077,2026-04-06 11:43:52.805501,0 days 00:00:08.020424,250.0,1.0,126.8,156.0,0.45,COMPLETE
5778,0.6875,2026-04-06 11:43:52.817402,2026-04-06 11:44:00.504724,0 days 00:00:07.687322,166.0,3.0,116.9,152.8,0.56,COMPLETE
5779,0.6875,2026-04-06 11:44:00.521827,2026-04-06 11:44:07.475194,0 days 00:00:06.953367,425.0,2.0,120.2,158.3,1.82,COMPLETE
5780,0.6875,2026-04-06 11:44:07.915690,2026-04-06 11:44:15.016105,0 days 00:00:07.100415,478.0,3.0,124.3,159.9,1.71,COMPLETE
5781,0.6875,2026-04-06 11:44:15.026105,2026-04-06 11:44:23.385528,0 days 00:00:08.359423,209.0,1.0,113.3,151.1,0.93,COMPLETE
5782,0.0,2026-04-06 11:44:23.396284,2026-04-06 11:44:30.784909,0 days 00:00:07.388625,301.0,2.0,122.7,154.6,0.06,COMPLETE
5783,0.6875,2026-04-06 11:44:30.798109,2026-04-06 11:44:37.634553,0 days 00:00:06.836444,383.0,1.0,119.7,150.2,1.31,COMPLETE
5784,0.6875,2026-04-06 11:44:37.648162,2026-04-06 11:44:44.599024,0 days 00:00:06.950862,390.0,3.0,114.6,153.8,0.77,COMPLETE
5785,0.6875,2026-04-06 11:44:44.612296,2026-04-06 11:44:52.313076,0 days 00:00:07.700780,298.0,1.0,124.7,157.3,1.6,COMPLETE
5786,0.6875,2026-04-06 11:44:52.327397,2026-04-06 11:45:00.099595,0 days 00:00:07.772198,213.0,2.0,118.4,148.5,1.4000000000000001,COMPLETE
5787,0.825,2026-04-06 11:45:00.110015,2026-04-06 11:45:34.830290,0 days 00:00:34.720275,471.0,1.0,122.3,156.6,0.22,COMPLETE
5788,0.825,2026-04-06 11:45:34.841162,2026-04-06 11:46:08.869203,0 days 00:00:34.028041,431.0,3.0,125.5,154.8,0.34,COMPLETE
5789,0.6875,2026-04-06 11:46:08.885346,2026-04-06 11:46:17.158199,0 days 00:00:08.272853,162.0,1.0,115.6,150.1,1.02,COMPLETE
5790,0.6875,2026-04-06 11:46:17.171562,2026-04-06 11:46:24.669096,0 days 00:00:07.497534,254.0,3.0,121.5,158.5,1.98,COMPLETE
5791,0.6875,2026-04-06 11:46:24.679004,2026-04-06 11:46:31.732042,0 days 00:00:07.053038,337.0,2.0,117.4,152.3,0.64,COMPLETE
5792,0.6875,2026-04-06 11:46:31.745038,2026-04-06 11:46:38.350216,0 days 00:00:06.605178,366.0,2.0,120.6,150.5,1.6400000000000001,COMPLETE
5793,0.6875,2026-04-06 11:46:38.360963,2026-04-06 11:46:45.461901,0 days 00:00:07.100938,272.0,1.0,116.5,154.5,0.99,COMPLETE
5794,0.6875,2026-04-06 11:46:45.475183,2026-04-06 11:46:53.130427,0 days 00:00:07.655244,188.0,3.0,126.4,151.2,0.0,COMPLETE
5795,0.6875,2026-04-06 11:46:53.143774,2026-04-06 11:47:00.940764,0 days 00:00:07.796990,447.0,2.0,116.4,159.7,1.37,COMPLETE
5796,0.6875,2026-04-06 11:47:00.951968,2026-04-06 11:47:07.466666,0 days 00:00:06.514698,499.0,3.0,119.3,158.5,1.24,COMPLETE
5797,0.6875,2026-04-06 11:47:07.479859,2026-04-06 11:47:14.992563,0 days 00:00:07.512704,232.0,2.0,123.1,152.6,0.38,COMPLETE
5798,0.6875,2026-04-06 11:47:15.002901,2026-04-06 11:47:22.393678,0 days 00:00:07.390777,323.0,3.0,113.7,156.2,0.62,COMPLETE
5799,0.6875,2026-04-06 11:47:22.406963,2026-04-06 11:47:30.157477,0 days 00:00:07.750514,405.0,1.0,123.9,148.9,1.76,COMPLETE
5800,0.6875,2026-04-06 11:47:30.170470,2026-04-06 11:47:37.856290,0 days 00:00:07.685820,401.0,2.0,117.3,159.2,0.12,COMPLETE
5801,0.6875,2026-04-06 11:47:37.866794,2026-04-06 11:47:45.404110,0 days 00:00:07.537316,308.0,1.0,120.3,151.8,1.5,COMPLETE
5802,0.6875,2026-04-06 11:47:45.416993,2026-04-06 11:47:52.700196,0 days 00:00:07.283203,224.0,3.0,115.6,155.3,1.51,COMPLETE
5803,0.6875,2026-04-06 11:47:52.711187,2026-04-06 11:48:00.611086,0 days 00:00:07.899899,482.0,2.0,126.8,149.5,0.86,COMPLETE
5804,0.6875,2026-04-06 11:48:00.621478,2026-04-06 11:48:07.405241,0 days 00:00:06.783763,443.0,3.0,123.0,148.3,0.74,COMPLETE
5805,0.6875,2026-04-06 11:48:07.418432,2026-04-06 11:48:15.648841,0 days 00:00:08.230409,173.0,1.0,119.8,156.8,1.8800000000000001,COMPLETE
5806,0.6875,2026-04-06 11:48:15.659400,2026-04-06 11:48:22.557548,0 days 00:00:06.898148,265.0,2.0,124.0,153.6,1.11,COMPLETE
5807,0.6875,2026-04-06 11:48:22.567582,2026-04-06 11:48:30.346769,0 days 00:00:07.779187,348.0,1.0,113.1,157.6,0.26,COMPLETE
5808,0.6875,2026-04-06 11:48:30.357004,2026-04-06 11:48:38.200362,0 days 00:00:07.843358,333.0,3.0,124.8,155.7,1.27,COMPLETE
5809,0.6875,2026-04-06 11:48:38.213356,2026-04-06 11:48:46.377865,0 days 00:00:08.164509,239.0,2.0,114.0,149.4,0.1,COMPLETE
5810,0.6875,2026-04-06 11:48:46.391338,2026-04-06 11:48:54.451940,0 days 00:00:08.060602,155.0,3.0,122.2,157.9,0.9,COMPLETE
5811,0.6875,2026-04-06 11:48:54.461983,2026-04-06 11:49:01.465749,0 days 00:00:07.003766,414.0,1.0,118.9,153.2,1.72,COMPLETE
5812,0.6875,2026-04-06 11:49:01.475514,2026-04-06 11:49:08.334442,0 days 00:00:06.858928,466.0,2.0,114.8,151.4,1.86,COMPLETE
5813,0.6875,2026-04-06 11:49:08.347365,2026-04-06 11:49:16.915203,0 days 00:00:08.567838,199.0,1.0,125.8,159.6,0.51,COMPLETE
5814,0.6875,2026-04-06 11:49:16.925431,2026-04-06 11:49:24.743094,0 days 00:00:07.817663,290.0,3.0,118.1,150.6,0.47000000000000003,COMPLETE
5815,0.6875,2026-04-06 11:49:24.753054,2026-04-06 11:49:31.623898,0 days 00:00:06.870844,372.0,1.0,121.2,154.2,1.1500000000000001,COMPLETE
5816,0.6875,2026-04-06 11:49:31.633850,2026-04-06 11:49:38.684943,0 days 00:00:07.051093,369.0,3.0,117.6,149.3,1.6300000000000001,COMPLETE
5817,0.6875,2026-04-06 11:49:38.697907,2026-04-06 11:49:46.213083,0 days 00:00:07.515176,288.0,2.0,121.7,155.5,0.76,COMPLETE
5818,0.6875,2026-04-06 11:49:46.226283,2026-04-06 11:49:53.595363,0 days 00:00:07.369080,196.0,3.0,115.3,153.1,0.24,COMPLETE
5819,0.6875,2026-04-06 11:49:53.606897,2026-04-06 11:50:01.319346,0 days 00:00:07.712449,464.0,1.0,125.3,157.9,1.3900000000000001,COMPLETE
5820,0.6875,2026-04-06 11:50:01.332202,2026-04-06 11:50:08.035513,0 days 00:00:06.703311,417.0,2.0,122.5,159.6,1.01,COMPLETE
5821,0.6875,2026-04-06 11:50:08.046197,2026-04-06 11:50:16.215292,0 days 00:00:08.169095,158.0,1.0,118.6,151.5,0.37,COMPLETE
5822,0.6875,2026-04-06 11:50:16.228321,2026-04-06 11:50:23.333821,0 days 00:00:07.105500,242.0,3.0,124.5,154.3,0.63,COMPLETE
5823,0.6875,2026-04-06 11:50:23.347222,2026-04-06 11:50:31.043813,0 days 00:00:07.696591,336.0,1.0,114.3,150.7,1.99,COMPLETE
5824,0.6875,2026-04-06 11:50:31.054183,2026-04-06 11:50:38.575592,0 days 00:00:07.521409,351.0,2.0,123.7,151.9,0.98,COMPLETE
5825,0.6875,2026-04-06 11:50:38.589351,2026-04-06 11:50:46.762654,0 days 00:00:08.173303,268.0,1.0,113.4,159.3,1.6500000000000001,COMPLETE
5826,0.6875,2026-04-06 11:50:46.775607,2026-04-06 11:50:55.132794,0 days 00:00:08.357187,176.0,3.0,123.3,149.6,1.35,COMPLETE
5827,0.825,2026-04-06 11:50:55.144060,2026-04-06 11:51:29.638899,0 days 00:00:34.494839,446.0,2.0,119.5,155.5,0.03,COMPLETE
5828,0.6875,2026-04-06 11:51:29.649704,2026-04-06 11:51:36.552297,0 days 00:00:06.902593,479.0,3.0,116.2,156.7,0.39,COMPLETE
5829,0.6875,2026-04-06 11:51:36.565258,2026-04-06 11:51:45.081922,0 days 00:00:08.516664,222.0,2.0,126.3,148.1,1.23,COMPLETE
5830,0.6875,2026-04-06 11:51:45.092334,2026-04-06 11:51:52.901995,0 days 00:00:07.809661,305.0,2.0,116.8,157.5,1.78,COMPLETE
5831,0.6875,2026-04-06 11:51:52.914781,2026-04-06 11:51:59.763497,0 days 00:00:06.848716,398.0,1.0,120.8,153.5,0.6,COMPLETE
5832,0.6875,2026-04-06 11:51:59.776879,2026-04-06 11:52:06.876179,0 days 00:00:07.099300,402.0,2.0,113.3,154.5,1.48,COMPLETE
5833,0.6875,2026-04-06 11:52:06.886118,2026-04-06 11:52:14.701074,0 days 00:00:07.814956,321.0,1.0,124.3,150.6,0.15,COMPLETE
5834,0.6875,2026-04-06 11:52:14.714113,2026-04-06 11:52:22.365618,0 days 00:00:07.651505,228.0,3.0,119.7,159.8,0.86,COMPLETE
5835,0.6875,2026-04-06 11:52:22.378570,2026-04-06 11:52:29.638722,0 days 00:00:07.260152,497.0,2.0,122.8,151.3,1.52,COMPLETE
5836,0.6875,2026-04-06 11:52:29.651705,2026-04-06 11:52:36.338668,0 days 00:00:06.686963,449.0,3.0,127.0,152.5,1.9100000000000001,COMPLETE
5837,0.6875,2026-04-06 11:52:36.352318,2026-04-06 11:52:44.543482,0 days 00:00:08.191164,191.0,2.0,115.8,158.4,0.72,COMPLETE
5838,0.6875,2026-04-06 11:52:44.553693,2026-04-06 11:52:52.024448,0 days 00:00:07.470755,274.0,2.0,120.0,148.8,0.27,COMPLETE
5839,0.6875,2026-04-06 11:52:52.038100,2026-04-06 11:52:59.162809,0 days 00:00:07.124709,369.0,1.0,117.1,156.2,1.11,COMPLETE
5840,0.825,2026-04-06 11:52:59.175975,2026-04-06 11:53:33.277836,0 days 00:00:34.101861,340.0,3.0,121.0,157.2,0.11,COMPLETE
5841,0.6875,2026-04-06 11:53:33.287628,2026-04-06 11:53:40.586975,0 days 00:00:07.299347,257.0,1.0,117.9,153.6,1.27,COMPLETE
5842,0.6875,2026-04-06 11:53:40.599660,2026-04-06 11:53:48.250342,0 days 00:00:07.650682,165.0,2.0,126.1,156.5,1.75,COMPLETE
5843,0.6875,2026-04-06 11:53:48.265542,2026-04-06 11:53:56.358327,0 days 00:00:08.092785,434.0,1.0,115.0,148.4,0.88,COMPLETE
5844,0.6875,2026-04-06 11:53:56.371527,2026-04-06 11:54:03.140892,0 days 00:00:06.769365,468.0,3.0,118.7,150.2,0.51,COMPLETE
5845,0.6875,2026-04-06 11:54:03.156707,2026-04-06 11:54:10.683087,0 days 00:00:07.526380,211.0,1.0,121.9,154.9,1.87,COMPLETE
5846,0.6875,2026-04-06 11:54:10.695087,2026-04-06 11:54:18.014441,0 days 00:00:07.319354,294.0,3.0,114.2,152.4,1.1300000000000001,COMPLETE
5847,0.6875,2026-04-06 11:54:18.030519,2026-04-06 11:54:25.945307,0 days 00:00:07.914788,387.0,2.0,125.1,158.7,0.5,COMPLETE
5848,0.6875,2026-04-06 11:54:25.960469,2026-04-06 11:54:32.655599,0 days 00:00:06.695130,380.0,3.0,123.3,155.9,1.97,COMPLETE
5849,0.6875,2026-04-06 11:54:32.671265,2026-04-06 11:54:40.269511,0 days 00:00:07.598246,298.0,1.0,119.1,148.9,0.66,COMPLETE
5850,0.6875,2026-04-06 11:54:40.285445,2026-04-06 11:54:48.142493,0 days 00:00:07.857048,207.0,3.0,123.8,158.2,0.33,COMPLETE
5851,0.6875,2026-04-06 11:54:48.155101,2026-04-06 11:54:55.896160,0 days 00:00:07.741059,475.0,2.0,113.8,152.8,1.04,COMPLETE
5852,0.6875,2026-04-06 11:54:55.911487,2026-04-06 11:55:02.622867,0 days 00:00:06.711380,428.0,3.0,116.6,151.1,1.41,COMPLETE
5853,0.6875,2026-04-06 11:55:02.638871,2026-04-06 11:55:10.934462,0 days 00:00:08.295591,169.0,1.0,120.5,160.0,0.21,COMPLETE
5854,0.6875,2026-04-06 11:55:10.946715,2026-04-06 11:55:18.597531,0 days 00:00:07.650816,253.0,2.0,116.3,150.3,0.79,COMPLETE
5855,0.6875,2026-04-06 11:55:18.608413,2026-04-06 11:55:26.297978,0 days 00:00:07.689565,346.0,1.0,126.5,154.7,1.58,COMPLETE
5856,0.6875,2026-04-06 11:55:26.309533,2026-04-06 11:55:34.114922,0 days 00:00:07.805389,362.0,3.0,115.4,158.9,0.5700000000000001,COMPLETE
5857,0.6875,2026-04-06 11:55:34.126046,2026-04-06 11:55:42.255277,0 days 00:00:08.129231,279.0,2.0,125.7,152.3,1.8,COMPLETE
5858,0.6875,2026-04-06 11:55:42.269312,2026-04-06 11:55:49.696056,0 days 00:00:07.426744,187.0,3.0,117.6,155.1,1.19,COMPLETE
5859,0.6875,2026-04-06 11:55:49.709955,2026-04-06 11:55:56.641351,0 days 00:00:06.931396,456.0,1.0,121.3,150.0,0.43,COMPLETE
5860,0.6875,2026-04-06 11:55:56.659241,2026-04-06 11:56:03.274093,0 days 00:00:06.614852,490.0,2.0,124.7,148.5,0.05,COMPLETE
5861,0.6875,2026-04-06 11:56:03.290583,2026-04-06 11:56:11.517210,0 days 00:00:08.226627,233.0,1.0,114.6,156.3,1.32,COMPLETE
5862,0.6875,2026-04-06 11:56:11.529240,2026-04-06 11:56:18.684907,0 days 00:00:07.155667,317.0,3.0,122.3,153.9,1.69,COMPLETE
5863,0.6875,2026-04-06 11:56:18.699441,2026-04-06 11:56:25.488485,0 days 00:00:06.789044,409.0,2.0,118.3,157.1,0.9400000000000001,COMPLETE
5864,0.6875,2026-04-06 11:56:25.499955,2026-04-06 11:56:32.845458,0 days 00:00:07.345503,391.0,3.0,125.8,150.9,1.06,COMPLETE
5865,0.6875,2026-04-06 11:56:32.859762,2026-04-06 11:56:40.643370,0 days 00:00:07.783608,309.0,1.0,114.8,154.2,0.3,COMPLETE
5866,0.6875,2026-04-06 11:56:40.657500,2026-04-06 11:56:47.979633,0 days 00:00:07.322133,218.0,2.0,121.2,151.7,0.7000000000000001,COMPLETE
5867,0.6875,2026-04-06 11:56:47.990946,2026-04-06 11:56:55.484236,0 days 00:00:07.493290,486.0,1.0,118.1,159.4,1.93,COMPLETE
5868,0.6875,2026-04-06 11:56:55.498714,2026-04-06 11:57:02.343759,0 days 00:00:06.845045,439.0,2.0,113.8,158.0,1.56,COMPLETE
5869,0.6875,2026-04-06 11:57:02.355541,2026-04-06 11:57:10.711458,0 days 00:00:08.355917,180.0,1.0,125.0,152.9,0.81,COMPLETE
5870,0.825,2026-04-06 11:57:10.725883,2026-04-06 11:57:45.184165,0 days 00:00:34.458282,264.0,3.0,119.1,155.8,0.17,COMPLETE
5871,0.6875,2026-04-06 11:57:45.198952,2026-04-06 11:57:52.309068,0 days 00:00:07.110116,358.0,2.0,122.0,149.2,1.45,COMPLETE
5872,0.6875,2026-04-06 11:57:52.324067,2026-04-06 11:57:59.053487,0 days 00:00:06.729420,329.0,2.0,119.9,153.3,0.45,COMPLETE
5873,0.6875,2026-04-06 11:57:59.067867,2026-04-06 11:58:06.121353,0 days 00:00:07.053486,245.0,1.0,122.9,157.6,1.17,COMPLETE
5874,0.6875,2026-04-06 11:58:06.136317,2026-04-06 11:58:14.469681,0 days 00:00:08.333364,154.0,3.0,113.0,148.0,1.84,COMPLETE
5875,0.6875,2026-04-06 11:58:14.481047,2026-04-06 11:58:22.395160,0 days 00:00:07.914113,423.0,1.0,124.1,156.9,0.53,COMPLETE
5876,0.6875,2026-04-06 11:58:22.410002,2026-04-06 11:58:29.070318,0 days 00:00:06.660316,457.0,3.0,120.4,155.3,0.92,COMPLETE
5877,0.6875,2026-04-06 11:58:29.086361,2026-04-06 11:58:36.504091,0 days 00:00:07.417730,200.0,2.0,117.2,149.8,1.71,COMPLETE
5878,0.6875,2026-04-06 11:58:36.518399,2026-04-06 11:58:44.327783,0 days 00:00:07.809384,284.0,3.0,126.6,159.1,1.29,COMPLETE
5879,0.6875,2026-04-06 11:58:44.342420,2026-04-06 11:58:52.134392,0 days 00:00:07.791972,376.0,1.0,115.8,152.1,0.09,COMPLETE
5880,0.6875,2026-04-06 11:58:52.145249,2026-04-06 11:58:59.408292,0 days 00:00:07.263043,375.0,3.0,120.1,159.4,1.3800000000000001,COMPLETE
5881,0.6875,2026-04-06 11:58:59.422325,2026-04-06 11:59:06.850282,0 days 00:00:07.427957,282.0,2.0,117.0,151.6,0.24,COMPLETE
5882,0.6875,2026-04-06 11:59:06.866237,2026-04-06 11:59:14.751539,0 days 00:00:07.885302,201.0,2.0,126.9,154.0,0.76,COMPLETE
5883,0.6875,2026-04-06 11:59:14.763031,2026-04-06 11:59:22.342389,0 days 00:00:07.579358,458.0,1.0,115.9,150.8,1.62,COMPLETE
5884,0.6875,2026-04-06 11:59:22.356506,2026-04-06 11:59:29.011899,0 days 00:00:06.655393,422.0,2.0,119.6,149.2,2.0,COMPLETE
5885,0.6875,2026-04-06 11:59:29.022582,2026-04-06 11:59:36.835968,0 days 00:00:07.813386,152.0,1.0,122.9,155.8,0.63,COMPLETE
5886,0.6875,2026-04-06 11:59:36.850368,2026-04-06 11:59:44.233544,0 days 00:00:07.383176,247.0,3.0,113.4,153.0,0.36,COMPLETE
5887,0.6875,2026-04-06 11:59:44.246775,2026-04-06 11:59:51.906682,0 days 00:00:07.659907,330.0,2.0,124.2,158.1,1.01,COMPLETE
5888,0.6875,2026-04-06 11:59:51.917018,2026-04-06 11:59:59.328232,0 days 00:00:07.411214,356.0,2.0,114.2,157.0,0.02,COMPLETE
5889,0.6875,2026-04-06 11:59:59.343024,2026-04-06 12:00:07.502446,0 days 00:00:08.159422,262.0,1.0,125.1,148.1,1.36,COMPLETE
5890,0.6875,2026-04-06 12:00:07.516687,2026-04-06 12:00:15.395607,0 days 00:00:07.878920,182.0,3.0,118.7,157.7,1.6600000000000001,COMPLETE
5891,0.6875,2026-04-06 12:00:15.409713,2026-04-06 12:00:22.239824,0 days 00:00:06.830111,440.0,1.0,121.9,153.4,0.97,COMPLETE
5892,0.6875,2026-04-06 12:00:22.254200,2026-04-06 12:00:28.942607,0 days 00:00:06.688407,485.0,3.0,126.1,152.0,0.61,COMPLETE
5893,0.6875,2026-04-06 12:00:28.956196,2026-04-06 12:00:37.233664,0 days 00:00:08.277468,216.0,2.0,115.0,159.0,1.78,COMPLETE
5894,0.6875,2026-04-06 12:00:37.247468,2026-04-06 12:00:44.795719,0 days 00:00:07.548251,311.0,3.0,120.9,149.7,1.23,COMPLETE
5895,0.825,2026-04-06 12:00:44.811423,2026-04-06 12:01:19.217354,0 days 00:00:34.405931,392.0,1.0,118.0,155.1,0.4,COMPLETE
5896,0.6875,2026-04-06 12:01:19.234291,2026-04-06 12:01:26.593894,0 days 00:00:07.359603,408.0,3.0,124.6,152.8,1.53,COMPLETE
5897,0.6875,2026-04-06 12:01:26.609315,2026-04-06 12:01:34.651306,0 days 00:00:08.041991,315.0,1.0,114.3,158.3,0.85,COMPLETE
5898,0.6875,2026-04-06 12:01:34.670800,2026-04-06 12:01:42.838495,0 days 00:00:08.167695,234.0,3.0,122.5,149.1,0.14,COMPLETE
5899,0.6875,2026-04-06 12:01:42.852194,2026-04-06 12:01:50.157886,0 days 00:00:07.305692,491.0,2.0,118.6,156.1,1.48,COMPLETE
5900,0.6875,2026-04-06 12:01:50.174059,2026-04-06 12:01:56.906079,0 days 00:00:06.732020,455.0,3.0,115.3,154.6,1.1,COMPLETE
5901,0.6875,2026-04-06 12:01:56.918100,2026-04-06 12:02:05.083991,0 days 00:00:08.165891,185.0,1.0,125.3,150.3,0.28,COMPLETE
5902,0.6875,2026-04-06 12:02:05.106215,2026-04-06 12:02:12.995824,0 days 00:00:07.889609,280.0,2.0,117.6,159.9,0.73,COMPLETE
5903,0.6875,2026-04-06 12:02:13.015493,2026-04-06 12:02:20.547149,0 days 00:00:07.531656,363.0,1.0,121.7,151.0,1.9000000000000001,COMPLETE
5904,0.6875,2026-04-06 12:02:20.565308,2026-04-06 12:02:27.480367,0 days 00:00:06.915059,345.0,3.0,116.7,149.9,0.89,COMPLETE
5905,0.6875,2026-04-06 12:02:27.496256,2026-04-06 12:02:34.891574,0 days 00:00:07.395318,251.0,2.0,120.9,155.0,1.74,COMPLETE
5906,0.6875,2026-04-06 12:02:34.905012,2026-04-06 12:02:42.253813,0 days 00:00:07.348801,171.0,2.0,116.3,152.1,1.26,COMPLETE
5907,0.6875,2026-04-06 12:02:42.269172,2026-04-06 12:02:50.156808,0 days 00:00:07.887636,429.0,1.0,126.2,158.7,0.12,COMPLETE
5908,0.825,2026-04-06 12:02:50.177003,2026-04-06 12:03:24.116771,0 days 00:00:33.939768,473.0,2.0,123.4,157.2,0.49,COMPLETE
5909,0.6875,2026-04-06 12:03:24.132772,2026-04-06 12:03:31.723482,0 days 00:00:07.590710,205.0,1.0,119.5,154.0,1.1400000000000001,COMPLETE
5910,0.6875,2026-04-06 12:03:31.739042,2026-04-06 12:03:38.637536,0 days 00:00:06.898494,300.0,3.0,123.6,156.4,1.8800000000000001,COMPLETE
5911,0.6875,2026-04-06 12:03:38.653952,2026-04-06 12:03:46.613971,0 days 00:00:07.960019,381.0,1.0,113.5,148.7,0.5,COMPLETE
5912,0.6875,2026-04-06 12:03:46.625375,2026-04-06 12:03:53.672067,0 days 00:00:07.046692,385.0,2.0,119.0,151.2,1.03,COMPLETE
