number,value,datetime_start,datetime_complete,duration,params_voltage,params_width,params_x,params_y,params_z,state
15453,0.6875,2026-04-10 00:38:48.170149,2026-04-10 00:38:55.001211,0 days 00:00:06.831062,467.0,1.0,118.0,152.9,0.0,COMPLETE
15454,0.6875,2026-04-10 00:38:55.021682,2026-04-10 00:39:02.116569,0 days 00:00:07.094887,291.0,3.0,121.7,151.4,0.0,COMPLETE
15455,0.6875,2026-04-10 00:39:02.138308,2026-04-10 00:39:09.624778,0 days 00:00:07.486470,339.0,3.0,115.1,155.9,0.33,COMPLETE
15456,0.6875,2026-04-10 00:39:09.644958,2026-04-10 00:39:16.834921,0 days 00:00:07.189963,290.0,2.0,118.5,153.5,0.0,COMPLETE
15457,0.6875,2026-04-10 00:39:16.856615,2026-04-10 00:39:23.536752,0 days 00:00:06.680137,372.0,2.0,119.1,153.7,0.78,COMPLETE
15458,0.671875,2026-04-10 00:39:23.556439,2026-04-10 00:39:30.409758,0 days 00:00:06.853319,447.0,1.0,122.3,155.3,0.51,COMPLETE
15459,0.6875,2026-04-10 00:39:30.431577,2026-04-10 00:39:37.038819,0 days 00:00:06.607242,459.0,2.0,121.5,154.8,0.42,COMPLETE
15460,0.6875,2026-04-10 00:39:37.059298,2026-04-10 00:39:43.992901,0 days 00:00:06.933603,355.0,1.0,120.5,153.6,0.24,COMPLETE
15461,0.6875,2026-04-10 00:39:44.014361,2026-04-10 00:39:50.617393,0 days 00:00:06.603032,363.0,2.0,121.5,153.4,0.68,COMPLETE
15462,0.6875,2026-04-10 00:39:50.636949,2026-04-10 00:39:58.094976,0 days 00:00:07.458027,435.0,1.0,113.5,152.0,0.0,COMPLETE
15463,0.825,2026-04-10 00:39:58.114258,2026-04-10 00:40:32.443730,0 days 00:00:34.329472,495.0,1.0,116.5,155.5,0.0,COMPLETE
15464,0.6875,2026-04-10 00:40:32.464962,2026-04-10 00:40:39.266263,0 days 00:00:06.801301,478.0,1.0,116.6,154.5,0.6,COMPLETE
15465,0.6875,2026-04-10 00:40:39.285823,2026-04-10 00:40:46.972365,0 days 00:00:07.686542,260.0,3.0,121.3,148.0,1.99,COMPLETE
15466,0.6875,2026-04-10 00:40:46.995230,2026-04-10 00:40:54.227550,0 days 00:00:07.232320,352.0,1.0,117.9,153.1,0.23,COMPLETE
15467,0.6875,2026-04-10 00:40:54.246857,2026-04-10 00:41:00.804621,0 days 00:00:06.557764,378.0,1.0,117.8,153.8,0.32,COMPLETE
15468,0.6875,2026-04-10 00:41:00.825079,2026-04-10 00:41:07.613010,0 days 00:00:06.787931,428.0,2.0,116.4,156.5,0.35000000000000003,COMPLETE
15469,0.825,2026-04-10 00:41:07.634938,2026-04-10 00:41:42.073276,0 days 00:00:34.438338,304.0,2.0,120.1,156.4,0.1,COMPLETE
15470,0.6875,2026-04-10 00:41:42.092328,2026-04-10 00:41:49.329703,0 days 00:00:07.237375,341.0,1.0,114.6,154.2,0.0,COMPLETE
15471,0.6875,2026-04-10 00:41:49.351414,2026-04-10 00:41:55.993564,0 days 00:00:06.642150,341.0,2.0,115.5,155.1,0.22,COMPLETE
15472,0.6875,2026-04-10 00:41:56.014039,2026-04-10 00:42:02.863927,0 days 00:00:06.849888,336.0,1.0,115.9,151.4,0.41000000000000003,COMPLETE
15473,0.6875,2026-04-10 00:42:02.882132,2026-04-10 00:42:10.308986,0 days 00:00:07.426854,239.0,1.0,118.2,157.0,0.36,COMPLETE
15474,0.6875,2026-04-10 00:42:10.329037,2026-04-10 00:42:17.050816,0 days 00:00:06.721779,376.0,1.0,116.6,156.3,0.24,COMPLETE
15475,0.6875,2026-04-10 00:42:17.070153,2026-04-10 00:42:23.689979,0 days 00:00:06.619826,422.0,1.0,116.3,157.4,0.23,COMPLETE
15476,0.6875,2026-04-10 00:42:23.711058,2026-04-10 00:42:30.628731,0 days 00:00:06.917673,390.0,1.0,116.4,153.5,0.22,COMPLETE
15477,0.6875,2026-04-10 00:42:30.648758,2026-04-10 00:42:37.402592,0 days 00:00:06.753834,399.0,2.0,118.1,152.7,0.26,COMPLETE
15478,0.6875,2026-04-10 00:42:37.424463,2026-04-10 00:42:44.025005,0 days 00:00:06.600542,463.0,1.0,118.5,151.7,0.01,COMPLETE
15479,0.6875,2026-04-10 00:42:44.045025,2026-04-10 00:42:51.313152,0 days 00:00:07.268127,377.0,1.0,115.8,155.7,0.0,COMPLETE
15480,0.825,2026-04-10 00:42:51.336386,2026-04-10 00:43:25.714005,0 days 00:00:34.377619,362.0,1.0,120.4,156.7,0.58,COMPLETE
15481,0.6875,2026-04-10 00:43:25.736854,2026-04-10 00:43:32.731663,0 days 00:00:06.994809,355.0,2.0,122.9,159.8,1.25,COMPLETE
15482,0.825,2026-04-10 00:43:32.752341,2026-04-10 00:44:06.969533,0 days 00:00:34.217192,448.0,2.0,120.1,156.3,0.71,COMPLETE
15483,0.6875,2026-04-10 00:44:06.992703,2026-04-10 00:44:14.483742,0 days 00:00:07.491039,422.0,1.0,113.0,155.7,0.45,COMPLETE
15484,0.6875,2026-04-10 00:44:14.504493,2026-04-10 00:44:21.308297,0 days 00:00:06.803804,481.0,2.0,115.4,156.8,0.66,COMPLETE
15485,0.6875,2026-04-10 00:44:21.329122,2026-04-10 00:44:28.873397,0 days 00:00:07.544275,462.0,2.0,124.0,155.9,0.72,COMPLETE
15486,0.6875,2026-04-10 00:44:28.894309,2026-04-10 00:44:36.454596,0 days 00:00:07.560287,442.0,2.0,114.8,155.0,0.28,COMPLETE
15487,0.825,2026-04-10 00:44:36.475112,2026-04-10 00:45:10.696177,0 days 00:00:34.221065,500.0,1.0,118.7,154.2,0.23,COMPLETE
15488,0.6875,2026-04-10 00:45:10.719587,2026-04-10 00:45:17.760566,0 days 00:00:07.040979,469.0,2.0,115.1,153.7,0.66,COMPLETE
15489,0.825,2026-04-10 00:45:17.780264,2026-04-10 00:45:23.128931,0 days 00:00:05.348667,424.0,1.0,118.0,154.1,0.21,COMPLETE
15490,0.6875,2026-04-10 00:45:23.151709,2026-04-10 00:45:30.306932,0 days 00:00:07.155223,350.0,2.0,114.8,154.7,0.0,COMPLETE
15491,0.6875,2026-04-10 00:45:30.328625,2026-04-10 00:45:37.180030,0 days 00:00:06.851405,359.0,1.0,113.4,152.3,0.21,COMPLETE
15492,0.825,2026-04-10 00:45:37.204014,2026-04-10 00:46:11.643348,0 days 00:00:34.439334,379.0,1.0,118.9,155.3,0.51,COMPLETE
15493,0.6875,2026-04-10 00:46:11.664094,2026-04-10 00:46:18.892978,0 days 00:00:07.228884,286.0,2.0,123.8,153.4,0.26,COMPLETE
15494,0.825,2026-04-10 00:46:18.914800,2026-04-10 00:46:53.348739,0 days 00:00:34.433939,366.0,1.0,119.1,156.8,0.0,COMPLETE
15495,0.6875,2026-04-10 00:46:53.371861,2026-04-10 00:47:00.588132,0 days 00:00:07.216271,451.0,1.0,114.7,154.1,0.0,COMPLETE
15496,0.6875,2026-04-10 00:47:00.609623,2026-04-10 00:47:08.371037,0 days 00:00:07.761414,323.0,1.0,123.0,155.6,0.48,COMPLETE
15497,0.6875,2026-04-10 00:47:08.393937,2026-04-10 00:47:15.754029,0 days 00:00:07.360092,489.0,1.0,115.5,155.7,0.53,COMPLETE
15498,0.6875,2026-04-10 00:47:15.778601,2026-04-10 00:47:23.606801,0 days 00:00:07.828200,333.0,2.0,124.2,153.0,0.04,COMPLETE
15499,0.6875,2026-04-10 00:47:23.630597,2026-04-10 00:47:30.603207,0 days 00:00:06.972610,205.0,2.0,123.7,154.7,0.6,COMPLETE
15500,0.825,2026-04-10 00:47:30.623516,2026-04-10 00:48:05.027015,0 days 00:00:34.403499,451.0,2.0,119.0,155.1,0.0,COMPLETE
15501,0.6875,2026-04-10 00:48:05.048801,2026-04-10 00:48:12.161998,0 days 00:00:07.113197,397.0,1.0,115.3,158.2,0.19,COMPLETE
15502,0.671875,2026-04-10 00:48:12.183608,2026-04-10 00:48:19.998911,0 days 00:00:07.815303,265.0,3.0,123.8,154.8,0.21,COMPLETE
15503,0.6875,2026-04-10 00:48:20.022137,2026-04-10 00:48:27.232473,0 days 00:00:07.210336,412.0,1.0,117.8,152.9,0.21,COMPLETE
15504,0.6875,2026-04-10 00:48:27.254412,2026-04-10 00:48:34.268522,0 days 00:00:07.014110,354.0,1.0,114.0,155.4,0.49,COMPLETE
15505,0.825,2026-04-10 00:48:34.289636,2026-04-10 00:49:08.541118,0 days 00:00:34.251482,409.0,1.0,116.9,152.9,0.0,COMPLETE
15506,0.6875,2026-04-10 00:49:08.562739,2026-04-10 00:49:15.622709,0 days 00:00:07.059970,410.0,1.0,114.8,156.1,0.18,COMPLETE
15507,0.6875,2026-04-10 00:49:15.644562,2026-04-10 00:49:22.920430,0 days 00:00:07.275868,455.0,2.0,121.3,157.8,0.25,COMPLETE
15508,0.825,2026-04-10 00:49:22.941420,2026-04-10 00:49:56.896405,0 days 00:00:33.954985,408.0,1.0,120.6,156.6,0.0,COMPLETE
15509,0.6875,2026-04-10 00:49:56.917808,2026-04-10 00:50:03.927001,0 days 00:00:07.009193,468.0,1.0,117.5,153.8,0.27,COMPLETE
15510,0.825,2026-04-10 00:50:03.947704,2026-04-10 00:50:38.124721,0 days 00:00:34.177017,474.0,1.0,117.2,156.0,0.0,COMPLETE
15511,0.825,2026-04-10 00:50:38.144706,2026-04-10 00:51:12.685598,0 days 00:00:34.540892,438.0,1.0,123.7,154.8,0.19,COMPLETE
15512,0.825,2026-04-10 00:51:12.707352,2026-04-10 00:51:46.978355,0 days 00:00:34.271003,336.0,2.0,123.0,155.3,0.0,COMPLETE
15513,0.6875,2026-04-10 00:51:46.999891,2026-04-10 00:51:54.502876,0 days 00:00:07.502985,433.0,1.0,115.2,156.6,0.18,COMPLETE
15514,0.825,2026-04-10 00:51:54.522083,2026-04-10 00:52:28.725277,0 days 00:00:34.203194,484.0,1.0,118.8,155.9,0.0,COMPLETE
15515,0.6875,2026-04-10 00:52:28.747323,2026-04-10 00:52:35.926665,0 days 00:00:07.179342,455.0,1.0,115.1,153.6,0.52,COMPLETE
15516,0.6875,2026-04-10 00:52:35.948076,2026-04-10 00:52:42.665651,0 days 00:00:06.717575,442.0,1.0,116.8,153.6,0.47000000000000003,COMPLETE
15517,0.6875,2026-04-10 00:52:42.685946,2026-04-10 00:52:49.552183,0 days 00:00:06.866237,446.0,1.0,114.2,153.8,0.22,COMPLETE
15518,0.6875,2026-04-10 00:52:49.572812,2026-04-10 00:52:56.430155,0 days 00:00:06.857343,404.0,1.0,117.8,153.6,0.0,COMPLETE
15519,0.6875,2026-04-10 00:52:56.449712,2026-04-10 00:53:03.235036,0 days 00:00:06.785324,395.0,1.0,114.9,155.0,0.46,COMPLETE
15520,0.6875,2026-04-10 00:53:03.254657,2026-04-10 00:53:09.958044,0 days 00:00:06.703387,374.0,1.0,113.1,154.9,0.22,COMPLETE
15521,0.6875,2026-04-10 00:53:09.978826,2026-04-10 00:53:16.816918,0 days 00:00:06.838092,388.0,1.0,114.7,152.9,0.43,COMPLETE
15522,0.6875,2026-04-10 00:53:16.836054,2026-04-10 00:53:23.649303,0 days 00:00:06.813249,462.0,1.0,115.8,156.1,0.38,COMPLETE
15523,0.6875,2026-04-10 00:53:23.671052,2026-04-10 00:53:31.347141,0 days 00:00:07.676089,392.0,1.0,123.7,154.3,0.28,COMPLETE
15524,0.6875,2026-04-10 00:53:31.367244,2026-04-10 00:53:38.933362,0 days 00:00:07.566118,383.0,1.0,114.9,154.8,0.0,COMPLETE
15525,0.6875,2026-04-10 00:53:38.954658,2026-04-10 00:53:46.118580,0 days 00:00:07.163922,487.0,3.0,121.0,154.8,1.18,COMPLETE
15526,0.825,2026-04-10 00:53:46.140479,2026-04-10 00:54:20.351666,0 days 00:00:34.211187,462.0,1.0,122.0,157.7,0.44,COMPLETE
15527,0.825,2026-04-10 00:54:20.374167,2026-04-10 00:54:54.626183,0 days 00:00:34.252016,495.0,2.0,125.0,154.8,0.33,COMPLETE
15528,0.6875,2026-04-10 00:54:54.648262,2026-04-10 00:55:02.019787,0 days 00:00:07.371525,446.0,2.0,116.9,152.1,0.16,COMPLETE
15529,0.6875,2026-04-10 00:55:02.039788,2026-04-10 00:55:08.962875,0 days 00:00:06.923087,331.0,1.0,118.0,154.4,0.47000000000000003,COMPLETE
15530,0.825,2026-04-10 00:55:08.984731,2026-04-10 00:55:43.263611,0 days 00:00:34.278880,450.0,2.0,120.5,155.9,0.21,COMPLETE
15531,0.825,2026-04-10 00:55:43.286219,2026-04-10 00:56:17.573311,0 days 00:00:34.287092,381.0,1.0,118.3,154.4,0.0,COMPLETE
15532,0.6875,2026-04-10 00:56:17.593516,2026-04-10 00:56:24.420941,0 days 00:00:06.827425,365.0,1.0,116.7,153.6,0.0,COMPLETE
15533,0.825,2026-04-10 00:56:24.442084,2026-04-10 00:56:58.782646,0 days 00:00:34.340562,431.0,1.0,120.7,155.4,0.3,COMPLETE
15534,0.6875,2026-04-10 00:56:58.804583,2026-04-10 00:57:06.028704,0 days 00:00:07.224121,411.0,1.0,115.2,153.8,0.2,COMPLETE
15535,0.6875,2026-04-10 00:57:06.047710,2026-04-10 00:57:13.026632,0 days 00:00:06.978922,326.0,2.0,116.1,152.0,0.0,COMPLETE
15536,0.6875,2026-04-10 00:57:13.049054,2026-04-10 00:57:20.152143,0 days 00:00:07.103089,348.0,1.0,116.5,157.3,0.0,COMPLETE
15537,0.6875,2026-04-10 00:57:20.171818,2026-04-10 00:57:27.289729,0 days 00:00:07.117911,403.0,1.0,115.9,151.8,0.48,COMPLETE
15538,0.6875,2026-04-10 00:57:27.308698,2026-04-10 00:57:33.949874,0 days 00:00:06.641176,370.0,1.0,115.1,152.6,0.0,COMPLETE
15539,0.6875,2026-04-10 00:57:33.970738,2026-04-10 00:57:40.594207,0 days 00:00:06.623469,340.0,1.0,115.8,151.8,0.03,COMPLETE
15540,0.6875,2026-04-10 00:57:40.615642,2026-04-10 00:57:47.481292,0 days 00:00:06.865650,451.0,1.0,117.4,155.1,0.44,COMPLETE
15541,0.6875,2026-04-10 00:57:47.502720,2026-04-10 00:57:54.293072,0 days 00:00:06.790352,370.0,2.0,117.6,155.2,0.01,COMPLETE
15542,0.6875,2026-04-10 00:57:54.313858,2026-04-10 00:58:00.850369,0 days 00:00:06.536511,337.0,1.0,117.3,155.4,0.28,COMPLETE
15543,0.6875,2026-04-10 00:58:00.872201,2026-04-10 00:58:07.631594,0 days 00:00:06.759393,499.0,2.0,115.7,156.7,0.0,COMPLETE
15544,0.6875,2026-04-10 00:58:07.652378,2026-04-10 00:58:14.763400,0 days 00:00:07.111022,360.0,1.0,116.6,154.2,0.74,COMPLETE
15545,0.6875,2026-04-10 00:58:14.785202,2026-04-10 00:58:21.657012,0 days 00:00:06.871810,461.0,1.0,114.1,153.3,0.01,COMPLETE
15546,0.6875,2026-04-10 00:58:21.677954,2026-04-10 00:58:29.368707,0 days 00:00:07.690753,425.0,2.0,124.2,153.0,0.33,COMPLETE
15547,0.6875,2026-04-10 00:58:29.389689,2026-04-10 00:58:36.538073,0 days 00:00:07.148384,303.0,3.0,122.1,149.6,0.91,COMPLETE
15548,0.6875,2026-04-10 00:58:36.559668,2026-04-10 00:58:43.877451,0 days 00:00:07.317783,450.0,2.0,126.0,155.3,0.46,COMPLETE
15549,0.6875,2026-04-10 00:58:43.896302,2026-04-10 00:58:51.584356,0 days 00:00:07.688054,378.0,2.0,118.0,152.7,0.0,COMPLETE
15550,0.6875,2026-04-10 00:58:51.604205,2026-04-10 00:58:58.965116,0 days 00:00:07.360911,265.0,2.0,122.9,155.5,0.21,COMPLETE
15551,0.6875,2026-04-10 00:58:58.984490,2026-04-10 00:59:05.746278,0 days 00:00:06.761788,290.0,2.0,121.1,154.7,0.21,COMPLETE
15552,0.825,2026-04-10 00:59:05.769022,2026-04-10 00:59:39.817784,0 days 00:00:34.048762,377.0,1.0,117.9,156.5,0.19,COMPLETE
15553,0.6875,2026-04-10 00:59:39.837970,2026-04-10 00:59:46.916610,0 days 00:00:07.078640,343.0,1.0,115.8,153.0,0.22,COMPLETE
15554,0.6875,2026-04-10 00:59:46.937709,2026-04-10 00:59:53.775881,0 days 00:00:06.838172,429.0,1.0,114.3,155.3,0.16,COMPLETE
15555,0.825,2026-04-10 00:59:53.796712,2026-04-10 01:00:28.452436,0 days 00:00:34.655724,303.0,1.0,118.9,153.9,0.0,COMPLETE
15556,0.6875,2026-04-10 01:00:28.472656,2026-04-10 01:00:35.506104,0 days 00:00:07.033448,471.0,1.0,115.3,154.8,0.2,COMPLETE
15557,0.6875,2026-04-10 01:00:35.525668,2026-04-10 01:00:42.474612,0 days 00:00:06.948944,310.0,1.0,117.2,154.7,0.01,COMPLETE
15558,0.6875,2026-04-10 01:00:42.496936,2026-04-10 01:00:49.289317,0 days 00:00:06.792381,471.0,1.0,118.1,152.6,0.39,COMPLETE
15559,0.6875,2026-04-10 01:00:49.311070,2026-04-10 01:00:56.173725,0 days 00:00:06.862655,426.0,1.0,116.5,155.8,0.2,COMPLETE
15560,0.825,2026-04-10 01:00:56.195849,2026-04-10 01:01:30.406574,0 days 00:00:34.210725,376.0,1.0,119.3,155.0,0.0,COMPLETE
15561,0.6875,2026-04-10 01:01:30.427583,2026-04-10 01:01:37.407670,0 days 00:00:06.980087,430.0,2.0,116.4,153.6,0.4,COMPLETE
15562,0.6875,2026-04-10 01:01:37.434252,2026-04-10 01:01:44.351456,0 days 00:00:06.917204,500.0,1.0,120.8,153.8,0.65,COMPLETE
15563,0.6875,2026-04-10 01:01:44.372786,2026-04-10 01:01:51.860695,0 days 00:00:07.487909,260.0,2.0,122.9,158.0,0.16,COMPLETE
15564,0.6875,2026-04-10 01:01:51.882041,2026-04-10 01:01:59.564394,0 days 00:00:07.682353,416.0,1.0,115.2,152.2,0.0,COMPLETE
15565,0.6875,2026-04-10 01:01:59.585537,2026-04-10 01:02:06.655833,0 days 00:00:07.070296,457.0,2.0,115.1,157.4,0.31,COMPLETE
15566,0.6875,2026-04-10 01:02:06.675450,2026-04-10 01:02:13.712084,0 days 00:00:07.036634,459.0,1.0,115.3,152.4,0.54,COMPLETE
15567,0.825,2026-04-10 01:02:13.733253,2026-04-10 01:02:48.492264,0 days 00:00:34.759011,435.0,2.0,123.5,156.2,0.46,COMPLETE
15568,0.825,2026-04-10 01:02:48.511576,2026-04-10 01:03:23.037511,0 days 00:00:34.525935,418.0,1.0,117.6,156.0,0.22,COMPLETE
15569,0.6875,2026-04-10 01:03:23.060906,2026-04-10 01:03:30.290557,0 days 00:00:07.229651,416.0,2.0,113.7,152.8,0.01,COMPLETE
15570,0.825,2026-04-10 01:03:30.313306,2026-04-10 01:04:04.528204,0 days 00:00:34.214898,452.0,2.0,118.0,154.8,0.25,COMPLETE
15571,0.825,2026-04-10 01:04:04.548567,2026-04-10 01:04:38.563316,0 days 00:00:34.014749,393.0,2.0,118.4,155.4,0.45,COMPLETE
15572,0.825,2026-04-10 01:04:38.585764,2026-04-10 01:05:12.601675,0 days 00:00:34.015911,426.0,1.0,118.3,157.6,0.17,COMPLETE
15573,0.6875,2026-04-10 01:05:12.623861,2026-04-10 01:05:19.587264,0 days 00:00:06.963403,455.0,2.0,117.1,153.8,0.25,COMPLETE
15574,0.825,2026-04-10 01:05:19.606782,2026-04-10 01:05:54.339577,0 days 00:00:34.732795,450.0,2.0,124.1,156.1,0.06,COMPLETE
15575,0.6875,2026-04-10 01:05:54.359918,2026-04-10 01:06:01.415285,0 days 00:00:07.055367,430.0,2.0,120.7,154.8,0.6,COMPLETE
15576,0.6875,2026-04-10 01:06:01.436998,2026-04-10 01:06:08.988854,0 days 00:00:07.551856,369.0,1.0,113.9,155.1,0.0,COMPLETE
15577,0.6875,2026-04-10 01:06:09.009174,2026-04-10 01:06:15.889175,0 days 00:00:06.880001,371.0,1.0,116.8,155.3,0.41000000000000003,COMPLETE
15578,0.6875,2026-04-10 01:06:15.911251,2026-04-10 01:06:22.999538,0 days 00:00:07.088287,399.0,1.0,121.1,152.5,0.37,COMPLETE
15579,0.6875,2026-04-10 01:06:23.020502,2026-04-10 01:06:30.060326,0 days 00:00:07.039824,484.0,2.0,123.8,156.5,1.0,COMPLETE
15580,0.6875,2026-04-10 01:06:30.079994,2026-04-10 01:06:38.080294,0 days 00:00:08.000300,332.0,2.0,113.4,157.8,0.33,COMPLETE
15581,0.6875,2026-04-10 01:06:38.101017,2026-04-10 01:06:45.689581,0 days 00:00:07.588564,195.0,2.0,117.9,152.4,0.71,COMPLETE
15582,0.015625,2026-04-10 01:06:45.708520,2026-04-10 01:06:52.435855,0 days 00:00:06.727335,498.0,2.0,116.6,156.1,0.0,COMPLETE
15583,0.6875,2026-04-10 01:06:52.457867,2026-04-10 01:06:59.782473,0 days 00:00:07.324606,458.0,2.0,119.0,148.0,0.05,COMPLETE
15584,0.6875,2026-04-10 01:06:59.802707,2026-04-10 01:07:07.393862,0 days 00:00:07.591155,485.0,1.0,119.3,158.6,0.46,COMPLETE
15585,0.6875,2026-04-10 01:07:07.416303,2026-04-10 01:07:14.786563,0 days 00:00:07.370260,354.0,1.0,114.5,153.9,0.0,COMPLETE
15586,0.6875,2026-04-10 01:07:14.806690,2026-04-10 01:07:21.538116,0 days 00:00:06.731426,385.0,1.0,117.3,154.1,0.28,COMPLETE
15587,0.6875,2026-04-10 01:07:21.560004,2026-04-10 01:07:28.105646,0 days 00:00:06.545642,411.0,2.0,116.2,155.2,0.18,COMPLETE
15588,0.6875,2026-04-10 01:07:28.124113,2026-04-10 01:07:35.787324,0 days 00:00:07.663211,279.0,2.0,125.7,155.5,0.11,COMPLETE
15589,0.6875,2026-04-10 01:07:35.809808,2026-04-10 01:07:43.136144,0 days 00:00:07.326336,353.0,2.0,117.5,153.5,0.29,COMPLETE
15590,0.6875,2026-04-10 01:07:43.156803,2026-04-10 01:07:50.446222,0 days 00:00:07.289419,196.0,2.0,121.5,155.6,0.24,COMPLETE
15591,0.6875,2026-04-10 01:07:50.467668,2026-04-10 01:07:57.579003,0 days 00:00:07.111335,400.0,1.0,115.1,153.7,0.51,COMPLETE
15592,0.6875,2026-04-10 01:07:57.598022,2026-04-10 01:08:05.151674,0 days 00:00:07.553652,242.0,2.0,123.6,154.5,0.47000000000000003,COMPLETE
15593,0.671875,2026-04-10 01:08:05.173265,2026-04-10 01:08:11.985069,0 days 00:00:06.811804,390.0,2.0,120.5,151.5,0.22,COMPLETE
15594,0.0,2026-04-10 01:08:12.004083,2026-04-10 01:08:18.843848,0 days 00:00:06.839765,411.0,2.0,116.4,153.3,0.0,COMPLETE
15595,0.6875,2026-04-10 01:08:18.867149,2026-04-10 01:08:26.170855,0 days 00:00:07.303706,233.0,1.0,122.6,155.2,0.05,COMPLETE
15596,0.6875,2026-04-10 01:08:26.192802,2026-04-10 01:08:33.204505,0 days 00:00:07.011703,398.0,1.0,116.6,154.9,0.39,COMPLETE
15597,0.825,2026-04-10 01:08:33.223619,2026-04-10 01:09:07.384625,0 days 00:00:34.161006,394.0,1.0,118.6,154.9,0.0,COMPLETE
15598,0.6875,2026-04-10 01:09:07.407207,2026-04-10 01:09:14.513641,0 days 00:00:07.106434,475.0,1.0,114.4,157.1,0.27,COMPLETE
15599,0.825,2026-04-10 01:09:14.531858,2026-04-10 01:09:49.867456,0 days 00:00:35.335598,358.0,1.0,124.8,155.2,0.09,COMPLETE
15600,0.6875,2026-04-10 01:09:49.889774,2026-04-10 01:09:57.202903,0 days 00:00:07.313129,359.0,1.0,119.7,151.9,0.16,COMPLETE
15601,0.6875,2026-04-10 01:09:57.224174,2026-04-10 01:10:04.178522,0 days 00:00:06.954348,375.0,1.0,116.3,154.3,0.21,COMPLETE
15602,0.825,2026-04-10 01:10:04.199450,2026-04-10 01:10:38.251569,0 days 00:00:34.052119,390.0,1.0,118.3,156.7,0.24,COMPLETE
15603,0.6875,2026-04-10 01:10:38.273846,2026-04-10 01:10:45.148438,0 days 00:00:06.874592,396.0,1.0,118.5,154.1,0.35000000000000003,COMPLETE
15604,0.825,2026-04-10 01:10:45.169509,2026-04-10 01:11:19.213054,0 days 00:00:34.043545,440.0,1.0,119.4,156.2,0.32,COMPLETE
15605,0.6875,2026-04-10 01:11:19.234262,2026-04-10 01:11:26.123717,0 days 00:00:06.889455,449.0,1.0,117.7,154.6,0.0,COMPLETE
15606,0.6875,2026-04-10 01:11:26.145578,2026-04-10 01:11:32.777875,0 days 00:00:06.632297,448.0,1.0,116.8,154.1,0.16,COMPLETE
15607,0.6875,2026-04-10 01:11:32.799956,2026-04-10 01:11:40.093598,0 days 00:00:07.293642,499.0,2.0,121.5,158.6,0.01,COMPLETE
15608,0.6875,2026-04-10 01:11:40.112600,2026-04-10 01:11:47.828062,0 days 00:00:07.715462,347.0,1.0,117.8,151.1,0.18,COMPLETE
15609,0.6875,2026-04-10 01:11:47.848570,2026-04-10 01:11:54.673000,0 days 00:00:06.824430,407.0,2.0,115.2,152.7,0.23,COMPLETE
15610,0.6875,2026-04-10 01:11:54.693249,2026-04-10 01:12:01.452599,0 days 00:00:06.759350,439.0,1.0,113.0,153.1,0.78,COMPLETE
15611,0.825,2026-04-10 01:12:01.474608,2026-04-10 01:12:35.731636,0 days 00:00:34.257028,451.0,1.0,118.3,154.9,0.01,COMPLETE
15612,0.6875,2026-04-10 01:12:35.752726,2026-04-10 01:12:42.734830,0 days 00:00:06.982104,447.0,1.0,114.6,153.2,0.23,COMPLETE
15613,0.825,2026-04-10 01:12:42.755715,2026-04-10 01:12:56.306494,0 days 00:00:13.550779,471.0,2.0,117.0,154.2,0.01,COMPLETE
15614,0.6875,2026-04-10 01:12:56.328022,2026-04-10 01:13:03.295938,0 days 00:00:06.967916,422.0,1.0,114.9,156.6,0.47000000000000003,COMPLETE
15615,0.6875,2026-04-10 01:13:03.316867,2026-04-10 01:13:10.235536,0 days 00:00:06.918669,433.0,1.0,117.6,153.2,0.19,COMPLETE
15616,0.6875,2026-04-10 01:13:10.256923,2026-04-10 01:13:17.136176,0 days 00:00:06.879253,483.0,1.0,115.2,156.0,0.28,COMPLETE
15617,0.6875,2026-04-10 01:13:17.161626,2026-04-10 01:13:25.210731,0 days 00:00:08.049105,299.0,2.0,126.0,156.0,0.5,COMPLETE
15618,0.6875,2026-04-10 01:13:25.229990,2026-04-10 01:13:32.941822,0 days 00:00:07.711832,399.0,1.0,116.1,153.2,0.0,COMPLETE
15619,0.825,2026-04-10 01:13:32.965365,2026-04-10 01:14:07.640645,0 days 00:00:34.675280,400.0,1.0,122.9,156.8,0.6900000000000001,COMPLETE
15620,0.6875,2026-04-10 01:14:07.660416,2026-04-10 01:14:15.250032,0 days 00:00:07.589616,466.0,1.0,115.2,155.6,0.01,COMPLETE
15621,0.6875,2026-04-10 01:14:15.269579,2026-04-10 01:14:22.592665,0 days 00:00:07.323086,267.0,2.0,120.3,156.0,0.47000000000000003,COMPLETE
15622,0.6875,2026-04-10 01:14:22.616148,2026-04-10 01:14:29.832391,0 days 00:00:07.216243,279.0,1.0,114.1,154.1,0.29,COMPLETE
15623,0.6875,2026-04-10 01:14:29.854167,2026-04-10 01:14:36.725621,0 days 00:00:06.871454,421.0,2.0,115.6,157.4,0.07,COMPLETE
15624,0.6875,2026-04-10 01:14:36.749110,2026-04-10 01:14:43.469793,0 days 00:00:06.720683,401.0,1.0,115.9,155.9,0.7000000000000001,COMPLETE
15625,0.6875,2026-04-10 01:14:43.490622,2026-04-10 01:14:50.093642,0 days 00:00:06.603020,416.0,1.0,116.7,155.7,0.22,COMPLETE
