number,value,datetime_start,datetime_complete,duration,params_voltage,params_width,params_x,params_y,params_z,state
5391,0.6875,2026-04-05 19:46:35.590284,2026-04-05 19:46:42.978208,0 days 00:00:07.387924,211.0,2.0,123.0,154.4,0.0,COMPLETE
5392,0.6875,2026-04-05 19:46:42.993723,2026-04-05 19:46:50.410088,0 days 00:00:07.416365,361.0,1.0,114.7,152.3,0.29,COMPLETE
5393,0.6875,2026-04-05 19:46:50.425975,2026-04-05 19:46:57.260820,0 days 00:00:06.834845,361.0,1.0,116.9,155.5,0.37,COMPLETE
5394,0.6875,2026-04-05 19:46:57.274082,2026-04-05 19:47:03.983129,0 days 00:00:06.709047,451.0,1.0,115.7,153.5,0.0,COMPLETE
5395,0.6875,2026-04-05 19:47:03.998573,2026-04-05 19:47:10.826726,0 days 00:00:06.828153,426.0,1.0,116.1,157.4,0.21,COMPLETE
5396,0.6875,2026-04-05 19:47:10.839903,2026-04-05 19:47:17.518372,0 days 00:00:06.678469,381.0,2.0,115.6,155.3,0.32,COMPLETE
5397,0.6875,2026-04-05 19:47:17.534375,2026-04-05 19:47:24.068973,0 days 00:00:06.534598,346.0,1.0,116.6,155.6,0.26,COMPLETE
5398,0.6875,2026-04-05 19:47:24.083659,2026-04-05 19:47:30.780568,0 days 00:00:06.696909,448.0,1.0,115.4,157.5,0.0,COMPLETE
5399,0.6875,2026-04-05 19:47:30.797142,2026-04-05 19:47:39.226025,0 days 00:00:08.428883,325.0,1.0,126.4,149.0,1.97,COMPLETE
5400,0.825,2026-04-05 19:47:39.241632,2026-04-05 19:48:14.096502,0 days 00:00:34.854870,394.0,1.0,118.2,155.4,0.21,COMPLETE
5401,0.6875,2026-04-05 19:48:14.111733,2026-04-05 19:48:21.098876,0 days 00:00:06.987143,423.0,1.0,114.7,152.5,0.02,COMPLETE
5402,0.6875,2026-04-05 19:48:21.113622,2026-04-05 19:48:27.846616,0 days 00:00:06.732994,405.0,2.0,116.2,150.7,0.28,COMPLETE
5403,0.6875,2026-04-05 19:48:27.862433,2026-04-05 19:48:35.382127,0 days 00:00:07.519694,337.0,1.0,123.3,148.2,1.52,COMPLETE
5404,0.6875,2026-04-05 19:48:35.399633,2026-04-05 19:48:43.235375,0 days 00:00:07.835742,420.0,1.0,114.7,155.8,0.22,COMPLETE
5405,0.6875,2026-04-05 19:48:43.250814,2026-04-05 19:48:50.072311,0 days 00:00:06.821497,382.0,1.0,116.4,152.1,0.0,COMPLETE
5406,0.6875,2026-04-05 19:48:50.087506,2026-04-05 19:48:57.232590,0 days 00:00:07.145084,371.0,1.0,113.2,157.6,0.35000000000000003,COMPLETE
5407,0.6875,2026-04-05 19:48:57.247756,2026-04-05 19:49:04.429784,0 days 00:00:07.182028,317.0,1.0,116.2,154.0,0.29,COMPLETE
5408,0.825,2026-04-05 19:49:04.445428,2026-04-05 19:49:24.039058,0 days 00:00:19.593630,379.0,1.0,116.4,153.5,0.23,COMPLETE
5409,0.6875,2026-04-05 19:49:24.054610,2026-04-05 19:49:31.440695,0 days 00:00:07.386085,495.0,2.0,123.5,154.1,0.44,COMPLETE
5410,0.6875,2026-04-05 19:49:31.456079,2026-04-05 19:49:39.330061,0 days 00:00:07.873982,379.0,1.0,113.2,155.4,0.27,COMPLETE
5411,0.825,2026-04-05 19:49:39.345368,2026-04-05 19:50:13.643293,0 days 00:00:34.297925,462.0,1.0,117.3,156.6,0.18,COMPLETE
5412,0.6875,2026-04-05 19:50:13.658570,2026-04-05 19:50:20.750514,0 days 00:00:07.091944,429.0,1.0,117.2,151.6,0.64,COMPLETE
5413,0.6875,2026-04-05 19:50:20.765771,2026-04-05 19:50:27.390644,0 days 00:00:06.624873,405.0,1.0,117.2,153.2,0.0,COMPLETE
5414,0.6875,2026-04-05 19:50:27.406374,2026-04-05 19:50:34.034931,0 days 00:00:06.628557,369.0,2.0,115.4,153.1,0.31,COMPLETE
5415,0.825,2026-04-05 19:50:34.050477,2026-04-05 19:51:08.174536,0 days 00:00:34.124059,462.0,1.0,118.4,154.3,0.53,COMPLETE
5416,0.6875,2026-04-05 19:51:08.189589,2026-04-05 19:51:15.015380,0 days 00:00:06.825791,422.0,2.0,115.6,155.4,0.36,COMPLETE
5417,0.825,2026-04-05 19:51:15.031275,2026-04-05 19:51:28.507361,0 days 00:00:13.476086,447.0,1.0,117.9,154.2,0.0,COMPLETE
5418,0.671875,2026-04-05 19:51:28.522779,2026-04-05 19:51:35.255094,0 days 00:00:06.732315,414.0,1.0,116.8,154.6,0.02,COMPLETE
5419,0.015625,2026-04-05 19:51:35.268534,2026-04-05 19:51:41.848274,0 days 00:00:06.579740,384.0,1.0,115.4,154.8,0.01,COMPLETE
5420,0.6875,2026-04-05 19:51:41.863621,2026-04-05 19:51:48.571639,0 days 00:00:06.708018,431.0,1.0,116.3,156.7,0.01,COMPLETE
5421,0.6875,2026-04-05 19:51:48.583650,2026-04-05 19:51:55.193985,0 days 00:00:06.610335,437.0,2.0,117.4,155.6,0.3,COMPLETE
5422,0.6875,2026-04-05 19:51:55.209810,2026-04-05 19:52:01.771820,0 days 00:00:06.562010,414.0,2.0,117.5,154.5,0.05,COMPLETE
5423,0.825,2026-04-05 19:52:01.785997,2026-04-05 19:52:58.015943,0 days 00:00:56.229946,447.0,1.0,124.1,154.4,0.41000000000000003,COMPLETE
5424,0.825,2026-04-05 19:52:58.031813,2026-04-05 19:53:32.588767,0 days 00:00:34.556954,338.0,2.0,119.6,155.8,0.3,COMPLETE
5425,0.825,2026-04-05 19:53:32.604174,2026-04-05 19:54:07.348782,0 days 00:00:34.744608,428.0,1.0,119.9,157.1,0.52,COMPLETE
5426,0.825,2026-04-05 19:54:07.364847,2026-04-05 19:54:41.420112,0 days 00:00:34.055265,422.0,1.0,116.7,155.2,0.25,COMPLETE
5427,0.6875,2026-04-05 19:54:41.435300,2026-04-05 19:54:48.241435,0 days 00:00:06.806135,412.0,1.0,116.3,153.1,0.23,COMPLETE
5428,0.6875,2026-04-05 19:54:48.256761,2026-04-05 19:54:55.003317,0 days 00:00:06.746556,419.0,1.0,113.3,154.8,0.0,COMPLETE
5429,0.6875,2026-04-05 19:54:55.018710,2026-04-05 19:55:01.807917,0 days 00:00:06.789207,369.0,1.0,117.1,154.9,0.02,COMPLETE
5430,0.825,2026-04-05 19:55:01.819984,2026-04-05 19:55:35.982593,0 days 00:00:34.162609,499.0,2.0,117.0,156.8,0.01,COMPLETE
5431,0.825,2026-04-05 19:55:35.997906,2026-04-05 19:56:10.023896,0 days 00:00:34.025990,500.0,2.0,116.7,153.7,0.02,COMPLETE
5432,0.6875,2026-04-05 19:56:10.039461,2026-04-05 19:56:16.983816,0 days 00:00:06.944355,500.0,2.0,121.9,154.2,0.55,COMPLETE
5433,0.6875,2026-04-05 19:56:16.998885,2026-04-05 19:56:24.248558,0 days 00:00:07.249673,407.0,1.0,117.2,159.1,0.52,COMPLETE
5434,0.6875,2026-04-05 19:56:24.263979,2026-04-05 19:56:31.131589,0 days 00:00:06.867610,368.0,1.0,119.5,154.1,0.39,COMPLETE
5435,0.825,2026-04-05 19:56:31.146682,2026-04-05 19:57:05.283453,0 days 00:00:34.136771,498.0,1.0,118.5,156.4,0.31,COMPLETE
5436,0.6875,2026-04-05 19:57:05.298947,2026-04-05 19:57:12.345975,0 days 00:00:07.047028,306.0,1.0,117.0,157.2,0.0,COMPLETE
5437,0.6875,2026-04-05 19:57:12.360789,2026-04-05 19:57:19.087697,0 days 00:00:06.726908,439.0,3.0,114.9,158.2,1.11,COMPLETE
5438,0.825,2026-04-05 19:57:19.103748,2026-04-05 19:57:53.442604,0 days 00:00:34.338856,454.0,1.0,116.7,154.0,0.23,COMPLETE
5439,0.6875,2026-04-05 19:57:53.457972,2026-04-05 19:58:00.957290,0 days 00:00:07.499318,377.0,1.0,123.1,153.8,0.52,COMPLETE
5440,0.825,2026-04-05 19:58:00.972100,2026-04-05 19:58:34.920633,0 days 00:00:33.948533,499.0,2.0,122.9,155.9,0.16,COMPLETE
5441,0.825,2026-04-05 19:58:34.935727,2026-04-05 19:59:09.199407,0 days 00:00:34.263680,294.0,2.0,119.7,155.2,0.0,COMPLETE
5442,0.6875,2026-04-05 19:59:09.215155,2026-04-05 19:59:16.270757,0 days 00:00:07.055602,340.0,1.0,116.4,152.7,0.0,COMPLETE
5443,0.6875,2026-04-05 19:59:16.283259,2026-04-05 19:59:22.856339,0 days 00:00:06.573080,429.0,2.0,115.2,153.2,0.0,COMPLETE
5444,0.825,2026-04-05 19:59:22.871762,2026-04-05 19:59:57.074502,0 days 00:00:34.202740,396.0,1.0,118.1,156.4,0.01,COMPLETE
5445,0.825,2026-04-05 19:59:57.090333,2026-04-05 20:00:31.402235,0 days 00:00:34.311902,440.0,2.0,122.4,157.0,0.64,COMPLETE
5446,0.6875,2026-04-05 20:00:31.417231,2026-04-05 20:00:38.826026,0 days 00:00:07.408795,389.0,1.0,115.7,157.4,0.02,COMPLETE
5447,0.6875,2026-04-05 20:00:38.838508,2026-04-05 20:00:45.991671,0 days 00:00:07.153163,453.0,1.0,122.1,155.4,0.64,COMPLETE
5448,0.825,2026-04-05 20:00:46.007563,2026-04-05 20:01:20.268644,0 days 00:00:34.261081,332.0,1.0,118.3,155.1,0.28,COMPLETE
5449,0.6875,2026-04-05 20:01:20.284839,2026-04-05 20:01:26.958338,0 days 00:00:06.673499,500.0,1.0,117.9,153.9,0.34,COMPLETE
5450,0.6875,2026-04-05 20:01:26.972262,2026-04-05 20:01:33.820010,0 days 00:00:06.847748,405.0,1.0,117.5,155.4,0.02,COMPLETE
5451,0.6875,2026-04-05 20:01:33.835335,2026-04-05 20:01:40.348956,0 days 00:00:06.513621,430.0,1.0,117.2,154.7,0.0,COMPLETE
5452,0.6875,2026-04-05 20:01:40.360229,2026-04-05 20:01:47.103900,0 days 00:00:06.743671,364.0,1.0,116.6,154.2,0.26,COMPLETE
5453,0.6875,2026-04-05 20:01:47.119605,2026-04-05 20:01:53.751841,0 days 00:00:06.632236,426.0,1.0,114.8,153.4,0.29,COMPLETE
5454,0.6875,2026-04-05 20:01:53.767292,2026-04-05 20:02:00.548860,0 days 00:00:06.781568,342.0,1.0,115.0,152.5,0.0,COMPLETE
5455,0.6875,2026-04-05 20:02:00.564069,2026-04-05 20:02:07.353123,0 days 00:00:06.789054,496.0,2.0,117.0,150.9,1.41,COMPLETE
5456,0.6875,2026-04-05 20:02:07.366452,2026-04-05 20:02:14.980868,0 days 00:00:07.614416,180.0,2.0,120.8,152.7,1.9000000000000001,COMPLETE
5457,0.6875,2026-04-05 20:02:14.992338,2026-04-05 20:02:22.439496,0 days 00:00:07.447158,441.0,2.0,113.1,156.0,0.31,COMPLETE
5458,0.825,2026-04-05 20:02:22.454915,2026-04-05 20:02:56.784350,0 days 00:00:34.329435,396.0,1.0,118.5,153.5,0.01,COMPLETE
5459,0.825,2026-04-05 20:02:56.799939,2026-04-05 20:03:10.189569,0 days 00:00:13.389630,381.0,1.0,116.5,154.0,0.0,COMPLETE
5460,0.6875,2026-04-05 20:03:10.205197,2026-04-05 20:03:16.985714,0 days 00:00:06.780517,400.0,1.0,115.0,155.2,0.26,COMPLETE
5461,0.6875,2026-04-05 20:03:17.000916,2026-04-05 20:03:23.424695,0 days 00:00:06.423779,445.0,1.0,114.9,155.3,0.28,COMPLETE
5462,0.825,2026-04-05 20:03:23.440939,2026-04-05 20:03:57.980791,0 days 00:00:34.539852,382.0,2.0,122.4,154.7,0.07,COMPLETE
5463,0.825,2026-04-05 20:03:57.996168,2026-04-05 20:04:31.798017,0 days 00:00:33.801849,402.0,1.0,122.6,154.6,0.03,COMPLETE
5464,0.6875,2026-04-05 20:04:31.810942,2026-04-05 20:04:39.020565,0 days 00:00:07.209623,184.0,2.0,123.1,153.9,0.6,COMPLETE
5465,0.015625,2026-04-05 20:04:39.035530,2026-04-05 20:04:46.256343,0 days 00:00:07.220813,462.0,1.0,116.8,156.1,0.03,COMPLETE
5466,0.6875,2026-04-05 20:04:46.271692,2026-04-05 20:04:53.419279,0 days 00:00:07.147587,376.0,1.0,120.9,154.1,0.0,COMPLETE
5467,0.6875,2026-04-05 20:04:53.434909,2026-04-05 20:05:00.797407,0 days 00:00:07.362498,406.0,1.0,113.2,156.2,0.0,COMPLETE
5468,0.825,2026-04-05 20:05:00.814608,2026-04-05 20:05:35.279076,0 days 00:00:34.464468,456.0,2.0,118.4,156.0,0.48,COMPLETE
5469,0.825,2026-04-05 20:05:35.294330,2026-04-05 20:06:09.053608,0 days 00:00:33.759278,500.0,1.0,117.9,155.7,0.11,COMPLETE
5470,0.825,2026-04-05 20:06:09.068043,2026-04-05 20:06:43.077643,0 days 00:00:34.009600,300.0,1.0,117.1,155.7,0.02,COMPLETE
5471,0.6875,2026-04-05 20:06:43.093986,2026-04-05 20:06:50.565413,0 days 00:00:07.471427,427.0,2.0,125.2,157.0,0.26,COMPLETE
5472,0.6875,2026-04-05 20:06:50.581018,2026-04-05 20:06:58.331923,0 days 00:00:07.750905,420.0,1.0,115.3,152.9,0.28,COMPLETE
5473,0.6875,2026-04-05 20:06:58.344087,2026-04-05 20:07:06.124838,0 days 00:00:07.780751,286.0,3.0,124.5,154.1,0.47000000000000003,COMPLETE
5474,0.6875,2026-04-05 20:07:06.140378,2026-04-05 20:07:12.983343,0 days 00:00:06.842965,264.0,3.0,122.5,157.1,1.93,COMPLETE
5475,0.825,2026-04-05 20:07:12.998647,2026-04-05 20:07:47.136591,0 days 00:00:34.137944,454.0,2.0,122.8,155.2,0.41000000000000003,COMPLETE
5476,0.6875,2026-04-05 20:07:47.151607,2026-04-05 20:07:54.307915,0 days 00:00:07.156308,500.0,1.0,115.8,153.2,0.04,COMPLETE
5477,0.6875,2026-04-05 20:07:54.323720,2026-04-05 20:08:00.904383,0 days 00:00:06.580663,452.0,1.0,113.4,153.5,0.0,COMPLETE
5478,0.6875,2026-04-05 20:08:00.920147,2026-04-05 20:08:07.763923,0 days 00:00:06.843776,304.0,1.0,113.5,155.9,0.0,COMPLETE
5479,0.6875,2026-04-05 20:08:07.777894,2026-04-05 20:08:14.385200,0 days 00:00:06.607306,420.0,2.0,114.9,157.5,0.34,COMPLETE
5480,0.6875,2026-04-05 20:08:14.401302,2026-04-05 20:08:21.014709,0 days 00:00:06.613407,438.0,1.0,114.8,155.0,0.0,COMPLETE
5481,0.825,2026-04-05 20:08:21.030528,2026-04-05 20:08:55.185283,0 days 00:00:34.154755,445.0,1.0,118.3,156.0,0.37,COMPLETE
5482,0.825,2026-04-05 20:08:55.200850,2026-04-05 20:09:29.261803,0 days 00:00:34.060953,438.0,2.0,120.7,156.3,0.33,COMPLETE
5483,0.825,2026-04-05 20:09:29.277421,2026-04-05 20:10:03.293342,0 days 00:00:34.015921,398.0,1.0,118.7,155.0,0.3,COMPLETE
5484,0.6875,2026-04-05 20:10:03.309522,2026-04-05 20:10:10.631873,0 days 00:00:07.322351,303.0,2.0,123.8,155.6,0.1,COMPLETE
5485,0.6875,2026-04-05 20:10:10.647463,2026-04-05 20:10:17.851862,0 days 00:00:07.204399,456.0,1.0,117.0,154.7,0.34,COMPLETE
5486,0.825,2026-04-05 20:10:17.867534,2026-04-05 20:10:52.420292,0 days 00:00:34.552758,381.0,2.0,122.8,157.1,0.1,COMPLETE
5487,0.6875,2026-04-05 20:10:52.435780,2026-04-05 20:10:59.698837,0 days 00:00:07.263057,346.0,1.0,118.6,153.2,0.26,COMPLETE
5488,0.6875,2026-04-05 20:10:59.714371,2026-04-05 20:11:06.381355,0 days 00:00:06.666984,482.0,2.0,120.3,154.5,0.71,COMPLETE
5489,0.6875,2026-04-05 20:11:06.397246,2026-04-05 20:11:13.526069,0 days 00:00:07.128823,442.0,2.0,114.2,154.9,0.32,COMPLETE
5490,0.6875,2026-04-05 20:11:13.537906,2026-04-05 20:11:20.098732,0 days 00:00:06.560826,428.0,1.0,114.8,156.0,0.02,COMPLETE
5491,0.6875,2026-04-05 20:11:20.114614,2026-04-05 20:11:26.780632,0 days 00:00:06.666018,414.0,1.0,116.6,154.8,0.27,COMPLETE
5492,0.6875,2026-04-05 20:11:26.795187,2026-04-05 20:11:33.402229,0 days 00:00:06.607042,435.0,2.0,115.0,154.7,0.0,COMPLETE
5493,0.825,2026-04-05 20:11:33.417575,2026-04-05 20:12:07.950552,0 days 00:00:34.532977,431.0,1.0,121.6,155.1,0.2,COMPLETE
5494,0.6875,2026-04-05 20:12:07.966376,2026-04-05 20:12:15.380053,0 days 00:00:07.413677,395.0,1.0,114.8,153.5,0.01,COMPLETE
5495,0.6875,2026-04-05 20:12:15.395306,2026-04-05 20:12:23.269050,0 days 00:00:07.873744,284.0,2.0,124.6,155.7,0.61,COMPLETE
5496,0.6875,2026-04-05 20:12:23.285068,2026-04-05 20:12:30.657408,0 days 00:00:07.372340,441.0,1.0,116.3,156.5,0.36,COMPLETE
5497,0.6875,2026-04-05 20:12:30.673118,2026-04-05 20:12:37.406628,0 days 00:00:06.733510,384.0,1.0,116.2,154.0,0.54,COMPLETE
5498,0.825,2026-04-05 20:12:37.419847,2026-04-05 20:13:11.431856,0 days 00:00:34.012009,482.0,1.0,118.0,154.4,0.01,COMPLETE
5499,0.6875,2026-04-05 20:13:11.446911,2026-04-05 20:13:18.179083,0 days 00:00:06.732172,424.0,1.0,117.3,153.0,0.53,COMPLETE
5500,0.825,2026-04-05 20:13:18.194722,2026-04-05 20:13:52.163027,0 days 00:00:33.968305,395.0,1.0,119.3,155.7,0.64,COMPLETE
5501,0.825,2026-04-05 20:13:52.178705,2026-04-05 20:14:26.223997,0 days 00:00:34.045292,494.0,2.0,120.6,157.4,0.6,COMPLETE
5502,0.6875,2026-04-05 20:14:26.238329,2026-04-05 20:14:33.457937,0 days 00:00:07.219608,486.0,1.0,114.3,156.1,0.27,COMPLETE
5503,0.6875,2026-04-05 20:14:33.473175,2026-04-05 20:14:40.585899,0 days 00:00:07.112724,472.0,1.0,114.7,150.0,0.05,COMPLETE
5504,0.6875,2026-04-05 20:14:40.601260,2026-04-05 20:14:47.209640,0 days 00:00:06.608380,477.0,1.0,114.6,151.5,0.49,COMPLETE
5505,0.6875,2026-04-05 20:14:47.222892,2026-04-05 20:14:54.889188,0 days 00:00:07.666296,397.0,1.0,119.8,158.0,0.25,COMPLETE
5506,0.6875,2026-04-05 20:14:54.905750,2026-04-05 20:15:02.167972,0 days 00:00:07.262222,326.0,2.0,116.2,154.0,0.35000000000000003,COMPLETE
5507,0.6875,2026-04-05 20:15:02.180604,2026-04-05 20:15:09.219022,0 days 00:00:07.038418,467.0,1.0,121.3,153.9,1.8800000000000001,COMPLETE
5508,0.6875,2026-04-05 20:15:09.234637,2026-04-05 20:15:16.077511,0 days 00:00:06.842874,442.0,1.0,117.9,152.4,0.27,COMPLETE
5509,0.671875,2026-04-05 20:15:16.092850,2026-04-05 20:15:23.105426,0 days 00:00:07.012576,348.0,2.0,116.5,155.7,0.18,COMPLETE
5510,0.6875,2026-04-05 20:15:23.120872,2026-04-05 20:15:30.126761,0 days 00:00:07.005889,434.0,1.0,113.2,151.9,0.31,COMPLETE
5511,0.6875,2026-04-05 20:15:30.142353,2026-04-05 20:15:37.070627,0 days 00:00:06.928274,407.0,1.0,115.6,156.3,0.24,COMPLETE
5512,0.825,2026-04-05 20:15:37.086496,2026-04-05 20:16:11.150965,0 days 00:00:34.064469,439.0,1.0,119.2,155.6,0.03,COMPLETE
5513,0.6875,2026-04-05 20:16:11.166212,2026-04-05 20:16:18.338928,0 days 00:00:07.172716,337.0,1.0,115.5,157.0,0.33,COMPLETE
5514,0.6875,2026-04-05 20:16:18.354423,2026-04-05 20:16:24.969982,0 days 00:00:06.615559,334.0,1.0,116.7,155.9,0.27,COMPLETE
5515,0.6875,2026-04-05 20:16:24.985280,2026-04-05 20:16:31.979804,0 days 00:00:06.994524,443.0,2.0,121.6,153.8,0.35000000000000003,COMPLETE
5516,0.6875,2026-04-05 20:16:31.996160,2026-04-05 20:16:39.294491,0 days 00:00:07.298331,424.0,1.0,114.7,156.8,0.0,COMPLETE
5517,0.6875,2026-04-05 20:16:39.308117,2026-04-05 20:16:46.514373,0 days 00:00:07.206256,500.0,2.0,120.1,152.6,0.8,COMPLETE
5518,0.825,2026-04-05 20:16:46.528297,2026-04-05 20:17:20.535027,0 days 00:00:34.006730,455.0,1.0,117.9,155.4,0.25,COMPLETE
5519,0.6875,2026-04-05 20:17:20.551076,2026-04-05 20:17:27.803350,0 days 00:00:07.252274,382.0,1.0,115.4,152.2,0.32,COMPLETE
5520,0.825,2026-04-05 20:17:27.815826,2026-04-05 20:18:01.995930,0 days 00:00:34.180104,423.0,1.0,118.3,156.3,0.0,COMPLETE
5521,0.825,2026-04-05 20:18:02.011674,2026-04-05 20:18:36.306216,0 days 00:00:34.294542,445.0,1.0,121.8,152.4,0.02,COMPLETE
5522,0.6875,2026-04-05 20:18:36.321725,2026-04-05 20:18:43.331290,0 days 00:00:07.009565,410.0,1.0,118.1,154.0,0.29,COMPLETE
5523,0.825,2026-04-05 20:18:43.343831,2026-04-05 20:19:17.253499,0 days 00:00:33.909668,500.0,2.0,119.0,154.6,0.02,COMPLETE
5524,0.6875,2026-04-05 20:19:17.265739,2026-04-05 20:19:24.241731,0 days 00:00:06.975992,493.0,2.0,116.6,155.7,0.34,COMPLETE
5525,0.6875,2026-04-05 20:19:24.257481,2026-04-05 20:19:31.022882,0 days 00:00:06.765401,496.0,1.0,114.4,153.9,0.0,COMPLETE
5526,0.6875,2026-04-05 20:19:31.037916,2026-04-05 20:19:38.227091,0 days 00:00:07.189175,387.0,1.0,117.6,157.4,0.23,COMPLETE
5527,0.6875,2026-04-05 20:19:38.243195,2026-04-05 20:19:45.195397,0 days 00:00:06.952202,389.0,1.0,114.5,153.7,0.32,COMPLETE
5528,0.6875,2026-04-05 20:19:45.211249,2026-04-05 20:19:51.950235,0 days 00:00:06.738986,323.0,1.0,115.3,153.9,0.26,COMPLETE
5529,0.6875,2026-04-05 20:19:51.965520,2026-04-05 20:19:59.124825,0 days 00:00:07.159305,467.0,1.0,119.5,158.8,0.01,COMPLETE
5530,0.6875,2026-04-05 20:19:59.140504,2026-04-05 20:20:06.165099,0 days 00:00:07.024595,423.0,2.0,117.5,153.7,0.22,COMPLETE
5531,0.6875,2026-04-05 20:20:06.177359,2026-04-05 20:20:13.906923,0 days 00:00:07.729564,250.0,2.0,126.7,153.4,0.56,COMPLETE
5532,0.6875,2026-04-05 20:20:13.922364,2026-04-05 20:20:21.500235,0 days 00:00:07.577871,376.0,1.0,117.0,153.1,0.01,COMPLETE
5533,0.6875,2026-04-05 20:20:21.515763,2026-04-05 20:20:28.292277,0 days 00:00:06.776514,390.0,1.0,116.0,156.5,0.0,COMPLETE
5534,0.6875,2026-04-05 20:20:28.303539,2026-04-05 20:20:35.800736,0 days 00:00:07.497197,486.0,2.0,125.1,156.3,0.59,COMPLETE
5535,0.6875,2026-04-05 20:20:35.817869,2026-04-05 20:20:43.507332,0 days 00:00:07.689463,464.0,1.0,114.8,153.4,0.23,COMPLETE
5536,0.825,2026-04-05 20:20:43.522624,2026-04-05 20:21:18.083231,0 days 00:00:34.560607,395.0,2.0,119.0,156.8,0.84,COMPLETE
5537,0.6875,2026-04-05 20:21:18.095875,2026-04-05 20:21:25.098751,0 days 00:00:07.002876,353.0,1.0,116.6,153.4,0.26,COMPLETE
5538,0.825,2026-04-05 20:21:25.113699,2026-04-05 20:21:38.402867,0 days 00:00:13.289168,388.0,1.0,117.5,153.6,0.0,COMPLETE
5539,0.6875,2026-04-05 20:21:38.419362,2026-04-05 20:21:46.540784,0 days 00:00:08.121422,178.0,1.0,126.6,153.1,1.04,COMPLETE
5540,0.6875,2026-04-05 20:21:46.555986,2026-04-05 20:21:53.883529,0 days 00:00:07.327543,342.0,2.0,117.8,150.2,0.15,COMPLETE
5541,0.825,2026-04-05 20:21:53.898929,2026-04-05 20:22:28.238571,0 days 00:00:34.339642,378.0,1.0,117.6,155.9,0.32,COMPLETE
5542,0.6875,2026-04-05 20:22:28.254444,2026-04-05 20:22:35.426535,0 days 00:00:07.172091,451.0,2.0,123.5,156.3,1.1400000000000001,COMPLETE
5543,0.6875,2026-04-05 20:22:35.442054,2026-04-05 20:22:42.808948,0 days 00:00:07.366894,385.0,1.0,117.4,151.4,0.3,COMPLETE
5544,0.825,2026-04-05 20:22:42.824582,2026-04-05 20:23:16.882319,0 days 00:00:34.057737,444.0,1.0,119.9,152.9,0.29,COMPLETE
5545,0.6875,2026-04-05 20:23:16.898170,2026-04-05 20:23:23.901093,0 days 00:00:07.002923,459.0,1.0,116.4,154.3,0.54,COMPLETE
5546,0.825,2026-04-05 20:23:23.916657,2026-04-05 20:23:58.115519,0 days 00:00:34.198862,346.0,1.0,119.1,156.3,0.26,COMPLETE
5547,0.825,2026-04-05 20:23:58.127809,2026-04-05 20:24:03.239486,0 days 00:00:05.111677,349.0,1.0,117.1,153.8,0.0,COMPLETE
5548,0.6875,2026-04-05 20:24:03.254721,2026-04-05 20:24:09.947913,0 days 00:00:06.693192,358.0,1.0,115.7,153.1,0.02,COMPLETE
5549,0.6875,2026-04-05 20:24:09.959913,2026-04-05 20:24:16.560535,0 days 00:00:06.600622,411.0,1.0,114.4,154.0,0.0,COMPLETE
5550,0.6875,2026-04-05 20:24:16.576116,2026-04-05 20:24:23.260013,0 days 00:00:06.683897,498.0,1.0,116.3,154.8,0.26,COMPLETE
5551,0.825,2026-04-05 20:24:23.272456,2026-04-05 20:24:43.158135,0 days 00:00:19.885679,455.0,1.0,116.3,152.0,0.03,COMPLETE
5552,0.825,2026-04-05 20:24:43.173639,2026-04-05 20:25:17.487018,0 days 00:00:34.313379,422.0,1.0,120.3,155.7,0.45,COMPLETE
5553,0.825,2026-04-05 20:25:17.502752,2026-04-05 20:25:51.550029,0 days 00:00:34.047277,390.0,1.0,122.7,154.5,0.32,COMPLETE
5554,0.6875,2026-04-05 20:25:51.565841,2026-04-05 20:25:58.978334,0 days 00:00:07.412493,468.0,2.0,113.5,153.3,0.35000000000000003,COMPLETE
5555,0.825,2026-04-05 20:25:58.992437,2026-04-05 20:26:04.475303,0 days 00:00:05.482866,376.0,3.0,117.0,155.0,0.02,COMPLETE
5556,0.6875,2026-04-05 20:26:04.490648,2026-04-05 20:26:11.117470,0 days 00:00:06.626822,430.0,1.0,116.2,153.3,0.02,COMPLETE
5557,0.671875,2026-04-05 20:26:11.130420,2026-04-05 20:26:17.755661,0 days 00:00:06.625241,466.0,1.0,115.8,155.9,0.0,COMPLETE
5558,0.6875,2026-04-05 20:26:17.771971,2026-04-05 20:26:25.758875,0 days 00:00:07.986904,317.0,3.0,125.6,148.5,0.96,COMPLETE
5559,0.6875,2026-04-05 20:26:25.771743,2026-04-05 20:26:33.507550,0 days 00:00:07.735807,374.0,1.0,115.3,155.2,0.27,COMPLETE
5560,0.6875,2026-04-05 20:26:33.523427,2026-04-05 20:26:40.232539,0 days 00:00:06.709112,413.0,2.0,113.3,151.6,0.26,COMPLETE
5561,0.6875,2026-04-05 20:26:40.245244,2026-04-05 20:26:47.594364,0 days 00:00:07.349120,237.0,2.0,120.4,153.7,0.47000000000000003,COMPLETE
5562,0.6875,2026-04-05 20:26:47.606510,2026-04-05 20:26:54.213569,0 days 00:00:06.607059,485.0,1.0,123.2,152.2,0.4,COMPLETE
5563,0.6875,2026-04-05 20:26:54.226117,2026-04-05 20:27:01.806091,0 days 00:00:07.579974,368.0,2.0,114.4,155.9,0.0,COMPLETE
5564,0.6875,2026-04-05 20:27:01.818600,2026-04-05 20:27:08.440734,0 days 00:00:06.622134,425.0,1.0,117.0,155.6,0.5700000000000001,COMPLETE
