number,value,datetime_start,datetime_complete,duration,params_voltage,params_width,params_x,params_y,params_z,state
7653,0.6875,2026-04-06 23:17:02.920655,2026-04-06 23:17:09.452791,0 days 00:00:06.532136,433.0,2.0,116.8,156.1,0.25,COMPLETE
7654,0.6875,2026-04-06 23:17:09.468334,2026-04-06 23:17:17.649194,0 days 00:00:08.180860,215.0,3.0,126.8,149.8,1.99,COMPLETE
7655,0.825,2026-04-06 23:17:17.666871,2026-04-06 23:17:52.147959,0 days 00:00:34.481088,445.0,1.0,123.2,154.5,0.0,COMPLETE
7656,0.6875,2026-04-06 23:17:52.164985,2026-04-06 23:17:59.226365,0 days 00:00:07.061380,415.0,1.0,116.8,154.2,0.58,COMPLETE
7657,0.825,2026-04-06 23:17:59.240681,2026-04-06 23:18:06.401270,0 days 00:00:07.160589,340.0,1.0,116.4,154.7,0.01,COMPLETE
7658,0.6875,2026-04-06 23:18:06.418647,2026-04-06 23:18:13.080062,0 days 00:00:06.661415,299.0,1.0,114.9,155.2,0.26,COMPLETE
7659,0.6875,2026-04-06 23:18:13.093697,2026-04-06 23:18:19.770207,0 days 00:00:06.676510,449.0,1.0,116.5,153.9,0.23,COMPLETE
7660,0.825,2026-04-06 23:18:19.787145,2026-04-06 23:18:54.103067,0 days 00:00:34.315922,364.0,1.0,118.9,156.6,0.01,COMPLETE
7661,0.6875,2026-04-06 23:18:54.115782,2026-04-06 23:19:01.018789,0 days 00:00:06.903007,349.0,1.0,117.6,152.0,0.22,COMPLETE
7662,0.6875,2026-04-06 23:19:01.034297,2026-04-06 23:19:07.740576,0 days 00:00:06.706279,441.0,1.0,115.6,155.6,0.24,COMPLETE
7663,0.6875,2026-04-06 23:19:07.757564,2026-04-06 23:19:14.587033,0 days 00:00:06.829469,326.0,1.0,116.3,153.2,0.23,COMPLETE
7664,0.6875,2026-04-06 23:19:14.600902,2026-04-06 23:19:21.384339,0 days 00:00:06.783437,391.0,1.0,114.5,157.8,0.0,COMPLETE
7665,0.6875,2026-04-06 23:19:21.401850,2026-04-06 23:19:29.229297,0 days 00:00:07.827447,199.0,1.0,113.1,148.4,1.75,COMPLETE
7666,0.6875,2026-04-06 23:19:29.243985,2026-04-06 23:19:36.266348,0 days 00:00:07.022363,309.0,1.0,117.6,152.6,0.04,COMPLETE
7667,0.825,2026-04-06 23:19:36.284276,2026-04-06 23:20:10.658600,0 days 00:00:34.374324,318.0,2.0,121.6,155.4,0.22,COMPLETE
7668,0.6875,2026-04-06 23:20:10.675980,2026-04-06 23:20:17.976264,0 days 00:00:07.300284,416.0,1.0,115.6,152.0,0.24,COMPLETE
7669,0.6875,2026-04-06 23:20:17.991986,2026-04-06 23:20:25.613561,0 days 00:00:07.621575,380.0,1.0,124.0,155.7,0.12,COMPLETE
7670,0.6875,2026-04-06 23:20:25.628405,2026-04-06 23:20:32.740696,0 days 00:00:07.112291,405.0,1.0,117.6,157.6,0.01,COMPLETE
7671,0.6875,2026-04-06 23:20:32.754230,2026-04-06 23:20:39.601841,0 days 00:00:06.847611,493.0,1.0,117.5,154.2,0.0,COMPLETE
7672,0.6875,2026-04-06 23:20:39.620806,2026-04-06 23:20:46.714588,0 days 00:00:07.093782,289.0,2.0,121.5,153.5,0.56,COMPLETE
7673,0.825,2026-04-06 23:20:46.729849,2026-04-06 23:21:03.704757,0 days 00:00:16.974908,342.0,2.0,123.9,153.8,0.0,COMPLETE
7674,0.6875,2026-04-06 23:21:03.722138,2026-04-06 23:21:11.055009,0 days 00:00:07.332871,403.0,1.0,115.4,152.9,0.25,COMPLETE
7675,0.825,2026-04-06 23:21:11.068920,2026-04-06 23:21:45.381461,0 days 00:00:34.312541,493.0,3.0,119.7,156.2,0.47000000000000003,COMPLETE
7676,0.6875,2026-04-06 23:21:45.398986,2026-04-06 23:21:52.797534,0 days 00:00:07.398548,232.0,2.0,121.8,154.2,0.01,COMPLETE
7677,0.825,2026-04-06 23:21:52.812312,2026-04-06 23:22:27.108743,0 days 00:00:34.296431,433.0,2.0,117.0,153.1,0.0,COMPLETE
7678,0.6875,2026-04-06 23:22:27.124521,2026-04-06 23:22:33.736722,0 days 00:00:06.612201,436.0,1.0,115.8,152.0,0.0,COMPLETE
7679,0.6875,2026-04-06 23:22:33.749850,2026-04-06 23:22:40.298446,0 days 00:00:06.548596,402.0,1.0,116.0,155.0,0.0,COMPLETE
7680,0.825,2026-04-06 23:22:40.313183,2026-04-06 23:23:14.469446,0 days 00:00:34.156263,429.0,1.0,118.7,155.8,0.0,COMPLETE
7681,0.6875,2026-04-06 23:23:14.486329,2026-04-06 23:23:21.529689,0 days 00:00:07.043360,352.0,1.0,116.3,153.9,0.27,COMPLETE
7682,0.6875,2026-04-06 23:23:21.544250,2026-04-06 23:23:28.539193,0 days 00:00:06.994943,353.0,1.0,122.1,154.1,0.43,COMPLETE
7683,0.6875,2026-04-06 23:23:28.557029,2026-04-06 23:23:35.288751,0 days 00:00:06.731722,459.0,1.0,120.9,155.5,0.67,COMPLETE
7684,0.6875,2026-04-06 23:23:35.303200,2026-04-06 23:23:42.139994,0 days 00:00:06.836794,438.0,1.0,116.7,156.7,0.66,COMPLETE
7685,0.6875,2026-04-06 23:23:42.158495,2026-04-06 23:23:49.027434,0 days 00:00:06.868939,357.0,1.0,116.6,155.5,0.54,COMPLETE
7686,0.6875,2026-04-06 23:23:49.044562,2026-04-06 23:23:55.742539,0 days 00:00:06.697977,486.0,1.0,115.9,153.5,0.01,COMPLETE
7687,0.825,2026-04-06 23:23:55.759831,2026-04-06 23:24:30.465768,0 days 00:00:34.705937,455.0,1.0,118.7,155.7,0.31,COMPLETE
7688,0.6875,2026-04-06 23:24:30.484256,2026-04-06 23:24:37.797577,0 days 00:00:07.313321,453.0,2.0,126.7,157.0,0.43,COMPLETE
7689,0.6875,2026-04-06 23:24:37.813398,2026-04-06 23:24:45.436725,0 days 00:00:07.623327,480.0,1.0,115.3,158.3,0.0,COMPLETE
7690,0.6875,2026-04-06 23:24:45.454482,2026-04-06 23:24:52.962988,0 days 00:00:07.508506,236.0,2.0,119.6,153.3,0.52,COMPLETE
7691,0.6875,2026-04-06 23:24:52.980099,2026-04-06 23:24:59.669311,0 days 00:00:06.689212,365.0,1.0,115.7,153.2,0.0,COMPLETE
7692,0.6875,2026-04-06 23:24:59.686699,2026-04-06 23:25:06.143373,0 days 00:00:06.456674,496.0,1.0,114.8,153.7,0.22,COMPLETE
7693,0.0,2026-04-06 23:25:06.160251,2026-04-06 23:25:12.944448,0 days 00:00:06.784197,415.0,1.0,116.7,154.4,0.41000000000000003,COMPLETE
7694,0.6875,2026-04-06 23:25:12.961810,2026-04-06 23:25:19.551995,0 days 00:00:06.590185,410.0,2.0,116.9,156.5,0.33,COMPLETE
7695,0.6875,2026-04-06 23:25:19.568797,2026-04-06 23:25:26.248278,0 days 00:00:06.679481,425.0,1.0,113.2,155.6,0.24,COMPLETE
7696,0.6875,2026-04-06 23:25:26.267773,2026-04-06 23:25:33.440340,0 days 00:00:07.172567,306.0,1.0,117.9,153.1,0.03,COMPLETE
7697,0.825,2026-04-06 23:25:33.457842,2026-04-06 23:26:07.522081,0 days 00:00:34.064239,393.0,1.0,120.2,155.0,0.31,COMPLETE
7698,0.825,2026-04-06 23:26:07.535233,2026-04-06 23:26:41.594170,0 days 00:00:34.058937,468.0,2.0,123.6,156.5,0.56,COMPLETE
7699,0.6875,2026-04-06 23:26:41.611432,2026-04-06 23:26:48.942007,0 days 00:00:07.330575,419.0,1.0,116.8,154.6,0.28,COMPLETE
7700,0.825,2026-04-06 23:26:48.959661,2026-04-06 23:27:23.299817,0 days 00:00:34.340156,496.0,1.0,121.9,153.0,0.08,COMPLETE
7701,0.6875,2026-04-06 23:27:23.315007,2026-04-06 23:27:30.424413,0 days 00:00:07.109406,391.0,1.0,117.4,153.9,0.0,COMPLETE
7702,0.825,2026-04-06 23:27:30.441923,2026-04-06 23:28:04.504165,0 days 00:00:34.062242,406.0,1.0,118.0,155.8,0.28,COMPLETE
7703,0.825,2026-04-06 23:28:04.521479,2026-04-06 23:28:38.307865,0 days 00:00:33.786386,462.0,1.0,116.6,154.9,0.27,COMPLETE
7704,0.6875,2026-04-06 23:28:38.323557,2026-04-06 23:28:44.816006,0 days 00:00:06.492449,455.0,2.0,117.0,155.6,0.23,COMPLETE
7705,0.6875,2026-04-06 23:28:44.833204,2026-04-06 23:28:51.466320,0 days 00:00:06.633116,379.0,1.0,117.4,156.2,0.31,COMPLETE
7706,0.6875,2026-04-06 23:28:51.483341,2026-04-06 23:28:58.133906,0 days 00:00:06.650565,422.0,1.0,114.9,156.3,0.25,COMPLETE
7707,0.6875,2026-04-06 23:28:58.147285,2026-04-06 23:29:05.812594,0 days 00:00:07.665309,302.0,2.0,123.5,157.5,0.54,COMPLETE
7708,0.6875,2026-04-06 23:29:05.827018,2026-04-06 23:29:13.017606,0 days 00:00:07.190588,390.0,1.0,116.6,154.1,0.22,COMPLETE
7709,0.825,2026-04-06 23:29:13.035055,2026-04-06 23:29:47.173752,0 days 00:00:34.138697,361.0,2.0,117.5,156.2,0.01,COMPLETE
7710,0.825,2026-04-06 23:29:47.191314,2026-04-06 23:30:21.194025,0 days 00:00:34.002711,438.0,2.0,116.7,154.3,0.22,COMPLETE
7711,0.6875,2026-04-06 23:30:21.209434,2026-04-06 23:30:28.127278,0 days 00:00:06.917844,338.0,1.0,114.1,154.7,0.04,COMPLETE
7712,0.6875,2026-04-06 23:30:28.144066,2026-04-06 23:30:34.961089,0 days 00:00:06.817023,415.0,1.0,117.8,157.8,0.33,COMPLETE
7713,0.825,2026-04-06 23:30:34.974197,2026-04-06 23:31:09.080298,0 days 00:00:34.106101,436.0,1.0,121.1,156.6,0.4,COMPLETE
7714,0.6875,2026-04-06 23:31:09.097392,2026-04-06 23:31:16.578914,0 days 00:00:07.481522,150.0,2.0,124.8,154.7,0.98,COMPLETE
7715,0.6875,2026-04-06 23:31:16.595694,2026-04-06 23:31:24.093414,0 days 00:00:07.497720,418.0,1.0,114.6,155.4,0.23,COMPLETE
7716,0.6875,2026-04-06 23:31:24.110855,2026-04-06 23:31:30.914735,0 days 00:00:06.803880,359.0,2.0,116.8,153.4,0.25,COMPLETE
7717,0.6875,2026-04-06 23:31:30.931892,2026-04-06 23:31:37.702149,0 days 00:00:06.770257,291.0,1.0,117.9,155.1,0.46,COMPLETE
7718,0.825,2026-04-06 23:31:37.717063,2026-04-06 23:32:11.794623,0 days 00:00:34.077560,321.0,1.0,120.4,155.4,0.0,COMPLETE
7719,0.6875,2026-04-06 23:32:11.811273,2026-04-06 23:32:18.637611,0 days 00:00:06.826338,400.0,2.0,118.2,153.8,0.65,COMPLETE
7720,0.825,2026-04-06 23:32:18.651927,2026-04-06 23:32:52.779641,0 days 00:00:34.127714,449.0,1.0,122.5,153.7,0.28,COMPLETE
7721,0.6875,2026-04-06 23:32:52.796421,2026-04-06 23:33:00.193444,0 days 00:00:07.397023,495.0,1.0,115.7,152.3,0.01,COMPLETE
7722,0.6875,2026-04-06 23:33:00.210283,2026-04-06 23:33:07.163627,0 days 00:00:06.953344,396.0,1.0,117.9,151.9,0.36,COMPLETE
7723,0.825,2026-04-06 23:33:07.180608,2026-04-06 23:33:41.428049,0 days 00:00:34.247441,382.0,1.0,122.3,152.7,0.46,COMPLETE
7724,0.6875,2026-04-06 23:33:41.445916,2026-04-06 23:33:48.692477,0 days 00:00:07.246561,498.0,1.0,114.6,154.1,0.41000000000000003,COMPLETE
7725,0.6875,2026-04-06 23:33:48.707322,2026-04-06 23:33:55.541218,0 days 00:00:06.833896,358.0,1.0,116.9,155.4,0.24,COMPLETE
7726,0.825,2026-04-06 23:33:55.559268,2026-04-06 23:34:29.811359,0 days 00:00:34.252091,489.0,2.0,121.2,157.0,0.37,COMPLETE
7727,0.6875,2026-04-06 23:34:29.828076,2026-04-06 23:34:36.612620,0 days 00:00:06.784544,438.0,1.0,117.3,156.1,0.27,COMPLETE
7728,0.6875,2026-04-06 23:34:36.630621,2026-04-06 23:34:43.377356,0 days 00:00:06.746735,486.0,3.0,113.3,154.8,0.37,COMPLETE
7729,0.6875,2026-04-06 23:34:43.394271,2026-04-06 23:34:50.342737,0 days 00:00:06.948466,327.0,2.0,116.5,155.8,0.27,COMPLETE
7730,0.6875,2026-04-06 23:34:50.356886,2026-04-06 23:34:57.110394,0 days 00:00:06.753508,419.0,1.0,114.1,156.1,0.01,COMPLETE
7731,0.6875,2026-04-06 23:34:57.128364,2026-04-06 23:35:03.758724,0 days 00:00:06.630360,406.0,1.0,116.1,155.1,0.51,COMPLETE
7732,0.6875,2026-04-06 23:35:03.772446,2026-04-06 23:35:10.370508,0 days 00:00:06.598062,427.0,1.0,115.1,153.4,0.31,COMPLETE
7733,0.6875,2026-04-06 23:35:10.387619,2026-04-06 23:35:17.298895,0 days 00:00:06.911276,457.0,1.0,118.0,153.4,0.44,COMPLETE
7734,0.6875,2026-04-06 23:35:17.313660,2026-04-06 23:35:23.955114,0 days 00:00:06.641454,426.0,1.0,117.8,150.6,0.38,COMPLETE
7735,0.6875,2026-04-06 23:35:23.972318,2026-04-06 23:35:30.665098,0 days 00:00:06.692780,461.0,1.0,115.1,151.8,0.36,COMPLETE
7736,0.6875,2026-04-06 23:35:30.679808,2026-04-06 23:35:37.563031,0 days 00:00:06.883223,403.0,1.0,118.0,155.0,0.54,COMPLETE
7737,0.6875,2026-04-06 23:35:37.580608,2026-04-06 23:35:44.669609,0 days 00:00:07.089001,245.0,2.0,120.6,156.0,0.43,COMPLETE
7738,0.825,2026-04-06 23:35:44.684399,2026-04-06 23:36:18.589174,0 days 00:00:33.904775,345.0,2.0,120.0,154.7,0.12,COMPLETE
7739,0.825,2026-04-06 23:36:18.606738,2026-04-06 23:36:52.391385,0 days 00:00:33.784647,336.0,1.0,119.0,154.5,0.27,COMPLETE
7740,0.6875,2026-04-06 23:36:52.405721,2026-04-06 23:36:59.211799,0 days 00:00:06.806078,430.0,1.0,117.4,153.3,0.26,COMPLETE
7741,0.6875,2026-04-06 23:36:59.226032,2026-04-06 23:37:05.843040,0 days 00:00:06.617008,460.0,1.0,117.1,154.7,0.25,COMPLETE
7742,0.825,2026-04-06 23:37:05.860584,2026-04-06 23:37:39.761101,0 days 00:00:33.900517,447.0,1.0,117.8,153.1,0.01,COMPLETE
7743,0.6875,2026-04-06 23:37:39.779327,2026-04-06 23:37:46.766687,0 days 00:00:06.987360,342.0,1.0,115.7,155.8,0.01,COMPLETE
7744,0.6875,2026-04-06 23:37:46.780230,2026-04-06 23:37:54.314803,0 days 00:00:07.534573,345.0,3.0,126.4,156.5,0.31,COMPLETE
7745,0.015625,2026-04-06 23:37:54.332431,2026-04-06 23:38:01.130781,0 days 00:00:06.798350,446.0,2.0,121.9,155.0,0.33,COMPLETE
7746,0.6875,2026-04-06 23:38:01.144649,2026-04-06 23:38:08.225972,0 days 00:00:07.081323,470.0,1.0,114.9,154.8,0.02,COMPLETE
7747,0.671875,2026-04-06 23:38:08.243577,2026-04-06 23:38:15.129864,0 days 00:00:06.886287,342.0,1.0,116.9,156.6,0.0,COMPLETE
7748,0.6875,2026-04-06 23:38:15.146361,2026-04-06 23:38:22.185379,0 days 00:00:07.039018,384.0,1.0,118.7,150.4,0.03,COMPLETE
7749,0.6875,2026-04-06 23:38:22.203387,2026-04-06 23:38:29.120124,0 days 00:00:06.916737,383.0,1.0,121.0,154.3,0.51,COMPLETE
7750,0.825,2026-04-06 23:38:29.137412,2026-04-06 23:39:03.199089,0 days 00:00:34.061677,455.0,1.0,118.0,156.5,0.21,COMPLETE
7751,0.825,2026-04-06 23:39:03.214340,2026-04-06 23:39:37.258092,0 days 00:00:34.043752,375.0,1.0,118.5,157.0,0.31,COMPLETE
7752,0.6875,2026-04-06 23:39:37.275472,2026-04-06 23:39:44.154026,0 days 00:00:06.878554,459.0,1.0,115.1,155.2,0.48,COMPLETE
7753,0.6875,2026-04-06 23:39:44.167618,2026-04-06 23:39:51.452065,0 days 00:00:07.284447,390.0,1.0,115.0,149.7,0.01,COMPLETE
7754,0.6875,2026-04-06 23:39:51.469404,2026-04-06 23:39:58.426147,0 days 00:00:06.956743,346.0,1.0,115.4,155.0,0.3,COMPLETE
7755,0.825,2026-04-06 23:39:58.440180,2026-04-06 23:40:33.282490,0 days 00:00:34.842310,356.0,3.0,116.7,151.1,0.04,COMPLETE
7756,0.6875,2026-04-06 23:40:33.297323,2026-04-06 23:40:40.101044,0 days 00:00:06.803721,414.0,1.0,116.6,155.3,0.26,COMPLETE
7757,0.825,2026-04-06 23:40:40.115244,2026-04-06 23:40:53.521721,0 days 00:00:13.406477,414.0,1.0,117.9,153.7,0.0,COMPLETE
7758,0.6875,2026-04-06 23:40:53.539124,2026-04-06 23:41:00.497715,0 days 00:00:06.958591,382.0,1.0,114.0,153.2,0.3,COMPLETE
7759,0.825,2026-04-06 23:41:00.512868,2026-04-06 23:41:35.025356,0 days 00:00:34.512488,490.0,2.0,121.2,152.6,0.25,COMPLETE
7760,0.6875,2026-04-06 23:41:35.043178,2026-04-06 23:41:42.159394,0 days 00:00:07.116216,420.0,1.0,115.0,154.1,0.2,COMPLETE
7761,0.825,2026-04-06 23:41:42.174349,2026-04-06 23:41:48.623168,0 days 00:00:06.448819,366.0,1.0,119.6,153.9,0.01,COMPLETE
7762,0.6875,2026-04-06 23:41:48.641242,2026-04-06 23:41:55.171397,0 days 00:00:06.530155,404.0,1.0,120.2,153.4,0.29,COMPLETE
7763,0.825,2026-04-06 23:41:55.186626,2026-04-06 23:42:29.302894,0 days 00:00:34.116268,384.0,1.0,118.4,157.3,0.0,COMPLETE
7764,0.6875,2026-04-06 23:42:29.316570,2026-04-06 23:42:36.199693,0 days 00:00:06.883123,450.0,1.0,115.5,157.1,0.0,COMPLETE
7765,0.6875,2026-04-06 23:42:36.216770,2026-04-06 23:42:42.721604,0 days 00:00:06.504834,391.0,1.0,114.6,156.0,0.49,COMPLETE
7766,0.825,2026-04-06 23:42:42.735297,2026-04-06 23:42:49.084147,0 days 00:00:06.348850,273.0,2.0,125.1,151.9,0.06,COMPLETE
7767,0.6875,2026-04-06 23:42:49.101018,2026-04-06 23:42:56.356125,0 days 00:00:07.255107,372.0,1.0,117.4,152.7,0.24,COMPLETE
7768,0.6875,2026-04-06 23:42:56.371227,2026-04-06 23:43:03.234116,0 days 00:00:06.862889,349.0,2.0,116.7,158.0,0.55,COMPLETE
7769,0.6875,2026-04-06 23:43:03.252224,2026-04-06 23:43:10.166088,0 days 00:00:06.913864,304.0,3.0,122.0,158.4,0.15,COMPLETE
7770,0.6875,2026-04-06 23:43:10.183477,2026-04-06 23:43:17.354305,0 days 00:00:07.170828,392.0,2.0,117.5,152.2,0.24,COMPLETE
7771,0.6875,2026-04-06 23:43:17.371671,2026-04-06 23:43:24.149773,0 days 00:00:06.778102,446.0,1.0,116.2,154.6,0.02,COMPLETE
7772,0.825,2026-04-06 23:43:24.163837,2026-04-06 23:43:58.373844,0 days 00:00:34.210007,341.0,1.0,119.4,153.4,0.01,COMPLETE
7773,0.6875,2026-04-06 23:43:58.390454,2026-04-06 23:44:05.325328,0 days 00:00:06.934874,395.0,2.0,124.3,152.2,0.63,COMPLETE
7774,0.6875,2026-04-06 23:44:05.342952,2026-04-06 23:44:12.938492,0 days 00:00:07.595540,384.0,1.0,113.3,152.1,0.01,COMPLETE
7775,0.6875,2026-04-06 23:44:12.953355,2026-04-06 23:44:19.645149,0 days 00:00:06.691794,398.0,2.0,116.0,154.9,0.2,COMPLETE
7776,0.671875,2026-04-06 23:44:19.660289,2026-04-06 23:44:26.942281,0 days 00:00:07.281992,245.0,2.0,122.8,154.3,0.23,COMPLETE
7777,0.6875,2026-04-06 23:44:26.955873,2026-04-06 23:44:33.973831,0 days 00:00:07.017958,497.0,2.0,116.4,155.6,0.47000000000000003,COMPLETE
7778,0.6875,2026-04-06 23:44:33.991146,2026-04-06 23:44:40.639127,0 days 00:00:06.647981,380.0,1.0,115.9,155.9,0.26,COMPLETE
7779,0.6875,2026-04-06 23:44:40.653963,2026-04-06 23:44:47.287902,0 days 00:00:06.633939,422.0,2.0,116.6,155.1,0.64,COMPLETE
7780,0.6875,2026-04-06 23:44:47.305523,2026-04-06 23:44:54.522630,0 days 00:00:07.217107,306.0,2.0,122.4,153.4,0.37,COMPLETE
7781,0.6875,2026-04-06 23:44:54.537638,2026-04-06 23:45:02.101372,0 days 00:00:07.563734,438.0,1.0,113.4,150.2,0.27,COMPLETE
7782,0.825,2026-04-06 23:45:02.118614,2026-04-06 23:45:37.438245,0 days 00:00:35.319631,247.0,2.0,123.1,156.0,0.01,COMPLETE
7783,0.6875,2026-04-06 23:45:37.456098,2026-04-06 23:45:44.243992,0 days 00:00:06.787894,235.0,3.0,120.9,155.8,0.13,COMPLETE
7784,0.825,2026-04-06 23:45:44.258965,2026-04-06 23:46:18.153598,0 days 00:00:33.894633,494.0,2.0,122.8,156.2,0.35000000000000003,COMPLETE
7785,0.6875,2026-04-06 23:46:18.171055,2026-04-06 23:46:25.604483,0 days 00:00:07.433428,389.0,2.0,115.8,153.5,0.0,COMPLETE
7786,0.6875,2026-04-06 23:46:25.621801,2026-04-06 23:46:32.434658,0 days 00:00:06.812857,371.0,1.0,113.7,156.3,0.01,COMPLETE
7787,0.6875,2026-04-06 23:46:32.450694,2026-04-06 23:46:40.496183,0 days 00:00:08.045489,269.0,2.0,125.9,158.0,0.16,COMPLETE
7788,0.6875,2026-04-06 23:46:40.513400,2026-04-06 23:46:47.920789,0 days 00:00:07.407389,473.0,1.0,116.4,155.3,0.76,COMPLETE
7789,0.6875,2026-04-06 23:46:47.936001,2026-04-06 23:46:54.774880,0 days 00:00:06.838879,392.0,2.0,116.0,158.2,0.03,COMPLETE
7790,0.825,2026-04-06 23:46:54.792689,2026-04-06 23:47:28.796398,0 days 00:00:34.003709,444.0,1.0,118.7,155.0,0.21,COMPLETE
7791,0.825,2026-04-06 23:47:28.810630,2026-04-06 23:48:02.842072,0 days 00:00:34.031442,415.0,2.0,118.8,157.2,0.12,COMPLETE
7792,0.6875,2026-04-06 23:48:02.858347,2026-04-06 23:48:10.438740,0 days 00:00:07.580393,214.0,2.0,125.0,155.9,0.44,COMPLETE
7793,0.825,2026-04-06 23:48:10.455724,2026-04-06 23:48:44.590159,0 days 00:00:34.134435,499.0,1.0,121.3,155.6,0.37,COMPLETE
7794,0.6875,2026-04-06 23:48:44.605988,2026-04-06 23:48:51.591922,0 days 00:00:06.985934,400.0,1.0,123.4,155.1,0.73,COMPLETE
7795,0.825,2026-04-06 23:48:51.608796,2026-04-06 23:49:25.776714,0 days 00:00:34.167918,388.0,2.0,120.8,155.0,0.0,COMPLETE
7796,0.6875,2026-04-06 23:49:25.794042,2026-04-06 23:49:32.438193,0 days 00:00:06.644151,495.0,3.0,121.4,157.9,0.5,COMPLETE
7797,0.825,2026-04-06 23:49:32.453633,2026-04-06 23:50:06.996818,0 days 00:00:34.543185,296.0,2.0,124.7,154.5,0.0,COMPLETE
7798,0.6875,2026-04-06 23:50:07.015430,2026-04-06 23:50:14.443874,0 days 00:00:07.428444,402.0,1.0,115.1,155.2,0.02,COMPLETE
7799,0.6875,2026-04-06 23:50:14.458575,2026-04-06 23:50:21.393445,0 days 00:00:06.934870,500.0,2.0,120.7,153.3,0.72,COMPLETE
7800,0.6875,2026-04-06 23:50:21.412367,2026-04-06 23:50:28.354211,0 days 00:00:06.941844,338.0,1.0,121.4,155.9,0.26,COMPLETE
7801,0.6875,2026-04-06 23:50:28.367790,2026-04-06 23:50:35.501307,0 days 00:00:07.133517,453.0,1.0,115.1,156.1,0.0,COMPLETE
7802,0.825,2026-04-06 23:50:35.516458,2026-04-06 23:50:49.179258,0 days 00:00:13.662800,352.0,1.0,116.9,154.0,0.01,COMPLETE
7803,0.6875,2026-04-06 23:50:49.196963,2026-04-06 23:50:55.859214,0 days 00:00:06.662251,332.0,2.0,115.3,155.0,0.01,COMPLETE
7804,0.825,2026-04-06 23:50:55.876283,2026-04-06 23:51:30.184342,0 days 00:00:34.308059,307.0,2.0,120.9,156.2,0.01,COMPLETE
7805,0.6875,2026-04-06 23:51:30.196612,2026-04-06 23:51:37.286759,0 days 00:00:07.090147,438.0,1.0,115.8,155.9,0.0,COMPLETE
7806,0.6875,2026-04-06 23:51:37.300826,2026-04-06 23:51:44.022648,0 days 00:00:06.721822,425.0,1.0,114.9,153.8,0.28,COMPLETE
7807,0.6875,2026-04-06 23:51:44.038994,2026-04-06 23:51:50.663460,0 days 00:00:06.624466,499.0,3.0,117.3,154.3,0.02,COMPLETE
7808,0.6875,2026-04-06 23:51:50.680464,2026-04-06 23:51:57.463934,0 days 00:00:06.783470,455.0,2.0,117.5,157.7,0.02,COMPLETE
7809,0.6875,2026-04-06 23:51:57.479040,2026-04-06 23:52:04.099063,0 days 00:00:06.620023,400.0,1.0,117.3,155.7,0.16,COMPLETE
7810,0.6875,2026-04-06 23:52:04.116295,2026-04-06 23:52:10.747361,0 days 00:00:06.631066,367.0,1.0,115.1,155.1,0.0,COMPLETE
7811,0.6875,2026-04-06 23:52:10.761247,2026-04-06 23:52:17.488002,0 days 00:00:06.726755,396.0,1.0,114.8,153.0,0.01,COMPLETE
7812,0.6875,2026-04-06 23:52:17.505509,2026-04-06 23:52:24.178482,0 days 00:00:06.672973,470.0,2.0,117.2,153.5,0.24,COMPLETE
7813,0.6875,2026-04-06 23:52:24.193192,2026-04-06 23:52:31.400303,0 days 00:00:07.207111,454.0,2.0,123.4,154.1,0.51,COMPLETE
7814,0.6875,2026-04-06 23:52:31.417628,2026-04-06 23:52:38.708732,0 days 00:00:07.291104,454.0,1.0,115.2,156.7,0.55,COMPLETE
7815,0.825,2026-04-06 23:52:38.728498,2026-04-06 23:52:44.660001,0 days 00:00:05.931503,295.0,2.0,122.1,153.0,0.0,COMPLETE
7816,0.6875,2026-04-06 23:52:44.678715,2026-04-06 23:52:51.988361,0 days 00:00:07.309646,414.0,3.0,114.8,155.8,0.36,COMPLETE
7817,0.6875,2026-04-06 23:52:52.005462,2026-04-06 23:52:58.878578,0 days 00:00:06.873116,369.0,2.0,113.7,150.7,0.04,COMPLETE
7818,0.6875,2026-04-06 23:52:58.892844,2026-04-06 23:53:05.666101,0 days 00:00:06.773257,466.0,1.0,115.8,153.6,0.52,COMPLETE
7819,0.6875,2026-04-06 23:53:05.683457,2026-04-06 23:53:12.178805,0 days 00:00:06.495348,464.0,2.0,116.0,154.1,0.32,COMPLETE
7820,0.6875,2026-04-06 23:53:12.192756,2026-04-06 23:53:18.926449,0 days 00:00:06.733693,406.0,1.0,113.3,155.3,0.5700000000000001,COMPLETE
7821,0.6875,2026-04-06 23:53:18.943564,2026-04-06 23:53:25.748201,0 days 00:00:06.804637,400.0,1.0,116.5,154.1,0.0,COMPLETE
7822,0.6875,2026-04-06 23:53:25.762425,2026-04-06 23:53:32.622912,0 days 00:00:06.860487,434.0,1.0,117.1,158.2,0.43,COMPLETE
7823,0.6875,2026-04-06 23:53:32.636602,2026-04-06 23:53:40.155844,0 days 00:00:07.519242,266.0,2.0,125.5,157.6,0.44,COMPLETE
7824,0.6875,2026-04-06 23:53:40.170572,2026-04-06 23:53:47.004817,0 days 00:00:06.834245,293.0,2.0,123.5,158.8,0.14,COMPLETE
7825,0.6875,2026-04-06 23:53:47.019073,2026-04-06 23:53:54.243518,0 days 00:00:07.224445,350.0,1.0,117.7,152.8,0.46,COMPLETE
7826,0.6875,2026-04-06 23:53:54.257408,2026-04-06 23:54:00.969339,0 days 00:00:06.711931,366.0,3.0,115.8,154.8,1.46,COMPLETE
