number,value,datetime_start,datetime_complete,duration,params_voltage,params_width,params_x,params_y,params_z,state
13206,0.6875,2026-04-09 16:30:19.292649,2026-04-09 16:30:26.053462,0 days 00:00:06.760813,260.0,2.0,121.9,157.9,0.64,COMPLETE
13207,0.6875,2026-04-09 16:30:26.071714,2026-04-09 16:30:32.969212,0 days 00:00:06.897498,419.0,2.0,126.9,156.5,0.0,COMPLETE
13208,0.6875,2026-04-09 16:30:32.990340,2026-04-09 16:30:40.304511,0 days 00:00:07.314171,308.0,1.0,120.6,155.0,1.07,COMPLETE
13209,0.6875,2026-04-09 16:30:40.322355,2026-04-09 16:30:46.958948,0 days 00:00:06.636593,396.0,2.0,117.7,155.6,0.55,COMPLETE
13210,0.6875,2026-04-09 16:30:46.978698,2026-04-09 16:30:53.848883,0 days 00:00:06.870185,427.0,2.0,113.0,157.3,0.35000000000000003,COMPLETE
13211,0.6875,2026-04-09 16:30:53.867651,2026-04-09 16:31:00.800576,0 days 00:00:06.932925,442.0,2.0,117.6,154.4,0.27,COMPLETE
13212,0.6875,2026-04-09 16:31:00.818004,2026-04-09 16:31:07.643091,0 days 00:00:06.825087,324.0,2.0,115.8,154.6,0.2,COMPLETE
13213,0.6875,2026-04-09 16:31:07.662112,2026-04-09 16:31:14.186597,0 days 00:00:06.524485,395.0,2.0,114.7,155.3,0.01,COMPLETE
13214,0.6875,2026-04-09 16:31:14.204458,2026-04-09 16:31:20.917102,0 days 00:00:06.712644,361.0,1.0,117.6,155.7,0.0,COMPLETE
13215,0.6875,2026-04-09 16:31:20.938058,2026-04-09 16:31:27.524095,0 days 00:00:06.586037,445.0,1.0,115.8,156.1,0.4,COMPLETE
13216,0.825,2026-04-09 16:31:27.541103,2026-04-09 16:32:01.793962,0 days 00:00:34.252859,459.0,2.0,121.0,156.0,0.33,COMPLETE
13217,0.825,2026-04-09 16:32:01.814550,2026-04-09 16:32:36.101914,0 days 00:00:34.287364,470.0,1.0,118.4,153.1,0.4,COMPLETE
13218,0.6875,2026-04-09 16:32:36.120522,2026-04-09 16:32:43.414332,0 days 00:00:07.293810,381.0,1.0,114.3,154.0,0.27,COMPLETE
13219,0.6875,2026-04-09 16:32:43.434509,2026-04-09 16:32:50.184816,0 days 00:00:06.750307,429.0,1.0,115.6,152.4,0.0,COMPLETE
13220,0.6875,2026-04-09 16:32:50.204734,2026-04-09 16:32:56.989670,0 days 00:00:06.784936,398.0,2.0,118.1,150.5,0.21,COMPLETE
13221,0.6875,2026-04-09 16:32:57.007276,2026-04-09 16:33:03.844378,0 days 00:00:06.837102,459.0,2.0,116.1,153.6,0.03,COMPLETE
13222,0.6875,2026-04-09 16:33:03.863937,2026-04-09 16:33:10.632356,0 days 00:00:06.768419,465.0,1.0,115.9,156.0,0.25,COMPLETE
13223,0.6875,2026-04-09 16:33:10.649982,2026-04-09 16:33:17.839127,0 days 00:00:07.189145,432.0,1.0,122.2,155.0,0.64,COMPLETE
13224,0.6875,2026-04-09 16:33:17.861465,2026-04-09 16:33:25.271789,0 days 00:00:07.410324,255.0,2.0,119.8,149.6,0.71,COMPLETE
13225,0.6875,2026-04-09 16:33:25.290543,2026-04-09 16:33:32.467805,0 days 00:00:07.177262,337.0,1.0,121.6,155.3,0.26,COMPLETE
13226,0.6875,2026-04-09 16:33:32.488271,2026-04-09 16:33:39.429754,0 days 00:00:06.941483,210.0,2.0,120.5,156.5,0.76,COMPLETE
13227,0.6875,2026-04-09 16:33:39.447994,2026-04-09 16:33:46.207179,0 days 00:00:06.759185,397.0,1.0,117.6,157.4,0.49,COMPLETE
13228,0.825,2026-04-09 16:33:46.227824,2026-04-09 16:34:20.775485,0 days 00:00:34.547661,402.0,2.0,122.3,152.4,0.0,COMPLETE
13229,0.6875,2026-04-09 16:34:20.793276,2026-04-09 16:34:27.530394,0 days 00:00:06.737118,457.0,1.0,120.8,154.3,0.73,COMPLETE
13230,0.825,2026-04-09 16:34:27.550539,2026-04-09 16:35:01.741863,0 days 00:00:34.191324,372.0,1.0,121.0,153.1,0.23,COMPLETE
13231,0.6875,2026-04-09 16:35:01.763116,2026-04-09 16:35:09.468611,0 days 00:00:07.705495,316.0,2.0,114.1,152.9,0.3,COMPLETE
13232,0.6875,2026-04-09 16:35:09.486698,2026-04-09 16:35:16.415582,0 days 00:00:06.928884,370.0,1.0,117.6,150.7,0.46,COMPLETE
13233,0.6875,2026-04-09 16:35:16.435443,2026-04-09 16:35:23.410521,0 days 00:00:06.975078,422.0,1.0,114.4,153.9,0.32,COMPLETE
13234,0.6875,2026-04-09 16:35:23.427831,2026-04-09 16:35:30.360935,0 days 00:00:06.933104,360.0,2.0,115.4,155.1,0.27,COMPLETE
13235,0.825,2026-04-09 16:35:30.381786,2026-04-09 16:36:04.739552,0 days 00:00:34.357766,452.0,1.0,120.0,153.6,0.26,COMPLETE
13236,0.6875,2026-04-09 16:36:04.757483,2026-04-09 16:36:11.627766,0 days 00:00:06.870283,442.0,1.0,117.4,155.3,0.0,COMPLETE
13237,0.6875,2026-04-09 16:36:11.648355,2026-04-09 16:36:19.211842,0 days 00:00:07.563487,421.0,2.0,126.2,153.7,0.75,COMPLETE
13238,0.825,2026-04-09 16:36:19.228963,2026-04-09 16:36:53.601672,0 days 00:00:34.372709,305.0,2.0,124.2,156.6,0.0,COMPLETE
13239,0.6875,2026-04-09 16:36:53.621097,2026-04-09 16:37:01.084341,0 days 00:00:07.463244,460.0,1.0,115.0,154.8,0.22,COMPLETE
13240,0.6875,2026-04-09 16:37:01.102750,2026-04-09 16:37:07.656138,0 days 00:00:06.553388,399.0,1.0,115.9,155.6,0.76,COMPLETE
13241,0.6875,2026-04-09 16:37:07.674856,2026-04-09 16:37:14.307989,0 days 00:00:06.633133,472.0,1.0,113.6,155.4,0.01,COMPLETE
13242,0.6875,2026-04-09 16:37:14.327942,2026-04-09 16:37:21.412666,0 days 00:00:07.084724,347.0,1.0,117.0,151.9,0.29,COMPLETE
13243,0.6875,2026-04-09 16:37:21.431372,2026-04-09 16:37:28.477465,0 days 00:00:07.046093,356.0,1.0,123.1,154.1,0.2,COMPLETE
13244,0.6875,2026-04-09 16:37:28.496902,2026-04-09 16:37:36.469919,0 days 00:00:07.973017,163.0,2.0,113.2,155.2,0.6,COMPLETE
13245,0.6875,2026-04-09 16:37:36.488509,2026-04-09 16:37:43.063844,0 days 00:00:06.575335,391.0,1.0,114.5,155.8,0.0,COMPLETE
13246,0.6875,2026-04-09 16:37:43.083206,2026-04-09 16:37:49.957960,0 days 00:00:06.874754,371.0,2.0,117.3,151.8,0.19,COMPLETE
13247,0.6875,2026-04-09 16:37:49.978852,2026-04-09 16:37:56.662583,0 days 00:00:06.683731,450.0,1.0,117.3,154.4,0.41000000000000003,COMPLETE
13248,0.6875,2026-04-09 16:37:56.682581,2026-04-09 16:38:03.355536,0 days 00:00:06.672955,392.0,2.0,115.4,151.6,0.12,COMPLETE
13249,0.6875,2026-04-09 16:38:03.373185,2026-04-09 16:38:10.004975,0 days 00:00:06.631790,380.0,1.0,117.7,152.0,0.21,COMPLETE
13250,0.6875,2026-04-09 16:38:10.024259,2026-04-09 16:38:16.886412,0 days 00:00:06.862153,499.0,2.0,113.1,153.3,0.01,COMPLETE
13251,0.825,2026-04-09 16:38:16.905294,2026-04-09 16:38:52.167930,0 days 00:00:35.262636,498.0,2.0,125.1,155.6,0.44,COMPLETE
13252,0.6875,2026-04-09 16:38:52.188903,2026-04-09 16:38:59.540688,0 days 00:00:07.351785,269.0,2.0,121.4,153.6,0.24,COMPLETE
13253,0.6875,2026-04-09 16:38:59.558885,2026-04-09 16:39:06.560590,0 days 00:00:07.001705,371.0,1.0,116.5,152.9,0.0,COMPLETE
13254,0.825,2026-04-09 16:39:06.579274,2026-04-09 16:39:40.797631,0 days 00:00:34.218357,344.0,1.0,119.0,154.3,0.0,COMPLETE
13255,0.825,2026-04-09 16:39:40.817831,2026-04-09 16:40:14.836884,0 days 00:00:34.019053,327.0,1.0,119.1,155.5,0.29,COMPLETE
13256,0.6875,2026-04-09 16:40:14.855298,2026-04-09 16:40:21.935818,0 days 00:00:07.080520,439.0,1.0,114.6,154.6,0.77,COMPLETE
13257,0.6875,2026-04-09 16:40:21.956302,2026-04-09 16:40:28.688667,0 days 00:00:06.732365,467.0,2.0,115.8,155.8,0.0,COMPLETE
13258,0.6875,2026-04-09 16:40:28.708107,2026-04-09 16:40:36.075780,0 days 00:00:07.367673,215.0,1.0,115.3,152.3,0.43,COMPLETE
13259,0.6875,2026-04-09 16:40:36.094182,2026-04-09 16:40:42.942024,0 days 00:00:06.847842,334.0,1.0,116.9,155.5,0.0,COMPLETE
13260,0.6875,2026-04-09 16:40:42.961370,2026-04-09 16:40:49.660105,0 days 00:00:06.698735,456.0,1.0,116.4,153.9,0.26,COMPLETE
13261,0.825,2026-04-09 16:40:49.677544,2026-04-09 16:41:24.456826,0 days 00:00:34.779282,465.0,2.0,125.5,155.1,0.16,COMPLETE
13262,0.6875,2026-04-09 16:41:24.477378,2026-04-09 16:41:31.988459,0 days 00:00:07.511081,492.0,1.0,115.9,155.4,0.49,COMPLETE
13263,0.6875,2026-04-09 16:41:32.009661,2026-04-09 16:41:38.641512,0 days 00:00:06.631851,499.0,1.0,114.5,157.2,0.25,COMPLETE
13264,0.6875,2026-04-09 16:41:38.661714,2026-04-09 16:41:46.227817,0 days 00:00:07.566103,362.0,1.0,119.3,150.1,0.14,COMPLETE
13265,0.825,2026-04-09 16:41:46.244497,2026-04-09 16:42:21.045327,0 days 00:00:34.800830,432.0,1.0,122.5,157.4,0.54,COMPLETE
13266,0.6875,2026-04-09 16:42:21.066831,2026-04-09 16:42:28.538030,0 days 00:00:07.471199,385.0,1.0,116.8,154.0,0.5,COMPLETE
13267,0.6875,2026-04-09 16:42:28.555627,2026-04-09 16:42:35.494653,0 days 00:00:06.939026,488.0,2.0,121.1,154.0,0.68,COMPLETE
13268,0.6875,2026-04-09 16:42:35.514448,2026-04-09 16:42:42.460627,0 days 00:00:06.946179,419.0,2.0,116.9,153.6,0.24,COMPLETE
13269,0.6875,2026-04-09 16:42:42.477999,2026-04-09 16:42:49.285351,0 days 00:00:06.807352,422.0,1.0,114.5,153.2,0.17,COMPLETE
13270,0.6875,2026-04-09 16:42:49.306423,2026-04-09 16:42:56.604270,0 days 00:00:07.297847,357.0,3.0,113.2,157.7,1.78,COMPLETE
13271,0.6875,2026-04-09 16:42:56.623155,2026-04-09 16:43:03.631891,0 days 00:00:07.008736,371.0,2.0,114.4,153.4,0.0,COMPLETE
13272,0.6875,2026-04-09 16:43:03.652821,2026-04-09 16:43:10.210363,0 days 00:00:06.557542,324.0,1.0,114.0,153.4,0.29,COMPLETE
13273,0.6875,2026-04-09 16:43:10.228029,2026-04-09 16:43:17.049552,0 days 00:00:06.821523,414.0,2.0,116.6,154.3,0.01,COMPLETE
13274,0.6875,2026-04-09 16:43:17.068942,2026-04-09 16:43:23.741016,0 days 00:00:06.672074,497.0,2.0,117.1,155.8,0.25,COMPLETE
13275,0.6875,2026-04-09 16:43:23.761563,2026-04-09 16:43:30.546823,0 days 00:00:06.785260,446.0,1.0,118.0,157.9,0.52,COMPLETE
13276,0.825,2026-04-09 16:43:30.566229,2026-04-09 16:44:04.720782,0 days 00:00:34.154553,498.0,1.0,117.0,154.2,0.03,COMPLETE
13277,0.6875,2026-04-09 16:44:04.741720,2026-04-09 16:44:11.704900,0 days 00:00:06.963180,446.0,1.0,114.7,155.1,0.0,COMPLETE
13278,0.6875,2026-04-09 16:44:11.722517,2026-04-09 16:44:19.939486,0 days 00:00:08.216969,164.0,2.0,121.0,150.3,1.18,COMPLETE
13279,0.825,2026-04-09 16:44:19.961407,2026-04-09 16:44:54.369818,0 days 00:00:34.408411,428.0,1.0,122.5,156.2,0.16,COMPLETE
13280,0.6875,2026-04-09 16:44:54.387860,2026-04-09 16:45:02.223345,0 days 00:00:07.835485,242.0,1.0,119.9,148.0,1.73,COMPLETE
13281,0.6875,2026-04-09 16:45:02.242934,2026-04-09 16:45:09.560503,0 days 00:00:07.317569,391.0,1.0,116.7,154.2,0.22,COMPLETE
13282,0.6875,2026-04-09 16:45:09.578687,2026-04-09 16:45:16.295770,0 days 00:00:06.717083,401.0,1.0,115.1,153.3,0.17,COMPLETE
13283,0.6875,2026-04-09 16:45:16.313379,2026-04-09 16:45:23.085347,0 days 00:00:06.771968,366.0,1.0,117.7,154.8,0.29,COMPLETE
13284,0.825,2026-04-09 16:45:23.105095,2026-04-09 16:45:57.373345,0 days 00:00:34.268250,499.0,2.0,122.5,152.6,0.41000000000000003,COMPLETE
13285,0.6875,2026-04-09 16:45:57.393640,2026-04-09 16:46:04.919616,0 days 00:00:07.525976,460.0,1.0,117.1,157.5,0.22,COMPLETE
13286,0.825,2026-04-09 16:46:04.939132,2026-04-09 16:46:39.089820,0 days 00:00:34.150688,422.0,1.0,117.0,154.2,0.27,COMPLETE
13287,0.6875,2026-04-09 16:46:39.108131,2026-04-09 16:46:46.039422,0 days 00:00:06.931291,429.0,1.0,115.3,156.4,0.22,COMPLETE
13288,0.825,2026-04-09 16:46:46.059934,2026-04-09 16:47:20.803696,0 days 00:00:34.743762,418.0,2.0,123.3,156.0,0.63,COMPLETE
13289,0.6875,2026-04-09 16:47:20.824397,2026-04-09 16:47:27.784088,0 days 00:00:06.959691,499.0,1.0,125.0,157.3,0.6900000000000001,COMPLETE
13290,0.6875,2026-04-09 16:47:27.803885,2026-04-09 16:47:34.517020,0 days 00:00:06.713135,470.0,2.0,124.2,156.4,1.69,COMPLETE
13291,0.6875,2026-04-09 16:47:34.537616,2026-04-09 16:47:42.192032,0 days 00:00:07.654416,322.0,1.0,116.5,154.7,0.3,COMPLETE
13292,0.6875,2026-04-09 16:47:42.209413,2026-04-09 16:47:49.088117,0 days 00:00:06.878704,398.0,1.0,119.4,151.8,0.46,COMPLETE
13293,0.6875,2026-04-09 16:47:49.108288,2026-04-09 16:47:56.071977,0 days 00:00:06.963689,425.0,1.0,116.1,155.1,0.29,COMPLETE
13294,0.6875,2026-04-09 16:47:56.090769,2026-04-09 16:48:03.377414,0 days 00:00:07.286645,277.0,2.0,121.1,155.9,0.18,COMPLETE
13295,0.6875,2026-04-09 16:48:03.397264,2026-04-09 16:48:10.417082,0 days 00:00:07.019818,333.0,1.0,116.6,158.3,0.0,COMPLETE
13296,0.825,2026-04-09 16:48:10.435189,2026-04-09 16:48:44.523602,0 days 00:00:34.088413,370.0,1.0,117.7,156.3,0.0,COMPLETE
13297,0.6875,2026-04-09 16:48:44.543006,2026-04-09 16:48:51.588286,0 days 00:00:07.045280,446.0,2.0,117.3,151.8,0.41000000000000003,COMPLETE
13298,0.825,2026-04-09 16:48:51.605622,2026-04-09 16:49:25.743639,0 days 00:00:34.138017,429.0,1.0,120.0,153.5,0.0,COMPLETE
13299,0.825,2026-04-09 16:49:25.763914,2026-04-09 16:49:43.305575,0 days 00:00:17.541661,454.0,3.0,126.1,154.7,0.78,COMPLETE
13300,0.825,2026-04-09 16:49:43.323289,2026-04-09 16:50:17.969246,0 days 00:00:34.645957,407.0,1.0,118.8,154.4,0.44,COMPLETE
13301,0.6875,2026-04-09 16:50:17.990164,2026-04-09 16:50:24.962959,0 days 00:00:06.972795,443.0,1.0,117.0,155.6,0.72,COMPLETE
13302,0.6875,2026-04-09 16:50:24.981687,2026-04-09 16:50:32.100277,0 days 00:00:07.118590,307.0,3.0,118.0,151.9,0.08,COMPLETE
13303,0.6875,2026-04-09 16:50:32.121040,2026-04-09 16:50:38.992273,0 days 00:00:06.871233,363.0,1.0,115.8,154.9,0.62,COMPLETE
13304,0.6875,2026-04-09 16:50:39.009388,2026-04-09 16:50:45.704347,0 days 00:00:06.694959,389.0,1.0,117.4,154.6,0.01,COMPLETE
13305,0.6875,2026-04-09 16:50:45.724390,2026-04-09 16:50:52.651557,0 days 00:00:06.927167,469.0,1.0,121.1,154.9,1.32,COMPLETE
13306,0.6875,2026-04-09 16:50:52.668900,2026-04-09 16:50:59.984714,0 days 00:00:07.315814,476.0,1.0,114.6,151.8,0.22,COMPLETE
13307,0.6875,2026-04-09 16:51:00.005099,2026-04-09 16:51:07.163709,0 days 00:00:07.158610,368.0,1.0,116.3,155.5,0.42,COMPLETE
13308,0.825,2026-04-09 16:51:07.182319,2026-04-09 16:51:41.419301,0 days 00:00:34.236982,450.0,1.0,118.7,154.5,0.24,COMPLETE
13309,0.825,2026-04-09 16:51:41.439418,2026-04-09 16:52:15.982774,0 days 00:00:34.543356,342.0,2.0,122.6,156.0,0.44,COMPLETE
13310,0.6875,2026-04-09 16:52:16.004045,2026-04-09 16:52:23.254856,0 days 00:00:07.250811,411.0,1.0,116.9,151.4,0.18,COMPLETE
13311,0.6875,2026-04-09 16:52:23.273119,2026-04-09 16:52:30.667113,0 days 00:00:07.393994,335.0,1.0,119.7,158.2,0.52,COMPLETE
13312,0.825,2026-04-09 16:52:30.686996,2026-04-09 16:53:04.864696,0 days 00:00:34.177700,393.0,1.0,118.7,155.4,0.24,COMPLETE
13313,0.6875,2026-04-09 16:53:04.882875,2026-04-09 16:53:12.238985,0 days 00:00:07.356110,304.0,2.0,122.8,155.3,0.37,COMPLETE
13314,0.6875,2026-04-09 16:53:12.258685,2026-04-09 16:53:19.053633,0 days 00:00:06.794948,468.0,2.0,120.4,154.8,0.28,COMPLETE
13315,0.6875,2026-04-09 16:53:19.072473,2026-04-09 16:53:26.235124,0 days 00:00:07.162651,394.0,1.0,122.9,151.6,0.55,COMPLETE
13316,0.6875,2026-04-09 16:53:26.255465,2026-04-09 16:53:33.381270,0 days 00:00:07.125805,398.0,1.0,117.4,153.2,0.21,COMPLETE
13317,0.825,2026-04-09 16:53:33.398779,2026-04-09 16:54:07.600121,0 days 00:00:34.201342,444.0,2.0,122.3,153.6,0.29,COMPLETE
13318,0.825,2026-04-09 16:54:07.619894,2026-04-09 16:54:13.352211,0 days 00:00:05.732317,431.0,2.0,114.9,153.9,0.58,COMPLETE
13319,0.6875,2026-04-09 16:54:13.372543,2026-04-09 16:54:20.728834,0 days 00:00:07.356291,354.0,2.0,119.9,153.1,0.28,COMPLETE
13320,0.825,2026-04-09 16:54:20.748464,2026-04-09 16:54:54.965886,0 days 00:00:34.217422,498.0,1.0,119.2,155.8,0.45,COMPLETE
13321,0.825,2026-04-09 16:54:54.985752,2026-04-09 16:55:29.244722,0 days 00:00:34.258970,378.0,1.0,119.1,153.6,0.0,COMPLETE
13322,0.6875,2026-04-09 16:55:29.263466,2026-04-09 16:55:36.526226,0 days 00:00:07.262760,348.0,1.0,115.2,157.3,0.2,COMPLETE
13323,0.6875,2026-04-09 16:55:36.545555,2026-04-09 16:55:44.073611,0 days 00:00:07.528056,400.0,1.0,123.6,155.2,0.4,COMPLETE
13324,0.6875,2026-04-09 16:55:44.091488,2026-04-09 16:55:51.229652,0 days 00:00:07.138164,459.0,2.0,119.7,150.8,1.1500000000000001,COMPLETE
13325,0.825,2026-04-09 16:55:51.249527,2026-04-09 16:56:04.981626,0 days 00:00:13.732099,428.0,1.0,116.3,155.1,0.0,COMPLETE
13326,0.6875,2026-04-09 16:56:05.001218,2026-04-09 16:56:11.728471,0 days 00:00:06.727253,419.0,1.0,115.5,154.5,0.23,COMPLETE
13327,0.6875,2026-04-09 16:56:11.748489,2026-04-09 16:56:19.920683,0 days 00:00:08.172194,264.0,2.0,126.9,157.1,0.5700000000000001,COMPLETE
13328,0.825,2026-04-09 16:56:19.939414,2026-04-09 16:56:34.244869,0 days 00:00:14.305455,402.0,3.0,119.1,152.7,0.25,COMPLETE
13329,0.6875,2026-04-09 16:56:34.262159,2026-04-09 16:56:41.666416,0 days 00:00:07.404257,271.0,3.0,125.9,155.0,0.63,COMPLETE
13330,0.825,2026-04-09 16:56:41.686535,2026-04-09 16:57:15.996610,0 days 00:00:34.310075,401.0,1.0,120.5,156.5,0.35000000000000003,COMPLETE
13331,0.6875,2026-04-09 16:57:16.014578,2026-04-09 16:57:23.446483,0 days 00:00:07.431905,309.0,3.0,116.5,154.2,1.57,COMPLETE
13332,0.825,2026-04-09 16:57:23.466344,2026-04-09 16:57:57.991009,0 days 00:00:34.524665,383.0,1.0,123.5,152.9,0.04,COMPLETE
13333,0.6875,2026-04-09 16:57:58.008817,2026-04-09 16:58:05.470669,0 days 00:00:07.461852,374.0,1.0,115.8,153.2,0.51,COMPLETE
13334,0.825,2026-04-09 16:58:05.491890,2026-04-09 16:58:39.734203,0 days 00:00:34.242313,425.0,1.0,118.2,156.6,0.26,COMPLETE
13335,0.825,2026-04-09 16:58:39.752626,2026-04-09 16:59:36.000095,0 days 00:00:56.247469,457.0,2.0,124.1,154.1,0.33,COMPLETE
13336,0.6875,2026-04-09 16:59:36.021325,2026-04-09 16:59:43.619399,0 days 00:00:07.598074,332.0,1.0,116.1,154.7,0.26,COMPLETE
13337,0.825,2026-04-09 16:59:43.637949,2026-04-09 17:00:18.311686,0 days 00:00:34.673737,368.0,1.0,123.3,156.3,0.42,COMPLETE
13338,0.6875,2026-04-09 17:00:18.331302,2026-04-09 17:00:25.308573,0 days 00:00:06.977271,406.0,2.0,124.2,156.3,1.86,COMPLETE
13339,0.6875,2026-04-09 17:00:25.327433,2026-04-09 17:00:33.126280,0 days 00:00:07.798847,341.0,1.0,116.0,153.4,0.01,COMPLETE
13340,0.6875,2026-04-09 17:00:33.146970,2026-04-09 17:00:40.191007,0 days 00:00:07.044037,257.0,1.0,118.5,153.1,0.8,COMPLETE
13341,0.6875,2026-04-09 17:00:40.208131,2026-04-09 17:00:47.620721,0 days 00:00:07.412590,401.0,1.0,113.0,158.6,0.36,COMPLETE
13342,0.825,2026-04-09 17:00:47.640584,2026-04-09 17:01:22.294686,0 days 00:00:34.654102,444.0,1.0,117.8,153.0,0.17,COMPLETE
13343,0.6875,2026-04-09 17:01:22.313530,2026-04-09 17:01:29.267379,0 days 00:00:06.953849,439.0,2.0,116.1,154.6,0.6,COMPLETE
13344,0.6875,2026-04-09 17:01:29.287939,2026-04-09 17:01:36.083707,0 days 00:00:06.795768,423.0,1.0,117.6,152.5,0.42,COMPLETE
13345,0.6875,2026-04-09 17:01:36.103089,2026-04-09 17:01:43.039407,0 days 00:00:06.936318,305.0,2.0,116.2,152.8,0.0,COMPLETE
13346,0.6875,2026-04-09 17:01:43.056599,2026-04-09 17:01:49.654670,0 days 00:00:06.598071,467.0,1.0,115.5,153.4,0.23,COMPLETE
13347,0.6875,2026-04-09 17:01:49.674154,2026-04-09 17:01:56.535743,0 days 00:00:06.861589,497.0,1.0,113.6,155.5,0.59,COMPLETE
13348,0.6875,2026-04-09 17:01:56.554153,2026-04-09 17:02:03.445089,0 days 00:00:06.890936,439.0,1.0,115.6,158.8,0.59,COMPLETE
13349,0.6875,2026-04-09 17:02:03.465943,2026-04-09 17:02:10.263960,0 days 00:00:06.798017,387.0,1.0,114.4,155.7,0.21,COMPLETE
13350,0.6875,2026-04-09 17:02:10.286123,2026-04-09 17:02:17.234303,0 days 00:00:06.948180,427.0,2.0,115.9,151.5,0.02,COMPLETE
13351,0.6875,2026-04-09 17:02:17.254724,2026-04-09 17:02:24.248134,0 days 00:00:06.993410,452.0,1.0,116.1,156.1,0.5,COMPLETE
13352,0.6875,2026-04-09 17:02:24.268492,2026-04-09 17:02:32.453570,0 days 00:00:08.185078,227.0,2.0,125.4,152.1,1.24,COMPLETE
13353,0.825,2026-04-09 17:02:32.473133,2026-04-09 17:03:06.720205,0 days 00:00:34.247072,307.0,2.0,125.0,154.6,0.15,COMPLETE
13354,0.6875,2026-04-09 17:03:06.738678,2026-04-09 17:03:14.119036,0 days 00:00:07.380358,156.0,2.0,124.2,156.1,0.02,COMPLETE
13355,0.6875,2026-04-09 17:03:14.139016,2026-04-09 17:03:21.491330,0 days 00:00:07.352314,403.0,2.0,116.9,157.2,0.01,COMPLETE
13356,0.825,2026-04-09 17:03:21.511656,2026-04-09 17:03:55.625206,0 days 00:00:34.113550,498.0,2.0,118.6,153.6,0.04,COMPLETE
13357,0.6875,2026-04-09 17:03:55.645876,2026-04-09 17:04:02.388303,0 days 00:00:06.742427,499.0,1.0,117.5,154.2,0.22,COMPLETE
13358,0.6875,2026-04-09 17:04:02.407815,2026-04-09 17:04:09.980690,0 days 00:00:07.572875,298.0,2.0,124.7,153.7,0.49,COMPLETE
13359,0.825,2026-04-09 17:04:09.999619,2026-04-09 17:04:44.024101,0 days 00:00:34.024482,459.0,2.0,122.7,156.4,0.54,COMPLETE
13360,0.6875,2026-04-09 17:04:44.044718,2026-04-09 17:04:51.671234,0 days 00:00:07.626516,386.0,1.0,114.0,157.0,0.0,COMPLETE
13361,0.825,2026-04-09 17:04:51.689119,2026-04-09 17:05:26.272023,0 days 00:00:34.582904,489.0,3.0,121.1,153.1,0.37,COMPLETE
13362,0.6875,2026-04-09 17:05:26.292258,2026-04-09 17:05:33.774204,0 days 00:00:07.481946,232.0,2.0,121.2,155.6,0.2,COMPLETE
13363,0.6875,2026-04-09 17:05:33.793591,2026-04-09 17:05:40.988745,0 days 00:00:07.195154,493.0,1.0,115.1,155.3,0.01,COMPLETE
13364,0.6875,2026-04-09 17:05:41.008355,2026-04-09 17:05:47.867379,0 days 00:00:06.859024,409.0,1.0,116.1,156.1,0.0,COMPLETE
13365,0.6875,2026-04-09 17:05:47.886926,2026-04-09 17:05:55.343893,0 days 00:00:07.456967,271.0,2.0,122.0,154.1,0.72,COMPLETE
13366,0.825,2026-04-09 17:05:55.361771,2026-04-09 17:06:29.237368,0 days 00:00:33.875597,354.0,2.0,123.1,154.3,0.01,COMPLETE
13367,0.6875,2026-04-09 17:06:29.258057,2026-04-09 17:06:36.434979,0 days 00:00:07.176922,425.0,1.0,117.8,153.7,0.46,COMPLETE
13368,0.6875,2026-04-09 17:06:36.454585,2026-04-09 17:06:43.257287,0 days 00:00:06.802702,295.0,1.0,118.1,154.1,0.31,COMPLETE
13369,0.825,2026-04-09 17:06:43.276853,2026-04-09 17:07:17.635087,0 days 00:00:34.358234,496.0,2.0,121.8,156.1,0.19,COMPLETE
13370,0.6875,2026-04-09 17:07:17.653787,2026-04-09 17:07:24.863022,0 days 00:00:07.209235,356.0,1.0,122.2,153.1,0.71,COMPLETE
13371,0.6875,2026-04-09 17:07:24.883927,2026-04-09 17:07:32.249939,0 days 00:00:07.366012,409.0,1.0,114.9,154.9,0.3,COMPLETE
13372,0.6875,2026-04-09 17:07:32.267774,2026-04-09 17:07:39.282015,0 days 00:00:07.014241,450.0,2.0,119.9,155.1,0.98,COMPLETE
13373,0.825,2026-04-09 17:07:39.301860,2026-04-09 17:08:13.423733,0 days 00:00:34.121873,457.0,1.0,118.7,156.4,0.36,COMPLETE
13374,0.6875,2026-04-09 17:08:13.444357,2026-04-09 17:08:20.483826,0 days 00:00:07.039469,483.0,1.0,120.1,159.6,1.08,COMPLETE
13375,0.6875,2026-04-09 17:08:20.501630,2026-04-09 17:08:28.132968,0 days 00:00:07.631338,381.0,1.0,114.4,154.9,0.0,COMPLETE
13376,0.6875,2026-04-09 17:08:28.153434,2026-04-09 17:08:35.014409,0 days 00:00:06.860975,462.0,1.0,114.4,157.7,0.01,COMPLETE
13377,0.825,2026-04-09 17:08:35.032165,2026-04-09 17:09:09.752205,0 days 00:00:34.720040,335.0,1.0,119.8,155.0,0.31,COMPLETE
13378,0.6875,2026-04-09 17:09:09.772424,2026-04-09 17:09:16.848588,0 days 00:00:07.076164,366.0,1.0,115.4,153.3,0.01,COMPLETE
