number,value,datetime_start,datetime_complete,duration,params_voltage,params_width,params_x,params_y,params_z,state
6086,0.825,2026-04-06 12:29:15.606837,2026-04-06 12:29:50.570989,0 days 00:00:34.964152,303.0,3.0,122.9,156.6,0.41000000000000003,COMPLETE
6087,0.6875,2026-04-06 12:29:50.586645,2026-04-06 12:29:57.859417,0 days 00:00:07.272772,397.0,2.0,120.0,148.4,1.2,COMPLETE
6088,0.6875,2026-04-06 12:29:57.872857,2026-04-06 12:30:05.683073,0 days 00:00:07.810216,404.0,3.0,126.6,159.5,0.8300000000000001,COMPLETE
6089,0.6875,2026-04-06 12:30:05.698936,2026-04-06 12:30:13.729019,0 days 00:00:08.030083,321.0,2.0,116.3,151.4,1.54,COMPLETE
6090,0.6875,2026-04-06 12:30:13.744450,2026-04-06 12:30:20.764154,0 days 00:00:07.019704,226.0,3.0,120.5,154.2,1.47,COMPLETE
6091,0.6875,2026-04-06 12:30:20.777702,2026-04-06 12:30:27.598597,0 days 00:00:06.820895,496.0,1.0,116.7,150.6,0.16,COMPLETE
6092,0.6875,2026-04-06 12:30:27.614291,2026-04-06 12:30:34.166761,0 days 00:00:06.552470,450.0,2.0,113.7,149.5,0.29,COMPLETE
6093,0.6875,2026-04-06 12:30:34.181315,2026-04-06 12:30:42.319355,0 days 00:00:08.138040,193.0,1.0,123.8,155.7,1.08,COMPLETE
6094,0.6875,2026-04-06 12:30:42.335218,2026-04-06 12:30:49.157624,0 days 00:00:06.822406,274.0,3.0,119.2,153.2,1.9100000000000001,COMPLETE
6095,0.6875,2026-04-06 12:30:49.173673,2026-04-06 12:30:56.107949,0 days 00:00:06.934276,367.0,1.0,123.2,157.9,0.71,COMPLETE
6096,0.6875,2026-04-06 12:30:56.123579,2026-04-06 12:31:02.892926,0 days 00:00:06.769347,340.0,3.0,118.3,156.8,1.69,COMPLETE
6097,0.6875,2026-04-06 12:31:02.909063,2026-04-06 12:31:10.448931,0 days 00:00:07.539868,259.0,1.0,122.4,148.3,0.93,COMPLETE
6098,0.6875,2026-04-06 12:31:10.462246,2026-04-06 12:31:18.341268,0 days 00:00:07.879022,164.0,3.0,114.7,157.5,0.07,COMPLETE
6099,0.6875,2026-04-06 12:31:18.357758,2026-04-06 12:31:25.835531,0 days 00:00:07.477773,433.0,2.0,124.7,153.5,1.3,COMPLETE
6100,0.6875,2026-04-06 12:31:25.848251,2026-04-06 12:31:32.492229,0 days 00:00:06.643978,470.0,3.0,121.4,151.8,1.18,COMPLETE
6101,0.6875,2026-04-06 12:31:32.507930,2026-04-06 12:31:40.146971,0 days 00:00:07.639041,212.0,2.0,117.5,159.1,0.44,COMPLETE
6102,0.6875,2026-04-06 12:31:40.167816,2026-04-06 12:31:47.906675,0 days 00:00:07.738859,292.0,2.0,125.7,149.5,0.55,COMPLETE
6103,0.6875,2026-04-06 12:31:47.923765,2026-04-06 12:31:55.571452,0 days 00:00:07.647687,387.0,1.0,115.4,155.4,1.82,COMPLETE
6104,0.6875,2026-04-06 12:31:55.584632,2026-04-06 12:32:02.200925,0 days 00:00:06.616293,382.0,3.0,117.1,158.2,0.35000000000000003,COMPLETE
6105,0.6875,2026-04-06 12:32:02.214533,2026-04-06 12:32:09.316143,0 days 00:00:07.101610,299.0,1.0,120.1,153.1,1.02,COMPLETE
6106,0.6875,2026-04-06 12:32:09.331927,2026-04-06 12:32:16.349355,0 days 00:00:07.017428,205.0,2.0,115.9,155.8,1.98,COMPLETE
6107,0.6875,2026-04-06 12:32:16.365295,2026-04-06 12:32:24.164743,0 days 00:00:07.799448,474.0,1.0,127.0,149.2,0.65,COMPLETE
6108,0.6875,2026-04-06 12:32:24.180072,2026-04-06 12:32:30.887610,0 days 00:00:06.707538,428.0,2.0,122.8,150.8,0.77,COMPLETE
6109,0.6875,2026-04-06 12:32:30.904436,2026-04-06 12:32:38.327616,0 days 00:00:07.423180,171.0,1.0,119.6,154.0,1.61,COMPLETE
6110,0.6875,2026-04-06 12:32:38.340214,2026-04-06 12:32:45.107039,0 days 00:00:06.766825,252.0,3.0,124.2,151.6,1.41,COMPLETE
6111,0.6875,2026-04-06 12:32:45.123984,2026-04-06 12:32:52.960781,0 days 00:00:07.836797,345.0,2.0,113.4,159.3,0.22,COMPLETE
6112,0.6875,2026-04-06 12:32:52.976551,2026-04-06 12:33:00.718476,0 days 00:00:07.741925,363.0,2.0,125.2,155.2,1.25,COMPLETE
6113,0.6875,2026-04-06 12:33:00.734808,2026-04-06 12:33:08.640666,0 days 00:00:07.905858,280.0,1.0,114.2,149.7,0.38,COMPLETE
6114,0.6875,2026-04-06 12:33:08.656628,2026-04-06 12:33:16.562525,0 days 00:00:07.905897,186.0,3.0,121.9,159.0,0.61,COMPLETE
6115,0.6875,2026-04-06 12:33:16.576712,2026-04-06 12:33:23.671993,0 days 00:00:07.095281,454.0,1.0,118.8,152.0,1.77,COMPLETE
6116,0.6875,2026-04-06 12:33:23.687580,2026-04-06 12:33:30.369896,0 days 00:00:06.682316,492.0,3.0,115.0,153.4,1.6300000000000001,COMPLETE
6117,0.6875,2026-04-06 12:33:30.385705,2026-04-06 12:33:38.489690,0 days 00:00:08.103985,233.0,2.0,126.1,157.8,1.0,COMPLETE
6118,0.6875,2026-04-06 12:33:38.502949,2026-04-06 12:33:46.228087,0 days 00:00:07.725138,315.0,3.0,118.0,148.1,0.01,COMPLETE
6119,0.6875,2026-04-06 12:33:46.244823,2026-04-06 12:33:53.570661,0 days 00:00:07.325838,408.0,1.0,120.9,157.0,1.37,COMPLETE
6120,0.6875,2026-04-06 12:33:53.584598,2026-04-06 12:34:00.858589,0 days 00:00:07.273991,393.0,3.0,114.3,151.0,0.74,COMPLETE
6121,0.6875,2026-04-06 12:34:00.875121,2026-04-06 12:34:08.979869,0 days 00:00:08.104748,310.0,1.0,124.6,159.9,1.8900000000000001,COMPLETE
6122,0.6875,2026-04-06 12:34:08.995495,2026-04-06 12:34:16.786384,0 days 00:00:07.790889,216.0,3.0,118.7,150.3,1.12,COMPLETE
6123,0.825,2026-04-06 12:34:16.799877,2026-04-06 12:34:51.107701,0 days 00:00:34.307824,485.0,2.0,122.4,154.6,0.25,COMPLETE
6124,0.825,2026-04-06 12:34:51.121708,2026-04-06 12:35:25.152333,0 days 00:00:34.030625,439.0,3.0,125.4,156.1,0.13,COMPLETE
6125,0.6875,2026-04-06 12:35:25.168190,2026-04-06 12:35:33.657221,0 days 00:00:08.489031,182.0,1.0,115.3,149.1,1.49,COMPLETE
6126,0.6875,2026-04-06 12:35:33.670309,2026-04-06 12:35:41.469534,0 days 00:00:07.799225,263.0,2.0,121.7,158.3,1.51,COMPLETE
6127,0.6875,2026-04-06 12:35:41.485340,2026-04-06 12:35:48.684373,0 days 00:00:07.199033,355.0,1.0,117.7,152.8,0.87,COMPLETE
6128,0.6875,2026-04-06 12:35:48.699765,2026-04-06 12:35:55.660556,0 days 00:00:06.960791,329.0,3.0,120.8,148.7,1.85,COMPLETE
6129,0.6875,2026-04-06 12:35:55.673053,2026-04-06 12:36:03.324090,0 days 00:00:07.651037,248.0,2.0,116.7,156.4,0.53,COMPLETE
6130,0.6875,2026-04-06 12:36:03.339954,2026-04-06 12:36:11.384066,0 days 00:00:08.044112,153.0,2.0,126.2,153.9,0.48,COMPLETE
6131,0.6875,2026-04-06 12:36:11.399943,2026-04-06 12:36:19.024197,0 days 00:00:07.624254,421.0,1.0,116.2,157.1,1.1500000000000001,COMPLETE
6132,0.6875,2026-04-06 12:36:19.038510,2026-04-06 12:36:25.755810,0 days 00:00:06.717300,459.0,2.0,119.5,158.8,1.28,COMPLETE
6133,0.825,2026-04-06 12:36:25.771889,2026-04-06 12:37:00.908114,0 days 00:00:35.136225,200.0,1.0,123.4,152.1,0.1,COMPLETE
6134,0.6875,2026-04-06 12:37:00.923929,2026-04-06 12:37:08.443955,0 days 00:00:07.520026,282.0,3.0,113.5,155.0,0.9,COMPLETE
6135,0.6875,2026-04-06 12:37:08.457838,2026-04-06 12:37:16.045823,0 days 00:00:07.587985,375.0,2.0,123.7,149.9,1.74,COMPLETE
6136,0.6875,2026-04-06 12:37:16.064046,2026-04-06 12:37:23.060619,0 days 00:00:06.996573,377.0,3.0,119.1,154.7,0.8,COMPLETE
6137,0.6875,2026-04-06 12:37:23.074303,2026-04-06 12:37:30.209507,0 days 00:00:07.135204,283.0,1.0,123.3,150.3,1.57,COMPLETE
6138,0.6875,2026-04-06 12:37:30.225679,2026-04-06 12:37:38.351729,0 days 00:00:08.126050,200.0,3.0,113.8,160.0,1.43,COMPLETE
6139,0.6875,2026-04-06 12:37:38.367433,2026-04-06 12:37:46.197429,0 days 00:00:07.829996,457.0,2.0,123.8,151.2,0.18,COMPLETE
6140,0.825,2026-04-06 12:37:46.209325,2026-04-06 12:38:20.245829,0 days 00:00:34.036504,423.0,3.0,120.6,152.7,0.32,COMPLETE
6141,0.6875,2026-04-06 12:38:20.260559,2026-04-06 12:38:28.083625,0 days 00:00:07.823066,154.0,1.0,116.6,158.2,1.05,COMPLETE
6142,0.6875,2026-04-06 12:38:28.097250,2026-04-06 12:38:35.976357,0 days 00:00:07.879107,247.0,2.0,126.5,148.9,1.94,COMPLETE
6143,0.6875,2026-04-06 12:38:35.989922,2026-04-06 12:38:43.710342,0 days 00:00:07.720420,328.0,1.0,116.4,155.9,0.68,COMPLETE
6144,0.6875,2026-04-06 12:38:43.726009,2026-04-06 12:38:51.060881,0 days 00:00:07.334872,357.0,3.0,125.7,157.1,1.6600000000000001,COMPLETE
6145,0.6875,2026-04-06 12:38:51.076847,2026-04-06 12:38:58.778087,0 days 00:00:07.701240,264.0,2.0,115.4,153.9,0.96,COMPLETE
6146,0.6875,2026-04-06 12:38:58.794072,2026-04-06 12:39:05.965890,0 days 00:00:07.171818,181.0,2.0,121.4,156.3,0.04,COMPLETE
6147,0.6875,2026-04-06 12:39:05.981524,2026-04-06 12:39:13.207435,0 days 00:00:07.225911,438.0,1.0,117.5,148.5,1.33,COMPLETE
6148,0.6875,2026-04-06 12:39:13.221882,2026-04-06 12:39:19.786389,0 days 00:00:06.564507,486.0,2.0,114.6,150.0,1.22,COMPLETE
6149,0.6875,2026-04-06 12:39:19.802843,2026-04-06 12:39:27.848716,0 days 00:00:08.045873,217.0,1.0,124.7,155.1,0.41000000000000003,COMPLETE
6150,0.6875,2026-04-06 12:39:27.864407,2026-04-06 12:39:34.908069,0 days 00:00:07.043662,309.0,3.0,118.3,152.3,0.58,COMPLETE
6151,0.6875,2026-04-06 12:39:34.924710,2026-04-06 12:39:42.093242,0 days 00:00:07.168532,392.0,1.0,122.4,158.9,1.8,COMPLETE
6152,0.6875,2026-04-06 12:39:42.109338,2026-04-06 12:39:49.810268,0 days 00:00:07.700930,410.0,3.0,114.9,149.1,0.16,COMPLETE
6153,0.6875,2026-04-06 12:39:49.821937,2026-04-06 12:39:57.793669,0 days 00:00:07.971732,316.0,2.0,125.8,155.7,1.46,COMPLETE
6154,0.6875,2026-04-06 12:39:57.810329,2026-04-06 12:40:05.197680,0 days 00:00:07.387351,232.0,2.0,118.1,152.9,1.54,COMPLETE
6157,0.6875,2026-04-06 18:08:24.672763,2026-04-06 18:08:31.494067,0 days 00:00:06.821304,418.0,3.0,123.3,153.6,0.9500000000000001,COMPLETE
6158,0.6875,2026-04-06 18:08:31.511721,2026-04-06 18:08:39.667927,0 days 00:00:08.156206,168.0,1.0,114.8,158.8,1.51,COMPLETE
6159,0.6875,2026-04-06 18:08:39.682964,2026-04-06 18:08:47.528385,0 days 00:00:07.845421,309.0,2.0,123.5,150.8,1.49,COMPLETE
6160,0.825,2026-04-06 18:08:47.544912,2026-04-06 18:09:22.139623,0 days 00:00:34.594711,405.0,1.0,118.1,155.8,0.03,COMPLETE
6161,0.6875,2026-04-06 18:09:22.155544,2026-04-06 18:09:29.173953,0 days 00:00:07.018409,340.0,2.0,113.9,155.1,0.45,COMPLETE
6162,0.6875,2026-04-06 18:09:29.189637,2026-04-06 18:09:36.787980,0 days 00:00:07.598343,245.0,1.0,120.8,148.4,1.03,COMPLETE
6163,0.6875,2026-04-06 18:09:36.803395,2026-04-06 18:09:44.209319,0 days 00:00:07.405924,232.0,3.0,118.9,158.0,1.99,COMPLETE
6164,0.6875,2026-04-06 18:09:44.225311,2026-04-06 18:09:51.637097,0 days 00:00:07.411786,482.0,2.0,126.3,151.5,0.55,COMPLETE
6165,0.6875,2026-04-06 18:09:51.650854,2026-04-06 18:09:58.666178,0 days 00:00:07.015324,463.0,2.0,119.9,149.0,1.68,COMPLETE
6166,0.6875,2026-04-06 18:09:58.682617,2026-04-06 18:10:06.385732,0 days 00:00:07.703115,207.0,1.0,125.5,154.6,0.86,COMPLETE
6167,0.6875,2026-04-06 18:10:06.402106,2026-04-06 18:10:14.395237,0 days 00:00:07.993131,264.0,3.0,113.1,152.0,0.15,COMPLETE
6168,0.6875,2026-04-06 18:10:14.411433,2026-04-06 18:10:21.849515,0 days 00:00:07.438082,365.0,1.0,121.7,157.4,1.33,COMPLETE
6169,0.6875,2026-04-06 18:10:21.865754,2026-04-06 18:10:28.482995,0 days 00:00:06.617241,385.0,3.0,124.5,159.8,1.16,COMPLETE
6170,0.6875,2026-04-06 18:10:28.499324,2026-04-06 18:10:36.351963,0 days 00:00:07.852639,285.0,2.0,117.3,152.7,0.35000000000000003,COMPLETE
6171,0.6875,2026-04-06 18:10:36.368062,2026-04-06 18:10:43.729806,0 days 00:00:07.361744,187.0,3.0,122.5,156.7,0.63,COMPLETE
6172,0.6875,2026-04-06 18:10:43.743835,2026-04-06 18:10:51.290289,0 days 00:00:07.546454,442.0,1.0,115.8,149.8,1.83,COMPLETE
6173,0.6875,2026-04-06 18:10:51.308071,2026-04-06 18:10:59.262804,0 days 00:00:07.954733,453.0,3.0,125.9,158.2,0.09,COMPLETE
6174,0.6875,2026-04-06 18:10:59.277615,2026-04-06 18:11:07.409063,0 days 00:00:08.131448,177.0,1.0,119.4,151.3,1.42,COMPLETE
6175,0.6875,2026-04-06 18:11:07.424903,2026-04-06 18:11:14.108455,0 days 00:00:06.683552,295.0,3.0,121.3,155.3,1.57,COMPLETE
6176,0.6875,2026-04-06 18:11:14.124341,2026-04-06 18:11:21.600006,0 days 00:00:07.475665,375.0,2.0,113.5,148.1,0.89,COMPLETE
6177,0.6875,2026-04-06 18:11:21.616577,2026-04-06 18:11:28.311319,0 days 00:00:06.694742,355.0,3.0,116.9,150.6,0.62,COMPLETE
6178,0.6875,2026-04-06 18:11:28.326010,2026-04-06 18:11:35.948863,0 days 00:00:07.622853,274.0,2.0,124.9,155.9,1.93,COMPLETE
6179,0.6875,2026-04-06 18:11:35.964720,2026-04-06 18:11:43.464962,0 days 00:00:07.500242,197.0,2.0,116.2,153.5,1.09,COMPLETE
6180,0.6875,2026-04-06 18:11:43.480817,2026-04-06 18:11:50.703744,0 days 00:00:07.222927,474.0,1.0,122.1,159.0,0.39,COMPLETE
6181,0.6875,2026-04-06 18:11:50.720018,2026-04-06 18:11:57.855926,0 days 00:00:07.135908,492.0,3.0,115.3,156.5,1.27,COMPLETE
6182,0.6875,2026-04-06 18:11:57.871506,2026-04-06 18:12:05.796265,0 days 00:00:07.924759,222.0,2.0,122.9,149.9,0.21,COMPLETE
6183,0.6875,2026-04-06 18:12:05.811460,2026-04-06 18:12:13.335412,0 days 00:00:07.523952,256.0,3.0,117.7,159.6,0.8,COMPLETE
6184,0.6875,2026-04-06 18:12:13.352165,2026-04-06 18:12:20.666861,0 days 00:00:07.314696,330.0,1.0,124.0,152.9,1.75,COMPLETE
6185,0.6875,2026-04-06 18:12:20.683028,2026-04-06 18:12:27.303491,0 days 00:00:06.620463,395.0,2.0,120.3,152.2,1.77,COMPLETE
6186,0.6875,2026-04-06 18:12:27.318378,2026-04-06 18:12:34.733349,0 days 00:00:07.414971,320.0,1.0,114.3,157.2,0.6900000000000001,COMPLETE
6187,0.6875,2026-04-06 18:12:34.748246,2026-04-06 18:12:43.352030,0 days 00:00:08.603784,157.0,3.0,126.7,149.2,0.29,COMPLETE
6188,0.6875,2026-04-06 18:12:43.367638,2026-04-06 18:12:50.878366,0 days 00:00:07.510728,428.0,1.0,118.5,154.3,1.23,COMPLETE
6189,0.6875,2026-04-06 18:12:50.894540,2026-04-06 18:12:58.131755,0 days 00:00:07.237215,431.0,2.0,113.3,159.2,0.5,COMPLETE
6190,0.6875,2026-04-06 18:12:58.143640,2026-04-06 18:13:06.328488,0 days 00:00:08.184848,155.0,1.0,121.4,153.3,1.95,COMPLETE
6191,0.6875,2026-04-06 18:13:06.343273,2026-04-06 18:13:12.966516,0 days 00:00:06.623243,317.0,3.0,119.7,156.2,1.03,COMPLETE
6192,0.6875,2026-04-06 18:13:12.982503,2026-04-06 18:13:20.173176,0 days 00:00:07.190673,397.0,1.0,125.6,150.4,0.48,COMPLETE
6193,0.6875,2026-04-06 18:13:20.186193,2026-04-06 18:13:27.130739,0 days 00:00:06.944546,333.0,3.0,122.4,148.0,0.02,COMPLETE
6194,0.6875,2026-04-06 18:13:27.147062,2026-04-06 18:13:34.774942,0 days 00:00:07.627880,253.0,2.0,115.9,155.4,1.46,COMPLETE
6195,0.6875,2026-04-06 18:13:34.791303,2026-04-06 18:13:42.399672,0 days 00:00:07.608369,219.0,2.0,124.8,151.1,1.56,COMPLETE
6196,0.6875,2026-04-06 18:13:42.412517,2026-04-06 18:13:49.979757,0 days 00:00:07.567240,496.0,1.0,117.0,158.4,0.99,COMPLETE
6197,0.6875,2026-04-06 18:13:49.992761,2026-04-06 18:13:57.363920,0 days 00:00:07.371159,470.0,3.0,123.9,154.2,1.87,COMPLETE
6198,0.6875,2026-04-06 18:13:57.378792,2026-04-06 18:14:05.081937,0 days 00:00:07.703145,200.0,1.0,117.8,149.3,0.68,COMPLETE
6199,0.825,2026-04-06 18:14:05.095978,2026-04-06 18:14:39.836395,0 days 00:00:34.740417,278.0,2.0,123.2,157.0,0.33,COMPLETE
6200,0.6875,2026-04-06 18:14:39.849316,2026-04-06 18:14:47.265961,0 days 00:00:07.416645,352.0,1.0,115.0,152.4,1.16,COMPLETE
6201,0.6875,2026-04-06 18:14:47.279350,2026-04-06 18:14:53.926406,0 days 00:00:06.647056,373.0,3.0,118.8,153.1,1.36,COMPLETE
6202,0.6875,2026-04-06 18:14:53.940121,2026-04-06 18:15:01.588639,0 days 00:00:07.648518,298.0,1.0,126.4,159.5,0.16,COMPLETE
6203,0.6875,2026-04-06 18:15:01.602232,2026-04-06 18:15:10.137234,0 days 00:00:08.535002,179.0,3.0,114.2,150.2,0.8200000000000001,COMPLETE
6204,0.6875,2026-04-06 18:15:10.150867,2026-04-06 18:15:17.382814,0 days 00:00:07.231947,450.0,2.0,120.5,156.3,1.6300000000000001,COMPLETE
6205,0.6875,2026-04-06 18:15:17.397477,2026-04-06 18:15:25.268851,0 days 00:00:07.871374,440.0,3.0,117.4,151.7,0.41000000000000003,COMPLETE
6206,0.6875,2026-04-06 18:15:25.282229,2026-04-06 18:15:33.258464,0 days 00:00:07.976235,189.0,2.0,124.3,157.8,1.09,COMPLETE
6207,0.6875,2026-04-06 18:15:33.269765,2026-04-06 18:15:41.081452,0 days 00:00:07.811687,288.0,3.0,115.4,148.5,1.8900000000000001,COMPLETE
6208,0.6875,2026-04-06 18:15:41.094973,2026-04-06 18:15:48.483207,0 days 00:00:07.388234,383.0,1.0,122.8,154.9,0.56,COMPLETE
6209,0.6875,2026-04-06 18:15:48.494211,2026-04-06 18:15:55.198204,0 days 00:00:06.703993,362.0,2.0,126.9,155.6,0.93,COMPLETE
6210,0.6875,2026-04-06 18:15:55.211909,2026-04-06 18:16:02.981107,0 days 00:00:07.769198,267.0,1.0,118.4,151.0,1.6300000000000001,COMPLETE
6211,0.6875,2026-04-06 18:16:02.991544,2026-04-06 18:16:10.344743,0 days 00:00:07.353199,210.0,3.0,120.0,158.7,1.4000000000000001,COMPLETE
6212,0.6875,2026-04-06 18:16:10.358346,2026-04-06 18:16:17.409023,0 days 00:00:07.050677,460.0,2.0,114.6,153.8,0.09,COMPLETE
6213,0.6875,2026-04-06 18:16:17.419560,2026-04-06 18:16:24.602731,0 days 00:00:07.183171,485.0,3.0,121.0,149.6,1.22,COMPLETE
6214,0.6875,2026-04-06 18:16:24.613850,2026-04-06 18:16:32.624566,0 days 00:00:08.010716,229.0,1.0,113.8,156.9,0.27,COMPLETE
6215,0.6875,2026-04-06 18:16:32.637741,2026-04-06 18:16:40.391226,0 days 00:00:07.753485,242.0,3.0,126.0,152.6,0.75,COMPLETE
6216,0.6875,2026-04-06 18:16:40.404284,2026-04-06 18:16:47.888129,0 days 00:00:07.483845,343.0,2.0,119.3,160.0,1.81,COMPLETE
6217,0.6875,2026-04-06 18:16:47.899184,2026-04-06 18:16:54.633998,0 days 00:00:06.734814,408.0,3.0,116.3,157.6,1.69,COMPLETE
6218,0.6875,2026-04-06 18:16:54.648236,2026-04-06 18:17:02.192786,0 days 00:00:07.544550,307.0,1.0,121.9,151.8,0.76,COMPLETE
6219,0.6875,2026-04-06 18:17:02.203772,2026-04-06 18:17:09.596957,0 days 00:00:07.393185,165.0,2.0,116.5,154.7,0.22,COMPLETE
6220,0.6875,2026-04-06 18:17:09.610081,2026-04-06 18:17:17.074151,0 days 00:00:07.464070,420.0,1.0,125.2,148.8,1.29,COMPLETE
6221,0.6875,2026-04-06 18:17:17.087807,2026-04-06 18:17:24.690894,0 days 00:00:07.603087,423.0,2.0,117.1,157.0,1.97,COMPLETE
6222,0.6875,2026-04-06 18:17:24.702368,2026-04-06 18:17:32.884611,0 days 00:00:08.182243,162.0,1.0,124.5,149.5,0.51,COMPLETE
6223,0.6875,2026-04-06 18:17:32.897858,2026-04-06 18:17:40.883932,0 days 00:00:07.986074,304.0,3.0,115.6,159.9,0.49,COMPLETE
6224,0.6875,2026-04-06 18:17:40.895576,2026-04-06 18:17:48.472958,0 days 00:00:07.577382,410.0,2.0,122.6,152.6,1.05,COMPLETE
6225,0.6875,2026-04-06 18:17:48.486613,2026-04-06 18:17:55.379752,0 days 00:00:06.893139,346.0,3.0,125.3,151.8,1.45,COMPLETE
6226,0.6875,2026-04-06 18:17:55.393073,2026-04-06 18:18:03.022720,0 days 00:00:07.629647,239.0,1.0,119.9,157.7,0.01,COMPLETE
6227,0.6875,2026-04-06 18:18:03.033117,2026-04-06 18:18:10.476971,0 days 00:00:07.443854,226.0,2.0,121.6,148.8,0.97,COMPLETE
6228,0.6875,2026-04-06 18:18:10.490423,2026-04-06 18:18:17.896717,0 days 00:00:07.406294,488.0,1.0,113.1,154.6,1.55,COMPLETE
6229,0.6875,2026-04-06 18:18:17.907295,2026-04-06 18:18:25.082355,0 days 00:00:07.175060,458.0,3.0,120.8,157.9,0.67,COMPLETE
6230,0.6875,2026-04-06 18:18:25.093545,2026-04-06 18:18:32.907506,0 days 00:00:07.813961,213.0,2.0,114.0,151.5,1.85,COMPLETE
6231,0.6875,2026-04-06 18:18:32.921558,2026-04-06 18:18:40.698003,0 days 00:00:07.776445,270.0,3.0,126.3,154.8,1.1400000000000001,COMPLETE
6232,0.6875,2026-04-06 18:18:40.711026,2026-04-06 18:18:48.029917,0 days 00:00:07.318891,359.0,1.0,119.1,148.7,0.32,COMPLETE
6233,0.6875,2026-04-06 18:18:48.040876,2026-04-06 18:18:54.783476,0 days 00:00:06.742600,380.0,2.0,114.8,150.8,0.17,COMPLETE
6234,0.6875,2026-04-06 18:18:54.796985,2026-04-06 18:19:02.621514,0 days 00:00:07.824529,290.0,1.0,123.5,155.6,1.37,COMPLETE
6235,0.6875,2026-04-06 18:19:02.632280,2026-04-06 18:19:09.682668,0 days 00:00:07.050388,192.0,3.0,118.1,154.0,1.6400000000000001,COMPLETE
6236,0.6875,2026-04-06 18:19:09.701798,2026-04-06 18:19:16.759569,0 days 00:00:07.057771,437.0,2.0,123.7,158.6,0.84,COMPLETE
6237,0.6875,2026-04-06 18:19:16.772668,2026-04-06 18:19:24.644150,0 days 00:00:07.871482,448.0,3.0,114.5,149.4,1.11,COMPLETE
6238,0.6875,2026-04-06 18:19:24.655694,2026-04-06 18:19:32.396147,0 days 00:00:07.740453,182.0,2.0,120.3,154.0,0.43,COMPLETE
6239,0.6875,2026-04-06 18:19:32.409887,2026-04-06 18:19:39.020927,0 days 00:00:06.611040,300.0,2.0,118.6,152.3,0.58,COMPLETE
6240,0.6875,2026-04-06 18:19:39.034942,2026-04-06 18:19:46.517937,0 days 00:00:07.482995,370.0,1.0,126.7,157.2,1.9100000000000001,COMPLETE
6241,0.6875,2026-04-06 18:19:46.528616,2026-04-06 18:19:53.246384,0 days 00:00:06.717768,349.0,3.0,123.1,159.3,1.61,COMPLETE
6242,0.6875,2026-04-06 18:19:53.261947,2026-04-06 18:20:01.029691,0 days 00:00:07.767744,280.0,1.0,115.3,153.2,0.91,COMPLETE
6243,0.6875,2026-04-06 18:20:01.043106,2026-04-06 18:20:08.628258,0 days 00:00:07.585152,203.0,3.0,124.2,156.4,0.07,COMPLETE
6244,0.6875,2026-04-06 18:20:08.642070,2026-04-06 18:20:15.948066,0 days 00:00:07.305996,468.0,2.0,117.7,150.1,1.3800000000000001,COMPLETE
6245,0.825,2026-04-06 18:20:15.959414,2026-04-06 18:21:12.258805,0 days 00:00:56.299391,498.0,2.0,125.0,153.4,0.25,COMPLETE
6246,0.6875,2026-04-06 18:21:12.271738,2026-04-06 18:21:20.240876,0 days 00:00:07.969138,216.0,1.0,116.7,159.2,1.2,COMPLETE
6247,0.6875,2026-04-06 18:21:20.254400,2026-04-06 18:21:27.798907,0 days 00:00:07.544507,250.0,3.0,122.1,150.2,1.79,COMPLETE
6248,0.6875,2026-04-06 18:21:27.809695,2026-04-06 18:21:35.175637,0 days 00:00:07.365942,336.0,1.0,116.1,156.2,0.73,COMPLETE
6249,0.825,2026-04-06 18:21:35.185678,2026-04-06 18:22:09.083687,0 days 00:00:33.898009,400.0,3.0,119.5,155.4,0.78,COMPLETE
6250,0.6875,2026-04-06 18:22:09.107731,2026-04-06 18:22:16.739222,0 days 00:00:07.631491,314.0,2.0,125.7,148.1,1.71,COMPLETE
6251,0.6875,2026-04-06 18:22:16.750731,2026-04-06 18:22:25.422277,0 days 00:00:08.671546,152.0,3.0,113.5,158.4,1.31,COMPLETE
6252,0.6875,2026-04-06 18:22:25.435364,2026-04-06 18:22:33.124583,0 days 00:00:07.689219,434.0,1.0,121.1,151.0,0.23,COMPLETE
6253,0.6875,2026-04-06 18:22:33.137988,2026-04-06 18:22:40.066360,0 days 00:00:06.928372,426.0,3.0,126.6,149.9,1.52,COMPLETE
6254,0.6875,2026-04-06 18:22:40.080241,2026-04-06 18:22:48.226951,0 days 00:00:08.146710,160.0,2.0,118.7,156.6,0.96,COMPLETE
6255,0.825,2026-04-06 18:22:48.240458,2026-04-06 18:23:22.320226,0 days 00:00:34.079768,322.0,2.0,120.6,153.0,0.05,COMPLETE
6256,0.6875,2026-04-06 18:23:22.333569,2026-04-06 18:23:29.988786,0 days 00:00:07.655217,392.0,1.0,114.1,159.5,1.5,COMPLETE
6257,0.6875,2026-04-06 18:23:29.999300,2026-04-06 18:23:36.940788,0 days 00:00:06.941488,327.0,2.0,118.0,157.4,1.01,COMPLETE
6258,0.6875,2026-04-06 18:23:36.954151,2026-04-06 18:23:44.373608,0 days 00:00:07.419457,258.0,1.0,123.8,152.2,0.44,COMPLETE
6259,0.6875,2026-04-06 18:23:44.384935,2026-04-06 18:23:51.637483,0 days 00:00:07.252548,225.0,3.0,115.1,154.2,0.54,COMPLETE
