number,value,datetime_start,datetime_complete,duration,params_voltage,params_width,params_x,params_y,params_z,state
5565,0.6875,2026-04-05 20:27:08.456615,2026-04-05 20:27:15.058418,0 days 00:00:06.601803,428.0,1.0,115.4,154.1,0.31,COMPLETE
5566,0.825,2026-04-05 20:27:15.071427,2026-04-05 20:27:49.515064,0 days 00:00:34.443637,497.0,1.0,120.3,155.8,0.47000000000000003,COMPLETE
5567,0.825,2026-04-05 20:27:49.530424,2026-04-05 20:28:23.560319,0 days 00:00:34.029895,433.0,2.0,117.7,156.3,0.33,COMPLETE
5568,0.6875,2026-04-05 20:28:23.575856,2026-04-05 20:28:30.486961,0 days 00:00:06.911105,255.0,1.0,116.2,156.8,0.45,COMPLETE
5569,0.825,2026-04-05 20:28:30.502534,2026-04-05 20:28:37.773438,0 days 00:00:07.270904,369.0,2.0,116.9,154.4,0.27,COMPLETE
5570,0.6875,2026-04-05 20:28:37.789336,2026-04-05 20:28:44.657522,0 days 00:00:06.868186,376.0,1.0,114.9,154.3,0.36,COMPLETE
5571,0.6875,2026-04-05 20:28:44.673073,2026-04-05 20:28:51.228586,0 days 00:00:06.555513,351.0,2.0,114.4,153.5,0.01,COMPLETE
5572,0.6875,2026-04-05 20:28:51.241351,2026-04-05 20:28:58.739530,0 days 00:00:07.498179,285.0,2.0,121.5,154.9,0.42,COMPLETE
5573,0.6875,2026-04-05 20:28:58.755160,2026-04-05 20:29:06.014174,0 days 00:00:07.259014,379.0,1.0,114.5,153.1,0.01,COMPLETE
5574,0.6875,2026-04-05 20:29:06.029663,2026-04-05 20:29:12.628965,0 days 00:00:06.599302,460.0,1.0,115.9,152.7,0.25,COMPLETE
5575,0.6875,2026-04-05 20:29:12.644207,2026-04-05 20:29:19.631088,0 days 00:00:06.986881,356.0,1.0,115.6,155.2,0.01,COMPLETE
5576,0.6875,2026-04-05 20:29:19.647112,2026-04-05 20:29:26.327093,0 days 00:00:06.679981,423.0,3.0,114.6,153.4,0.0,COMPLETE
5577,0.825,2026-04-05 20:29:26.342242,2026-04-05 20:30:00.839709,0 days 00:00:34.497467,323.0,1.0,119.0,154.5,0.0,COMPLETE
5578,0.825,2026-04-05 20:30:00.855477,2026-04-05 20:30:35.155148,0 days 00:00:34.299671,409.0,1.0,123.2,156.1,0.72,COMPLETE
5579,0.825,2026-04-05 20:30:35.170383,2026-04-05 20:31:09.702809,0 days 00:00:34.532426,404.0,1.0,116.0,154.7,0.33,COMPLETE
5580,0.6875,2026-04-05 20:31:09.718897,2026-04-05 20:31:16.638148,0 days 00:00:06.919251,334.0,1.0,116.6,155.9,0.0,COMPLETE
5581,0.825,2026-04-05 20:31:16.653399,2026-04-05 20:31:30.159064,0 days 00:00:13.505665,498.0,1.0,120.9,154.0,0.21,COMPLETE
5582,0.6875,2026-04-05 20:31:30.175186,2026-04-05 20:31:37.773662,0 days 00:00:07.598476,307.0,1.0,113.9,154.5,0.33,COMPLETE
5583,0.6875,2026-04-05 20:31:37.786658,2026-04-05 20:31:45.351759,0 days 00:00:07.565101,323.0,2.0,123.4,153.2,0.46,COMPLETE
5584,0.6875,2026-04-05 20:31:45.367722,2026-04-05 20:31:53.025868,0 days 00:00:07.658146,453.0,1.0,114.4,157.9,0.23,COMPLETE
5585,0.6875,2026-04-05 20:31:53.040955,2026-04-05 20:31:59.737710,0 days 00:00:06.696755,431.0,1.0,117.5,157.2,0.32,COMPLETE
5586,0.825,2026-04-05 20:31:59.753387,2026-04-05 20:32:06.967830,0 days 00:00:07.214443,379.0,1.0,116.9,154.4,0.26,COMPLETE
5587,0.6875,2026-04-05 20:32:06.985172,2026-04-05 20:32:13.771785,0 days 00:00:06.786613,411.0,1.0,118.2,154.1,0.37,COMPLETE
5588,0.825,2026-04-05 20:32:13.784584,2026-04-05 20:32:47.765902,0 days 00:00:33.981318,370.0,2.0,119.3,155.1,0.36,COMPLETE
5589,0.6875,2026-04-05 20:32:47.782261,2026-04-05 20:32:54.684086,0 days 00:00:06.901825,381.0,1.0,116.1,154.6,0.0,COMPLETE
5590,0.6875,2026-04-05 20:32:54.699655,2026-04-05 20:33:02.109997,0 days 00:00:07.410342,239.0,2.0,122.6,154.0,0.18,COMPLETE
5591,0.825,2026-04-05 20:33:02.123982,2026-04-05 20:33:36.410489,0 days 00:00:34.286507,434.0,1.0,118.0,154.6,0.01,COMPLETE
5592,0.6875,2026-04-05 20:33:36.426441,2026-04-05 20:33:43.067096,0 days 00:00:06.640655,444.0,1.0,117.1,155.6,0.29,COMPLETE
5593,0.825,2026-04-05 20:33:43.083046,2026-04-05 20:34:17.110846,0 days 00:00:34.027800,399.0,1.0,117.8,155.1,0.0,COMPLETE
5594,0.671875,2026-04-05 20:34:17.126347,2026-04-05 20:34:24.279346,0 days 00:00:07.152999,424.0,2.0,123.3,153.7,0.25,COMPLETE
5595,0.6875,2026-04-05 20:34:24.295043,2026-04-05 20:34:31.348262,0 days 00:00:07.053219,256.0,2.0,125.5,155.7,0.26,COMPLETE
5596,0.6875,2026-04-05 20:34:31.364006,2026-04-05 20:34:39.011637,0 days 00:00:07.647631,480.0,1.0,115.5,157.2,0.58,COMPLETE
5597,0.6875,2026-04-05 20:34:39.024063,2026-04-05 20:34:46.390107,0 days 00:00:07.366044,405.0,1.0,121.6,157.8,0.59,COMPLETE
5598,0.6875,2026-04-05 20:34:46.405728,2026-04-05 20:34:54.402246,0 days 00:00:07.996518,175.0,1.0,113.2,154.8,0.14,COMPLETE
5599,0.6875,2026-04-05 20:34:54.418442,2026-04-05 20:35:01.202997,0 days 00:00:06.784555,479.0,1.0,115.9,153.6,0.0,COMPLETE
5600,0.6875,2026-04-05 20:35:01.218549,2026-04-05 20:35:08.146875,0 days 00:00:06.928326,372.0,1.0,115.1,156.5,0.01,COMPLETE
5601,0.671875,2026-04-05 20:35:08.159371,2026-04-05 20:35:15.294739,0 days 00:00:07.135368,393.0,1.0,118.8,151.5,0.28,COMPLETE
5602,0.825,2026-04-05 20:35:15.307746,2026-04-05 20:35:49.781760,0 days 00:00:34.474014,426.0,3.0,118.3,157.3,0.59,COMPLETE
5603,0.6875,2026-04-05 20:35:49.797711,2026-04-05 20:35:57.038029,0 days 00:00:07.240318,319.0,2.0,115.9,156.0,0.0,COMPLETE
5604,0.6875,2026-04-05 20:35:57.053743,2026-04-05 20:36:03.546538,0 days 00:00:06.492795,433.0,1.0,116.0,155.2,0.29,COMPLETE
5605,0.825,2026-04-05 20:36:03.558776,2026-04-05 20:36:37.642405,0 days 00:00:34.083629,409.0,2.0,118.1,153.2,0.01,COMPLETE
5606,0.825,2026-04-05 20:36:37.657712,2026-04-05 20:37:11.961967,0 days 00:00:34.304255,493.0,1.0,122.7,154.9,0.37,COMPLETE
5607,0.6875,2026-04-05 20:37:11.977418,2026-04-05 20:37:19.269930,0 days 00:00:07.292512,463.0,1.0,116.6,155.7,0.27,COMPLETE
5608,0.6875,2026-04-05 20:37:19.285052,2026-04-05 20:37:25.992549,0 days 00:00:06.707497,429.0,2.0,116.3,152.6,0.0,COMPLETE
5609,0.6875,2026-04-05 20:37:26.007979,2026-04-05 20:37:32.996696,0 days 00:00:06.988717,285.0,2.0,114.7,154.7,0.19,COMPLETE
5610,0.825,2026-04-05 20:37:33.008063,2026-04-05 20:38:06.968112,0 days 00:00:33.960049,496.0,1.0,117.4,156.0,0.02,COMPLETE
5611,0.6875,2026-04-05 20:38:06.985632,2026-04-05 20:38:13.576647,0 days 00:00:06.591015,465.0,2.0,117.6,155.2,0.0,COMPLETE
5612,0.6875,2026-04-05 20:38:13.591632,2026-04-05 20:38:20.348373,0 days 00:00:06.756741,427.0,1.0,115.4,153.5,0.3,COMPLETE
5613,0.6875,2026-04-05 20:38:20.363613,2026-04-05 20:38:26.794258,0 days 00:00:06.430645,446.0,1.0,115.7,153.6,0.23,COMPLETE
5614,0.825,2026-04-05 20:38:26.806538,2026-04-05 20:39:01.015798,0 days 00:00:34.209260,360.0,1.0,116.3,154.5,0.0,COMPLETE
5615,0.6875,2026-04-05 20:39:01.030993,2026-04-05 20:39:07.875060,0 days 00:00:06.844067,424.0,2.0,115.4,156.8,0.2,COMPLETE
5616,0.6875,2026-04-05 20:39:07.891353,2026-04-05 20:39:14.439195,0 days 00:00:06.547842,435.0,1.0,116.4,157.1,0.0,COMPLETE
5617,0.6875,2026-04-05 20:39:14.454824,2026-04-05 20:39:21.622750,0 days 00:00:07.167926,342.0,2.0,117.6,152.4,0.26,COMPLETE
5618,0.6875,2026-04-05 20:39:21.639079,2026-04-05 20:39:28.162715,0 days 00:00:06.523636,423.0,1.0,117.9,153.4,0.28,COMPLETE
5619,0.6875,2026-04-05 20:39:28.175114,2026-04-05 20:39:35.334759,0 days 00:00:07.159645,493.0,1.0,123.8,151.4,1.97,COMPLETE
5620,0.6875,2026-04-05 20:39:35.350033,2026-04-05 20:39:43.134361,0 days 00:00:07.784328,379.0,1.0,116.3,156.8,0.22,COMPLETE
5621,0.825,2026-04-05 20:39:43.151079,2026-04-05 20:40:17.298828,0 days 00:00:34.147749,411.0,1.0,118.2,155.4,0.31,COMPLETE
5622,0.6875,2026-04-05 20:40:17.310751,2026-04-05 20:40:24.120952,0 days 00:00:06.810201,347.0,1.0,118.4,153.7,0.39,COMPLETE
5623,0.6875,2026-04-05 20:40:24.135995,2026-04-05 20:40:30.825917,0 days 00:00:06.689922,412.0,1.0,114.9,151.5,0.0,COMPLETE
5624,0.6875,2026-04-05 20:40:30.837844,2026-04-05 20:40:37.518555,0 days 00:00:06.680711,378.0,1.0,113.9,154.2,0.36,COMPLETE
5625,0.6875,2026-04-05 20:40:37.533772,2026-04-05 20:40:44.053884,0 days 00:00:06.520112,495.0,2.0,114.7,155.8,0.0,COMPLETE
5626,0.825,2026-04-05 20:40:44.069622,2026-04-05 20:41:18.719174,0 days 00:00:34.649552,459.0,2.0,122.5,153.2,0.28,COMPLETE
5627,0.825,2026-04-05 20:41:18.734520,2026-04-05 20:41:53.032132,0 days 00:00:34.297612,407.0,1.0,120.2,156.6,0.18,COMPLETE
5628,0.6875,2026-04-05 20:41:53.047630,2026-04-05 20:42:00.219586,0 days 00:00:07.171956,429.0,1.0,114.8,154.5,0.46,COMPLETE
5629,0.6875,2026-04-05 20:42:00.234839,2026-04-05 20:42:06.675677,0 days 00:00:06.440838,448.0,1.0,114.9,154.9,0.28,COMPLETE
5630,0.6875,2026-04-05 20:42:06.688849,2026-04-05 20:42:13.444774,0 days 00:00:06.755925,412.0,1.0,116.5,151.9,0.27,COMPLETE
5631,0.6875,2026-04-05 20:42:13.460406,2026-04-05 20:42:20.206731,0 days 00:00:06.746325,369.0,1.0,113.3,153.4,0.0,COMPLETE
5632,0.6875,2026-04-05 20:42:20.220504,2026-04-05 20:42:26.903116,0 days 00:00:06.682612,319.0,2.0,116.3,154.0,0.0,COMPLETE
5633,0.6875,2026-04-05 20:42:26.918683,2026-04-05 20:42:34.068981,0 days 00:00:07.150298,463.0,3.0,114.1,148.1,0.03,COMPLETE
5634,0.6875,2026-04-05 20:42:34.081692,2026-04-05 20:42:41.632303,0 days 00:00:07.550611,493.0,1.0,116.0,157.4,0.29,COMPLETE
5635,0.825,2026-04-05 20:42:41.648635,2026-04-05 20:43:16.480217,0 days 00:00:34.831582,418.0,1.0,123.8,156.0,0.4,COMPLETE
5636,0.6875,2026-04-05 20:43:16.495927,2026-04-05 20:43:23.380873,0 days 00:00:06.884946,370.0,1.0,121.5,153.9,0.39,COMPLETE
5637,0.6875,2026-04-05 20:43:23.396501,2026-04-05 20:43:30.145504,0 days 00:00:06.749003,454.0,2.0,123.7,155.1,0.74,COMPLETE
5638,0.825,2026-04-05 20:43:30.158585,2026-04-05 20:43:47.044647,0 days 00:00:16.886062,429.0,1.0,124.0,152.6,0.43,COMPLETE
5639,0.6875,2026-04-05 20:43:47.060211,2026-04-05 20:43:54.682361,0 days 00:00:07.622150,350.0,1.0,116.7,157.4,0.55,COMPLETE
5640,0.6875,2026-04-05 20:43:54.695521,2026-04-05 20:44:01.419769,0 days 00:00:06.724248,343.0,3.0,117.9,153.4,0.19,COMPLETE
5641,0.6875,2026-04-05 20:44:01.435108,2026-04-05 20:44:08.201963,0 days 00:00:06.766855,408.0,1.0,113.4,152.5,0.0,COMPLETE
5642,0.6875,2026-04-05 20:44:08.215049,2026-04-05 20:44:14.919279,0 days 00:00:06.704230,377.0,1.0,116.5,155.1,0.3,COMPLETE
5643,0.6875,2026-04-05 20:44:14.935601,2026-04-05 20:44:21.439258,0 days 00:00:06.503657,417.0,2.0,115.0,154.4,0.01,COMPLETE
5644,0.6875,2026-04-05 20:44:21.450567,2026-04-05 20:44:27.943753,0 days 00:00:06.493186,384.0,1.0,116.3,153.7,0.29,COMPLETE
5645,0.825,2026-04-05 20:44:27.959164,2026-04-05 20:45:01.962759,0 days 00:00:34.003595,415.0,1.0,118.2,154.9,0.58,COMPLETE
5646,0.6875,2026-04-05 20:45:01.977723,2026-04-05 20:45:08.929780,0 days 00:00:06.952057,465.0,1.0,114.7,156.2,0.29,COMPLETE
5647,0.671875,2026-04-05 20:45:08.941779,2026-04-05 20:45:15.717042,0 days 00:00:06.775263,463.0,1.0,116.7,154.4,0.01,COMPLETE
5648,0.6875,2026-04-05 20:45:15.732418,2026-04-05 20:45:22.500075,0 days 00:00:06.767657,481.0,1.0,114.0,154.6,0.0,COMPLETE
5649,0.6875,2026-04-05 20:45:22.515218,2026-04-05 20:45:29.918627,0 days 00:00:07.403409,279.0,1.0,120.1,154.2,1.93,COMPLETE
5650,0.6875,2026-04-05 20:45:29.934413,2026-04-05 20:45:36.693408,0 days 00:00:06.758995,441.0,2.0,121.9,153.7,0.6,COMPLETE
5651,0.6875,2026-04-05 20:45:36.708308,2026-04-05 20:45:44.107422,0 days 00:00:07.399114,386.0,1.0,113.8,154.8,0.24,COMPLETE
5652,0.6875,2026-04-05 20:45:44.119857,2026-04-05 20:45:51.330499,0 days 00:00:07.210642,404.0,1.0,114.1,148.0,1.0,COMPLETE
5653,0.6875,2026-04-05 20:45:51.346147,2026-04-05 20:45:58.473899,0 days 00:00:07.127752,390.0,2.0,116.6,153.4,0.31,COMPLETE
5654,0.6875,2026-04-05 20:45:58.486877,2026-04-05 20:46:05.291026,0 days 00:00:06.804149,440.0,2.0,115.7,157.2,0.02,COMPLETE
5655,0.6875,2026-04-05 20:46:05.306554,2026-04-05 20:46:12.171814,0 days 00:00:06.865260,491.0,2.0,114.9,153.1,0.36,COMPLETE
5656,0.825,2026-04-05 20:46:12.187980,2026-04-05 20:46:46.657122,0 days 00:00:34.469142,435.0,1.0,121.0,155.5,0.0,COMPLETE
5657,0.6875,2026-04-05 20:46:46.672656,2026-04-05 20:46:53.621393,0 days 00:00:06.948737,428.0,1.0,115.8,156.9,0.0,COMPLETE
5658,0.825,2026-04-05 20:46:53.636293,2026-04-05 20:47:27.908774,0 days 00:00:34.272481,346.0,1.0,119.7,156.5,0.03,COMPLETE
5659,0.6875,2026-04-05 20:47:27.924915,2026-04-05 20:47:35.538040,0 days 00:00:07.613125,384.0,2.0,113.6,150.8,0.77,COMPLETE
5660,0.6875,2026-04-05 20:47:35.553438,2026-04-05 20:47:42.695081,0 days 00:00:07.141643,328.0,1.0,116.4,154.2,0.0,COMPLETE
5661,0.825,2026-04-05 20:47:42.708847,2026-04-05 20:47:47.753793,0 days 00:00:05.044946,387.0,1.0,115.7,156.1,0.01,COMPLETE
5662,0.6875,2026-04-05 20:47:47.768869,2026-04-05 20:47:54.541528,0 days 00:00:06.772659,394.0,1.0,117.0,158.8,0.28,COMPLETE
5663,0.6875,2026-04-05 20:47:54.558255,2026-04-05 20:48:01.745214,0 days 00:00:07.186959,413.0,2.0,115.0,152.5,0.38,COMPLETE
5664,0.825,2026-04-05 20:48:01.760473,2026-04-05 20:48:07.768303,0 days 00:00:06.007830,495.0,1.0,124.9,153.5,0.76,COMPLETE
5665,0.6875,2026-04-05 20:48:07.780629,2026-04-05 20:48:15.713393,0 days 00:00:07.932764,494.0,2.0,113.1,154.7,0.0,COMPLETE
5666,0.6875,2026-04-05 20:48:15.728590,2026-04-05 20:48:24.073589,0 days 00:00:08.344999,225.0,3.0,124.8,154.2,0.31,COMPLETE
5667,0.671875,2026-04-05 20:48:24.089198,2026-04-05 20:48:31.536747,0 days 00:00:07.447549,467.0,1.0,116.5,152.1,0.02,COMPLETE
5668,0.825,2026-04-05 20:48:31.549433,2026-04-05 20:49:05.692136,0 days 00:00:34.142703,441.0,1.0,117.2,154.2,0.21,COMPLETE
5669,0.0,2026-04-05 20:49:05.708105,2026-04-05 20:49:12.369745,0 days 00:00:06.661640,446.0,1.0,116.2,154.4,0.44,COMPLETE
5670,0.6875,2026-04-05 20:49:12.385438,2026-04-05 20:49:19.076086,0 days 00:00:06.690648,408.0,1.0,116.3,156.5,0.8,COMPLETE
5671,0.6875,2026-04-05 20:49:19.091789,2026-04-05 20:49:25.860670,0 days 00:00:06.768881,450.0,1.0,117.7,153.3,0.31,COMPLETE
5672,0.6875,2026-04-05 20:49:25.876135,2026-04-05 20:49:32.660111,0 days 00:00:06.783976,433.0,1.0,115.1,155.9,0.64,COMPLETE
5673,0.6875,2026-04-05 20:49:32.672640,2026-04-05 20:49:39.369828,0 days 00:00:06.697188,407.0,1.0,116.3,154.1,0.59,COMPLETE
5674,0.6875,2026-04-05 20:49:39.381625,2026-04-05 20:49:45.957339,0 days 00:00:06.575714,454.0,1.0,114.9,154.4,0.47000000000000003,COMPLETE
5675,0.6875,2026-04-05 20:49:45.969739,2026-04-05 20:49:52.662553,0 days 00:00:06.692814,449.0,1.0,117.9,152.8,0.75,COMPLETE
5676,0.6875,2026-04-05 20:49:52.678361,2026-04-05 20:49:59.419000,0 days 00:00:06.740639,455.0,1.0,114.8,153.4,0.6900000000000001,COMPLETE
5677,0.6875,2026-04-05 20:49:59.435174,2026-04-05 20:50:06.158398,0 days 00:00:06.723224,440.0,1.0,116.7,152.2,0.81,COMPLETE
5678,0.6875,2026-04-05 20:50:06.173432,2026-04-05 20:50:12.957216,0 days 00:00:06.783784,457.0,1.0,114.3,155.0,0.53,COMPLETE
5679,0.6875,2026-04-05 20:50:12.973239,2026-04-05 20:50:19.711905,0 days 00:00:06.738666,480.0,1.0,116.9,154.4,0.46,COMPLETE
5680,0.6875,2026-04-05 20:50:19.728411,2026-04-05 20:50:26.415216,0 days 00:00:06.686805,432.0,1.0,115.6,152.8,0.5,COMPLETE
5681,0.6875,2026-04-05 20:50:26.431084,2026-04-05 20:50:33.121422,0 days 00:00:06.690338,416.0,1.0,117.2,154.3,0.65,COMPLETE
5682,0.6875,2026-04-05 20:50:33.134777,2026-04-05 20:50:39.661861,0 days 00:00:06.527084,441.0,1.0,118.2,154.5,0.54,COMPLETE
5683,0.6875,2026-04-05 20:50:39.677976,2026-04-05 20:50:46.403895,0 days 00:00:06.725919,397.0,1.0,114.9,154.4,0.6900000000000001,COMPLETE
5684,0.6875,2026-04-05 20:50:46.416252,2026-04-05 20:50:53.629475,0 days 00:00:07.213223,343.0,2.0,119.8,155.4,1.84,COMPLETE
5685,0.6875,2026-04-05 20:50:53.645172,2026-04-05 20:51:00.747410,0 days 00:00:07.102238,499.0,1.0,114.5,152.7,0.63,COMPLETE
5686,0.6875,2026-04-05 20:51:00.762940,2026-04-05 20:51:07.609596,0 days 00:00:06.846656,427.0,1.0,118.2,154.8,0.87,COMPLETE
5687,0.6875,2026-04-05 20:51:07.624118,2026-04-05 20:51:14.224150,0 days 00:00:06.600032,454.0,1.0,117.1,156.1,0.55,COMPLETE
5688,0.6875,2026-04-05 20:51:14.236504,2026-04-05 20:51:21.258279,0 days 00:00:07.021775,458.0,1.0,116.9,150.6,0.27,COMPLETE
5689,0.6875,2026-04-05 20:51:21.272936,2026-04-05 20:51:28.315648,0 days 00:00:07.042712,440.0,1.0,115.6,156.0,0.64,COMPLETE
5690,0.6875,2026-04-05 20:51:28.328676,2026-04-05 20:51:34.959202,0 days 00:00:06.630526,435.0,2.0,116.6,154.6,0.43,COMPLETE
5691,0.6875,2026-04-05 20:51:34.972984,2026-04-05 20:51:42.324105,0 days 00:00:07.351121,453.0,2.0,124.4,155.4,0.56,COMPLETE
5692,0.6875,2026-04-05 20:51:42.339410,2026-04-05 20:51:49.900083,0 days 00:00:07.560673,204.0,3.0,121.2,150.9,1.98,COMPLETE
5693,0.671875,2026-04-05 20:51:49.916870,2026-04-05 20:51:56.797010,0 days 00:00:06.880140,478.0,1.0,118.1,153.6,0.37,COMPLETE
5694,0.6875,2026-04-05 20:51:56.812926,2026-04-05 20:52:03.811694,0 days 00:00:06.998768,360.0,2.0,115.6,153.0,0.68,COMPLETE
5695,0.6875,2026-04-05 20:52:03.827615,2026-04-05 20:52:10.535731,0 days 00:00:06.708116,439.0,1.0,117.3,154.6,0.55,COMPLETE
5696,0.6875,2026-04-05 20:52:10.550946,2026-04-05 20:52:17.123533,0 days 00:00:06.572587,463.0,1.0,116.6,155.7,0.72,COMPLETE
5697,0.6875,2026-04-05 20:52:17.140253,2026-04-05 20:52:23.865989,0 days 00:00:06.725736,434.0,2.0,117.9,157.6,0.41000000000000003,COMPLETE
5698,0.6875,2026-04-05 20:52:23.878654,2026-04-05 20:52:30.906483,0 days 00:00:07.027829,378.0,1.0,117.6,152.1,0.58,COMPLETE
5699,0.825,2026-04-05 20:52:30.922708,2026-04-05 20:53:05.039594,0 days 00:00:34.116886,359.0,1.0,118.6,153.9,0.0,COMPLETE
5700,0.6875,2026-04-05 20:53:05.055125,2026-04-05 20:53:11.994708,0 days 00:00:06.939583,416.0,1.0,114.8,152.2,0.54,COMPLETE
5701,0.825,2026-04-05 20:53:12.007261,2026-04-05 20:53:46.516555,0 days 00:00:34.509294,428.0,1.0,120.1,154.9,0.55,COMPLETE
5702,0.6875,2026-04-05 20:53:46.531974,2026-04-05 20:53:53.664469,0 days 00:00:07.132495,439.0,1.0,115.3,153.7,0.55,COMPLETE
5703,0.6875,2026-04-05 20:53:53.680106,2026-04-05 20:54:00.582769,0 days 00:00:06.902663,463.0,1.0,117.8,157.5,0.36,COMPLETE
5704,0.825,2026-04-05 20:54:00.594605,2026-04-05 20:54:34.616572,0 days 00:00:34.021967,400.0,1.0,119.7,155.5,0.44,COMPLETE
5705,0.6875,2026-04-05 20:54:34.631782,2026-04-05 20:54:41.482471,0 days 00:00:06.850689,499.0,1.0,116.4,156.2,0.42,COMPLETE
5706,0.6875,2026-04-05 20:54:41.497897,2026-04-05 20:54:48.265739,0 days 00:00:06.767842,496.0,1.0,117.2,153.6,0.47000000000000003,COMPLETE
5707,0.825,2026-04-05 20:54:48.279612,2026-04-05 20:55:22.258136,0 days 00:00:33.978524,495.0,2.0,118.6,155.1,0.56,COMPLETE
5708,0.6875,2026-04-05 20:55:22.273548,2026-04-05 20:55:29.310932,0 days 00:00:07.037384,355.0,2.0,117.5,157.0,0.33,COMPLETE
5709,0.6875,2026-04-05 20:55:29.325492,2026-04-05 20:55:36.113232,0 days 00:00:06.787740,476.0,1.0,117.1,154.1,0.56,COMPLETE
5710,0.6875,2026-04-05 20:55:36.129146,2026-04-05 20:55:44.082918,0 days 00:00:07.953772,179.0,3.0,122.9,157.5,1.79,COMPLETE
5711,0.6875,2026-04-05 20:55:44.098207,2026-04-05 20:55:51.769219,0 days 00:00:07.671012,246.0,3.0,114.0,152.2,1.43,COMPLETE
5712,0.6875,2026-04-05 20:55:51.785017,2026-04-05 20:55:58.443324,0 days 00:00:06.658307,471.0,1.0,113.3,153.7,0.33,COMPLETE
5713,0.6875,2026-04-05 20:55:58.459126,2026-04-05 20:56:05.215275,0 days 00:00:06.756149,475.0,1.0,115.7,151.2,0.5,COMPLETE
5714,0.825,2026-04-05 20:56:05.231155,2026-04-05 20:56:39.302993,0 days 00:00:34.071838,465.0,1.0,118.0,154.9,0.43,COMPLETE
5715,0.825,2026-04-05 20:56:39.316127,2026-04-05 20:57:13.334713,0 days 00:00:34.018586,435.0,1.0,119.5,153.1,0.56,COMPLETE
5716,0.671875,2026-04-05 20:57:13.351150,2026-04-05 20:57:20.092351,0 days 00:00:06.741201,410.0,1.0,117.7,153.6,0.38,COMPLETE
5717,0.6875,2026-04-05 20:57:20.107641,2026-04-05 20:57:26.832654,0 days 00:00:06.725013,393.0,1.0,117.4,156.2,0.43,COMPLETE
5718,0.6875,2026-04-05 20:57:26.844664,2026-04-05 20:57:33.565359,0 days 00:00:06.720695,425.0,1.0,115.9,154.4,0.45,COMPLETE
5719,0.6875,2026-04-05 20:57:33.581475,2026-04-05 20:57:40.703059,0 days 00:00:07.121584,432.0,1.0,121.8,152.4,0.6900000000000001,COMPLETE
5720,0.6875,2026-04-05 20:57:40.719292,2026-04-05 20:57:48.020302,0 days 00:00:07.301010,496.0,1.0,115.1,156.1,0.6,COMPLETE
5721,0.6875,2026-04-05 20:57:48.035681,2026-04-05 20:57:54.979633,0 days 00:00:06.943952,406.0,1.0,117.2,155.4,0.42,COMPLETE
5722,0.6875,2026-04-05 20:57:54.995472,2026-04-05 20:58:01.693504,0 days 00:00:06.698032,447.0,1.0,116.5,152.4,0.63,COMPLETE
5723,0.6875,2026-04-05 20:58:01.709502,2026-04-05 20:58:09.157326,0 days 00:00:07.447824,371.0,1.0,122.4,155.3,0.75,COMPLETE
5724,0.825,2026-04-05 20:58:09.172881,2026-04-05 20:58:23.040654,0 days 00:00:13.867773,317.0,1.0,118.2,153.5,0.25,COMPLETE
5725,0.6875,2026-04-05 20:58:23.056188,2026-04-05 20:58:29.974394,0 days 00:00:06.918206,417.0,2.0,115.9,156.2,0.75,COMPLETE
5726,0.825,2026-04-05 20:58:29.989393,2026-04-05 20:59:04.200832,0 days 00:00:34.211439,417.0,2.0,119.5,155.1,0.72,COMPLETE
5727,0.6875,2026-04-05 20:59:04.213572,2026-04-05 20:59:11.125849,0 days 00:00:06.912277,484.0,1.0,117.3,154.6,0.6,COMPLETE
5728,0.825,2026-04-05 20:59:11.141257,2026-04-05 20:59:45.412352,0 days 00:00:34.271095,370.0,1.0,120.6,155.3,0.27,COMPLETE
5729,0.6875,2026-04-05 20:59:45.427885,2026-04-05 20:59:52.406951,0 days 00:00:06.979066,409.0,1.0,116.9,155.0,0.62,COMPLETE
5730,0.825,2026-04-05 20:59:52.419685,2026-04-05 21:00:26.365690,0 days 00:00:33.946005,498.0,2.0,119.3,153.2,0.52,COMPLETE
5731,0.6875,2026-04-05 21:00:26.382084,2026-04-05 21:00:33.402049,0 days 00:00:07.019965,418.0,2.0,117.4,152.2,0.34,COMPLETE
5732,0.6875,2026-04-05 21:00:33.417996,2026-04-05 21:00:40.203426,0 days 00:00:06.785430,376.0,1.0,114.5,150.2,0.19,COMPLETE
5733,0.825,2026-04-05 21:00:40.215834,2026-04-05 21:01:15.261459,0 days 00:00:35.045625,452.0,2.0,123.8,156.8,0.41000000000000003,COMPLETE
5734,0.825,2026-04-05 21:01:15.273896,2026-04-05 21:01:50.114855,0 days 00:00:34.840959,385.0,1.0,118.2,153.1,0.24,COMPLETE
5735,0.6875,2026-04-05 21:01:50.130590,2026-04-05 21:01:57.439614,0 days 00:00:07.309024,443.0,1.0,113.8,157.1,0.58,COMPLETE
5736,0.6875,2026-04-05 21:01:57.455357,2026-04-05 21:02:04.776923,0 days 00:00:07.321566,150.0,2.0,114.5,156.3,0.8200000000000001,COMPLETE
5737,0.825,2026-04-05 21:02:04.789475,2026-04-05 21:02:10.991111,0 days 00:00:06.201636,415.0,2.0,125.6,153.5,0.58,COMPLETE
5738,0.6875,2026-04-05 21:02:11.006472,2026-04-05 21:02:18.691721,0 days 00:00:07.685249,413.0,1.0,115.8,154.2,0.62,COMPLETE
