number,value,datetime_start,datetime_complete,duration,params_voltage,params_width,params_x,params_y,params_z,state
8875,0.825,2026-04-08 16:58:58.506958,2026-04-08 16:59:32.861926,0 days 00:00:34.354968,251.0,2.0,120.2,156.6,0.23,COMPLETE
8876,0.6875,2026-04-08 16:59:32.879652,2026-04-08 16:59:40.119361,0 days 00:00:07.239709,405.0,1.0,124.2,151.9,0.31,COMPLETE
8877,0.6875,2026-04-08 16:59:40.134454,2026-04-08 16:59:47.397581,0 days 00:00:07.263127,270.0,1.0,119.5,153.5,0.23,COMPLETE
8878,0.6875,2026-04-08 16:59:47.415581,2026-04-08 16:59:54.330504,0 days 00:00:06.914923,435.0,1.0,116.7,156.9,0.3,COMPLETE
8879,0.6875,2026-04-08 16:59:54.345648,2026-04-08 17:00:02.273876,0 days 00:00:07.928228,292.0,2.0,126.7,159.3,1.61,COMPLETE
8880,0.6875,2026-04-08 17:00:02.292027,2026-04-08 17:00:10.285670,0 days 00:00:07.993643,420.0,1.0,116.5,152.5,0.25,COMPLETE
8881,0.825,2026-04-08 17:00:10.303019,2026-04-08 17:00:44.244947,0 days 00:00:33.941928,444.0,2.0,116.3,154.9,0.02,COMPLETE
8882,0.825,2026-04-08 17:00:44.259374,2026-04-08 17:01:18.536186,0 days 00:00:34.276812,350.0,1.0,118.4,156.7,0.47000000000000003,COMPLETE
8883,0.6875,2026-04-08 17:01:18.553508,2026-04-08 17:01:25.555606,0 days 00:00:07.002098,453.0,1.0,121.0,155.3,0.42,COMPLETE
8884,0.6875,2026-04-08 17:01:25.570103,2026-04-08 17:01:32.410769,0 days 00:00:06.840666,463.0,2.0,117.2,153.8,0.26,COMPLETE
8885,0.6875,2026-04-08 17:01:32.428884,2026-04-08 17:01:39.061077,0 days 00:00:06.632193,415.0,1.0,117.1,155.4,0.77,COMPLETE
8886,0.825,2026-04-08 17:01:39.077166,2026-04-08 17:02:35.296610,0 days 00:00:56.219444,444.0,2.0,124.7,153.1,0.0,COMPLETE
8887,0.825,2026-04-08 17:02:35.313800,2026-04-08 17:03:31.067284,0 days 00:00:55.753484,466.0,2.0,125.2,155.2,0.21,COMPLETE
8888,0.6875,2026-04-08 17:03:31.084842,2026-04-08 17:03:38.540488,0 days 00:00:07.455646,439.0,2.0,116.0,153.2,0.7000000000000001,COMPLETE
8889,0.6875,2026-04-08 17:03:38.555011,2026-04-08 17:03:45.252190,0 days 00:00:06.697179,326.0,1.0,115.5,153.5,0.02,COMPLETE
8890,0.6875,2026-04-08 17:03:45.270133,2026-04-08 17:03:51.916567,0 days 00:00:06.646434,416.0,2.0,113.0,152.6,0.37,COMPLETE
8891,0.6875,2026-04-08 17:03:51.932310,2026-04-08 17:03:59.535849,0 days 00:00:07.603539,315.0,2.0,122.3,154.0,0.17,COMPLETE
8892,0.6875,2026-04-08 17:03:59.553428,2026-04-08 17:04:06.776874,0 days 00:00:07.223446,395.0,1.0,114.4,154.3,0.02,COMPLETE
8893,0.6875,2026-04-08 17:04:06.795037,2026-04-08 17:04:14.711576,0 days 00:00:07.916539,208.0,2.0,124.2,155.8,0.34,COMPLETE
8894,0.6875,2026-04-08 17:04:14.727620,2026-04-08 17:04:22.061203,0 days 00:00:07.333583,452.0,1.0,115.9,152.1,0.19,COMPLETE
8895,0.6875,2026-04-08 17:04:22.081450,2026-04-08 17:04:29.338794,0 days 00:00:07.257344,373.0,1.0,116.3,158.7,0.02,COMPLETE
8896,0.6875,2026-04-08 17:04:29.354493,2026-04-08 17:04:36.245888,0 days 00:00:06.891395,468.0,1.0,115.8,153.2,0.28,COMPLETE
8897,0.825,2026-04-08 17:04:36.263173,2026-04-08 17:05:11.252816,0 days 00:00:34.989643,259.0,2.0,124.5,154.3,0.0,COMPLETE
8898,0.6875,2026-04-08 17:05:11.270188,2026-04-08 17:05:18.895902,0 days 00:00:07.625714,450.0,1.0,115.7,152.4,0.47000000000000003,COMPLETE
8899,0.6875,2026-04-08 17:05:18.913067,2026-04-08 17:05:25.839887,0 days 00:00:06.926820,311.0,1.0,117.6,152.4,0.26,COMPLETE
8900,0.825,2026-04-08 17:05:25.857741,2026-04-08 17:06:00.422913,0 days 00:00:34.565172,360.0,2.0,123.3,157.3,0.13,COMPLETE
8901,0.6875,2026-04-08 17:06:00.438723,2026-04-08 17:06:07.419620,0 days 00:00:06.980897,486.0,1.0,119.2,156.3,1.9100000000000001,COMPLETE
8902,0.6875,2026-04-08 17:06:07.436384,2026-04-08 17:06:14.470802,0 days 00:00:07.034418,464.0,1.0,115.8,152.7,0.0,COMPLETE
8903,0.825,2026-04-08 17:06:14.485165,2026-04-08 17:06:48.788379,0 days 00:00:34.303214,422.0,2.0,118.3,156.2,0.28,COMPLETE
8904,0.6875,2026-04-08 17:06:48.807279,2026-04-08 17:06:56.240612,0 days 00:00:07.433333,195.0,2.0,119.7,158.4,0.03,COMPLETE
8905,0.825,2026-04-08 17:06:56.255648,2026-04-08 17:07:30.810005,0 days 00:00:34.554357,463.0,2.0,122.5,152.8,0.42,COMPLETE
8906,0.6875,2026-04-08 17:07:30.826862,2026-04-08 17:07:38.264845,0 days 00:00:07.437983,423.0,1.0,115.2,155.0,0.0,COMPLETE
8907,0.6875,2026-04-08 17:07:38.282055,2026-04-08 17:07:46.246666,0 days 00:00:07.964611,255.0,2.0,125.7,156.1,0.48,COMPLETE
8908,0.6875,2026-04-08 17:07:46.261443,2026-04-08 17:07:53.865819,0 days 00:00:07.604376,463.0,2.0,116.8,152.6,0.09,COMPLETE
8909,0.6875,2026-04-08 17:07:53.883214,2026-04-08 17:08:00.649578,0 days 00:00:06.766364,400.0,1.0,114.1,154.7,0.0,COMPLETE
8910,0.6875,2026-04-08 17:08:00.666943,2026-04-08 17:08:07.762904,0 days 00:00:07.095961,453.0,1.0,119.5,152.6,0.53,COMPLETE
8911,0.825,2026-04-08 17:08:07.779871,2026-04-08 17:08:41.937506,0 days 00:00:34.157635,465.0,1.0,121.3,155.3,0.13,COMPLETE
8912,0.825,2026-04-08 17:08:41.955336,2026-04-08 17:09:16.241355,0 days 00:00:34.286019,381.0,2.0,116.6,155.3,0.03,COMPLETE
8913,0.6875,2026-04-08 17:09:16.254958,2026-04-08 17:09:23.012122,0 days 00:00:06.757164,498.0,2.0,115.6,155.8,0.04,COMPLETE
8914,0.6875,2026-04-08 17:09:23.029930,2026-04-08 17:09:29.785983,0 days 00:00:06.756053,409.0,1.0,116.0,155.9,0.4,COMPLETE
8915,0.6875,2026-04-08 17:09:29.801904,2026-04-08 17:09:36.727728,0 days 00:00:06.925824,477.0,1.0,118.3,159.8,0.01,COMPLETE
8916,0.825,2026-04-08 17:09:36.745320,2026-04-08 17:10:11.045114,0 days 00:00:34.299794,361.0,1.0,119.6,157.2,0.23,COMPLETE
8917,0.671875,2026-04-08 17:10:11.059533,2026-04-08 17:10:18.168903,0 days 00:00:07.109370,372.0,1.0,120.2,152.6,0.22,COMPLETE
8918,0.6875,2026-04-08 17:10:18.185866,2026-04-08 17:10:25.262960,0 days 00:00:07.077094,374.0,2.0,114.5,152.2,0.31,COMPLETE
8919,0.6875,2026-04-08 17:10:25.280036,2026-04-08 17:10:32.323150,0 days 00:00:07.043114,310.0,3.0,117.4,154.8,0.32,COMPLETE
8920,0.6875,2026-04-08 17:10:32.340732,2026-04-08 17:10:39.057063,0 days 00:00:06.716331,324.0,1.0,119.6,153.9,0.05,COMPLETE
8921,0.6875,2026-04-08 17:10:39.072901,2026-04-08 17:10:45.780706,0 days 00:00:06.707805,448.0,2.0,121.4,152.9,0.91,COMPLETE
8922,0.6875,2026-04-08 17:10:45.798095,2026-04-08 17:10:52.849025,0 days 00:00:07.050930,360.0,2.0,117.7,153.8,0.3,COMPLETE
8923,0.6875,2026-04-08 17:10:52.864445,2026-04-08 17:10:59.361736,0 days 00:00:06.497291,374.0,1.0,117.5,153.0,0.0,COMPLETE
8924,0.6875,2026-04-08 17:10:59.379248,2026-04-08 17:11:05.876823,0 days 00:00:06.497575,407.0,1.0,117.6,153.6,0.24,COMPLETE
8925,0.6875,2026-04-08 17:11:05.892408,2026-04-08 17:11:12.884146,0 days 00:00:06.991738,304.0,1.0,116.8,155.8,0.02,COMPLETE
8926,0.6875,2026-04-08 17:11:12.901337,2026-04-08 17:11:20.262938,0 days 00:00:07.361601,312.0,1.0,117.1,148.0,1.2,COMPLETE
8927,0.6875,2026-04-08 17:11:20.278472,2026-04-08 17:11:27.446322,0 days 00:00:07.167850,429.0,1.0,116.9,154.5,0.51,COMPLETE
8928,0.6875,2026-04-08 17:11:27.463842,2026-04-08 17:11:34.290708,0 days 00:00:06.826866,263.0,2.0,115.7,154.6,0.06,COMPLETE
8929,0.6875,2026-04-08 17:11:34.309255,2026-04-08 17:11:40.844969,0 days 00:00:06.535714,449.0,1.0,115.2,155.5,0.25,COMPLETE
8930,0.6875,2026-04-08 17:11:40.863215,2026-04-08 17:11:48.851247,0 days 00:00:07.988032,202.0,2.0,124.0,154.8,0.13,COMPLETE
8931,0.825,2026-04-08 17:11:48.869145,2026-04-08 17:12:22.879011,0 days 00:00:34.009866,380.0,2.0,122.5,156.3,0.56,COMPLETE
8932,0.825,2026-04-08 17:12:22.893967,2026-04-08 17:12:57.153179,0 days 00:00:34.259212,457.0,1.0,117.5,156.9,0.4,COMPLETE
8933,0.6875,2026-04-08 17:12:57.170457,2026-04-08 17:13:04.746786,0 days 00:00:07.576329,499.0,1.0,125.6,156.3,0.44,COMPLETE
8934,0.6875,2026-04-08 17:13:04.761877,2026-04-08 17:13:11.529229,0 days 00:00:06.767352,461.0,2.0,126.8,153.9,0.6,COMPLETE
8935,0.825,2026-04-08 17:13:11.547370,2026-04-08 17:13:45.820519,0 days 00:00:34.273149,313.0,2.0,125.3,154.7,0.0,COMPLETE
8936,0.6875,2026-04-08 17:13:45.838360,2026-04-08 17:13:53.397639,0 days 00:00:07.559279,499.0,1.0,117.0,157.7,0.24,COMPLETE
8937,0.6875,2026-04-08 17:13:53.412191,2026-04-08 17:13:59.993363,0 days 00:00:06.581172,433.0,2.0,118.3,158.3,0.0,COMPLETE
8938,0.6875,2026-04-08 17:14:00.011823,2026-04-08 17:14:06.829036,0 days 00:00:06.817213,375.0,1.0,115.6,156.0,0.0,COMPLETE
8939,0.6875,2026-04-08 17:14:06.844887,2026-04-08 17:14:13.597508,0 days 00:00:06.752621,392.0,1.0,117.1,158.9,0.25,COMPLETE
8940,0.6875,2026-04-08 17:14:13.615272,2026-04-08 17:14:20.955270,0 days 00:00:07.339998,180.0,2.0,119.9,156.0,0.11,COMPLETE
8941,0.825,2026-04-08 17:14:20.969506,2026-04-08 17:14:54.921274,0 days 00:00:33.951768,396.0,1.0,117.8,155.8,0.21,COMPLETE
8942,0.6875,2026-04-08 17:14:54.938416,2026-04-08 17:15:02.320021,0 days 00:00:07.381605,331.0,2.0,115.8,151.5,0.04,COMPLETE
8943,0.6875,2026-04-08 17:15:02.336383,2026-04-08 17:15:09.119817,0 days 00:00:06.783434,445.0,1.0,115.1,154.1,0.0,COMPLETE
8944,0.6875,2026-04-08 17:15:09.136963,2026-04-08 17:15:16.116883,0 days 00:00:06.979920,334.0,1.0,117.7,155.7,0.27,COMPLETE
8945,0.825,2026-04-08 17:15:16.130592,2026-04-08 17:15:50.486239,0 days 00:00:34.355647,453.0,1.0,122.4,155.7,0.01,COMPLETE
8946,0.6875,2026-04-08 17:15:50.504351,2026-04-08 17:15:57.674725,0 days 00:00:07.170374,408.0,1.0,117.3,155.7,0.0,COMPLETE
8947,0.825,2026-04-08 17:15:57.691913,2026-04-08 17:16:11.224040,0 days 00:00:13.532127,437.0,1.0,118.0,153.7,0.0,COMPLETE
8948,0.825,2026-04-08 17:16:11.242122,2026-04-08 17:16:45.257420,0 days 00:00:34.015298,382.0,1.0,118.5,155.3,0.85,COMPLETE
8949,0.6875,2026-04-08 17:16:45.271863,2026-04-08 17:16:52.202022,0 days 00:00:06.930159,417.0,1.0,116.3,154.3,0.21,COMPLETE
8950,0.6875,2026-04-08 17:16:52.219936,2026-04-08 17:16:58.862790,0 days 00:00:06.642854,378.0,2.0,117.6,153.5,0.22,COMPLETE
8951,0.825,2026-04-08 17:16:58.879127,2026-04-08 17:17:04.305161,0 days 00:00:05.426034,374.0,1.0,122.5,154.5,0.0,COMPLETE
8952,0.6875,2026-04-08 17:17:04.322635,2026-04-08 17:17:11.181913,0 days 00:00:06.859278,378.0,1.0,120.6,151.4,0.0,COMPLETE
8953,0.6875,2026-04-08 17:17:11.197642,2026-04-08 17:17:18.254942,0 days 00:00:07.057300,500.0,3.0,116.9,155.3,0.26,COMPLETE
8954,0.825,2026-04-08 17:17:18.271922,2026-04-08 17:17:52.593334,0 days 00:00:34.321412,495.0,2.0,121.9,154.8,0.03,COMPLETE
8955,0.6875,2026-04-08 17:17:52.609118,2026-04-08 17:18:00.158396,0 days 00:00:07.549278,382.0,1.0,115.7,152.2,0.28,COMPLETE
8956,0.6875,2026-04-08 17:18:00.175841,2026-04-08 17:18:06.904340,0 days 00:00:06.728499,416.0,1.0,114.1,153.7,0.48,COMPLETE
8957,0.6875,2026-04-08 17:18:06.920808,2026-04-08 17:18:13.516747,0 days 00:00:06.595939,380.0,1.0,115.0,154.7,0.59,COMPLETE
8958,0.825,2026-04-08 17:18:13.534346,2026-04-08 17:18:47.640160,0 days 00:00:34.105814,450.0,2.0,117.8,153.1,0.0,COMPLETE
8959,0.6875,2026-04-08 17:18:47.657725,2026-04-08 17:18:54.942798,0 days 00:00:07.285073,413.0,2.0,123.9,154.6,0.79,COMPLETE
8960,0.6875,2026-04-08 17:18:54.960784,2026-04-08 17:19:02.542903,0 days 00:00:07.582119,468.0,2.0,114.6,153.4,0.02,COMPLETE
8961,0.6875,2026-04-08 17:19:02.561386,2026-04-08 17:19:09.942400,0 days 00:00:07.381014,315.0,2.0,120.5,153.3,0.77,COMPLETE
8962,0.6875,2026-04-08 17:19:09.960561,2026-04-08 17:19:17.543308,0 days 00:00:07.582747,164.0,1.0,120.4,159.2,0.9500000000000001,COMPLETE
8963,0.825,2026-04-08 17:19:17.561061,2026-04-08 17:19:51.606113,0 days 00:00:34.045052,481.0,1.0,119.9,156.6,0.05,COMPLETE
8964,0.825,2026-04-08 17:19:51.622877,2026-04-08 17:20:25.957028,0 days 00:00:34.334151,431.0,1.0,124.7,154.7,0.27,COMPLETE
8965,0.825,2026-04-08 17:20:25.974635,2026-04-08 17:21:00.256792,0 days 00:00:34.282157,392.0,1.0,119.3,154.9,0.28,COMPLETE
8966,0.6875,2026-04-08 17:21:00.274689,2026-04-08 17:21:07.246826,0 days 00:00:06.972137,415.0,1.0,115.4,154.4,0.21,COMPLETE
8967,0.825,2026-04-08 17:21:07.264458,2026-04-08 17:21:20.486355,0 days 00:00:13.221897,432.0,2.0,116.5,154.0,0.0,COMPLETE
8968,0.6875,2026-04-08 17:21:20.504088,2026-04-08 17:21:28.071328,0 days 00:00:07.567240,321.0,2.0,119.9,148.5,1.03,COMPLETE
8969,0.6875,2026-04-08 17:21:28.090417,2026-04-08 17:21:35.231152,0 days 00:00:07.140735,339.0,1.0,115.4,152.6,0.0,COMPLETE
8970,0.6875,2026-04-08 17:21:35.247566,2026-04-08 17:21:43.193458,0 days 00:00:07.945892,275.0,3.0,125.6,154.5,0.44,COMPLETE
8971,0.825,2026-04-08 17:21:43.211109,2026-04-08 17:21:51.280877,0 days 00:00:08.069768,460.0,1.0,115.7,155.2,0.01,COMPLETE
8972,0.825,2026-04-08 17:21:51.299597,2026-04-08 17:21:58.294663,0 days 00:00:06.995066,398.0,1.0,116.6,156.1,0.0,COMPLETE
8973,0.6875,2026-04-08 17:21:58.312010,2026-04-08 17:22:05.366142,0 days 00:00:07.054132,264.0,2.0,120.8,155.5,0.01,COMPLETE
8974,0.6875,2026-04-08 17:22:05.380779,2026-04-08 17:22:12.041464,0 days 00:00:06.660685,284.0,2.0,119.3,157.8,0.02,COMPLETE
8975,0.6875,2026-04-08 17:22:12.059539,2026-04-08 17:22:19.274573,0 days 00:00:07.215034,402.0,1.0,117.0,150.1,0.75,COMPLETE
8976,0.6875,2026-04-08 17:22:19.289747,2026-04-08 17:22:26.047990,0 days 00:00:06.758243,363.0,1.0,116.3,154.3,0.24,COMPLETE
8977,0.825,2026-04-08 17:22:26.064971,2026-04-08 17:22:32.986764,0 days 00:00:06.921793,367.0,1.0,116.7,153.9,0.19,COMPLETE
8978,0.6875,2026-04-08 17:22:33.004486,2026-04-08 17:22:39.827807,0 days 00:00:06.823321,415.0,1.0,116.6,156.4,0.27,COMPLETE
8979,0.6875,2026-04-08 17:22:39.845251,2026-04-08 17:22:46.567344,0 days 00:00:06.722093,490.0,1.0,114.5,155.7,0.31,COMPLETE
8980,0.6875,2026-04-08 17:22:46.585555,2026-04-08 17:22:53.188235,0 days 00:00:06.602680,420.0,1.0,114.1,154.1,0.0,COMPLETE
8981,0.6875,2026-04-08 17:22:53.206240,2026-04-08 17:22:59.995882,0 days 00:00:06.789642,442.0,1.0,117.7,154.6,0.51,COMPLETE
8982,0.825,2026-04-08 17:23:00.014569,2026-04-08 17:23:34.358983,0 days 00:00:34.344414,316.0,2.0,120.5,156.2,0.36,COMPLETE
8983,0.6875,2026-04-08 17:23:34.375243,2026-04-08 17:23:41.731922,0 days 00:00:07.356679,455.0,1.0,113.5,156.1,0.21,COMPLETE
8984,0.6875,2026-04-08 17:23:41.749140,2026-04-08 17:23:49.566320,0 days 00:00:07.817180,262.0,3.0,123.0,156.8,0.49,COMPLETE
8985,0.6875,2026-04-08 17:23:49.584459,2026-04-08 17:23:56.444899,0 days 00:00:06.860440,324.0,1.0,119.8,154.6,0.42,COMPLETE
8986,0.6875,2026-04-08 17:23:56.462226,2026-04-08 17:24:03.242658,0 days 00:00:06.780432,452.0,1.0,116.3,153.5,0.28,COMPLETE
8987,0.6875,2026-04-08 17:24:03.259148,2026-04-08 17:24:10.096946,0 days 00:00:06.837798,388.0,1.0,116.1,157.2,0.28,COMPLETE
8988,0.671875,2026-04-08 17:24:10.114477,2026-04-08 17:24:17.369614,0 days 00:00:07.255137,456.0,2.0,122.8,154.5,0.4,COMPLETE
8989,0.825,2026-04-08 17:24:17.384675,2026-04-08 17:24:38.370758,0 days 00:00:20.986083,401.0,1.0,116.4,155.8,0.43,COMPLETE
8990,0.6875,2026-04-08 17:24:38.388310,2026-04-08 17:24:45.204577,0 days 00:00:06.816267,350.0,3.0,114.8,154.8,0.17,COMPLETE
8991,0.825,2026-04-08 17:24:45.221040,2026-04-08 17:25:19.313765,0 days 00:00:34.092725,476.0,1.0,116.6,154.6,0.28,COMPLETE
8992,0.6875,2026-04-08 17:25:19.329784,2026-04-08 17:25:26.104343,0 days 00:00:06.774559,418.0,1.0,115.7,153.6,0.0,COMPLETE
8993,0.6875,2026-04-08 17:25:26.122211,2026-04-08 17:25:33.260282,0 days 00:00:07.138071,410.0,1.0,118.9,158.9,0.01,COMPLETE
8994,0.6875,2026-04-08 17:25:33.276207,2026-04-08 17:25:40.439592,0 days 00:00:07.163385,355.0,1.0,113.6,155.1,0.29,COMPLETE
8995,0.825,2026-04-08 17:25:40.457003,2026-04-08 17:26:14.850747,0 days 00:00:34.393744,449.0,2.0,119.9,152.5,0.27,COMPLETE
8996,0.6875,2026-04-08 17:26:14.866536,2026-04-08 17:26:22.497598,0 days 00:00:07.631062,172.0,2.0,121.3,154.7,0.68,COMPLETE
8997,0.6875,2026-04-08 17:26:22.515520,2026-04-08 17:26:29.530615,0 days 00:00:07.015095,398.0,1.0,116.2,153.7,0.0,COMPLETE
8998,0.825,2026-04-08 17:26:29.545274,2026-04-08 17:27:03.761647,0 days 00:00:34.216373,420.0,2.0,118.1,156.9,0.0,COMPLETE
8999,0.6875,2026-04-08 17:27:03.779435,2026-04-08 17:27:10.848111,0 days 00:00:07.068676,458.0,1.0,117.6,152.2,0.03,COMPLETE
9000,0.671875,2026-04-08 17:27:10.865555,2026-04-08 17:27:18.130195,0 days 00:00:07.264640,277.0,2.0,122.4,154.4,0.19,COMPLETE
9001,0.825,2026-04-08 17:27:18.146878,2026-04-08 17:27:52.418649,0 days 00:00:34.271771,465.0,1.0,117.0,156.7,0.01,COMPLETE
9002,0.6875,2026-04-08 17:27:52.435942,2026-04-08 17:27:59.487842,0 days 00:00:07.051900,356.0,1.0,117.6,153.5,0.25,COMPLETE
9003,0.6875,2026-04-08 17:27:59.502342,2026-04-08 17:28:06.220724,0 days 00:00:06.718382,472.0,1.0,114.4,153.0,0.26,COMPLETE
9004,0.6875,2026-04-08 17:28:06.239358,2026-04-08 17:28:13.842846,0 days 00:00:07.603488,401.0,1.0,122.2,154.2,0.27,COMPLETE
9005,0.6875,2026-04-08 17:28:13.860413,2026-04-08 17:28:21.242759,0 days 00:00:07.382346,315.0,1.0,116.6,156.6,0.5,COMPLETE
9006,0.6875,2026-04-08 17:28:21.261180,2026-04-08 17:28:28.166945,0 days 00:00:06.905765,424.0,1.0,116.3,152.2,0.32,COMPLETE
9007,0.825,2026-04-08 17:28:28.183113,2026-04-08 17:29:03.063636,0 days 00:00:34.880523,156.0,3.0,118.3,155.2,0.04,COMPLETE
9008,0.6875,2026-04-08 17:29:03.081800,2026-04-08 17:29:09.744169,0 days 00:00:06.662369,440.0,1.0,117.3,155.8,0.25,COMPLETE
9009,0.6875,2026-04-08 17:29:09.764283,2026-04-08 17:29:17.080719,0 days 00:00:07.316436,205.0,2.0,119.8,154.4,0.45,COMPLETE
9010,0.6875,2026-04-08 17:29:17.096592,2026-04-08 17:29:23.877317,0 days 00:00:06.780725,236.0,3.0,122.5,155.0,0.01,COMPLETE
9011,0.825,2026-04-08 17:29:23.894806,2026-04-08 17:29:58.092992,0 days 00:00:34.198186,411.0,1.0,119.5,152.8,0.59,COMPLETE
9012,0.6875,2026-04-08 17:29:58.107627,2026-04-08 17:30:05.467849,0 days 00:00:07.360222,471.0,1.0,113.3,154.6,0.53,COMPLETE
9013,0.825,2026-04-08 17:30:05.486068,2026-04-08 17:30:39.578480,0 days 00:00:34.092412,499.0,1.0,116.1,155.3,0.29,COMPLETE
9014,0.6875,2026-04-08 17:30:39.595731,2026-04-08 17:30:46.399597,0 days 00:00:06.803866,454.0,2.0,115.2,153.3,0.27,COMPLETE
9015,0.6875,2026-04-08 17:30:46.417780,2026-04-08 17:30:52.980389,0 days 00:00:06.562609,439.0,1.0,115.0,154.1,0.78,COMPLETE
9016,0.825,2026-04-08 17:30:52.995535,2026-04-08 17:31:27.192588,0 days 00:00:34.197053,402.0,1.0,118.1,153.3,0.27,COMPLETE
9017,0.6875,2026-04-08 17:31:27.210440,2026-04-08 17:31:34.139684,0 days 00:00:06.929244,375.0,1.0,117.0,155.2,0.25,COMPLETE
9018,0.6875,2026-04-08 17:31:34.157124,2026-04-08 17:31:41.549938,0 days 00:00:07.392814,258.0,2.0,122.5,157.8,0.02,COMPLETE
9019,0.6875,2026-04-08 17:31:41.566880,2026-04-08 17:31:49.202001,0 days 00:00:07.635121,252.0,1.0,113.2,154.2,0.02,COMPLETE
9020,0.6875,2026-04-08 17:31:49.219523,2026-04-08 17:31:56.482393,0 days 00:00:07.262870,456.0,2.0,120.2,154.5,0.58,COMPLETE
9021,0.6875,2026-04-08 17:31:56.498483,2026-04-08 17:32:03.549088,0 days 00:00:07.050605,352.0,1.0,117.5,157.4,0.25,COMPLETE
9022,0.825,2026-04-08 17:32:03.565962,2026-04-08 17:32:37.600728,0 days 00:00:34.034766,461.0,1.0,115.9,155.3,0.0,COMPLETE
9023,0.6875,2026-04-08 17:32:37.618207,2026-04-08 17:32:44.861533,0 days 00:00:07.243326,326.0,2.0,113.0,154.8,0.04,COMPLETE
9024,0.6875,2026-04-08 17:32:44.879200,2026-04-08 17:32:51.909507,0 days 00:00:07.030307,245.0,2.0,113.0,158.4,0.61,COMPLETE
9025,0.6875,2026-04-08 17:32:51.924631,2026-04-08 17:32:59.440884,0 days 00:00:07.516253,307.0,2.0,120.6,153.8,0.27,COMPLETE
9026,0.6875,2026-04-08 17:32:59.458553,2026-04-08 17:33:06.259534,0 days 00:00:06.800981,302.0,2.0,123.9,155.0,0.3,COMPLETE
9027,0.6875,2026-04-08 17:33:06.274062,2026-04-08 17:33:13.680457,0 days 00:00:07.406395,372.0,1.0,115.9,153.7,0.46,COMPLETE
9028,0.825,2026-04-08 17:33:13.695634,2026-04-08 17:33:48.010013,0 days 00:00:34.314379,500.0,2.0,120.3,156.6,0.51,COMPLETE
9029,0.6875,2026-04-08 17:33:48.027622,2026-04-08 17:33:55.397912,0 days 00:00:07.370290,421.0,1.0,115.7,153.7,0.0,COMPLETE
9030,0.6875,2026-04-08 17:33:55.413356,2026-04-08 17:34:02.259888,0 days 00:00:06.846532,426.0,1.0,116.3,156.2,0.0,COMPLETE
9031,0.825,2026-04-08 17:34:02.277573,2026-04-08 17:34:36.386580,0 days 00:00:34.109007,425.0,1.0,118.6,155.2,0.02,COMPLETE
9032,0.6875,2026-04-08 17:34:36.404867,2026-04-08 17:34:43.805619,0 days 00:00:07.400752,374.0,3.0,125.2,156.8,0.03,COMPLETE
9033,0.6875,2026-04-08 17:34:43.823081,2026-04-08 17:34:51.424232,0 days 00:00:07.601151,431.0,2.0,115.9,154.8,0.55,COMPLETE
9034,0.6875,2026-04-08 17:34:51.439521,2026-04-08 17:34:58.036189,0 days 00:00:06.596668,384.0,1.0,114.8,154.8,0.0,COMPLETE
9035,0.6875,2026-04-08 17:34:58.054278,2026-04-08 17:35:04.950120,0 days 00:00:06.895842,324.0,2.0,114.7,153.1,0.01,COMPLETE
9036,0.825,2026-04-08 17:35:04.968614,2026-04-08 17:35:40.348717,0 days 00:00:35.380103,495.0,2.0,123.5,153.2,0.36,COMPLETE
9037,0.825,2026-04-08 17:35:40.363948,2026-04-08 17:36:14.440653,0 days 00:00:34.076705,467.0,1.0,119.2,155.2,0.3,COMPLETE
9038,0.6875,2026-04-08 17:36:14.458693,2026-04-08 17:36:21.548481,0 days 00:00:07.089788,491.0,3.0,124.3,154.7,0.93,COMPLETE
9039,0.6875,2026-04-08 17:36:21.563516,2026-04-08 17:36:29.287638,0 days 00:00:07.724122,363.0,2.0,115.5,153.7,0.26,COMPLETE
9040,0.825,2026-04-08 17:36:29.305576,2026-04-08 17:37:03.317594,0 days 00:00:34.012018,342.0,1.0,119.0,153.2,0.0,COMPLETE
9041,0.825,2026-04-08 17:37:03.335412,2026-04-08 17:37:37.862703,0 days 00:00:34.527291,412.0,2.0,123.6,157.5,0.4,COMPLETE
9042,0.6875,2026-04-08 17:37:37.879048,2026-04-08 17:37:45.709935,0 days 00:00:07.830887,315.0,1.0,115.3,154.8,0.01,COMPLETE
9043,0.6875,2026-04-08 17:37:45.727445,2026-04-08 17:37:52.299914,0 days 00:00:06.572469,445.0,1.0,116.3,155.7,0.54,COMPLETE
9044,0.825,2026-04-08 17:37:52.314658,2026-04-08 17:38:26.258431,0 days 00:00:33.943773,422.0,1.0,118.0,155.2,0.25,COMPLETE
9045,0.6875,2026-04-08 17:38:26.276036,2026-04-08 17:38:33.138849,0 days 00:00:06.862813,397.0,1.0,116.3,153.3,0.25,COMPLETE
9046,0.6875,2026-04-08 17:38:33.154991,2026-04-08 17:38:39.979871,0 days 00:00:06.824880,462.0,1.0,115.8,157.2,0.45,COMPLETE
9047,0.6875,2026-04-08 17:38:39.997965,2026-04-08 17:38:46.799346,0 days 00:00:06.801381,498.0,1.0,113.1,154.7,0.01,COMPLETE
9048,0.6875,2026-04-08 17:38:46.815075,2026-04-08 17:38:53.551093,0 days 00:00:06.736018,478.0,1.0,115.0,153.1,0.28,COMPLETE
9049,0.6875,2026-04-08 17:38:53.569565,2026-04-08 17:39:00.390741,0 days 00:00:06.821176,422.0,1.0,116.9,155.3,0.22,COMPLETE
