number,value,datetime_start,datetime_complete,duration,params_voltage,params_width,params_x,params_y,params_z,state
2432,0.825,2026-04-05 02:23:01.454527,2026-04-05 02:23:35.495418,0 days 00:00:34.040891,317.0,1.0,122.0,152.5,0.01,COMPLETE
2433,0.6875,2026-04-05 02:23:35.509014,2026-04-05 02:23:42.555524,0 days 00:00:07.046510,323.0,1.0,127.0,154.1,0.19,COMPLETE
2434,0.6875,2026-04-05 02:23:42.568665,2026-04-05 02:23:49.507440,0 days 00:00:06.938775,346.0,1.0,122.3,152.2,0.86,COMPLETE
2435,0.6875,2026-04-05 02:23:49.518366,2026-04-05 02:23:55.792890,0 days 00:00:06.274524,461.0,2.0,122.2,152.1,0.81,COMPLETE
2436,0.6875,2026-04-05 02:23:55.806423,2026-04-05 02:24:02.376565,0 days 00:00:06.570142,424.0,2.0,121.3,150.8,0.11,COMPLETE
2437,0.825,2026-04-05 02:24:02.388982,2026-04-05 02:24:36.932071,0 days 00:00:34.543089,314.0,1.0,118.2,154.5,0.27,COMPLETE
2438,0.825,2026-04-05 02:24:36.945839,2026-04-05 02:24:44.510900,0 days 00:00:07.565061,499.0,3.0,123.3,152.9,0.04,COMPLETE
2439,0.6875,2026-04-05 02:24:44.520688,2026-04-05 02:24:51.181077,0 days 00:00:06.660389,451.0,1.0,121.4,154.1,0.52,COMPLETE
2440,0.825,2026-04-05 02:24:51.195022,2026-04-05 02:25:25.326568,0 days 00:00:34.131546,437.0,2.0,122.7,156.1,0.08,COMPLETE
2441,0.6875,2026-04-05 02:25:25.339906,2026-04-05 02:25:32.123641,0 days 00:00:06.783735,375.0,1.0,120.5,152.4,0.36,COMPLETE
2442,0.825,2026-04-05 02:25:32.137169,2026-04-05 02:25:48.889307,0 days 00:00:16.752138,456.0,3.0,127.0,152.8,0.32,COMPLETE
2443,0.825,2026-04-05 02:25:48.903621,2026-04-05 02:26:23.694512,0 days 00:00:34.790891,225.0,2.0,121.4,156.6,0.15,COMPLETE
2444,0.6875,2026-04-05 02:26:23.706976,2026-04-05 02:26:30.262509,0 days 00:00:06.555533,231.0,2.0,122.2,155.0,0.0,COMPLETE
2445,0.825,2026-04-05 02:26:30.272190,2026-04-05 02:26:47.265812,0 days 00:00:16.993622,413.0,1.0,125.3,153.7,0.66,COMPLETE
2446,0.825,2026-04-05 02:26:47.279978,2026-04-05 02:27:21.561906,0 days 00:00:34.281928,483.0,2.0,119.7,154.6,0.23,COMPLETE
2447,0.6875,2026-04-05 02:27:21.575481,2026-04-05 02:27:28.420443,0 days 00:00:06.844962,463.0,3.0,124.1,154.0,0.38,COMPLETE
2448,0.6875,2026-04-05 02:27:28.433879,2026-04-05 02:27:35.271547,0 days 00:00:06.837668,253.0,1.0,126.6,156.9,0.16,COMPLETE
2449,0.6875,2026-04-05 02:27:35.284657,2026-04-05 02:27:42.117308,0 days 00:00:06.832651,303.0,1.0,122.2,154.0,0.37,COMPLETE
2450,0.6875,2026-04-05 02:27:42.127321,2026-04-05 02:27:48.543876,0 days 00:00:06.416555,435.0,2.0,121.2,154.1,0.35000000000000003,COMPLETE
2451,0.825,2026-04-05 02:27:48.557245,2026-04-05 02:28:22.466920,0 days 00:00:33.909675,439.0,1.0,120.0,153.5,0.06,COMPLETE
2452,0.825,2026-04-05 02:28:22.480279,2026-04-05 02:28:56.558261,0 days 00:00:34.077982,494.0,2.0,122.8,153.0,0.04,COMPLETE
2453,0.6875,2026-04-05 02:28:56.571568,2026-04-05 02:29:03.136900,0 days 00:00:06.565332,459.0,3.0,123.5,152.1,0.47000000000000003,COMPLETE
2454,0.6875,2026-04-05 02:29:03.149530,2026-04-05 02:29:10.578691,0 days 00:00:07.429161,441.0,1.0,114.0,155.2,0.8,COMPLETE
2455,0.825,2026-04-05 02:29:10.588118,2026-04-05 02:29:45.165046,0 days 00:00:34.576928,441.0,3.0,121.9,155.9,0.02,COMPLETE
2456,0.6875,2026-04-05 02:29:45.178281,2026-04-05 02:29:53.255819,0 days 00:00:08.077538,152.0,1.0,123.0,155.1,0.42,COMPLETE
2457,0.6875,2026-04-05 02:29:53.269061,2026-04-05 02:30:00.430802,0 days 00:00:07.161741,495.0,1.0,120.2,148.2,0.72,COMPLETE
2458,0.6875,2026-04-05 02:30:00.441451,2026-04-05 02:30:07.927688,0 days 00:00:07.486237,329.0,1.0,119.5,155.2,0.8200000000000001,COMPLETE
2459,0.6875,2026-04-05 02:30:07.940769,2026-04-05 02:30:14.724993,0 days 00:00:06.784224,459.0,3.0,123.7,155.6,0.66,COMPLETE
2460,0.6875,2026-04-05 02:30:14.738475,2026-04-05 02:30:21.686867,0 days 00:00:06.948392,383.0,1.0,125.7,155.0,0.41000000000000003,COMPLETE
2461,0.6875,2026-04-05 02:30:21.696786,2026-04-05 02:30:28.380049,0 days 00:00:06.683263,442.0,3.0,122.5,154.3,0.59,COMPLETE
2462,0.825,2026-04-05 02:30:28.393907,2026-04-05 02:31:02.460011,0 days 00:00:34.066104,489.0,2.0,125.2,153.2,0.61,COMPLETE
2463,0.6875,2026-04-05 02:31:02.473903,2026-04-05 02:31:09.397816,0 days 00:00:06.923913,381.0,3.0,123.8,151.8,0.16,COMPLETE
2464,0.825,2026-04-05 02:31:09.411480,2026-04-05 02:31:43.955642,0 days 00:00:34.544162,276.0,1.0,119.9,156.8,0.29,COMPLETE
2465,0.6875,2026-04-05 02:31:43.969774,2026-04-05 02:31:50.742332,0 days 00:00:06.772558,259.0,1.0,123.6,155.4,0.48,COMPLETE
2466,0.825,2026-04-05 02:31:50.752796,2026-04-05 02:32:24.659475,0 days 00:00:33.906679,283.0,1.0,124.2,154.3,0.0,COMPLETE
2467,0.825,2026-04-05 02:32:24.673533,2026-04-05 02:32:58.443176,0 days 00:00:33.769643,417.0,1.0,123.1,153.5,0.33,COMPLETE
2468,0.6875,2026-04-05 02:32:58.456004,2026-04-05 02:33:05.077114,0 days 00:00:06.621110,387.0,3.0,121.7,152.2,1.4000000000000001,COMPLETE
2469,0.825,2026-04-05 02:33:05.090508,2026-04-05 02:33:39.400407,0 days 00:00:34.309899,279.0,2.0,123.1,156.5,0.52,COMPLETE
2470,0.6875,2026-04-05 02:33:39.413809,2026-04-05 02:33:46.069418,0 days 00:00:06.655609,498.0,1.0,121.8,153.6,0.9,COMPLETE
2471,0.6875,2026-04-05 02:33:46.079719,2026-04-05 02:33:53.092061,0 days 00:00:07.012342,333.0,1.0,121.4,158.1,0.56,COMPLETE
2472,0.671875,2026-04-05 02:33:53.106384,2026-04-05 02:33:59.837487,0 days 00:00:06.731103,362.0,1.0,121.9,153.7,0.34,COMPLETE
2473,0.825,2026-04-05 02:33:59.850726,2026-04-05 02:34:33.934102,0 days 00:00:34.083376,339.0,1.0,122.0,156.3,0.3,COMPLETE
2474,0.6875,2026-04-05 02:34:33.948327,2026-04-05 02:34:40.760319,0 days 00:00:06.811992,495.0,2.0,123.8,153.7,0.59,COMPLETE
2475,0.825,2026-04-05 02:34:40.770129,2026-04-05 02:35:15.163722,0 days 00:00:34.393593,419.0,1.0,120.4,156.0,0.07,COMPLETE
2476,0.825,2026-04-05 02:35:15.173671,2026-04-05 02:35:49.222349,0 days 00:00:34.048678,446.0,3.0,122.1,153.4,0.37,COMPLETE
2477,0.6875,2026-04-05 02:35:49.232201,2026-04-05 02:35:56.348558,0 days 00:00:07.116357,297.0,2.0,117.5,151.4,0.28,COMPLETE
2478,0.6875,2026-04-05 02:35:56.361891,2026-04-05 02:36:03.102104,0 days 00:00:06.740213,417.0,2.0,116.9,153.0,0.49,COMPLETE
2479,0.825,2026-04-05 02:36:03.112989,2026-04-05 02:36:37.116589,0 days 00:00:34.003600,487.0,2.0,119.8,154.9,0.65,COMPLETE
2480,0.6875,2026-04-05 02:36:37.129740,2026-04-05 02:36:44.184032,0 days 00:00:07.054292,417.0,1.0,121.6,150.8,0.36,COMPLETE
2481,0.825,2026-04-05 02:36:44.197248,2026-04-05 02:37:18.037760,0 days 00:00:33.840512,469.0,3.0,121.5,152.2,0.25,COMPLETE
2482,0.0,2026-04-05 02:37:18.051239,2026-04-05 02:37:25.354552,0 days 00:00:07.303313,449.0,1.0,116.0,155.2,0.07,COMPLETE
2483,0.6875,2026-04-05 02:37:25.364342,2026-04-05 02:37:32.002483,0 days 00:00:06.638141,461.0,1.0,117.9,154.9,0.41000000000000003,COMPLETE
2484,0.825,2026-04-05 02:37:32.011655,2026-04-05 02:38:06.153920,0 days 00:00:34.142265,377.0,1.0,119.0,155.8,0.08,COMPLETE
2485,0.825,2026-04-05 02:38:06.168066,2026-04-05 02:38:40.465436,0 days 00:00:34.297370,377.0,3.0,123.1,153.3,0.05,COMPLETE
2486,0.6875,2026-04-05 02:38:40.475782,2026-04-05 02:38:47.747641,0 days 00:00:07.271859,416.0,1.0,115.6,156.6,0.05,COMPLETE
2487,0.6875,2026-04-05 02:38:47.760657,2026-04-05 02:38:54.668429,0 days 00:00:06.907772,445.0,2.0,116.0,153.1,0.21,COMPLETE
2488,0.6875,2026-04-05 02:38:54.682054,2026-04-05 02:39:01.217695,0 days 00:00:06.535641,440.0,1.0,117.5,153.7,0.4,COMPLETE
2489,0.6875,2026-04-05 02:39:01.321550,2026-04-05 02:39:07.918534,0 days 00:00:06.596984,443.0,1.0,118.1,152.5,0.16,COMPLETE
2490,0.6875,2026-04-05 02:39:07.933113,2026-04-05 02:39:14.596652,0 days 00:00:06.663539,403.0,1.0,119.2,154.2,0.62,COMPLETE
2491,0.015625,2026-04-05 02:39:14.610215,2026-04-05 02:39:21.295877,0 days 00:00:06.685662,384.0,1.0,115.6,154.6,0.02,COMPLETE
2492,0.6875,2026-04-05 02:39:21.310013,2026-04-05 02:39:27.674302,0 days 00:00:06.364289,442.0,1.0,115.8,154.4,0.03,COMPLETE
2493,0.6875,2026-04-05 02:39:27.685187,2026-04-05 02:39:34.369981,0 days 00:00:06.684794,389.0,1.0,117.2,153.7,0.55,COMPLETE
2494,0.6875,2026-04-05 02:39:34.383856,2026-04-05 02:39:41.366919,0 days 00:00:06.983063,500.0,1.0,119.6,159.0,0.35000000000000003,COMPLETE
2495,0.6875,2026-04-05 02:39:41.380410,2026-04-05 02:39:48.759979,0 days 00:00:07.379569,323.0,1.0,114.1,156.2,0.01,COMPLETE
2496,0.6875,2026-04-05 02:39:48.773741,2026-04-05 02:39:55.873039,0 days 00:00:07.099298,280.0,1.0,118.7,153.6,0.58,COMPLETE
2497,0.6875,2026-04-05 02:39:55.886688,2026-04-05 02:40:02.801096,0 days 00:00:06.914408,487.0,1.0,115.0,155.3,0.01,COMPLETE
2498,0.6875,2026-04-05 02:40:02.812502,2026-04-05 02:40:09.376857,0 days 00:00:06.564355,495.0,1.0,113.8,154.9,0.37,COMPLETE
2499,0.6875,2026-04-05 02:40:09.390098,2026-04-05 02:40:16.188759,0 days 00:00:06.798661,334.0,1.0,114.1,153.8,0.04,COMPLETE
2500,0.825,2026-04-05 02:40:16.200968,2026-04-05 02:40:51.045598,0 days 00:00:34.844630,448.0,3.0,123.7,152.7,0.26,COMPLETE
2501,0.6875,2026-04-05 02:40:51.059556,2026-04-05 02:40:58.142112,0 days 00:00:07.082556,442.0,3.0,125.6,158.9,1.43,COMPLETE
2502,0.03125,2026-04-05 02:40:58.152212,2026-04-05 02:41:05.906845,0 days 00:00:07.754633,470.0,1.0,115.2,154.9,0.07,COMPLETE
2503,0.6875,2026-04-05 02:41:05.919325,2026-04-05 02:41:12.619370,0 days 00:00:06.700045,439.0,1.0,113.5,153.3,0.12,COMPLETE
2504,0.6875,2026-04-05 02:41:12.632770,2026-04-05 02:41:19.332664,0 days 00:00:06.699894,393.0,1.0,114.5,153.4,0.22,COMPLETE
2505,0.6875,2026-04-05 02:41:19.343493,2026-04-05 02:41:26.128501,0 days 00:00:06.785008,413.0,2.0,115.9,157.5,0.29,COMPLETE
2506,0.6875,2026-04-05 02:41:26.142803,2026-04-05 02:41:32.833016,0 days 00:00:06.690213,403.0,1.0,113.5,155.8,0.26,COMPLETE
2507,0.6875,2026-04-05 02:41:32.846569,2026-04-05 02:41:39.585934,0 days 00:00:06.739365,409.0,1.0,113.1,154.1,0.13,COMPLETE
2508,0.825,2026-04-05 02:41:39.599741,2026-04-05 02:42:13.711165,0 days 00:00:34.111424,365.0,1.0,117.8,152.4,0.02,COMPLETE
2509,0.6875,2026-04-05 02:42:13.724341,2026-04-05 02:42:20.509066,0 days 00:00:06.784725,418.0,1.0,115.6,155.9,0.04,COMPLETE
2510,0.6875,2026-04-05 02:42:20.522613,2026-04-05 02:42:27.164315,0 days 00:00:06.641702,473.0,1.0,116.0,153.2,0.15,COMPLETE
2511,0.6875,2026-04-05 02:42:27.175901,2026-04-05 02:42:33.714610,0 days 00:00:06.538709,407.0,1.0,117.2,154.9,0.09,COMPLETE
2512,0.825,2026-04-05 02:42:33.727795,2026-04-05 02:43:07.716926,0 days 00:00:33.989131,393.0,1.0,118.4,154.7,0.2,COMPLETE
2513,0.6875,2026-04-05 02:43:07.730015,2026-04-05 02:43:14.580927,0 days 00:00:06.850912,452.0,1.0,115.6,155.3,0.12,COMPLETE
2514,0.6875,2026-04-05 02:43:14.594415,2026-04-05 02:43:21.109390,0 days 00:00:06.514975,446.0,1.0,116.0,154.1,0.47000000000000003,COMPLETE
2515,0.6875,2026-04-05 02:43:21.123545,2026-04-05 02:43:27.765032,0 days 00:00:06.641487,482.0,1.0,114.7,156.2,0.14,COMPLETE
2516,0.6875,2026-04-05 02:43:27.778453,2026-04-05 02:43:34.613894,0 days 00:00:06.835441,477.0,1.0,113.0,158.3,0.4,COMPLETE
2517,0.6875,2026-04-05 02:43:34.627276,2026-04-05 02:43:41.501336,0 days 00:00:06.874060,330.0,1.0,114.4,155.3,0.26,COMPLETE
2518,0.6875,2026-04-05 02:43:41.515760,2026-04-05 02:43:48.128745,0 days 00:00:06.612985,436.0,1.0,115.1,156.1,0.19,COMPLETE
2519,0.6875,2026-04-05 02:43:48.142453,2026-04-05 02:43:54.776731,0 days 00:00:06.634278,416.0,2.0,115.7,153.6,0.02,COMPLETE
2520,0.6875,2026-04-05 02:43:54.789553,2026-04-05 02:44:01.323340,0 days 00:00:06.533787,384.0,1.0,114.1,152.6,0.19,COMPLETE
2521,0.6875,2026-04-05 02:44:01.337087,2026-04-05 02:44:07.977707,0 days 00:00:06.640620,479.0,1.0,113.2,156.2,0.05,COMPLETE
2522,0.825,2026-04-05 02:44:07.991082,2026-04-05 02:44:42.182090,0 days 00:00:34.191008,375.0,1.0,116.8,154.5,0.21,COMPLETE
2523,0.6875,2026-04-05 02:44:42.195657,2026-04-05 02:44:48.776738,0 days 00:00:06.581081,467.0,2.0,115.0,153.8,0.02,COMPLETE
2524,0.6875,2026-04-05 02:44:48.790577,2026-04-05 02:44:55.561110,0 days 00:00:06.770533,397.0,1.0,114.9,154.1,0.19,COMPLETE
2525,0.6875,2026-04-05 02:44:55.571496,2026-04-05 02:45:02.149323,0 days 00:00:06.577827,350.0,1.0,117.2,154.1,0.28,COMPLETE
2526,0.6875,2026-04-05 02:45:02.162695,2026-04-05 02:45:08.793522,0 days 00:00:06.630827,472.0,1.0,116.3,155.1,0.18,COMPLETE
2527,0.6875,2026-04-05 02:45:08.806311,2026-04-05 02:45:15.477950,0 days 00:00:06.671639,450.0,1.0,115.6,157.7,0.12,COMPLETE
2528,0.825,2026-04-05 02:45:15.491191,2026-04-05 02:45:49.763776,0 days 00:00:34.272585,311.0,1.0,118.8,155.1,0.21,COMPLETE
2529,0.6875,2026-04-05 02:45:49.777232,2026-04-05 02:45:56.561937,0 days 00:00:06.784705,384.0,1.0,115.5,152.6,0.11,COMPLETE
2530,0.6875,2026-04-05 02:45:56.575418,2026-04-05 02:46:03.080035,0 days 00:00:06.504617,426.0,1.0,115.7,154.2,0.2,COMPLETE
2531,0.6875,2026-04-05 02:46:03.091144,2026-04-05 02:46:09.693915,0 days 00:00:06.602771,453.0,1.0,115.3,156.4,0.56,COMPLETE
2532,0.6875,2026-04-05 02:46:09.703874,2026-04-05 02:46:16.038639,0 days 00:00:06.334765,428.0,1.0,115.6,156.6,0.41000000000000003,COMPLETE
2533,0.825,2026-04-05 02:46:16.051657,2026-04-05 02:46:50.218491,0 days 00:00:34.166834,431.0,1.0,117.6,155.9,0.17,COMPLETE
2534,0.6875,2026-04-05 02:46:50.231921,2026-04-05 02:46:57.057627,0 days 00:00:06.825706,422.0,1.0,115.8,155.6,0.14,COMPLETE
2535,0.6875,2026-04-05 02:46:57.071241,2026-04-05 02:47:03.793100,0 days 00:00:06.721859,450.0,1.0,114.3,153.6,0.25,COMPLETE
2536,0.6875,2026-04-05 02:47:03.806233,2026-04-05 02:47:10.415920,0 days 00:00:06.609687,440.0,1.0,114.5,155.3,0.17,COMPLETE
2537,0.6875,2026-04-05 02:47:10.430336,2026-04-05 02:47:17.052349,0 days 00:00:06.622013,459.0,1.0,113.2,153.3,0.8200000000000001,COMPLETE
2538,0.6875,2026-04-05 02:47:17.066283,2026-04-05 02:47:23.729426,0 days 00:00:06.663143,475.0,1.0,115.4,154.2,0.05,COMPLETE
2539,0.6875,2026-04-05 02:47:23.742950,2026-04-05 02:47:30.343987,0 days 00:00:06.601037,466.0,1.0,116.2,155.1,0.03,COMPLETE
2540,0.825,2026-04-05 02:47:30.357579,2026-04-05 02:48:04.430486,0 days 00:00:34.072907,485.0,1.0,118.5,155.7,0.2,COMPLETE
2541,0.6875,2026-04-05 02:48:04.444077,2026-04-05 02:48:11.477671,0 days 00:00:07.033594,397.0,1.0,116.8,157.7,0.34,COMPLETE
2542,0.6875,2026-04-05 02:48:11.490405,2026-04-05 02:48:18.242200,0 days 00:00:06.751795,344.0,1.0,114.4,154.0,0.35000000000000003,COMPLETE
2543,0.6875,2026-04-05 02:48:18.256196,2026-04-05 02:48:25.007809,0 days 00:00:06.751613,453.0,1.0,113.1,154.1,0.04,COMPLETE
2544,0.6875,2026-04-05 02:48:25.021749,2026-04-05 02:48:31.770520,0 days 00:00:06.748771,427.0,1.0,115.9,153.3,0.23,COMPLETE
2545,0.6875,2026-04-05 02:48:31.784045,2026-04-05 02:48:38.458057,0 days 00:00:06.674012,448.0,1.0,116.6,156.2,0.52,COMPLETE
2546,0.6875,2026-04-05 02:48:38.468384,2026-04-05 02:48:45.144197,0 days 00:00:06.675813,430.0,1.0,113.2,154.3,0.17,COMPLETE
2547,0.6875,2026-04-05 02:48:45.158029,2026-04-05 02:48:51.889998,0 days 00:00:06.731969,449.0,1.0,113.9,157.3,0.01,COMPLETE
2548,0.6875,2026-04-05 02:48:51.904154,2026-04-05 02:48:58.464894,0 days 00:00:06.560740,414.0,1.0,114.2,156.8,0.41000000000000003,COMPLETE
2549,0.6875,2026-04-05 02:48:58.478199,2026-04-05 02:49:05.103035,0 days 00:00:06.624836,360.0,1.0,114.5,154.9,0.31,COMPLETE
2550,0.6875,2026-04-05 02:49:05.116388,2026-04-05 02:49:11.743321,0 days 00:00:06.626933,417.0,1.0,116.5,153.7,0.16,COMPLETE
2551,0.6875,2026-04-05 02:49:11.753611,2026-04-05 02:49:18.439917,0 days 00:00:06.686306,386.0,1.0,115.5,155.3,0.29,COMPLETE
2552,0.6875,2026-04-05 02:49:18.453495,2026-04-05 02:49:26.350704,0 days 00:00:07.897209,215.0,1.0,124.9,154.4,0.47000000000000003,COMPLETE
2553,0.825,2026-04-05 02:49:26.364039,2026-04-05 02:50:00.907013,0 days 00:00:34.542974,464.0,1.0,118.4,155.4,0.23,COMPLETE
2554,0.6875,2026-04-05 02:50:00.920766,2026-04-05 02:50:07.710993,0 days 00:00:06.790227,438.0,2.0,114.1,154.9,0.15,COMPLETE
2555,0.825,2026-04-05 02:50:07.724258,2026-04-05 02:50:41.852553,0 days 00:00:34.128295,482.0,1.0,118.2,155.2,0.15,COMPLETE
2556,0.6875,2026-04-05 02:50:41.866026,2026-04-05 02:50:48.814784,0 days 00:00:06.948758,428.0,2.0,113.9,158.1,0.02,COMPLETE
2557,0.6875,2026-04-05 02:50:48.828364,2026-04-05 02:50:55.653455,0 days 00:00:06.825091,419.0,1.0,114.6,155.2,0.03,COMPLETE
2558,0.6875,2026-04-05 02:50:55.667162,2026-04-05 02:51:02.143225,0 days 00:00:06.476063,384.0,1.0,114.3,156.6,0.02,COMPLETE
2559,0.6875,2026-04-05 02:51:02.153860,2026-04-05 02:51:09.797432,0 days 00:00:07.643572,447.0,3.0,123.9,150.7,0.46,COMPLETE
2560,0.6875,2026-04-05 02:51:09.811620,2026-04-05 02:51:17.074787,0 days 00:00:07.263167,470.0,1.0,116.2,155.0,0.32,COMPLETE
2561,0.6875,2026-04-05 02:51:17.088520,2026-04-05 02:51:23.610604,0 days 00:00:06.522084,408.0,1.0,117.1,156.4,0.49,COMPLETE
2562,0.6875,2026-04-05 02:51:23.619434,2026-04-05 02:51:30.270199,0 days 00:00:06.650765,484.0,2.0,115.5,155.3,0.32,COMPLETE
2563,0.6875,2026-04-05 02:51:30.283651,2026-04-05 02:51:37.230868,0 days 00:00:06.947217,403.0,1.0,116.3,152.6,0.03,COMPLETE
2564,0.6875,2026-04-05 02:51:37.244347,2026-04-05 02:51:43.930553,0 days 00:00:06.686206,387.0,1.0,117.3,154.2,0.11,COMPLETE
2565,0.825,2026-04-05 02:51:43.940989,2026-04-05 02:52:17.870804,0 days 00:00:33.929815,483.0,1.0,116.2,153.3,0.0,COMPLETE
2566,0.6875,2026-04-05 02:52:17.884626,2026-04-05 02:52:24.841045,0 days 00:00:06.956419,405.0,1.0,117.4,157.2,0.15,COMPLETE
2567,0.6875,2026-04-05 02:52:24.854451,2026-04-05 02:52:31.600157,0 days 00:00:06.745706,458.0,1.0,114.9,153.2,0.42,COMPLETE
2568,0.6875,2026-04-05 02:52:31.610483,2026-04-05 02:52:38.334099,0 days 00:00:06.723616,438.0,1.0,117.0,157.0,0.4,COMPLETE
2569,0.6875,2026-04-05 02:52:38.347966,2026-04-05 02:52:45.057249,0 days 00:00:06.709283,338.0,1.0,116.9,155.6,0.11,COMPLETE
2570,0.671875,2026-04-05 02:52:45.071579,2026-04-05 02:52:51.465473,0 days 00:00:06.393894,480.0,1.0,116.2,155.0,0.45,COMPLETE
2571,0.825,2026-04-05 02:52:51.479376,2026-04-05 02:53:26.207734,0 days 00:00:34.728358,328.0,1.0,124.2,155.2,0.21,COMPLETE
2572,0.6875,2026-04-05 02:53:26.221386,2026-04-05 02:53:33.413388,0 days 00:00:07.192002,365.0,1.0,116.6,155.9,0.11,COMPLETE
2573,0.825,2026-04-05 02:53:33.427051,2026-04-05 02:54:07.940547,0 days 00:00:34.513496,500.0,3.0,124.1,153.3,0.14,COMPLETE
2574,0.6875,2026-04-05 02:54:07.953817,2026-04-05 02:54:14.878583,0 days 00:00:06.924766,316.0,1.0,121.8,156.1,0.5700000000000001,COMPLETE
2575,0.6875,2026-04-05 02:54:14.888171,2026-04-05 02:54:21.859263,0 days 00:00:06.971092,452.0,1.0,115.6,157.4,0.31,COMPLETE
2576,0.6875,2026-04-05 02:54:21.873125,2026-04-05 02:54:28.739832,0 days 00:00:06.866707,279.0,1.0,113.5,157.3,1.83,COMPLETE
2577,0.6875,2026-04-05 02:54:28.752833,2026-04-05 02:54:35.505483,0 days 00:00:06.752650,432.0,1.0,113.9,155.1,0.4,COMPLETE
2578,0.6875,2026-04-05 02:54:35.515680,2026-04-05 02:54:42.296250,0 days 00:00:06.780570,423.0,1.0,116.4,155.0,0.44,COMPLETE
2579,0.6875,2026-04-05 02:54:42.310150,2026-04-05 02:54:48.923725,0 days 00:00:06.613575,464.0,1.0,114.7,153.5,0.14,COMPLETE
2580,0.825,2026-04-05 02:54:48.937338,2026-04-05 02:55:23.224882,0 days 00:00:34.287544,316.0,2.0,118.4,156.5,0.4,COMPLETE
2581,0.6875,2026-04-05 02:55:23.238701,2026-04-05 02:55:29.935715,0 days 00:00:06.697014,425.0,1.0,116.6,153.3,0.04,COMPLETE
2582,0.6875,2026-04-05 02:55:29.948782,2026-04-05 02:55:36.560277,0 days 00:00:06.611495,358.0,2.0,117.5,153.0,0.11,COMPLETE
2583,0.6875,2026-04-05 02:55:36.574561,2026-04-05 02:55:43.117165,0 days 00:00:06.542604,441.0,1.0,117.1,154.8,0.04,COMPLETE
2584,0.6875,2026-04-05 02:55:43.127052,2026-04-05 02:55:49.710561,0 days 00:00:06.583509,462.0,1.0,114.2,155.8,0.05,COMPLETE
2585,0.825,2026-04-05 02:55:49.724722,2026-04-05 02:56:24.666260,0 days 00:00:34.941538,326.0,1.0,122.6,156.2,0.16,COMPLETE
2586,0.825,2026-04-05 02:56:24.679659,2026-04-05 02:56:58.964749,0 days 00:00:34.285090,385.0,2.0,117.9,155.5,0.01,COMPLETE
2587,0.6875,2026-04-05 02:56:58.974384,2026-04-05 02:57:05.531530,0 days 00:00:06.557146,344.0,1.0,116.4,154.8,0.15,COMPLETE
2588,0.6875,2026-04-05 02:57:05.544887,2026-04-05 02:57:12.151001,0 days 00:00:06.606114,359.0,2.0,115.3,151.4,0.39,COMPLETE
2589,0.6875,2026-04-05 02:57:12.160632,2026-04-05 02:57:18.752804,0 days 00:00:06.592172,487.0,1.0,114.3,154.7,0.0,COMPLETE
2590,0.6875,2026-04-05 02:57:18.766562,2026-04-05 02:57:25.780363,0 days 00:00:07.013801,384.0,1.0,116.8,156.1,0.03,COMPLETE
2591,0.6875,2026-04-05 02:57:25.794630,2026-04-05 02:57:32.347821,0 days 00:00:06.553191,468.0,1.0,116.5,157.5,0.08,COMPLETE
2592,0.6875,2026-04-05 02:57:32.357580,2026-04-05 02:57:39.171716,0 days 00:00:06.814136,500.0,1.0,115.1,154.0,0.0,COMPLETE
2593,0.6875,2026-04-05 02:57:39.186690,2026-04-05 02:57:46.172375,0 days 00:00:06.985685,451.0,1.0,117.9,158.8,0.0,COMPLETE
2594,0.6875,2026-04-05 02:57:46.185586,2026-04-05 02:57:53.625114,0 days 00:00:07.439528,336.0,1.0,116.5,152.2,0.19,COMPLETE
2595,0.6875,2026-04-05 02:57:53.638455,2026-04-05 02:58:00.766483,0 days 00:00:07.128028,448.0,2.0,123.3,153.5,0.97,COMPLETE
2596,0.6875,2026-04-05 02:58:00.780388,2026-04-05 02:58:07.844848,0 days 00:00:07.064460,448.0,1.0,117.6,154.2,0.23,COMPLETE
2597,0.6875,2026-04-05 02:58:07.857872,2026-04-05 02:58:14.825234,0 days 00:00:06.967362,308.0,1.0,120.7,154.7,0.48,COMPLETE
2598,0.825,2026-04-05 02:58:14.838812,2026-04-05 02:58:20.188755,0 days 00:00:05.349943,376.0,1.0,116.0,155.1,0.13,COMPLETE
2599,0.825,2026-04-05 02:58:20.202142,2026-04-05 02:58:25.045152,0 days 00:00:04.843010,366.0,1.0,116.2,155.4,0.03,COMPLETE
2600,0.825,2026-04-05 02:58:25.058830,2026-04-05 02:58:59.529888,0 days 00:00:34.471058,494.0,1.0,123.0,157.1,0.93,COMPLETE
2601,0.671875,2026-04-05 02:58:59.543127,2026-04-05 02:59:06.900192,0 days 00:00:07.357065,452.0,2.0,115.9,156.1,0.21,COMPLETE
2602,0.6875,2026-04-05 02:59:06.914038,2026-04-05 02:59:13.649886,0 days 00:00:06.735848,403.0,1.0,116.4,153.6,0.0,COMPLETE
2603,0.671875,2026-04-05 02:59:13.663771,2026-04-05 02:59:20.228780,0 days 00:00:06.565009,477.0,1.0,117.1,155.7,0.17,COMPLETE
2604,0.6875,2026-04-05 02:59:20.242543,2026-04-05 02:59:27.080675,0 days 00:00:06.838132,489.0,1.0,113.3,156.0,0.41000000000000003,COMPLETE
