number,value,datetime_start,datetime_complete,duration,params_voltage,params_width,params_x,params_y,params_z,state
12515,0.6875,2026-04-09 13:58:14.868296,2026-04-09 13:58:22.055651,0 days 00:00:07.187355,452.0,2.0,123.4,153.8,0.76,COMPLETE
12516,0.6875,2026-04-09 13:58:22.073943,2026-04-09 13:58:29.426628,0 days 00:00:07.352685,457.0,1.0,115.9,152.0,0.23,COMPLETE
12517,0.6875,2026-04-09 13:58:29.445610,2026-04-09 13:58:36.241487,0 days 00:00:06.795877,478.0,1.0,113.7,154.4,0.0,COMPLETE
12518,0.6875,2026-04-09 13:58:36.258930,2026-04-09 13:58:43.357044,0 days 00:00:07.098114,365.0,2.0,117.2,154.0,0.49,COMPLETE
12519,0.6875,2026-04-09 13:58:43.374402,2026-04-09 13:58:49.947362,0 days 00:00:06.572960,391.0,1.0,117.3,154.7,0.27,COMPLETE
12520,0.6875,2026-04-09 13:58:49.968184,2026-04-09 13:58:56.682517,0 days 00:00:06.714333,413.0,1.0,116.6,156.4,0.24,COMPLETE
12521,0.6875,2026-04-09 13:58:56.702042,2026-04-09 13:59:03.644084,0 days 00:00:06.942042,412.0,1.0,114.5,152.5,0.0,COMPLETE
12522,0.6875,2026-04-09 13:59:03.663966,2026-04-09 13:59:10.250628,0 days 00:00:06.586662,444.0,1.0,114.2,153.3,0.0,COMPLETE
12523,0.825,2026-04-09 13:59:10.268140,2026-04-09 13:59:44.398499,0 days 00:00:34.130359,499.0,1.0,117.9,153.3,0.18,COMPLETE
12524,0.6875,2026-04-09 13:59:44.420092,2026-04-09 13:59:52.552171,0 days 00:00:08.132079,157.0,3.0,125.4,149.1,1.2,COMPLETE
12525,0.825,2026-04-09 13:59:52.569982,2026-04-09 14:00:27.412168,0 days 00:00:34.842186,434.0,1.0,116.7,154.7,0.19,COMPLETE
12526,0.6875,2026-04-09 14:00:27.431320,2026-04-09 14:00:34.939870,0 days 00:00:07.508550,303.0,2.0,124.4,155.5,0.4,COMPLETE
12527,0.6875,2026-04-09 14:00:34.956201,2026-04-09 14:00:41.761271,0 days 00:00:06.805070,496.0,2.0,120.9,152.9,0.7000000000000001,COMPLETE
12528,0.6875,2026-04-09 14:00:41.780751,2026-04-09 14:00:48.580150,0 days 00:00:06.799399,444.0,2.0,116.6,153.3,0.24,COMPLETE
12529,0.6875,2026-04-09 14:00:48.597366,2026-04-09 14:00:55.340063,0 days 00:00:06.742697,436.0,1.0,113.5,155.9,0.0,COMPLETE
12530,0.6875,2026-04-09 14:00:55.360252,2026-04-09 14:01:03.350072,0 days 00:00:07.989820,234.0,1.0,123.6,154.9,0.4,COMPLETE
12531,0.825,2026-04-09 14:01:03.367370,2026-04-09 14:01:37.538446,0 days 00:00:34.171076,451.0,1.0,121.0,156.3,0.32,COMPLETE
12532,0.6875,2026-04-09 14:01:37.557615,2026-04-09 14:01:44.910695,0 days 00:00:07.353080,231.0,2.0,122.7,155.0,0.21,COMPLETE
12533,0.6875,2026-04-09 14:01:44.927492,2026-04-09 14:01:52.157903,0 days 00:00:07.230411,386.0,2.0,116.5,152.8,0.31,COMPLETE
12534,0.6875,2026-04-09 14:01:52.175474,2026-04-09 14:01:59.047918,0 days 00:00:06.872444,286.0,2.0,115.0,152.9,0.27,COMPLETE
12535,0.6875,2026-04-09 14:01:59.066902,2026-04-09 14:02:06.219155,0 days 00:00:07.152253,487.0,2.0,120.6,150.6,0.29,COMPLETE
12536,0.6875,2026-04-09 14:02:06.237523,2026-04-09 14:02:13.256689,0 days 00:00:07.019166,500.0,2.0,123.4,154.7,0.8,COMPLETE
12537,0.6875,2026-04-09 14:02:13.276294,2026-04-09 14:02:20.942793,0 days 00:00:07.666499,383.0,1.0,115.5,154.3,0.24,COMPLETE
12538,0.825,2026-04-09 14:02:20.959248,2026-04-09 14:02:55.641580,0 days 00:00:34.682332,467.0,1.0,122.8,155.0,0.35000000000000003,COMPLETE
12539,0.671875,2026-04-09 14:02:55.661949,2026-04-09 14:03:02.826741,0 days 00:00:07.164792,447.0,1.0,117.8,153.0,0.53,COMPLETE
12540,0.825,2026-04-09 14:03:02.844069,2026-04-09 14:03:36.877542,0 days 00:00:34.033473,420.0,1.0,116.0,155.4,0.0,COMPLETE
12541,0.6875,2026-04-09 14:03:36.897967,2026-04-09 14:03:43.492896,0 days 00:00:06.594929,463.0,1.0,117.0,154.9,0.26,COMPLETE
12542,0.6875,2026-04-09 14:03:43.508837,2026-04-09 14:03:50.102112,0 days 00:00:06.593275,408.0,2.0,118.0,153.2,0.42,COMPLETE
12543,0.6875,2026-04-09 14:03:50.121537,2026-04-09 14:03:56.605868,0 days 00:00:06.484331,406.0,1.0,116.9,152.8,0.0,COMPLETE
12544,0.6875,2026-04-09 14:03:56.624249,2026-04-09 14:04:03.096690,0 days 00:00:06.472441,365.0,1.0,117.6,153.0,0.48,COMPLETE
12545,0.671875,2026-04-09 14:04:03.114781,2026-04-09 14:04:09.680513,0 days 00:00:06.565732,424.0,1.0,117.2,154.4,0.19,COMPLETE
12546,0.6875,2026-04-09 14:04:09.699761,2026-04-09 14:04:16.143923,0 days 00:00:06.444162,465.0,2.0,117.5,154.8,0.27,COMPLETE
12547,0.6875,2026-04-09 14:04:16.160816,2026-04-09 14:04:23.213114,0 days 00:00:07.052298,299.0,2.0,121.0,157.6,0.23,COMPLETE
12548,0.6875,2026-04-09 14:04:23.232478,2026-04-09 14:04:30.499506,0 days 00:00:07.267028,388.0,2.0,113.5,154.4,0.7000000000000001,COMPLETE
12549,0.6875,2026-04-09 14:04:30.516581,2026-04-09 14:04:37.101630,0 days 00:00:06.585049,499.0,1.0,115.2,155.1,0.35000000000000003,COMPLETE
12550,0.6875,2026-04-09 14:04:37.120836,2026-04-09 14:04:44.746132,0 days 00:00:07.625296,242.0,2.0,113.2,148.2,1.44,COMPLETE
12551,0.825,2026-04-09 14:04:44.764272,2026-04-09 14:05:19.743438,0 days 00:00:34.979166,480.0,1.0,118.8,157.6,0.3,COMPLETE
12552,0.825,2026-04-09 14:05:19.763638,2026-04-09 14:05:54.057569,0 days 00:00:34.293931,433.0,2.0,118.1,154.8,0.26,COMPLETE
12553,0.6875,2026-04-09 14:05:54.074325,2026-04-09 14:06:01.085025,0 days 00:00:07.010700,361.0,1.0,116.7,158.1,0.24,COMPLETE
12554,0.6875,2026-04-09 14:06:01.105179,2026-04-09 14:06:08.146047,0 days 00:00:07.040868,335.0,1.0,115.0,152.0,0.55,COMPLETE
12555,0.6875,2026-04-09 14:06:08.163828,2026-04-09 14:06:16.119626,0 days 00:00:07.955798,200.0,2.0,125.0,152.2,0.32,COMPLETE
12556,0.6875,2026-04-09 14:06:16.139112,2026-04-09 14:06:23.374288,0 days 00:00:07.235176,357.0,1.0,117.1,152.4,0.2,COMPLETE
12557,0.825,2026-04-09 14:06:23.392508,2026-04-09 14:06:57.540224,0 days 00:00:34.147716,391.0,1.0,122.0,152.7,0.32,COMPLETE
12558,0.6875,2026-04-09 14:06:57.559699,2026-04-09 14:07:04.675839,0 days 00:00:07.116140,262.0,2.0,121.0,154.0,0.46,COMPLETE
12559,0.825,2026-04-09 14:07:04.692427,2026-04-09 14:07:38.757557,0 days 00:00:34.065130,450.0,2.0,124.8,154.2,0.39,COMPLETE
12560,0.6875,2026-04-09 14:07:38.777034,2026-04-09 14:07:45.840328,0 days 00:00:07.063294,430.0,1.0,120.8,153.8,0.22,COMPLETE
12561,0.6875,2026-04-09 14:07:45.859999,2026-04-09 14:07:53.119632,0 days 00:00:07.259633,407.0,1.0,114.9,157.3,0.0,COMPLETE
12562,0.825,2026-04-09 14:07:53.137888,2026-04-09 14:08:28.164408,0 days 00:00:35.026520,482.0,3.0,125.9,155.3,0.15,COMPLETE
12563,0.6875,2026-04-09 14:08:28.185292,2026-04-09 14:08:36.180312,0 days 00:00:07.995020,408.0,1.0,114.2,155.8,0.26,COMPLETE
12564,0.825,2026-04-09 14:08:36.197566,2026-04-09 14:09:10.423450,0 days 00:00:34.225884,448.0,1.0,118.3,156.5,0.01,COMPLETE
12565,0.6875,2026-04-09 14:09:10.443990,2026-04-09 14:09:17.273999,0 days 00:00:06.830009,405.0,1.0,117.3,154.8,0.0,COMPLETE
12566,0.825,2026-04-09 14:09:17.307254,2026-04-09 14:09:52.137922,0 days 00:00:34.830668,420.0,2.0,125.4,153.2,0.47000000000000003,COMPLETE
12567,0.6875,2026-04-09 14:09:52.157621,2026-04-09 14:10:00.155807,0 days 00:00:07.998186,379.0,3.0,113.9,152.1,0.38,COMPLETE
12568,0.6875,2026-04-09 14:10:00.173030,2026-04-09 14:10:07.635059,0 days 00:00:07.462029,403.0,1.0,118.9,158.3,0.27,COMPLETE
12569,0.6875,2026-04-09 14:10:07.655370,2026-04-09 14:10:14.872071,0 days 00:00:07.216701,446.0,1.0,116.9,152.2,0.21,COMPLETE
12570,0.825,2026-04-09 14:10:14.889297,2026-04-09 14:10:48.996348,0 days 00:00:34.107051,481.0,1.0,116.8,155.4,0.01,COMPLETE
12571,0.6875,2026-04-09 14:10:49.016487,2026-04-09 14:10:56.593399,0 days 00:00:07.576912,450.0,2.0,124.4,157.5,0.4,COMPLETE
12572,0.6875,2026-04-09 14:10:56.610108,2026-04-09 14:11:03.520074,0 days 00:00:06.909966,324.0,2.0,124.1,155.9,0.81,COMPLETE
12573,0.6875,2026-04-09 14:11:03.539601,2026-04-09 14:11:10.865836,0 days 00:00:07.326235,158.0,1.0,122.2,153.1,0.6900000000000001,COMPLETE
12574,0.6875,2026-04-09 14:11:10.882666,2026-04-09 14:11:18.442091,0 days 00:00:07.559425,403.0,1.0,116.4,159.8,0.49,COMPLETE
12575,0.6875,2026-04-09 14:11:18.462658,2026-04-09 14:11:25.419633,0 days 00:00:06.956975,498.0,2.0,117.6,155.4,0.32,COMPLETE
12576,0.6875,2026-04-09 14:11:25.438349,2026-04-09 14:11:32.089518,0 days 00:00:06.651169,455.0,1.0,116.7,154.3,0.54,COMPLETE
12577,0.6875,2026-04-09 14:11:32.110188,2026-04-09 14:11:39.321188,0 days 00:00:07.211000,365.0,1.0,121.0,155.7,0.46,COMPLETE
12578,0.6875,2026-04-09 14:11:39.342006,2026-04-09 14:11:46.636491,0 days 00:00:07.294485,277.0,1.0,115.8,155.3,0.3,COMPLETE
12579,0.6875,2026-04-09 14:11:46.657759,2026-04-09 14:11:53.835208,0 days 00:00:07.177449,315.0,2.0,121.5,153.1,0.45,COMPLETE
12580,0.6875,2026-04-09 14:11:53.853827,2026-04-09 14:12:01.377734,0 days 00:00:07.523907,335.0,1.0,126.7,159.7,1.02,COMPLETE
12581,0.6875,2026-04-09 14:12:01.397345,2026-04-09 14:12:08.888507,0 days 00:00:07.491162,310.0,3.0,123.6,151.6,0.3,COMPLETE
12582,0.6875,2026-04-09 14:12:08.905161,2026-04-09 14:12:16.060896,0 days 00:00:07.155735,231.0,2.0,124.2,155.9,0.13,COMPLETE
12583,0.6875,2026-04-09 14:12:16.081441,2026-04-09 14:12:23.637251,0 days 00:00:07.555810,452.0,1.0,115.7,153.0,0.22,COMPLETE
12584,0.825,2026-04-09 14:12:23.654678,2026-04-09 14:12:57.976912,0 days 00:00:34.322234,452.0,2.0,119.5,154.5,0.03,COMPLETE
12585,0.6875,2026-04-09 14:12:57.996874,2026-04-09 14:13:05.079176,0 days 00:00:07.082302,342.0,1.0,118.6,152.5,0.19,COMPLETE
12586,0.6875,2026-04-09 14:13:05.098097,2026-04-09 14:13:11.904890,0 days 00:00:06.806793,383.0,1.0,115.2,153.4,0.26,COMPLETE
12587,0.6875,2026-04-09 14:13:11.922256,2026-04-09 14:13:18.470504,0 days 00:00:06.548248,357.0,2.0,114.8,154.0,0.0,COMPLETE
12588,0.6875,2026-04-09 14:13:18.489466,2026-04-09 14:13:25.813381,0 days 00:00:07.323915,265.0,2.0,119.9,153.0,0.25,COMPLETE
12589,0.6875,2026-04-09 14:13:25.831674,2026-04-09 14:13:32.510543,0 days 00:00:06.678869,461.0,2.0,119.3,154.1,0.5,COMPLETE
12590,0.6875,2026-04-09 14:13:32.530115,2026-04-09 14:13:39.447852,0 days 00:00:06.917737,491.0,2.0,115.1,154.4,0.46,COMPLETE
12591,0.6875,2026-04-09 14:13:39.465606,2026-04-09 14:13:46.154264,0 days 00:00:06.688658,423.0,1.0,116.8,153.7,0.25,COMPLETE
12592,0.6875,2026-04-09 14:13:46.173958,2026-04-09 14:13:53.534687,0 days 00:00:07.360729,235.0,2.0,120.7,154.5,0.64,COMPLETE
12593,0.825,2026-04-09 14:13:53.552415,2026-04-09 14:14:27.857378,0 days 00:00:34.304963,409.0,2.0,125.0,155.8,0.21,COMPLETE
12594,0.6875,2026-04-09 14:14:27.877141,2026-04-09 14:14:35.339583,0 days 00:00:07.462442,382.0,1.0,117.6,154.5,0.6900000000000001,COMPLETE
12595,0.6875,2026-04-09 14:14:35.356712,2026-04-09 14:14:42.343422,0 days 00:00:06.986710,401.0,3.0,113.1,154.9,0.49,COMPLETE
12596,0.6875,2026-04-09 14:14:42.363291,2026-04-09 14:14:49.255013,0 days 00:00:06.891722,499.0,2.0,115.9,157.6,0.23,COMPLETE
12597,0.6875,2026-04-09 14:14:49.271974,2026-04-09 14:14:56.010829,0 days 00:00:06.738855,448.0,1.0,114.9,156.0,0.24,COMPLETE
12598,0.6875,2026-04-09 14:14:56.031217,2026-04-09 14:15:02.941590,0 days 00:00:06.910373,437.0,1.0,116.9,152.5,0.0,COMPLETE
12599,0.6875,2026-04-09 14:15:02.959594,2026-04-09 14:15:09.745920,0 days 00:00:06.786326,420.0,1.0,114.9,155.0,0.49,COMPLETE
12600,0.6875,2026-04-09 14:15:09.768153,2026-04-09 14:15:16.505106,0 days 00:00:06.736953,420.0,1.0,113.0,154.9,0.22,COMPLETE
12601,0.825,2026-04-09 14:15:16.522806,2026-04-09 14:15:51.312633,0 days 00:00:34.789827,496.0,2.0,122.4,156.2,0.45,COMPLETE
12602,0.6875,2026-04-09 14:15:51.332379,2026-04-09 14:15:58.536713,0 days 00:00:07.204334,436.0,1.0,117.4,153.6,0.24,COMPLETE
12603,0.6875,2026-04-09 14:15:58.556038,2026-04-09 14:16:06.182939,0 days 00:00:07.626901,288.0,3.0,124.9,153.0,0.46,COMPLETE
12604,0.6875,2026-04-09 14:16:06.199559,2026-04-09 14:16:13.060430,0 days 00:00:06.860871,264.0,2.0,123.3,155.3,0.23,COMPLETE
12605,0.825,2026-04-09 14:16:13.079212,2026-04-09 14:17:08.892861,0 days 00:00:55.813649,461.0,1.0,124.9,152.7,0.4,COMPLETE
12606,0.825,2026-04-09 14:17:08.912688,2026-04-09 14:17:43.678515,0 days 00:00:34.765827,372.0,1.0,118.5,154.4,0.2,COMPLETE
12607,0.6875,2026-04-09 14:17:43.698223,2026-04-09 14:17:50.697946,0 days 00:00:06.999723,374.0,1.0,116.2,156.8,0.44,COMPLETE
12608,0.6875,2026-04-09 14:17:50.717000,2026-04-09 14:17:57.598428,0 days 00:00:06.881428,441.0,1.0,116.0,153.0,0.0,COMPLETE
12609,0.6875,2026-04-09 14:17:57.616508,2026-04-09 14:18:04.886910,0 days 00:00:07.270402,474.0,1.0,122.8,153.5,0.74,COMPLETE
12610,0.6875,2026-04-09 14:18:04.906328,2026-04-09 14:18:12.288167,0 days 00:00:07.381839,386.0,1.0,115.4,153.6,0.0,COMPLETE
12611,0.6875,2026-04-09 14:18:12.306960,2026-04-09 14:18:19.161024,0 days 00:00:06.854064,370.0,1.0,115.8,155.0,0.24,COMPLETE
12612,0.825,2026-04-09 14:18:19.179968,2026-04-09 14:18:53.834216,0 days 00:00:34.654248,405.0,2.0,122.8,156.0,0.37,COMPLETE
12613,0.6875,2026-04-09 14:18:53.852299,2026-04-09 14:19:01.297900,0 days 00:00:07.445601,385.0,2.0,116.1,154.6,0.45,COMPLETE
12614,0.6875,2026-04-09 14:19:01.319148,2026-04-09 14:19:07.993674,0 days 00:00:06.674526,453.0,1.0,116.8,153.3,0.0,COMPLETE
12615,0.825,2026-04-09 14:19:08.012811,2026-04-09 14:19:42.210811,0 days 00:00:34.198000,384.0,2.0,118.3,154.9,0.23,COMPLETE
12616,0.6875,2026-04-09 14:19:42.231450,2026-04-09 14:19:49.132099,0 days 00:00:06.900649,452.0,2.0,115.4,156.6,0.27,COMPLETE
12617,0.6875,2026-04-09 14:19:49.151615,2026-04-09 14:19:55.978156,0 days 00:00:06.826541,423.0,1.0,115.0,153.9,0.24,COMPLETE
12618,0.825,2026-04-09 14:19:55.997777,2026-04-09 14:20:30.339833,0 days 00:00:34.342056,352.0,1.0,118.4,155.8,0.01,COMPLETE
12619,0.6875,2026-04-09 14:20:30.359544,2026-04-09 14:20:36.903177,0 days 00:00:06.543633,339.0,1.0,117.5,156.0,0.19,COMPLETE
12620,0.6875,2026-04-09 14:20:36.921838,2026-04-09 14:20:43.816522,0 days 00:00:06.894684,380.0,1.0,114.8,152.1,0.0,COMPLETE
12621,0.6875,2026-04-09 14:20:43.836776,2026-04-09 14:20:50.748257,0 days 00:00:06.911481,453.0,1.0,119.8,152.1,0.31,COMPLETE
12622,0.6875,2026-04-09 14:20:50.765898,2026-04-09 14:20:58.094270,0 days 00:00:07.328372,234.0,3.0,121.7,156.2,1.6,COMPLETE
12623,0.6875,2026-04-09 14:20:58.114372,2026-04-09 14:21:05.072040,0 days 00:00:06.957668,365.0,1.0,117.0,153.9,0.19,COMPLETE
12624,0.6875,2026-04-09 14:21:05.088717,2026-04-09 14:21:12.491749,0 days 00:00:07.403032,232.0,3.0,124.1,156.1,0.36,COMPLETE
12625,0.0,2026-04-09 14:21:12.511396,2026-04-09 14:21:19.846035,0 days 00:00:07.334639,482.0,1.0,115.8,154.8,0.0,COMPLETE
12626,0.825,2026-04-09 14:21:19.863120,2026-04-09 14:21:54.548865,0 days 00:00:34.685745,406.0,1.0,122.6,156.0,0.51,COMPLETE
12627,0.6875,2026-04-09 14:21:54.568926,2026-04-09 14:22:01.561291,0 days 00:00:06.992365,431.0,1.0,117.2,155.7,0.45,COMPLETE
12628,0.6875,2026-04-09 14:22:01.579511,2026-04-09 14:22:08.165446,0 days 00:00:06.585935,417.0,1.0,117.1,157.4,0.23,COMPLETE
12629,0.6875,2026-04-09 14:22:08.184177,2026-04-09 14:22:14.836348,0 days 00:00:06.652171,479.0,1.0,116.8,154.9,0.58,COMPLETE
12630,0.6875,2026-04-09 14:22:14.857669,2026-04-09 14:22:21.649544,0 days 00:00:06.791875,482.0,3.0,118.5,158.6,1.6,COMPLETE
12631,0.6875,2026-04-09 14:22:21.668321,2026-04-09 14:22:29.263637,0 days 00:00:07.595316,250.0,1.0,124.5,155.6,0.0,COMPLETE
12632,0.6875,2026-04-09 14:22:29.283391,2026-04-09 14:22:36.629175,0 days 00:00:07.345784,498.0,2.0,116.2,153.3,0.86,COMPLETE
12633,0.6875,2026-04-09 14:22:36.646916,2026-04-09 14:22:44.002455,0 days 00:00:07.355539,186.0,2.0,114.0,153.7,0.15,COMPLETE
12634,0.6875,2026-04-09 14:22:44.022013,2026-04-09 14:22:50.950066,0 days 00:00:06.928053,425.0,1.0,119.4,153.4,0.63,COMPLETE
12635,0.6875,2026-04-09 14:22:50.967419,2026-04-09 14:22:57.998330,0 days 00:00:07.030911,435.0,1.0,113.0,153.7,0.0,COMPLETE
12636,0.6875,2026-04-09 14:22:58.019077,2026-04-09 14:23:05.538890,0 days 00:00:07.519813,380.0,1.0,123.2,154.6,0.54,COMPLETE
12637,0.671875,2026-04-09 14:23:05.557614,2026-04-09 14:23:12.254520,0 days 00:00:06.696906,480.0,2.0,122.1,152.1,0.33,COMPLETE
12638,0.6875,2026-04-09 14:23:12.274295,2026-04-09 14:23:19.361381,0 days 00:00:07.087086,479.0,1.0,118.9,158.2,0.01,COMPLETE
12639,0.6875,2026-04-09 14:23:19.379397,2026-04-09 14:23:26.255735,0 days 00:00:06.876338,432.0,3.0,116.0,154.5,0.0,COMPLETE
12640,0.6875,2026-04-09 14:23:26.276779,2026-04-09 14:23:32.744550,0 days 00:00:06.467771,426.0,1.0,115.1,154.4,0.27,COMPLETE
12641,0.825,2026-04-09 14:23:32.763569,2026-04-09 14:24:07.702676,0 days 00:00:34.939107,257.0,2.0,122.5,157.5,0.0,COMPLETE
12642,0.6875,2026-04-09 14:24:07.722684,2026-04-09 14:24:15.295134,0 days 00:00:07.572450,418.0,2.0,116.4,153.3,0.21,COMPLETE
12643,0.6875,2026-04-09 14:24:15.311315,2026-04-09 14:24:22.200937,0 days 00:00:06.889622,421.0,2.0,116.6,149.5,1.06,COMPLETE
12644,0.6875,2026-04-09 14:24:22.220505,2026-04-09 14:24:29.599252,0 days 00:00:07.378747,416.0,1.0,116.2,157.0,0.0,COMPLETE
12645,0.6875,2026-04-09 14:24:29.616856,2026-04-09 14:24:36.384653,0 days 00:00:06.767797,386.0,2.0,114.8,155.4,0.01,COMPLETE
12646,0.6875,2026-04-09 14:24:36.404098,2026-04-09 14:24:43.585160,0 days 00:00:07.181062,412.0,3.0,119.9,153.2,1.98,COMPLETE
12647,0.6875,2026-04-09 14:24:43.602489,2026-04-09 14:24:50.571831,0 days 00:00:06.969342,381.0,1.0,124.3,152.9,0.25,COMPLETE
12648,0.6875,2026-04-09 14:24:50.590853,2026-04-09 14:24:57.915672,0 days 00:00:07.324819,399.0,1.0,117.2,151.7,0.0,COMPLETE
12649,0.6875,2026-04-09 14:24:57.932605,2026-04-09 14:25:04.890610,0 days 00:00:06.958005,335.0,2.0,116.8,153.5,0.23,COMPLETE
12650,0.6875,2026-04-09 14:25:04.908410,2026-04-09 14:25:11.498464,0 days 00:00:06.590054,421.0,1.0,116.6,154.5,0.28,COMPLETE
12651,0.6875,2026-04-09 14:25:11.517356,2026-04-09 14:25:18.234318,0 days 00:00:06.716962,456.0,1.0,115.2,155.0,0.24,COMPLETE
12652,0.6875,2026-04-09 14:25:18.251706,2026-04-09 14:25:24.752575,0 days 00:00:06.500869,410.0,1.0,115.0,155.3,0.0,COMPLETE
12653,0.6875,2026-04-09 14:25:24.771341,2026-04-09 14:25:31.599027,0 days 00:00:06.827686,384.0,1.0,117.4,154.2,0.49,COMPLETE
12654,0.6875,2026-04-09 14:25:31.616858,2026-04-09 14:25:38.374132,0 days 00:00:06.757274,425.0,2.0,116.3,152.5,0.01,COMPLETE
12655,0.6875,2026-04-09 14:25:38.393850,2026-04-09 14:25:45.332764,0 days 00:00:06.938914,451.0,1.0,116.5,156.8,0.54,COMPLETE
12656,0.6875,2026-04-09 14:25:45.350027,2026-04-09 14:25:53.050674,0 days 00:00:07.700647,174.0,2.0,114.0,160.0,1.8900000000000001,COMPLETE
12657,0.6875,2026-04-09 14:25:53.070105,2026-04-09 14:25:59.983550,0 days 00:00:06.913445,376.0,1.0,114.3,159.5,0.0,COMPLETE
12658,0.6875,2026-04-09 14:26:00.001838,2026-04-09 14:26:06.819600,0 days 00:00:06.817762,353.0,1.0,116.7,157.0,0.23,COMPLETE
12659,0.6875,2026-04-09 14:26:06.839072,2026-04-09 14:26:14.505266,0 days 00:00:07.666194,254.0,2.0,124.2,153.9,0.43,COMPLETE
12660,0.825,2026-04-09 14:26:14.524663,2026-04-09 14:26:48.964855,0 days 00:00:34.440192,436.0,1.0,119.4,155.5,0.0,COMPLETE
12661,0.6875,2026-04-09 14:26:48.984176,2026-04-09 14:26:56.305977,0 days 00:00:07.321801,390.0,1.0,113.6,152.6,0.51,COMPLETE
12662,0.6875,2026-04-09 14:26:56.325638,2026-04-09 14:27:04.870560,0 days 00:00:08.544922,241.0,3.0,126.3,160.0,1.76,COMPLETE
12663,0.6875,2026-04-09 14:27:04.890603,2026-04-09 14:27:12.400858,0 days 00:00:07.510255,259.0,2.0,118.4,157.2,0.42,COMPLETE
12664,0.6875,2026-04-09 14:27:12.418573,2026-04-09 14:27:19.266903,0 days 00:00:06.848330,456.0,1.0,115.7,158.2,0.18,COMPLETE
12665,0.825,2026-04-09 14:27:19.288021,2026-04-09 14:27:53.722127,0 days 00:00:34.434106,274.0,1.0,120.3,156.7,0.05,COMPLETE
12666,0.6875,2026-04-09 14:27:53.739053,2026-04-09 14:28:00.667952,0 days 00:00:06.928899,484.0,1.0,115.3,156.7,0.0,COMPLETE
12667,0.6875,2026-04-09 14:28:00.686478,2026-04-09 14:28:07.258518,0 days 00:00:06.572040,448.0,2.0,115.7,155.0,0.25,COMPLETE
12668,0.6875,2026-04-09 14:28:07.275954,2026-04-09 14:28:14.349011,0 days 00:00:07.073057,485.0,2.0,120.5,159.3,1.8900000000000001,COMPLETE
12669,0.671875,2026-04-09 14:28:14.368872,2026-04-09 14:28:21.974400,0 days 00:00:07.605528,395.0,1.0,116.3,151.8,0.0,COMPLETE
12670,0.6875,2026-04-09 14:28:21.991708,2026-04-09 14:28:29.410316,0 days 00:00:07.418608,329.0,2.0,123.8,153.1,0.31,COMPLETE
12671,0.6875,2026-04-09 14:28:29.429863,2026-04-09 14:28:36.902736,0 days 00:00:07.472873,401.0,1.0,114.6,156.4,0.22,COMPLETE
12672,0.6875,2026-04-09 14:28:36.919727,2026-04-09 14:28:44.028010,0 days 00:00:07.108283,345.0,2.0,121.3,155.0,0.16,COMPLETE
12673,0.6875,2026-04-09 14:28:44.047631,2026-04-09 14:28:50.958033,0 days 00:00:06.910402,499.0,1.0,116.2,153.8,0.39,COMPLETE
12674,0.6875,2026-04-09 14:28:50.975646,2026-04-09 14:28:57.659099,0 days 00:00:06.683453,457.0,1.0,114.4,152.0,0.58,COMPLETE
12675,0.671875,2026-04-09 14:28:57.678151,2026-04-09 14:29:05.239938,0 days 00:00:07.561787,388.0,2.0,122.7,154.8,0.21,COMPLETE
12676,0.6875,2026-04-09 14:29:05.258815,2026-04-09 14:29:12.505865,0 days 00:00:07.247050,435.0,1.0,114.6,154.9,0.0,COMPLETE
12677,0.6875,2026-04-09 14:29:12.525477,2026-04-09 14:29:20.463799,0 days 00:00:07.938322,235.0,1.0,123.7,151.4,0.85,COMPLETE
12678,0.825,2026-04-09 14:29:20.481939,2026-04-09 14:29:54.845438,0 days 00:00:34.363499,439.0,1.0,118.6,154.7,0.0,COMPLETE
12679,0.825,2026-04-09 14:29:54.864944,2026-04-09 14:30:28.889583,0 days 00:00:34.024639,399.0,1.0,118.6,156.5,0.35000000000000003,COMPLETE
12680,0.825,2026-04-09 14:30:28.909400,2026-04-09 14:31:03.185972,0 days 00:00:34.276572,454.0,2.0,123.3,155.8,0.27,COMPLETE
12681,0.825,2026-04-09 14:31:03.204144,2026-04-09 14:31:37.481773,0 days 00:00:34.277629,403.0,1.0,117.9,155.5,0.44,COMPLETE
12682,0.825,2026-04-09 14:31:37.501136,2026-04-09 14:32:11.783449,0 days 00:00:34.282313,359.0,1.0,118.6,152.7,0.0,COMPLETE
12683,0.6875,2026-04-09 14:32:11.802276,2026-04-09 14:32:19.072471,0 days 00:00:07.270195,491.0,1.0,124.2,152.8,1.03,COMPLETE
12684,0.6875,2026-04-09 14:32:19.089207,2026-04-09 14:32:27.015136,0 days 00:00:07.925929,368.0,1.0,114.4,155.4,0.38,COMPLETE
12685,0.825,2026-04-09 14:32:27.034030,2026-04-09 14:33:01.985541,0 days 00:00:34.951511,402.0,1.0,123.4,154.7,0.28,COMPLETE
12686,0.6875,2026-04-09 14:33:02.005568,2026-04-09 14:33:09.235995,0 days 00:00:07.230427,302.0,2.0,121.1,155.9,0.5,COMPLETE
12687,0.825,2026-04-09 14:33:09.255687,2026-04-09 14:33:43.440309,0 days 00:00:34.184622,490.0,2.0,121.3,153.0,0.03,COMPLETE
