number,value,datetime_start,datetime_complete,duration,params_voltage,params_width,params_x,params_y,params_z,state
6607,0.6875,2026-04-06 19:23:18.747955,2026-04-06 19:23:25.354007,0 days 00:00:06.606052,233.0,2.0,121.7,152.4,0.23,COMPLETE
6608,0.825,2026-04-06 19:23:25.370233,2026-04-06 19:23:59.301004,0 days 00:00:33.930771,252.0,2.0,123.3,153.3,0.05,COMPLETE
6609,0.6875,2026-04-06 19:23:59.317405,2026-04-06 19:24:06.265664,0 days 00:00:06.948259,211.0,2.0,123.4,155.7,0.65,COMPLETE
6610,0.825,2026-04-06 19:24:06.279511,2026-04-06 19:24:40.270300,0 days 00:00:33.990789,345.0,2.0,121.3,155.3,0.01,COMPLETE
6611,0.6875,2026-04-06 19:24:40.286731,2026-04-06 19:24:47.003735,0 days 00:00:06.717004,333.0,3.0,121.5,154.2,0.12,COMPLETE
6612,0.6875,2026-04-06 19:24:47.020300,2026-04-06 19:24:53.472300,0 days 00:00:06.452000,322.0,2.0,121.4,155.2,0.38,COMPLETE
6613,0.6875,2026-04-06 19:24:53.484220,2026-04-06 19:25:00.159349,0 days 00:00:06.675129,322.0,2.0,121.3,152.7,0.26,COMPLETE
6614,0.825,2026-04-06 19:25:00.176325,2026-04-06 19:25:34.280636,0 days 00:00:34.104311,355.0,1.0,119.7,156.8,0.22,COMPLETE
6615,0.825,2026-04-06 19:25:34.296272,2026-04-06 19:26:08.587822,0 days 00:00:34.291550,215.0,2.0,122.5,157.2,0.23,COMPLETE
6616,0.6875,2026-04-06 19:26:08.602430,2026-04-06 19:26:15.635219,0 days 00:00:07.032789,242.0,2.0,119.3,153.6,0.08,COMPLETE
6617,0.6875,2026-04-06 19:26:15.650615,2026-04-06 19:26:22.546813,0 days 00:00:06.896198,231.0,2.0,123.4,155.4,0.37,COMPLETE
6618,0.825,2026-04-06 19:26:22.560331,2026-04-06 19:26:56.469873,0 days 00:00:33.909542,262.0,2.0,122.7,156.2,0.22,COMPLETE
6619,0.6875,2026-04-06 19:26:56.485805,2026-04-06 19:27:03.349291,0 days 00:00:06.863486,302.0,2.0,123.7,153.3,0.25,COMPLETE
6620,0.6875,2026-04-06 19:27:03.362316,2026-04-06 19:27:10.278620,0 days 00:00:06.916304,397.0,2.0,118.0,154.0,0.0,COMPLETE
6621,0.6875,2026-04-06 19:27:10.292885,2026-04-06 19:27:17.176590,0 days 00:00:06.883705,389.0,2.0,123.2,153.5,0.45,COMPLETE
6622,0.825,2026-04-06 19:27:17.192570,2026-04-06 19:27:51.498702,0 days 00:00:34.306132,270.0,2.0,123.0,155.9,0.2,COMPLETE
6623,0.6875,2026-04-06 19:27:51.512717,2026-04-06 19:27:58.568409,0 days 00:00:07.055692,444.0,1.0,116.7,154.9,0.5700000000000001,COMPLETE
6624,0.6875,2026-04-06 19:27:58.584361,2026-04-06 19:28:05.755724,0 days 00:00:07.171363,261.0,2.0,121.0,157.9,0.14,COMPLETE
6625,0.825,2026-04-06 19:28:05.772229,2026-04-06 19:28:39.904684,0 days 00:00:34.132455,277.0,2.0,124.4,154.5,0.3,COMPLETE
6626,0.6875,2026-04-06 19:28:39.922421,2026-04-06 19:28:46.752110,0 days 00:00:06.829689,215.0,2.0,123.2,155.9,0.13,COMPLETE
6627,0.825,2026-04-06 19:28:46.768900,2026-04-06 19:29:20.838655,0 days 00:00:34.069755,284.0,2.0,120.5,156.6,0.2,COMPLETE
6628,0.6875,2026-04-06 19:29:20.855395,2026-04-06 19:29:27.795261,0 days 00:00:06.939866,356.0,1.0,121.1,154.0,0.02,COMPLETE
6629,0.6875,2026-04-06 19:29:27.811581,2026-04-06 19:29:34.555979,0 days 00:00:06.744398,263.0,2.0,120.7,153.0,0.03,COMPLETE
6630,0.825,2026-04-06 19:29:34.572240,2026-04-06 19:30:08.445291,0 days 00:00:33.873051,430.0,2.0,118.5,153.7,0.39,COMPLETE
6631,0.6875,2026-04-06 19:30:08.461805,2026-04-06 19:30:15.662707,0 days 00:00:07.200902,287.0,2.0,123.9,154.7,0.23,COMPLETE
6632,0.6875,2026-04-06 19:30:15.676100,2026-04-06 19:30:22.414402,0 days 00:00:06.738302,285.0,3.0,119.9,153.6,0.12,COMPLETE
6633,0.6875,2026-04-06 19:30:22.430635,2026-04-06 19:30:28.912590,0 days 00:00:06.481955,293.0,2.0,120.9,154.3,0.05,COMPLETE
6634,0.6875,2026-04-06 19:30:28.925568,2026-04-06 19:30:36.187367,0 days 00:00:07.261799,279.0,2.0,114.4,152.9,0.04,COMPLETE
6635,0.6875,2026-04-06 19:30:36.204200,2026-04-06 19:30:43.485431,0 days 00:00:07.281231,313.0,2.0,123.0,154.9,0.1,COMPLETE
6636,0.6875,2026-04-06 19:30:43.502094,2026-04-06 19:30:50.240303,0 days 00:00:06.738209,339.0,2.0,121.5,154.2,0.01,COMPLETE
6637,0.6875,2026-04-06 19:30:50.257334,2026-04-06 19:30:56.990972,0 days 00:00:06.733638,243.0,2.0,122.3,156.0,0.07,COMPLETE
6638,0.825,2026-04-06 19:30:57.007024,2026-04-06 19:31:30.890698,0 days 00:00:33.883674,286.0,3.0,121.6,156.0,0.14,COMPLETE
6639,0.825,2026-04-06 19:31:30.906656,2026-04-06 19:32:04.937079,0 days 00:00:34.030423,331.0,2.0,118.8,154.5,0.03,COMPLETE
6640,0.6875,2026-04-06 19:32:04.953319,2026-04-06 19:32:11.840822,0 days 00:00:06.887503,448.0,2.0,121.7,154.1,0.48,COMPLETE
6641,0.6875,2026-04-06 19:32:11.854224,2026-04-06 19:32:19.184189,0 days 00:00:07.329965,216.0,2.0,125.7,154.2,0.06,COMPLETE
6642,0.6875,2026-04-06 19:32:19.201303,2026-04-06 19:32:25.838567,0 days 00:00:06.637264,288.0,2.0,124.6,152.3,0.28,COMPLETE
6643,0.6875,2026-04-06 19:32:25.853544,2026-04-06 19:32:32.609653,0 days 00:00:06.756109,411.0,1.0,122.5,153.8,0.28,COMPLETE
6644,0.6875,2026-04-06 19:32:32.626995,2026-04-06 19:32:39.389657,0 days 00:00:06.762662,459.0,2.0,127.0,154.9,0.21,COMPLETE
6645,0.6875,2026-04-06 19:32:39.405467,2026-04-06 19:32:46.916682,0 days 00:00:07.511215,496.0,3.0,116.4,153.3,0.27,COMPLETE
6646,0.6875,2026-04-06 19:32:46.933384,2026-04-06 19:32:53.737803,0 days 00:00:06.804419,497.0,2.0,120.8,154.9,0.31,COMPLETE
6647,0.825,2026-04-06 19:32:53.754508,2026-04-06 19:33:28.123263,0 days 00:00:34.368755,415.0,1.0,123.5,155.3,0.15,COMPLETE
6648,0.6875,2026-04-06 19:33:28.139957,2026-04-06 19:33:35.410257,0 days 00:00:07.270300,356.0,1.0,118.3,158.4,0.18,COMPLETE
6649,0.6875,2026-04-06 19:33:35.426618,2026-04-06 19:33:42.554794,0 days 00:00:07.128176,292.0,3.0,122.5,154.6,0.11,COMPLETE
6650,0.6875,2026-04-06 19:33:42.571726,2026-04-06 19:33:49.099797,0 days 00:00:06.528071,308.0,2.0,121.6,153.1,0.46,COMPLETE
6651,0.825,2026-04-06 19:33:49.116815,2026-04-06 19:34:24.155880,0 days 00:00:35.039065,266.0,2.0,123.3,155.8,0.06,COMPLETE
6652,0.0,2026-04-06 19:34:24.171968,2026-04-06 19:34:31.564226,0 days 00:00:07.392258,367.0,2.0,115.7,154.2,0.0,COMPLETE
6653,0.825,2026-04-06 19:34:31.581124,2026-04-06 19:35:05.929298,0 days 00:00:34.348174,319.0,2.0,123.3,155.9,0.07,COMPLETE
6654,0.6875,2026-04-06 19:35:05.945825,2026-04-06 19:35:12.618465,0 days 00:00:06.672640,338.0,2.0,122.0,154.1,0.0,COMPLETE
6655,0.6875,2026-04-06 19:35:12.635400,2026-04-06 19:35:19.426028,0 days 00:00:06.790628,226.0,2.0,120.5,155.3,0.03,COMPLETE
6656,0.6875,2026-04-06 19:35:19.439567,2026-04-06 19:35:26.173129,0 days 00:00:06.733562,308.0,2.0,123.0,151.8,0.16,COMPLETE
6657,0.6875,2026-04-06 19:35:26.189360,2026-04-06 19:35:33.100520,0 days 00:00:06.911160,231.0,2.0,125.9,152.5,0.04,COMPLETE
6658,0.671875,2026-04-06 19:35:33.116274,2026-04-06 19:35:40.042373,0 days 00:00:06.926099,240.0,2.0,121.5,155.9,0.12,COMPLETE
6659,0.6875,2026-04-06 19:35:40.059349,2026-04-06 19:35:47.274432,0 days 00:00:07.215083,446.0,1.0,114.7,152.0,0.32,COMPLETE
6660,0.6875,2026-04-06 19:35:47.291001,2026-04-06 19:35:54.021711,0 days 00:00:06.730710,450.0,1.0,116.4,153.7,0.51,COMPLETE
6661,0.825,2026-04-06 19:35:54.035276,2026-04-06 19:36:28.373473,0 days 00:00:34.338197,353.0,1.0,119.5,153.2,0.18,COMPLETE
6662,0.825,2026-04-06 19:36:28.390498,2026-04-06 19:37:02.920292,0 days 00:00:34.529794,280.0,2.0,121.9,157.1,0.25,COMPLETE
6663,0.825,2026-04-06 19:37:02.936988,2026-04-06 19:37:36.976620,0 days 00:00:34.039632,497.0,2.0,124.3,155.7,0.35000000000000003,COMPLETE
6664,0.6875,2026-04-06 19:37:36.993529,2026-04-06 19:37:44.696691,0 days 00:00:07.703162,376.0,1.0,116.4,151.8,0.42,COMPLETE
6665,0.825,2026-04-06 19:37:44.712973,2026-04-06 19:38:19.210976,0 days 00:00:34.498003,346.0,2.0,122.9,153.4,0.09,COMPLETE
6666,0.825,2026-04-06 19:38:19.227442,2026-04-06 19:38:53.779311,0 days 00:00:34.551869,201.0,2.0,119.2,155.9,0.2,COMPLETE
6667,0.6875,2026-04-06 19:38:53.796272,2026-04-06 19:39:00.462110,0 days 00:00:06.665838,303.0,2.0,120.6,155.8,0.18,COMPLETE
6668,0.6875,2026-04-06 19:39:00.476576,2026-04-06 19:39:07.069877,0 days 00:00:06.593301,265.0,2.0,119.9,154.7,0.22,COMPLETE
6669,0.6875,2026-04-06 19:39:07.086587,2026-04-06 19:39:13.860460,0 days 00:00:06.773873,310.0,2.0,122.5,154.2,0.0,COMPLETE
6670,0.825,2026-04-06 19:39:13.873604,2026-04-06 19:39:47.772504,0 days 00:00:33.898900,383.0,1.0,122.3,157.2,0.22,COMPLETE
6671,0.825,2026-04-06 19:39:47.789347,2026-04-06 19:40:03.268582,0 days 00:00:15.479235,350.0,2.0,116.4,151.8,0.06,COMPLETE
6672,0.6875,2026-04-06 19:40:03.283034,2026-04-06 19:40:10.821924,0 days 00:00:07.538890,281.0,2.0,122.7,154.3,0.41000000000000003,COMPLETE
6673,0.6875,2026-04-06 19:40:10.838128,2026-04-06 19:40:17.611851,0 days 00:00:06.773723,290.0,2.0,119.9,153.9,0.35000000000000003,COMPLETE
6674,0.6875,2026-04-06 19:40:17.626088,2026-04-06 19:40:24.744517,0 days 00:00:07.118429,373.0,2.0,114.0,152.6,0.0,COMPLETE
6675,0.6875,2026-04-06 19:40:24.760520,2026-04-06 19:40:32.295755,0 days 00:00:07.535235,301.0,2.0,121.4,153.2,0.11,COMPLETE
6676,0.6875,2026-04-06 19:40:32.309319,2026-04-06 19:40:39.260532,0 days 00:00:06.951213,423.0,1.0,116.7,152.0,0.29,COMPLETE
6677,0.825,2026-04-06 19:40:39.276395,2026-04-06 19:41:13.550444,0 days 00:00:34.274049,384.0,1.0,120.9,155.8,0.07,COMPLETE
6678,0.6875,2026-04-06 19:41:13.567126,2026-04-06 19:41:20.853993,0 days 00:00:07.286867,208.0,2.0,120.4,154.4,0.15,COMPLETE
6679,0.6875,2026-04-06 19:41:20.867320,2026-04-06 19:41:27.785239,0 days 00:00:06.917919,232.0,2.0,123.7,157.4,0.1,COMPLETE
6681,0.825,2026-04-06 19:43:00.063404,2026-04-06 19:43:34.339426,0 days 00:00:34.276022,351.0,2.0,119.7,156.2,0.04,COMPLETE
6682,0.825,2026-04-06 19:43:34.355370,2026-04-06 19:44:08.393580,0 days 00:00:34.038210,413.0,1.0,119.9,152.6,0.01,COMPLETE
6683,0.6875,2026-04-06 19:44:08.409896,2026-04-06 19:44:15.596932,0 days 00:00:07.187036,390.0,1.0,116.6,157.5,0.3,COMPLETE
6684,0.825,2026-04-06 19:44:15.611962,2026-04-06 19:44:50.098729,0 days 00:00:34.486767,416.0,2.0,121.7,154.7,0.09,COMPLETE
6685,0.6875,2026-04-06 19:44:50.117871,2026-04-06 19:44:56.793816,0 days 00:00:06.675945,363.0,1.0,121.5,155.7,0.56,COMPLETE
6686,0.6875,2026-04-06 19:44:56.810463,2026-04-06 19:45:03.713888,0 days 00:00:06.903425,293.0,2.0,121.5,153.9,0.02,COMPLETE
6687,0.6875,2026-04-06 19:45:03.728357,2026-04-06 19:45:10.321664,0 days 00:00:06.593307,266.0,2.0,120.8,154.9,0.63,COMPLETE
6688,0.6875,2026-04-06 19:45:10.338491,2026-04-06 19:45:16.904079,0 days 00:00:06.565588,257.0,3.0,121.8,154.4,0.26,COMPLETE
6689,0.6875,2026-04-06 19:45:16.917612,2026-04-06 19:45:23.742688,0 days 00:00:06.825076,214.0,2.0,121.8,155.6,0.62,COMPLETE
6690,0.6875,2026-04-06 19:45:23.756959,2026-04-06 19:45:30.688985,0 days 00:00:06.932026,423.0,1.0,117.4,153.4,0.56,COMPLETE
6691,0.6875,2026-04-06 19:45:30.701815,2026-04-06 19:45:38.189123,0 days 00:00:07.487308,228.0,2.0,122.5,154.2,0.54,COMPLETE
6692,0.671875,2026-04-06 19:45:38.205916,2026-04-06 19:45:45.120971,0 days 00:00:06.915055,372.0,2.0,126.2,157.0,0.01,COMPLETE
6693,0.825,2026-04-06 19:45:45.138373,2026-04-06 19:46:19.969575,0 days 00:00:34.831202,305.0,1.0,118.7,156.8,0.0,COMPLETE
6694,0.6875,2026-04-06 19:46:19.983168,2026-04-06 19:46:26.979476,0 days 00:00:06.996308,463.0,1.0,116.4,153.2,0.67,COMPLETE
6695,0.6875,2026-04-06 19:46:26.995201,2026-04-06 19:46:34.877292,0 days 00:00:07.882091,285.0,2.0,126.3,155.2,0.0,COMPLETE
6696,0.825,2026-04-06 19:46:34.894357,2026-04-06 19:47:08.861056,0 days 00:00:33.966699,269.0,3.0,122.7,156.1,0.0,COMPLETE
6697,0.6875,2026-04-06 19:47:08.877117,2026-04-06 19:47:15.628070,0 days 00:00:06.750953,181.0,3.0,122.0,155.0,0.02,COMPLETE
6698,0.825,2026-04-06 19:47:15.644266,2026-04-06 19:47:49.582278,0 days 00:00:33.938012,437.0,1.0,120.1,155.1,0.34,COMPLETE
6699,0.825,2026-04-06 19:47:49.600350,2026-04-06 19:48:23.633636,0 days 00:00:34.033286,381.0,1.0,118.7,156.2,0.3,COMPLETE
6700,0.6875,2026-04-06 19:48:23.650038,2026-04-06 19:48:30.696488,0 days 00:00:07.046450,448.0,1.0,114.5,152.9,0.62,COMPLETE
6701,0.6875,2026-04-06 19:48:30.712296,2026-04-06 19:48:38.945382,0 days 00:00:08.233086,221.0,2.0,123.6,155.0,0.28,COMPLETE
6702,0.6875,2026-04-06 19:48:38.960850,2026-04-06 19:48:45.758088,0 days 00:00:06.797238,292.0,2.0,121.4,154.0,0.34,COMPLETE
6703,0.6875,2026-04-06 19:48:45.770230,2026-04-06 19:48:52.450022,0 days 00:00:06.679792,490.0,2.0,123.5,154.9,0.68,COMPLETE
6704,0.6875,2026-04-06 19:48:52.465349,2026-04-06 19:48:59.738832,0 days 00:00:07.273483,360.0,1.0,117.2,152.7,0.38,COMPLETE
6705,0.6875,2026-04-06 19:48:59.754889,2026-04-06 19:49:06.877927,0 days 00:00:07.123038,267.0,2.0,121.6,155.3,0.02,COMPLETE
6706,0.6875,2026-04-06 19:49:06.892478,2026-04-06 19:49:14.024704,0 days 00:00:07.132226,472.0,2.0,115.1,151.9,0.3,COMPLETE
6707,0.671875,2026-04-06 19:49:14.040855,2026-04-06 19:49:20.776617,0 days 00:00:06.735762,412.0,1.0,119.0,151.8,0.06,COMPLETE
6708,0.6875,2026-04-06 19:49:20.790801,2026-04-06 19:49:28.285020,0 days 00:00:07.494219,231.0,2.0,122.4,155.5,0.27,COMPLETE
6709,0.6875,2026-04-06 19:49:28.301477,2026-04-06 19:49:35.709605,0 days 00:00:07.408128,490.0,1.0,114.4,151.4,0.32,COMPLETE
6710,0.6875,2026-04-06 19:49:35.722998,2026-04-06 19:49:42.572127,0 days 00:00:06.849129,415.0,3.0,117.9,150.3,0.01,COMPLETE
6711,0.6875,2026-04-06 19:49:42.588384,2026-04-06 19:49:49.986491,0 days 00:00:07.398107,248.0,2.0,123.1,155.7,0.47000000000000003,COMPLETE
6712,0.6875,2026-04-06 19:49:50.003204,2026-04-06 19:49:57.257396,0 days 00:00:07.254192,494.0,1.0,115.5,152.1,0.29,COMPLETE
6713,0.6875,2026-04-06 19:49:57.271850,2026-04-06 19:50:04.211428,0 days 00:00:06.939578,387.0,1.0,117.7,153.9,0.37,COMPLETE
6714,0.6875,2026-04-06 19:50:04.228819,2026-04-06 19:50:11.051414,0 days 00:00:06.822595,490.0,1.0,121.5,154.1,0.73,COMPLETE
6715,0.6875,2026-04-06 19:50:11.064630,2026-04-06 19:50:17.837530,0 days 00:00:06.772900,426.0,1.0,117.1,154.3,0.48,COMPLETE
6716,0.825,2026-04-06 19:50:17.854804,2026-04-06 19:51:14.231258,0 days 00:00:56.376454,386.0,2.0,124.9,153.9,0.33,COMPLETE
6717,0.825,2026-04-06 19:51:14.247790,2026-04-06 19:51:48.172710,0 days 00:00:33.924920,345.0,2.0,124.8,154.7,0.16,COMPLETE
6718,0.6875,2026-04-06 19:51:48.189643,2026-04-06 19:51:55.170045,0 days 00:00:06.980402,271.0,2.0,122.5,153.2,0.2,COMPLETE
6719,0.6875,2026-04-06 19:51:55.186705,2026-04-06 19:52:01.789746,0 days 00:00:06.603041,286.0,2.0,121.5,155.5,0.01,COMPLETE
6720,0.6875,2026-04-06 19:52:01.803691,2026-04-06 19:52:08.680874,0 days 00:00:06.877183,423.0,1.0,116.1,156.0,0.37,COMPLETE
6721,0.825,2026-04-06 19:52:08.696643,2026-04-06 19:52:42.684364,0 days 00:00:33.987721,397.0,1.0,118.1,153.0,0.0,COMPLETE
6722,0.6875,2026-04-06 19:52:42.700600,2026-04-06 19:52:49.546163,0 days 00:00:06.845563,327.0,1.0,117.3,155.0,0.24,COMPLETE
6723,0.6875,2026-04-06 19:52:49.563198,2026-04-06 19:52:56.177712,0 days 00:00:06.614514,446.0,2.0,117.6,152.6,0.06,COMPLETE
6724,0.6875,2026-04-06 19:52:56.190882,2026-04-06 19:53:02.821683,0 days 00:00:06.630801,397.0,1.0,120.3,154.2,0.14,COMPLETE
6725,0.6875,2026-04-06 19:53:02.838227,2026-04-06 19:53:09.611154,0 days 00:00:06.772927,432.0,1.0,118.3,156.0,0.89,COMPLETE
6726,0.825,2026-04-06 19:53:09.627399,2026-04-06 19:53:44.113945,0 days 00:00:34.486546,414.0,1.0,125.0,154.3,0.13,COMPLETE
6727,0.6875,2026-04-06 19:53:44.127574,2026-04-06 19:53:51.356559,0 days 00:00:07.228985,446.0,2.0,117.6,154.7,0.33,COMPLETE
6728,0.6875,2026-04-06 19:53:51.373081,2026-04-06 19:53:58.051470,0 days 00:00:06.678389,373.0,1.0,117.2,155.9,0.32,COMPLETE
6729,0.6875,2026-04-06 19:53:58.065034,2026-04-06 19:54:05.000600,0 days 00:00:06.935566,409.0,1.0,121.9,152.3,0.38,COMPLETE
6730,0.6875,2026-04-06 19:54:05.017600,2026-04-06 19:54:12.190358,0 days 00:00:07.172758,247.0,2.0,121.8,158.5,0.02,COMPLETE
6731,0.6875,2026-04-06 19:54:12.207229,2026-04-06 19:54:19.458233,0 days 00:00:07.251004,437.0,1.0,114.6,154.8,0.42,COMPLETE
6732,0.825,2026-04-06 19:54:19.473819,2026-04-06 19:54:54.519354,0 days 00:00:35.045535,284.0,2.0,124.4,153.3,0.03,COMPLETE
6733,0.6875,2026-04-06 19:54:54.536141,2026-04-06 19:55:01.490653,0 days 00:00:06.954512,257.0,2.0,118.7,153.1,0.06,COMPLETE
6734,0.825,2026-04-06 19:55:01.503749,2026-04-06 19:55:35.772398,0 days 00:00:34.268649,306.0,2.0,119.8,157.3,0.11,COMPLETE
6735,0.6875,2026-04-06 19:55:35.785968,2026-04-06 19:55:43.063254,0 days 00:00:07.277286,383.0,1.0,117.8,151.0,0.21,COMPLETE
6736,0.6875,2026-04-06 19:55:43.079104,2026-04-06 19:55:50.846600,0 days 00:00:07.767496,307.0,2.0,119.3,160.0,0.19,COMPLETE
6737,0.825,2026-04-06 19:55:50.859499,2026-04-06 19:56:25.198837,0 days 00:00:34.339338,354.0,1.0,118.4,155.0,0.29,COMPLETE
6738,0.6875,2026-04-06 19:56:25.212661,2026-04-06 19:56:32.152293,0 days 00:00:06.939632,275.0,3.0,121.6,154.7,0.0,COMPLETE
6739,0.6875,2026-04-06 19:56:32.168465,2026-04-06 19:56:39.006052,0 days 00:00:06.837587,290.0,2.0,124.8,157.3,0.0,COMPLETE
6740,0.6875,2026-04-06 19:56:39.019293,2026-04-06 19:56:46.842745,0 days 00:00:07.823452,445.0,1.0,113.2,158.7,0.19,COMPLETE
6741,0.6875,2026-04-06 19:56:46.858584,2026-04-06 19:56:54.491647,0 days 00:00:07.633063,236.0,2.0,119.3,157.2,0.39,COMPLETE
6742,0.6875,2026-04-06 19:56:54.505509,2026-04-06 19:57:01.122509,0 days 00:00:06.617000,388.0,1.0,117.1,156.3,0.64,COMPLETE
6743,0.825,2026-04-06 19:57:01.139019,2026-04-06 19:57:35.064272,0 days 00:00:33.925253,489.0,2.0,119.0,156.6,0.32,COMPLETE
6744,0.6875,2026-04-06 19:57:35.080937,2026-04-06 19:57:42.133331,0 days 00:00:07.052394,339.0,1.0,118.4,151.9,0.0,COMPLETE
6745,0.6875,2026-04-06 19:57:42.146308,2026-04-06 19:57:49.057325,0 days 00:00:06.911017,394.0,1.0,116.5,156.9,0.55,COMPLETE
6746,0.6875,2026-04-06 19:57:49.074908,2026-04-06 19:57:55.754452,0 days 00:00:06.679544,349.0,2.0,117.2,152.9,0.32,COMPLETE
6747,0.6875,2026-04-06 19:57:55.767657,2026-04-06 19:58:03.229730,0 days 00:00:07.462073,203.0,2.0,122.3,154.6,0.37,COMPLETE
6748,0.6875,2026-04-06 19:58:03.246069,2026-04-06 19:58:09.828631,0 days 00:00:06.582562,254.0,2.0,121.9,153.3,0.33,COMPLETE
6749,0.6875,2026-04-06 19:58:09.841868,2026-04-06 19:58:16.499911,0 days 00:00:06.658043,282.0,2.0,122.3,155.0,0.1,COMPLETE
6750,0.825,2026-04-06 19:58:16.516817,2026-04-06 19:58:50.542773,0 days 00:00:34.025956,422.0,1.0,124.5,154.0,0.43,COMPLETE
6751,0.6875,2026-04-06 19:58:50.560351,2026-04-06 19:58:57.696322,0 days 00:00:07.135971,247.0,2.0,120.0,155.7,0.02,COMPLETE
6752,0.825,2026-04-06 19:58:57.712774,2026-04-06 19:59:31.525400,0 days 00:00:33.812626,456.0,2.0,121.1,156.1,0.58,COMPLETE
6753,0.6875,2026-04-06 19:59:31.539684,2026-04-06 19:59:38.244411,0 days 00:00:06.704727,414.0,1.0,120.6,154.2,0.35000000000000003,COMPLETE
6754,0.6875,2026-04-06 19:59:38.260531,2026-04-06 19:59:45.361837,0 days 00:00:07.101306,492.0,2.0,114.0,155.1,0.46,COMPLETE
6755,0.671875,2026-04-06 19:59:45.379030,2026-04-06 19:59:53.002792,0 days 00:00:07.623762,227.0,2.0,121.2,155.2,0.04,COMPLETE
6756,0.6875,2026-04-06 19:59:53.021559,2026-04-06 20:00:00.260412,0 days 00:00:07.238853,477.0,1.0,114.1,151.2,0.04,COMPLETE
6757,0.6875,2026-04-06 20:00:00.275030,2026-04-06 20:00:06.979422,0 days 00:00:06.704392,441.0,2.0,115.6,154.2,0.0,COMPLETE
6758,0.6875,2026-04-06 20:00:06.995742,2026-04-06 20:00:15.213659,0 days 00:00:08.217917,166.0,2.0,123.0,158.8,0.0,COMPLETE
6759,0.6875,2026-04-06 20:00:15.227723,2026-04-06 20:00:22.031420,0 days 00:00:06.803697,376.0,2.0,121.5,154.8,0.9400000000000001,COMPLETE
6760,0.6875,2026-04-06 20:00:22.047678,2026-04-06 20:00:28.974871,0 days 00:00:06.927193,276.0,3.0,123.1,152.5,0.13,COMPLETE
6761,0.6875,2026-04-06 20:00:28.991383,2026-04-06 20:00:36.192984,0 days 00:00:07.201601,390.0,2.0,115.6,156.1,0.42,COMPLETE
6762,0.6875,2026-04-06 20:00:36.211412,2026-04-06 20:00:43.276819,0 days 00:00:07.065407,432.0,2.0,118.6,149.9,0.05,COMPLETE
6763,0.6875,2026-04-06 20:00:43.293386,2026-04-06 20:00:50.309840,0 days 00:00:07.016454,308.0,1.0,117.5,154.5,0.0,COMPLETE
6764,0.6875,2026-04-06 20:00:50.324556,2026-04-06 20:00:57.346380,0 days 00:00:07.021824,344.0,2.0,123.1,154.6,0.37,COMPLETE
6765,0.6875,2026-04-06 20:00:57.362813,2026-04-06 20:01:04.281481,0 days 00:00:06.918668,435.0,2.0,123.0,159.3,0.12,COMPLETE
6766,0.6875,2026-04-06 20:01:04.294684,2026-04-06 20:01:11.313833,0 days 00:00:07.019149,500.0,2.0,122.2,154.1,0.58,COMPLETE
6767,0.6875,2026-04-06 20:01:11.330311,2026-04-06 20:01:18.620207,0 days 00:00:07.289896,259.0,2.0,120.6,156.3,0.6,COMPLETE
6768,0.6875,2026-04-06 20:01:18.634766,2026-04-06 20:01:25.891462,0 days 00:00:07.256696,496.0,1.0,113.1,154.5,0.54,COMPLETE
6769,0.6875,2026-04-06 20:01:25.908153,2026-04-06 20:01:32.349727,0 days 00:00:06.441574,446.0,1.0,113.2,153.7,0.27,COMPLETE
6770,0.6875,2026-04-06 20:01:32.365634,2026-04-06 20:01:39.154685,0 days 00:00:06.789051,397.0,1.0,115.3,156.0,0.54,COMPLETE
6771,0.6875,2026-04-06 20:01:39.167991,2026-04-06 20:01:45.871968,0 days 00:00:06.703977,434.0,1.0,118.1,157.6,0.31,COMPLETE
6772,0.825,2026-04-06 20:01:45.887925,2026-04-06 20:01:51.826590,0 days 00:00:05.938665,325.0,3.0,123.6,151.9,0.0,COMPLETE
6773,0.6875,2026-04-06 20:01:51.841008,2026-04-06 20:01:59.419780,0 days 00:00:07.578772,482.0,2.0,115.2,155.0,0.3,COMPLETE
6774,0.825,2026-04-06 20:01:59.433061,2026-04-06 20:02:33.549979,0 days 00:00:34.116918,404.0,1.0,118.6,154.6,0.23,COMPLETE
6775,0.825,2026-04-06 20:02:33.566534,2026-04-06 20:03:07.331295,0 days 00:00:33.764761,360.0,1.0,118.4,155.6,0.64,COMPLETE
6776,0.825,2026-04-06 20:03:07.347759,2026-04-06 20:03:41.638981,0 days 00:00:34.291222,373.0,1.0,122.9,155.2,0.32,COMPLETE
6777,0.6875,2026-04-06 20:03:41.655320,2026-04-06 20:03:49.094337,0 days 00:00:07.439017,437.0,1.0,117.2,151.0,0.03,COMPLETE
6778,0.6875,2026-04-06 20:03:49.107033,2026-04-06 20:03:56.755019,0 days 00:00:07.647986,499.0,2.0,124.8,157.3,0.0,COMPLETE
6779,0.6875,2026-04-06 20:03:56.772414,2026-04-06 20:04:04.309372,0 days 00:00:07.536958,375.0,2.0,118.4,152.2,0.27,COMPLETE
6780,0.825,2026-04-06 20:04:04.325595,2026-04-06 20:04:38.498793,0 days 00:00:34.173198,333.0,3.0,119.1,155.0,0.46,COMPLETE
6781,0.6875,2026-04-06 20:04:38.515319,2026-04-06 20:04:45.336984,0 days 00:00:06.821665,390.0,2.0,116.0,152.6,0.27,COMPLETE
