number,value,datetime_start,datetime_complete,duration,params_voltage,params_width,params_x,params_y,params_z,state
13379,0.825,2026-04-09 17:09:16.866219,2026-04-09 17:09:50.966076,0 days 00:00:34.099857,411.0,1.0,117.8,153.0,0.21,COMPLETE
13380,0.6875,2026-04-09 17:09:50.986527,2026-04-09 17:09:58.270621,0 days 00:00:07.284094,338.0,3.0,120.1,154.5,0.03,COMPLETE
13381,0.6875,2026-04-09 17:09:58.289912,2026-04-09 17:10:05.232252,0 days 00:00:06.942340,282.0,2.0,121.6,155.2,0.45,COMPLETE
13382,0.6875,2026-04-09 17:10:05.251551,2026-04-09 17:10:12.507478,0 days 00:00:07.255927,313.0,1.0,115.1,156.2,0.0,COMPLETE
13383,0.671875,2026-04-09 17:10:12.528625,2026-04-09 17:10:19.423186,0 days 00:00:06.894561,336.0,1.0,118.2,153.4,0.28,COMPLETE
13384,0.6875,2026-04-09 17:10:19.441941,2026-04-09 17:10:26.261658,0 days 00:00:06.819717,423.0,1.0,115.9,150.8,0.36,COMPLETE
13385,0.825,2026-04-09 17:10:26.282598,2026-04-09 17:11:00.618311,0 days 00:00:34.335713,415.0,1.0,119.5,154.8,0.23,COMPLETE
13386,0.6875,2026-04-09 17:11:00.635898,2026-04-09 17:11:07.541116,0 days 00:00:06.905218,498.0,2.0,117.5,154.9,0.01,COMPLETE
13387,0.6875,2026-04-09 17:11:07.560377,2026-04-09 17:11:14.446035,0 days 00:00:06.885658,389.0,1.0,116.8,156.0,0.22,COMPLETE
13388,0.6875,2026-04-09 17:11:14.466123,2026-04-09 17:11:22.280015,0 days 00:00:07.813892,492.0,1.0,126.9,152.4,1.95,COMPLETE
13389,0.6875,2026-04-09 17:11:22.300293,2026-04-09 17:11:30.187831,0 days 00:00:07.887538,431.0,1.0,116.2,155.3,0.48,COMPLETE
13390,0.6875,2026-04-09 17:11:30.206458,2026-04-09 17:11:36.796249,0 days 00:00:06.589791,401.0,1.0,117.2,155.4,0.21,COMPLETE
13391,0.825,2026-04-09 17:11:36.817565,2026-04-09 17:12:11.522605,0 days 00:00:34.705040,314.0,2.0,122.9,154.9,0.0,COMPLETE
13392,0.6875,2026-04-09 17:12:11.541628,2026-04-09 17:12:18.712592,0 days 00:00:07.170964,314.0,2.0,118.5,154.1,0.56,COMPLETE
13393,0.825,2026-04-09 17:12:18.733089,2026-04-09 17:12:52.709510,0 days 00:00:33.976421,500.0,1.0,117.8,153.3,0.0,COMPLETE
13394,0.825,2026-04-09 17:12:52.729419,2026-04-09 17:13:27.006025,0 days 00:00:34.276606,419.0,1.0,118.1,155.9,0.25,COMPLETE
13395,0.6875,2026-04-09 17:13:27.023474,2026-04-09 17:13:34.083517,0 days 00:00:07.060043,469.0,1.0,113.8,153.4,0.22,COMPLETE
13396,0.6875,2026-04-09 17:13:34.103567,2026-04-09 17:13:41.094277,0 days 00:00:06.990710,427.0,1.0,116.7,156.9,0.25,COMPLETE
13397,0.671875,2026-04-09 17:13:41.113718,2026-04-09 17:13:48.548409,0 days 00:00:07.434691,177.0,2.0,120.9,156.5,0.03,COMPLETE
13398,0.6875,2026-04-09 17:13:48.567747,2026-04-09 17:13:55.430506,0 days 00:00:06.862759,380.0,1.0,117.2,155.7,0.23,COMPLETE
13399,0.6875,2026-04-09 17:13:55.449319,2026-04-09 17:14:02.207872,0 days 00:00:06.758553,444.0,1.0,115.4,154.7,0.53,COMPLETE
13400,0.6875,2026-04-09 17:14:02.228066,2026-04-09 17:14:08.845740,0 days 00:00:06.617674,449.0,1.0,116.1,153.9,0.44,COMPLETE
13401,0.6875,2026-04-09 17:14:08.867681,2026-04-09 17:14:16.874476,0 days 00:00:08.006795,214.0,2.0,124.8,154.3,0.48,COMPLETE
13402,0.6875,2026-04-09 17:14:16.890851,2026-04-09 17:14:24.500431,0 days 00:00:07.609580,450.0,2.0,115.5,155.5,0.27,COMPLETE
13403,0.6875,2026-04-09 17:14:24.519609,2026-04-09 17:14:31.402016,0 days 00:00:06.882407,359.0,1.0,116.1,154.5,0.27,COMPLETE
13404,0.6875,2026-04-09 17:14:31.418886,2026-04-09 17:14:38.256803,0 days 00:00:06.837917,407.0,1.0,115.0,152.0,0.54,COMPLETE
13405,0.825,2026-04-09 17:14:38.277717,2026-04-09 17:15:13.247173,0 days 00:00:34.969456,319.0,1.0,122.8,153.4,0.07,COMPLETE
13406,0.6875,2026-04-09 17:15:13.265229,2026-04-09 17:15:20.547943,0 days 00:00:07.282714,446.0,1.0,116.6,152.9,0.22,COMPLETE
13407,0.825,2026-04-09 17:15:20.568981,2026-04-09 17:15:54.734783,0 days 00:00:34.165802,459.0,1.0,119.2,155.7,0.26,COMPLETE
13408,0.6875,2026-04-09 17:15:54.753112,2026-04-09 17:16:02.287234,0 days 00:00:07.534122,242.0,2.0,121.5,153.9,0.03,COMPLETE
13409,0.825,2026-04-09 17:16:02.307453,2026-04-09 17:16:36.738132,0 days 00:00:34.430679,344.0,1.0,117.8,156.8,0.32,COMPLETE
13410,0.6875,2026-04-09 17:16:36.765259,2026-04-09 17:16:43.833589,0 days 00:00:07.068330,405.0,2.0,118.5,152.5,1.42,COMPLETE
13411,0.825,2026-04-09 17:16:43.853187,2026-04-09 17:17:17.930911,0 days 00:00:34.077724,419.0,1.0,116.7,155.1,0.02,COMPLETE
13412,0.6875,2026-04-09 17:17:17.951891,2026-04-09 17:17:24.847224,0 days 00:00:06.895333,429.0,1.0,115.6,154.0,0.21,COMPLETE
13413,0.825,2026-04-09 17:17:24.864440,2026-04-09 17:17:59.656317,0 days 00:00:34.791877,356.0,1.0,121.2,156.2,0.28,COMPLETE
13414,0.6875,2026-04-09 17:17:59.680379,2026-04-09 17:18:06.411312,0 days 00:00:06.730933,397.0,1.0,120.7,155.0,0.49,COMPLETE
13415,0.6875,2026-04-09 17:18:06.428947,2026-04-09 17:18:13.578702,0 days 00:00:07.149755,476.0,3.0,114.8,153.0,0.44,COMPLETE
13416,0.6875,2026-04-09 17:18:13.597019,2026-04-09 17:18:21.778516,0 days 00:00:08.181497,251.0,2.0,124.1,156.9,0.42,COMPLETE
13417,0.6875,2026-04-09 17:18:21.797059,2026-04-09 17:18:29.087565,0 days 00:00:07.290506,150.0,3.0,122.2,155.7,0.16,COMPLETE
13418,0.6875,2026-04-09 17:18:29.108488,2026-04-09 17:18:35.938531,0 days 00:00:06.830043,423.0,2.0,124.8,156.5,0.46,COMPLETE
13419,0.6875,2026-04-09 17:18:35.956385,2026-04-09 17:18:43.840291,0 days 00:00:07.883906,295.0,1.0,117.0,151.5,0.35000000000000003,COMPLETE
13420,0.6875,2026-04-09 17:18:43.861533,2026-04-09 17:18:50.626736,0 days 00:00:06.765203,499.0,2.0,115.6,154.3,0.03,COMPLETE
13421,0.6875,2026-04-09 17:18:50.644796,2026-04-09 17:18:57.174440,0 days 00:00:06.529644,426.0,1.0,115.9,154.5,0.25,COMPLETE
13422,0.671875,2026-04-09 17:18:57.192815,2026-04-09 17:19:03.841289,0 days 00:00:06.648474,368.0,2.0,117.1,155.1,0.02,COMPLETE
13423,0.6875,2026-04-09 17:19:03.860909,2026-04-09 17:19:10.530119,0 days 00:00:06.669210,456.0,1.0,115.8,154.3,0.0,COMPLETE
13424,0.6875,2026-04-09 17:19:10.548943,2026-04-09 17:19:17.348918,0 days 00:00:06.799975,447.0,1.0,116.5,152.0,0.01,COMPLETE
13425,0.6875,2026-04-09 17:19:17.368965,2026-04-09 17:19:24.295231,0 days 00:00:06.926266,500.0,2.0,113.8,155.2,0.55,COMPLETE
13426,0.6875,2026-04-09 17:19:24.315461,2026-04-09 17:19:31.266734,0 days 00:00:06.951273,385.0,1.0,115.3,156.2,0.48,COMPLETE
13427,0.6875,2026-04-09 17:19:31.286672,2026-04-09 17:19:38.361050,0 days 00:00:07.074378,229.0,2.0,116.7,153.1,0.02,COMPLETE
13428,0.6875,2026-04-09 17:19:38.378862,2026-04-09 17:19:45.799286,0 days 00:00:07.420424,372.0,1.0,124.3,154.6,0.99,COMPLETE
13429,0.6875,2026-04-09 17:19:45.819361,2026-04-09 17:19:53.093049,0 days 00:00:07.273688,496.0,1.0,118.6,158.1,0.23,COMPLETE
13430,0.6875,2026-04-09 17:19:53.111288,2026-04-09 17:20:00.461937,0 days 00:00:07.350649,442.0,1.0,113.0,153.4,0.32,COMPLETE
13431,0.825,2026-04-09 17:20:00.481945,2026-04-09 17:20:34.801694,0 days 00:00:34.319749,380.0,1.0,118.1,154.6,0.0,COMPLETE
13432,0.825,2026-04-09 17:20:34.822761,2026-04-09 17:21:09.101299,0 days 00:00:34.278538,237.0,1.0,118.5,155.9,0.11,COMPLETE
13433,0.6875,2026-04-09 17:21:09.121594,2026-04-09 17:21:16.118465,0 days 00:00:06.996871,423.0,2.0,121.6,155.4,0.47000000000000003,COMPLETE
13434,0.6875,2026-04-09 17:21:16.137899,2026-04-09 17:21:23.085187,0 days 00:00:06.947288,239.0,2.0,123.0,156.5,0.26,COMPLETE
13435,0.6875,2026-04-09 17:21:23.104708,2026-04-09 17:21:30.677226,0 days 00:00:07.572518,389.0,1.0,114.5,153.2,0.21,COMPLETE
13436,0.6875,2026-04-09 17:21:30.696712,2026-04-09 17:21:37.720042,0 days 00:00:07.023330,424.0,1.0,119.5,154.1,0.28,COMPLETE
13437,0.6875,2026-04-09 17:21:37.738467,2026-04-09 17:21:45.334317,0 days 00:00:07.595850,284.0,2.0,126.7,156.4,0.14,COMPLETE
13438,0.671875,2026-04-09 17:21:45.353870,2026-04-09 17:21:52.637883,0 days 00:00:07.284013,205.0,2.0,122.1,154.7,0.0,COMPLETE
13439,0.825,2026-04-09 17:21:52.657180,2026-04-09 17:22:00.166685,0 days 00:00:07.509505,402.0,1.0,117.1,154.4,0.01,COMPLETE
13440,0.6875,2026-04-09 17:22:00.186348,2026-04-09 17:22:06.898472,0 days 00:00:06.712124,385.0,1.0,117.5,157.7,0.0,COMPLETE
13441,0.6875,2026-04-09 17:22:06.916466,2026-04-09 17:22:13.530053,0 days 00:00:06.613587,497.0,2.0,116.5,159.2,0.56,COMPLETE
13442,0.6875,2026-04-09 17:22:13.550994,2026-04-09 17:22:20.823866,0 days 00:00:07.272872,387.0,1.0,116.5,152.8,0.01,COMPLETE
13443,0.6875,2026-04-09 17:22:20.842167,2026-04-09 17:22:27.274044,0 days 00:00:06.431877,353.0,2.0,116.8,152.8,0.25,COMPLETE
13444,0.6875,2026-04-09 17:22:27.294931,2026-04-09 17:22:34.197008,0 days 00:00:06.902077,330.0,2.0,118.1,157.8,0.32,COMPLETE
13445,0.6875,2026-04-09 17:22:34.216797,2026-04-09 17:22:41.272237,0 days 00:00:07.055440,378.0,3.0,123.5,154.4,0.48,COMPLETE
13446,0.825,2026-04-09 17:22:41.292712,2026-04-09 17:23:15.290368,0 days 00:00:33.997656,407.0,1.0,124.6,155.2,0.35000000000000003,COMPLETE
13447,0.6875,2026-04-09 17:23:15.312100,2026-04-09 17:23:22.751917,0 days 00:00:07.439817,423.0,1.0,115.9,157.4,0.02,COMPLETE
13448,0.6875,2026-04-09 17:23:22.770991,2026-04-09 17:23:29.309387,0 days 00:00:06.538396,456.0,1.0,115.3,156.1,0.32,COMPLETE
13449,0.825,2026-04-09 17:23:29.331148,2026-04-09 17:24:03.430977,0 days 00:00:34.099829,411.0,2.0,118.5,154.4,0.22,COMPLETE
13450,0.6875,2026-04-09 17:24:03.450269,2026-04-09 17:24:10.506766,0 days 00:00:07.056497,324.0,2.0,121.9,152.5,0.28,COMPLETE
13451,0.6875,2026-04-09 17:24:10.526341,2026-04-09 17:24:17.718462,0 days 00:00:07.192121,342.0,1.0,114.3,153.4,0.24,COMPLETE
13452,0.6875,2026-04-09 17:24:17.736746,2026-04-09 17:24:24.584303,0 days 00:00:06.847557,500.0,1.0,116.8,157.1,0.42,COMPLETE
13453,0.6875,2026-04-09 17:24:24.602298,2026-04-09 17:24:31.734558,0 days 00:00:07.132260,427.0,1.0,117.2,150.1,0.04,COMPLETE
13454,0.6875,2026-04-09 17:24:31.753516,2026-04-09 17:24:38.678382,0 days 00:00:06.924866,395.0,1.0,115.3,155.1,0.37,COMPLETE
13455,0.6875,2026-04-09 17:24:38.696187,2026-04-09 17:24:45.998940,0 days 00:00:07.302753,409.0,1.0,122.1,159.6,0.17,COMPLETE
13456,0.6875,2026-04-09 17:24:46.020666,2026-04-09 17:24:53.232557,0 days 00:00:07.211891,435.0,1.0,116.0,155.4,0.23,COMPLETE
13457,0.6875,2026-04-09 17:24:53.250812,2026-04-09 17:24:59.929921,0 days 00:00:06.679109,472.0,3.0,118.3,154.2,0.39,COMPLETE
13458,0.6875,2026-04-09 17:24:59.950820,2026-04-09 17:25:06.850932,0 days 00:00:06.900112,314.0,1.0,116.0,153.5,0.28,COMPLETE
13459,0.6875,2026-04-09 17:25:06.869114,2026-04-09 17:25:13.344218,0 days 00:00:06.475104,463.0,2.0,115.7,154.3,0.31,COMPLETE
13460,0.6875,2026-04-09 17:25:13.364852,2026-04-09 17:25:20.023877,0 days 00:00:06.659025,453.0,1.0,117.6,155.5,0.45,COMPLETE
13461,0.6875,2026-04-09 17:25:20.041760,2026-04-09 17:25:28.021792,0 days 00:00:07.980032,219.0,3.0,124.2,148.2,1.06,COMPLETE
13462,0.6875,2026-04-09 17:25:28.042209,2026-04-09 17:25:35.355678,0 days 00:00:07.313469,404.0,1.0,124.6,156.7,0.71,COMPLETE
13463,0.825,2026-04-09 17:25:35.373164,2026-04-09 17:26:09.404144,0 days 00:00:34.030980,418.0,1.0,123.3,153.1,0.21,COMPLETE
13464,0.6875,2026-04-09 17:26:09.424148,2026-04-09 17:26:16.632374,0 days 00:00:07.208226,245.0,3.0,123.4,156.4,0.6900000000000001,COMPLETE
13465,0.6875,2026-04-09 17:26:16.652331,2026-04-09 17:26:23.540843,0 days 00:00:06.888512,330.0,1.0,122.3,152.6,0.38,COMPLETE
13466,0.825,2026-04-09 17:26:23.559818,2026-04-09 17:26:57.799343,0 days 00:00:34.239525,380.0,1.0,119.1,155.4,0.0,COMPLETE
13467,0.6875,2026-04-09 17:26:57.820449,2026-04-09 17:27:05.325026,0 days 00:00:07.504577,447.0,1.0,122.5,148.2,0.01,COMPLETE
13468,0.825,2026-04-09 17:27:05.342501,2026-04-09 17:27:40.010845,0 days 00:00:34.668344,413.0,1.0,116.8,154.3,0.0,COMPLETE
13469,0.6875,2026-04-09 17:27:40.034158,2026-04-09 17:27:47.256181,0 days 00:00:07.222023,374.0,1.0,114.6,150.0,0.59,COMPLETE
13470,0.6875,2026-04-09 17:27:47.274750,2026-04-09 17:27:53.870662,0 days 00:00:06.595912,380.0,1.0,114.1,150.6,0.02,COMPLETE
13471,0.6875,2026-04-09 17:27:53.888657,2026-04-09 17:28:01.724104,0 days 00:00:07.835447,260.0,2.0,124.8,153.1,0.72,COMPLETE
13472,0.6875,2026-04-09 17:28:01.741998,2026-04-09 17:28:09.259061,0 days 00:00:07.517063,398.0,2.0,114.7,154.6,0.15,COMPLETE
13473,0.6875,2026-04-09 17:28:09.276207,2026-04-09 17:28:16.375443,0 days 00:00:07.099236,251.0,2.0,119.6,155.7,0.5,COMPLETE
13474,0.6875,2026-04-09 17:28:16.393632,2026-04-09 17:28:23.844780,0 days 00:00:07.451148,233.0,1.0,126.4,152.8,1.98,COMPLETE
13475,0.6875,2026-04-09 17:28:23.863286,2026-04-09 17:28:31.595005,0 days 00:00:07.731719,451.0,1.0,114.8,155.5,0.0,COMPLETE
13476,0.6875,2026-04-09 17:28:31.613987,2026-04-09 17:28:38.208634,0 days 00:00:06.594647,486.0,2.0,113.1,155.8,0.25,COMPLETE
13477,0.6875,2026-04-09 17:28:38.226878,2026-04-09 17:28:45.122012,0 days 00:00:06.895134,383.0,2.0,114.5,152.8,0.0,COMPLETE
13478,0.6875,2026-04-09 17:28:45.142164,2026-04-09 17:28:51.853715,0 days 00:00:06.711551,403.0,1.0,115.7,156.5,0.2,COMPLETE
13479,0.6875,2026-04-09 17:28:51.872287,2026-04-09 17:28:58.389361,0 days 00:00:06.517074,428.0,1.0,115.1,157.7,0.27,COMPLETE
13480,0.6875,2026-04-09 17:28:58.409599,2026-04-09 17:29:05.759246,0 days 00:00:07.349647,449.0,3.0,114.4,149.3,1.79,COMPLETE
13481,0.825,2026-04-09 17:29:05.781037,2026-04-09 17:29:12.115442,0 days 00:00:06.334405,455.0,1.0,125.0,155.6,0.36,COMPLETE
13482,0.6875,2026-04-09 17:29:12.135392,2026-04-09 17:29:19.447394,0 days 00:00:07.312002,450.0,1.0,117.7,153.2,0.28,COMPLETE
13483,0.6875,2026-04-09 17:29:19.465646,2026-04-09 17:29:26.134440,0 days 00:00:06.668794,438.0,1.0,115.1,154.8,0.46,COMPLETE
13484,0.6875,2026-04-09 17:29:26.154447,2026-04-09 17:29:33.495790,0 days 00:00:07.341343,485.0,2.0,123.8,155.8,0.7000000000000001,COMPLETE
13485,0.6875,2026-04-09 17:29:33.514242,2026-04-09 17:29:40.808070,0 days 00:00:07.293828,339.0,1.0,117.4,155.4,0.21,COMPLETE
13486,0.6875,2026-04-09 17:29:40.827511,2026-04-09 17:29:47.848502,0 days 00:00:07.020991,423.0,2.0,116.3,149.3,0.05,COMPLETE
13487,0.6875,2026-04-09 17:29:47.866391,2026-04-09 17:29:54.809125,0 days 00:00:06.942734,500.0,3.0,115.0,154.7,0.09,COMPLETE
13488,0.6875,2026-04-09 17:29:54.828551,2026-04-09 17:30:01.628202,0 days 00:00:06.799651,378.0,2.0,116.8,154.2,0.28,COMPLETE
13489,0.825,2026-04-09 17:30:01.645898,2026-04-09 17:30:35.629139,0 days 00:00:33.983241,368.0,1.0,118.7,155.7,0.51,COMPLETE
13490,0.6875,2026-04-09 17:30:35.649381,2026-04-09 17:30:42.529431,0 days 00:00:06.880050,363.0,2.0,117.2,159.4,0.65,COMPLETE
13491,0.6875,2026-04-09 17:30:42.549289,2026-04-09 17:30:49.684036,0 days 00:00:07.134747,404.0,1.0,114.5,152.7,0.01,COMPLETE
13492,0.6875,2026-04-09 17:30:49.704739,2026-04-09 17:30:56.347596,0 days 00:00:06.642857,388.0,1.0,116.8,153.4,0.0,COMPLETE
13493,0.6875,2026-04-09 17:30:56.367382,2026-04-09 17:31:02.851509,0 days 00:00:06.484127,348.0,1.0,117.5,154.0,0.25,COMPLETE
13494,0.6875,2026-04-09 17:31:02.870630,2026-04-09 17:31:09.602707,0 days 00:00:06.732077,381.0,1.0,114.8,154.2,0.01,COMPLETE
13495,0.6875,2026-04-09 17:31:09.622704,2026-04-09 17:31:16.159341,0 days 00:00:06.536637,453.0,1.0,113.6,154.9,0.0,COMPLETE
13496,0.6875,2026-04-09 17:31:16.178336,2026-04-09 17:31:24.080599,0 days 00:00:07.902263,304.0,1.0,124.9,154.6,0.44,COMPLETE
13497,0.6875,2026-04-09 17:31:24.100645,2026-04-09 17:31:31.724592,0 days 00:00:07.623947,449.0,1.0,114.0,153.2,0.25,COMPLETE
13498,0.6875,2026-04-09 17:31:31.742549,2026-04-09 17:31:39.413635,0 days 00:00:07.671086,217.0,2.0,121.6,154.2,0.61,COMPLETE
13499,0.6875,2026-04-09 17:31:39.435550,2026-04-09 17:31:46.542869,0 days 00:00:07.107319,493.0,1.0,114.9,155.4,0.3,COMPLETE
13500,0.6875,2026-04-09 17:31:46.562257,2026-04-09 17:31:53.711118,0 days 00:00:07.148861,263.0,3.0,120.2,156.1,0.42,COMPLETE
13501,0.6875,2026-04-09 17:31:53.731102,2026-04-09 17:32:00.749443,0 days 00:00:07.018341,186.0,2.0,123.3,153.4,0.18,COMPLETE
13502,0.6875,2026-04-09 17:32:00.767401,2026-04-09 17:32:07.777010,0 days 00:00:07.009609,394.0,1.0,117.8,151.9,1.44,COMPLETE
13503,0.6875,2026-04-09 17:32:07.793883,2026-04-09 17:32:14.745685,0 days 00:00:06.951802,310.0,2.0,115.8,150.6,0.08,COMPLETE
13504,0.6875,2026-04-09 17:32:14.768618,2026-04-09 17:32:21.400355,0 days 00:00:06.631737,374.0,1.0,115.4,153.6,0.51,COMPLETE
13505,0.825,2026-04-09 17:32:21.417218,2026-04-09 17:32:55.948458,0 days 00:00:34.531240,334.0,2.0,120.8,157.4,0.2,COMPLETE
13506,0.6875,2026-04-09 17:32:55.968531,2026-04-09 17:33:03.191954,0 days 00:00:07.223423,408.0,1.0,119.7,151.7,0.21,COMPLETE
13507,0.6875,2026-04-09 17:33:03.210639,2026-04-09 17:33:10.153912,0 days 00:00:06.943273,469.0,1.0,115.6,152.2,0.47000000000000003,COMPLETE
13508,0.825,2026-04-09 17:33:10.175483,2026-04-09 17:33:44.807311,0 days 00:00:34.631828,438.0,1.0,122.3,155.6,0.32,COMPLETE
13509,0.825,2026-04-09 17:33:44.826172,2026-04-09 17:34:18.621091,0 days 00:00:33.794919,416.0,1.0,122.0,155.2,0.19,COMPLETE
13510,0.825,2026-04-09 17:34:18.641776,2026-04-09 17:34:53.189776,0 days 00:00:34.548000,328.0,1.0,117.9,151.6,0.04,COMPLETE
13511,0.825,2026-04-09 17:34:53.209649,2026-04-09 17:35:27.731661,0 days 00:00:34.522012,464.0,2.0,125.1,153.7,0.6,COMPLETE
13512,0.6875,2026-04-09 17:35:27.751111,2026-04-09 17:35:34.466126,0 days 00:00:06.715015,497.0,2.0,122.1,154.7,0.63,COMPLETE
13513,0.825,2026-04-09 17:35:34.485658,2026-04-09 17:36:08.945712,0 days 00:00:34.460054,408.0,1.0,118.2,153.4,0.01,COMPLETE
13514,0.6875,2026-04-09 17:36:08.966961,2026-04-09 17:36:15.873781,0 days 00:00:06.906820,402.0,2.0,115.6,153.5,0.21,COMPLETE
13515,0.6875,2026-04-09 17:36:15.895068,2026-04-09 17:36:22.524430,0 days 00:00:06.629362,420.0,1.0,114.8,152.8,0.0,COMPLETE
13516,0.6875,2026-04-09 17:36:22.544291,2026-04-09 17:36:29.374351,0 days 00:00:06.830060,456.0,1.0,116.4,155.8,0.22,COMPLETE
13517,0.6875,2026-04-09 17:36:29.392000,2026-04-09 17:36:36.082742,0 days 00:00:06.690742,462.0,1.0,117.0,154.3,0.2,COMPLETE
13518,0.6875,2026-04-09 17:36:36.104036,2026-04-09 17:36:43.074549,0 days 00:00:06.970513,392.0,1.0,116.4,152.7,0.24,COMPLETE
13519,0.6875,2026-04-09 17:36:43.093720,2026-04-09 17:36:49.652943,0 days 00:00:06.559223,461.0,1.0,116.5,152.1,0.0,COMPLETE
13520,0.6875,2026-04-09 17:36:49.673694,2026-04-09 17:36:56.949795,0 days 00:00:07.276101,389.0,1.0,113.2,155.9,0.2,COMPLETE
13521,0.6875,2026-04-09 17:36:56.969302,2026-04-09 17:37:03.746676,0 days 00:00:06.777374,485.0,1.0,115.3,154.7,0.8,COMPLETE
13522,0.6875,2026-04-09 17:37:03.766900,2026-04-09 17:37:10.845757,0 days 00:00:07.078857,411.0,1.0,117.6,157.4,0.52,COMPLETE
13523,0.6875,2026-04-09 17:37:10.865487,2026-04-09 17:37:17.962873,0 days 00:00:07.097386,492.0,1.0,115.4,152.3,0.77,COMPLETE
13524,0.6875,2026-04-09 17:37:17.981891,2026-04-09 17:37:25.005063,0 days 00:00:07.023172,356.0,1.0,116.0,155.3,0.18,COMPLETE
13525,0.825,2026-04-09 17:37:25.023824,2026-04-09 17:37:38.422896,0 days 00:00:13.399072,448.0,2.0,116.1,153.9,0.0,COMPLETE
13526,0.6875,2026-04-09 17:37:38.443560,2026-04-09 17:37:45.707147,0 days 00:00:07.263587,419.0,1.0,115.8,159.8,0.21,COMPLETE
13527,0.671875,2026-04-09 17:37:45.725756,2026-04-09 17:37:53.608095,0 days 00:00:07.882339,260.0,2.0,123.9,155.3,0.19,COMPLETE
13528,0.6875,2026-04-09 17:37:53.628807,2026-04-09 17:38:00.632031,0 days 00:00:07.003224,387.0,1.0,119.3,153.5,0.43,COMPLETE
13529,0.6875,2026-04-09 17:38:00.650451,2026-04-09 17:38:08.732026,0 days 00:00:08.081575,153.0,3.0,126.8,153.0,0.29,COMPLETE
13530,0.6875,2026-04-09 17:38:08.752094,2026-04-09 17:38:15.687521,0 days 00:00:06.935427,316.0,2.0,122.7,154.3,0.4,COMPLETE
13531,0.825,2026-04-09 17:38:15.706988,2026-04-09 17:38:49.959089,0 days 00:00:34.252101,470.0,1.0,118.5,154.5,0.49,COMPLETE
13532,0.6875,2026-04-09 17:38:49.979450,2026-04-09 17:38:56.837262,0 days 00:00:06.857812,392.0,1.0,117.2,153.9,0.29,COMPLETE
13533,0.6875,2026-04-09 17:38:56.856180,2026-04-09 17:39:03.465082,0 days 00:00:06.608902,412.0,1.0,117.6,155.7,0.5700000000000001,COMPLETE
13534,0.6875,2026-04-09 17:39:03.486573,2026-04-09 17:39:11.402666,0 days 00:00:07.916093,161.0,2.0,117.7,148.2,1.75,COMPLETE
13535,0.6875,2026-04-09 17:39:11.420845,2026-04-09 17:39:18.582180,0 days 00:00:07.161335,392.0,2.0,122.7,153.4,0.36,COMPLETE
13536,0.6875,2026-04-09 17:39:18.601635,2026-04-09 17:39:25.786247,0 days 00:00:07.184612,451.0,1.0,117.1,157.8,0.02,COMPLETE
13537,0.6875,2026-04-09 17:39:25.803681,2026-04-09 17:39:32.255737,0 days 00:00:06.452056,493.0,1.0,116.7,157.0,0.0,COMPLETE
13538,0.825,2026-04-09 17:39:32.274917,2026-04-09 17:40:07.018072,0 days 00:00:34.743155,405.0,2.0,123.7,154.5,0.01,COMPLETE
13539,0.825,2026-04-09 17:40:07.038999,2026-04-09 17:40:41.580094,0 days 00:00:34.541095,410.0,2.0,117.5,156.3,0.15,COMPLETE
13540,0.825,2026-04-09 17:40:41.598607,2026-04-09 17:41:15.623728,0 days 00:00:34.025121,393.0,1.0,116.7,155.7,0.0,COMPLETE
13541,0.6875,2026-04-09 17:41:15.644492,2026-04-09 17:41:22.584544,0 days 00:00:06.940052,392.0,1.0,116.0,153.9,0.78,COMPLETE
13542,0.6875,2026-04-09 17:41:22.604627,2026-04-09 17:41:29.654540,0 days 00:00:07.049913,242.0,2.0,119.4,154.3,0.28,COMPLETE
13543,0.6875,2026-04-09 17:41:29.675734,2026-04-09 17:41:36.514010,0 days 00:00:06.838276,422.0,1.0,120.5,157.7,0.63,COMPLETE
13544,0.6875,2026-04-09 17:41:36.533505,2026-04-09 17:41:43.604577,0 days 00:00:07.071072,477.0,1.0,121.0,152.4,0.5700000000000001,COMPLETE
13545,0.6875,2026-04-09 17:41:43.622833,2026-04-09 17:41:50.957936,0 days 00:00:07.335103,497.0,1.0,113.9,154.2,0.15,COMPLETE
13546,0.6875,2026-04-09 17:41:50.978026,2026-04-09 17:41:58.916430,0 days 00:00:07.938404,194.0,1.0,122.0,154.1,0.25,COMPLETE
13547,0.825,2026-04-09 17:41:58.936556,2026-04-09 17:42:33.197044,0 days 00:00:34.260488,449.0,2.0,122.5,156.8,0.81,COMPLETE
13548,0.6875,2026-04-09 17:42:33.217403,2026-04-09 17:42:40.524402,0 days 00:00:07.306999,430.0,1.0,117.6,154.1,0.0,COMPLETE
13549,0.825,2026-04-09 17:42:40.543441,2026-04-09 17:43:14.925713,0 days 00:00:34.382272,446.0,2.0,122.6,155.7,0.29,COMPLETE
13550,0.6875,2026-04-09 17:43:14.946990,2026-04-09 17:43:22.365543,0 days 00:00:07.418553,457.0,1.0,115.6,154.1,0.0,COMPLETE
13551,0.6875,2026-04-09 17:43:22.385309,2026-04-09 17:43:29.124360,0 days 00:00:06.739051,396.0,1.0,116.0,152.3,0.26,COMPLETE
