number,value,datetime_start,datetime_complete,duration,params_voltage,params_width,params_x,params_y,params_z,state
10785,0.6875,2026-04-09 00:14:47.324758,2026-04-09 00:14:55.004159,0 days 00:00:07.679401,425.0,1.0,114.4,155.4,0.27,COMPLETE
10786,0.6875,2026-04-09 00:14:55.024119,2026-04-09 00:15:01.975091,0 days 00:00:06.950972,337.0,1.0,116.5,155.2,0.4,COMPLETE
10787,0.825,2026-04-09 00:15:01.993804,2026-04-09 00:15:35.963788,0 days 00:00:33.969984,395.0,1.0,117.7,155.6,0.0,COMPLETE
10788,0.6875,2026-04-09 00:15:35.983253,2026-04-09 00:15:42.907549,0 days 00:00:06.924296,444.0,1.0,114.6,153.8,0.0,COMPLETE
10789,0.6875,2026-04-09 00:15:42.926997,2026-04-09 00:15:49.756312,0 days 00:00:06.829315,417.0,1.0,116.4,151.7,0.28,COMPLETE
10790,0.825,2026-04-09 00:15:49.773215,2026-04-09 00:16:24.370814,0 days 00:00:34.597599,367.0,1.0,119.8,157.2,0.21,COMPLETE
10791,0.6875,2026-04-09 00:16:24.397755,2026-04-09 00:16:31.826302,0 days 00:00:07.428547,340.0,2.0,114.8,151.6,0.29,COMPLETE
10792,0.6875,2026-04-09 00:16:31.845410,2026-04-09 00:16:39.453034,0 days 00:00:07.607624,273.0,1.0,121.5,155.3,0.42,COMPLETE
10793,0.6875,2026-04-09 00:16:39.470439,2026-04-09 00:16:46.920400,0 days 00:00:07.449961,429.0,2.0,113.2,155.0,0.47000000000000003,COMPLETE
10794,0.6875,2026-04-09 00:16:46.940619,2026-04-09 00:16:53.999614,0 days 00:00:07.058995,376.0,1.0,118.4,153.2,0.03,COMPLETE
10795,0.6875,2026-04-09 00:16:54.016684,2026-04-09 00:17:00.642467,0 days 00:00:06.625783,440.0,1.0,117.2,153.9,0.47000000000000003,COMPLETE
10796,0.6875,2026-04-09 00:17:00.662275,2026-04-09 00:17:07.304760,0 days 00:00:06.642485,465.0,2.0,115.6,154.0,0.53,COMPLETE
10797,0.6875,2026-04-09 00:17:07.324343,2026-04-09 00:17:13.934093,0 days 00:00:06.609750,456.0,1.0,116.8,154.5,0.25,COMPLETE
10798,0.6875,2026-04-09 00:17:13.953700,2026-04-09 00:17:20.542711,0 days 00:00:06.589011,408.0,1.0,118.0,154.3,0.58,COMPLETE
10799,0.6875,2026-04-09 00:17:20.560522,2026-04-09 00:17:27.371977,0 days 00:00:06.811455,439.0,2.0,115.2,154.7,0.0,COMPLETE
10800,0.6875,2026-04-09 00:17:27.390925,2026-04-09 00:17:34.100072,0 days 00:00:06.709147,384.0,2.0,116.8,155.7,0.3,COMPLETE
10801,0.6875,2026-04-09 00:17:34.119515,2026-04-09 00:17:41.502976,0 days 00:00:07.383461,265.0,2.0,122.4,153.0,0.59,COMPLETE
10802,0.6875,2026-04-09 00:17:41.522702,2026-04-09 00:17:48.401049,0 days 00:00:06.878347,233.0,2.0,119.9,156.0,0.22,COMPLETE
10803,0.6875,2026-04-09 00:17:48.418671,2026-04-09 00:17:55.181416,0 days 00:00:06.762745,268.0,2.0,122.9,154.9,0.21,COMPLETE
10804,0.6875,2026-04-09 00:17:55.198654,2026-04-09 00:18:02.352764,0 days 00:00:07.154110,379.0,1.0,116.6,153.7,0.23,COMPLETE
10805,0.6875,2026-04-09 00:18:02.372592,2026-04-09 00:18:09.159997,0 days 00:00:06.787405,408.0,2.0,117.0,157.1,0.62,COMPLETE
10806,0.6875,2026-04-09 00:18:09.177148,2026-04-09 00:18:16.261793,0 days 00:00:07.084645,369.0,2.0,117.0,151.5,0.26,COMPLETE
10807,0.6875,2026-04-09 00:18:16.281869,2026-04-09 00:18:23.081514,0 days 00:00:06.799645,320.0,1.0,116.0,153.8,0.0,COMPLETE
10808,0.6875,2026-04-09 00:18:23.097655,2026-04-09 00:18:31.009122,0 days 00:00:07.911467,325.0,2.0,126.8,158.7,0.07,COMPLETE
10809,0.825,2026-04-09 00:18:31.029047,2026-04-09 00:18:39.303837,0 days 00:00:08.274790,408.0,1.0,116.4,155.3,0.28,COMPLETE
10810,0.6875,2026-04-09 00:18:39.322880,2026-04-09 00:18:46.046884,0 days 00:00:06.724004,414.0,1.0,113.1,154.1,0.34,COMPLETE
10811,0.6875,2026-04-09 00:18:46.064640,2026-04-09 00:18:52.845866,0 days 00:00:06.781226,372.0,1.0,117.3,156.0,0.84,COMPLETE
10812,0.6875,2026-04-09 00:18:52.865897,2026-04-09 00:18:59.982531,0 days 00:00:07.116634,363.0,2.0,124.2,154.7,0.61,COMPLETE
10813,0.6875,2026-04-09 00:18:59.999657,2026-04-09 00:19:07.412016,0 days 00:00:07.412359,371.0,1.0,115.2,157.0,0.28,COMPLETE
10814,0.6875,2026-04-09 00:19:07.431593,2026-04-09 00:19:14.233557,0 days 00:00:06.801964,473.0,1.0,115.2,152.6,0.27,COMPLETE
10815,0.6875,2026-04-09 00:19:14.250897,2026-04-09 00:19:21.662421,0 days 00:00:07.411524,331.0,1.0,122.7,151.9,0.0,COMPLETE
10816,0.825,2026-04-09 00:19:21.682570,2026-04-09 00:19:56.087227,0 days 00:00:34.404657,406.0,2.0,122.7,156.2,0.26,COMPLETE
10817,0.825,2026-04-09 00:19:56.102850,2026-04-09 00:20:30.141685,0 days 00:00:34.038835,450.0,2.0,123.4,155.0,0.1,COMPLETE
10818,0.825,2026-04-09 00:20:30.161431,2026-04-09 00:20:36.004430,0 days 00:00:05.842999,348.0,2.0,116.6,154.3,0.36,COMPLETE
10819,0.6875,2026-04-09 00:20:36.024187,2026-04-09 00:20:42.812874,0 days 00:00:06.788687,347.0,1.0,117.0,153.7,0.42,COMPLETE
10820,0.6875,2026-04-09 00:20:42.832461,2026-04-09 00:20:49.577740,0 days 00:00:06.745279,417.0,1.0,114.6,153.8,0.01,COMPLETE
10821,0.825,2026-04-09 00:20:49.596052,2026-04-09 00:21:23.910140,0 days 00:00:34.314088,393.0,1.0,119.1,156.7,0.35000000000000003,COMPLETE
10822,0.671875,2026-04-09 00:21:23.930734,2026-04-09 00:21:30.973414,0 days 00:00:07.042680,396.0,1.0,117.4,152.1,0.0,COMPLETE
10823,0.6875,2026-04-09 00:21:30.992186,2026-04-09 00:21:38.068691,0 days 00:00:07.076505,432.0,1.0,114.1,156.3,0.23,COMPLETE
10824,0.825,2026-04-09 00:21:38.086607,2026-04-09 00:22:12.550799,0 days 00:00:34.464192,423.0,1.0,119.4,154.5,0.04,COMPLETE
10825,0.6875,2026-04-09 00:22:12.569712,2026-04-09 00:22:19.734476,0 days 00:00:07.164764,435.0,1.0,114.8,152.6,0.39,COMPLETE
10826,0.6875,2026-04-09 00:22:19.751419,2026-04-09 00:22:26.519675,0 days 00:00:06.768256,415.0,1.0,117.2,152.2,0.49,COMPLETE
10827,0.6875,2026-04-09 00:22:26.539982,2026-04-09 00:22:33.537246,0 days 00:00:06.997264,258.0,3.0,119.2,153.3,0.34,COMPLETE
10828,0.6875,2026-04-09 00:22:33.554483,2026-04-09 00:22:40.610630,0 days 00:00:07.056147,481.0,1.0,114.3,155.5,0.49,COMPLETE
10829,0.6875,2026-04-09 00:22:40.629903,2026-04-09 00:22:48.288049,0 days 00:00:07.658146,375.0,1.0,122.4,154.6,0.45,COMPLETE
10830,0.6875,2026-04-09 00:22:48.307673,2026-04-09 00:22:55.553821,0 days 00:00:07.246148,406.0,1.0,115.5,156.4,0.22,COMPLETE
10831,0.6875,2026-04-09 00:22:55.572089,2026-04-09 00:23:02.364868,0 days 00:00:06.792779,368.0,1.0,117.4,153.5,0.03,COMPLETE
10832,0.6875,2026-04-09 00:23:02.384473,2026-04-09 00:23:08.910268,0 days 00:00:06.525795,436.0,2.0,117.7,154.1,0.24,COMPLETE
10833,0.825,2026-04-09 00:23:08.929574,2026-04-09 00:23:43.421407,0 days 00:00:34.491833,427.0,1.0,125.0,153.5,0.27,COMPLETE
10834,0.6875,2026-04-09 00:23:43.441814,2026-04-09 00:23:51.262730,0 days 00:00:07.820916,391.0,1.0,114.6,151.2,0.2,COMPLETE
10835,0.6875,2026-04-09 00:23:51.279445,2026-04-09 00:23:58.250769,0 days 00:00:06.971324,491.0,1.0,114.8,155.9,0.0,COMPLETE
10836,0.825,2026-04-09 00:23:58.269723,2026-04-09 00:24:32.296230,0 days 00:00:34.026507,421.0,1.0,116.9,153.5,0.0,COMPLETE
10837,0.6875,2026-04-09 00:24:32.316977,2026-04-09 00:24:39.327124,0 days 00:00:07.010147,315.0,1.0,113.0,154.2,0.72,COMPLETE
10838,0.6875,2026-04-09 00:24:39.346118,2026-04-09 00:24:46.004893,0 days 00:00:06.658775,355.0,1.0,115.6,154.3,0.24,COMPLETE
10839,0.825,2026-04-09 00:24:46.024342,2026-04-09 00:25:19.928926,0 days 00:00:33.904584,453.0,1.0,118.5,155.1,0.0,COMPLETE
10840,0.6875,2026-04-09 00:25:19.948012,2026-04-09 00:25:27.705638,0 days 00:00:07.757626,241.0,3.0,113.9,148.4,1.11,COMPLETE
10841,0.825,2026-04-09 00:25:27.724623,2026-04-09 00:26:02.420989,0 days 00:00:34.696366,317.0,2.0,120.0,152.9,0.01,COMPLETE
10842,0.6875,2026-04-09 00:26:02.439546,2026-04-09 00:26:09.582020,0 days 00:00:07.142474,436.0,1.0,115.2,155.2,0.26,COMPLETE
10843,0.825,2026-04-09 00:26:09.601657,2026-04-09 00:26:43.911339,0 days 00:00:34.309682,422.0,2.0,117.0,153.5,0.01,COMPLETE
10844,0.825,2026-04-09 00:26:43.930635,2026-04-09 00:27:17.930405,0 days 00:00:33.999770,471.0,2.0,115.4,156.3,0.0,COMPLETE
10845,0.6875,2026-04-09 00:27:17.949920,2026-04-09 00:27:24.911246,0 days 00:00:06.961326,410.0,1.0,117.7,154.1,0.45,COMPLETE
10846,0.6875,2026-04-09 00:27:24.928094,2026-04-09 00:27:31.545921,0 days 00:00:06.617827,387.0,1.0,117.7,153.0,0.0,COMPLETE
10847,0.6875,2026-04-09 00:27:31.564625,2026-04-09 00:27:38.246746,0 days 00:00:06.682121,414.0,1.0,116.0,153.7,0.22,COMPLETE
10848,0.825,2026-04-09 00:27:38.263613,2026-04-09 00:28:12.214652,0 days 00:00:33.951039,383.0,2.0,116.4,154.6,0.0,COMPLETE
10849,0.6875,2026-04-09 00:28:12.233364,2026-04-09 00:28:19.190662,0 days 00:00:06.957298,469.0,1.0,115.8,151.6,0.43,COMPLETE
10850,0.825,2026-04-09 00:28:19.207532,2026-04-09 00:28:53.659088,0 days 00:00:34.451556,412.0,1.0,118.6,155.5,0.19,COMPLETE
10851,0.6875,2026-04-09 00:28:53.676803,2026-04-09 00:29:00.617685,0 days 00:00:06.940882,373.0,1.0,115.7,153.9,0.0,COMPLETE
10852,0.6875,2026-04-09 00:29:00.634962,2026-04-09 00:29:07.343939,0 days 00:00:06.708977,367.0,1.0,116.6,152.3,0.19,COMPLETE
10853,0.825,2026-04-09 00:29:07.359938,2026-04-09 00:29:41.799009,0 days 00:00:34.439071,484.0,2.0,122.0,155.5,0.4,COMPLETE
10854,0.825,2026-04-09 00:29:41.819247,2026-04-09 00:30:16.088169,0 days 00:00:34.268922,404.0,1.0,118.9,154.9,0.01,COMPLETE
10855,0.825,2026-04-09 00:30:16.107324,2026-04-09 00:30:50.422702,0 days 00:00:34.315378,238.0,2.0,122.7,156.7,0.26,COMPLETE
10856,0.6875,2026-04-09 00:30:50.442470,2026-04-09 00:30:57.374664,0 days 00:00:06.932194,218.0,3.0,123.0,153.5,0.25,COMPLETE
10857,0.825,2026-04-09 00:30:57.394042,2026-04-09 00:31:31.613550,0 days 00:00:34.219508,355.0,1.0,119.7,155.6,0.24,COMPLETE
10858,0.6875,2026-04-09 00:31:31.632775,2026-04-09 00:31:39.010720,0 days 00:00:07.377945,385.0,1.0,113.5,157.7,0.01,COMPLETE
10859,0.6875,2026-04-09 00:31:39.031162,2026-04-09 00:31:46.222166,0 days 00:00:07.191004,459.0,1.0,118.1,153.4,0.31,COMPLETE
10860,0.6875,2026-04-09 00:31:46.241190,2026-04-09 00:31:53.497163,0 days 00:00:07.255973,314.0,2.0,123.0,155.1,0.63,COMPLETE
10861,0.825,2026-04-09 00:31:53.517032,2026-04-09 00:32:27.680760,0 days 00:00:34.163728,457.0,2.0,118.6,155.5,0.19,COMPLETE
10862,0.6875,2026-04-09 00:32:27.700896,2026-04-09 00:32:34.914261,0 days 00:00:07.213365,387.0,1.0,116.0,155.0,0.46,COMPLETE
10863,0.825,2026-04-09 00:32:34.932868,2026-04-09 00:33:09.142233,0 days 00:00:34.209365,388.0,1.0,117.9,157.3,0.23,COMPLETE
10864,0.671875,2026-04-09 00:33:09.161709,2026-04-09 00:33:16.101438,0 days 00:00:06.939729,395.0,1.0,116.4,155.4,0.23,COMPLETE
10865,0.825,2026-04-09 00:33:16.120625,2026-04-09 00:33:50.171504,0 days 00:00:34.050879,485.0,1.0,117.8,156.0,0.59,COMPLETE
10866,0.6875,2026-04-09 00:33:50.191664,2026-04-09 00:33:57.561152,0 days 00:00:07.369488,449.0,1.0,124.0,156.4,0.73,COMPLETE
10867,0.825,2026-04-09 00:33:57.578444,2026-04-09 00:34:32.091369,0 days 00:00:34.512925,454.0,2.0,116.7,153.6,0.01,COMPLETE
10868,0.825,2026-04-09 00:34:32.110572,2026-04-09 00:35:05.906703,0 days 00:00:33.796131,434.0,1.0,116.3,153.5,0.37,COMPLETE
10869,0.6875,2026-04-09 00:35:05.926464,2026-04-09 00:35:12.650004,0 days 00:00:06.723540,397.0,1.0,116.9,153.4,0.48,COMPLETE
10870,0.6875,2026-04-09 00:35:12.667662,2026-04-09 00:35:19.448135,0 days 00:00:06.780473,434.0,2.0,116.0,155.9,0.34,COMPLETE
10871,0.825,2026-04-09 00:35:19.467777,2026-04-09 00:35:53.764906,0 days 00:00:34.297129,405.0,1.0,120.2,154.9,0.3,COMPLETE
10872,0.6875,2026-04-09 00:35:53.782339,2026-04-09 00:36:00.944559,0 days 00:00:07.162220,403.0,2.0,115.0,154.8,0.55,COMPLETE
10873,0.6875,2026-04-09 00:36:00.964224,2026-04-09 00:36:07.523966,0 days 00:00:06.559742,436.0,1.0,115.9,154.8,0.26,COMPLETE
10874,0.825,2026-04-09 00:36:07.541944,2026-04-09 00:36:41.909579,0 days 00:00:34.367635,341.0,2.0,118.2,156.0,0.23,COMPLETE
10875,0.6875,2026-04-09 00:36:41.925704,2026-04-09 00:36:48.952332,0 days 00:00:07.026628,500.0,1.0,114.5,156.3,0.74,COMPLETE
10876,0.825,2026-04-09 00:36:48.968644,2026-04-09 00:37:23.635046,0 days 00:00:34.666402,465.0,3.0,121.2,155.3,0.23,COMPLETE
10877,0.6875,2026-04-09 00:37:23.653647,2026-04-09 00:37:30.961163,0 days 00:00:07.307516,413.0,1.0,113.2,156.2,0.04,COMPLETE
10878,0.825,2026-04-09 00:37:30.980899,2026-04-09 00:38:06.635168,0 days 00:00:35.654269,220.0,2.0,124.5,154.3,0.02,COMPLETE
10879,0.6875,2026-04-09 00:38:06.654281,2026-04-09 00:38:13.684425,0 days 00:00:07.030144,212.0,2.0,120.1,152.9,0.17,COMPLETE
10880,0.6875,2026-04-09 00:38:13.701815,2026-04-09 00:38:20.681269,0 days 00:00:06.979454,436.0,1.0,116.2,155.4,0.2,COMPLETE
10881,0.6875,2026-04-09 00:38:20.700869,2026-04-09 00:38:27.345940,0 days 00:00:06.645071,459.0,1.0,116.1,156.9,0.27,COMPLETE
10882,0.6875,2026-04-09 00:38:27.364805,2026-04-09 00:38:34.421362,0 days 00:00:07.056557,353.0,1.0,114.4,155.1,0.0,COMPLETE
10883,0.6875,2026-04-09 00:38:34.440342,2026-04-09 00:38:41.365213,0 days 00:00:06.924871,426.0,3.0,117.6,152.1,0.02,COMPLETE
10884,0.6875,2026-04-09 00:38:41.382694,2026-04-09 00:38:48.168016,0 days 00:00:06.785322,394.0,1.0,115.5,154.5,0.24,COMPLETE
10885,0.6875,2026-04-09 00:38:48.188377,2026-04-09 00:38:54.990166,0 days 00:00:06.801789,441.0,1.0,115.4,157.8,0.2,COMPLETE
10886,0.6875,2026-04-09 00:38:55.008584,2026-04-09 00:39:01.551999,0 days 00:00:06.543415,426.0,1.0,115.2,158.2,0.0,COMPLETE
10887,0.825,2026-04-09 00:39:01.570882,2026-04-09 00:39:58.356851,0 days 00:00:56.785969,326.0,2.0,125.3,153.5,0.26,COMPLETE
10888,0.825,2026-04-09 00:39:58.375909,2026-04-09 00:40:33.088743,0 days 00:00:34.712834,428.0,1.0,118.6,155.6,0.49,COMPLETE
10889,0.6875,2026-04-09 00:40:33.107867,2026-04-09 00:40:40.449432,0 days 00:00:07.341565,420.0,2.0,127.0,155.8,0.29,COMPLETE
10890,0.825,2026-04-09 00:40:40.468378,2026-04-09 00:41:15.054869,0 days 00:00:34.586491,281.0,2.0,121.7,156.5,0.0,COMPLETE
10891,0.825,2026-04-09 00:41:15.074872,2026-04-09 00:41:49.361940,0 days 00:00:34.287068,343.0,1.0,117.8,155.4,0.21,COMPLETE
10892,0.825,2026-04-09 00:41:49.381884,2026-04-09 00:42:23.139211,0 days 00:00:33.757327,417.0,1.0,118.3,155.8,0.0,COMPLETE
10893,0.6875,2026-04-09 00:42:23.158626,2026-04-09 00:42:29.948253,0 days 00:00:06.789627,376.0,1.0,117.4,154.3,0.24,COMPLETE
10894,0.825,2026-04-09 00:42:29.967234,2026-04-09 00:43:05.093257,0 days 00:00:35.126023,497.0,3.0,122.8,156.4,0.06,COMPLETE
10895,0.825,2026-04-09 00:43:05.112607,2026-04-09 00:43:39.184458,0 days 00:00:34.071851,370.0,1.0,121.8,156.0,0.24,COMPLETE
10896,0.6875,2026-04-09 00:43:39.203591,2026-04-09 00:43:47.427339,0 days 00:00:08.223748,153.0,1.0,123.1,148.4,0.02,COMPLETE
10897,0.6875,2026-04-09 00:43:47.444302,2026-04-09 00:43:54.526469,0 days 00:00:07.082167,461.0,1.0,122.3,153.9,0.56,COMPLETE
10898,0.825,2026-04-09 00:43:54.550729,2026-04-09 00:44:28.848615,0 days 00:00:34.297886,489.0,1.0,118.6,156.8,0.16,COMPLETE
10899,0.6875,2026-04-09 00:44:28.867817,2026-04-09 00:44:35.899376,0 days 00:00:07.031559,449.0,2.0,121.7,155.0,0.43,COMPLETE
10900,0.6875,2026-04-09 00:44:35.916813,2026-04-09 00:44:42.943916,0 days 00:00:07.027103,321.0,1.0,118.9,153.5,0.43,COMPLETE
10901,0.6875,2026-04-09 00:44:42.961913,2026-04-09 00:44:49.753535,0 days 00:00:06.791622,462.0,2.0,122.0,154.7,1.08,COMPLETE
10902,0.671875,2026-04-09 00:44:49.772749,2026-04-09 00:44:56.846336,0 days 00:00:07.073587,445.0,1.0,116.7,155.2,0.0,COMPLETE
10903,0.6875,2026-04-09 00:44:56.864049,2026-04-09 00:45:03.628457,0 days 00:00:06.764408,465.0,1.0,114.4,157.1,0.41000000000000003,COMPLETE
10904,0.6875,2026-04-09 00:45:03.648005,2026-04-09 00:45:10.452236,0 days 00:00:06.804231,428.0,1.0,117.0,158.0,0.23,COMPLETE
10905,0.6875,2026-04-09 00:45:10.469801,2026-04-09 00:45:18.180800,0 days 00:00:07.710999,278.0,2.0,123.0,152.5,0.26,COMPLETE
10906,0.6875,2026-04-09 00:45:18.200447,2026-04-09 00:45:25.620761,0 days 00:00:07.420314,429.0,1.0,115.1,154.8,0.01,COMPLETE
10907,0.6875,2026-04-09 00:45:25.639794,2026-04-09 00:45:32.779543,0 days 00:00:07.139749,381.0,1.0,121.1,154.7,0.87,COMPLETE
10908,0.6875,2026-04-09 00:45:32.797113,2026-04-09 00:45:39.685233,0 days 00:00:06.888120,287.0,2.0,121.2,156.0,0.33,COMPLETE
10909,0.825,2026-04-09 00:45:39.704375,2026-04-09 00:46:13.554759,0 days 00:00:33.850384,333.0,2.0,122.2,156.8,0.28,COMPLETE
10910,0.6875,2026-04-09 00:46:13.573454,2026-04-09 00:46:21.252661,0 days 00:00:07.679207,469.0,1.0,113.0,154.4,0.18,COMPLETE
10911,0.6875,2026-04-09 00:46:21.271216,2026-04-09 00:46:29.316635,0 days 00:00:08.045419,242.0,1.0,122.2,154.3,0.31,COMPLETE
10912,0.6875,2026-04-09 00:46:29.332989,2026-04-09 00:46:36.715512,0 days 00:00:07.382523,420.0,1.0,114.5,153.1,0.27,COMPLETE
10913,0.6875,2026-04-09 00:46:36.734547,2026-04-09 00:46:44.221459,0 days 00:00:07.486912,282.0,2.0,121.2,154.5,0.0,COMPLETE
10914,0.6875,2026-04-09 00:46:44.239232,2026-04-09 00:46:51.397660,0 days 00:00:07.158428,435.0,1.0,115.3,152.7,0.0,COMPLETE
10915,0.825,2026-04-09 00:46:51.416221,2026-04-09 00:47:25.466076,0 days 00:00:34.049855,389.0,1.0,116.2,154.2,0.0,COMPLETE
10916,0.825,2026-04-09 00:47:25.484027,2026-04-09 00:48:00.320233,0 days 00:00:34.836206,465.0,2.0,125.3,154.3,0.43,COMPLETE
10917,0.6875,2026-04-09 00:48:00.340632,2026-04-09 00:48:07.932658,0 days 00:00:07.592026,498.0,1.0,117.4,157.9,0.42,COMPLETE
10918,0.6875,2026-04-09 00:48:07.951265,2026-04-09 00:48:15.354801,0 days 00:00:07.403536,350.0,1.0,118.0,151.9,0.0,COMPLETE
10919,0.6875,2026-04-09 00:48:15.374502,2026-04-09 00:48:22.108573,0 days 00:00:06.734071,430.0,1.0,115.7,153.8,0.56,COMPLETE
10920,0.825,2026-04-09 00:48:22.126734,2026-04-09 00:48:56.623876,0 days 00:00:34.497142,469.0,1.0,122.6,153.3,0.01,COMPLETE
10921,0.6875,2026-04-09 00:48:56.644563,2026-04-09 00:49:03.864945,0 days 00:00:07.220382,255.0,3.0,120.7,155.0,0.8300000000000001,COMPLETE
10922,0.6875,2026-04-09 00:49:03.884560,2026-04-09 00:49:10.986857,0 days 00:00:07.102297,329.0,1.0,115.1,156.5,0.21,COMPLETE
10923,0.6875,2026-04-09 00:49:11.007831,2026-04-09 00:49:17.759513,0 days 00:00:06.751682,387.0,1.0,117.2,154.3,0.01,COMPLETE
10924,0.825,2026-04-09 00:49:17.779509,2026-04-09 00:49:22.896237,0 days 00:00:05.116728,456.0,2.0,117.1,155.8,0.0,COMPLETE
10925,0.6875,2026-04-09 00:49:22.916238,2026-04-09 00:49:29.817307,0 days 00:00:06.901069,345.0,2.0,117.6,154.9,0.6,COMPLETE
10926,0.6875,2026-04-09 00:49:29.835517,2026-04-09 00:49:36.771028,0 days 00:00:06.935511,448.0,2.0,115.7,150.9,0.15,COMPLETE
10927,0.671875,2026-04-09 00:49:36.790116,2026-04-09 00:49:44.101847,0 days 00:00:07.311731,366.0,1.0,115.8,156.5,0.0,COMPLETE
10928,0.6875,2026-04-09 00:49:44.118719,2026-04-09 00:49:51.467782,0 days 00:00:07.349063,386.0,2.0,122.2,159.9,1.84,COMPLETE
10929,0.825,2026-04-09 00:49:51.488710,2026-04-09 00:50:25.956867,0 days 00:00:34.468157,396.0,1.0,118.5,156.7,0.01,COMPLETE
10930,0.6875,2026-04-09 00:50:25.975206,2026-04-09 00:50:33.008353,0 days 00:00:07.033147,394.0,1.0,115.5,154.2,0.49,COMPLETE
10931,0.825,2026-04-09 00:50:33.026877,2026-04-09 00:51:07.687475,0 days 00:00:34.660598,383.0,1.0,123.8,156.1,0.5,COMPLETE
10932,0.6875,2026-04-09 00:51:07.704162,2026-04-09 00:51:15.229434,0 days 00:00:07.525272,486.0,1.0,116.7,153.4,0.22,COMPLETE
10933,0.6875,2026-04-09 00:51:15.249575,2026-04-09 00:51:22.208714,0 days 00:00:06.959139,364.0,1.0,115.2,154.7,0.36,COMPLETE
10934,0.6875,2026-04-09 00:51:22.227983,2026-04-09 00:51:29.009057,0 days 00:00:06.781074,475.0,1.0,116.6,152.7,0.0,COMPLETE
10935,0.6875,2026-04-09 00:51:29.028208,2026-04-09 00:51:36.083685,0 days 00:00:07.055477,388.0,2.0,113.5,154.3,0.25,COMPLETE
10936,0.825,2026-04-09 00:51:36.102315,2026-04-09 00:52:10.659044,0 days 00:00:34.556729,338.0,1.0,120.5,155.2,0.0,COMPLETE
10937,0.6875,2026-04-09 00:52:10.678931,2026-04-09 00:52:17.713633,0 days 00:00:07.034702,368.0,2.0,123.1,153.8,0.48,COMPLETE
10938,0.825,2026-04-09 00:52:17.730417,2026-04-09 00:52:51.875716,0 days 00:00:34.145299,465.0,2.0,120.7,156.9,0.47000000000000003,COMPLETE
10939,0.825,2026-04-09 00:52:51.895208,2026-04-09 00:53:26.186206,0 days 00:00:34.290998,377.0,1.0,118.3,155.5,0.21,COMPLETE
10940,0.6875,2026-04-09 00:53:26.203220,2026-04-09 00:53:33.067453,0 days 00:00:06.864233,410.0,1.0,116.7,156.3,0.33,COMPLETE
10941,0.6875,2026-04-09 00:53:33.086774,2026-04-09 00:53:39.709840,0 days 00:00:06.623066,404.0,1.0,117.4,157.5,0.48,COMPLETE
10942,0.6875,2026-04-09 00:53:39.727182,2026-04-09 00:53:46.743657,0 days 00:00:07.016475,466.0,1.0,113.0,154.8,0.01,COMPLETE
10943,0.6875,2026-04-09 00:53:46.763846,2026-04-09 00:53:53.310375,0 days 00:00:06.546529,422.0,1.0,113.6,155.3,0.5,COMPLETE
10944,0.825,2026-04-09 00:53:53.328150,2026-04-09 00:54:28.883131,0 days 00:00:35.554981,444.0,1.0,121.7,156.2,0.23,COMPLETE
10945,0.6875,2026-04-09 00:54:28.903198,2026-04-09 00:54:36.132116,0 days 00:00:07.228918,498.0,2.0,114.3,156.6,0.01,COMPLETE
10946,0.6875,2026-04-09 00:54:36.150397,2026-04-09 00:54:42.993754,0 days 00:00:06.843357,408.0,2.0,114.5,153.6,0.23,COMPLETE
10947,0.6875,2026-04-09 00:54:43.013079,2026-04-09 00:54:50.916526,0 days 00:00:07.903447,356.0,3.0,126.9,148.3,1.18,COMPLETE
10948,0.825,2026-04-09 00:54:50.933827,2026-04-09 00:54:59.249552,0 days 00:00:08.315725,396.0,1.0,116.4,153.6,0.01,COMPLETE
10949,0.825,2026-04-09 00:54:59.269863,2026-04-09 00:55:33.426327,0 days 00:00:34.156464,401.0,2.0,118.8,153.1,0.0,COMPLETE
10950,0.825,2026-04-09 00:55:33.443421,2026-04-09 00:56:07.702024,0 days 00:00:34.258603,441.0,1.0,119.0,157.3,0.25,COMPLETE
10951,0.6875,2026-04-09 00:56:07.721729,2026-04-09 00:56:15.071138,0 days 00:00:07.349409,441.0,1.0,117.2,151.4,0.27,COMPLETE
10952,0.6875,2026-04-09 00:56:15.087883,2026-04-09 00:56:22.303322,0 days 00:00:07.215439,354.0,1.0,116.1,156.0,0.62,COMPLETE
10953,0.825,2026-04-09 00:56:22.323864,2026-04-09 00:56:39.277360,0 days 00:00:16.953496,496.0,2.0,123.7,154.2,0.27,COMPLETE
10954,0.6875,2026-04-09 00:56:39.297847,2026-04-09 00:56:46.521574,0 days 00:00:07.223727,198.0,3.0,124.3,154.3,0.0,COMPLETE
10955,0.6875,2026-04-09 00:56:46.538525,2026-04-09 00:56:53.335142,0 days 00:00:06.796617,450.0,1.0,123.9,151.6,0.76,COMPLETE
10956,0.6875,2026-04-09 00:56:53.355226,2026-04-09 00:57:00.582991,0 days 00:00:07.227765,463.0,2.0,117.1,152.3,0.36,COMPLETE
10957,0.6875,2026-04-09 00:57:00.602024,2026-04-09 00:57:08.364776,0 days 00:00:07.762752,270.0,2.0,125.6,155.2,0.29,COMPLETE
