number,value,datetime_start,datetime_complete,duration,params_voltage,params_width,params_x,params_y,params_z,state
14761,0.825,2026-04-09 22:08:07.886613,2026-04-09 22:08:42.180146,0 days 00:00:34.293533,344.0,2.0,119.9,155.7,0.0,COMPLETE
14762,0.6875,2026-04-09 22:08:42.201239,2026-04-09 22:08:49.142060,0 days 00:00:06.940821,472.0,1.0,117.4,155.4,0.22,COMPLETE
14763,0.6875,2026-04-09 22:08:49.162564,2026-04-09 22:08:56.049768,0 days 00:00:06.887204,362.0,1.0,116.3,154.8,0.51,COMPLETE
14764,0.6875,2026-04-09 22:08:56.071638,2026-04-09 22:09:03.188110,0 days 00:00:07.116472,293.0,3.0,119.8,153.6,0.03,COMPLETE
14765,0.6875,2026-04-09 22:09:03.210005,2026-04-09 22:09:10.067185,0 days 00:00:06.857180,394.0,1.0,117.3,154.9,0.71,COMPLETE
14766,0.6875,2026-04-09 22:09:10.088522,2026-04-09 22:09:16.922182,0 days 00:00:06.833660,433.0,1.0,115.7,157.1,0.59,COMPLETE
14767,0.6875,2026-04-09 22:09:16.943392,2026-04-09 22:09:23.781915,0 days 00:00:06.838523,415.0,2.0,115.0,153.9,0.07,COMPLETE
14768,0.6875,2026-04-09 22:09:23.804068,2026-04-09 22:09:31.245985,0 days 00:00:07.441917,355.0,1.0,118.9,158.1,1.85,COMPLETE
14769,0.825,2026-04-09 22:09:31.264402,2026-04-09 22:10:05.363044,0 days 00:00:34.098642,382.0,1.0,118.7,154.7,0.44,COMPLETE
14770,0.825,2026-04-09 22:10:05.384052,2026-04-09 22:10:39.417934,0 days 00:00:34.033882,450.0,1.0,115.4,155.3,0.0,COMPLETE
14771,0.6875,2026-04-09 22:10:39.439972,2026-04-09 22:10:47.140696,0 days 00:00:07.700724,311.0,1.0,121.6,151.5,0.16,COMPLETE
14772,0.6875,2026-04-09 22:10:47.159703,2026-04-09 22:10:54.027067,0 days 00:00:06.867364,401.0,1.0,120.0,153.8,0.27,COMPLETE
14773,0.6875,2026-04-09 22:10:54.048848,2026-04-09 22:11:00.871906,0 days 00:00:06.823058,383.0,1.0,118.3,151.3,0.0,COMPLETE
14774,0.6875,2026-04-09 22:11:00.890602,2026-04-09 22:11:08.307904,0 days 00:00:07.417302,273.0,2.0,122.7,154.3,0.5700000000000001,COMPLETE
14775,0.825,2026-04-09 22:11:08.328625,2026-04-09 22:11:15.911389,0 days 00:00:07.582764,374.0,1.0,116.1,154.4,0.0,COMPLETE
14776,0.6875,2026-04-09 22:11:15.930976,2026-04-09 22:11:23.264734,0 days 00:00:07.333758,416.0,2.0,123.9,154.1,0.67,COMPLETE
14777,0.6875,2026-04-09 22:11:23.286550,2026-04-09 22:11:30.707177,0 days 00:00:07.420627,453.0,2.0,115.8,158.1,0.27,COMPLETE
14778,0.6875,2026-04-09 22:11:30.726611,2026-04-09 22:11:38.019882,0 days 00:00:07.293271,315.0,2.0,122.0,156.4,0.75,COMPLETE
14779,0.6875,2026-04-09 22:11:38.038456,2026-04-09 22:11:45.113980,0 days 00:00:07.075524,382.0,1.0,115.7,155.2,0.34,COMPLETE
14780,0.6875,2026-04-09 22:11:45.134755,2026-04-09 22:11:51.845482,0 days 00:00:06.710727,459.0,1.0,115.4,157.8,0.23,COMPLETE
14781,0.6875,2026-04-09 22:11:51.866836,2026-04-09 22:11:58.616123,0 days 00:00:06.749287,500.0,1.0,113.4,154.8,0.28,COMPLETE
14782,0.6875,2026-04-09 22:11:58.637584,2026-04-09 22:12:06.072679,0 days 00:00:07.435095,333.0,1.0,121.0,154.8,0.42,COMPLETE
14783,0.6875,2026-04-09 22:12:06.092809,2026-04-09 22:12:12.651243,0 days 00:00:06.558434,320.0,1.0,119.5,154.4,0.19,COMPLETE
14784,0.6875,2026-04-09 22:12:12.671903,2026-04-09 22:12:19.729309,0 days 00:00:07.057406,266.0,2.0,123.8,152.9,0.37,COMPLETE
14785,0.0,2026-04-09 22:12:19.747837,2026-04-09 22:12:26.853646,0 days 00:00:07.105809,415.0,1.0,117.5,155.3,0.0,COMPLETE
14786,0.825,2026-04-09 22:12:26.874533,2026-04-09 22:13:01.244264,0 days 00:00:34.369731,358.0,2.0,118.5,152.6,0.01,COMPLETE
14787,0.6875,2026-04-09 22:13:01.267098,2026-04-09 22:13:08.580241,0 days 00:00:07.313143,373.0,2.0,123.4,155.3,0.5,COMPLETE
14788,0.825,2026-04-09 22:13:08.600828,2026-04-09 22:13:42.731583,0 days 00:00:34.130755,419.0,2.0,122.1,154.8,0.25,COMPLETE
14789,0.6875,2026-04-09 22:13:42.752004,2026-04-09 22:13:50.213150,0 days 00:00:07.461146,392.0,1.0,115.2,152.1,0.0,COMPLETE
14790,0.6875,2026-04-09 22:13:50.234457,2026-04-09 22:13:56.953660,0 days 00:00:06.719203,367.0,1.0,115.0,153.9,0.27,COMPLETE
14791,0.6875,2026-04-09 22:13:56.975283,2026-04-09 22:14:03.693095,0 days 00:00:06.717812,404.0,2.0,116.8,154.0,0.41000000000000003,COMPLETE
14792,0.6875,2026-04-09 22:14:03.712322,2026-04-09 22:14:10.458139,0 days 00:00:06.745817,401.0,1.0,117.7,152.2,0.4,COMPLETE
14793,0.6875,2026-04-09 22:14:10.478568,2026-04-09 22:14:17.788053,0 days 00:00:07.309485,298.0,1.0,122.8,153.6,0.75,COMPLETE
14794,0.6875,2026-04-09 22:14:17.808169,2026-04-09 22:14:25.505798,0 days 00:00:07.697629,454.0,2.0,113.1,152.0,0.0,COMPLETE
14795,0.825,2026-04-09 22:14:25.526243,2026-04-09 22:15:00.036126,0 days 00:00:34.509883,480.0,1.0,118.5,155.8,0.01,COMPLETE
14796,0.825,2026-04-09 22:15:00.056957,2026-04-09 22:15:34.579866,0 days 00:00:34.522909,239.0,2.0,122.2,156.7,0.21,COMPLETE
14797,0.6875,2026-04-09 22:15:34.601842,2026-04-09 22:15:42.289419,0 days 00:00:07.687577,445.0,1.0,114.1,152.2,0.21,COMPLETE
14798,0.6875,2026-04-09 22:15:42.311124,2026-04-09 22:15:48.910523,0 days 00:00:06.599399,469.0,2.0,113.8,152.7,0.46,COMPLETE
14799,0.825,2026-04-09 22:15:48.933146,2026-04-09 22:15:54.476402,0 days 00:00:05.543256,448.0,1.0,116.7,155.8,0.0,COMPLETE
14800,0.6875,2026-04-09 22:15:54.498553,2026-04-09 22:16:01.732423,0 days 00:00:07.233870,349.0,2.0,116.7,151.8,0.38,COMPLETE
14801,0.6875,2026-04-09 22:16:01.754148,2026-04-09 22:16:08.532356,0 days 00:00:06.778208,449.0,1.0,116.7,154.0,0.01,COMPLETE
14802,0.6875,2026-04-09 22:16:08.552124,2026-04-09 22:16:15.526731,0 days 00:00:06.974607,499.0,1.0,121.1,152.1,0.15,COMPLETE
14803,0.6875,2026-04-09 22:16:15.547978,2026-04-09 22:16:22.930879,0 days 00:00:07.382901,429.0,1.0,113.8,154.6,0.51,COMPLETE
14804,0.825,2026-04-09 22:16:22.951892,2026-04-09 22:16:30.238723,0 days 00:00:07.286831,500.0,1.0,116.0,155.6,0.24,COMPLETE
14805,0.6875,2026-04-09 22:16:30.259571,2026-04-09 22:16:37.646259,0 days 00:00:07.386688,396.0,1.0,122.2,154.1,0.39,COMPLETE
14806,0.6875,2026-04-09 22:16:37.666699,2026-04-09 22:16:45.060292,0 days 00:00:07.393593,336.0,2.0,116.9,149.3,0.02,COMPLETE
14807,0.6875,2026-04-09 22:16:45.081539,2026-04-09 22:16:51.920351,0 days 00:00:06.838812,429.0,1.0,116.1,153.6,0.5700000000000001,COMPLETE
14808,0.6875,2026-04-09 22:16:51.942510,2026-04-09 22:16:58.447748,0 days 00:00:06.505238,470.0,1.0,115.8,153.6,0.0,COMPLETE
14809,0.825,2026-04-09 22:16:58.466826,2026-04-09 22:17:33.375393,0 days 00:00:34.908567,413.0,1.0,124.2,157.1,0.27,COMPLETE
14810,0.6875,2026-04-09 22:17:33.396357,2026-04-09 22:17:40.933043,0 days 00:00:07.536686,449.0,1.0,114.9,154.2,0.0,COMPLETE
14811,0.6875,2026-04-09 22:17:40.951818,2026-04-09 22:17:47.614066,0 days 00:00:06.662248,398.0,1.0,113.0,155.0,0.42,COMPLETE
14812,0.6875,2026-04-09 22:17:47.636252,2026-04-09 22:17:54.589378,0 days 00:00:06.953126,455.0,1.0,117.4,151.6,0.29,COMPLETE
14813,0.6875,2026-04-09 22:17:54.608798,2026-04-09 22:18:02.172496,0 days 00:00:07.563698,178.0,1.0,113.4,153.7,1.48,COMPLETE
14814,0.6875,2026-04-09 22:18:02.193900,2026-04-09 22:18:09.654525,0 days 00:00:07.460625,199.0,3.0,122.3,156.5,0.33,COMPLETE
14815,0.825,2026-04-09 22:18:09.674120,2026-04-09 22:18:43.803575,0 days 00:00:34.129455,498.0,2.0,120.2,156.5,0.28,COMPLETE
14816,0.6875,2026-04-09 22:18:43.827525,2026-04-09 22:18:51.533618,0 days 00:00:07.706093,388.0,2.0,114.6,149.2,0.66,COMPLETE
14817,0.6875,2026-04-09 22:18:51.554520,2026-04-09 22:18:58.899865,0 days 00:00:07.345345,418.0,1.0,122.8,152.1,0.78,COMPLETE
14818,0.6875,2026-04-09 22:18:58.920453,2026-04-09 22:19:06.325723,0 days 00:00:07.405270,464.0,1.0,116.6,158.6,0.0,COMPLETE
14819,0.6875,2026-04-09 22:19:06.347469,2026-04-09 22:19:13.251488,0 days 00:00:06.904019,423.0,1.0,115.1,153.5,0.31,COMPLETE
14820,0.6875,2026-04-09 22:19:13.271438,2026-04-09 22:19:19.964554,0 days 00:00:06.693116,388.0,1.0,115.3,156.0,0.22,COMPLETE
14821,0.6875,2026-04-09 22:19:19.985940,2026-04-09 22:19:26.869149,0 days 00:00:06.883209,461.0,2.0,115.4,151.1,0.03,COMPLETE
14822,0.825,2026-04-09 22:19:26.891226,2026-04-09 22:20:00.835415,0 days 00:00:33.944189,463.0,2.0,116.6,154.0,0.2,COMPLETE
14823,0.6875,2026-04-09 22:20:00.856903,2026-04-09 22:20:08.150458,0 days 00:00:07.293555,349.0,1.0,120.7,152.1,0.38,COMPLETE
14824,0.671875,2026-04-09 22:20:08.171812,2026-04-09 22:20:15.051337,0 days 00:00:06.879525,462.0,1.0,121.9,154.7,0.15,COMPLETE
14825,0.6875,2026-04-09 22:20:15.072111,2026-04-09 22:20:22.202487,0 days 00:00:07.130376,338.0,2.0,121.5,151.9,1.03,COMPLETE
14826,0.825,2026-04-09 22:20:22.224134,2026-04-09 22:20:56.388392,0 days 00:00:34.164258,435.0,1.0,118.9,153.6,0.24,COMPLETE
14827,0.6875,2026-04-09 22:20:56.409876,2026-04-09 22:21:03.685520,0 days 00:00:07.275644,317.0,2.0,115.2,155.3,0.0,COMPLETE
14828,0.6875,2026-04-09 22:21:03.704945,2026-04-09 22:21:10.321551,0 days 00:00:06.616606,464.0,1.0,114.3,156.0,0.43,COMPLETE
14829,0.6875,2026-04-09 22:21:10.342882,2026-04-09 22:21:16.970718,0 days 00:00:06.627836,500.0,2.0,115.6,156.0,0.16,COMPLETE
14830,0.6875,2026-04-09 22:21:16.990537,2026-04-09 22:21:23.912568,0 days 00:00:06.922031,416.0,1.0,115.4,154.9,0.6900000000000001,COMPLETE
14831,0.671875,2026-04-09 22:21:23.933004,2026-04-09 22:21:30.747345,0 days 00:00:06.814341,336.0,1.0,115.7,155.2,0.21,COMPLETE
14832,0.825,2026-04-09 22:21:30.767286,2026-04-09 22:22:04.973044,0 days 00:00:34.205758,379.0,1.0,118.5,157.7,0.01,COMPLETE
14833,0.6875,2026-04-09 22:22:04.993883,2026-04-09 22:22:12.192607,0 days 00:00:07.198724,357.0,2.0,116.0,152.8,0.19,COMPLETE
14834,0.6875,2026-04-09 22:22:12.213741,2026-04-09 22:22:19.203464,0 days 00:00:06.989723,370.0,1.0,115.2,157.3,0.26,COMPLETE
14835,0.6875,2026-04-09 22:22:19.222993,2026-04-09 22:22:25.768917,0 days 00:00:06.545924,445.0,1.0,115.5,156.9,0.22,COMPLETE
14836,0.6875,2026-04-09 22:22:25.790230,2026-04-09 22:22:32.768584,0 days 00:00:06.978354,410.0,1.0,117.0,152.9,0.2,COMPLETE
14837,0.825,2026-04-09 22:22:32.789381,2026-04-09 22:23:07.185137,0 days 00:00:34.395756,315.0,1.0,118.2,157.2,0.32,COMPLETE
14838,0.6875,2026-04-09 22:23:07.206707,2026-04-09 22:23:14.307073,0 days 00:00:07.100366,448.0,1.0,115.5,154.3,0.21,COMPLETE
14839,0.6875,2026-04-09 22:23:14.331060,2026-04-09 22:23:22.113581,0 days 00:00:07.782521,247.0,3.0,114.4,148.0,0.26,COMPLETE
14840,0.825,2026-04-09 22:23:22.134516,2026-04-09 22:23:57.341882,0 days 00:00:35.207366,358.0,1.0,116.9,153.9,0.0,COMPLETE
14841,0.6875,2026-04-09 22:23:57.362949,2026-04-09 22:24:04.415308,0 days 00:00:07.052359,403.0,1.0,113.1,155.6,0.02,COMPLETE
14842,0.6875,2026-04-09 22:24:04.437129,2026-04-09 22:24:11.275014,0 days 00:00:06.837885,409.0,1.0,115.6,156.1,0.19,COMPLETE
14843,0.6875,2026-04-09 22:24:11.297470,2026-04-09 22:24:18.293395,0 days 00:00:06.995925,388.0,2.0,113.1,152.0,0.18,COMPLETE
14844,0.6875,2026-04-09 22:24:18.312708,2026-04-09 22:24:25.149733,0 days 00:00:06.837025,382.0,2.0,116.0,153.9,0.01,COMPLETE
14845,0.825,2026-04-09 22:24:25.169542,2026-04-09 22:24:59.065889,0 days 00:00:33.896347,455.0,1.0,119.2,154.4,0.0,COMPLETE
14846,0.825,2026-04-09 22:24:59.087922,2026-04-09 22:25:33.375705,0 days 00:00:34.287783,372.0,1.0,118.9,156.0,0.24,COMPLETE
14847,0.825,2026-04-09 22:25:33.397830,2026-04-09 22:26:07.418767,0 days 00:00:34.020937,448.0,1.0,118.3,157.0,0.26,COMPLETE
14848,0.6875,2026-04-09 22:26:07.437838,2026-04-09 22:26:14.667682,0 days 00:00:07.229844,397.0,1.0,114.8,153.6,0.36,COMPLETE
14849,0.6875,2026-04-09 22:26:14.688940,2026-04-09 22:26:21.790365,0 days 00:00:07.101425,344.0,1.0,118.0,151.9,0.25,COMPLETE
14850,0.825,2026-04-09 22:26:21.810493,2026-04-09 22:26:56.055319,0 days 00:00:34.244826,407.0,2.0,118.6,156.9,0.29,COMPLETE
14851,0.6875,2026-04-09 22:26:56.077163,2026-04-09 22:27:03.146396,0 days 00:00:07.069233,476.0,1.0,114.2,156.9,0.0,COMPLETE
14852,0.6875,2026-04-09 22:27:03.167424,2026-04-09 22:27:09.945606,0 days 00:00:06.778182,483.0,2.0,115.2,153.8,0.23,COMPLETE
14853,0.825,2026-04-09 22:27:09.965411,2026-04-09 22:27:44.988602,0 days 00:00:35.023191,339.0,1.0,122.7,156.5,0.25,COMPLETE
14854,0.825,2026-04-09 22:27:45.010734,2026-04-09 22:28:40.871851,0 days 00:00:55.861117,351.0,2.0,124.4,154.8,0.3,COMPLETE
14855,0.6875,2026-04-09 22:28:40.891490,2026-04-09 22:28:47.998030,0 days 00:00:07.106540,296.0,3.0,120.7,153.2,1.49,COMPLETE
14856,0.825,2026-04-09 22:28:48.018399,2026-04-09 22:28:55.387015,0 days 00:00:07.368616,417.0,1.0,116.2,153.9,0.41000000000000003,COMPLETE
14857,0.825,2026-04-09 22:28:55.406559,2026-04-09 22:29:29.376181,0 days 00:00:33.969622,466.0,1.0,118.1,154.4,0.17,COMPLETE
14858,0.825,2026-04-09 22:29:29.398010,2026-04-09 22:30:03.478863,0 days 00:00:34.080853,451.0,1.0,120.4,157.0,0.54,COMPLETE
14859,0.6875,2026-04-09 22:30:03.500297,2026-04-09 22:30:11.006028,0 days 00:00:07.505731,356.0,1.0,115.2,155.0,0.22,COMPLETE
14860,0.825,2026-04-09 22:30:11.026122,2026-04-09 22:30:45.184112,0 days 00:00:34.157990,390.0,1.0,119.1,154.3,0.0,COMPLETE
14861,0.6875,2026-04-09 22:30:45.205827,2026-04-09 22:30:52.258528,0 days 00:00:07.052701,426.0,1.0,116.5,151.6,0.24,COMPLETE
14862,0.6875,2026-04-09 22:30:52.279653,2026-04-09 22:30:59.125858,0 days 00:00:06.846205,439.0,2.0,116.7,154.3,0.0,COMPLETE
14863,0.6875,2026-04-09 22:30:59.146980,2026-04-09 22:31:06.274378,0 days 00:00:07.127398,497.0,2.0,117.5,148.7,0.31,COMPLETE
14864,0.6875,2026-04-09 22:31:06.296905,2026-04-09 22:31:13.744043,0 days 00:00:07.447138,384.0,1.0,115.5,154.6,0.25,COMPLETE
14865,0.6875,2026-04-09 22:31:13.763098,2026-04-09 22:31:21.121327,0 days 00:00:07.358229,368.0,2.0,122.6,152.7,0.34,COMPLETE
14866,0.671875,2026-04-09 22:31:21.142691,2026-04-09 22:31:28.369659,0 days 00:00:07.226968,381.0,2.0,116.1,153.4,0.01,COMPLETE
14867,0.825,2026-04-09 22:31:28.389405,2026-04-09 22:32:02.986569,0 days 00:00:34.597164,465.0,2.0,122.7,154.7,0.21,COMPLETE
14868,0.6875,2026-04-09 22:32:03.009294,2026-04-09 22:32:10.817018,0 days 00:00:07.807724,170.0,3.0,117.9,158.0,0.81,COMPLETE
14869,0.6875,2026-04-09 22:32:10.837959,2026-04-09 22:32:17.655892,0 days 00:00:06.817933,409.0,1.0,116.4,154.1,0.4,COMPLETE
14870,0.6875,2026-04-09 22:32:17.676410,2026-04-09 22:32:25.141183,0 days 00:00:07.464773,238.0,2.0,124.2,155.1,0.38,COMPLETE
14871,0.825,2026-04-09 22:32:25.162078,2026-04-09 22:32:32.900277,0 days 00:00:07.738199,368.0,1.0,116.9,154.1,0.0,COMPLETE
14872,0.6875,2026-04-09 22:32:32.920592,2026-04-09 22:32:40.706564,0 days 00:00:07.785972,171.0,1.0,118.3,159.9,1.6500000000000001,COMPLETE
14873,0.6875,2026-04-09 22:32:40.727658,2026-04-09 22:32:48.124506,0 days 00:00:07.396848,310.0,1.0,115.0,153.1,0.45,COMPLETE
14874,0.6875,2026-04-09 22:32:48.145230,2026-04-09 22:32:54.900065,0 days 00:00:06.754835,498.0,1.0,113.1,153.8,0.24,COMPLETE
14875,0.6875,2026-04-09 22:32:54.921264,2026-04-09 22:33:01.971915,0 days 00:00:07.050651,424.0,1.0,114.7,155.7,0.02,COMPLETE
14876,0.825,2026-04-09 22:33:01.992953,2026-04-09 22:33:36.961918,0 days 00:00:34.968965,473.0,2.0,124.6,154.2,0.47000000000000003,COMPLETE
14877,0.825,2026-04-09 22:33:36.983408,2026-04-09 22:34:11.259037,0 days 00:00:34.275629,293.0,3.0,122.8,155.2,0.02,COMPLETE
14878,0.6875,2026-04-09 22:34:11.280622,2026-04-09 22:34:18.497246,0 days 00:00:07.216624,391.0,1.0,117.9,157.7,0.41000000000000003,COMPLETE
14879,0.825,2026-04-09 22:34:18.517170,2026-04-09 22:34:52.726310,0 days 00:00:34.209140,397.0,1.0,117.8,155.5,0.23,COMPLETE
14880,0.6875,2026-04-09 22:34:52.747758,2026-04-09 22:34:59.622611,0 days 00:00:06.874853,395.0,1.0,116.8,153.4,0.0,COMPLETE
14881,0.6875,2026-04-09 22:34:59.643427,2026-04-09 22:35:06.551206,0 days 00:00:06.907779,377.0,1.0,119.7,153.8,0.45,COMPLETE
14882,0.6875,2026-04-09 22:35:06.570350,2026-04-09 22:35:14.294330,0 days 00:00:07.723980,186.0,2.0,125.1,157.1,1.35,COMPLETE
14883,0.6875,2026-04-09 22:35:14.315087,2026-04-09 22:35:21.317482,0 days 00:00:07.002395,488.0,3.0,121.1,154.8,0.56,COMPLETE
14884,0.6875,2026-04-09 22:35:21.337909,2026-04-09 22:35:28.483977,0 days 00:00:07.146068,276.0,2.0,120.3,151.4,1.62,COMPLETE
14885,0.825,2026-04-09 22:35:28.505212,2026-04-09 22:36:02.613990,0 days 00:00:34.108778,373.0,1.0,121.9,155.0,0.23,COMPLETE
14886,0.6875,2026-04-09 22:36:02.634659,2026-04-09 22:36:09.660216,0 days 00:00:07.025557,404.0,2.0,118.1,153.6,0.19,COMPLETE
14887,0.6875,2026-04-09 22:36:09.680569,2026-04-09 22:36:17.077899,0 days 00:00:07.397330,215.0,2.0,121.7,153.0,0.17,COMPLETE
14888,0.6875,2026-04-09 22:36:17.099531,2026-04-09 22:36:24.103369,0 days 00:00:07.003838,417.0,1.0,126.6,153.8,0.64,COMPLETE
14889,0.6875,2026-04-09 22:36:24.122627,2026-04-09 22:36:31.668139,0 days 00:00:07.545512,434.0,1.0,117.8,154.1,0.51,COMPLETE
14890,0.6875,2026-04-09 22:36:31.691092,2026-04-09 22:36:38.537873,0 days 00:00:06.846781,453.0,1.0,120.5,154.4,0.42,COMPLETE
14891,0.6875,2026-04-09 22:36:38.557986,2026-04-09 22:36:45.719529,0 days 00:00:07.161543,360.0,1.0,118.1,157.6,0.96,COMPLETE
14892,0.6875,2026-04-09 22:36:45.742722,2026-04-09 22:36:53.096656,0 days 00:00:07.353934,400.0,1.0,113.3,151.9,0.61,COMPLETE
14893,0.6875,2026-04-09 22:36:53.116368,2026-04-09 22:37:00.743949,0 days 00:00:07.627581,294.0,2.0,120.6,154.6,0.62,COMPLETE
14894,0.6875,2026-04-09 22:37:00.765364,2026-04-09 22:37:07.862947,0 days 00:00:07.097583,229.0,3.0,121.4,151.2,0.25,COMPLETE
14895,0.6875,2026-04-09 22:37:07.883043,2026-04-09 22:37:14.922513,0 days 00:00:07.039470,341.0,1.0,117.8,154.0,0.2,COMPLETE
14896,0.6875,2026-04-09 22:37:14.944506,2026-04-09 22:37:22.119028,0 days 00:00:07.174522,390.0,1.0,123.6,154.4,0.23,COMPLETE
14897,0.6875,2026-04-09 22:37:22.137503,2026-04-09 22:37:29.547359,0 days 00:00:07.409856,499.0,1.0,116.1,152.4,0.29,COMPLETE
14898,0.825,2026-04-09 22:37:29.569727,2026-04-09 22:38:03.708438,0 days 00:00:34.138711,470.0,2.0,117.7,155.1,0.02,COMPLETE
14899,0.6875,2026-04-09 22:38:03.729843,2026-04-09 22:38:10.884771,0 days 00:00:07.154928,397.0,2.0,115.3,155.4,0.01,COMPLETE
14900,0.825,2026-04-09 22:38:10.905355,2026-04-09 22:38:45.672353,0 days 00:00:34.766998,288.0,2.0,122.4,155.4,0.0,COMPLETE
14901,0.6875,2026-04-09 22:38:45.694347,2026-04-09 22:38:53.114180,0 days 00:00:07.419833,464.0,1.0,116.0,153.8,0.51,COMPLETE
14902,0.6875,2026-04-09 22:38:53.133024,2026-04-09 22:39:00.028689,0 days 00:00:06.895665,457.0,1.0,117.5,157.3,0.21,COMPLETE
14903,0.6875,2026-04-09 22:39:00.047590,2026-04-09 22:39:07.042346,0 days 00:00:06.994756,414.0,2.0,116.1,153.1,0.0,COMPLETE
14904,0.6875,2026-04-09 22:39:07.063475,2026-04-09 22:39:13.636580,0 days 00:00:06.573105,369.0,1.0,116.7,152.9,0.24,COMPLETE
14905,0.825,2026-04-09 22:39:13.657205,2026-04-09 22:39:48.389863,0 days 00:00:34.732658,431.0,1.0,123.6,156.1,0.32,COMPLETE
14906,0.825,2026-04-09 22:39:48.411553,2026-04-09 22:40:22.970682,0 days 00:00:34.559129,469.0,1.0,117.8,153.6,0.0,COMPLETE
14907,0.6875,2026-04-09 22:40:22.992398,2026-04-09 22:40:30.235676,0 days 00:00:07.243278,235.0,2.0,120.1,154.7,0.02,COMPLETE
14908,0.6875,2026-04-09 22:40:30.256625,2026-04-09 22:40:37.111158,0 days 00:00:06.854533,384.0,1.0,115.9,152.1,0.59,COMPLETE
14909,0.825,2026-04-09 22:40:37.132570,2026-04-09 22:41:11.331717,0 days 00:00:34.199147,441.0,1.0,117.9,155.2,0.01,COMPLETE
14910,0.6875,2026-04-09 22:41:11.351499,2026-04-09 22:41:18.698468,0 days 00:00:07.346969,500.0,2.0,125.8,157.3,0.72,COMPLETE
14911,0.6875,2026-04-09 22:41:18.719906,2026-04-09 22:41:26.477725,0 days 00:00:07.757819,446.0,1.0,114.6,152.9,0.24,COMPLETE
14912,0.825,2026-04-09 22:41:26.496538,2026-04-09 22:42:01.780367,0 days 00:00:35.283829,322.0,2.0,125.6,156.4,0.01,COMPLETE
14913,0.6875,2026-04-09 22:42:01.803962,2026-04-09 22:42:09.205411,0 days 00:00:07.401449,431.0,1.0,118.6,151.4,0.62,COMPLETE
14914,0.6875,2026-04-09 22:42:09.226042,2026-04-09 22:42:16.317399,0 days 00:00:07.091357,401.0,1.0,115.7,157.3,0.28,COMPLETE
14915,0.825,2026-04-09 22:42:16.336885,2026-04-09 22:42:50.720584,0 days 00:00:34.383699,441.0,1.0,120.8,156.9,0.24,COMPLETE
14916,0.6875,2026-04-09 22:42:50.742798,2026-04-09 22:42:57.657661,0 days 00:00:06.914863,458.0,1.0,116.6,156.2,0.55,COMPLETE
14917,0.6875,2026-04-09 22:42:57.676678,2026-04-09 22:43:05.205243,0 days 00:00:07.528565,372.0,1.0,124.4,153.2,0.38,COMPLETE
14918,0.6875,2026-04-09 22:43:05.227571,2026-04-09 22:43:12.609527,0 days 00:00:07.381956,404.0,1.0,117.0,158.2,0.26,COMPLETE
14919,0.6875,2026-04-09 22:43:12.628793,2026-04-09 22:43:19.302891,0 days 00:00:06.674098,355.0,1.0,116.8,155.7,0.45,COMPLETE
14920,0.6875,2026-04-09 22:43:19.322770,2026-04-09 22:43:26.995706,0 days 00:00:07.672936,195.0,1.0,124.3,153.8,0.24,COMPLETE
14921,0.825,2026-04-09 22:43:27.015546,2026-04-09 22:43:34.771338,0 days 00:00:07.755792,366.0,1.0,116.8,154.5,0.25,COMPLETE
14922,0.6875,2026-04-09 22:43:34.790628,2026-04-09 22:43:41.618062,0 days 00:00:06.827434,500.0,2.0,114.6,154.2,0.24,COMPLETE
14923,0.6875,2026-04-09 22:43:41.639937,2026-04-09 22:43:48.721586,0 days 00:00:07.081649,400.0,1.0,117.9,153.8,0.24,COMPLETE
14924,0.6875,2026-04-09 22:43:48.741232,2026-04-09 22:43:55.534999,0 days 00:00:06.793767,374.0,1.0,115.5,153.5,0.27,COMPLETE
14925,0.6875,2026-04-09 22:43:55.555521,2026-04-09 22:44:02.574947,0 days 00:00:07.019426,282.0,1.0,117.4,152.5,0.2,COMPLETE
14926,0.6875,2026-04-09 22:44:02.596297,2026-04-09 22:44:09.494856,0 days 00:00:06.898559,365.0,2.0,117.7,155.4,0.23,COMPLETE
14927,0.6875,2026-04-09 22:44:09.515781,2026-04-09 22:44:17.003754,0 days 00:00:07.487973,282.0,2.0,124.3,156.8,0.2,COMPLETE
14928,0.825,2026-04-09 22:44:17.025064,2026-04-09 22:44:24.916462,0 days 00:00:07.891398,452.0,1.0,115.8,155.1,0.2,COMPLETE
14929,0.6875,2026-04-09 22:44:24.937350,2026-04-09 22:44:31.611693,0 days 00:00:06.674343,421.0,1.0,113.7,155.4,0.01,COMPLETE
14930,0.825,2026-04-09 22:44:31.632376,2026-04-09 22:44:37.695067,0 days 00:00:06.062691,335.0,2.0,122.2,155.0,0.23,COMPLETE
14931,0.6875,2026-04-09 22:44:37.711221,2026-04-09 22:44:45.074771,0 days 00:00:07.363550,416.0,1.0,114.2,154.0,0.22,COMPLETE
14932,0.6875,2026-04-09 22:44:45.098125,2026-04-09 22:44:51.747702,0 days 00:00:06.649577,426.0,1.0,117.1,155.2,0.18,COMPLETE
14933,0.015625,2026-04-09 22:44:51.767694,2026-04-09 22:44:58.249106,0 days 00:00:06.481412,471.0,1.0,116.5,155.9,0.26,COMPLETE
