number,value,datetime_start,datetime_complete,duration,params_voltage,params_width,params_x,params_y,params_z,state
8526,0.6875,2026-04-08 15:38:04.798385,2026-04-08 15:38:11.565756,0 days 00:00:06.767371,385.0,1.0,115.3,154.0,0.0,COMPLETE
8527,0.6875,2026-04-08 15:38:11.583028,2026-04-08 15:38:18.108366,0 days 00:00:06.525338,440.0,1.0,115.7,153.4,0.25,COMPLETE
8528,0.6875,2026-04-08 15:38:18.121844,2026-04-08 15:38:25.123119,0 days 00:00:07.001275,410.0,1.0,115.0,158.7,0.42,COMPLETE
8529,0.6875,2026-04-08 15:38:25.139708,2026-04-08 15:38:32.210394,0 days 00:00:07.070686,437.0,1.0,115.4,152.8,0.3,COMPLETE
8530,0.6875,2026-04-08 15:38:32.225756,2026-04-08 15:38:39.263512,0 days 00:00:07.037756,366.0,2.0,115.9,156.4,0.22,COMPLETE
8531,0.6875,2026-04-08 15:38:39.279791,2026-04-08 15:38:45.968172,0 days 00:00:06.688381,413.0,1.0,115.0,153.5,0.22,COMPLETE
8532,0.6875,2026-04-08 15:38:45.984145,2026-04-08 15:38:53.352192,0 days 00:00:07.368047,321.0,1.0,121.5,152.9,0.34,COMPLETE
8533,0.6875,2026-04-08 15:38:53.371031,2026-04-08 15:39:00.710799,0 days 00:00:07.339768,323.0,2.0,113.9,151.4,0.6,COMPLETE
8534,0.6875,2026-04-08 15:39:00.725862,2026-04-08 15:39:07.816796,0 days 00:00:07.090934,441.0,1.0,114.5,157.4,0.21,COMPLETE
8535,0.6875,2026-04-08 15:39:07.834274,2026-04-08 15:39:15.366751,0 days 00:00:07.532477,446.0,1.0,123.2,153.7,0.42,COMPLETE
8536,0.6875,2026-04-08 15:39:15.384581,2026-04-08 15:39:22.404145,0 days 00:00:07.019564,455.0,1.0,117.7,153.2,0.6,COMPLETE
8537,0.6875,2026-04-08 15:39:22.417848,2026-04-08 15:39:29.699245,0 days 00:00:07.281397,266.0,3.0,122.9,154.7,0.33,COMPLETE
8538,0.6875,2026-04-08 15:39:29.717111,2026-04-08 15:39:36.907879,0 days 00:00:07.190768,445.0,2.0,116.8,157.6,0.36,COMPLETE
8539,0.6875,2026-04-08 15:39:36.923417,2026-04-08 15:39:43.476896,0 days 00:00:06.553479,405.0,1.0,115.9,156.7,0.47000000000000003,COMPLETE
8540,0.6875,2026-04-08 15:39:43.494528,2026-04-08 15:39:51.186547,0 days 00:00:07.692019,257.0,3.0,124.2,155.3,0.02,COMPLETE
8541,0.6875,2026-04-08 15:39:51.202657,2026-04-08 15:39:58.393443,0 days 00:00:07.190786,371.0,2.0,118.4,152.1,0.0,COMPLETE
8542,0.825,2026-04-08 15:39:58.411813,2026-04-08 15:40:32.492214,0 days 00:00:34.080401,453.0,1.0,119.1,156.1,0.42,COMPLETE
8543,0.6875,2026-04-08 15:40:32.509655,2026-04-08 15:40:39.655386,0 days 00:00:07.145731,387.0,2.0,115.3,155.1,0.21,COMPLETE
8544,0.825,2026-04-08 15:40:39.671694,2026-04-08 15:41:13.692277,0 days 00:00:34.020583,440.0,1.0,117.0,153.9,0.0,COMPLETE
8545,0.6875,2026-04-08 15:41:13.709117,2026-04-08 15:41:21.037116,0 days 00:00:07.327999,300.0,3.0,122.1,153.6,0.9,COMPLETE
8546,0.825,2026-04-08 15:41:21.051390,2026-04-08 15:41:55.410811,0 days 00:00:34.359421,405.0,1.0,116.6,155.1,0.0,COMPLETE
8547,0.6875,2026-04-08 15:41:55.427543,2026-04-08 15:42:02.045907,0 days 00:00:06.618364,408.0,1.0,116.7,156.0,0.23,COMPLETE
8548,0.6875,2026-04-08 15:42:02.059490,2026-04-08 15:42:09.043874,0 days 00:00:06.984384,351.0,1.0,114.8,153.5,0.29,COMPLETE
8549,0.6875,2026-04-08 15:42:09.061285,2026-04-08 15:42:15.635257,0 days 00:00:06.573972,338.0,1.0,115.7,152.6,0.31,COMPLETE
8550,0.6875,2026-04-08 15:42:15.648518,2026-04-08 15:42:22.061913,0 days 00:00:06.413395,392.0,1.0,115.9,152.6,0.29,COMPLETE
8551,0.015625,2026-04-08 15:42:22.080817,2026-04-08 15:42:28.874174,0 days 00:00:06.793357,437.0,2.0,115.9,155.3,0.23,COMPLETE
8552,0.6875,2026-04-08 15:42:28.887298,2026-04-08 15:42:35.484966,0 days 00:00:06.597668,395.0,1.0,117.1,154.7,0.0,COMPLETE
8553,0.6875,2026-04-08 15:42:35.502378,2026-04-08 15:42:42.103962,0 days 00:00:06.601584,437.0,2.0,115.9,153.8,0.24,COMPLETE
8554,0.825,2026-04-08 15:42:42.118202,2026-04-08 15:43:16.321837,0 days 00:00:34.203635,388.0,1.0,119.8,156.9,0.49,COMPLETE
8555,0.6875,2026-04-08 15:43:16.339417,2026-04-08 15:43:23.841440,0 days 00:00:07.502023,312.0,2.0,114.2,153.7,0.19,COMPLETE
8556,0.6875,2026-04-08 15:43:23.858703,2026-04-08 15:43:30.551497,0 days 00:00:06.692794,438.0,1.0,116.2,154.7,0.74,COMPLETE
8557,0.825,2026-04-08 15:43:30.569328,2026-04-08 15:44:04.972326,0 days 00:00:34.402998,437.0,3.0,121.9,157.1,0.39,COMPLETE
8558,0.6875,2026-04-08 15:44:04.989044,2026-04-08 15:44:12.263324,0 days 00:00:07.274280,369.0,1.0,119.8,153.6,0.01,COMPLETE
8559,0.6875,2026-04-08 15:44:12.277329,2026-04-08 15:44:19.451049,0 days 00:00:07.173720,287.0,1.0,115.7,155.6,0.0,COMPLETE
8560,0.825,2026-04-08 15:44:19.468087,2026-04-08 15:44:54.112598,0 days 00:00:34.644511,455.0,2.0,123.0,156.6,0.25,COMPLETE
8561,0.825,2026-04-08 15:44:54.129415,2026-04-08 15:45:28.677732,0 days 00:00:34.548317,388.0,1.0,117.6,157.1,0.0,COMPLETE
8562,0.6875,2026-04-08 15:45:28.691069,2026-04-08 15:45:35.656514,0 days 00:00:06.965445,456.0,1.0,116.2,154.8,0.5700000000000001,COMPLETE
8563,0.825,2026-04-08 15:45:35.673327,2026-04-08 15:46:09.859468,0 days 00:00:34.186141,364.0,1.0,119.3,155.8,0.0,COMPLETE
8564,0.6875,2026-04-08 15:46:09.873430,2026-04-08 15:46:16.777469,0 days 00:00:06.904039,453.0,1.0,117.7,152.9,0.19,COMPLETE
8565,0.6875,2026-04-08 15:46:16.793684,2026-04-08 15:46:24.001044,0 days 00:00:07.207360,361.0,1.0,122.5,154.8,0.29,COMPLETE
8566,0.6875,2026-04-08 15:46:24.014942,2026-04-08 15:46:31.358179,0 days 00:00:07.343237,338.0,2.0,114.7,155.5,0.21,COMPLETE
8567,0.825,2026-04-08 15:46:31.374703,2026-04-08 15:47:05.663495,0 days 00:00:34.288792,455.0,1.0,118.6,153.0,0.19,COMPLETE
8568,0.825,2026-04-08 15:47:05.680157,2026-04-08 15:47:40.000597,0 days 00:00:34.320440,422.0,1.0,123.4,156.5,0.03,COMPLETE
8569,0.6875,2026-04-08 15:47:40.014035,2026-04-08 15:47:47.268420,0 days 00:00:07.254385,447.0,1.0,117.5,155.6,0.26,COMPLETE
8570,0.6875,2026-04-08 15:47:47.285475,2026-04-08 15:47:54.183001,0 days 00:00:06.897526,380.0,1.0,113.1,154.5,0.0,COMPLETE
8571,0.6875,2026-04-08 15:47:54.196417,2026-04-08 15:48:01.775745,0 days 00:00:07.579328,428.0,2.0,122.4,152.3,0.19,COMPLETE
8572,0.6875,2026-04-08 15:48:01.792933,2026-04-08 15:48:09.059139,0 days 00:00:07.266206,331.0,2.0,117.5,154.6,0.0,COMPLETE
8573,0.6875,2026-04-08 15:48:09.072534,2026-04-08 15:48:15.819782,0 days 00:00:06.747248,333.0,2.0,115.7,153.1,0.59,COMPLETE
8574,0.6875,2026-04-08 15:48:15.837613,2026-04-08 15:48:22.913185,0 days 00:00:07.075572,487.0,3.0,121.1,155.3,0.79,COMPLETE
8575,0.6875,2026-04-08 15:48:22.933054,2026-04-08 15:48:29.923563,0 days 00:00:06.990509,495.0,1.0,116.0,155.9,0.29,COMPLETE
8576,0.6875,2026-04-08 15:48:29.941258,2026-04-08 15:48:36.957920,0 days 00:00:07.016662,384.0,2.0,116.2,153.1,0.03,COMPLETE
8577,0.825,2026-04-08 15:48:36.975432,2026-04-08 15:49:11.396383,0 days 00:00:34.420951,343.0,1.0,120.6,156.3,0.42,COMPLETE
8578,0.825,2026-04-08 15:49:11.412272,2026-04-08 15:49:45.427219,0 days 00:00:34.014947,458.0,2.0,123.3,155.5,0.56,COMPLETE
8579,0.6875,2026-04-08 15:49:45.443836,2026-04-08 15:49:52.802850,0 days 00:00:07.359014,387.0,1.0,118.5,154.0,0.47000000000000003,COMPLETE
8580,0.825,2026-04-08 15:49:52.816168,2026-04-08 15:50:00.023725,0 days 00:00:07.207557,381.0,1.0,116.1,155.2,0.28,COMPLETE
8581,0.6875,2026-04-08 15:50:00.041166,2026-04-08 15:50:06.950336,0 days 00:00:06.909170,415.0,1.0,116.9,157.2,0.26,COMPLETE
8582,0.825,2026-04-08 15:50:06.963272,2026-04-08 15:50:40.967377,0 days 00:00:34.004105,415.0,1.0,118.8,154.7,0.0,COMPLETE
8583,0.6875,2026-04-08 15:50:40.984087,2026-04-08 15:50:47.685243,0 days 00:00:06.701156,500.0,1.0,115.6,153.1,0.58,COMPLETE
8584,0.6875,2026-04-08 15:50:47.701851,2026-04-08 15:50:54.413822,0 days 00:00:06.711971,382.0,2.0,115.0,154.3,0.01,COMPLETE
8585,0.6875,2026-04-08 15:50:54.431357,2026-04-08 15:51:01.321085,0 days 00:00:06.889728,328.0,1.0,117.7,155.0,0.24,COMPLETE
8586,0.825,2026-04-08 15:51:01.337854,2026-04-08 15:51:35.766820,0 days 00:00:34.428966,424.0,2.0,123.6,155.0,0.04,COMPLETE
8587,0.6875,2026-04-08 15:51:35.781311,2026-04-08 15:51:43.196183,0 days 00:00:07.414872,456.0,3.0,115.9,156.3,0.0,COMPLETE
8588,0.6875,2026-04-08 15:51:43.212995,2026-04-08 15:51:50.745055,0 days 00:00:07.532060,384.0,1.0,122.2,152.6,0.27,COMPLETE
8589,0.6875,2026-04-08 15:51:50.757963,2026-04-08 15:51:58.059411,0 days 00:00:07.301448,334.0,1.0,115.0,155.1,0.0,COMPLETE
8590,0.825,2026-04-08 15:51:58.076685,2026-04-08 15:52:32.373223,0 days 00:00:34.296538,450.0,1.0,118.1,152.7,0.0,COMPLETE
8591,0.6875,2026-04-08 15:52:32.390897,2026-04-08 15:52:39.817096,0 days 00:00:07.426199,317.0,2.0,123.1,152.5,0.21,COMPLETE
8592,0.825,2026-04-08 15:52:39.830307,2026-04-08 15:53:14.337921,0 days 00:00:34.507614,416.0,1.0,116.5,154.5,0.0,COMPLETE
8593,0.6875,2026-04-08 15:53:14.354538,2026-04-08 15:53:22.022297,0 days 00:00:07.667759,228.0,2.0,122.2,153.2,0.33,COMPLETE
8594,0.6875,2026-04-08 15:53:22.035519,2026-04-08 15:53:28.842371,0 days 00:00:06.806852,258.0,2.0,125.8,151.9,0.39,COMPLETE
8595,0.825,2026-04-08 15:53:28.859940,2026-04-08 15:54:03.498898,0 days 00:00:34.638958,357.0,1.0,121.1,157.1,0.01,COMPLETE
8596,0.6875,2026-04-08 15:54:03.516738,2026-04-08 15:54:10.510737,0 days 00:00:06.993999,400.0,2.0,117.3,155.0,0.62,COMPLETE
8597,0.6875,2026-04-08 15:54:10.524594,2026-04-08 15:54:17.198281,0 days 00:00:06.673687,453.0,1.0,115.9,156.5,0.06,COMPLETE
8598,0.6875,2026-04-08 15:54:17.216258,2026-04-08 15:54:24.183266,0 days 00:00:06.967008,372.0,1.0,117.5,157.2,0.39,COMPLETE
8599,0.825,2026-04-08 15:54:24.197783,2026-04-08 15:54:58.528259,0 days 00:00:34.330476,420.0,1.0,122.6,156.4,0.52,COMPLETE
8600,0.825,2026-04-08 15:54:58.545281,2026-04-08 15:55:54.333713,0 days 00:00:55.788432,396.0,1.0,124.6,154.1,0.04,COMPLETE
8601,0.825,2026-04-08 15:55:54.346940,2026-04-08 15:56:28.639124,0 days 00:00:34.292184,353.0,1.0,118.5,154.6,0.52,COMPLETE
8602,0.6875,2026-04-08 15:56:28.656841,2026-04-08 15:56:35.547968,0 days 00:00:06.891127,403.0,1.0,115.0,155.4,0.35000000000000003,COMPLETE
8603,0.6875,2026-04-08 15:56:35.564603,2026-04-08 15:56:42.624092,0 days 00:00:07.059489,416.0,1.0,120.5,154.7,0.54,COMPLETE
8604,0.825,2026-04-08 15:56:42.642262,2026-04-08 15:57:16.781641,0 days 00:00:34.139379,329.0,2.0,119.2,154.7,0.39,COMPLETE
8605,0.825,2026-04-08 15:57:16.798833,2026-04-08 15:57:22.341476,0 days 00:00:05.542643,412.0,1.0,125.6,154.7,0.52,COMPLETE
8606,0.825,2026-04-08 15:57:22.358578,2026-04-08 15:57:56.990367,0 days 00:00:34.631789,446.0,2.0,117.6,155.8,0.0,COMPLETE
8607,0.6875,2026-04-08 15:57:57.007727,2026-04-08 15:58:04.283277,0 days 00:00:07.275550,446.0,1.0,113.0,152.2,0.21,COMPLETE
8608,0.6875,2026-04-08 15:58:04.300504,2026-04-08 15:58:11.080172,0 days 00:00:06.779668,391.0,1.0,114.6,155.4,0.62,COMPLETE
8609,0.825,2026-04-08 15:58:11.098854,2026-04-08 15:58:45.853463,0 days 00:00:34.754609,447.0,1.0,123.0,155.5,0.32,COMPLETE
8610,0.6875,2026-04-08 15:58:45.866897,2026-04-08 15:58:53.250811,0 days 00:00:07.383914,459.0,1.0,115.9,157.1,0.01,COMPLETE
8611,0.825,2026-04-08 15:58:53.267944,2026-04-08 15:59:27.328938,0 days 00:00:34.060994,498.0,2.0,118.3,155.0,0.39,COMPLETE
8612,0.825,2026-04-08 15:59:27.346005,2026-04-08 16:00:01.624609,0 days 00:00:34.278604,435.0,1.0,121.7,153.0,0.05,COMPLETE
8613,0.6875,2026-04-08 16:00:01.642789,2026-04-08 16:00:09.377221,0 days 00:00:07.734432,373.0,1.0,114.3,156.3,0.15,COMPLETE
8614,0.825,2026-04-08 16:00:09.394337,2026-04-08 16:01:06.148145,0 days 00:00:56.753808,392.0,2.0,124.9,154.5,0.31,COMPLETE
8615,0.6875,2026-04-08 16:01:06.165619,2026-04-08 16:01:13.531964,0 days 00:00:07.366345,362.0,1.0,116.0,154.5,0.51,COMPLETE
8616,0.825,2026-04-08 16:01:13.548966,2026-04-08 16:01:47.630729,0 days 00:00:34.081763,334.0,1.0,118.6,154.6,0.25,COMPLETE
8617,0.6875,2026-04-08 16:01:47.646043,2026-04-08 16:01:54.739690,0 days 00:00:07.093647,440.0,2.0,123.6,153.2,0.56,COMPLETE
8618,0.825,2026-04-08 16:01:54.756552,2026-04-08 16:02:29.097102,0 days 00:00:34.340550,338.0,3.0,121.7,156.2,0.08,COMPLETE
8619,0.6875,2026-04-08 16:02:29.113692,2026-04-08 16:02:36.256046,0 days 00:00:07.142354,428.0,2.0,116.7,156.0,0.6,COMPLETE
8620,0.6875,2026-04-08 16:02:36.273228,2026-04-08 16:02:43.030274,0 days 00:00:06.757046,433.0,1.0,116.0,153.8,0.21,COMPLETE
8621,0.6875,2026-04-08 16:02:43.044106,2026-04-08 16:02:49.786600,0 days 00:00:06.742494,435.0,1.0,113.5,154.2,0.25,COMPLETE
8622,0.6875,2026-04-08 16:02:49.801881,2026-04-08 16:02:56.577253,0 days 00:00:06.775372,448.0,1.0,116.0,154.8,0.45,COMPLETE
8623,0.825,2026-04-08 16:02:56.592484,2026-04-08 16:03:30.504666,0 days 00:00:33.912182,467.0,1.0,117.3,156.1,0.22,COMPLETE
8624,0.6875,2026-04-08 16:03:30.522337,2026-04-08 16:03:37.486177,0 days 00:00:06.963840,313.0,1.0,116.3,157.3,0.01,COMPLETE
8625,0.6875,2026-04-08 16:03:37.503990,2026-04-08 16:03:44.339982,0 days 00:00:06.835992,494.0,1.0,113.5,156.6,0.41000000000000003,COMPLETE
8626,0.6875,2026-04-08 16:03:44.355214,2026-04-08 16:03:50.897728,0 days 00:00:06.542514,433.0,1.0,113.0,157.3,0.02,COMPLETE
8627,0.6875,2026-04-08 16:03:50.911649,2026-04-08 16:03:58.148478,0 days 00:00:07.236829,363.0,2.0,117.6,154.9,0.27,COMPLETE
8628,0.825,2026-04-08 16:03:58.162609,2026-04-08 16:04:04.156280,0 days 00:00:05.993671,270.0,2.0,125.2,154.2,0.33,COMPLETE
8629,0.6875,2026-04-08 16:04:04.174115,2026-04-08 16:04:11.703334,0 days 00:00:07.529219,426.0,1.0,117.4,157.2,0.48,COMPLETE
8630,0.6875,2026-04-08 16:04:11.718403,2026-04-08 16:04:18.931179,0 days 00:00:07.212776,287.0,2.0,121.7,155.7,0.19,COMPLETE
8631,0.6875,2026-04-08 16:04:18.948475,2026-04-08 16:04:25.937138,0 days 00:00:06.988663,430.0,1.0,119.4,151.3,0.36,COMPLETE
8632,0.825,2026-04-08 16:04:25.953326,2026-04-08 16:05:00.396207,0 days 00:00:34.442881,489.0,2.0,121.9,156.3,0.63,COMPLETE
8633,0.6875,2026-04-08 16:05:00.415237,2026-04-08 16:05:07.726351,0 days 00:00:07.311114,377.0,1.0,116.4,152.9,0.36,COMPLETE
8634,0.671875,2026-04-08 16:05:07.743286,2026-04-08 16:05:14.137751,0 days 00:00:06.394465,388.0,1.0,116.5,153.3,0.0,COMPLETE
8635,0.6875,2026-04-08 16:05:14.155555,2026-04-08 16:05:21.260993,0 days 00:00:07.105438,267.0,3.0,118.0,158.4,0.14,COMPLETE
8636,0.825,2026-04-08 16:05:21.278039,2026-04-08 16:05:55.145695,0 days 00:00:33.867656,431.0,1.0,118.2,157.3,0.26,COMPLETE
8637,0.6875,2026-04-08 16:05:55.159704,2026-04-08 16:06:02.284649,0 days 00:00:07.124945,446.0,2.0,114.6,154.4,0.35000000000000003,COMPLETE
8638,0.6875,2026-04-08 16:06:02.301789,2026-04-08 16:06:09.864408,0 days 00:00:07.562619,347.0,2.0,123.9,154.2,0.5,COMPLETE
8639,0.6875,2026-04-08 16:06:09.881399,2026-04-08 16:06:17.033102,0 days 00:00:07.151703,470.0,1.0,116.1,155.0,0.31,COMPLETE
8640,0.6875,2026-04-08 16:06:17.051321,2026-04-08 16:06:23.854134,0 days 00:00:06.802813,294.0,1.0,114.7,153.3,0.48,COMPLETE
8641,0.825,2026-04-08 16:06:23.867908,2026-04-08 16:06:59.379534,0 days 00:00:35.511626,338.0,2.0,124.6,155.6,0.42,COMPLETE
8642,0.6875,2026-04-08 16:06:59.394213,2026-04-08 16:07:06.172610,0 days 00:00:06.778397,261.0,2.0,123.5,156.6,0.5700000000000001,COMPLETE
8643,0.6875,2026-04-08 16:07:06.189934,2026-04-08 16:07:13.311944,0 days 00:00:07.122010,498.0,1.0,116.2,157.6,0.66,COMPLETE
8644,0.6875,2026-04-08 16:07:13.326476,2026-04-08 16:07:20.530574,0 days 00:00:07.204098,325.0,2.0,117.9,151.5,0.32,COMPLETE
8645,0.825,2026-04-08 16:07:20.548840,2026-04-08 16:07:25.960409,0 days 00:00:05.411569,343.0,1.0,122.6,154.5,0.03,COMPLETE
8646,0.6875,2026-04-08 16:07:25.976438,2026-04-08 16:07:33.145901,0 days 00:00:07.169463,486.0,1.0,115.6,154.1,0.0,COMPLETE
8647,0.825,2026-04-08 16:07:33.163483,2026-04-08 16:08:07.244030,0 days 00:00:34.080547,380.0,1.0,116.7,155.6,0.02,COMPLETE
8648,0.6875,2026-04-08 16:08:07.258615,2026-04-08 16:08:14.580051,0 days 00:00:07.321436,179.0,3.0,118.6,157.1,0.44,COMPLETE
8649,0.6875,2026-04-08 16:08:14.597896,2026-04-08 16:08:21.668394,0 days 00:00:07.070498,419.0,1.0,115.5,152.6,0.81,COMPLETE
8650,0.825,2026-04-08 16:08:21.683205,2026-04-08 16:08:26.814199,0 days 00:00:05.130994,415.0,1.0,116.2,154.7,0.43,COMPLETE
8651,0.6875,2026-04-08 16:08:26.831227,2026-04-08 16:08:33.909945,0 days 00:00:07.078718,500.0,1.0,113.7,150.3,0.08,COMPLETE
8652,0.671875,2026-04-08 16:08:33.924148,2026-04-08 16:08:41.680604,0 days 00:00:07.756456,370.0,1.0,121.1,155.0,0.7000000000000001,COMPLETE
8653,0.6875,2026-04-08 16:08:41.698469,2026-04-08 16:08:48.509648,0 days 00:00:06.811179,410.0,1.0,117.3,154.8,0.21,COMPLETE
8654,0.6875,2026-04-08 16:08:48.525235,2026-04-08 16:08:55.297512,0 days 00:00:06.772277,446.0,1.0,117.4,158.3,0.25,COMPLETE
8655,0.825,2026-04-08 16:08:55.314399,2026-04-08 16:09:29.437815,0 days 00:00:34.123416,474.0,1.0,119.6,154.4,0.43,COMPLETE
8656,0.825,2026-04-08 16:09:29.455944,2026-04-08 16:09:36.780116,0 days 00:00:07.324172,448.0,1.0,115.3,154.4,0.0,COMPLETE
8657,0.6875,2026-04-08 16:09:36.800187,2026-04-08 16:09:43.480649,0 days 00:00:06.680462,410.0,2.0,114.9,152.1,0.05,COMPLETE
8658,0.6875,2026-04-08 16:09:43.498658,2026-04-08 16:09:50.988165,0 days 00:00:07.489507,303.0,2.0,123.5,152.7,0.04,COMPLETE
8659,0.825,2026-04-08 16:09:51.000933,2026-04-08 16:10:25.485026,0 days 00:00:34.484093,254.0,2.0,119.1,155.2,0.35000000000000003,COMPLETE
8660,0.6875,2026-04-08 16:10:25.502209,2026-04-08 16:10:32.315450,0 days 00:00:06.813241,379.0,1.0,117.7,155.5,0.25,COMPLETE
8661,0.825,2026-04-08 16:10:32.329694,2026-04-08 16:11:06.216237,0 days 00:00:33.886543,443.0,1.0,119.2,156.1,0.0,COMPLETE
8662,0.825,2026-04-08 16:11:06.231483,2026-04-08 16:11:19.687653,0 days 00:00:13.456170,467.0,1.0,117.7,154.3,0.01,COMPLETE
8663,0.6875,2026-04-08 16:11:19.705287,2026-04-08 16:11:27.194196,0 days 00:00:07.488909,351.0,1.0,123.5,156.4,0.75,COMPLETE
8664,0.6875,2026-04-08 16:11:27.210940,2026-04-08 16:11:33.993789,0 days 00:00:06.782849,375.0,2.0,120.5,154.6,0.26,COMPLETE
8665,0.6875,2026-04-08 16:11:34.011145,2026-04-08 16:11:40.780442,0 days 00:00:06.769297,414.0,1.0,117.9,153.7,0.24,COMPLETE
8666,0.6875,2026-04-08 16:11:40.797456,2026-04-08 16:11:47.459846,0 days 00:00:06.662390,411.0,1.0,116.7,152.5,0.27,COMPLETE
8667,0.6875,2026-04-08 16:11:47.478275,2026-04-08 16:11:54.800373,0 days 00:00:07.322098,492.0,3.0,121.2,158.4,0.16,COMPLETE
8668,0.6875,2026-04-08 16:11:54.816105,2026-04-08 16:12:02.333773,0 days 00:00:07.517668,417.0,1.0,115.0,154.9,0.01,COMPLETE
8669,0.6875,2026-04-08 16:12:02.351196,2026-04-08 16:12:09.336900,0 days 00:00:06.985704,481.0,1.0,116.5,150.1,0.45,COMPLETE
8670,0.825,2026-04-08 16:12:09.352200,2026-04-08 16:12:44.530530,0 days 00:00:35.178330,311.0,3.0,123.6,157.3,0.05,COMPLETE
8671,0.6875,2026-04-08 16:12:44.546375,2026-04-08 16:12:52.066651,0 days 00:00:07.520276,311.0,2.0,116.2,155.5,0.53,COMPLETE
8672,0.6875,2026-04-08 16:12:52.084330,2026-04-08 16:12:58.640602,0 days 00:00:06.556272,436.0,1.0,117.3,155.5,0.21,COMPLETE
8673,0.6875,2026-04-08 16:12:58.656197,2026-04-08 16:13:05.418335,0 days 00:00:06.762138,473.0,1.0,119.6,155.1,1.01,COMPLETE
8674,0.6875,2026-04-08 16:13:05.436006,2026-04-08 16:13:12.666561,0 days 00:00:07.230555,227.0,2.0,121.8,154.4,0.01,COMPLETE
8675,0.6875,2026-04-08 16:13:12.684217,2026-04-08 16:13:19.876323,0 days 00:00:07.192106,342.0,1.0,115.9,151.5,0.0,COMPLETE
8676,0.6875,2026-04-08 16:13:19.893865,2026-04-08 16:13:26.760581,0 days 00:00:06.866716,500.0,2.0,117.5,155.4,0.06,COMPLETE
8677,0.6875,2026-04-08 16:13:26.775493,2026-04-08 16:13:33.560145,0 days 00:00:06.784652,495.0,1.0,121.0,155.5,0.78,COMPLETE
8678,0.6875,2026-04-08 16:13:33.578460,2026-04-08 16:13:41.251762,0 days 00:00:07.673302,379.0,1.0,113.0,153.0,0.52,COMPLETE
8679,0.6875,2026-04-08 16:13:41.265755,2026-04-08 16:13:48.699120,0 days 00:00:07.433365,450.0,2.0,121.3,153.2,0.42,COMPLETE
8680,0.6875,2026-04-08 16:13:48.717680,2026-04-08 16:13:55.567639,0 days 00:00:06.849959,394.0,2.0,117.3,154.2,0.0,COMPLETE
8681,0.6875,2026-04-08 16:13:55.582356,2026-04-08 16:14:02.323634,0 days 00:00:06.741278,459.0,1.0,114.2,154.7,0.29,COMPLETE
8682,0.6875,2026-04-08 16:14:02.341542,2026-04-08 16:14:08.979686,0 days 00:00:06.638144,474.0,1.0,113.8,153.0,0.39,COMPLETE
8683,0.6875,2026-04-08 16:14:08.997551,2026-04-08 16:14:15.772620,0 days 00:00:06.775069,451.0,1.0,116.7,153.2,0.24,COMPLETE
8684,0.6875,2026-04-08 16:14:15.790268,2026-04-08 16:14:22.451943,0 days 00:00:06.661675,403.0,1.0,114.9,152.7,0.27,COMPLETE
8685,0.825,2026-04-08 16:14:22.470079,2026-04-08 16:14:56.595578,0 days 00:00:34.125499,474.0,1.0,118.3,154.3,0.0,COMPLETE
8686,0.825,2026-04-08 16:14:56.610669,2026-04-08 16:15:30.622538,0 days 00:00:34.011869,324.0,1.0,117.9,153.3,0.0,COMPLETE
8687,0.825,2026-04-08 16:15:30.640722,2026-04-08 16:16:04.712016,0 days 00:00:34.071294,500.0,1.0,118.6,156.8,0.34,COMPLETE
8688,0.6875,2026-04-08 16:16:04.730699,2026-04-08 16:16:12.082341,0 days 00:00:07.351642,380.0,1.0,117.5,152.2,0.23,COMPLETE
8689,0.6875,2026-04-08 16:16:12.096141,2026-04-08 16:16:18.853407,0 days 00:00:06.757266,405.0,1.0,115.0,154.7,0.28,COMPLETE
8690,0.6875,2026-04-08 16:16:18.868773,2026-04-08 16:16:25.430181,0 days 00:00:06.561408,445.0,1.0,115.3,153.6,0.01,COMPLETE
8691,0.6875,2026-04-08 16:16:25.447554,2026-04-08 16:16:32.459106,0 days 00:00:07.011552,422.0,1.0,120.5,154.3,0.22,COMPLETE
8692,0.6875,2026-04-08 16:16:32.473361,2026-04-08 16:16:39.827354,0 days 00:00:07.353993,457.0,1.0,113.0,152.3,0.02,COMPLETE
8693,0.6875,2026-04-08 16:16:39.844553,2026-04-08 16:16:46.741710,0 days 00:00:06.897157,451.0,2.0,115.2,156.4,0.01,COMPLETE
8694,0.825,2026-04-08 16:16:46.759529,2026-04-08 16:17:21.240636,0 days 00:00:34.481107,345.0,1.0,119.7,155.0,0.0,COMPLETE
8695,0.825,2026-04-08 16:17:21.254681,2026-04-08 16:17:55.295058,0 days 00:00:34.040377,446.0,2.0,122.7,156.1,0.87,COMPLETE
8696,0.6875,2026-04-08 16:17:55.312680,2026-04-08 16:18:02.775852,0 days 00:00:07.463172,446.0,1.0,115.4,156.1,0.19,COMPLETE
8697,0.6875,2026-04-08 16:18:02.789972,2026-04-08 16:18:09.293628,0 days 00:00:06.503656,401.0,1.0,114.6,156.0,0.0,COMPLETE
8698,0.6875,2026-04-08 16:18:09.311684,2026-04-08 16:18:15.890929,0 days 00:00:06.579245,495.0,2.0,115.6,155.8,0.32,COMPLETE
8699,0.6875,2026-04-08 16:18:15.905679,2026-04-08 16:18:22.379834,0 days 00:00:06.474155,451.0,2.0,115.4,155.4,0.01,COMPLETE
