number,value,datetime_start,datetime_complete,duration,params_voltage,params_width,params_x,params_y,params_z,state
11131,0.6875,2026-04-09 01:39:07.740128,2026-04-09 01:39:14.385596,0 days 00:00:06.645468,446.0,2.0,116.1,154.8,0.31,COMPLETE
11132,0.6875,2026-04-09 01:39:14.403179,2026-04-09 01:39:20.938817,0 days 00:00:06.535638,385.0,1.0,115.7,153.3,0.0,COMPLETE
11133,0.6875,2026-04-09 01:39:20.957908,2026-04-09 01:39:27.691590,0 days 00:00:06.733682,388.0,1.0,114.7,157.2,0.48,COMPLETE
11134,0.6875,2026-04-09 01:39:27.708314,2026-04-09 01:39:35.023158,0 days 00:00:07.314844,247.0,3.0,120.8,154.4,0.06,COMPLETE
11135,0.6875,2026-04-09 01:39:35.042589,2026-04-09 01:39:42.040733,0 days 00:00:06.998144,425.0,1.0,114.6,154.9,0.6,COMPLETE
11136,0.6875,2026-04-09 01:39:42.057648,2026-04-09 01:39:48.882882,0 days 00:00:06.825234,357.0,1.0,116.1,153.3,0.58,COMPLETE
11137,0.6875,2026-04-09 01:39:48.901755,2026-04-09 01:39:55.642220,0 days 00:00:06.740465,388.0,2.0,115.0,157.2,0.54,COMPLETE
11138,0.6875,2026-04-09 01:39:55.660536,2026-04-09 01:40:02.560294,0 days 00:00:06.899758,392.0,1.0,115.7,151.9,0.52,COMPLETE
11139,0.6875,2026-04-09 01:40:02.579720,2026-04-09 01:40:10.291690,0 days 00:00:07.711970,180.0,2.0,123.0,155.7,0.37,COMPLETE
11140,0.6875,2026-04-09 01:40:10.309880,2026-04-09 01:40:17.245727,0 days 00:00:06.935847,447.0,1.0,117.3,154.5,0.33,COMPLETE
11141,0.6875,2026-04-09 01:40:17.265076,2026-04-09 01:40:24.062401,0 days 00:00:06.797325,356.0,1.0,116.2,156.0,0.48,COMPLETE
11142,0.825,2026-04-09 01:40:24.080968,2026-04-09 01:40:58.280565,0 days 00:00:34.199597,387.0,1.0,119.3,153.5,0.0,COMPLETE
11143,0.825,2026-04-09 01:40:58.300385,2026-04-09 01:41:32.328047,0 days 00:00:34.027662,357.0,1.0,117.7,156.4,0.23,COMPLETE
11144,0.6875,2026-04-09 01:41:32.346707,2026-04-09 01:41:39.126143,0 days 00:00:06.779436,389.0,1.0,116.7,154.9,0.51,COMPLETE
11145,0.6875,2026-04-09 01:41:39.145506,2026-04-09 01:41:46.467398,0 days 00:00:07.321892,314.0,1.0,122.3,155.7,0.46,COMPLETE
11146,0.825,2026-04-09 01:41:46.485574,2026-04-09 01:42:20.697568,0 days 00:00:34.211994,383.0,1.0,118.6,156.5,0.0,COMPLETE
11147,0.6875,2026-04-09 01:42:20.717074,2026-04-09 01:42:28.159817,0 days 00:00:07.442743,262.0,1.0,120.4,151.3,0.36,COMPLETE
11148,0.6875,2026-04-09 01:42:28.180241,2026-04-09 01:42:34.987394,0 days 00:00:06.807153,423.0,1.0,118.3,152.6,0.52,COMPLETE
11149,0.6875,2026-04-09 01:42:35.005442,2026-04-09 01:42:42.206259,0 days 00:00:07.200817,293.0,2.0,122.4,154.6,0.42,COMPLETE
11150,0.6875,2026-04-09 01:42:42.223899,2026-04-09 01:42:49.053962,0 days 00:00:06.830063,329.0,2.0,118.7,154.0,0.25,COMPLETE
11151,0.6875,2026-04-09 01:42:49.071573,2026-04-09 01:42:55.932646,0 days 00:00:06.861073,431.0,1.0,114.8,154.2,0.24,COMPLETE
11152,0.6875,2026-04-09 01:42:55.952064,2026-04-09 01:43:02.691461,0 days 00:00:06.739397,460.0,1.0,116.2,152.7,0.59,COMPLETE
11153,0.671875,2026-04-09 01:43:02.709041,2026-04-09 01:43:09.711117,0 days 00:00:07.002076,347.0,1.0,119.4,152.2,0.39,COMPLETE
11154,0.6875,2026-04-09 01:43:09.729852,2026-04-09 01:43:16.875488,0 days 00:00:07.145636,332.0,1.0,113.4,152.8,0.18,COMPLETE
11155,0.6875,2026-04-09 01:43:16.891713,2026-04-09 01:43:23.678515,0 days 00:00:06.786802,381.0,1.0,116.1,150.9,0.0,COMPLETE
11156,0.6875,2026-04-09 01:43:23.697361,2026-04-09 01:43:30.438746,0 days 00:00:06.741385,402.0,2.0,117.0,153.8,0.45,COMPLETE
11157,0.6875,2026-04-09 01:43:30.455602,2026-04-09 01:43:36.963994,0 days 00:00:06.508392,390.0,1.0,117.3,154.0,0.22,COMPLETE
11158,0.6875,2026-04-09 01:43:36.983325,2026-04-09 01:43:43.767697,0 days 00:00:06.784372,454.0,1.0,114.1,153.2,0.0,COMPLETE
11159,0.6875,2026-04-09 01:43:43.786478,2026-04-09 01:43:50.599033,0 days 00:00:06.812555,465.0,1.0,117.2,155.0,0.27,COMPLETE
11160,0.6875,2026-04-09 01:43:50.618604,2026-04-09 01:43:57.344806,0 days 00:00:06.726202,452.0,2.0,116.3,157.2,0.26,COMPLETE
11161,0.825,2026-04-09 01:43:57.362885,2026-04-09 01:44:31.806047,0 days 00:00:34.443162,304.0,1.0,116.9,154.1,0.03,COMPLETE
11162,0.825,2026-04-09 01:44:31.824228,2026-04-09 01:45:05.837615,0 days 00:00:34.013387,460.0,1.0,115.8,155.0,0.0,COMPLETE
11163,0.825,2026-04-09 01:45:05.854772,2026-04-09 01:45:39.852217,0 days 00:00:33.997445,447.0,1.0,118.5,156.5,0.35000000000000003,COMPLETE
11164,0.6875,2026-04-09 01:45:39.873291,2026-04-09 01:45:47.102100,0 days 00:00:07.228809,313.0,1.0,114.6,154.7,0.25,COMPLETE
11165,0.671875,2026-04-09 01:45:47.119011,2026-04-09 01:45:54.686827,0 days 00:00:07.567816,343.0,2.0,125.4,155.7,0.02,COMPLETE
11166,0.6875,2026-04-09 01:45:54.707222,2026-04-09 01:46:01.971614,0 days 00:00:07.264392,398.0,2.0,117.4,157.6,0.2,COMPLETE
11167,0.825,2026-04-09 01:46:01.989722,2026-04-09 01:46:36.189339,0 days 00:00:34.199617,439.0,1.0,118.5,153.1,0.0,COMPLETE
11168,0.6875,2026-04-09 01:46:36.210216,2026-04-09 01:46:43.448233,0 days 00:00:07.238017,322.0,1.0,115.3,152.0,0.0,COMPLETE
11169,0.825,2026-04-09 01:46:43.465365,2026-04-09 01:47:17.912579,0 days 00:00:34.447214,449.0,1.0,117.1,156.7,0.22,COMPLETE
11170,0.825,2026-04-09 01:47:17.932064,2026-04-09 01:47:52.494147,0 days 00:00:34.562083,482.0,2.0,123.4,156.9,0.62,COMPLETE
11171,0.825,2026-04-09 01:47:52.510248,2026-04-09 01:48:26.792314,0 days 00:00:34.282066,395.0,1.0,122.0,156.3,0.33,COMPLETE
11172,0.6875,2026-04-09 01:48:26.811961,2026-04-09 01:48:34.350146,0 days 00:00:07.538185,412.0,2.0,114.6,152.8,0.02,COMPLETE
11173,0.825,2026-04-09 01:48:34.366287,2026-04-09 01:49:09.035053,0 days 00:00:34.668766,436.0,2.0,123.4,153.4,0.27,COMPLETE
11174,0.6875,2026-04-09 01:49:09.055500,2026-04-09 01:49:16.401044,0 days 00:00:07.345544,346.0,2.0,119.2,152.1,0.25,COMPLETE
11175,0.6875,2026-04-09 01:49:16.418389,2026-04-09 01:49:23.598382,0 days 00:00:07.179993,469.0,1.0,113.4,154.7,0.41000000000000003,COMPLETE
11176,0.825,2026-04-09 01:49:23.620573,2026-04-09 01:49:58.432174,0 days 00:00:34.811601,421.0,1.0,121.5,155.9,0.68,COMPLETE
11177,0.825,2026-04-09 01:49:58.451874,2026-04-09 01:50:32.498762,0 days 00:00:34.046888,486.0,2.0,122.4,153.4,0.43,COMPLETE
11178,0.825,2026-04-09 01:50:32.518733,2026-04-09 01:50:49.076311,0 days 00:00:16.557578,418.0,1.0,124.6,153.2,0.7000000000000001,COMPLETE
11179,0.6875,2026-04-09 01:50:49.096800,2026-04-09 01:50:56.550316,0 days 00:00:07.453516,412.0,1.0,115.4,154.2,0.18,COMPLETE
11180,0.825,2026-04-09 01:50:56.569229,2026-04-09 01:51:53.282144,0 days 00:00:56.712915,432.0,2.0,125.5,154.7,0.25,COMPLETE
11181,0.6875,2026-04-09 01:51:53.302496,2026-04-09 01:52:01.909864,0 days 00:00:08.607368,162.0,2.0,113.1,156.9,1.87,COMPLETE
11182,0.6875,2026-04-09 01:52:01.929431,2026-04-09 01:52:09.841400,0 days 00:00:07.911969,356.0,2.0,126.4,157.0,0.35000000000000003,COMPLETE
11183,0.6875,2026-04-09 01:52:09.859672,2026-04-09 01:52:17.506171,0 days 00:00:07.646499,349.0,1.0,116.7,151.1,0.32,COMPLETE
11184,0.825,2026-04-09 01:52:17.525340,2026-04-09 01:52:23.544033,0 days 00:00:06.018693,403.0,1.0,125.8,155.1,0.27,COMPLETE
11185,0.825,2026-04-09 01:52:23.561476,2026-04-09 01:52:29.277368,0 days 00:00:05.715892,378.0,1.0,118.4,153.4,0.25,COMPLETE
11186,0.6875,2026-04-09 01:52:29.297785,2026-04-09 01:52:36.136915,0 days 00:00:06.839130,442.0,1.0,115.6,156.1,0.64,COMPLETE
11187,0.6875,2026-04-09 01:52:36.154540,2026-04-09 01:52:42.801030,0 days 00:00:06.646490,409.0,1.0,114.6,153.0,0.46,COMPLETE
11188,0.6875,2026-04-09 01:52:42.820074,2026-04-09 01:52:49.909630,0 days 00:00:07.089556,386.0,1.0,117.3,159.3,0.27,COMPLETE
11189,0.6875,2026-04-09 01:52:49.927499,2026-04-09 01:52:57.668836,0 days 00:00:07.741337,258.0,2.0,126.4,154.2,0.01,COMPLETE
11190,0.6875,2026-04-09 01:52:57.688274,2026-04-09 01:53:05.240552,0 days 00:00:07.552278,411.0,1.0,115.9,155.7,0.25,COMPLETE
11191,0.6875,2026-04-09 01:53:05.258506,2026-04-09 01:53:11.922909,0 days 00:00:06.664403,460.0,1.0,116.9,158.2,0.0,COMPLETE
11192,0.6875,2026-04-09 01:53:11.941776,2026-04-09 01:53:18.836107,0 days 00:00:06.894331,364.0,1.0,115.6,155.1,0.3,COMPLETE
11193,0.6875,2026-04-09 01:53:18.853589,2026-04-09 01:53:25.393917,0 days 00:00:06.540328,366.0,1.0,114.7,153.8,0.0,COMPLETE
11194,0.825,2026-04-09 01:53:25.412911,2026-04-09 01:53:59.333854,0 days 00:00:33.920943,392.0,1.0,116.7,154.0,0.29,COMPLETE
11195,0.825,2026-04-09 01:53:59.352921,2026-04-09 01:54:33.371402,0 days 00:00:34.018481,386.0,1.0,116.1,155.6,0.0,COMPLETE
11196,0.6875,2026-04-09 01:54:33.391550,2026-04-09 01:54:42.116962,0 days 00:00:08.725412,153.0,2.0,125.0,148.5,0.56,COMPLETE
11197,0.6875,2026-04-09 01:54:42.134147,2026-04-09 01:54:49.783363,0 days 00:00:07.649216,294.0,2.0,117.8,155.2,0.46,COMPLETE
11198,0.6875,2026-04-09 01:54:49.804607,2026-04-09 01:54:56.397119,0 days 00:00:06.592512,367.0,1.0,116.9,155.1,0.24,COMPLETE
11199,0.6875,2026-04-09 01:54:56.413922,2026-04-09 01:55:03.641374,0 days 00:00:07.227452,464.0,2.0,123.7,154.4,0.58,COMPLETE
11200,0.6875,2026-04-09 01:55:03.661987,2026-04-09 01:55:10.925752,0 days 00:00:07.263765,259.0,3.0,118.5,155.0,0.62,COMPLETE
11201,0.6875,2026-04-09 01:55:10.943068,2026-04-09 01:55:17.794816,0 days 00:00:06.851748,397.0,2.0,115.7,152.5,0.0,COMPLETE
11202,0.6875,2026-04-09 01:55:17.814333,2026-04-09 01:55:24.907444,0 days 00:00:07.093111,451.0,1.0,114.7,158.0,0.03,COMPLETE
11203,0.6875,2026-04-09 01:55:24.927056,2026-04-09 01:55:31.743938,0 days 00:00:06.816882,488.0,2.0,115.5,154.5,0.03,COMPLETE
11204,0.6875,2026-04-09 01:55:31.763729,2026-04-09 01:55:38.742733,0 days 00:00:06.979004,305.0,3.0,114.7,151.6,0.61,COMPLETE
11205,0.6875,2026-04-09 01:55:38.760567,2026-04-09 01:55:45.624436,0 days 00:00:06.863869,439.0,1.0,117.3,153.0,0.3,COMPLETE
11206,0.6875,2026-04-09 01:55:45.644125,2026-04-09 01:55:52.394000,0 days 00:00:06.749875,342.0,1.0,117.8,153.0,0.28,COMPLETE
11207,0.6875,2026-04-09 01:55:52.411216,2026-04-09 01:55:59.174325,0 days 00:00:06.763109,435.0,1.0,116.5,155.3,0.5,COMPLETE
11208,0.825,2026-04-09 01:55:59.194182,2026-04-09 01:56:33.170347,0 days 00:00:33.976165,384.0,1.0,119.7,155.3,0.45,COMPLETE
11209,0.825,2026-04-09 01:56:33.191228,2026-04-09 01:57:07.233984,0 days 00:00:34.042756,448.0,1.0,118.6,154.3,0.01,COMPLETE
11210,0.6875,2026-04-09 01:57:07.253239,2026-04-09 01:57:14.117228,0 days 00:00:06.863989,494.0,1.0,117.3,155.6,0.33,COMPLETE
11211,0.6875,2026-04-09 01:57:14.135295,2026-04-09 01:57:21.137813,0 days 00:00:07.002518,388.0,1.0,116.9,157.9,0.22,COMPLETE
11212,0.6875,2026-04-09 01:57:21.158757,2026-04-09 01:57:28.018609,0 days 00:00:06.859852,450.0,1.0,114.1,155.2,0.2,COMPLETE
11213,0.6875,2026-04-09 01:57:28.036825,2026-04-09 01:57:35.911575,0 days 00:00:07.874750,184.0,2.0,121.9,154.4,0.19,COMPLETE
11214,0.6875,2026-04-09 01:57:35.934535,2026-04-09 01:57:43.004292,0 days 00:00:07.069757,468.0,2.0,116.3,154.7,0.0,COMPLETE
11215,0.6875,2026-04-09 01:57:43.022827,2026-04-09 01:57:50.278285,0 days 00:00:07.255458,196.0,2.0,119.4,154.8,0.31,COMPLETE
11216,0.825,2026-04-09 01:57:50.295614,2026-04-09 01:58:24.549754,0 days 00:00:34.254140,351.0,1.0,122.0,152.6,0.21,COMPLETE
11217,0.825,2026-04-09 01:58:24.570481,2026-04-09 01:58:58.864127,0 days 00:00:34.293646,411.0,2.0,119.7,154.3,0.01,COMPLETE
11218,0.6875,2026-04-09 01:58:58.883524,2026-04-09 01:59:05.973738,0 days 00:00:07.090214,400.0,1.0,115.8,151.8,0.3,COMPLETE
11219,0.671875,2026-04-09 01:59:05.991549,2026-04-09 01:59:12.749000,0 days 00:00:06.757451,416.0,2.0,116.6,155.0,0.18,COMPLETE
11220,0.6875,2026-04-09 01:59:12.769619,2026-04-09 01:59:19.802512,0 days 00:00:07.032893,250.0,2.0,120.0,154.4,0.26,COMPLETE
11221,0.825,2026-04-09 01:59:19.820093,2026-04-09 01:59:53.901946,0 days 00:00:34.081853,395.0,1.0,120.0,156.3,0.17,COMPLETE
11222,0.825,2026-04-09 01:59:53.922076,2026-04-09 02:00:27.930760,0 days 00:00:34.008684,375.0,1.0,118.0,155.1,0.0,COMPLETE
11223,0.6875,2026-04-09 02:00:27.948390,2026-04-09 02:00:34.859199,0 days 00:00:06.910809,411.0,1.0,115.5,156.7,0.27,COMPLETE
11224,0.6875,2026-04-09 02:00:34.879503,2026-04-09 02:00:42.254101,0 days 00:00:07.374598,206.0,1.0,113.1,159.9,0.5700000000000001,COMPLETE
11225,0.6875,2026-04-09 02:00:42.271179,2026-04-09 02:00:49.043182,0 days 00:00:06.772003,436.0,1.0,113.8,156.8,0.0,COMPLETE
11226,0.6875,2026-04-09 02:00:49.062908,2026-04-09 02:00:55.740306,0 days 00:00:06.677398,388.0,1.0,114.5,155.3,0.21,COMPLETE
11227,0.6875,2026-04-09 02:00:55.758087,2026-04-09 02:01:03.405868,0 days 00:00:07.647781,234.0,1.0,121.7,151.3,1.3,COMPLETE
11228,0.6875,2026-04-09 02:01:03.425970,2026-04-09 02:01:10.267169,0 days 00:00:06.841199,253.0,2.0,123.8,154.2,0.23,COMPLETE
11229,0.825,2026-04-09 02:01:10.284789,2026-04-09 02:01:44.733273,0 days 00:00:34.448484,372.0,2.0,117.9,155.0,0.0,COMPLETE
11230,0.6875,2026-04-09 02:01:44.753518,2026-04-09 02:01:51.681102,0 days 00:00:06.927584,452.0,1.0,116.6,153.1,0.2,COMPLETE
11231,0.6875,2026-04-09 02:01:51.699659,2026-04-09 02:01:59.024144,0 days 00:00:07.324485,257.0,1.0,113.8,148.3,1.55,COMPLETE
11232,0.6875,2026-04-09 02:01:59.044437,2026-04-09 02:02:05.837630,0 days 00:00:06.793193,447.0,1.0,114.1,151.4,0.27,COMPLETE
11233,0.6875,2026-04-09 02:02:05.855519,2026-04-09 02:02:14.038343,0 days 00:00:08.182824,466.0,2.0,125.2,159.4,0.04,COMPLETE
11234,0.825,2026-04-09 02:02:14.059416,2026-04-09 02:02:48.710551,0 days 00:00:34.651135,442.0,1.0,118.3,156.3,0.01,COMPLETE
11235,0.6875,2026-04-09 02:02:48.728498,2026-04-09 02:02:55.745767,0 days 00:00:07.017269,380.0,1.0,114.5,156.2,0.01,COMPLETE
11236,0.6875,2026-04-09 02:02:55.766253,2026-04-09 02:03:02.541505,0 days 00:00:06.775252,356.0,2.0,116.5,154.9,0.29,COMPLETE
11237,0.6875,2026-04-09 02:03:02.558865,2026-04-09 02:03:09.136153,0 days 00:00:06.577288,409.0,1.0,116.8,154.1,0.4,COMPLETE
11238,0.6875,2026-04-09 02:03:09.155893,2026-04-09 02:03:15.920220,0 days 00:00:06.764327,394.0,1.0,115.2,155.7,0.53,COMPLETE
11239,0.6875,2026-04-09 02:03:15.938703,2026-04-09 02:03:22.500763,0 days 00:00:06.562060,449.0,1.0,114.2,156.1,0.24,COMPLETE
11240,0.6875,2026-04-09 02:03:22.519545,2026-04-09 02:03:29.691584,0 days 00:00:07.172039,404.0,1.0,117.6,151.0,0.28,COMPLETE
11241,0.825,2026-04-09 02:03:29.708354,2026-04-09 02:04:03.983327,0 days 00:00:34.274973,404.0,1.0,118.0,155.4,0.0,COMPLETE
11242,0.6875,2026-04-09 02:04:04.003659,2026-04-09 02:04:10.868928,0 days 00:00:06.865269,454.0,1.0,116.8,157.4,0.58,COMPLETE
11243,0.6875,2026-04-09 02:04:10.891672,2026-04-09 02:04:17.969965,0 days 00:00:07.078293,316.0,1.0,117.0,153.8,0.24,COMPLETE
11244,0.6875,2026-04-09 02:04:17.990035,2026-04-09 02:04:24.669417,0 days 00:00:06.679382,448.0,2.0,115.9,152.5,0.19,COMPLETE
11245,0.6875,2026-04-09 02:04:24.687411,2026-04-09 02:04:31.643389,0 days 00:00:06.955978,298.0,2.0,115.7,154.5,0.25,COMPLETE
11246,0.6875,2026-04-09 02:04:31.661496,2026-04-09 02:04:38.349580,0 days 00:00:06.688084,360.0,1.0,117.5,154.4,0.0,COMPLETE
11247,0.6875,2026-04-09 02:04:38.371438,2026-04-09 02:04:45.294453,0 days 00:00:06.923015,364.0,1.0,113.4,155.5,0.73,COMPLETE
11248,0.6875,2026-04-09 02:04:45.312533,2026-04-09 02:04:53.194100,0 days 00:00:07.881567,274.0,2.0,119.7,148.4,1.82,COMPLETE
11249,0.015625,2026-04-09 02:04:53.211729,2026-04-09 02:05:00.568970,0 days 00:00:07.357241,468.0,1.0,116.0,154.7,0.16,COMPLETE
11250,0.6875,2026-04-09 02:05:00.589643,2026-04-09 02:05:07.226278,0 days 00:00:06.636635,405.0,1.0,114.6,154.6,0.19,COMPLETE
11251,0.6875,2026-04-09 02:05:07.245855,2026-04-09 02:05:14.886653,0 days 00:00:07.640798,419.0,3.0,126.0,156.4,1.59,COMPLETE
11252,0.6875,2026-04-09 02:05:14.907681,2026-04-09 02:05:23.315001,0 days 00:00:08.407320,153.0,2.0,114.2,156.4,1.49,COMPLETE
11253,0.6875,2026-04-09 02:05:23.332480,2026-04-09 02:05:29.959664,0 days 00:00:06.627184,414.0,1.0,115.6,153.8,0.29,COMPLETE
11254,0.6875,2026-04-09 02:05:29.980875,2026-04-09 02:05:36.467545,0 days 00:00:06.486670,423.0,1.0,116.7,154.1,0.51,COMPLETE
11255,0.6875,2026-04-09 02:05:36.484820,2026-04-09 02:05:43.105435,0 days 00:00:06.620615,385.0,1.0,115.1,156.7,0.0,COMPLETE
11256,0.6875,2026-04-09 02:05:43.125527,2026-04-09 02:05:49.786066,0 days 00:00:06.660539,365.0,2.0,115.3,153.1,0.22,COMPLETE
11257,0.6875,2026-04-09 02:05:49.803986,2026-04-09 02:05:56.364134,0 days 00:00:06.560148,442.0,2.0,114.5,154.6,0.29,COMPLETE
11258,0.6875,2026-04-09 02:05:56.385061,2026-04-09 02:06:03.545962,0 days 00:00:07.160901,328.0,1.0,120.0,154.2,0.22,COMPLETE
11259,0.825,2026-04-09 02:06:03.565861,2026-04-09 02:06:37.587405,0 days 00:00:34.021544,304.0,2.0,123.4,154.4,0.0,COMPLETE
11260,0.6875,2026-04-09 02:06:37.609798,2026-04-09 02:06:44.334098,0 days 00:00:06.724300,431.0,2.0,122.0,154.1,0.19,COMPLETE
11261,0.825,2026-04-09 02:06:44.354341,2026-04-09 02:07:18.576464,0 days 00:00:34.222123,444.0,1.0,118.8,156.8,0.2,COMPLETE
11262,0.825,2026-04-09 02:07:18.594324,2026-04-09 02:07:52.832359,0 days 00:00:34.238035,216.0,2.0,118.3,156.1,0.03,COMPLETE
11263,0.6875,2026-04-09 02:07:52.852899,2026-04-09 02:08:00.449921,0 days 00:00:07.597022,467.0,2.0,126.7,153.3,0.29,COMPLETE
11264,0.6875,2026-04-09 02:08:00.470871,2026-04-09 02:08:08.492396,0 days 00:00:08.021525,381.0,3.0,116.5,156.7,0.43,COMPLETE
11265,0.6875,2026-04-09 02:08:08.512253,2026-04-09 02:08:15.322135,0 days 00:00:06.809882,487.0,1.0,115.3,154.2,0.2,COMPLETE
11266,0.6875,2026-04-09 02:08:15.339972,2026-04-09 02:08:22.023604,0 days 00:00:06.683632,443.0,1.0,114.3,153.1,0.29,COMPLETE
11267,0.825,2026-04-09 02:08:22.042788,2026-04-09 02:08:56.609891,0 days 00:00:34.567103,296.0,1.0,118.5,154.3,0.06,COMPLETE
11268,0.825,2026-04-09 02:08:56.627803,2026-04-09 02:09:30.628294,0 days 00:00:34.000491,308.0,2.0,121.1,156.1,0.07,COMPLETE
11269,0.825,2026-04-09 02:09:30.648185,2026-04-09 02:10:04.709539,0 days 00:00:34.061354,365.0,1.0,118.5,154.6,0.34,COMPLETE
11270,0.6875,2026-04-09 02:10:04.729080,2026-04-09 02:10:12.195036,0 days 00:00:07.465956,174.0,1.0,118.9,156.8,1.4000000000000001,COMPLETE
11271,0.6875,2026-04-09 02:10:12.212282,2026-04-09 02:10:19.025277,0 days 00:00:06.812995,461.0,1.0,119.9,154.6,0.55,COMPLETE
11272,0.825,2026-04-09 02:10:19.074852,2026-04-09 02:10:53.076668,0 days 00:00:34.001816,453.0,2.0,119.7,152.8,0.53,COMPLETE
11273,0.825,2026-04-09 02:10:53.097726,2026-04-09 02:11:27.134586,0 days 00:00:34.036860,449.0,1.0,118.5,154.0,0.22,COMPLETE
11274,0.825,2026-04-09 02:11:27.154697,2026-04-09 02:12:01.171883,0 days 00:00:34.017186,499.0,2.0,118.4,156.4,0.33,COMPLETE
11275,0.825,2026-04-09 02:12:01.191581,2026-04-09 02:12:20.185931,0 days 00:00:18.994350,358.0,1.0,125.2,152.3,0.5,COMPLETE
11276,0.6875,2026-04-09 02:12:20.206589,2026-04-09 02:12:27.118372,0 days 00:00:06.911783,414.0,2.0,124.2,154.8,0.46,COMPLETE
11277,0.825,2026-04-09 02:12:27.135476,2026-04-09 02:12:41.077395,0 days 00:00:13.941919,409.0,1.0,119.5,151.4,0.15,COMPLETE
11278,0.671875,2026-04-09 02:12:41.094378,2026-04-09 02:12:48.026309,0 days 00:00:06.931931,443.0,1.0,116.8,153.3,0.24,COMPLETE
11279,0.6875,2026-04-09 02:12:48.046049,2026-04-09 02:12:54.851401,0 days 00:00:06.805352,396.0,2.0,115.6,156.6,0.27,COMPLETE
11280,0.825,2026-04-09 02:12:54.869551,2026-04-09 02:13:29.260312,0 days 00:00:34.390761,301.0,1.0,119.0,155.6,0.4,COMPLETE
11281,0.6875,2026-04-09 02:13:29.281168,2026-04-09 02:13:36.221528,0 days 00:00:06.940360,407.0,2.0,121.3,157.6,0.33,COMPLETE
11282,0.6875,2026-04-09 02:13:36.239622,2026-04-09 02:13:43.541026,0 days 00:00:07.301404,352.0,1.0,116.8,152.4,0.0,COMPLETE
11283,0.6875,2026-04-09 02:13:43.561458,2026-04-09 02:13:50.297393,0 days 00:00:06.735935,454.0,1.0,115.9,154.4,0.22,COMPLETE
11284,0.6875,2026-04-09 02:13:50.314129,2026-04-09 02:13:56.926441,0 days 00:00:06.612312,390.0,1.0,116.3,153.1,0.01,COMPLETE
11285,0.825,2026-04-09 02:13:56.949877,2026-04-09 02:14:31.207914,0 days 00:00:34.258037,500.0,2.0,120.3,153.5,0.37,COMPLETE
11286,0.6875,2026-04-09 02:14:31.227732,2026-04-09 02:14:38.833539,0 days 00:00:07.605807,391.0,1.0,113.4,153.4,0.26,COMPLETE
11287,0.6875,2026-04-09 02:14:38.851857,2026-04-09 02:14:45.629473,0 days 00:00:06.777616,382.0,1.0,115.7,152.8,0.29,COMPLETE
11288,0.6875,2026-04-09 02:14:45.652182,2026-04-09 02:14:52.795751,0 days 00:00:07.143569,438.0,1.0,121.7,153.9,0.17,COMPLETE
11289,0.825,2026-04-09 02:14:52.815543,2026-04-09 02:15:27.255450,0 days 00:00:34.439907,334.0,1.0,118.6,155.2,0.22,COMPLETE
11290,0.6875,2026-04-09 02:15:27.276467,2026-04-09 02:15:34.401109,0 days 00:00:07.124642,361.0,1.0,116.7,159.2,0.02,COMPLETE
11291,0.825,2026-04-09 02:15:34.418206,2026-04-09 02:16:08.467445,0 days 00:00:34.049239,437.0,1.0,118.4,156.9,0.64,COMPLETE
11292,0.6875,2026-04-09 02:16:08.487777,2026-04-09 02:16:15.597573,0 days 00:00:07.109796,407.0,1.0,115.3,154.1,0.22,COMPLETE
11293,0.6875,2026-04-09 02:16:15.615193,2026-04-09 02:16:22.337714,0 days 00:00:06.722521,433.0,1.0,116.5,155.6,0.23,COMPLETE
11294,0.6875,2026-04-09 02:16:22.358091,2026-04-09 02:16:29.973263,0 days 00:00:07.615172,321.0,1.0,123.6,152.9,0.5,COMPLETE
11295,0.671875,2026-04-09 02:16:29.990242,2026-04-09 02:16:37.108475,0 days 00:00:07.118233,456.0,2.0,117.9,154.1,0.15,COMPLETE
11296,0.6875,2026-04-09 02:16:37.129129,2026-04-09 02:16:43.713820,0 days 00:00:06.584691,440.0,1.0,116.7,153.7,0.17,COMPLETE
11297,0.825,2026-04-09 02:16:43.731734,2026-04-09 02:17:17.604503,0 days 00:00:33.872769,465.0,1.0,116.2,154.3,0.01,COMPLETE
11298,0.825,2026-04-09 02:17:17.622620,2026-04-09 02:17:51.905807,0 days 00:00:34.283187,494.0,2.0,120.6,156.2,0.28,COMPLETE
11299,0.825,2026-04-09 02:17:51.925569,2026-04-09 02:18:25.945355,0 days 00:00:34.019786,421.0,2.0,118.6,154.9,0.23,COMPLETE
11300,0.6875,2026-04-09 02:18:25.963137,2026-04-09 02:18:33.289587,0 days 00:00:07.326450,432.0,2.0,124.7,156.7,0.9400000000000001,COMPLETE
11301,0.6875,2026-04-09 02:18:33.308919,2026-04-09 02:18:41.057501,0 days 00:00:07.748582,353.0,1.0,116.1,154.1,0.5,COMPLETE
11302,0.6875,2026-04-09 02:18:41.075723,2026-04-09 02:18:48.923143,0 days 00:00:07.847420,236.0,1.0,124.0,159.0,0.02,COMPLETE
11303,0.6875,2026-04-09 02:18:48.942169,2026-04-09 02:18:56.090998,0 days 00:00:07.148829,345.0,1.0,120.8,154.1,0.59,COMPLETE
