number,value,datetime_start,datetime_complete,duration,params_voltage,params_width,params_x,params_y,params_z,state
14416,0.6875,2026-04-09 20:52:34.314513,2026-04-09 20:52:41.097904,0 days 00:00:06.783391,414.0,1.0,116.1,152.8,0.4,COMPLETE
14417,0.6875,2026-04-09 20:52:41.119293,2026-04-09 20:52:47.575721,0 days 00:00:06.456428,411.0,1.0,115.2,152.6,0.22,COMPLETE
14418,0.6875,2026-04-09 20:52:47.594106,2026-04-09 20:52:54.530158,0 days 00:00:06.936052,346.0,1.0,117.1,154.7,0.24,COMPLETE
14419,0.825,2026-04-09 20:52:54.548489,2026-04-09 20:53:28.653471,0 days 00:00:34.104982,418.0,1.0,119.3,156.7,0.49,COMPLETE
14420,0.6875,2026-04-09 20:53:28.675696,2026-04-09 20:53:35.759201,0 days 00:00:07.083505,468.0,1.0,116.7,153.7,0.26,COMPLETE
14421,0.6875,2026-04-09 20:53:35.777693,2026-04-09 20:53:42.614834,0 days 00:00:06.837141,409.0,1.0,114.7,155.4,0.23,COMPLETE
14422,0.6875,2026-04-09 20:53:42.639475,2026-04-09 20:53:49.948593,0 days 00:00:07.309118,206.0,2.0,117.3,155.8,0.28,COMPLETE
14423,0.6875,2026-04-09 20:53:49.967660,2026-04-09 20:53:56.632644,0 days 00:00:06.664984,417.0,1.0,116.7,157.3,0.28,COMPLETE
14424,0.6875,2026-04-09 20:53:56.652998,2026-04-09 20:54:03.384710,0 days 00:00:06.731712,496.0,1.0,117.1,155.4,0.72,COMPLETE
14425,0.6875,2026-04-09 20:54:03.405075,2026-04-09 20:54:10.489926,0 days 00:00:07.084851,380.0,1.0,117.7,152.1,0.0,COMPLETE
14426,0.825,2026-04-09 20:54:10.508680,2026-04-09 20:54:28.215662,0 days 00:00:17.706982,371.0,1.0,124.8,153.1,0.63,COMPLETE
14427,0.6875,2026-04-09 20:54:28.237131,2026-04-09 20:54:35.519758,0 days 00:00:07.282627,378.0,1.0,117.3,154.3,0.26,COMPLETE
14428,0.6875,2026-04-09 20:54:35.538486,2026-04-09 20:54:42.037054,0 days 00:00:06.498568,427.0,1.0,116.5,153.9,0.25,COMPLETE
14429,0.6875,2026-04-09 20:54:42.057603,2026-04-09 20:54:49.305202,0 days 00:00:07.247599,361.0,1.0,122.8,154.1,0.46,COMPLETE
14430,0.825,2026-04-09 20:54:49.324647,2026-04-09 20:54:56.868154,0 days 00:00:07.543507,375.0,1.0,116.9,155.4,0.0,COMPLETE
14431,0.6875,2026-04-09 20:54:56.888490,2026-04-09 20:55:04.304089,0 days 00:00:07.415599,405.0,1.0,123.8,150.6,0.08,COMPLETE
14432,0.6875,2026-04-09 20:55:04.324859,2026-04-09 20:55:11.725009,0 days 00:00:07.400150,417.0,1.0,115.7,155.3,0.4,COMPLETE
14433,0.825,2026-04-09 20:55:11.744320,2026-04-09 20:55:46.119631,0 days 00:00:34.375311,329.0,1.0,118.6,156.2,0.02,COMPLETE
14434,0.6875,2026-04-09 20:55:46.142770,2026-04-09 20:55:53.492162,0 days 00:00:07.349392,255.0,2.0,123.9,152.4,0.23,COMPLETE
14435,0.6875,2026-04-09 20:55:53.514828,2026-04-09 20:56:00.902292,0 days 00:00:07.387464,467.0,2.0,116.5,157.0,0.0,COMPLETE
14436,0.825,2026-04-09 20:56:00.924849,2026-04-09 20:56:36.012449,0 days 00:00:35.087600,415.0,1.0,119.0,152.3,0.02,COMPLETE
14437,0.6875,2026-04-09 20:56:36.030920,2026-04-09 20:56:42.630763,0 days 00:00:06.599843,470.0,1.0,118.5,152.0,0.97,COMPLETE
14438,0.825,2026-04-09 20:56:42.651767,2026-04-09 20:56:47.973088,0 days 00:00:05.321321,438.0,1.0,117.0,156.0,0.0,COMPLETE
14439,0.6875,2026-04-09 20:56:47.995358,2026-04-09 20:56:54.817607,0 days 00:00:06.822249,394.0,1.0,114.8,157.3,0.21,COMPLETE
14440,0.6875,2026-04-09 20:56:54.837536,2026-04-09 20:57:01.514497,0 days 00:00:06.676961,370.0,2.0,115.4,154.3,0.0,COMPLETE
14441,0.0,2026-04-09 20:57:01.535536,2026-04-09 20:57:07.996302,0 days 00:00:06.460766,417.0,1.0,115.9,153.7,0.0,COMPLETE
14442,0.825,2026-04-09 20:57:08.014836,2026-04-09 20:57:42.860766,0 days 00:00:34.845930,292.0,1.0,122.5,155.0,0.0,COMPLETE
14443,0.6875,2026-04-09 20:57:42.883113,2026-04-09 20:57:50.190585,0 days 00:00:07.307472,480.0,1.0,117.1,153.2,0.23,COMPLETE
14444,0.825,2026-04-09 20:57:50.214166,2026-04-09 20:58:24.357284,0 days 00:00:34.143118,444.0,2.0,116.5,155.2,0.01,COMPLETE
14445,0.6875,2026-04-09 20:58:24.375825,2026-04-09 20:58:31.102956,0 days 00:00:06.727131,437.0,1.0,116.9,155.0,0.27,COMPLETE
14446,0.825,2026-04-09 20:58:31.123543,2026-04-09 20:59:05.273048,0 days 00:00:34.149505,404.0,1.0,120.5,154.9,0.01,COMPLETE
14447,0.6875,2026-04-09 20:59:05.294678,2026-04-09 20:59:12.689797,0 days 00:00:07.395119,357.0,1.0,114.4,152.6,0.0,COMPLETE
14448,0.825,2026-04-09 20:59:12.710236,2026-04-09 20:59:33.281087,0 days 00:00:20.570851,479.0,1.0,116.1,154.1,0.0,COMPLETE
14449,0.825,2026-04-09 20:59:33.300378,2026-04-09 21:00:07.254711,0 days 00:00:33.954333,498.0,2.0,117.8,155.4,0.36,COMPLETE
14450,0.6875,2026-04-09 21:00:07.275845,2026-04-09 21:00:14.411614,0 days 00:00:07.135769,346.0,1.0,116.1,152.8,0.25,COMPLETE
14451,0.6875,2026-04-09 21:00:14.432673,2026-04-09 21:00:21.539459,0 days 00:00:07.106786,461.0,1.0,113.0,157.4,0.27,COMPLETE
14452,0.6875,2026-04-09 21:00:21.559807,2026-04-09 21:00:29.277091,0 days 00:00:07.717284,321.0,1.0,119.7,152.7,0.01,COMPLETE
14453,0.6875,2026-04-09 21:00:29.295961,2026-04-09 21:00:35.985618,0 days 00:00:06.689657,300.0,1.0,120.3,154.4,0.28,COMPLETE
14454,0.6875,2026-04-09 21:00:36.007324,2026-04-09 21:00:43.279313,0 days 00:00:07.271989,386.0,1.0,113.5,153.9,0.27,COMPLETE
14455,0.6875,2026-04-09 21:00:43.297385,2026-04-09 21:00:50.951745,0 days 00:00:07.654360,220.0,3.0,115.7,148.8,1.94,COMPLETE
14456,0.825,2026-04-09 21:00:50.973239,2026-04-09 21:01:26.079552,0 days 00:00:35.106313,496.0,2.0,123.1,156.6,0.01,COMPLETE
14457,0.6875,2026-04-09 21:01:26.099727,2026-04-09 21:01:33.683340,0 days 00:00:07.583613,394.0,1.0,116.6,157.6,0.0,COMPLETE
14458,0.6875,2026-04-09 21:01:33.704652,2026-04-09 21:01:40.650177,0 days 00:00:06.945525,456.0,3.0,117.2,155.5,2.0,COMPLETE
14459,0.6875,2026-04-09 21:01:40.670474,2026-04-09 21:01:48.069210,0 days 00:00:07.398736,298.0,2.0,122.5,153.9,0.24,COMPLETE
14460,0.6875,2026-04-09 21:01:48.089816,2026-04-09 21:01:55.080857,0 days 00:00:06.991041,244.0,2.0,120.6,153.0,0.46,COMPLETE
14461,0.6875,2026-04-09 21:01:55.100660,2026-04-09 21:02:01.725039,0 days 00:00:06.624379,394.0,1.0,120.4,154.0,0.73,COMPLETE
14462,0.6875,2026-04-09 21:02:01.744122,2026-04-09 21:02:09.064624,0 days 00:00:07.320502,451.0,1.0,113.4,154.1,0.47000000000000003,COMPLETE
14463,0.825,2026-04-09 21:02:09.084797,2026-04-09 21:02:14.502034,0 days 00:00:05.417237,442.0,1.0,117.3,152.1,0.0,COMPLETE
14464,0.6875,2026-04-09 21:02:14.521590,2026-04-09 21:02:21.411623,0 days 00:00:06.890033,500.0,1.0,114.9,154.1,0.55,COMPLETE
14465,0.6875,2026-04-09 21:02:21.433937,2026-04-09 21:02:28.373688,0 days 00:00:06.939751,434.0,1.0,117.5,157.3,0.21,COMPLETE
14466,0.6875,2026-04-09 21:02:28.395776,2026-04-09 21:02:35.389163,0 days 00:00:06.993387,396.0,1.0,113.0,156.7,0.24,COMPLETE
14467,0.6875,2026-04-09 21:02:35.410144,2026-04-09 21:02:42.680814,0 days 00:00:07.270670,397.0,1.0,115.1,150.2,0.22,COMPLETE
14468,0.6875,2026-04-09 21:02:42.699781,2026-04-09 21:02:49.698281,0 days 00:00:06.998500,384.0,1.0,113.1,154.4,0.25,COMPLETE
14469,0.825,2026-04-09 21:02:49.718824,2026-04-09 21:03:24.606378,0 days 00:00:34.887554,411.0,1.0,122.7,156.2,0.52,COMPLETE
14470,0.825,2026-04-09 21:03:24.626446,2026-04-09 21:03:58.914290,0 days 00:00:34.287844,421.0,1.0,117.9,155.8,0.2,COMPLETE
14471,0.6875,2026-04-09 21:03:58.932811,2026-04-09 21:04:05.655892,0 days 00:00:06.723081,417.0,1.0,117.9,154.7,0.75,COMPLETE
14472,0.6875,2026-04-09 21:04:05.675960,2026-04-09 21:04:12.581744,0 days 00:00:06.905784,392.0,2.0,120.3,158.0,0.26,COMPLETE
14473,0.6875,2026-04-09 21:04:12.600713,2026-04-09 21:04:19.927165,0 days 00:00:07.326452,257.0,1.0,124.0,154.3,0.3,COMPLETE
14474,0.825,2026-04-09 21:04:19.946993,2026-04-09 21:04:25.178657,0 days 00:00:05.231664,476.0,2.0,120.9,155.6,0.52,COMPLETE
14475,0.6875,2026-04-09 21:04:25.197776,2026-04-09 21:04:32.263726,0 days 00:00:07.065950,424.0,2.0,117.4,157.9,0.0,COMPLETE
14476,0.825,2026-04-09 21:04:32.281976,2026-04-09 21:05:06.774326,0 days 00:00:34.492350,383.0,1.0,123.4,156.0,0.0,COMPLETE
14477,0.6875,2026-04-09 21:05:06.795968,2026-04-09 21:05:13.793026,0 days 00:00:06.997058,448.0,1.0,121.3,155.2,0.43,COMPLETE
14478,0.6875,2026-04-09 21:05:13.811456,2026-04-09 21:05:21.170589,0 days 00:00:07.359133,263.0,1.0,116.5,150.0,0.05,COMPLETE
14479,0.825,2026-04-09 21:05:21.193564,2026-04-09 21:05:55.670882,0 days 00:00:34.477318,395.0,1.0,118.2,155.7,0.3,COMPLETE
14480,0.6875,2026-04-09 21:05:55.692628,2026-04-09 21:06:02.911966,0 days 00:00:07.219338,449.0,2.0,122.8,154.1,0.87,COMPLETE
14481,0.6875,2026-04-09 21:06:02.931023,2026-04-09 21:06:10.279670,0 days 00:00:07.348647,449.0,1.0,115.6,153.5,0.89,COMPLETE
14482,0.6875,2026-04-09 21:06:10.300356,2026-04-09 21:06:17.184265,0 days 00:00:06.883909,465.0,1.0,119.6,153.8,0.65,COMPLETE
14483,0.6875,2026-04-09 21:06:17.206623,2026-04-09 21:06:24.391659,0 days 00:00:07.185036,386.0,2.0,123.9,154.0,0.3,COMPLETE
14484,0.6875,2026-04-09 21:06:24.411987,2026-04-09 21:06:31.921939,0 days 00:00:07.509952,464.0,1.0,115.3,153.7,0.17,COMPLETE
14485,0.825,2026-04-09 21:06:31.942883,2026-04-09 21:07:06.820484,0 days 00:00:34.877601,427.0,1.0,124.8,153.6,0.0,COMPLETE
14486,0.825,2026-04-09 21:07:06.840970,2026-04-09 21:07:41.364525,0 days 00:00:34.523555,445.0,1.0,117.3,155.9,0.0,COMPLETE
14487,0.6875,2026-04-09 21:07:41.385949,2026-04-09 21:07:48.259430,0 days 00:00:06.873481,462.0,1.0,116.5,157.2,0.42,COMPLETE
14488,0.825,2026-04-09 21:07:48.282528,2026-04-09 21:08:22.869037,0 days 00:00:34.586509,339.0,1.0,116.7,151.5,0.02,COMPLETE
14489,0.6875,2026-04-09 21:08:22.891105,2026-04-09 21:08:29.900271,0 days 00:00:07.009166,401.0,1.0,117.4,154.0,0.19,COMPLETE
14490,0.6875,2026-04-09 21:08:29.917980,2026-04-09 21:08:36.894470,0 days 00:00:06.976490,451.0,1.0,114.7,157.6,0.0,COMPLETE
14491,0.825,2026-04-09 21:08:36.916118,2026-04-09 21:08:50.465883,0 days 00:00:13.549765,449.0,1.0,115.9,154.2,0.0,COMPLETE
14492,0.825,2026-04-09 21:08:50.484715,2026-04-09 21:09:24.818622,0 days 00:00:34.333907,386.0,1.0,119.3,155.1,0.0,COMPLETE
14493,0.6875,2026-04-09 21:09:24.840000,2026-04-09 21:09:31.982608,0 days 00:00:07.142608,314.0,1.0,118.8,152.6,0.46,COMPLETE
14494,0.6875,2026-04-09 21:09:32.001481,2026-04-09 21:09:39.239549,0 days 00:00:07.238068,371.0,1.0,113.9,156.2,0.0,COMPLETE
14495,0.6875,2026-04-09 21:09:39.261611,2026-04-09 21:09:45.885661,0 days 00:00:06.624050,347.0,1.0,114.7,155.3,0.29,COMPLETE
14496,0.6875,2026-04-09 21:09:45.904450,2026-04-09 21:09:52.610715,0 days 00:00:06.706265,403.0,1.0,116.5,155.9,0.26,COMPLETE
14497,0.825,2026-04-09 21:09:52.632344,2026-04-09 21:10:08.901628,0 days 00:00:16.269284,347.0,2.0,124.7,156.0,0.01,COMPLETE
14498,0.6875,2026-04-09 21:10:08.923961,2026-04-09 21:10:16.263687,0 days 00:00:07.339726,166.0,2.0,122.2,157.6,0.27,COMPLETE
14499,0.825,2026-04-09 21:10:16.283589,2026-04-09 21:10:50.047262,0 days 00:00:33.763673,327.0,1.0,121.5,157.2,0.4,COMPLETE
14500,0.6875,2026-04-09 21:10:50.069058,2026-04-09 21:10:57.826816,0 days 00:00:07.757758,457.0,1.0,113.1,152.3,0.28,COMPLETE
14501,0.6875,2026-04-09 21:10:57.847428,2026-04-09 21:11:04.961134,0 days 00:00:07.113706,321.0,1.0,115.9,154.5,0.0,COMPLETE
14502,0.6875,2026-04-09 21:11:04.979878,2026-04-09 21:11:11.754009,0 days 00:00:06.774131,371.0,1.0,118.3,154.1,0.26,COMPLETE
14503,0.825,2026-04-09 21:11:11.774518,2026-04-09 21:11:45.591034,0 days 00:00:33.816516,472.0,1.0,118.7,155.0,0.22,COMPLETE
14504,0.825,2026-04-09 21:11:45.612060,2026-04-09 21:12:19.923368,0 days 00:00:34.311308,355.0,1.0,118.5,157.2,0.0,COMPLETE
14505,0.6875,2026-04-09 21:12:19.946300,2026-04-09 21:12:27.138742,0 days 00:00:07.192442,460.0,2.0,122.8,153.8,0.54,COMPLETE
14506,0.825,2026-04-09 21:12:27.159368,2026-04-09 21:13:01.380997,0 days 00:00:34.221629,405.0,2.0,124.4,151.7,0.1,COMPLETE
14507,0.6875,2026-04-09 21:13:01.400430,2026-04-09 21:13:08.670637,0 days 00:00:07.270207,285.0,1.0,122.1,154.5,0.41000000000000003,COMPLETE
14508,0.6875,2026-04-09 21:13:08.692455,2026-04-09 21:13:15.381904,0 days 00:00:06.689449,290.0,2.0,123.7,154.6,0.32,COMPLETE
14509,0.6875,2026-04-09 21:13:15.402684,2026-04-09 21:13:22.702248,0 days 00:00:07.299564,267.0,2.0,127.0,148.4,0.71,COMPLETE
14510,0.6875,2026-04-09 21:13:22.720986,2026-04-09 21:13:30.344489,0 days 00:00:07.623503,422.0,1.0,117.4,153.7,0.43,COMPLETE
14511,0.6875,2026-04-09 21:13:30.364328,2026-04-09 21:13:37.216819,0 days 00:00:06.852491,468.0,1.0,116.5,155.3,0.0,COMPLETE
14512,0.825,2026-04-09 21:13:37.234881,2026-04-09 21:14:11.782706,0 days 00:00:34.547825,314.0,3.0,121.9,156.8,0.42,COMPLETE
14513,0.6875,2026-04-09 21:14:11.802886,2026-04-09 21:14:19.068390,0 days 00:00:07.265504,428.0,1.0,116.9,153.3,0.24,COMPLETE
14514,0.825,2026-04-09 21:14:19.086860,2026-04-09 21:14:53.260460,0 days 00:00:34.173600,435.0,1.0,118.6,154.1,0.0,COMPLETE
14515,0.825,2026-04-09 21:14:53.280947,2026-04-09 21:15:27.556849,0 days 00:00:34.275902,339.0,1.0,119.1,155.0,0.0,COMPLETE
14516,0.825,2026-04-09 21:15:27.578572,2026-04-09 21:16:01.864518,0 days 00:00:34.285946,341.0,1.0,124.0,155.1,0.39,COMPLETE
14517,0.6875,2026-04-09 21:16:01.884409,2026-04-09 21:16:09.430124,0 days 00:00:07.545715,403.0,1.0,116.2,154.7,0.0,COMPLETE
14518,0.6875,2026-04-09 21:16:09.450231,2026-04-09 21:16:16.624776,0 days 00:00:07.174545,393.0,1.0,120.7,158.6,0.27,COMPLETE
14519,0.6875,2026-04-09 21:16:16.651362,2026-04-09 21:16:23.989367,0 days 00:00:07.338005,390.0,1.0,116.6,152.9,0.0,COMPLETE
14520,0.6875,2026-04-09 21:16:24.010423,2026-04-09 21:16:30.951558,0 days 00:00:06.941135,490.0,1.0,119.7,150.1,0.39,COMPLETE
14521,0.6875,2026-04-09 21:16:30.972949,2026-04-09 21:16:38.295833,0 days 00:00:07.322884,458.0,1.0,114.6,155.0,0.38,COMPLETE
14522,0.6875,2026-04-09 21:16:38.314698,2026-04-09 21:16:45.189483,0 days 00:00:06.874785,353.0,1.0,115.7,155.4,0.67,COMPLETE
14523,0.6875,2026-04-09 21:16:45.210520,2026-04-09 21:16:51.819990,0 days 00:00:06.609470,387.0,1.0,115.7,154.5,0.22,COMPLETE
14524,0.6875,2026-04-09 21:16:51.839344,2026-04-09 21:16:58.880296,0 days 00:00:07.040952,397.0,1.0,120.5,155.1,0.49,COMPLETE
14525,0.6875,2026-04-09 21:16:58.902274,2026-04-09 21:17:05.681055,0 days 00:00:06.778781,464.0,2.0,122.6,154.5,0.47000000000000003,COMPLETE
14526,0.6875,2026-04-09 21:17:05.698757,2026-04-09 21:17:13.303908,0 days 00:00:07.605151,161.0,1.0,120.8,152.3,0.03,COMPLETE
14527,0.6875,2026-04-09 21:17:13.324819,2026-04-09 21:17:20.159811,0 days 00:00:06.834992,278.0,2.0,119.4,154.4,0.12,COMPLETE
14528,0.6875,2026-04-09 21:17:20.179072,2026-04-09 21:17:26.915512,0 days 00:00:06.736440,447.0,2.0,117.5,153.6,0.0,COMPLETE
14529,0.6875,2026-04-09 21:17:26.935546,2026-04-09 21:17:34.341084,0 days 00:00:07.405538,211.0,2.0,121.5,154.0,0.33,COMPLETE
14530,0.6875,2026-04-09 21:17:34.359984,2026-04-09 21:17:41.555733,0 days 00:00:07.195749,305.0,1.0,116.5,157.3,0.6900000000000001,COMPLETE
14531,0.825,2026-04-09 21:17:41.575092,2026-04-09 21:18:15.992246,0 days 00:00:34.417154,424.0,1.0,118.6,153.0,0.23,COMPLETE
14532,0.825,2026-04-09 21:18:16.014058,2026-04-09 21:18:50.346805,0 days 00:00:34.332747,439.0,1.0,122.2,154.8,0.18,COMPLETE
14533,0.6875,2026-04-09 21:18:50.365650,2026-04-09 21:18:57.419617,0 days 00:00:07.053967,397.0,1.0,118.5,152.6,0.62,COMPLETE
14534,0.6875,2026-04-09 21:18:57.440333,2026-04-09 21:19:05.280904,0 days 00:00:07.840571,154.0,2.0,114.3,155.7,0.01,COMPLETE
14535,0.6875,2026-04-09 21:19:05.300307,2026-04-09 21:19:11.935629,0 days 00:00:06.635322,469.0,1.0,114.8,154.7,0.26,COMPLETE
14536,0.6875,2026-04-09 21:19:11.954318,2026-04-09 21:19:20.106297,0 days 00:00:08.151979,431.0,1.0,126.7,148.7,0.98,COMPLETE
14537,0.6875,2026-04-09 21:19:20.126108,2026-04-09 21:19:28.441147,0 days 00:00:08.315039,392.0,1.0,114.0,155.8,0.0,COMPLETE
14538,0.6875,2026-04-09 21:19:28.461272,2026-04-09 21:19:35.308550,0 days 00:00:06.847278,385.0,2.0,114.2,152.1,0.5,COMPLETE
14539,0.6875,2026-04-09 21:19:35.328219,2026-04-09 21:19:42.338496,0 days 00:00:07.010277,408.0,1.0,117.7,155.1,0.45,COMPLETE
14540,0.6875,2026-04-09 21:19:42.357246,2026-04-09 21:19:49.181918,0 days 00:00:06.824672,423.0,2.0,115.9,153.2,0.25,COMPLETE
14541,0.6875,2026-04-09 21:19:49.202813,2026-04-09 21:19:55.785737,0 days 00:00:06.582924,401.0,1.0,115.1,153.5,0.75,COMPLETE
14542,0.6875,2026-04-09 21:19:55.805836,2026-04-09 21:20:03.490510,0 days 00:00:07.684674,162.0,3.0,118.4,151.5,0.1,COMPLETE
14543,0.6875,2026-04-09 21:20:03.511926,2026-04-09 21:20:11.189480,0 days 00:00:07.677554,394.0,3.0,125.4,157.8,1.25,COMPLETE
14544,0.825,2026-04-09 21:20:11.208988,2026-04-09 21:20:46.289847,0 days 00:00:35.080859,339.0,1.0,116.9,154.4,0.0,COMPLETE
14545,0.6875,2026-04-09 21:20:46.309914,2026-04-09 21:20:53.197092,0 days 00:00:06.887178,413.0,1.0,115.4,154.1,0.0,COMPLETE
14546,0.6875,2026-04-09 21:20:53.216514,2026-04-09 21:21:00.997828,0 days 00:00:07.781314,254.0,2.0,124.4,155.6,0.29,COMPLETE
14547,0.6875,2026-04-09 21:21:01.015989,2026-04-09 21:21:08.686903,0 days 00:00:07.670914,410.0,1.0,114.6,155.3,0.65,COMPLETE
14548,0.6875,2026-04-09 21:21:08.705666,2026-04-09 21:21:15.370510,0 days 00:00:06.664844,394.0,1.0,115.3,154.2,0.23,COMPLETE
14549,0.6875,2026-04-09 21:21:15.390431,2026-04-09 21:21:22.679845,0 days 00:00:07.289414,495.0,2.0,121.7,151.7,0.52,COMPLETE
14550,0.6875,2026-04-09 21:21:22.698261,2026-04-09 21:21:30.026914,0 days 00:00:07.328653,442.0,1.0,116.9,157.3,0.01,COMPLETE
14551,0.825,2026-04-09 21:21:30.047370,2026-04-09 21:22:04.110541,0 days 00:00:34.063171,457.0,1.0,117.8,155.9,0.46,COMPLETE
14552,0.6875,2026-04-09 21:22:04.132408,2026-04-09 21:22:11.185002,0 days 00:00:07.052594,499.0,2.0,120.6,155.2,0.51,COMPLETE
14553,0.6875,2026-04-09 21:22:11.305947,2026-04-09 21:22:18.514529,0 days 00:00:07.208582,337.0,1.0,117.0,153.1,0.24,COMPLETE
14554,0.6875,2026-04-09 21:22:18.537262,2026-04-09 21:22:25.389030,0 days 00:00:06.851768,492.0,2.0,119.8,153.2,0.22,COMPLETE
14555,0.825,2026-04-09 21:22:25.407705,2026-04-09 21:22:40.397168,0 days 00:00:14.989463,448.0,1.0,116.0,155.2,0.44,COMPLETE
14556,0.6875,2026-04-09 21:22:40.417844,2026-04-09 21:22:47.129235,0 days 00:00:06.711391,432.0,2.0,115.1,155.6,0.52,COMPLETE
14557,0.6875,2026-04-09 21:22:47.150609,2026-04-09 21:22:54.189829,0 days 00:00:07.039220,435.0,3.0,119.7,153.8,0.52,COMPLETE
14558,0.6875,2026-04-09 21:22:54.209006,2026-04-09 21:23:01.336543,0 days 00:00:07.127537,439.0,1.0,114.2,154.7,0.23,COMPLETE
14559,0.6875,2026-04-09 21:23:01.355606,2026-04-09 21:23:08.182925,0 days 00:00:06.827319,387.0,1.0,114.5,157.3,0.48,COMPLETE
14560,0.825,2026-04-09 21:23:08.203665,2026-04-09 21:23:42.428157,0 days 00:00:34.224492,423.0,1.0,118.1,156.1,0.01,COMPLETE
14561,0.6875,2026-04-09 21:23:42.447377,2026-04-09 21:23:49.549328,0 days 00:00:07.101951,392.0,1.0,115.1,153.4,0.44,COMPLETE
14562,0.6875,2026-04-09 21:23:49.569564,2026-04-09 21:23:56.563268,0 days 00:00:06.993704,330.0,1.0,115.6,156.4,0.14,COMPLETE
14563,0.6875,2026-04-09 21:23:56.585253,2026-04-09 21:24:04.171654,0 days 00:00:07.586401,450.0,2.0,124.6,155.1,0.62,COMPLETE
14564,0.825,2026-04-09 21:24:04.191937,2026-04-09 21:24:38.485770,0 days 00:00:34.293833,448.0,1.0,120.2,155.4,0.22,COMPLETE
14565,0.825,2026-04-09 21:24:38.506299,2026-04-09 21:25:12.515115,0 days 00:00:34.008816,455.0,2.0,121.7,156.6,0.36,COMPLETE
14566,0.6875,2026-04-09 21:25:12.532219,2026-04-09 21:25:19.806537,0 days 00:00:07.274318,349.0,2.0,121.1,153.7,0.0,COMPLETE
14567,0.671875,2026-04-09 21:25:19.827415,2026-04-09 21:25:26.673859,0 days 00:00:06.846444,307.0,2.0,123.8,154.2,0.01,COMPLETE
14568,0.6875,2026-04-09 21:25:26.693932,2026-04-09 21:25:33.493447,0 days 00:00:06.799515,410.0,2.0,121.4,154.1,0.58,COMPLETE
14569,0.6875,2026-04-09 21:25:33.512672,2026-04-09 21:25:40.752633,0 days 00:00:07.239961,178.0,3.0,119.4,153.5,0.45,COMPLETE
14570,0.6875,2026-04-09 21:25:40.772108,2026-04-09 21:25:47.671819,0 days 00:00:06.899711,429.0,1.0,116.2,155.7,0.23,COMPLETE
14571,0.825,2026-04-09 21:25:47.690870,2026-04-09 21:26:21.889642,0 days 00:00:34.198772,466.0,1.0,118.0,153.6,0.0,COMPLETE
14572,0.825,2026-04-09 21:26:21.910460,2026-04-09 21:26:56.206702,0 days 00:00:34.296242,381.0,1.0,117.5,156.3,0.4,COMPLETE
14573,0.6875,2026-04-09 21:26:56.227116,2026-04-09 21:27:02.908565,0 days 00:00:06.681449,463.0,1.0,118.0,154.3,0.72,COMPLETE
14574,0.6875,2026-04-09 21:27:02.929324,2026-04-09 21:27:10.050318,0 days 00:00:07.120994,385.0,1.0,115.5,158.7,0.01,COMPLETE
14575,0.6875,2026-04-09 21:27:10.069158,2026-04-09 21:27:16.612731,0 days 00:00:06.543573,500.0,1.0,116.4,157.6,0.34,COMPLETE
14576,0.6875,2026-04-09 21:27:16.631539,2026-04-09 21:27:23.572083,0 days 00:00:06.940544,361.0,1.0,115.0,154.4,0.46,COMPLETE
14577,0.6875,2026-04-09 21:27:23.593050,2026-04-09 21:27:30.101871,0 days 00:00:06.508821,458.0,1.0,115.0,153.4,0.2,COMPLETE
14578,0.825,2026-04-09 21:27:30.121419,2026-04-09 21:28:05.809914,0 days 00:00:35.688495,441.0,1.0,124.7,154.5,0.37,COMPLETE
14579,0.6875,2026-04-09 21:28:05.831554,2026-04-09 21:28:13.893784,0 days 00:00:08.062230,265.0,3.0,113.0,154.8,1.43,COMPLETE
14580,0.6875,2026-04-09 21:28:13.912849,2026-04-09 21:28:20.624605,0 days 00:00:06.711756,335.0,1.0,116.2,153.7,0.32,COMPLETE
14581,0.825,2026-04-09 21:28:20.646804,2026-04-09 21:28:54.723325,0 days 00:00:34.076521,430.0,2.0,121.1,153.0,0.31,COMPLETE
14582,0.6875,2026-04-09 21:28:54.744083,2026-04-09 21:29:02.278770,0 days 00:00:07.534687,464.0,2.0,114.1,155.4,0.31,COMPLETE
14583,0.6875,2026-04-09 21:29:02.297557,2026-04-09 21:29:09.196118,0 days 00:00:06.898561,410.0,2.0,116.1,157.6,0.2,COMPLETE
14584,0.6875,2026-04-09 21:29:09.216828,2026-04-09 21:29:16.959922,0 days 00:00:07.743094,151.0,2.0,119.3,154.8,1.82,COMPLETE
14585,0.6875,2026-04-09 21:29:16.980745,2026-04-09 21:29:23.863933,0 days 00:00:06.883188,488.0,2.0,120.5,154.0,0.19,COMPLETE
14586,0.825,2026-04-09 21:29:23.885684,2026-04-09 21:29:58.195365,0 days 00:00:34.309681,413.0,1.0,119.8,155.1,0.26,COMPLETE
14587,0.6875,2026-04-09 21:29:58.215168,2026-04-09 21:30:05.630379,0 days 00:00:07.415211,380.0,2.0,113.3,155.1,0.19,COMPLETE
14588,0.6875,2026-04-09 21:30:05.651208,2026-04-09 21:30:12.702891,0 days 00:00:07.051683,278.0,1.0,115.0,156.6,0.21,COMPLETE
