number,value,datetime_start,datetime_complete,duration,params_voltage,params_width,params_x,params_y,params_z,state
10440,0.6875,2026-04-08 22:58:45.012557,2026-04-08 22:58:52.256353,0 days 00:00:07.243796,436.0,2.0,117.2,154.6,0.0,COMPLETE
10441,0.6875,2026-04-08 22:58:52.278737,2026-04-08 22:58:59.246587,0 days 00:00:06.967850,400.0,1.0,113.2,152.3,0.11,COMPLETE
10442,0.6875,2026-04-08 22:58:59.267197,2026-04-08 22:59:06.295282,0 days 00:00:07.028085,460.0,1.0,116.4,156.4,0.19,COMPLETE
10443,0.6875,2026-04-08 22:59:06.314559,2026-04-08 22:59:13.190786,0 days 00:00:06.876227,454.0,1.0,118.1,152.7,0.01,COMPLETE
10444,0.6875,2026-04-08 22:59:13.210410,2026-04-08 22:59:20.294300,0 days 00:00:07.083890,366.0,1.0,115.5,154.1,0.0,COMPLETE
10445,0.6875,2026-04-08 22:59:20.312639,2026-04-08 22:59:26.980141,0 days 00:00:06.667502,500.0,1.0,117.2,153.4,0.32,COMPLETE
10446,0.825,2026-04-08 22:59:26.996901,2026-04-08 23:00:00.923531,0 days 00:00:33.926630,459.0,1.0,117.8,154.5,0.0,COMPLETE
10447,0.6875,2026-04-08 23:00:00.943115,2026-04-08 23:00:08.349072,0 days 00:00:07.405957,391.0,3.0,125.0,155.7,0.87,COMPLETE
10448,0.6875,2026-04-08 23:00:08.364462,2026-04-08 23:00:15.688359,0 days 00:00:07.323897,389.0,1.0,116.2,154.1,0.78,COMPLETE
10449,0.6875,2026-04-08 23:00:15.707657,2026-04-08 23:00:22.344428,0 days 00:00:06.636771,426.0,1.0,114.5,155.5,0.34,COMPLETE
10450,0.825,2026-04-08 23:00:22.361060,2026-04-08 23:00:56.564695,0 days 00:00:34.203635,402.0,1.0,118.0,156.0,0.2,COMPLETE
10451,0.6875,2026-04-08 23:00:56.585058,2026-04-08 23:01:03.510279,0 days 00:00:06.925221,418.0,1.0,116.1,153.1,0.2,COMPLETE
10452,0.825,2026-04-08 23:01:03.528636,2026-04-08 23:01:37.956036,0 days 00:00:34.427400,409.0,1.0,121.3,155.0,0.01,COMPLETE
10453,0.6875,2026-04-08 23:01:37.974154,2026-04-08 23:01:45.149819,0 days 00:00:07.175665,311.0,3.0,123.2,153.4,0.36,COMPLETE
10454,0.6875,2026-04-08 23:01:45.165761,2026-04-08 23:01:52.247344,0 days 00:00:07.081583,400.0,1.0,117.5,152.6,0.3,COMPLETE
10455,0.6875,2026-04-08 23:01:52.266278,2026-04-08 23:01:59.531451,0 days 00:00:07.265173,249.0,2.0,120.4,156.6,0.49,COMPLETE
10456,0.825,2026-04-08 23:01:59.547111,2026-04-08 23:02:33.791414,0 days 00:00:34.244303,462.0,1.0,118.5,154.6,0.21,COMPLETE
10457,0.6875,2026-04-08 23:02:33.809782,2026-04-08 23:02:40.750421,0 days 00:00:06.940639,445.0,1.0,118.5,151.7,0.75,COMPLETE
10458,0.6875,2026-04-08 23:02:40.766540,2026-04-08 23:02:47.558401,0 days 00:00:06.791861,407.0,2.0,115.4,153.1,0.5,COMPLETE
10459,0.6875,2026-04-08 23:02:47.577932,2026-04-08 23:02:54.989362,0 days 00:00:07.411430,414.0,1.0,123.4,155.0,0.8200000000000001,COMPLETE
10460,0.6875,2026-04-08 23:02:55.006670,2026-04-08 23:03:02.498171,0 days 00:00:07.491501,413.0,1.0,114.9,154.1,0.21,COMPLETE
10461,0.6875,2026-04-08 23:03:02.517900,2026-04-08 23:03:10.351332,0 days 00:00:07.833432,238.0,2.0,122.7,159.0,0.45,COMPLETE
10462,0.6875,2026-04-08 23:03:10.373334,2026-04-08 23:03:17.542628,0 days 00:00:07.169294,366.0,1.0,117.7,155.1,0.32,COMPLETE
10463,0.825,2026-04-08 23:03:17.559230,2026-04-08 23:03:37.835031,0 days 00:00:20.275801,344.0,2.0,115.9,154.6,0.04,COMPLETE
10464,0.6875,2026-04-08 23:03:37.853963,2026-04-08 23:03:45.292618,0 days 00:00:07.438655,393.0,1.0,122.9,153.1,0.49,COMPLETE
10465,0.6875,2026-04-08 23:03:45.309100,2026-04-08 23:03:52.062201,0 days 00:00:06.753101,401.0,2.0,121.1,154.3,0.0,COMPLETE
10466,0.6875,2026-04-08 23:03:52.080826,2026-04-08 23:03:58.856047,0 days 00:00:06.775221,377.0,1.0,118.8,154.1,0.48,COMPLETE
10467,0.6875,2026-04-08 23:03:58.873309,2026-04-08 23:04:06.027262,0 days 00:00:07.153953,277.0,2.0,123.0,155.9,0.45,COMPLETE
10468,0.825,2026-04-08 23:04:06.046318,2026-04-08 23:04:40.229372,0 days 00:00:34.183054,265.0,2.0,120.4,153.5,0.02,COMPLETE
10469,0.825,2026-04-08 23:04:40.245930,2026-04-08 23:05:14.570778,0 days 00:00:34.324848,389.0,1.0,116.5,151.4,0.21,COMPLETE
10470,0.6875,2026-04-08 23:05:14.590028,2026-04-08 23:05:21.668215,0 days 00:00:07.078187,457.0,1.0,121.2,152.0,0.31,COMPLETE
10471,0.825,2026-04-08 23:05:21.684937,2026-04-08 23:05:56.029907,0 days 00:00:34.344970,468.0,2.0,123.2,157.1,0.38,COMPLETE
10472,0.825,2026-04-08 23:05:56.051972,2026-04-08 23:06:30.372543,0 days 00:00:34.320571,340.0,2.0,121.9,153.5,0.24,COMPLETE
10473,0.6875,2026-04-08 23:06:30.390311,2026-04-08 23:06:37.404088,0 days 00:00:07.013777,357.0,1.0,117.2,152.7,0.24,COMPLETE
10474,0.6875,2026-04-08 23:06:37.422934,2026-04-08 23:06:44.102641,0 days 00:00:06.679707,406.0,1.0,117.6,154.3,0.0,COMPLETE
10475,0.6875,2026-04-08 23:06:44.119295,2026-04-08 23:06:50.746998,0 days 00:00:06.627703,444.0,1.0,116.6,153.2,0.02,COMPLETE
10476,0.825,2026-04-08 23:06:50.765019,2026-04-08 23:07:24.847052,0 days 00:00:34.082033,439.0,1.0,117.9,157.1,0.25,COMPLETE
10477,0.6875,2026-04-08 23:07:24.864804,2026-04-08 23:07:31.762885,0 days 00:00:06.898081,397.0,1.0,115.7,155.7,0.0,COMPLETE
10478,0.6875,2026-04-08 23:07:31.781756,2026-04-08 23:07:38.459568,0 days 00:00:06.677812,436.0,1.0,116.4,157.2,0.0,COMPLETE
10479,0.6875,2026-04-08 23:07:38.477289,2026-04-08 23:07:45.618012,0 days 00:00:07.140723,348.0,1.0,118.0,153.0,0.0,COMPLETE
10480,0.6875,2026-04-08 23:07:45.636663,2026-04-08 23:07:53.043828,0 days 00:00:07.407165,453.0,2.0,125.4,156.5,0.06,COMPLETE
10481,0.6875,2026-04-08 23:07:53.061043,2026-04-08 23:08:00.950784,0 days 00:00:07.889741,341.0,1.0,115.5,156.4,0.32,COMPLETE
10482,0.6875,2026-04-08 23:08:00.969250,2026-04-08 23:08:07.744092,0 days 00:00:06.774842,377.0,1.0,114.8,153.2,0.48,COMPLETE
10483,0.6875,2026-04-08 23:08:07.760760,2026-04-08 23:08:14.802451,0 days 00:00:07.041691,349.0,1.0,116.1,158.5,0.25,COMPLETE
10484,0.6875,2026-04-08 23:08:14.820975,2026-04-08 23:08:22.024804,0 days 00:00:07.203829,334.0,1.0,121.1,154.2,0.41000000000000003,COMPLETE
10485,0.825,2026-04-08 23:08:22.041036,2026-04-08 23:08:56.018694,0 days 00:00:33.977658,500.0,2.0,119.1,154.6,0.44,COMPLETE
10486,0.6875,2026-04-08 23:08:56.038174,2026-04-08 23:09:02.887467,0 days 00:00:06.849293,469.0,1.0,115.0,153.6,0.21,COMPLETE
10487,0.825,2026-04-08 23:09:02.903584,2026-04-08 23:09:37.449875,0 days 00:00:34.546291,315.0,1.0,119.7,155.7,0.01,COMPLETE
10488,0.825,2026-04-08 23:09:37.469098,2026-04-08 23:10:11.493813,0 days 00:00:34.024715,430.0,1.0,123.0,155.4,0.37,COMPLETE
10489,0.6875,2026-04-08 23:10:11.511104,2026-04-08 23:10:18.884599,0 days 00:00:07.373495,370.0,1.0,116.8,154.6,0.52,COMPLETE
10490,0.6875,2026-04-08 23:10:18.904119,2026-04-08 23:10:25.684545,0 days 00:00:06.780426,495.0,1.0,113.6,155.7,0.17,COMPLETE
10491,0.6875,2026-04-08 23:10:25.702219,2026-04-08 23:10:32.751097,0 days 00:00:07.048878,268.0,1.0,115.7,154.8,1.6400000000000001,COMPLETE
10492,0.6875,2026-04-08 23:10:32.770056,2026-04-08 23:10:40.419163,0 days 00:00:07.649107,336.0,3.0,125.6,154.2,1.85,COMPLETE
10493,0.6875,2026-04-08 23:10:40.436102,2026-04-08 23:10:47.870516,0 days 00:00:07.434414,387.0,1.0,116.0,154.2,0.01,COMPLETE
10494,0.6875,2026-04-08 23:10:47.889615,2026-04-08 23:10:54.647087,0 days 00:00:06.757472,469.0,1.0,115.0,154.9,0.28,COMPLETE
10495,0.6875,2026-04-08 23:10:54.665274,2026-04-08 23:11:01.315580,0 days 00:00:06.650306,403.0,1.0,115.9,155.9,0.25,COMPLETE
10496,0.6875,2026-04-08 23:11:01.334720,2026-04-08 23:11:07.886323,0 days 00:00:06.551603,448.0,1.0,116.4,156.4,0.45,COMPLETE
10497,0.825,2026-04-08 23:11:07.904818,2026-04-08 23:11:41.866148,0 days 00:00:33.961330,471.0,1.0,117.6,156.9,0.0,COMPLETE
10498,0.825,2026-04-08 23:11:41.886035,2026-04-08 23:12:16.420518,0 days 00:00:34.534483,361.0,1.0,122.5,155.7,0.11,COMPLETE
10499,0.6875,2026-04-08 23:12:16.437795,2026-04-08 23:12:23.934125,0 days 00:00:07.496330,456.0,1.0,114.6,156.9,0.01,COMPLETE
10500,0.6875,2026-04-08 23:12:23.952655,2026-04-08 23:12:30.934148,0 days 00:00:06.981493,327.0,1.0,117.4,155.4,0.26,COMPLETE
10501,0.015625,2026-04-08 23:12:30.951533,2026-04-08 23:12:37.668672,0 days 00:00:06.717139,470.0,1.0,115.9,153.8,0.0,COMPLETE
10502,0.6875,2026-04-08 23:12:37.687919,2026-04-08 23:12:44.580988,0 days 00:00:06.893069,413.0,1.0,120.5,153.7,0.15,COMPLETE
10503,0.6875,2026-04-08 23:12:44.598565,2026-04-08 23:12:52.086918,0 days 00:00:07.488353,416.0,2.0,114.3,159.6,0.04,COMPLETE
10504,0.6875,2026-04-08 23:12:52.106663,2026-04-08 23:12:59.487735,0 days 00:00:07.381072,459.0,1.0,116.3,152.2,0.28,COMPLETE
10505,0.6875,2026-04-08 23:12:59.504373,2026-04-08 23:13:06.599434,0 days 00:00:07.095061,423.0,1.0,117.3,157.9,0.01,COMPLETE
10506,0.6875,2026-04-08 23:13:06.618174,2026-04-08 23:13:13.828224,0 days 00:00:07.210050,363.0,2.0,114.0,154.3,0.3,COMPLETE
10507,0.6875,2026-04-08 23:13:13.845375,2026-04-08 23:13:21.750306,0 days 00:00:07.904931,281.0,2.0,124.1,154.3,0.3,COMPLETE
10508,0.6875,2026-04-08 23:13:21.770379,2026-04-08 23:13:29.716644,0 days 00:00:07.946265,387.0,3.0,113.3,159.9,1.1,COMPLETE
10509,0.6875,2026-04-08 23:13:29.734502,2026-04-08 23:13:36.660774,0 days 00:00:06.926272,415.0,1.0,113.8,155.5,0.26,COMPLETE
10510,0.6875,2026-04-08 23:13:36.679636,2026-04-08 23:13:44.726022,0 days 00:00:08.046386,219.0,2.0,122.4,152.4,0.29,COMPLETE
10511,0.6875,2026-04-08 23:13:44.744367,2026-04-08 23:13:51.992758,0 days 00:00:07.248391,374.0,1.0,115.4,152.3,0.0,COMPLETE
10512,0.6875,2026-04-08 23:13:52.012395,2026-04-08 23:13:59.232373,0 days 00:00:07.219978,226.0,1.0,116.7,157.0,0.01,COMPLETE
10513,0.6875,2026-04-08 23:13:59.248554,2026-04-08 23:14:06.096979,0 days 00:00:06.848425,378.0,1.0,116.1,153.2,0.26,COMPLETE
10514,0.6875,2026-04-08 23:14:06.116390,2026-04-08 23:14:12.737041,0 days 00:00:06.620651,488.0,1.0,116.0,154.7,0.52,COMPLETE
10515,0.825,2026-04-08 23:14:12.754059,2026-04-08 23:14:46.967751,0 days 00:00:34.213692,393.0,1.0,117.2,156.7,0.0,COMPLETE
10516,0.6875,2026-04-08 23:14:46.986865,2026-04-08 23:14:54.283529,0 days 00:00:07.296664,400.0,1.0,119.2,150.6,0.61,COMPLETE
10517,0.6875,2026-04-08 23:14:54.299630,2026-04-08 23:15:00.883213,0 days 00:00:06.583583,355.0,2.0,119.8,151.2,0.01,COMPLETE
10518,0.6875,2026-04-08 23:15:00.902660,2026-04-08 23:15:07.827853,0 days 00:00:06.925193,416.0,1.0,117.2,154.7,0.35000000000000003,COMPLETE
10519,0.825,2026-04-08 23:15:07.844377,2026-04-08 23:15:42.281977,0 days 00:00:34.437600,283.0,2.0,121.5,156.9,0.0,COMPLETE
10520,0.6875,2026-04-08 23:15:42.301745,2026-04-08 23:15:49.543549,0 days 00:00:07.241804,404.0,2.0,116.1,153.8,0.23,COMPLETE
10521,0.6875,2026-04-08 23:15:49.560378,2026-04-08 23:15:56.370335,0 days 00:00:06.809957,498.0,2.0,115.4,156.7,0.22,COMPLETE
10522,0.6875,2026-04-08 23:15:56.391796,2026-04-08 23:16:03.293567,0 days 00:00:06.901771,398.0,2.0,117.1,157.0,0.0,COMPLETE
10523,0.825,2026-04-08 23:16:03.309613,2026-04-08 23:16:38.065005,0 days 00:00:34.755392,327.0,2.0,122.5,153.7,0.01,COMPLETE
10524,0.6875,2026-04-08 23:16:38.085216,2026-04-08 23:16:45.693299,0 days 00:00:07.608083,498.0,2.0,114.4,153.2,0.0,COMPLETE
10525,0.6875,2026-04-08 23:16:45.709332,2026-04-08 23:16:52.309056,0 days 00:00:06.599724,443.0,2.0,113.0,153.5,0.0,COMPLETE
10526,0.6875,2026-04-08 23:16:52.328792,2026-04-08 23:16:59.216755,0 days 00:00:06.887963,475.0,1.0,116.8,155.4,0.2,COMPLETE
10527,0.6875,2026-04-08 23:16:59.234625,2026-04-08 23:17:06.400626,0 days 00:00:07.166001,420.0,2.0,121.3,159.8,1.4000000000000001,COMPLETE
10528,0.6875,2026-04-08 23:17:06.420789,2026-04-08 23:17:14.349489,0 days 00:00:07.928700,493.0,1.0,114.9,150.0,0.39,COMPLETE
10529,0.825,2026-04-08 23:17:14.366492,2026-04-08 23:17:49.260153,0 days 00:00:34.893661,347.0,1.0,118.0,156.2,0.01,COMPLETE
10530,0.6875,2026-04-08 23:17:49.282423,2026-04-08 23:17:56.228948,0 days 00:00:06.946525,345.0,1.0,117.9,152.4,0.63,COMPLETE
10531,0.6875,2026-04-08 23:17:56.247729,2026-04-08 23:18:03.078155,0 days 00:00:06.830426,353.0,1.0,114.7,154.2,0.32,COMPLETE
10532,0.6875,2026-04-08 23:18:03.099667,2026-04-08 23:18:10.299335,0 days 00:00:07.199668,396.0,1.0,121.2,154.6,0.36,COMPLETE
10533,0.6875,2026-04-08 23:18:10.316479,2026-04-08 23:18:17.249521,0 days 00:00:06.933042,374.0,1.0,116.8,154.0,0.2,COMPLETE
10534,0.6875,2026-04-08 23:18:17.267000,2026-04-08 23:18:24.872830,0 days 00:00:07.605830,217.0,1.0,124.2,154.9,0.02,COMPLETE
10535,0.6875,2026-04-08 23:18:24.891264,2026-04-08 23:18:31.678504,0 days 00:00:06.787240,495.0,2.0,125.9,158.0,0.44,COMPLETE
10536,0.6875,2026-04-08 23:18:31.696404,2026-04-08 23:18:38.874591,0 days 00:00:07.178187,498.0,2.0,122.5,153.0,0.63,COMPLETE
10537,0.6875,2026-04-08 23:18:38.893456,2026-04-08 23:18:46.557587,0 days 00:00:07.664131,299.0,1.0,117.7,159.7,0.99,COMPLETE
10538,0.6875,2026-04-08 23:18:46.574117,2026-04-08 23:18:53.982929,0 days 00:00:07.408812,453.0,1.0,118.6,150.1,0.32,COMPLETE
10539,0.6875,2026-04-08 23:18:53.998308,2026-04-08 23:19:00.904406,0 days 00:00:06.906098,306.0,3.0,117.1,152.5,1.3,COMPLETE
10540,0.825,2026-04-08 23:19:00.921814,2026-04-08 23:19:34.945074,0 days 00:00:34.023260,409.0,1.0,118.6,155.3,0.28,COMPLETE
10541,0.6875,2026-04-08 23:19:34.963418,2026-04-08 23:19:41.822152,0 days 00:00:06.858734,442.0,1.0,115.4,155.4,0.72,COMPLETE
10542,0.825,2026-04-08 23:19:41.838010,2026-04-08 23:20:16.442381,0 days 00:00:34.604371,466.0,2.0,122.9,154.9,0.2,COMPLETE
10543,0.6875,2026-04-08 23:20:16.461241,2026-04-08 23:20:24.089798,0 days 00:00:07.628557,377.0,1.0,113.9,153.5,0.0,COMPLETE
10544,0.6875,2026-04-08 23:20:24.107033,2026-04-08 23:20:30.641210,0 days 00:00:06.534177,391.0,1.0,115.4,152.6,0.26,COMPLETE
10545,0.825,2026-04-08 23:20:30.660869,2026-04-08 23:20:48.032046,0 days 00:00:17.371177,447.0,2.0,124.5,155.1,0.65,COMPLETE
10546,0.6875,2026-04-08 23:20:48.050906,2026-04-08 23:20:54.971444,0 days 00:00:06.920538,247.0,2.0,123.2,152.4,0.01,COMPLETE
10547,0.6875,2026-04-08 23:20:54.988068,2026-04-08 23:21:01.816722,0 days 00:00:06.828654,271.0,1.0,120.4,156.0,0.37,COMPLETE
10548,0.6875,2026-04-08 23:21:01.836037,2026-04-08 23:21:08.801721,0 days 00:00:06.965684,417.0,1.0,114.7,154.4,0.76,COMPLETE
10549,0.825,2026-04-08 23:21:08.817798,2026-04-08 23:21:43.227921,0 days 00:00:34.410123,448.0,1.0,120.5,156.2,0.55,COMPLETE
10550,0.6875,2026-04-08 23:21:43.247359,2026-04-08 23:21:50.130448,0 days 00:00:06.883089,432.0,1.0,117.8,152.6,0.53,COMPLETE
10551,0.6875,2026-04-08 23:21:50.145978,2026-04-08 23:21:56.736563,0 days 00:00:06.590585,341.0,2.0,117.5,153.0,0.35000000000000003,COMPLETE
10552,0.6875,2026-04-08 23:21:56.755709,2026-04-08 23:22:03.371098,0 days 00:00:06.615389,392.0,2.0,116.4,155.0,0.5700000000000001,COMPLETE
10553,0.825,2026-04-08 23:22:03.388538,2026-04-08 23:22:10.424076,0 days 00:00:07.035538,497.0,2.0,116.9,154.0,0.24,COMPLETE
10554,0.825,2026-04-08 23:22:10.443803,2026-04-08 23:22:16.590011,0 days 00:00:06.146208,358.0,2.0,125.4,154.9,0.38,COMPLETE
10555,0.6875,2026-04-08 23:22:16.607237,2026-04-08 23:22:24.580157,0 days 00:00:07.972920,426.0,1.0,113.9,153.5,0.05,COMPLETE
10556,0.825,2026-04-08 23:22:24.600172,2026-04-08 23:22:59.271989,0 days 00:00:34.671817,368.0,3.0,122.6,155.3,0.01,COMPLETE
10557,0.6875,2026-04-08 23:22:59.294050,2026-04-08 23:23:06.478054,0 days 00:00:07.184004,436.0,1.0,117.0,155.4,0.24,COMPLETE
10558,0.6875,2026-04-08 23:23:06.495101,2026-04-08 23:23:13.961402,0 days 00:00:07.466301,368.0,1.0,123.7,155.5,0.65,COMPLETE
10559,0.6875,2026-04-08 23:23:13.982452,2026-04-08 23:23:21.615078,0 days 00:00:07.632626,375.0,1.0,114.6,152.1,0.77,COMPLETE
10560,0.825,2026-04-08 23:23:21.632511,2026-04-08 23:23:56.086537,0 days 00:00:34.454026,393.0,2.0,119.9,155.7,0.34,COMPLETE
10561,0.6875,2026-04-08 23:23:56.106075,2026-04-08 23:24:03.744157,0 days 00:00:07.638082,455.0,2.0,126.6,150.9,0.02,COMPLETE
10562,0.825,2026-04-08 23:24:03.760626,2026-04-08 23:24:38.338410,0 days 00:00:34.577784,281.0,2.0,124.5,155.5,0.03,COMPLETE
10563,0.6875,2026-04-08 23:24:38.358897,2026-04-08 23:24:46.047472,0 days 00:00:07.688575,499.0,1.0,115.0,156.5,0.21,COMPLETE
10564,0.6875,2026-04-08 23:24:46.065526,2026-04-08 23:24:53.656716,0 days 00:00:07.591190,229.0,2.0,120.5,158.2,0.23,COMPLETE
10565,0.6875,2026-04-08 23:24:53.676603,2026-04-08 23:25:01.011042,0 days 00:00:07.334439,449.0,1.0,115.4,153.0,0.24,COMPLETE
10566,0.6875,2026-04-08 23:25:01.027811,2026-04-08 23:25:07.880943,0 days 00:00:06.853132,409.0,1.0,113.9,156.6,0.21,COMPLETE
10567,0.825,2026-04-08 23:25:07.901228,2026-04-08 23:25:42.849517,0 days 00:00:34.948289,371.0,1.0,124.9,154.8,0.23,COMPLETE
10568,0.6875,2026-04-08 23:25:42.866078,2026-04-08 23:25:49.933603,0 days 00:00:07.067525,229.0,2.0,124.4,153.3,0.39,COMPLETE
10569,0.825,2026-04-08 23:25:49.952571,2026-04-08 23:26:24.045815,0 days 00:00:34.093244,397.0,1.0,121.5,152.8,0.01,COMPLETE
10570,0.825,2026-04-08 23:26:24.063269,2026-04-08 23:26:58.360276,0 days 00:00:34.297007,393.0,1.0,118.1,154.4,0.23,COMPLETE
10571,0.825,2026-04-08 23:26:58.378403,2026-04-08 23:27:32.387756,0 days 00:00:34.009353,440.0,1.0,119.3,156.4,0.4,COMPLETE
10572,0.825,2026-04-08 23:27:32.405098,2026-04-08 23:28:06.454742,0 days 00:00:34.049644,361.0,1.0,119.3,156.9,0.0,COMPLETE
10573,0.6875,2026-04-08 23:28:06.473599,2026-04-08 23:28:13.371598,0 days 00:00:06.897999,360.0,1.0,114.8,155.8,0.54,COMPLETE
10574,0.6875,2026-04-08 23:28:13.387997,2026-04-08 23:28:20.003183,0 days 00:00:06.615186,418.0,1.0,116.1,154.0,0.43,COMPLETE
10575,0.825,2026-04-08 23:28:20.022806,2026-04-08 23:28:34.115797,0 days 00:00:14.092991,415.0,2.0,123.6,155.0,0.37,COMPLETE
10576,0.6875,2026-04-08 23:28:34.134462,2026-04-08 23:28:41.229996,0 days 00:00:07.095534,241.0,2.0,121.7,154.6,0.28,COMPLETE
10577,0.6875,2026-04-08 23:28:41.246875,2026-04-08 23:28:48.088047,0 days 00:00:06.841172,426.0,2.0,118.1,154.4,0.48,COMPLETE
10578,0.6875,2026-04-08 23:28:48.108328,2026-04-08 23:28:54.723584,0 days 00:00:06.615256,407.0,2.0,117.4,155.4,0.0,COMPLETE
10579,0.6875,2026-04-08 23:28:54.739647,2026-04-08 23:29:01.972121,0 days 00:00:07.232474,298.0,2.0,122.0,153.7,0.93,COMPLETE
10580,0.6875,2026-04-08 23:29:01.989504,2026-04-08 23:29:08.961994,0 days 00:00:06.972490,430.0,1.0,117.7,155.9,0.7000000000000001,COMPLETE
10581,0.6875,2026-04-08 23:29:08.979182,2026-04-08 23:29:15.711039,0 days 00:00:06.731857,436.0,1.0,114.9,157.0,0.24,COMPLETE
10582,0.825,2026-04-08 23:29:15.731550,2026-04-08 23:29:50.129623,0 days 00:00:34.398073,369.0,1.0,117.9,155.5,0.0,COMPLETE
10583,0.6875,2026-04-08 23:29:50.146531,2026-04-08 23:29:57.249390,0 days 00:00:07.102859,428.0,1.0,114.8,152.3,0.53,COMPLETE
10584,0.6875,2026-04-08 23:29:57.268100,2026-04-08 23:30:04.057765,0 days 00:00:06.789665,373.0,1.0,113.0,155.4,0.24,COMPLETE
10585,0.6875,2026-04-08 23:30:04.075548,2026-04-08 23:30:11.367883,0 days 00:00:07.292335,348.0,1.0,120.0,154.0,0.73,COMPLETE
10586,0.6875,2026-04-08 23:30:11.386282,2026-04-08 23:30:18.358977,0 days 00:00:06.972695,363.0,1.0,116.0,156.7,0.2,COMPLETE
10587,0.6875,2026-04-08 23:30:18.376703,2026-04-08 23:30:25.032092,0 days 00:00:06.655389,409.0,1.0,115.5,155.2,0.39,COMPLETE
10588,0.6875,2026-04-08 23:30:25.049721,2026-04-08 23:30:32.100337,0 days 00:00:07.050616,244.0,1.0,117.4,155.7,1.94,COMPLETE
10589,0.6875,2026-04-08 23:30:32.119736,2026-04-08 23:30:39.078449,0 days 00:00:06.958713,313.0,1.0,116.0,151.7,0.21,COMPLETE
10590,0.6875,2026-04-08 23:30:39.097672,2026-04-08 23:30:45.726421,0 days 00:00:06.628749,390.0,2.0,115.0,150.9,0.3,COMPLETE
10591,0.6875,2026-04-08 23:30:45.742784,2026-04-08 23:30:52.911579,0 days 00:00:07.168795,461.0,1.0,119.9,154.4,0.34,COMPLETE
10592,0.825,2026-04-08 23:30:52.930087,2026-04-08 23:31:27.162822,0 days 00:00:34.232735,375.0,2.0,119.0,153.3,0.2,COMPLETE
10593,0.6875,2026-04-08 23:31:27.179796,2026-04-08 23:31:35.308218,0 days 00:00:08.128422,156.0,1.0,124.5,157.4,0.46,COMPLETE
10594,0.6875,2026-04-08 23:31:35.328479,2026-04-08 23:31:42.176689,0 days 00:00:06.848210,499.0,2.0,123.1,154.8,0.65,COMPLETE
10595,0.6875,2026-04-08 23:31:42.194928,2026-04-08 23:31:49.300425,0 days 00:00:07.105497,406.0,1.0,119.5,153.7,0.39,COMPLETE
10596,0.6875,2026-04-08 23:31:49.318816,2026-04-08 23:31:56.093069,0 days 00:00:06.774253,350.0,1.0,116.3,154.4,0.18,COMPLETE
10597,0.825,2026-04-08 23:31:56.112838,2026-04-08 23:32:30.387141,0 days 00:00:34.274303,358.0,1.0,120.1,154.7,0.23,COMPLETE
10598,0.6875,2026-04-08 23:32:30.406704,2026-04-08 23:32:37.631547,0 days 00:00:07.224843,408.0,1.0,116.5,158.4,0.58,COMPLETE
10599,0.6875,2026-04-08 23:32:37.649222,2026-04-08 23:32:44.512139,0 days 00:00:06.862917,315.0,1.0,115.3,158.0,0.01,COMPLETE
10600,0.6875,2026-04-08 23:32:44.533011,2026-04-08 23:32:51.337008,0 days 00:00:06.803997,287.0,1.0,116.2,155.4,0.02,COMPLETE
10601,0.6875,2026-04-08 23:32:51.354747,2026-04-08 23:32:58.090127,0 days 00:00:06.735380,371.0,1.0,116.7,157.4,0.25,COMPLETE
10602,0.6875,2026-04-08 23:32:58.109342,2026-04-08 23:33:05.304710,0 days 00:00:07.195368,449.0,2.0,117.9,151.1,0.24,COMPLETE
10603,0.6875,2026-04-08 23:33:05.322425,2026-04-08 23:33:12.096222,0 days 00:00:06.773797,446.0,1.0,115.9,153.6,0.28,COMPLETE
10604,0.6875,2026-04-08 23:33:12.117252,2026-04-08 23:33:18.881407,0 days 00:00:06.764155,388.0,1.0,117.4,155.7,0.47000000000000003,COMPLETE
10605,0.825,2026-04-08 23:33:18.898167,2026-04-08 23:33:52.832999,0 days 00:00:33.934832,431.0,1.0,119.2,156.3,0.0,COMPLETE
10606,0.6875,2026-04-08 23:33:52.851979,2026-04-08 23:33:59.876589,0 days 00:00:07.024610,464.0,1.0,115.6,155.6,0.24,COMPLETE
10607,0.6875,2026-04-08 23:33:59.893077,2026-04-08 23:34:07.046220,0 days 00:00:07.153143,269.0,2.0,120.1,154.9,0.16,COMPLETE
10608,0.6875,2026-04-08 23:34:07.066724,2026-04-08 23:34:13.780121,0 days 00:00:06.713397,342.0,2.0,122.0,155.0,0.38,COMPLETE
10609,0.6875,2026-04-08 23:34:13.796155,2026-04-08 23:34:21.035531,0 days 00:00:07.239376,457.0,1.0,115.1,154.9,0.46,COMPLETE
10610,0.825,2026-04-08 23:34:21.054749,2026-04-08 23:34:55.790216,0 days 00:00:34.735467,396.0,2.0,122.9,153.0,0.24,COMPLETE
10611,0.6875,2026-04-08 23:34:55.808221,2026-04-08 23:35:03.225985,0 days 00:00:07.417764,412.0,1.0,116.1,153.6,0.18,COMPLETE
10612,0.6875,2026-04-08 23:35:03.245059,2026-04-08 23:35:10.555314,0 days 00:00:07.310255,328.0,3.0,120.6,151.0,1.6,COMPLETE
