number,value,datetime_start,datetime_complete,duration,params_voltage,params_width,params_x,params_y,params_z,state
13898,0.6875,2026-04-09 19:02:56.677323,2026-04-09 19:03:03.755268,0 days 00:00:07.077945,418.0,1.0,115.3,155.0,0.29,COMPLETE
13899,0.6875,2026-04-09 19:03:03.777158,2026-04-09 19:03:11.016217,0 days 00:00:07.239059,433.0,1.0,121.8,155.9,0.96,COMPLETE
13900,0.6875,2026-04-09 19:03:11.036027,2026-04-09 19:03:18.032041,0 days 00:00:06.996014,351.0,1.0,119.9,153.7,0.19,COMPLETE
13901,0.015625,2026-04-09 19:03:18.052917,2026-04-09 19:03:24.993738,0 days 00:00:06.940821,466.0,2.0,116.9,156.6,0.01,COMPLETE
13902,0.6875,2026-04-09 19:03:25.014344,2026-04-09 19:03:32.992830,0 days 00:00:07.978486,212.0,2.0,123.1,151.0,0.11,COMPLETE
13903,0.6875,2026-04-09 19:03:33.011526,2026-04-09 19:03:39.857895,0 days 00:00:06.846369,412.0,1.0,122.5,154.4,0.7000000000000001,COMPLETE
13904,0.6875,2026-04-09 19:03:39.879081,2026-04-09 19:03:47.104179,0 days 00:00:07.225098,443.0,2.0,116.2,155.8,0.48,COMPLETE
13905,0.6875,2026-04-09 19:03:47.124296,2026-04-09 19:03:54.681468,0 days 00:00:07.557172,327.0,2.0,122.8,153.3,0.62,COMPLETE
13906,0.6875,2026-04-09 19:03:54.701148,2026-04-09 19:04:01.271664,0 days 00:00:06.570516,370.0,1.0,123.4,153.0,0.25,COMPLETE
13907,0.6875,2026-04-09 19:04:01.291559,2026-04-09 19:04:08.788961,0 days 00:00:07.497402,349.0,1.0,115.1,154.6,0.21,COMPLETE
13908,0.6875,2026-04-09 19:04:08.808538,2026-04-09 19:04:15.358932,0 days 00:00:06.550394,437.0,1.0,115.6,154.9,0.74,COMPLETE
13909,0.6875,2026-04-09 19:04:15.379430,2026-04-09 19:04:22.168402,0 days 00:00:06.788972,385.0,1.0,116.3,158.0,0.26,COMPLETE
13910,0.6875,2026-04-09 19:04:22.189218,2026-04-09 19:04:28.811383,0 days 00:00:06.622165,420.0,1.0,115.7,157.3,0.31,COMPLETE
13911,0.6875,2026-04-09 19:04:28.831736,2026-04-09 19:04:35.790366,0 days 00:00:06.958630,392.0,1.0,117.4,153.1,0.0,COMPLETE
13912,0.6875,2026-04-09 19:04:35.810499,2026-04-09 19:04:42.428013,0 days 00:00:06.617514,355.0,1.0,116.3,153.0,0.01,COMPLETE
13913,0.6875,2026-04-09 19:04:42.448874,2026-04-09 19:04:49.553483,0 days 00:00:07.104609,314.0,1.0,121.1,155.8,0.01,COMPLETE
13914,0.825,2026-04-09 19:04:49.572749,2026-04-09 19:05:23.431157,0 days 00:00:33.858408,398.0,1.0,120.0,155.3,0.0,COMPLETE
13915,0.825,2026-04-09 19:05:23.453214,2026-04-09 19:05:57.715055,0 days 00:00:34.261841,417.0,1.0,124.8,156.1,0.04,COMPLETE
13916,0.6875,2026-04-09 19:05:57.736615,2026-04-09 19:06:05.248647,0 days 00:00:07.512032,400.0,1.0,117.4,150.5,0.0,COMPLETE
13917,0.6875,2026-04-09 19:06:05.267796,2026-04-09 19:06:12.235133,0 days 00:00:06.967337,430.0,3.0,116.2,155.8,0.28,COMPLETE
13918,0.6875,2026-04-09 19:06:12.254366,2026-04-09 19:06:18.669078,0 days 00:00:06.414712,441.0,1.0,116.0,156.2,0.17,COMPLETE
13919,0.6875,2026-04-09 19:06:18.687974,2026-04-09 19:06:25.662189,0 days 00:00:06.974215,319.0,1.0,116.7,152.3,0.5,COMPLETE
13920,0.671875,2026-04-09 19:06:25.680296,2026-04-09 19:06:32.161215,0 days 00:00:06.480919,431.0,1.0,117.6,152.6,0.33,COMPLETE
13921,0.6875,2026-04-09 19:06:32.182353,2026-04-09 19:06:38.891321,0 days 00:00:06.708968,439.0,1.0,115.8,154.8,0.51,COMPLETE
13922,0.6875,2026-04-09 19:06:38.911585,2026-04-09 19:06:45.562408,0 days 00:00:06.650823,470.0,1.0,113.0,156.0,0.02,COMPLETE
13923,0.825,2026-04-09 19:06:45.583543,2026-04-09 19:07:19.916351,0 days 00:00:34.332808,411.0,1.0,118.0,156.1,0.21,COMPLETE
13924,0.6875,2026-04-09 19:07:19.936789,2026-04-09 19:07:26.979206,0 days 00:00:07.042417,493.0,1.0,114.3,156.0,0.22,COMPLETE
13925,0.6875,2026-04-09 19:07:27.000164,2026-04-09 19:07:36.109966,0 days 00:00:09.109802,158.0,2.0,126.9,148.2,1.03,COMPLETE
13926,0.6875,2026-04-09 19:07:36.130491,2026-04-09 19:07:43.478147,0 days 00:00:07.347656,411.0,2.0,121.1,152.6,0.41000000000000003,COMPLETE
13927,0.825,2026-04-09 19:07:43.498664,2026-04-09 19:08:17.751328,0 days 00:00:34.252664,499.0,2.0,121.1,157.2,0.34,COMPLETE
13928,0.6875,2026-04-09 19:08:17.772415,2026-04-09 19:08:25.000858,0 days 00:00:07.228443,348.0,1.0,122.3,154.9,0.64,COMPLETE
13929,0.6875,2026-04-09 19:08:25.018475,2026-04-09 19:08:32.001390,0 days 00:00:06.982915,475.0,3.0,121.4,150.3,0.8300000000000001,COMPLETE
13930,0.6875,2026-04-09 19:08:32.022011,2026-04-09 19:08:39.471068,0 days 00:00:07.449057,433.0,1.0,114.2,154.5,0.24,COMPLETE
13931,0.825,2026-04-09 19:08:39.489358,2026-04-09 19:09:13.558695,0 days 00:00:34.069337,404.0,1.0,117.7,156.1,0.0,COMPLETE
13932,0.6875,2026-04-09 19:09:13.579171,2026-04-09 19:09:21.315182,0 days 00:00:07.736011,207.0,2.0,120.3,151.9,0.5,COMPLETE
13933,0.6875,2026-04-09 19:09:21.333984,2026-04-09 19:09:28.747510,0 days 00:00:07.413526,487.0,3.0,115.9,158.3,0.21,COMPLETE
13934,0.6875,2026-04-09 19:09:28.768121,2026-04-09 19:09:36.123042,0 days 00:00:07.354921,461.0,2.0,121.8,154.2,0.7000000000000001,COMPLETE
13935,0.825,2026-04-09 19:09:36.141789,2026-04-09 19:10:32.258866,0 days 00:00:56.117077,346.0,3.0,125.0,155.5,0.04,COMPLETE
13936,0.6875,2026-04-09 19:10:32.280990,2026-04-09 19:10:39.920466,0 days 00:00:07.639476,334.0,2.0,118.0,151.1,0.46,COMPLETE
13937,0.6875,2026-04-09 19:10:39.939188,2026-04-09 19:10:47.110962,0 days 00:00:07.171774,340.0,1.0,117.0,156.9,0.01,COMPLETE
13938,0.825,2026-04-09 19:10:47.131480,2026-04-09 19:11:21.306766,0 days 00:00:34.175286,401.0,1.0,117.8,154.1,0.01,COMPLETE
13939,0.825,2026-04-09 19:11:21.324616,2026-04-09 19:11:26.523559,0 days 00:00:05.198943,367.0,1.0,121.1,153.7,0.0,COMPLETE
13940,0.6875,2026-04-09 19:11:26.544448,2026-04-09 19:11:33.894683,0 days 00:00:07.350235,369.0,2.0,115.6,157.0,0.02,COMPLETE
13941,0.6875,2026-04-09 19:11:33.914354,2026-04-09 19:11:40.739590,0 days 00:00:06.825236,450.0,1.0,115.3,154.5,0.41000000000000003,COMPLETE
13942,0.6875,2026-04-09 19:11:40.758187,2026-04-09 19:11:47.856828,0 days 00:00:07.098641,442.0,1.0,113.1,159.5,0.07,COMPLETE
13943,0.825,2026-04-09 19:11:47.877330,2026-04-09 19:12:09.219100,0 days 00:00:21.341770,420.0,1.0,119.9,153.5,0.3,COMPLETE
13944,0.6875,2026-04-09 19:12:09.240983,2026-04-09 19:12:16.029167,0 days 00:00:06.788184,404.0,1.0,117.7,154.9,0.23,COMPLETE
13945,0.6875,2026-04-09 19:12:16.049474,2026-04-09 19:12:22.845433,0 days 00:00:06.795959,258.0,1.0,116.2,154.1,0.02,COMPLETE
13946,0.6875,2026-04-09 19:12:22.865034,2026-04-09 19:12:29.813689,0 days 00:00:06.948655,343.0,2.0,121.7,154.8,0.3,COMPLETE
13947,0.6875,2026-04-09 19:12:29.833799,2026-04-09 19:12:36.896720,0 days 00:00:07.062921,480.0,1.0,115.6,155.8,0.0,COMPLETE
13948,0.6875,2026-04-09 19:12:36.915757,2026-04-09 19:12:43.477207,0 days 00:00:06.561450,433.0,1.0,116.6,157.1,0.29,COMPLETE
13949,0.6875,2026-04-09 19:12:43.497975,2026-04-09 19:12:49.958319,0 days 00:00:06.460344,497.0,1.0,116.9,156.5,0.79,COMPLETE
13950,0.6875,2026-04-09 19:12:49.977066,2026-04-09 19:12:57.078554,0 days 00:00:07.101488,483.0,1.0,113.3,151.1,0.65,COMPLETE
13951,0.6875,2026-04-09 19:12:57.096219,2026-04-09 19:13:04.095798,0 days 00:00:06.999579,312.0,1.0,116.6,153.7,0.39,COMPLETE
13952,0.825,2026-04-09 19:13:04.115607,2026-04-09 19:13:37.999270,0 days 00:00:33.883663,451.0,2.0,118.6,154.6,0.01,COMPLETE
13953,0.6875,2026-04-09 19:13:38.017928,2026-04-09 19:13:45.450070,0 days 00:00:07.432142,246.0,3.0,121.1,156.0,0.03,COMPLETE
13954,0.825,2026-04-09 19:13:45.470582,2026-04-09 19:14:19.718035,0 days 00:00:34.247453,366.0,1.0,118.5,157.1,0.5,COMPLETE
13955,0.6875,2026-04-09 19:14:19.738349,2026-04-09 19:14:26.760179,0 days 00:00:07.021830,450.0,1.0,115.2,156.4,0.0,COMPLETE
13956,0.6875,2026-04-09 19:14:26.779794,2026-04-09 19:14:33.633169,0 days 00:00:06.853375,413.0,1.0,114.0,153.9,0.02,COMPLETE
13957,0.6875,2026-04-09 19:14:33.653720,2026-04-09 19:14:40.543419,0 days 00:00:06.889699,431.0,1.0,116.7,156.4,0.0,COMPLETE
13958,0.6875,2026-04-09 19:14:40.561421,2026-04-09 19:14:47.341909,0 days 00:00:06.780488,406.0,1.0,114.2,156.3,0.22,COMPLETE
13959,0.825,2026-04-09 19:14:47.362633,2026-04-09 19:15:21.726769,0 days 00:00:34.364136,325.0,1.0,116.8,154.7,0.02,COMPLETE
13960,0.6875,2026-04-09 19:15:21.745772,2026-04-09 19:15:28.500168,0 days 00:00:06.754396,300.0,1.0,116.4,153.5,0.81,COMPLETE
13961,0.6875,2026-04-09 19:15:28.521257,2026-04-09 19:15:35.295482,0 days 00:00:06.774225,394.0,1.0,114.8,154.9,0.48,COMPLETE
13962,0.6875,2026-04-09 19:15:35.315487,2026-04-09 19:15:42.031430,0 days 00:00:06.715943,385.0,2.0,115.1,153.3,0.0,COMPLETE
13963,0.6875,2026-04-09 19:15:42.049034,2026-04-09 19:15:49.281370,0 days 00:00:07.232336,265.0,1.0,119.7,151.9,0.06,COMPLETE
13964,0.825,2026-04-09 19:15:49.302912,2026-04-09 19:16:23.633548,0 days 00:00:34.330636,439.0,1.0,121.1,156.7,0.0,COMPLETE
13965,0.825,2026-04-09 19:16:23.652645,2026-04-09 19:16:58.193157,0 days 00:00:34.540512,276.0,1.0,124.9,153.7,0.04,COMPLETE
13966,0.825,2026-04-09 19:16:58.214353,2026-04-09 19:17:32.239869,0 days 00:00:34.025516,462.0,3.0,124.0,154.7,0.09,COMPLETE
13967,0.6875,2026-04-09 19:17:32.260763,2026-04-09 19:17:40.040812,0 days 00:00:07.780049,293.0,1.0,114.6,152.4,0.28,COMPLETE
13968,0.6875,2026-04-09 19:17:40.061172,2026-04-09 19:17:47.893033,0 days 00:00:07.831861,469.0,2.0,126.3,156.7,0.34,COMPLETE
13969,0.6875,2026-04-09 19:17:47.913634,2026-04-09 19:17:55.812238,0 days 00:00:07.898604,457.0,2.0,113.3,154.9,0.02,COMPLETE
13970,0.6875,2026-04-09 19:17:55.831464,2026-04-09 19:18:03.942388,0 days 00:00:08.110924,180.0,2.0,124.4,155.0,0.3,COMPLETE
13971,0.6875,2026-04-09 19:18:03.963353,2026-04-09 19:18:11.177823,0 days 00:00:07.214470,386.0,1.0,117.0,153.2,0.25,COMPLETE
13972,0.671875,2026-04-09 19:18:11.197513,2026-04-09 19:18:17.988503,0 days 00:00:06.790990,396.0,2.0,120.9,155.3,0.55,COMPLETE
13973,0.6875,2026-04-09 19:18:18.010700,2026-04-09 19:18:24.497162,0 days 00:00:06.486462,453.0,2.0,120.0,154.9,0.64,COMPLETE
13974,0.825,2026-04-09 19:18:24.516376,2026-04-09 19:18:58.766788,0 days 00:00:34.250412,377.0,1.0,123.0,155.6,0.41000000000000003,COMPLETE
13975,0.6875,2026-04-09 19:18:58.787974,2026-04-09 19:19:05.575488,0 days 00:00:06.787514,405.0,1.0,121.9,154.4,0.32,COMPLETE
13976,0.6875,2026-04-09 19:19:05.593788,2026-04-09 19:19:12.607941,0 days 00:00:07.014153,426.0,1.0,117.2,154.4,0.2,COMPLETE
13977,0.6875,2026-04-09 19:19:12.627541,2026-04-09 19:19:20.050257,0 days 00:00:07.422716,317.0,2.0,122.8,152.3,0.01,COMPLETE
13978,0.6875,2026-04-09 19:19:20.069546,2026-04-09 19:19:26.991110,0 days 00:00:06.921564,500.0,2.0,126.7,153.8,0.53,COMPLETE
13979,0.825,2026-04-09 19:19:27.010654,2026-04-09 19:20:02.024701,0 days 00:00:35.014047,471.0,2.0,115.9,153.8,0.23,COMPLETE
13980,0.6875,2026-04-09 19:20:02.046116,2026-04-09 19:20:08.953052,0 days 00:00:06.906936,447.0,1.0,114.6,151.7,0.22,COMPLETE
13981,0.6875,2026-04-09 19:20:08.972884,2026-04-09 19:20:15.890794,0 days 00:00:06.917910,380.0,1.0,115.9,151.9,1.97,COMPLETE
13982,0.6875,2026-04-09 19:20:15.912272,2026-04-09 19:20:22.892344,0 days 00:00:06.980072,407.0,1.0,116.9,155.9,0.22,COMPLETE
13983,0.6875,2026-04-09 19:20:22.911517,2026-04-09 19:20:29.808961,0 days 00:00:06.897444,433.0,1.0,113.2,156.8,0.64,COMPLETE
13984,0.6875,2026-04-09 19:20:29.829829,2026-04-09 19:20:38.216666,0 days 00:00:08.386837,152.0,2.0,122.7,157.2,1.85,COMPLETE
13985,0.6875,2026-04-09 19:20:38.234778,2026-04-09 19:20:45.643962,0 days 00:00:07.409184,411.0,1.0,115.7,154.2,0.16,COMPLETE
13986,0.825,2026-04-09 19:20:45.665382,2026-04-09 19:21:20.078925,0 days 00:00:34.413543,274.0,1.0,119.4,155.6,0.23,COMPLETE
13987,0.6875,2026-04-09 19:21:20.100073,2026-04-09 19:21:26.980170,0 days 00:00:06.880097,448.0,1.0,116.4,156.6,0.25,COMPLETE
13988,0.6875,2026-04-09 19:21:26.999151,2026-04-09 19:21:33.987451,0 days 00:00:06.988300,390.0,1.0,118.9,152.7,0.52,COMPLETE
13989,0.6875,2026-04-09 19:21:34.008133,2026-04-09 19:21:40.640438,0 days 00:00:06.632305,460.0,2.0,117.6,153.2,0.27,COMPLETE
13990,0.825,2026-04-09 19:21:40.658761,2026-04-09 19:22:14.660138,0 days 00:00:34.001377,456.0,1.0,118.1,154.6,0.22,COMPLETE
13991,0.825,2026-04-09 19:22:14.681501,2026-04-09 19:22:48.921730,0 days 00:00:34.240229,333.0,1.0,118.3,156.4,0.22,COMPLETE
13992,0.6875,2026-04-09 19:22:48.941655,2026-04-09 19:22:56.090451,0 days 00:00:07.148796,241.0,2.0,119.5,157.8,0.38,COMPLETE
13993,0.6875,2026-04-09 19:22:56.108970,2026-04-09 19:23:03.203050,0 days 00:00:07.094080,499.0,1.0,116.7,153.3,0.67,COMPLETE
13994,0.6875,2026-04-09 19:23:03.223469,2026-04-09 19:23:09.817780,0 days 00:00:06.594311,439.0,1.0,117.2,152.6,0.25,COMPLETE
13995,0.6875,2026-04-09 19:23:09.837039,2026-04-09 19:23:16.533744,0 days 00:00:06.696705,434.0,1.0,116.3,151.4,0.22,COMPLETE
13996,0.6875,2026-04-09 19:23:16.553991,2026-04-09 19:23:24.099358,0 days 00:00:07.545367,477.0,2.0,124.5,154.7,1.1500000000000001,COMPLETE
13997,0.6875,2026-04-09 19:23:24.117305,2026-04-09 19:23:31.884049,0 days 00:00:07.766744,472.0,1.0,114.2,153.8,0.02,COMPLETE
13998,0.6875,2026-04-09 19:23:31.904381,2026-04-09 19:23:39.870479,0 days 00:00:07.966098,247.0,2.0,122.4,155.3,0.32,COMPLETE
13999,0.6875,2026-04-09 19:23:39.891772,2026-04-09 19:23:47.509789,0 days 00:00:07.618017,423.0,1.0,113.1,157.1,0.0,COMPLETE
14000,0.825,2026-04-09 19:23:47.531580,2026-04-09 19:24:21.873507,0 days 00:00:34.341927,403.0,1.0,118.2,156.1,0.46,COMPLETE
14001,0.6875,2026-04-09 19:24:21.892759,2026-04-09 19:24:28.830144,0 days 00:00:06.937385,401.0,2.0,115.9,154.8,0.18,COMPLETE
14002,0.6875,2026-04-09 19:24:28.851405,2026-04-09 19:24:35.854655,0 days 00:00:07.003250,333.0,1.0,113.7,154.4,0.0,COMPLETE
14003,0.6875,2026-04-09 19:24:35.874919,2026-04-09 19:24:42.761727,0 days 00:00:06.886808,414.0,1.0,116.5,153.6,0.2,COMPLETE
14004,0.6875,2026-04-09 19:24:42.779095,2026-04-09 19:24:49.628709,0 days 00:00:06.849614,342.0,1.0,117.5,153.0,0.0,COMPLETE
14005,0.825,2026-04-09 19:24:49.651490,2026-04-09 19:25:45.892262,0 days 00:00:56.240772,496.0,2.0,123.8,153.6,0.08,COMPLETE
14006,0.6875,2026-04-09 19:25:45.912969,2026-04-09 19:25:53.859355,0 days 00:00:07.946386,389.0,1.0,114.7,153.8,0.25,COMPLETE
14007,0.825,2026-04-09 19:25:53.877073,2026-04-09 19:26:28.058865,0 days 00:00:34.181792,418.0,1.0,119.2,154.2,0.23,COMPLETE
14008,0.6875,2026-04-09 19:26:28.080287,2026-04-09 19:26:34.971035,0 days 00:00:06.890748,456.0,2.0,116.2,155.1,0.01,COMPLETE
14009,0.6875,2026-04-09 19:26:34.991886,2026-04-09 19:26:42.574045,0 days 00:00:07.582159,272.0,2.0,123.6,155.9,0.27,COMPLETE
14010,0.825,2026-04-09 19:26:42.592216,2026-04-09 19:27:16.961954,0 days 00:00:34.369738,320.0,1.0,118.5,154.9,0.19,COMPLETE
14011,0.6875,2026-04-09 19:27:16.982971,2026-04-09 19:27:24.600975,0 days 00:00:07.618004,160.0,1.0,118.9,148.3,1.1300000000000001,COMPLETE
14012,0.6875,2026-04-09 19:27:24.619340,2026-04-09 19:27:32.241588,0 days 00:00:07.622248,433.0,1.0,117.8,159.1,0.0,COMPLETE
14013,0.825,2026-04-09 19:27:32.262573,2026-04-09 19:28:06.666526,0 days 00:00:34.403953,495.0,2.0,119.4,154.5,0.62,COMPLETE
14014,0.671875,2026-04-09 19:28:06.687753,2026-04-09 19:28:13.598618,0 days 00:00:06.910865,475.0,1.0,117.2,155.5,0.27,COMPLETE
14015,0.6875,2026-04-09 19:28:13.619032,2026-04-09 19:28:20.443691,0 days 00:00:06.824659,386.0,2.0,116.4,155.7,0.44,COMPLETE
14016,0.825,2026-04-09 19:28:20.464673,2026-04-09 19:28:54.740137,0 days 00:00:34.275464,459.0,2.0,118.5,157.4,0.24,COMPLETE
14017,0.6875,2026-04-09 19:28:54.757800,2026-04-09 19:29:02.351422,0 days 00:00:07.593622,357.0,1.0,114.9,152.1,0.0,COMPLETE
14018,0.825,2026-04-09 19:29:02.371361,2026-04-09 19:29:58.954521,0 days 00:00:56.583160,440.0,2.0,123.9,155.2,0.13,COMPLETE
14019,0.825,2026-04-09 19:29:58.974922,2026-04-09 19:30:33.058737,0 days 00:00:34.083815,449.0,1.0,122.4,153.1,0.01,COMPLETE
14020,0.6875,2026-04-09 19:30:33.080212,2026-04-09 19:30:40.468715,0 days 00:00:07.388503,347.0,2.0,117.3,154.1,0.21,COMPLETE
14021,0.6875,2026-04-09 19:30:40.487842,2026-04-09 19:30:47.259119,0 days 00:00:06.771277,378.0,1.0,116.7,156.3,0.24,COMPLETE
14022,0.6875,2026-04-09 19:30:47.279762,2026-04-09 19:30:54.052503,0 days 00:00:06.772741,392.0,1.0,114.7,156.6,0.5,COMPLETE
14023,0.6875,2026-04-09 19:30:54.070903,2026-04-09 19:31:00.871663,0 days 00:00:06.800760,387.0,1.0,117.2,156.1,0.49,COMPLETE
14024,0.6875,2026-04-09 19:31:00.892050,2026-04-09 19:31:08.271598,0 days 00:00:07.379548,370.0,1.0,124.2,158.6,1.01,COMPLETE
14025,0.825,2026-04-09 19:31:08.290266,2026-04-09 19:31:42.947206,0 days 00:00:34.656940,467.0,1.0,117.8,156.2,0.0,COMPLETE
14026,0.6875,2026-04-09 19:31:42.969121,2026-04-09 19:31:50.324860,0 days 00:00:07.355739,230.0,2.0,122.2,157.9,0.36,COMPLETE
14027,0.6875,2026-04-09 19:31:50.344769,2026-04-09 19:31:57.388281,0 days 00:00:07.043512,382.0,1.0,118.1,153.4,0.87,COMPLETE
14028,0.6875,2026-04-09 19:31:57.406512,2026-04-09 19:32:04.221240,0 days 00:00:06.814728,442.0,1.0,114.0,154.9,0.25,COMPLETE
14029,0.825,2026-04-09 19:32:04.242226,2026-04-09 19:32:39.972819,0 days 00:00:35.730593,386.0,2.0,122.9,157.2,0.76,COMPLETE
14030,0.6875,2026-04-09 19:32:39.991285,2026-04-09 19:32:47.169607,0 days 00:00:07.178322,287.0,2.0,121.8,155.1,0.28,COMPLETE
14031,0.6875,2026-04-09 19:32:47.190031,2026-04-09 19:32:54.411022,0 days 00:00:07.220991,411.0,1.0,115.6,153.8,0.55,COMPLETE
14032,0.825,2026-04-09 19:32:54.430051,2026-04-09 19:33:29.194264,0 days 00:00:34.764213,303.0,2.0,122.4,157.7,0.0,COMPLETE
14033,0.6875,2026-04-09 19:33:29.215439,2026-04-09 19:33:36.938984,0 days 00:00:07.723545,360.0,1.0,114.6,153.6,0.28,COMPLETE
14034,0.6875,2026-04-09 19:33:36.958068,2026-04-09 19:33:43.647594,0 days 00:00:06.689526,424.0,1.0,115.7,154.6,0.21,COMPLETE
14035,0.6875,2026-04-09 19:33:43.665471,2026-04-09 19:33:50.473920,0 days 00:00:06.808449,389.0,2.0,117.9,153.4,0.2,COMPLETE
14036,0.825,2026-04-09 19:33:50.494364,2026-04-09 19:34:24.762822,0 days 00:00:34.268458,442.0,2.0,118.6,155.9,0.68,COMPLETE
14037,0.825,2026-04-09 19:34:24.783272,2026-04-09 19:34:59.050371,0 days 00:00:34.267099,467.0,1.0,115.8,155.2,0.36,COMPLETE
14038,0.0,2026-04-09 19:34:59.071302,2026-04-09 19:35:06.485655,0 days 00:00:07.414353,460.0,3.0,122.2,155.3,0.58,COMPLETE
14039,0.6875,2026-04-09 19:35:06.506822,2026-04-09 19:35:14.031851,0 days 00:00:07.525029,330.0,1.0,115.6,155.3,0.44,COMPLETE
14040,0.6875,2026-04-09 19:35:14.052095,2026-04-09 19:35:21.791354,0 days 00:00:07.739259,172.0,1.0,113.1,149.5,1.1400000000000001,COMPLETE
14041,0.825,2026-04-09 19:35:21.809143,2026-04-09 19:35:56.665481,0 days 00:00:34.856338,498.0,2.0,118.4,155.2,0.18,COMPLETE
14042,0.825,2026-04-09 19:35:56.686411,2026-04-09 19:36:31.453733,0 days 00:00:34.767322,418.0,1.0,124.5,153.3,0.33,COMPLETE
14043,0.6875,2026-04-09 19:36:31.475044,2026-04-09 19:36:39.488410,0 days 00:00:08.013366,476.0,1.0,113.0,155.4,0.32,COMPLETE
14044,0.825,2026-04-09 19:36:39.505902,2026-04-09 19:37:14.440247,0 days 00:00:34.934345,392.0,1.0,121.7,156.0,0.43,COMPLETE
14045,0.825,2026-04-09 19:37:14.460444,2026-04-09 19:37:48.482147,0 days 00:00:34.021703,398.0,1.0,119.0,157.0,0.23,COMPLETE
14046,0.825,2026-04-09 19:37:48.503802,2026-04-09 19:38:22.547425,0 days 00:00:34.043623,390.0,1.0,115.9,155.5,0.15,COMPLETE
14047,0.6875,2026-04-09 19:38:22.566842,2026-04-09 19:38:29.554701,0 days 00:00:06.987859,370.0,1.0,118.0,152.2,0.0,COMPLETE
14048,0.825,2026-04-09 19:38:29.574651,2026-04-09 19:39:03.772447,0 days 00:00:34.197796,343.0,1.0,118.3,155.2,0.23,COMPLETE
14049,0.6875,2026-04-09 19:39:03.794391,2026-04-09 19:39:10.979581,0 days 00:00:07.185190,446.0,1.0,114.4,151.7,0.01,COMPLETE
14050,0.6875,2026-04-09 19:39:10.998299,2026-04-09 19:39:18.054964,0 days 00:00:07.056665,325.0,1.0,116.6,154.2,0.01,COMPLETE
14051,0.825,2026-04-09 19:39:18.075588,2026-04-09 19:39:52.180827,0 days 00:00:34.105239,395.0,1.0,118.6,154.4,0.21,COMPLETE
14052,0.6875,2026-04-09 19:39:52.200300,2026-04-09 19:39:59.218883,0 days 00:00:07.018583,387.0,1.0,115.9,152.5,0.4,COMPLETE
14053,0.6875,2026-04-09 19:39:59.239033,2026-04-09 19:40:06.099573,0 days 00:00:06.860540,454.0,3.0,113.1,152.1,0.02,COMPLETE
14054,0.6875,2026-04-09 19:40:06.118759,2026-04-09 19:40:13.022757,0 days 00:00:06.903998,409.0,1.0,116.7,153.9,0.22,COMPLETE
14055,0.6875,2026-04-09 19:40:13.042050,2026-04-09 19:40:19.700837,0 days 00:00:06.658787,376.0,1.0,115.1,154.4,0.0,COMPLETE
14056,0.6875,2026-04-09 19:40:19.720142,2026-04-09 19:40:26.406040,0 days 00:00:06.685898,435.0,1.0,116.7,154.3,0.0,COMPLETE
14057,0.825,2026-04-09 19:40:26.423642,2026-04-09 19:41:00.772916,0 days 00:00:34.349274,357.0,1.0,120.3,155.5,0.31,COMPLETE
14058,0.6875,2026-04-09 19:41:00.793630,2026-04-09 19:41:08.092235,0 days 00:00:07.298605,450.0,2.0,114.5,153.0,0.32,COMPLETE
14059,0.6875,2026-04-09 19:41:08.111283,2026-04-09 19:41:16.012426,0 days 00:00:07.901143,224.0,2.0,121.9,154.5,0.15,COMPLETE
14060,0.6875,2026-04-09 19:41:16.031993,2026-04-09 19:41:23.073204,0 days 00:00:07.041211,409.0,3.0,126.9,154.8,0.55,COMPLETE
14061,0.6875,2026-04-09 19:41:23.091689,2026-04-09 19:41:30.067410,0 days 00:00:06.975721,319.0,2.0,125.4,155.6,0.35000000000000003,COMPLETE
14062,0.6875,2026-04-09 19:41:30.088734,2026-04-09 19:41:37.042410,0 days 00:00:06.953676,228.0,3.0,124.1,154.6,0.21,COMPLETE
14063,0.6875,2026-04-09 19:41:37.060942,2026-04-09 19:41:43.863017,0 days 00:00:06.802075,279.0,3.0,124.0,157.9,0.53,COMPLETE
14064,0.6875,2026-04-09 19:41:43.881753,2026-04-09 19:41:51.420340,0 days 00:00:07.538587,498.0,1.0,115.2,157.0,0.0,COMPLETE
14065,0.6875,2026-04-09 19:41:51.438096,2026-04-09 19:41:59.518026,0 days 00:00:08.079930,263.0,1.0,123.4,152.2,0.03,COMPLETE
14066,0.6875,2026-04-09 19:41:59.539084,2026-04-09 19:42:07.157145,0 days 00:00:07.618061,393.0,1.0,115.6,157.2,0.22,COMPLETE
14067,0.6875,2026-04-09 19:42:07.176219,2026-04-09 19:42:14.191117,0 days 00:00:07.014898,463.0,1.0,117.2,152.6,0.01,COMPLETE
14068,0.6875,2026-04-09 19:42:14.211213,2026-04-09 19:42:21.749694,0 days 00:00:07.538481,339.0,1.0,123.7,155.0,0.17,COMPLETE
14069,0.6875,2026-04-09 19:42:21.769507,2026-04-09 19:42:29.388785,0 days 00:00:07.619278,306.0,2.0,114.6,152.5,0.02,COMPLETE
14070,0.6875,2026-04-09 19:42:29.409775,2026-04-09 19:42:36.600855,0 days 00:00:07.191080,257.0,3.0,117.6,155.0,1.33,COMPLETE
