number,value,datetime_start,datetime_complete,duration,params_voltage,params_width,params_x,params_y,params_z,state
15626,0.6875,2026-04-10 01:14:50.114670,2026-04-10 01:14:57.953455,0 days 00:00:07.838785,261.0,1.0,125.7,154.7,1.98,COMPLETE
15627,0.6875,2026-04-10 01:14:57.974950,2026-04-10 01:15:05.352934,0 days 00:00:07.377984,465.0,1.0,116.9,154.6,0.19,COMPLETE
15628,0.6875,2026-04-10 01:15:05.374398,2026-04-10 01:15:12.195959,0 days 00:00:06.821561,380.0,1.0,114.9,155.2,0.2,COMPLETE
15629,0.6875,2026-04-10 01:15:12.218301,2026-04-10 01:15:18.889672,0 days 00:00:06.671371,363.0,1.0,113.2,156.9,0.29,COMPLETE
15630,0.6875,2026-04-10 01:15:18.912140,2026-04-10 01:15:26.102898,0 days 00:00:07.190758,405.0,1.0,118.4,152.0,0.19,COMPLETE
15631,0.6875,2026-04-10 01:15:26.124501,2026-04-10 01:15:32.908888,0 days 00:00:06.784387,497.0,2.0,116.1,155.6,0.6,COMPLETE
15632,0.6875,2026-04-10 01:15:32.929769,2026-04-10 01:15:39.972255,0 days 00:00:07.042486,341.0,2.0,120.5,155.1,0.52,COMPLETE
15633,0.6875,2026-04-10 01:15:39.994209,2026-04-10 01:15:46.856425,0 days 00:00:06.862216,456.0,1.0,115.9,154.6,0.63,COMPLETE
15634,0.6875,2026-04-10 01:15:46.876275,2026-04-10 01:15:53.451429,0 days 00:00:06.575154,407.0,1.0,117.2,155.3,0.0,COMPLETE
15635,0.825,2026-04-10 01:15:53.471911,2026-04-10 01:16:27.660305,0 days 00:00:34.188394,375.0,1.0,120.1,153.2,0.19,COMPLETE
15636,0.825,2026-04-10 01:16:27.681967,2026-04-10 01:17:01.461264,0 days 00:00:33.779297,363.0,1.0,120.5,152.8,0.0,COMPLETE
15637,0.825,2026-04-10 01:17:01.485141,2026-04-10 01:17:35.778331,0 days 00:00:34.293190,241.0,2.0,120.2,156.8,0.36,COMPLETE
15638,0.6875,2026-04-10 01:17:35.800013,2026-04-10 01:17:43.025665,0 days 00:00:07.225652,494.0,3.0,117.7,152.6,0.02,COMPLETE
15639,0.825,2026-04-10 01:17:43.047371,2026-04-10 01:18:17.766589,0 days 00:00:34.719218,281.0,2.0,122.5,155.4,0.01,COMPLETE
15640,0.825,2026-04-10 01:18:17.789760,2026-04-10 01:18:52.058566,0 days 00:00:34.268806,449.0,1.0,117.6,153.4,0.0,COMPLETE
15641,0.6875,2026-04-10 01:18:52.080601,2026-04-10 01:18:59.633707,0 days 00:00:07.553106,362.0,3.0,124.2,149.3,0.48,COMPLETE
15642,0.6875,2026-04-10 01:18:59.655820,2026-04-10 01:19:06.864664,0 days 00:00:07.208844,294.0,3.0,122.6,154.7,0.36,COMPLETE
15643,0.6875,2026-04-10 01:19:06.887593,2026-04-10 01:19:14.161176,0 days 00:00:07.273583,410.0,1.0,114.8,153.2,0.0,COMPLETE
15644,0.6875,2026-04-10 01:19:14.182909,2026-04-10 01:19:21.799655,0 days 00:00:07.616746,336.0,1.0,123.8,152.7,0.28,COMPLETE
15645,0.6875,2026-04-10 01:19:21.821032,2026-04-10 01:19:29.301726,0 days 00:00:07.480694,431.0,1.0,114.3,155.3,0.23,COMPLETE
15646,0.6875,2026-04-10 01:19:29.321935,2026-04-10 01:19:36.088487,0 days 00:00:06.766552,456.0,2.0,116.7,156.8,0.25,COMPLETE
15647,0.6875,2026-04-10 01:19:36.110396,2026-04-10 01:19:42.976566,0 days 00:00:06.866170,500.0,1.0,117.7,152.1,0.38,COMPLETE
15648,0.825,2026-04-10 01:19:42.996765,2026-04-10 01:20:17.052682,0 days 00:00:34.055917,460.0,1.0,119.0,155.4,0.66,COMPLETE
15649,0.6875,2026-04-10 01:20:17.075858,2026-04-10 01:20:24.215570,0 days 00:00:07.139712,293.0,1.0,120.5,152.4,0.5700000000000001,COMPLETE
15650,0.6875,2026-04-10 01:20:24.240105,2026-04-10 01:20:31.186214,0 days 00:00:06.946109,434.0,2.0,117.9,155.6,0.5,COMPLETE
15651,0.6875,2026-04-10 01:20:31.208070,2026-04-10 01:20:38.836720,0 days 00:00:07.628650,224.0,1.0,122.4,152.7,0.33,COMPLETE
15652,0.6875,2026-04-10 01:20:38.857232,2026-04-10 01:20:45.695403,0 days 00:00:06.838171,500.0,3.0,122.3,155.4,0.61,COMPLETE
15653,0.6875,2026-04-10 01:20:45.716230,2026-04-10 01:20:53.345985,0 days 00:00:07.629755,416.0,1.0,114.9,156.2,0.0,COMPLETE
15654,0.825,2026-04-10 01:20:53.368024,2026-04-10 01:21:07.310039,0 days 00:00:13.942015,353.0,1.0,117.9,153.5,0.2,COMPLETE
15655,0.6875,2026-04-10 01:21:07.330531,2026-04-10 01:21:14.417811,0 days 00:00:07.087280,465.0,1.0,113.7,154.2,0.44,COMPLETE
15656,0.6875,2026-04-10 01:21:14.438972,2026-04-10 01:21:21.104008,0 days 00:00:06.665036,445.0,2.0,114.9,153.4,0.16,COMPLETE
15657,0.825,2026-04-10 01:21:21.124461,2026-04-10 01:21:55.627260,0 days 00:00:34.502799,298.0,1.0,118.5,156.2,0.29,COMPLETE
15658,0.825,2026-04-10 01:21:55.650019,2026-04-10 01:22:29.926576,0 days 00:00:34.276557,468.0,1.0,123.6,156.4,0.6,COMPLETE
15659,0.6875,2026-04-10 01:22:29.948473,2026-04-10 01:22:37.489063,0 days 00:00:07.540590,419.0,1.0,114.4,153.1,0.52,COMPLETE
15660,0.6875,2026-04-10 01:22:37.510318,2026-04-10 01:22:44.773163,0 days 00:00:07.262845,419.0,2.0,118.1,159.9,1.6600000000000001,COMPLETE
15661,0.825,2026-04-10 01:22:44.796291,2026-04-10 01:23:41.702674,0 days 00:00:56.906383,225.0,2.0,124.9,153.5,0.01,COMPLETE
15662,0.6875,2026-04-10 01:23:41.725572,2026-04-10 01:23:48.397064,0 days 00:00:06.671492,279.0,2.0,123.2,154.1,0.01,COMPLETE
15663,0.6875,2026-04-10 01:23:48.419881,2026-04-10 01:23:54.959444,0 days 00:00:06.539563,356.0,1.0,122.0,154.4,0.03,COMPLETE
15664,0.0,2026-04-10 01:23:54.981627,2026-04-10 01:24:01.419234,0 days 00:00:06.437607,427.0,2.0,122.2,154.2,0.04,COMPLETE
15665,0.6875,2026-04-10 01:24:01.440110,2026-04-10 01:24:08.618766,0 days 00:00:07.178656,397.0,2.0,115.2,155.5,0.21,COMPLETE
15666,0.6875,2026-04-10 01:24:08.638868,2026-04-10 01:24:15.747324,0 days 00:00:07.108456,401.0,1.0,121.9,154.7,0.44,COMPLETE
15667,0.6875,2026-04-10 01:24:15.766631,2026-04-10 01:24:22.785387,0 days 00:00:07.018756,211.0,2.0,123.2,155.1,0.09,COMPLETE
15668,0.825,2026-04-10 01:24:22.811850,2026-04-10 01:25:18.415748,0 days 00:00:55.603898,394.0,1.0,124.8,153.7,0.45,COMPLETE
15669,0.6875,2026-04-10 01:25:18.438201,2026-04-10 01:25:26.206838,0 days 00:00:07.768637,349.0,3.0,113.9,151.3,0.04,COMPLETE
15670,0.825,2026-04-10 01:25:26.227618,2026-04-10 01:25:31.538601,0 days 00:00:05.310983,402.0,1.0,116.4,154.2,0.0,COMPLETE
15671,0.825,2026-04-10 01:25:31.559158,2026-04-10 01:26:05.995581,0 days 00:00:34.436423,393.0,1.0,122.3,153.1,0.32,COMPLETE
15672,0.6875,2026-04-10 01:26:06.017601,2026-04-10 01:26:13.492389,0 days 00:00:07.474788,282.0,1.0,116.9,153.4,0.24,COMPLETE
15673,0.6875,2026-04-10 01:26:13.513023,2026-04-10 01:26:20.371583,0 days 00:00:06.858560,360.0,1.0,114.9,156.3,0.24,COMPLETE
15674,0.6875,2026-04-10 01:26:20.391809,2026-04-10 01:26:27.918986,0 days 00:00:07.527177,439.0,2.0,123.4,154.8,0.54,COMPLETE
15675,0.6875,2026-04-10 01:26:27.938827,2026-04-10 01:26:35.686350,0 days 00:00:07.747523,496.0,1.0,114.1,159.3,1.41,COMPLETE
15676,0.6875,2026-04-10 01:26:35.707094,2026-04-10 01:26:44.074040,0 days 00:00:08.366946,205.0,3.0,125.0,155.7,0.5,COMPLETE
15677,0.825,2026-04-10 01:26:44.093258,2026-04-10 01:27:18.674073,0 days 00:00:34.580815,388.0,1.0,118.0,154.9,0.27,COMPLETE
15678,0.6875,2026-04-10 01:27:18.694996,2026-04-10 01:27:25.548069,0 days 00:00:06.853073,415.0,1.0,116.5,153.5,0.52,COMPLETE
15679,0.6875,2026-04-10 01:27:25.570120,2026-04-10 01:27:32.773741,0 days 00:00:07.203621,482.0,1.0,113.6,148.1,0.14,COMPLETE
15680,0.825,2026-04-10 01:27:32.794367,2026-04-10 01:28:08.111409,0 days 00:00:35.317042,405.0,1.0,118.1,157.6,0.02,COMPLETE
15681,0.6875,2026-04-10 01:28:08.134921,2026-04-10 01:28:15.642484,0 days 00:00:07.507563,452.0,1.0,121.8,151.8,0.26,COMPLETE
15682,0.825,2026-04-10 01:28:15.664090,2026-04-10 01:28:49.823539,0 days 00:00:34.159449,423.0,1.0,119.2,154.4,0.48,COMPLETE
15683,0.825,2026-04-10 01:28:49.844515,2026-04-10 01:29:23.862484,0 days 00:00:34.017969,466.0,1.0,116.2,154.2,0.21,COMPLETE
15684,0.6875,2026-04-10 01:29:23.883114,2026-04-10 01:29:30.760856,0 days 00:00:06.877742,500.0,1.0,115.8,155.8,0.0,COMPLETE
15685,0.6875,2026-04-10 01:29:30.782861,2026-04-10 01:29:37.574441,0 days 00:00:06.791580,456.0,2.0,115.7,153.5,0.01,COMPLETE
15686,0.825,2026-04-10 01:29:37.593949,2026-04-10 01:30:12.985512,0 days 00:00:35.391563,499.0,2.0,123.4,154.8,0.28,COMPLETE
15687,0.6875,2026-04-10 01:30:13.008214,2026-04-10 01:30:20.564990,0 days 00:00:07.556776,383.0,1.0,117.3,150.3,0.34,COMPLETE
15688,0.6875,2026-04-10 01:30:20.586905,2026-04-10 01:30:27.569436,0 days 00:00:06.982531,361.0,1.0,120.6,154.6,0.38,COMPLETE
15689,0.6875,2026-04-10 01:30:27.589723,2026-04-10 01:30:34.492162,0 days 00:00:06.902439,277.0,1.0,122.2,151.7,0.27,COMPLETE
15690,0.6875,2026-04-10 01:30:34.513536,2026-04-10 01:30:41.591244,0 days 00:00:07.077708,416.0,1.0,116.2,154.6,0.99,COMPLETE
15691,0.6875,2026-04-10 01:30:41.611321,2026-04-10 01:30:48.311013,0 days 00:00:06.699692,387.0,1.0,113.7,154.6,0.73,COMPLETE
15692,0.6875,2026-04-10 01:30:48.333383,2026-04-10 01:30:54.860160,0 days 00:00:06.526777,393.0,1.0,114.7,155.2,0.0,COMPLETE
15693,0.6875,2026-04-10 01:30:54.880513,2026-04-10 01:31:02.166653,0 days 00:00:07.286140,353.0,2.0,123.0,155.1,1.55,COMPLETE
15694,0.6875,2026-04-10 01:31:02.187132,2026-04-10 01:31:09.205674,0 days 00:00:07.018542,371.0,1.0,117.6,157.8,0.39,COMPLETE
15695,0.6875,2026-04-10 01:31:09.227689,2026-04-10 01:31:16.519621,0 days 00:00:07.291932,235.0,2.0,120.7,152.3,0.85,COMPLETE
15696,0.6875,2026-04-10 01:31:16.539314,2026-04-10 01:31:23.341650,0 days 00:00:06.802336,384.0,1.0,116.1,151.9,0.19,COMPLETE
15697,0.6875,2026-04-10 01:31:23.364974,2026-04-10 01:31:30.372432,0 days 00:00:07.007458,447.0,1.0,120.8,155.0,0.2,COMPLETE
15698,0.825,2026-04-10 01:31:30.393556,2026-04-10 01:32:04.379684,0 days 00:00:33.986128,483.0,2.0,118.6,156.5,0.0,COMPLETE
15699,0.6875,2026-04-10 01:32:04.401925,2026-04-10 01:32:11.640720,0 days 00:00:07.238795,314.0,1.0,117.9,153.2,0.23,COMPLETE
15700,0.6875,2026-04-10 01:32:11.663407,2026-04-10 01:32:18.562708,0 days 00:00:06.899301,405.0,1.0,116.0,156.3,0.48,COMPLETE
15701,0.6875,2026-04-10 01:32:18.581498,2026-04-10 01:32:26.364777,0 days 00:00:07.783279,158.0,3.0,113.9,151.9,0.11,COMPLETE
15702,0.6875,2026-04-10 01:32:26.387457,2026-04-10 01:32:33.392270,0 days 00:00:07.004813,421.0,1.0,116.4,156.0,0.22,COMPLETE
15703,0.6875,2026-04-10 01:32:33.413178,2026-04-10 01:32:40.130988,0 days 00:00:06.717810,380.0,1.0,115.8,157.6,0.0,COMPLETE
15704,0.6875,2026-04-10 01:32:40.152741,2026-04-10 01:32:46.719916,0 days 00:00:06.567175,363.0,1.0,115.9,157.0,0.0,COMPLETE
15705,0.825,2026-04-10 01:32:46.740188,2026-04-10 01:33:20.971268,0 days 00:00:34.231080,424.0,1.0,119.5,155.3,0.0,COMPLETE
15706,0.825,2026-04-10 01:33:20.993753,2026-04-10 01:33:54.975536,0 days 00:00:33.981783,402.0,2.0,119.2,153.2,0.19,COMPLETE
15707,0.825,2026-04-10 01:33:54.998575,2026-04-10 01:34:29.272888,0 days 00:00:34.274313,402.0,1.0,122.1,155.6,0.16,COMPLETE
15708,0.825,2026-04-10 01:34:29.295989,2026-04-10 01:35:03.311451,0 days 00:00:34.015462,426.0,1.0,122.4,156.9,0.38,COMPLETE
15709,0.6875,2026-04-10 01:35:03.333620,2026-04-10 01:35:10.874334,0 days 00:00:07.540714,358.0,2.0,116.9,154.7,0.0,COMPLETE
15710,0.6875,2026-04-10 01:35:10.895739,2026-04-10 01:35:17.900058,0 days 00:00:07.004319,268.0,1.0,119.0,154.3,0.45,COMPLETE
15711,0.6875,2026-04-10 01:35:17.923062,2026-04-10 01:35:25.065805,0 days 00:00:07.142743,249.0,3.0,115.6,149.6,1.49,COMPLETE
15712,0.6875,2026-04-10 01:35:25.085611,2026-04-10 01:35:32.585324,0 days 00:00:07.499713,416.0,1.0,116.3,158.1,0.15,COMPLETE
15713,0.6875,2026-04-10 01:35:32.607372,2026-04-10 01:35:40.050209,0 days 00:00:07.442837,445.0,3.0,122.6,153.1,0.5700000000000001,COMPLETE
15714,0.825,2026-04-10 01:35:40.071486,2026-04-10 01:36:14.232174,0 days 00:00:34.160688,413.0,1.0,119.4,153.6,0.22,COMPLETE
15715,0.6875,2026-04-10 01:36:14.253608,2026-04-10 01:36:21.393600,0 days 00:00:07.139992,372.0,1.0,114.5,153.0,0.7000000000000001,COMPLETE
15716,0.6875,2026-04-10 01:36:21.415081,2026-04-10 01:36:28.717322,0 days 00:00:07.302241,379.0,3.0,121.4,153.5,0.12,COMPLETE
15717,0.6875,2026-04-10 01:36:28.736875,2026-04-10 01:36:35.682579,0 days 00:00:06.945704,316.0,2.0,121.2,155.2,0.2,COMPLETE
15718,0.6875,2026-04-10 01:36:35.701184,2026-04-10 01:36:42.402998,0 days 00:00:06.701814,444.0,1.0,122.6,154.2,0.79,COMPLETE
15719,0.6875,2026-04-10 01:36:42.424862,2026-04-10 01:36:49.823404,0 days 00:00:07.398542,381.0,1.0,115.1,154.4,0.46,COMPLETE
15720,0.6875,2026-04-10 01:36:49.845220,2026-04-10 01:36:56.481591,0 days 00:00:06.636371,385.0,1.0,115.5,154.9,0.21,COMPLETE
15721,0.6875,2026-04-10 01:36:56.502456,2026-04-10 01:37:04.028845,0 days 00:00:07.526389,435.0,1.0,123.9,156.7,0.9400000000000001,COMPLETE
15722,0.825,2026-04-10 01:37:04.047517,2026-04-10 01:37:38.266389,0 days 00:00:34.218872,384.0,1.0,120.3,156.3,0.21,COMPLETE
15723,0.6875,2026-04-10 01:37:38.288540,2026-04-10 01:37:45.421945,0 days 00:00:07.133405,263.0,3.0,119.1,153.2,0.63,COMPLETE
15724,0.6875,2026-04-10 01:37:45.442143,2026-04-10 01:37:52.668750,0 days 00:00:07.226607,223.0,2.0,120.0,157.6,0.06,COMPLETE
15725,0.6875,2026-04-10 01:37:52.690820,2026-04-10 01:37:59.681136,0 days 00:00:06.990316,448.0,1.0,115.4,157.3,0.24,COMPLETE
15726,0.6875,2026-04-10 01:37:59.702073,2026-04-10 01:38:07.255533,0 days 00:00:07.553460,284.0,2.0,123.6,154.5,0.55,COMPLETE
15727,0.6875,2026-04-10 01:38:07.277238,2026-04-10 01:38:14.124722,0 days 00:00:06.847484,306.0,2.0,120.6,158.4,0.46,COMPLETE
15728,0.825,2026-04-10 01:38:14.145036,2026-04-10 01:38:48.111208,0 days 00:00:33.966172,440.0,1.0,117.7,157.1,0.43,COMPLETE
15729,0.6875,2026-04-10 01:38:48.130711,2026-04-10 01:38:55.037282,0 days 00:00:06.906571,498.0,1.0,117.1,154.5,0.5,COMPLETE
15730,0.825,2026-04-10 01:38:55.059053,2026-04-10 01:39:15.237748,0 days 00:00:20.178695,448.0,1.0,116.7,152.6,0.29,COMPLETE
15731,0.6875,2026-04-10 01:39:15.260576,2026-04-10 01:39:22.731904,0 days 00:00:07.471328,245.0,2.0,121.8,154.1,0.25,COMPLETE
15732,0.6875,2026-04-10 01:39:22.751894,2026-04-10 01:39:30.022088,0 days 00:00:07.270194,415.0,2.0,113.7,155.1,0.01,COMPLETE
15733,0.825,2026-04-10 01:39:30.044643,2026-04-10 01:40:04.377053,0 days 00:00:34.332410,382.0,1.0,117.9,155.3,0.22,COMPLETE
15734,0.6875,2026-04-10 01:40:04.401240,2026-04-10 01:40:11.183615,0 days 00:00:06.782375,430.0,1.0,117.8,154.6,0.21,COMPLETE
15735,0.6875,2026-04-10 01:40:11.204231,2026-04-10 01:40:18.219908,0 days 00:00:07.015677,333.0,1.0,115.8,155.6,0.0,COMPLETE
15736,0.6875,2026-04-10 01:40:18.242785,2026-04-10 01:40:25.543080,0 days 00:00:07.300295,443.0,2.0,122.2,153.1,0.55,COMPLETE
15737,0.6875,2026-04-10 01:40:25.563267,2026-04-10 01:40:32.985097,0 days 00:00:07.421830,436.0,1.0,114.7,152.7,0.18,COMPLETE
15738,0.825,2026-04-10 01:40:33.008169,2026-04-10 01:40:46.623488,0 days 00:00:13.615319,341.0,2.0,115.5,152.7,0.0,COMPLETE
15739,0.6875,2026-04-10 01:40:46.644398,2026-04-10 01:40:53.662018,0 days 00:00:07.017620,460.0,2.0,119.1,153.5,0.54,COMPLETE
15740,0.6875,2026-04-10 01:40:53.682286,2026-04-10 01:41:00.872603,0 days 00:00:07.190317,324.0,2.0,123.3,154.1,0.46,COMPLETE
15741,0.6875,2026-04-10 01:41:00.892998,2026-04-10 01:41:08.230110,0 days 00:00:07.337112,408.0,1.0,116.2,154.5,0.39,COMPLETE
15742,0.6875,2026-04-10 01:41:08.250012,2026-04-10 01:41:15.080739,0 days 00:00:06.830727,402.0,1.0,114.4,152.9,0.27,COMPLETE
15743,0.6875,2026-04-10 01:41:15.100987,2026-04-10 01:41:21.847093,0 days 00:00:06.746106,463.0,2.0,113.0,154.5,0.2,COMPLETE
15744,0.6875,2026-04-10 01:41:21.869092,2026-04-10 01:41:29.028227,0 days 00:00:07.159135,413.0,1.0,117.9,151.3,0.0,COMPLETE
15745,0.6875,2026-04-10 01:41:29.049339,2026-04-10 01:41:36.141113,0 days 00:00:07.091774,342.0,1.0,117.2,154.7,0.24,COMPLETE
15746,0.6875,2026-04-10 01:41:36.163801,2026-04-10 01:41:42.884213,0 days 00:00:06.720412,390.0,1.0,117.4,156.4,0.72,COMPLETE
15747,0.6875,2026-04-10 01:41:42.906618,2026-04-10 01:41:49.953823,0 days 00:00:07.047205,446.0,1.0,119.9,152.0,0.21,COMPLETE
15748,0.6875,2026-04-10 01:41:49.973903,2026-04-10 01:41:56.973181,0 days 00:00:06.999278,471.0,1.0,115.4,153.0,0.19,COMPLETE
15749,0.6875,2026-04-10 01:41:56.993604,2026-04-10 01:42:03.761794,0 days 00:00:06.768190,422.0,1.0,115.1,155.0,0.52,COMPLETE
15750,0.6875,2026-04-10 01:42:03.782141,2026-04-10 01:42:11.182750,0 days 00:00:07.400609,226.0,1.0,113.3,158.0,1.3800000000000001,COMPLETE
15751,0.6875,2026-04-10 01:42:11.205212,2026-04-10 01:42:18.110917,0 days 00:00:06.905705,439.0,1.0,117.0,157.5,0.04,COMPLETE
15752,0.6875,2026-04-10 01:42:18.130474,2026-04-10 01:42:25.614026,0 days 00:00:07.483552,380.0,2.0,115.8,149.3,0.31,COMPLETE
15753,0.6875,2026-04-10 01:42:25.637504,2026-04-10 01:42:32.534252,0 days 00:00:06.896748,352.0,3.0,116.8,153.0,0.73,COMPLETE
15754,0.6875,2026-04-10 01:42:32.555967,2026-04-10 01:42:39.356819,0 days 00:00:06.800852,365.0,2.0,113.6,153.2,0.28,COMPLETE
15755,0.6875,2026-04-10 01:42:39.380375,2026-04-10 01:42:46.250018,0 days 00:00:06.869643,439.0,1.0,114.9,155.7,0.0,COMPLETE
15756,0.6875,2026-04-10 01:42:46.271469,2026-04-10 01:42:53.855846,0 days 00:00:07.584377,463.0,2.0,123.1,151.3,0.39,COMPLETE
15757,0.825,2026-04-10 01:42:53.877996,2026-04-10 01:43:28.399365,0 days 00:00:34.521369,319.0,2.0,124.5,155.5,0.28,COMPLETE
15758,0.825,2026-04-10 01:43:28.420486,2026-04-10 01:44:02.960489,0 days 00:00:34.540003,436.0,2.0,118.9,153.3,0.26,COMPLETE
15759,0.6875,2026-04-10 01:44:02.982463,2026-04-10 01:44:10.012664,0 days 00:00:07.030201,497.0,2.0,116.5,155.9,0.26,COMPLETE
15760,0.6875,2026-04-10 01:44:10.033730,2026-04-10 01:44:17.059624,0 days 00:00:07.025894,328.0,1.0,116.1,152.8,0.55,COMPLETE
15761,0.6875,2026-04-10 01:44:17.081905,2026-04-10 01:44:24.309515,0 days 00:00:07.227610,410.0,3.0,121.9,150.2,0.65,COMPLETE
15762,0.6875,2026-04-10 01:44:24.330988,2026-04-10 01:44:31.640850,0 days 00:00:07.309862,413.0,1.0,116.6,154.6,0.24,COMPLETE
15763,0.6875,2026-04-10 01:44:31.663279,2026-04-10 01:44:38.903864,0 days 00:00:07.240585,468.0,1.0,123.2,154.5,1.56,COMPLETE
15764,0.825,2026-04-10 01:44:38.925587,2026-04-10 01:45:13.366447,0 days 00:00:34.440860,410.0,1.0,117.8,155.7,0.21,COMPLETE
15765,0.6875,2026-04-10 01:45:13.386915,2026-04-10 01:45:20.507802,0 days 00:00:07.120887,459.0,2.0,114.0,154.2,0.47000000000000003,COMPLETE
15766,0.6875,2026-04-10 01:45:20.530671,2026-04-10 01:45:28.316007,0 days 00:00:07.785336,389.0,2.0,122.3,151.7,0.68,COMPLETE
15767,0.6875,2026-04-10 01:45:28.335518,2026-04-10 01:45:35.449239,0 days 00:00:07.113721,390.0,1.0,116.8,152.6,0.35000000000000003,COMPLETE
15768,0.6875,2026-04-10 01:45:35.470234,2026-04-10 01:45:43.367307,0 days 00:00:07.897073,459.0,2.0,126.9,157.9,0.19,COMPLETE
15769,0.6875,2026-04-10 01:45:43.386874,2026-04-10 01:45:50.366982,0 days 00:00:06.980108,479.0,3.0,125.7,154.1,1.42,COMPLETE
15770,0.6875,2026-04-10 01:45:50.389565,2026-04-10 01:45:58.265245,0 days 00:00:07.875680,372.0,1.0,116.2,154.0,0.2,COMPLETE
15771,0.6875,2026-04-10 01:45:58.285743,2026-04-10 01:46:04.931496,0 days 00:00:06.645753,477.0,1.0,116.6,153.2,0.19,COMPLETE
15772,0.6875,2026-04-10 01:46:04.952731,2026-04-10 01:46:11.743894,0 days 00:00:06.791163,383.0,2.0,116.7,153.8,0.23,COMPLETE
15773,0.6875,2026-04-10 01:46:11.765421,2026-04-10 01:46:18.382840,0 days 00:00:06.617419,436.0,1.0,115.7,154.3,0.21,COMPLETE
15774,0.6875,2026-04-10 01:46:18.404376,2026-04-10 01:46:25.113896,0 days 00:00:06.709520,416.0,2.0,117.2,155.3,0.31,COMPLETE
15775,0.6875,2026-04-10 01:46:25.134461,2026-04-10 01:46:31.982799,0 days 00:00:06.848338,390.0,2.0,116.1,155.5,1.93,COMPLETE
15776,0.6875,2026-04-10 01:46:32.002645,2026-04-10 01:46:39.097007,0 days 00:00:07.094362,307.0,1.0,116.5,156.0,0.35000000000000003,COMPLETE
15777,0.6875,2026-04-10 01:46:39.119741,2026-04-10 01:46:45.788769,0 days 00:00:06.669028,466.0,1.0,116.9,154.4,0.38,COMPLETE
15778,0.6875,2026-04-10 01:46:45.810426,2026-04-10 01:46:52.635067,0 days 00:00:06.824641,470.0,1.0,114.5,156.4,0.32,COMPLETE
15779,0.6875,2026-04-10 01:46:52.657249,2026-04-10 01:46:59.732811,0 days 00:00:07.075562,326.0,1.0,117.2,158.5,0.22,COMPLETE
15780,0.825,2026-04-10 01:46:59.752236,2026-04-10 01:47:33.930649,0 days 00:00:34.178413,476.0,3.0,120.2,157.2,0.0,COMPLETE
15781,0.825,2026-04-10 01:47:33.952202,2026-04-10 01:48:08.216355,0 days 00:00:34.264153,440.0,1.0,122.9,153.5,0.41000000000000003,COMPLETE
15782,0.6875,2026-04-10 01:48:08.238121,2026-04-10 01:48:15.711718,0 days 00:00:07.473597,292.0,1.0,115.5,154.9,0.0,COMPLETE
15783,0.6875,2026-04-10 01:48:15.733420,2026-04-10 01:48:22.312784,0 days 00:00:06.579364,449.0,1.0,114.0,154.5,0.01,COMPLETE
15784,0.6875,2026-04-10 01:48:22.333292,2026-04-10 01:48:29.054344,0 days 00:00:06.721052,427.0,1.0,116.3,152.9,0.24,COMPLETE
15785,0.6875,2026-04-10 01:48:29.075695,2026-04-10 01:48:35.828993,0 days 00:00:06.753298,400.0,1.0,114.7,155.4,0.23,COMPLETE
15786,0.825,2026-04-10 01:48:35.851729,2026-04-10 01:49:10.694059,0 days 00:00:34.842330,432.0,2.0,124.6,154.4,0.14,COMPLETE
15787,0.825,2026-04-10 01:49:10.715691,2026-04-10 01:49:45.240250,0 days 00:00:34.524559,418.0,2.0,118.6,156.1,0.0,COMPLETE
15788,0.825,2026-04-10 01:49:45.262275,2026-04-10 01:50:19.338580,0 days 00:00:34.076305,392.0,1.0,118.5,156.5,0.5,COMPLETE
15789,0.6875,2026-04-10 01:50:19.359568,2026-04-10 01:50:26.381565,0 days 00:00:07.021997,456.0,1.0,115.1,156.0,0.16,COMPLETE
15790,0.825,2026-04-10 01:50:26.404241,2026-04-10 01:51:00.774048,0 days 00:00:34.369807,366.0,1.0,118.2,155.3,0.02,COMPLETE
15791,0.6875,2026-04-10 01:51:00.796729,2026-04-10 01:51:07.843211,0 days 00:00:07.046482,374.0,1.0,115.5,153.0,0.23,COMPLETE
15792,0.6875,2026-04-10 01:51:07.863017,2026-04-10 01:51:15.796942,0 days 00:00:07.933925,202.0,3.0,123.3,155.6,0.02,COMPLETE
15793,0.825,2026-04-10 01:51:15.820041,2026-04-10 01:51:50.157752,0 days 00:00:34.337711,375.0,2.0,119.4,154.0,0.01,COMPLETE
15794,0.6875,2026-04-10 01:51:50.180518,2026-04-10 01:51:57.633272,0 days 00:00:07.452754,301.0,1.0,115.0,150.7,0.18,COMPLETE
15795,0.6875,2026-04-10 01:51:57.653874,2026-04-10 01:52:04.693079,0 days 00:00:07.039205,416.0,1.0,113.0,155.0,0.02,COMPLETE
15796,0.6875,2026-04-10 01:52:04.715348,2026-04-10 01:52:11.577998,0 days 00:00:06.862650,400.0,1.0,114.8,153.2,0.0,COMPLETE
15797,0.825,2026-04-10 01:52:11.596595,2026-04-10 01:52:46.510400,0 days 00:00:34.913805,302.0,2.0,122.6,156.4,0.0,COMPLETE
15798,0.6875,2026-04-10 01:52:46.532766,2026-04-10 01:52:54.061285,0 days 00:00:07.528519,418.0,1.0,113.6,160.0,0.35000000000000003,COMPLETE
