number,value,datetime_start,datetime_complete,duration,params_voltage,params_width,params_x,params_y,params_z,state
11822,0.6875,2026-04-09 04:14:41.961485,2026-04-09 04:14:48.949337,0 days 00:00:06.987852,447.0,3.0,116.6,156.7,0.19,COMPLETE
11823,0.825,2026-04-09 04:14:48.968876,2026-04-09 04:15:22.868967,0 days 00:00:33.900091,493.0,1.0,117.7,156.1,0.02,COMPLETE
11824,0.825,2026-04-09 04:15:22.886198,2026-04-09 04:15:57.666876,0 days 00:00:34.780678,428.0,1.0,117.3,156.8,0.23,COMPLETE
11825,0.825,2026-04-09 04:15:57.687175,2026-04-09 04:16:31.748788,0 days 00:00:34.061613,402.0,2.0,116.9,154.4,0.0,COMPLETE
11826,0.825,2026-04-09 04:16:31.767319,2026-04-09 04:17:06.046518,0 days 00:00:34.279199,405.0,1.0,120.5,153.0,0.21,COMPLETE
11827,0.825,2026-04-09 04:17:06.067632,2026-04-09 04:17:40.380073,0 days 00:00:34.312441,500.0,3.0,117.9,156.5,0.26,COMPLETE
11828,0.825,2026-04-09 04:17:40.402172,2026-04-09 04:17:45.892789,0 days 00:00:05.490617,378.0,1.0,116.4,154.5,0.2,COMPLETE
11829,0.6875,2026-04-09 04:17:45.911914,2026-04-09 04:17:52.844774,0 days 00:00:06.932860,383.0,1.0,114.2,152.6,0.0,COMPLETE
11830,0.6875,2026-04-09 04:17:52.866215,2026-04-09 04:17:59.670242,0 days 00:00:06.804027,415.0,1.0,116.8,152.2,0.0,COMPLETE
11832,0.6875,2026-04-09 11:23:16.219220,2026-04-09 11:23:24.786002,0 days 00:00:08.566782,282.0,1.0,117.2,155.5,0.23,COMPLETE
11833,0.825,2026-04-09 11:23:24.806898,2026-04-09 11:23:58.620661,0 days 00:00:33.813763,388.0,1.0,118.1,156.3,0.25,COMPLETE
11834,0.6875,2026-04-09 11:23:58.640109,2026-04-09 11:24:06.172287,0 days 00:00:07.532178,368.0,2.0,126.3,154.0,0.71,COMPLETE
11835,0.6875,2026-04-09 11:24:06.190833,2026-04-09 11:24:14.045663,0 days 00:00:07.854830,446.0,2.0,115.0,155.7,0.61,COMPLETE
11836,0.6875,2026-04-09 11:24:14.065800,2026-04-09 11:24:20.790270,0 days 00:00:06.724470,422.0,1.0,115.8,153.8,0.21,COMPLETE
11837,0.825,2026-04-09 11:24:20.809439,2026-04-09 11:24:55.207464,0 days 00:00:34.398025,311.0,1.0,118.0,154.9,0.02,COMPLETE
11838,0.6875,2026-04-09 11:24:55.226424,2026-04-09 11:25:02.402133,0 days 00:00:07.175709,224.0,1.0,120.0,157.0,0.58,COMPLETE
11839,0.6875,2026-04-09 11:25:02.420401,2026-04-09 11:25:09.598717,0 days 00:00:07.178316,446.0,1.0,115.1,153.2,0.24,COMPLETE
11840,0.825,2026-04-09 11:25:09.618046,2026-04-09 11:25:15.138139,0 days 00:00:05.520093,346.0,1.0,118.0,153.6,0.3,COMPLETE
11841,0.6875,2026-04-09 11:25:15.156727,2026-04-09 11:25:22.113279,0 days 00:00:06.956552,432.0,2.0,114.4,155.3,0.02,COMPLETE
11842,0.6875,2026-04-09 11:25:22.134296,2026-04-09 11:25:28.991060,0 days 00:00:06.856764,431.0,1.0,117.7,156.6,1.77,COMPLETE
11843,0.6875,2026-04-09 11:25:29.010524,2026-04-09 11:25:35.869241,0 days 00:00:06.858717,408.0,1.0,117.0,153.0,0.31,COMPLETE
11844,0.6875,2026-04-09 11:25:35.888219,2026-04-09 11:25:42.416212,0 days 00:00:06.527993,363.0,1.0,117.0,152.4,0.28,COMPLETE
11845,0.6875,2026-04-09 11:25:42.435811,2026-04-09 11:25:49.259125,0 days 00:00:06.823314,425.0,1.0,116.1,155.1,0.45,COMPLETE
11846,0.6875,2026-04-09 11:25:49.277992,2026-04-09 11:25:55.763387,0 days 00:00:06.485395,436.0,1.0,116.5,155.0,0.44,COMPLETE
11847,0.6875,2026-04-09 11:25:55.782713,2026-04-09 11:26:02.346345,0 days 00:00:06.563632,500.0,1.0,115.7,154.6,0.58,COMPLETE
11848,0.6875,2026-04-09 11:26:02.366593,2026-04-09 11:26:09.396067,0 days 00:00:07.029474,303.0,2.0,117.2,157.7,0.01,COMPLETE
11849,0.6875,2026-04-09 11:26:09.415370,2026-04-09 11:26:16.084601,0 days 00:00:06.669231,309.0,2.0,115.8,156.4,0.0,COMPLETE
11850,0.6875,2026-04-09 11:26:16.104507,2026-04-09 11:26:22.697332,0 days 00:00:06.592825,381.0,1.0,116.3,155.3,0.43,COMPLETE
11851,0.6875,2026-04-09 11:26:22.717035,2026-04-09 11:26:29.298076,0 days 00:00:06.581041,406.0,1.0,117.3,155.2,0.71,COMPLETE
11852,0.6875,2026-04-09 11:26:29.318175,2026-04-09 11:26:36.276319,0 days 00:00:06.958144,416.0,1.0,122.0,154.9,0.63,COMPLETE
11853,0.6875,2026-04-09 11:26:36.296163,2026-04-09 11:26:43.438689,0 days 00:00:07.142526,437.0,1.0,116.3,156.4,0.25,COMPLETE
11854,0.825,2026-04-09 11:26:43.458559,2026-04-09 11:27:17.788771,0 days 00:00:34.330212,259.0,2.0,119.5,156.7,0.01,COMPLETE
11855,0.6875,2026-04-09 11:27:17.807925,2026-04-09 11:27:25.247918,0 days 00:00:07.439993,357.0,1.0,115.7,150.2,1.69,COMPLETE
11856,0.6875,2026-04-09 11:27:25.267814,2026-04-09 11:27:32.725833,0 days 00:00:07.458019,276.0,3.0,120.3,154.7,0.32,COMPLETE
11857,0.6875,2026-04-09 11:27:32.746084,2026-04-09 11:27:39.916956,0 days 00:00:07.170872,184.0,3.0,123.2,151.4,0.21,COMPLETE
11858,0.825,2026-04-09 11:27:39.936201,2026-04-09 11:28:14.354225,0 days 00:00:34.418024,426.0,1.0,120.2,156.6,0.35000000000000003,COMPLETE
11859,0.6875,2026-04-09 11:28:14.373553,2026-04-09 11:28:22.019125,0 days 00:00:07.645572,340.0,2.0,124.7,151.7,0.6900000000000001,COMPLETE
11860,0.6875,2026-04-09 11:28:22.037685,2026-04-09 11:28:28.734269,0 days 00:00:06.696584,498.0,2.0,123.7,153.3,0.45,COMPLETE
11861,0.825,2026-04-09 11:28:28.754653,2026-04-09 11:29:03.249664,0 days 00:00:34.495011,408.0,1.0,118.8,154.9,0.24,COMPLETE
11862,0.6875,2026-04-09 11:29:03.269589,2026-04-09 11:29:10.455023,0 days 00:00:07.185434,338.0,2.0,115.8,154.2,0.74,COMPLETE
11863,0.6875,2026-04-09 11:29:10.474988,2026-04-09 11:29:17.284302,0 days 00:00:06.809314,365.0,1.0,113.1,156.6,0.01,COMPLETE
11864,0.825,2026-04-09 11:29:17.303992,2026-04-09 11:29:51.906935,0 days 00:00:34.602943,378.0,1.0,119.5,155.1,0.25,COMPLETE
11865,0.825,2026-04-09 11:29:51.926661,2026-04-09 11:30:25.939904,0 days 00:00:34.013243,359.0,2.0,118.9,154.2,0.23,COMPLETE
11866,0.6875,2026-04-09 11:30:25.958898,2026-04-09 11:30:32.926697,0 days 00:00:06.967799,402.0,1.0,116.5,156.3,0.24,COMPLETE
11867,0.825,2026-04-09 11:30:32.945781,2026-04-09 11:31:06.928025,0 days 00:00:33.982244,494.0,1.0,117.7,155.9,0.0,COMPLETE
11868,0.6875,2026-04-09 11:31:06.946697,2026-04-09 11:31:14.414862,0 days 00:00:07.468165,275.0,2.0,125.3,157.8,0.34,COMPLETE
11869,0.6875,2026-04-09 11:31:14.433973,2026-04-09 11:31:21.999265,0 days 00:00:07.565292,330.0,1.0,115.7,153.5,0.01,COMPLETE
11870,0.825,2026-04-09 11:31:22.019470,2026-04-09 11:31:56.564591,0 days 00:00:34.545121,457.0,1.0,121.7,155.7,0.36,COMPLETE
11871,0.6875,2026-04-09 11:31:56.585772,2026-04-09 11:32:03.724219,0 days 00:00:07.138447,284.0,1.0,123.5,155.7,0.32,COMPLETE
11872,0.6875,2026-04-09 11:32:03.742764,2026-04-09 11:32:10.924153,0 days 00:00:07.181389,405.0,2.0,117.2,155.1,0.34,COMPLETE
11873,0.825,2026-04-09 11:32:10.943552,2026-04-09 11:32:45.256783,0 days 00:00:34.313231,372.0,1.0,121.6,156.3,0.42,COMPLETE
11874,0.6875,2026-04-09 11:32:45.276561,2026-04-09 11:32:52.671830,0 days 00:00:07.395269,393.0,1.0,115.8,153.4,0.0,COMPLETE
11875,0.6875,2026-04-09 11:32:52.690466,2026-04-09 11:32:59.440774,0 days 00:00:06.750308,437.0,2.0,114.2,156.1,0.34,COMPLETE
11876,0.6875,2026-04-09 11:32:59.460048,2026-04-09 11:33:06.487839,0 days 00:00:07.027791,358.0,1.0,116.1,157.6,0.01,COMPLETE
11877,0.825,2026-04-09 11:33:06.507684,2026-04-09 11:33:40.758619,0 days 00:00:34.250935,449.0,2.0,118.7,153.3,0.27,COMPLETE
11878,0.6875,2026-04-09 11:33:40.778911,2026-04-09 11:33:47.388105,0 days 00:00:06.609194,411.0,1.0,118.4,154.0,0.33,COMPLETE
11879,0.6875,2026-04-09 11:33:47.407870,2026-04-09 11:33:54.044097,0 days 00:00:06.636227,376.0,1.0,117.3,155.0,0.25,COMPLETE
11880,0.6875,2026-04-09 11:33:54.063961,2026-04-09 11:34:00.620847,0 days 00:00:06.556886,355.0,2.0,116.8,154.5,0.31,COMPLETE
11881,0.6875,2026-04-09 11:34:00.640222,2026-04-09 11:34:07.963549,0 days 00:00:07.323327,156.0,2.0,119.7,154.6,0.15,COMPLETE
11882,0.6875,2026-04-09 11:34:07.983965,2026-04-09 11:34:15.039413,0 days 00:00:07.055448,497.0,2.0,114.3,155.1,0.04,COMPLETE
11883,0.6875,2026-04-09 11:34:15.058530,2026-04-09 11:34:21.911584,0 days 00:00:06.853054,421.0,1.0,114.2,153.7,0.23,COMPLETE
11884,0.6875,2026-04-09 11:34:21.931264,2026-04-09 11:34:28.442080,0 days 00:00:06.510816,453.0,2.0,114.4,153.3,0.29,COMPLETE
11885,0.6875,2026-04-09 11:34:28.461749,2026-04-09 11:34:35.267949,0 days 00:00:06.806200,463.0,1.0,117.1,152.5,0.25,COMPLETE
11886,0.825,2026-04-09 11:34:35.287863,2026-04-09 11:35:09.850796,0 days 00:00:34.562933,460.0,2.0,123.1,155.1,0.44,COMPLETE
11887,0.671875,2026-04-09 11:35:09.869673,2026-04-09 11:35:16.886609,0 days 00:00:07.016936,256.0,2.0,123.2,156.5,0.35000000000000003,COMPLETE
11888,0.6875,2026-04-09 11:35:16.906157,2026-04-09 11:35:23.983331,0 days 00:00:07.077174,437.0,2.0,117.9,154.8,0.5,COMPLETE
11889,0.6875,2026-04-09 11:35:24.003147,2026-04-09 11:35:30.840446,0 days 00:00:06.837299,422.0,1.0,114.2,155.7,0.71,COMPLETE
11890,0.6875,2026-04-09 11:35:30.860429,2026-04-09 11:35:37.670072,0 days 00:00:06.809643,371.0,1.0,114.8,153.2,0.24,COMPLETE
11891,0.671875,2026-04-09 11:35:37.690512,2026-04-09 11:35:44.473851,0 days 00:00:06.783339,446.0,1.0,117.7,154.8,0.44,COMPLETE
11892,0.6875,2026-04-09 11:35:44.493121,2026-04-09 11:35:51.479128,0 days 00:00:06.986007,361.0,1.0,116.1,157.6,0.79,COMPLETE
11893,0.6875,2026-04-09 11:35:51.498715,2026-04-09 11:35:59.178127,0 days 00:00:07.679412,265.0,2.0,124.1,155.2,0.0,COMPLETE
11894,0.825,2026-04-09 11:35:59.197710,2026-04-09 11:36:16.417902,0 days 00:00:17.220192,336.0,2.0,124.3,153.3,0.35000000000000003,COMPLETE
11895,0.825,2026-04-09 11:36:16.437870,2026-04-09 11:36:50.735216,0 days 00:00:34.297346,352.0,1.0,119.3,154.3,0.19,COMPLETE
11896,0.6875,2026-04-09 11:36:50.755877,2026-04-09 11:36:57.890449,0 days 00:00:07.134572,442.0,1.0,114.1,155.1,0.25,COMPLETE
11897,0.825,2026-04-09 11:36:57.909499,2026-04-09 11:37:31.921355,0 days 00:00:34.011856,400.0,2.0,116.2,156.6,0.02,COMPLETE
11898,0.6875,2026-04-09 11:37:31.941932,2026-04-09 11:37:38.825317,0 days 00:00:06.883385,332.0,1.0,117.0,156.1,0.0,COMPLETE
11899,0.825,2026-04-09 11:37:38.844824,2026-04-09 11:37:52.719951,0 days 00:00:13.875127,394.0,1.0,120.9,151.3,0.49,COMPLETE
11900,0.6875,2026-04-09 11:37:52.740916,2026-04-09 11:38:00.144597,0 days 00:00:07.403681,410.0,2.0,123.0,158.3,0.53,COMPLETE
11901,0.6875,2026-04-09 11:38:00.164083,2026-04-09 11:38:07.958606,0 days 00:00:07.794523,377.0,2.0,127.0,148.3,0.71,COMPLETE
11902,0.6875,2026-04-09 11:38:07.978386,2026-04-09 11:38:16.274960,0 days 00:00:08.296574,440.0,1.0,115.2,156.7,0.01,COMPLETE
11903,0.825,2026-04-09 11:38:16.293696,2026-04-09 11:38:50.514718,0 days 00:00:34.221022,428.0,1.0,119.6,155.0,0.0,COMPLETE
11904,0.6875,2026-04-09 11:38:50.534477,2026-04-09 11:38:57.917416,0 days 00:00:07.382939,386.0,1.0,113.1,156.6,0.36,COMPLETE
11905,0.825,2026-04-09 11:38:57.936715,2026-04-09 11:39:33.256520,0 days 00:00:35.319805,275.0,2.0,124.2,154.2,0.01,COMPLETE
11906,0.825,2026-04-09 11:39:33.276738,2026-04-09 11:40:07.880891,0 days 00:00:34.604153,382.0,1.0,118.2,152.6,0.0,COMPLETE
11907,0.825,2026-04-09 11:40:07.900955,2026-04-09 11:40:42.126981,0 days 00:00:34.226026,447.0,2.0,122.7,153.8,0.1,COMPLETE
11908,0.825,2026-04-09 11:40:42.147339,2026-04-09 11:41:17.178874,0 days 00:00:35.031535,463.0,1.0,118.5,156.4,0.55,COMPLETE
11909,0.825,2026-04-09 11:41:17.198514,2026-04-09 11:41:51.285862,0 days 00:00:34.087348,355.0,1.0,116.6,155.1,0.01,COMPLETE
11910,0.825,2026-04-09 11:41:51.305296,2026-04-09 11:41:56.513024,0 days 00:00:05.207728,379.0,2.0,117.8,152.7,0.28,COMPLETE
11911,0.825,2026-04-09 11:41:56.532922,2026-04-09 11:42:31.408088,0 days 00:00:34.875166,419.0,1.0,116.9,155.7,0.0,COMPLETE
11912,0.6875,2026-04-09 11:42:31.427786,2026-04-09 11:42:38.405060,0 days 00:00:06.977274,494.0,1.0,115.7,158.1,0.39,COMPLETE
11913,0.825,2026-04-09 11:42:38.425388,2026-04-09 11:43:12.667594,0 days 00:00:34.242206,368.0,2.0,118.7,157.6,0.0,COMPLETE
11914,0.6875,2026-04-09 11:43:12.687412,2026-04-09 11:43:19.760490,0 days 00:00:07.073078,401.0,1.0,115.7,154.8,0.23,COMPLETE
11915,0.6875,2026-04-09 11:43:19.779494,2026-04-09 11:43:26.666938,0 days 00:00:06.887444,453.0,1.0,119.6,153.6,0.42,COMPLETE
11916,0.6875,2026-04-09 11:43:26.686549,2026-04-09 11:43:33.277693,0 days 00:00:06.591144,423.0,1.0,119.1,152.7,0.56,COMPLETE
11917,0.6875,2026-04-09 11:43:33.296670,2026-04-09 11:43:40.245887,0 days 00:00:06.949217,394.0,1.0,115.0,154.7,0.48,COMPLETE
11918,0.6875,2026-04-09 11:43:40.266393,2026-04-09 11:43:46.889367,0 days 00:00:06.622974,421.0,1.0,116.3,154.2,0.22,COMPLETE
11919,0.6875,2026-04-09 11:43:46.908754,2026-04-09 11:43:53.717748,0 days 00:00:06.808994,499.0,1.0,119.0,154.2,0.61,COMPLETE
11920,0.825,2026-04-09 11:43:53.734092,2026-04-09 11:44:28.211681,0 days 00:00:34.477589,352.0,1.0,121.2,152.9,0.0,COMPLETE
11921,0.6875,2026-04-09 11:44:28.231057,2026-04-09 11:44:35.418783,0 days 00:00:07.187726,387.0,1.0,116.8,156.3,0.0,COMPLETE
11922,0.6875,2026-04-09 11:44:35.438745,2026-04-09 11:44:42.899049,0 days 00:00:07.460304,255.0,2.0,123.1,155.1,0.54,COMPLETE
11923,0.825,2026-04-09 11:44:42.918555,2026-04-09 11:45:17.800899,0 days 00:00:34.882344,228.0,2.0,120.3,156.6,0.02,COMPLETE
11924,0.825,2026-04-09 11:45:17.820940,2026-04-09 11:45:51.638480,0 days 00:00:33.817540,487.0,1.0,120.0,155.1,0.27,COMPLETE
11925,0.6875,2026-04-09 11:45:51.658551,2026-04-09 11:45:58.813450,0 days 00:00:07.154899,414.0,2.0,116.7,156.5,0.43,COMPLETE
11926,0.6875,2026-04-09 11:45:58.832709,2026-04-09 11:46:06.187359,0 days 00:00:07.354650,350.0,1.0,121.9,159.2,0.42,COMPLETE
11927,0.6875,2026-04-09 11:46:06.206548,2026-04-09 11:46:13.307096,0 days 00:00:07.100548,385.0,1.0,116.6,157.8,0.58,COMPLETE
11928,0.825,2026-04-09 11:46:13.325652,2026-04-09 11:46:47.452798,0 days 00:00:34.127146,429.0,1.0,118.4,157.7,0.01,COMPLETE
11929,0.6875,2026-04-09 11:46:47.469374,2026-04-09 11:46:55.203687,0 days 00:00:07.734313,211.0,3.0,123.5,154.9,0.61,COMPLETE
11930,0.6875,2026-04-09 11:46:55.216604,2026-04-09 11:47:01.948275,0 days 00:00:06.731671,270.0,1.0,120.7,153.5,0.36,COMPLETE
11931,0.6875,2026-04-09 11:47:01.964876,2026-04-09 11:47:09.252129,0 days 00:00:07.287253,402.0,3.0,114.2,155.7,0.08,COMPLETE
11932,0.6875,2026-04-09 11:47:09.268612,2026-04-09 11:47:16.718018,0 days 00:00:07.449406,421.0,3.0,117.9,148.5,1.52,COMPLETE
11933,0.6875,2026-04-09 11:47:16.731465,2026-04-09 11:47:23.897242,0 days 00:00:07.165777,497.0,1.0,114.6,153.6,0.35000000000000003,COMPLETE
11934,0.6875,2026-04-09 11:47:23.913319,2026-04-09 11:47:31.565838,0 days 00:00:07.652519,357.0,3.0,122.5,154.4,0.3,COMPLETE
11935,0.6875,2026-04-09 11:47:32.213673,2026-04-09 11:47:40.512513,0 days 00:00:08.298840,309.0,1.0,116.8,154.1,0.51,COMPLETE
11936,0.6875,2026-04-09 11:47:40.525711,2026-04-09 11:47:47.321447,0 days 00:00:06.795736,414.0,1.0,115.6,151.0,0.19,COMPLETE
11937,0.6875,2026-04-09 11:47:47.338257,2026-04-09 11:47:54.326735,0 days 00:00:06.988478,408.0,2.0,118.4,154.9,0.89,COMPLETE
11938,0.6875,2026-04-09 11:47:54.340363,2026-04-09 11:48:01.466557,0 days 00:00:07.126194,347.0,1.0,114.7,156.3,0.25,COMPLETE
11939,0.6875,2026-04-09 11:48:01.483117,2026-04-09 11:48:09.180656,0 days 00:00:07.697539,311.0,2.0,124.7,157.2,0.66,COMPLETE
11940,0.825,2026-04-09 11:48:09.194040,2026-04-09 11:48:43.431580,0 days 00:00:34.237540,495.0,2.0,122.5,155.5,0.54,COMPLETE
11941,0.6875,2026-04-09 11:48:43.447944,2026-04-09 11:48:50.686999,0 days 00:00:07.239055,230.0,2.0,125.0,155.4,0.37,COMPLETE
11942,0.825,2026-04-09 11:48:50.701131,2026-04-09 11:49:24.636142,0 days 00:00:33.935011,446.0,3.0,123.7,156.6,0.25,COMPLETE
11943,0.6875,2026-04-09 11:49:24.652279,2026-04-09 11:49:31.675741,0 days 00:00:07.023462,496.0,2.0,120.8,159.9,1.3900000000000001,COMPLETE
11944,0.6875,2026-04-09 11:49:31.695321,2026-04-09 11:49:39.304232,0 days 00:00:07.608911,478.0,1.0,114.7,152.6,0.43,COMPLETE
11945,0.6875,2026-04-09 11:49:39.320801,2026-04-09 11:49:47.211745,0 days 00:00:07.890944,363.0,1.0,124.4,151.5,0.78,COMPLETE
11946,0.6875,2026-04-09 11:49:47.224814,2026-04-09 11:49:54.650151,0 days 00:00:07.425337,493.0,2.0,116.4,153.9,0.26,COMPLETE
11947,0.6875,2026-04-09 11:49:54.666259,2026-04-09 11:50:02.132357,0 days 00:00:07.466098,208.0,2.0,121.1,153.8,0.02,COMPLETE
11948,0.825,2026-04-09 11:50:02.146289,2026-04-09 11:50:36.324661,0 days 00:00:34.178372,387.0,1.0,123.3,154.8,0.05,COMPLETE
11949,0.6875,2026-04-09 11:50:36.341229,2026-04-09 11:50:43.534135,0 days 00:00:07.192906,276.0,2.0,125.6,154.6,0.45,COMPLETE
11950,0.6875,2026-04-09 11:50:43.547424,2026-04-09 11:50:50.698598,0 days 00:00:07.151174,289.0,2.0,119.5,154.4,0.36,COMPLETE
11951,0.6875,2026-04-09 11:50:50.714339,2026-04-09 11:50:57.716751,0 days 00:00:07.002412,468.0,2.0,114.7,152.9,0.0,COMPLETE
11952,0.825,2026-04-09 11:50:57.730702,2026-04-09 11:51:18.336834,0 days 00:00:20.606132,350.0,2.0,116.3,154.3,0.0,COMPLETE
11953,0.6875,2026-04-09 11:51:18.353736,2026-04-09 11:51:24.929508,0 days 00:00:06.575772,446.0,1.0,117.4,154.8,0.22,COMPLETE
11954,0.6875,2026-04-09 11:51:24.943593,2026-04-09 11:51:31.617012,0 days 00:00:06.673419,385.0,1.0,116.1,152.7,0.89,COMPLETE
11955,0.6875,2026-04-09 11:51:31.633332,2026-04-09 11:51:38.312295,0 days 00:00:06.678963,347.0,1.0,114.3,155.4,0.01,COMPLETE
11956,0.6875,2026-04-09 11:51:38.325630,2026-04-09 11:51:44.979970,0 days 00:00:06.654340,378.0,1.0,116.4,156.7,0.19,COMPLETE
11957,0.6875,2026-04-09 11:51:44.996381,2026-04-09 11:51:52.187828,0 days 00:00:07.191447,380.0,1.0,123.4,153.4,0.43,COMPLETE
11958,0.6875,2026-04-09 11:51:52.202106,2026-04-09 11:51:59.406317,0 days 00:00:07.204211,378.0,1.0,115.6,152.6,0.21,COMPLETE
11959,0.6875,2026-04-09 11:51:59.423147,2026-04-09 11:52:06.300834,0 days 00:00:06.877687,459.0,2.0,120.6,153.5,0.6,COMPLETE
11960,0.6875,2026-04-09 11:52:06.313841,2026-04-09 11:52:13.630000,0 days 00:00:07.316159,387.0,1.0,114.3,156.1,0.01,COMPLETE
11961,0.6875,2026-04-09 11:52:13.646246,2026-04-09 11:52:20.516845,0 days 00:00:06.870599,494.0,1.0,117.1,152.2,0.25,COMPLETE
11962,0.6875,2026-04-09 11:52:20.530044,2026-04-09 11:52:27.393750,0 days 00:00:06.863706,404.0,1.0,117.4,155.4,0.28,COMPLETE
11963,0.825,2026-04-09 11:52:27.410236,2026-04-09 11:52:34.441761,0 days 00:00:07.031525,451.0,1.0,117.4,154.2,0.02,COMPLETE
11964,0.6875,2026-04-09 11:52:34.455518,2026-04-09 11:52:41.855605,0 days 00:00:07.400087,376.0,3.0,120.8,159.8,1.96,COMPLETE
11965,0.6875,2026-04-09 11:52:41.872366,2026-04-09 11:52:49.458511,0 days 00:00:07.586145,193.0,3.0,126.9,156.4,1.12,COMPLETE
11966,0.6875,2026-04-09 11:52:49.471734,2026-04-09 11:52:57.082524,0 days 00:00:07.610790,447.0,1.0,117.1,151.2,0.58,COMPLETE
11967,0.6875,2026-04-09 11:52:57.099098,2026-04-09 11:53:04.335393,0 days 00:00:07.236295,314.0,2.0,122.1,154.6,0.02,COMPLETE
11968,0.6875,2026-04-09 11:53:04.350588,2026-04-09 11:53:11.665656,0 days 00:00:07.315068,433.0,1.0,113.8,156.6,0.43,COMPLETE
11969,0.825,2026-04-09 11:53:11.681970,2026-04-09 11:53:47.521918,0 days 00:00:35.839948,433.0,1.0,124.9,155.7,0.22,COMPLETE
11970,0.6875,2026-04-09 11:53:47.535136,2026-04-09 11:53:55.236687,0 days 00:00:07.701551,467.0,1.0,114.4,152.5,0.0,COMPLETE
11971,0.6875,2026-04-09 11:53:55.252676,2026-04-09 11:54:02.150367,0 days 00:00:06.897691,377.0,1.0,117.0,152.2,0.23,COMPLETE
11972,0.6875,2026-04-09 11:54:02.164129,2026-04-09 11:54:08.862781,0 days 00:00:06.698652,381.0,1.0,116.4,155.9,0.25,COMPLETE
11973,0.6875,2026-04-09 11:54:08.879023,2026-04-09 11:54:15.450181,0 days 00:00:06.571158,428.0,1.0,115.6,154.1,0.0,COMPLETE
11974,0.825,2026-04-09 11:54:15.464407,2026-04-09 11:54:49.490239,0 days 00:00:34.025832,447.0,2.0,117.5,156.8,0.16,COMPLETE
11975,0.6875,2026-04-09 11:54:49.506286,2026-04-09 11:54:56.524643,0 days 00:00:07.018357,451.0,1.0,115.7,153.6,0.48,COMPLETE
11976,0.825,2026-04-09 11:54:56.537620,2026-04-09 11:55:30.958701,0 days 00:00:34.421081,359.0,1.0,119.6,154.6,0.03,COMPLETE
11977,0.6875,2026-04-09 11:55:30.975232,2026-04-09 11:55:38.103178,0 days 00:00:07.127946,434.0,1.0,115.3,153.4,0.01,COMPLETE
11978,0.6875,2026-04-09 11:55:38.116206,2026-04-09 11:55:44.627000,0 days 00:00:06.510794,401.0,2.0,115.2,153.2,0.24,COMPLETE
11979,0.6875,2026-04-09 11:55:44.644164,2026-04-09 11:55:52.464143,0 days 00:00:07.819979,446.0,2.0,126.6,152.6,0.68,COMPLETE
11980,0.6875,2026-04-09 11:55:52.477344,2026-04-09 11:55:59.650785,0 days 00:00:07.173441,307.0,2.0,122.4,154.3,0.24,COMPLETE
11981,0.6875,2026-04-09 11:55:59.667224,2026-04-09 11:56:06.485236,0 days 00:00:06.818012,420.0,1.0,119.0,153.8,0.47000000000000003,COMPLETE
11982,0.825,2026-04-09 11:56:06.499828,2026-04-09 11:56:41.112255,0 days 00:00:34.612427,335.0,3.0,125.3,154.2,0.27,COMPLETE
11983,0.6875,2026-04-09 11:56:41.128841,2026-04-09 11:56:49.170663,0 days 00:00:08.041822,431.0,1.0,113.0,153.5,0.27,COMPLETE
11984,0.6875,2026-04-09 11:56:49.184280,2026-04-09 11:56:56.952737,0 days 00:00:07.768457,162.0,1.0,117.9,151.8,1.08,COMPLETE
11985,0.6875,2026-04-09 11:56:56.967829,2026-04-09 11:57:03.646177,0 days 00:00:06.678348,361.0,1.0,118.1,151.2,0.19,COMPLETE
11986,0.6875,2026-04-09 11:57:03.660293,2026-04-09 11:57:10.748940,0 days 00:00:07.088647,396.0,1.0,121.6,155.1,0.3,COMPLETE
11987,0.6875,2026-04-09 11:57:10.765139,2026-04-09 11:57:18.285210,0 days 00:00:07.520071,448.0,1.0,113.0,155.0,0.03,COMPLETE
11988,0.825,2026-04-09 11:57:18.298026,2026-04-09 11:57:52.815775,0 days 00:00:34.517749,343.0,1.0,118.4,156.8,0.38,COMPLETE
11989,0.825,2026-04-09 11:57:52.832091,2026-04-09 11:58:27.110377,0 days 00:00:34.278286,286.0,1.0,118.3,153.3,0.02,COMPLETE
11990,0.6875,2026-04-09 11:58:27.124228,2026-04-09 11:58:34.254580,0 days 00:00:07.130352,311.0,1.0,113.1,153.8,0.39,COMPLETE
11991,0.6875,2026-04-09 11:58:34.270476,2026-04-09 11:58:41.959610,0 days 00:00:07.689134,223.0,1.0,119.5,149.0,0.25,COMPLETE
11992,0.6875,2026-04-09 11:58:41.973689,2026-04-09 11:58:49.393353,0 days 00:00:07.419664,480.0,1.0,115.9,156.0,0.33,COMPLETE
11993,0.825,2026-04-09 11:58:49.409214,2026-04-09 11:59:23.681168,0 days 00:00:34.271954,464.0,2.0,119.6,156.1,0.59,COMPLETE
11994,0.6875,2026-04-09 11:59:23.696119,2026-04-09 11:59:31.137940,0 days 00:00:07.441821,236.0,2.0,120.5,153.6,0.32,COMPLETE
11995,0.825,2026-04-09 11:59:31.153931,2026-04-09 12:00:05.151393,0 days 00:00:33.997462,452.0,2.0,121.4,156.2,0.37,COMPLETE
