number,value,datetime_start,datetime_complete,duration,params_voltage,params_width,params_x,params_y,params_z,state
2952,0.6875,2026-04-05 04:12:04.546236,2026-04-05 04:12:11.970261,0 days 00:00:07.424025,153.0,3.0,113.7,155.1,0.27,COMPLETE
2953,0.6875,2026-04-05 04:12:11.984617,2026-04-05 04:12:19.174939,0 days 00:00:07.190322,457.0,2.0,121.5,154.5,0.64,COMPLETE
2954,0.825,2026-04-05 04:12:19.189262,2026-04-05 04:12:53.177662,0 days 00:00:33.988400,430.0,3.0,121.8,156.1,0.65,COMPLETE
2955,0.6875,2026-04-05 04:12:53.192285,2026-04-05 04:13:00.355647,0 days 00:00:07.163362,283.0,1.0,116.7,157.5,0.22,COMPLETE
2956,0.6875,2026-04-05 04:13:00.369547,2026-04-05 04:13:07.054772,0 days 00:00:06.685225,380.0,1.0,113.9,156.5,0.36,COMPLETE
2957,0.6875,2026-04-05 04:13:07.068666,2026-04-05 04:13:13.762040,0 days 00:00:06.693374,443.0,1.0,117.4,158.3,0.31,COMPLETE
2958,0.825,2026-04-05 04:13:13.775903,2026-04-05 04:13:47.974701,0 days 00:00:34.198798,307.0,1.0,120.4,156.2,0.39,COMPLETE
2959,0.6875,2026-04-05 04:13:47.988567,2026-04-05 04:13:54.919143,0 days 00:00:06.930576,372.0,3.0,117.2,152.2,0.3,COMPLETE
2960,0.6875,2026-04-05 04:13:54.932522,2026-04-05 04:14:01.516815,0 days 00:00:06.584293,358.0,2.0,120.2,153.7,0.4,COMPLETE
2961,0.825,2026-04-05 04:14:01.527459,2026-04-05 04:14:35.582433,0 days 00:00:34.054974,381.0,1.0,121.7,153.6,0.24,COMPLETE
2962,0.6875,2026-04-05 04:14:35.596480,2026-04-05 04:14:42.364567,0 days 00:00:06.768087,436.0,2.0,118.0,154.2,0.73,COMPLETE
2963,0.6875,2026-04-05 04:14:42.378624,2026-04-05 04:14:49.696781,0 days 00:00:07.318157,377.0,1.0,127.0,156.2,0.34,COMPLETE
2964,0.825,2026-04-05 04:14:49.711250,2026-04-05 04:15:23.734421,0 days 00:00:34.023171,382.0,2.0,123.9,156.2,0.25,COMPLETE
2965,0.825,2026-04-05 04:15:23.744550,2026-04-05 04:15:58.032114,0 days 00:00:34.287564,441.0,1.0,118.0,153.6,0.01,COMPLETE
2966,0.6875,2026-04-05 04:15:58.041980,2026-04-05 04:16:04.703236,0 days 00:00:06.661256,445.0,1.0,116.6,155.4,0.4,COMPLETE
2967,0.6875,2026-04-05 04:16:04.716952,2026-04-05 04:16:11.894845,0 days 00:00:07.177893,486.0,1.0,123.5,151.4,0.7000000000000001,COMPLETE
2968,0.6875,2026-04-05 04:16:11.908167,2026-04-05 04:16:18.548830,0 days 00:00:06.640663,427.0,2.0,123.4,154.5,0.41000000000000003,COMPLETE
2969,0.825,2026-04-05 04:16:18.562970,2026-04-05 04:16:23.673211,0 days 00:00:05.110241,500.0,2.0,122.2,152.8,0.44,COMPLETE
2970,0.6875,2026-04-05 04:16:23.688513,2026-04-05 04:16:30.478772,0 days 00:00:06.790259,284.0,1.0,122.2,153.7,0.37,COMPLETE
2971,0.6875,2026-04-05 04:16:30.492473,2026-04-05 04:16:37.836185,0 days 00:00:07.343712,383.0,1.0,113.0,151.6,1.0,COMPLETE
2972,0.6875,2026-04-05 04:16:37.850048,2026-04-05 04:16:44.977501,0 days 00:00:07.127453,336.0,1.0,120.0,154.8,0.46,COMPLETE
2973,0.825,2026-04-05 04:16:44.991515,2026-04-05 04:17:19.166713,0 days 00:00:34.175198,357.0,1.0,125.0,154.6,0.41000000000000003,COMPLETE
2974,0.825,2026-04-05 04:17:19.182111,2026-04-05 04:17:53.738372,0 days 00:00:34.556261,322.0,1.0,118.7,157.4,0.07,COMPLETE
2975,0.6875,2026-04-05 04:17:53.751929,2026-04-05 04:18:00.763649,0 days 00:00:07.011720,396.0,1.0,121.7,152.5,0.43,COMPLETE
2976,0.6875,2026-04-05 04:18:00.777662,2026-04-05 04:18:07.554855,0 days 00:00:06.777193,410.0,2.0,117.0,152.7,0.33,COMPLETE
2977,0.6875,2026-04-05 04:18:07.568791,2026-04-05 04:18:15.334274,0 days 00:00:07.765483,222.0,1.0,124.6,152.6,1.4000000000000001,COMPLETE
2978,0.6875,2026-04-05 04:18:15.348175,2026-04-05 04:18:22.841176,0 days 00:00:07.493001,498.0,1.0,115.5,157.7,0.11,COMPLETE
2979,0.825,2026-04-05 04:18:22.855630,2026-04-05 04:18:57.987827,0 days 00:00:35.132197,499.0,2.0,125.9,154.4,0.04,COMPLETE
2980,0.6875,2026-04-05 04:18:58.001649,2026-04-05 04:19:04.912243,0 days 00:00:06.910594,299.0,1.0,127.0,155.0,0.04,COMPLETE
2981,0.825,2026-04-05 04:19:04.922795,2026-04-05 04:19:38.932474,0 days 00:00:34.009679,308.0,1.0,123.6,156.5,0.03,COMPLETE
2982,0.825,2026-04-05 04:19:38.947024,2026-04-05 04:20:12.989839,0 days 00:00:34.042815,375.0,1.0,119.5,157.3,0.03,COMPLETE
2983,0.6875,2026-04-05 04:20:13.003988,2026-04-05 04:20:20.066029,0 days 00:00:07.062041,429.0,2.0,116.0,154.3,0.12,COMPLETE
2984,0.6875,2026-04-05 04:20:20.079861,2026-04-05 04:20:26.682080,0 days 00:00:06.602219,443.0,1.0,113.9,152.1,1.09,COMPLETE
2985,0.6875,2026-04-05 04:20:26.693074,2026-04-05 04:20:33.264276,0 days 00:00:06.571202,495.0,1.0,113.4,152.9,0.01,COMPLETE
2986,0.6875,2026-04-05 04:20:33.277791,2026-04-05 04:20:40.651784,0 days 00:00:07.373993,452.0,3.0,121.5,154.5,0.74,COMPLETE
2987,0.6875,2026-04-05 04:20:40.666186,2026-04-05 04:20:48.281295,0 days 00:00:07.615109,163.0,3.0,118.1,157.3,0.13,COMPLETE
2988,0.015625,2026-04-05 04:20:48.295053,2026-04-05 04:20:54.989214,0 days 00:00:06.694161,428.0,1.0,115.6,154.7,0.01,COMPLETE
2989,0.6875,2026-04-05 04:20:55.004285,2026-04-05 04:21:01.597713,0 days 00:00:06.593428,353.0,1.0,116.1,154.2,0.03,COMPLETE
2990,0.825,2026-04-05 04:21:01.608560,2026-04-05 04:21:35.419580,0 days 00:00:33.811020,436.0,1.0,116.4,155.4,0.0,COMPLETE
2991,0.6875,2026-04-05 04:21:35.433737,2026-04-05 04:21:42.026055,0 days 00:00:06.592318,463.0,1.0,116.6,153.4,0.41000000000000003,COMPLETE
2992,0.825,2026-04-05 04:21:42.039566,2026-04-05 04:22:16.122892,0 days 00:00:34.083326,399.0,1.0,117.4,156.4,0.0,COMPLETE
2993,0.6875,2026-04-05 04:22:16.136713,2026-04-05 04:22:22.899902,0 days 00:00:06.763189,413.0,1.0,114.7,155.7,0.12,COMPLETE
2994,0.6875,2026-04-05 04:22:22.914134,2026-04-05 04:22:29.672621,0 days 00:00:06.758487,392.0,1.0,114.8,153.3,0.32,COMPLETE
2995,0.825,2026-04-05 04:22:29.687131,2026-04-05 04:23:03.734316,0 days 00:00:34.047185,408.0,1.0,117.8,155.4,0.01,COMPLETE
2996,0.6875,2026-04-05 04:23:03.748080,2026-04-05 04:23:10.423038,0 days 00:00:06.674958,426.0,1.0,115.7,153.0,0.26,COMPLETE
2997,0.6875,2026-04-05 04:23:10.436863,2026-04-05 04:23:17.371553,0 days 00:00:06.934690,461.0,1.0,113.7,158.4,1.31,COMPLETE
2998,0.6875,2026-04-05 04:23:17.385381,2026-04-05 04:23:25.583628,0 days 00:00:08.198247,380.0,1.0,127.0,153.5,0.66,COMPLETE
2999,0.6875,2026-04-05 04:23:25.597255,2026-04-05 04:23:33.178831,0 days 00:00:07.581576,446.0,1.0,116.1,154.9,0.18,COMPLETE
3000,0.6875,2026-04-05 04:23:33.192517,2026-04-05 04:23:39.768886,0 days 00:00:06.576369,445.0,1.0,113.9,155.1,0.03,COMPLETE
3001,0.6875,2026-04-05 04:23:39.778656,2026-04-05 04:23:46.109382,0 days 00:00:06.330726,383.0,2.0,113.9,154.8,0.07,COMPLETE
3002,0.6875,2026-04-05 04:23:46.124011,2026-04-05 04:23:52.643072,0 days 00:00:06.519061,400.0,2.0,115.3,155.6,0.04,COMPLETE
3003,0.6875,2026-04-05 04:23:52.654655,2026-04-05 04:23:59.034773,0 days 00:00:06.380118,485.0,1.0,114.9,155.4,0.36,COMPLETE
3004,0.6875,2026-04-05 04:23:59.047853,2026-04-05 04:24:05.460534,0 days 00:00:06.412681,431.0,1.0,115.5,155.1,0.12,COMPLETE
3005,0.6875,2026-04-05 04:24:05.474294,2026-04-05 04:24:11.999988,0 days 00:00:06.525694,406.0,1.0,115.2,154.8,0.34,COMPLETE
3006,0.6875,2026-04-05 04:24:12.014121,2026-04-05 04:24:18.501558,0 days 00:00:06.487437,424.0,1.0,115.5,154.3,0.02,COMPLETE
3007,0.6875,2026-04-05 04:24:18.515571,2026-04-05 04:24:25.060095,0 days 00:00:06.544524,416.0,3.0,114.1,153.6,0.41000000000000003,COMPLETE
3008,0.6875,2026-04-05 04:24:25.073672,2026-04-05 04:24:31.659094,0 days 00:00:06.585422,442.0,1.0,114.6,152.8,0.29,COMPLETE
3009,0.6875,2026-04-05 04:24:31.672725,2026-04-05 04:24:38.031929,0 days 00:00:06.359204,450.0,1.0,114.8,152.8,0.05,COMPLETE
3010,0.6875,2026-04-05 04:24:38.042095,2026-04-05 04:24:44.795211,0 days 00:00:06.753116,440.0,1.0,113.2,156.8,0.15,COMPLETE
3011,0.6875,2026-04-05 04:24:44.807810,2026-04-05 04:24:51.861213,0 days 00:00:07.053403,379.0,1.0,113.9,154.8,0.07,COMPLETE
3012,0.6875,2026-04-05 04:24:51.875786,2026-04-05 04:24:59.580519,0 days 00:00:07.704733,221.0,1.0,122.8,155.4,0.31,COMPLETE
3013,0.6875,2026-04-05 04:24:59.594349,2026-04-05 04:25:06.686339,0 days 00:00:07.091990,409.0,1.0,116.2,153.8,0.06,COMPLETE
3014,0.6875,2026-04-05 04:25:06.700298,2026-04-05 04:25:13.285290,0 days 00:00:06.584992,432.0,1.0,115.5,153.8,0.43,COMPLETE
3015,0.825,2026-04-05 04:25:13.299695,2026-04-05 04:25:47.847134,0 days 00:00:34.547439,403.0,1.0,122.5,156.3,0.23,COMPLETE
3016,0.6875,2026-04-05 04:25:47.861144,2026-04-05 04:25:55.055094,0 days 00:00:07.193950,383.0,1.0,115.3,156.0,0.02,COMPLETE
3017,0.6875,2026-04-05 04:25:55.069013,2026-04-05 04:26:01.700861,0 days 00:00:06.631848,433.0,1.0,116.9,153.0,1.31,COMPLETE
3018,0.6875,2026-04-05 04:26:01.714995,2026-04-05 04:26:08.400015,0 days 00:00:06.685020,415.0,1.0,114.7,156.0,0.01,COMPLETE
3019,0.6875,2026-04-05 04:26:08.415271,2026-04-05 04:26:15.621556,0 days 00:00:07.206285,405.0,1.0,116.3,149.4,0.03,COMPLETE
3020,0.6875,2026-04-05 04:26:15.635002,2026-04-05 04:26:22.728591,0 days 00:00:07.093589,354.0,1.0,122.1,149.7,0.14,COMPLETE
3021,0.6875,2026-04-05 04:26:22.743161,2026-04-05 04:26:30.287829,0 days 00:00:07.544668,426.0,1.0,113.3,153.2,0.02,COMPLETE
3022,0.825,2026-04-05 04:26:30.297852,2026-04-05 04:26:35.557307,0 days 00:00:05.259455,393.0,1.0,116.8,155.7,0.03,COMPLETE
3023,0.6875,2026-04-05 04:26:35.571587,2026-04-05 04:26:42.367869,0 days 00:00:06.796282,447.0,1.0,114.6,154.7,0.04,COMPLETE
3024,0.6875,2026-04-05 04:26:42.377565,2026-04-05 04:26:49.159627,0 days 00:00:06.782062,378.0,1.0,115.8,153.6,0.42,COMPLETE
3025,0.6875,2026-04-05 04:26:49.173573,2026-04-05 04:26:55.999841,0 days 00:00:06.826268,356.0,1.0,115.2,156.5,0.01,COMPLETE
3026,0.6875,2026-04-05 04:26:56.014162,2026-04-05 04:27:02.724127,0 days 00:00:06.709965,449.0,1.0,117.3,158.1,0.0,COMPLETE
3027,0.6875,2026-04-05 04:27:02.735055,2026-04-05 04:27:09.478323,0 days 00:00:06.743268,480.0,1.0,115.7,155.1,0.31,COMPLETE
3028,0.6875,2026-04-05 04:27:09.493194,2026-04-05 04:27:16.121663,0 days 00:00:06.628469,429.0,1.0,115.1,153.6,0.04,COMPLETE
3029,0.825,2026-04-05 04:27:16.135588,2026-04-05 04:27:50.197556,0 days 00:00:34.061968,470.0,1.0,117.3,156.2,0.34,COMPLETE
3030,0.825,2026-04-05 04:27:50.211850,2026-04-05 04:28:24.266617,0 days 00:00:34.054767,488.0,2.0,118.4,153.2,0.21,COMPLETE
3031,0.825,2026-04-05 04:28:24.282548,2026-04-05 04:28:41.839244,0 days 00:00:17.556696,430.0,3.0,124.2,154.0,0.52,COMPLETE
3032,0.825,2026-04-05 04:28:41.853913,2026-04-05 04:29:15.952591,0 days 00:00:34.098678,450.0,2.0,123.0,156.5,0.4,COMPLETE
3033,0.6875,2026-04-05 04:29:15.965633,2026-04-05 04:29:23.318354,0 days 00:00:07.352721,474.0,2.0,116.0,151.4,0.54,COMPLETE
3034,0.825,2026-04-05 04:29:23.332096,2026-04-05 04:29:57.436230,0 days 00:00:34.104134,417.0,2.0,118.8,155.3,0.37,COMPLETE
3035,0.825,2026-04-05 04:29:57.449849,2026-04-05 04:30:31.226480,0 days 00:00:33.776631,439.0,1.0,118.0,155.1,0.05,COMPLETE
3036,0.6875,2026-04-05 04:30:31.240224,2026-04-05 04:30:37.990739,0 days 00:00:06.750515,455.0,2.0,116.4,152.9,0.0,COMPLETE
3037,0.6875,2026-04-05 04:30:38.004441,2026-04-05 04:30:44.558557,0 days 00:00:06.554116,399.0,2.0,119.5,153.1,0.15,COMPLETE
3038,0.6875,2026-04-05 04:30:44.572470,2026-04-05 04:30:51.500479,0 days 00:00:06.928009,454.0,1.0,115.1,156.2,0.3,COMPLETE
3039,0.671875,2026-04-05 04:30:51.514225,2026-04-05 04:30:58.189752,0 days 00:00:06.675527,428.0,1.0,117.3,156.1,0.33,COMPLETE
3040,0.6875,2026-04-05 04:30:58.203727,2026-04-05 04:31:04.863880,0 days 00:00:06.660153,451.0,1.0,117.6,152.7,0.0,COMPLETE
3041,0.6875,2026-04-05 04:31:04.877233,2026-04-05 04:31:12.192489,0 days 00:00:07.315256,420.0,1.0,123.7,157.0,0.77,COMPLETE
3042,0.825,2026-04-05 04:31:12.203070,2026-04-05 04:31:19.808347,0 days 00:00:07.605277,441.0,1.0,116.6,156.4,0.01,COMPLETE
3043,0.6875,2026-04-05 04:31:19.821840,2026-04-05 04:31:26.268900,0 days 00:00:06.447060,415.0,1.0,116.4,155.8,0.0,COMPLETE
3044,0.6875,2026-04-05 04:31:26.282934,2026-04-05 04:31:33.870809,0 days 00:00:07.587875,249.0,1.0,125.9,155.1,0.3,COMPLETE
3045,0.825,2026-04-05 04:31:33.883410,2026-04-05 04:31:39.026011,0 days 00:00:05.142601,481.0,3.0,123.3,154.7,0.56,COMPLETE
3046,0.6875,2026-04-05 04:31:39.040596,2026-04-05 04:31:46.540572,0 days 00:00:07.499976,427.0,1.0,115.1,156.3,0.26,COMPLETE
3047,0.6875,2026-04-05 04:31:46.550947,2026-04-05 04:31:54.252820,0 days 00:00:07.701873,237.0,1.0,123.7,156.0,0.46,COMPLETE
3048,0.6875,2026-04-05 04:31:54.266573,2026-04-05 04:32:00.925646,0 days 00:00:06.659073,500.0,2.0,120.2,154.2,0.41000000000000003,COMPLETE
3049,0.6875,2026-04-05 04:32:00.939898,2026-04-05 04:32:07.607142,0 days 00:00:06.667244,497.0,1.0,116.7,152.4,0.29,COMPLETE
3050,0.6875,2026-04-05 04:32:07.617734,2026-04-05 04:32:14.674591,0 days 00:00:07.056857,364.0,3.0,118.8,155.6,1.41,COMPLETE
3051,0.6875,2026-04-05 04:32:14.689261,2026-04-05 04:32:21.483058,0 days 00:00:06.793797,387.0,2.0,122.4,153.0,0.65,COMPLETE
3052,0.6875,2026-04-05 04:32:21.492405,2026-04-05 04:32:28.545609,0 days 00:00:07.053204,419.0,1.0,116.8,153.6,0.34,COMPLETE
3053,0.6875,2026-04-05 04:32:28.559070,2026-04-05 04:32:35.913854,0 days 00:00:07.354784,317.0,1.0,123.6,155.1,0.64,COMPLETE
3054,0.6875,2026-04-05 04:32:35.927792,2026-04-05 04:32:42.539494,0 days 00:00:06.611702,292.0,2.0,123.9,156.1,0.47000000000000003,COMPLETE
3055,0.825,2026-04-05 04:32:42.549482,2026-04-05 04:33:16.844821,0 days 00:00:34.295339,494.0,1.0,117.4,155.8,0.0,COMPLETE
3056,0.825,2026-04-05 04:33:16.858209,2026-04-05 04:33:51.419134,0 days 00:00:34.560925,289.0,1.0,123.6,156.6,0.38,COMPLETE
3057,0.825,2026-04-05 04:33:51.432805,2026-04-05 04:34:25.461020,0 days 00:00:34.028215,394.0,1.0,121.8,154.5,0.07,COMPLETE
3058,0.6875,2026-04-05 04:34:25.475529,2026-04-05 04:34:32.445160,0 days 00:00:06.969631,385.0,1.0,116.8,156.5,0.38,COMPLETE
3059,0.825,2026-04-05 04:34:32.458759,2026-04-05 04:35:06.682748,0 days 00:00:34.223989,475.0,1.0,120.5,156.3,0.61,COMPLETE
3060,0.825,2026-04-05 04:35:06.695778,2026-04-05 04:35:41.237542,0 days 00:00:34.541764,221.0,2.0,125.2,156.5,0.11,COMPLETE
3061,0.6875,2026-04-05 04:35:41.251388,2026-04-05 04:35:47.981438,0 days 00:00:06.730050,226.0,1.0,123.2,154.4,0.03,COMPLETE
3062,0.6875,2026-04-05 04:35:47.993217,2026-04-05 04:35:55.243204,0 days 00:00:07.249987,452.0,1.0,114.9,155.1,1.26,COMPLETE
3063,0.6875,2026-04-05 04:35:55.254594,2026-04-05 04:36:02.035004,0 days 00:00:06.780410,264.0,1.0,114.7,154.1,0.03,COMPLETE
3064,0.6875,2026-04-05 04:36:02.049082,2026-04-05 04:36:09.331546,0 days 00:00:07.282464,465.0,1.0,123.6,155.3,0.79,COMPLETE
3065,0.6875,2026-04-05 04:36:09.342147,2026-04-05 04:36:16.107137,0 days 00:00:06.764990,392.0,1.0,124.3,153.6,0.48,COMPLETE
3066,0.6875,2026-04-05 04:36:16.121489,2026-04-05 04:36:22.467257,0 days 00:00:06.345768,459.0,2.0,124.2,153.5,0.52,COMPLETE
3067,0.6875,2026-04-05 04:36:22.479606,2026-04-05 04:36:29.852578,0 days 00:00:07.372972,466.0,2.0,114.9,152.1,0.96,COMPLETE
3068,0.825,2026-04-05 04:36:29.863056,2026-04-05 04:36:37.061302,0 days 00:00:07.198246,497.0,1.0,115.9,154.5,0.05,COMPLETE
3069,0.6875,2026-04-05 04:36:37.075995,2026-04-05 04:36:43.940138,0 days 00:00:06.864143,402.0,1.0,114.8,154.6,0.0,COMPLETE
3070,0.6875,2026-04-05 04:36:43.954677,2026-04-05 04:36:50.707161,0 days 00:00:06.752484,483.0,1.0,113.8,157.9,0.02,COMPLETE
3071,0.6875,2026-04-05 04:36:50.718317,2026-04-05 04:36:57.912521,0 days 00:00:07.194204,438.0,2.0,118.1,152.7,0.37,COMPLETE
3072,0.6875,2026-04-05 04:36:57.923456,2026-04-05 04:37:04.669881,0 days 00:00:06.746425,474.0,1.0,114.8,152.9,1.34,COMPLETE
3073,0.6875,2026-04-05 04:37:04.682303,2026-04-05 04:37:12.673160,0 days 00:00:07.990857,376.0,3.0,126.3,154.4,0.44,COMPLETE
3074,0.825,2026-04-05 04:37:12.686847,2026-04-05 04:37:46.945459,0 days 00:00:34.258612,418.0,2.0,121.8,152.5,0.37,COMPLETE
3075,0.6875,2026-04-05 04:37:46.955548,2026-04-05 04:37:53.990162,0 days 00:00:07.034614,445.0,1.0,115.9,155.2,0.9400000000000001,COMPLETE
3076,0.671875,2026-04-05 04:37:54.003720,2026-04-05 04:38:01.126183,0 days 00:00:07.122463,490.0,3.0,123.4,154.8,0.32,COMPLETE
3077,0.6875,2026-04-05 04:38:01.140583,2026-04-05 04:38:07.684851,0 days 00:00:06.544268,294.0,2.0,123.3,154.7,0.35000000000000003,COMPLETE
3078,0.825,2026-04-05 04:38:07.698604,2026-04-05 04:38:41.466355,0 days 00:00:33.767751,314.0,2.0,122.3,153.4,0.09,COMPLETE
3079,0.825,2026-04-05 04:38:41.481002,2026-04-05 04:39:15.513838,0 days 00:00:34.032836,396.0,2.0,118.8,154.2,0.0,COMPLETE
3080,0.6875,2026-04-05 04:39:15.524178,2026-04-05 04:39:22.655328,0 days 00:00:07.131150,476.0,2.0,115.7,159.9,0.45,COMPLETE
3081,0.6875,2026-04-05 04:39:22.670174,2026-04-05 04:39:29.721914,0 days 00:00:07.051740,459.0,3.0,118.5,153.5,0.8300000000000001,COMPLETE
3082,0.825,2026-04-05 04:39:29.733644,2026-04-05 04:40:03.893506,0 days 00:00:34.159862,438.0,1.0,122.5,156.4,0.48,COMPLETE
3083,0.6875,2026-04-05 04:40:03.908182,2026-04-05 04:40:10.937785,0 days 00:00:07.029603,244.0,2.0,123.7,154.3,0.46,COMPLETE
3085,0.6875,2026-04-05 11:26:56.412452,2026-04-05 11:27:04.710673,0 days 00:00:08.298221,420.0,1.0,117.3,154.2,0.31,COMPLETE
3086,0.6875,2026-04-05 11:27:04.722663,2026-04-05 11:27:11.422360,0 days 00:00:06.699697,391.0,1.0,113.5,155.9,0.71,COMPLETE
3087,0.6875,2026-04-05 11:27:11.433998,2026-04-05 11:27:17.817728,0 days 00:00:06.383730,491.0,1.0,113.9,155.2,1.04,COMPLETE
3088,0.6875,2026-04-05 11:27:17.829476,2026-04-05 11:27:24.281731,0 days 00:00:06.452255,442.0,1.0,113.5,155.4,0.37,COMPLETE
3089,0.6875,2026-04-05 11:27:24.293596,2026-04-05 11:27:31.802050,0 days 00:00:07.508454,395.0,1.0,123.5,152.3,0.17,COMPLETE
3090,0.6875,2026-04-05 11:27:31.814570,2026-04-05 11:27:39.142420,0 days 00:00:07.327850,448.0,1.0,115.4,156.4,0.02,COMPLETE
3091,0.6875,2026-04-05 11:27:39.151629,2026-04-05 11:27:46.756434,0 days 00:00:07.604805,360.0,1.0,124.8,156.8,0.62,COMPLETE
3092,0.6875,2026-04-05 11:27:46.769042,2026-04-05 11:27:53.608281,0 days 00:00:06.839239,262.0,1.0,121.4,157.4,0.29,COMPLETE
3093,0.6875,2026-04-05 11:27:53.620532,2026-04-05 11:28:00.162682,0 days 00:00:06.542150,251.0,2.0,122.8,156.3,0.44,COMPLETE
3094,0.825,2026-04-05 11:28:00.171670,2026-04-05 11:28:33.991454,0 days 00:00:33.819784,482.0,2.0,122.0,155.9,0.52,COMPLETE
3095,0.825,2026-04-05 11:28:34.003499,2026-04-05 11:29:08.289367,0 days 00:00:34.285868,339.0,1.0,124.5,154.4,0.15,COMPLETE
3096,0.6875,2026-04-05 11:29:08.299088,2026-04-05 11:29:15.246640,0 days 00:00:06.947552,277.0,1.0,123.0,153.6,0.2,COMPLETE
3097,0.6875,2026-04-05 11:29:15.258562,2026-04-05 11:29:22.072575,0 days 00:00:06.814013,213.0,1.0,124.5,154.0,0.43,COMPLETE
3098,0.6875,2026-04-05 11:29:22.085330,2026-04-05 11:29:29.091739,0 days 00:00:07.006409,249.0,2.0,119.0,154.0,0.34,COMPLETE
3099,0.825,2026-04-05 11:29:29.104334,2026-04-05 11:29:34.596888,0 days 00:00:05.492554,294.0,1.0,125.1,153.7,0.35000000000000003,COMPLETE
3100,0.825,2026-04-05 11:29:34.609009,2026-04-05 11:29:47.807545,0 days 00:00:13.198536,445.0,1.0,124.2,154.8,0.4,COMPLETE
3101,0.6875,2026-04-05 11:29:47.819876,2026-04-05 11:29:55.621578,0 days 00:00:07.801702,494.0,1.0,113.3,155.3,0.11,COMPLETE
3102,0.6875,2026-04-05 11:29:55.633589,2026-04-05 11:30:02.687534,0 days 00:00:07.053945,414.0,1.0,117.3,155.3,0.31,COMPLETE
3103,0.6875,2026-04-05 11:30:02.700809,2026-04-05 11:30:09.547943,0 days 00:00:06.847134,473.0,2.0,113.3,156.2,1.2,COMPLETE
3104,0.6875,2026-04-05 11:30:09.559951,2026-04-05 11:30:16.539053,0 days 00:00:06.979102,499.0,3.0,117.5,153.5,0.49,COMPLETE
3105,0.6875,2026-04-05 11:30:16.548041,2026-04-05 11:30:24.026625,0 days 00:00:07.478584,405.0,1.0,124.3,156.1,0.28,COMPLETE
3106,0.6875,2026-04-05 11:30:24.038389,2026-04-05 11:30:31.729676,0 days 00:00:07.691287,450.0,1.0,113.8,155.8,0.0,COMPLETE
3107,0.6875,2026-04-05 11:30:31.741702,2026-04-05 11:30:39.819455,0 days 00:00:08.077753,366.0,3.0,123.8,149.8,1.56,COMPLETE
3108,0.6875,2026-04-05 11:30:39.828007,2026-04-05 11:30:47.378342,0 days 00:00:07.550335,445.0,2.0,116.9,156.3,0.34,COMPLETE
3109,0.825,2026-04-05 11:30:47.391381,2026-04-05 11:31:21.929727,0 days 00:00:34.538346,224.0,1.0,119.3,157.6,0.02,COMPLETE
3110,0.6875,2026-04-05 11:31:21.941884,2026-04-05 11:31:29.472745,0 days 00:00:07.530861,155.0,1.0,124.9,155.7,1.4000000000000001,COMPLETE
3111,0.6875,2026-04-05 11:31:29.484502,2026-04-05 11:31:36.553081,0 days 00:00:07.068579,418.0,2.0,127.0,150.3,0.6900000000000001,COMPLETE
3112,0.6875,2026-04-05 11:31:36.565487,2026-04-05 11:31:44.276501,0 days 00:00:07.711014,444.0,1.0,117.1,153.8,0.0,COMPLETE
3113,0.6875,2026-04-05 11:31:44.288426,2026-04-05 11:31:51.610726,0 days 00:00:07.322300,332.0,1.0,122.8,152.7,0.5700000000000001,COMPLETE
3114,0.6875,2026-04-05 11:31:51.622533,2026-04-05 11:31:58.560808,0 days 00:00:06.938275,397.0,1.0,118.0,151.4,0.33,COMPLETE
3115,0.825,2026-04-05 11:31:58.569661,2026-04-05 11:32:32.835235,0 days 00:00:34.265574,445.0,2.0,121.5,155.8,0.6,COMPLETE
3116,0.6875,2026-04-05 11:32:32.843577,2026-04-05 11:32:40.191172,0 days 00:00:07.347595,422.0,1.0,114.7,154.4,0.44,COMPLETE
3117,0.6875,2026-04-05 11:32:40.202996,2026-04-05 11:32:47.359387,0 days 00:00:07.156391,492.0,2.0,121.2,154.0,0.63,COMPLETE
3118,0.6875,2026-04-05 11:32:47.369040,2026-04-05 11:32:54.326834,0 days 00:00:06.957794,411.0,1.0,121.9,150.9,1.12,COMPLETE
3119,0.6875,2026-04-05 11:32:54.338868,2026-04-05 11:33:01.481369,0 days 00:00:07.142501,403.0,3.0,115.5,149.9,1.24,COMPLETE
3120,0.825,2026-04-05 11:33:01.493344,2026-04-05 11:33:36.584228,0 days 00:00:35.090884,291.0,1.0,123.1,156.0,0.36,COMPLETE
3121,0.6875,2026-04-05 11:33:36.595818,2026-04-05 11:33:43.836782,0 days 00:00:07.240964,321.0,3.0,121.0,150.6,0.48,COMPLETE
3122,0.825,2026-04-05 11:33:43.848058,2026-04-05 11:34:18.325224,0 days 00:00:34.477166,447.0,3.0,124.7,155.6,0.34,COMPLETE
3123,0.6875,2026-04-05 11:34:18.337158,2026-04-05 11:34:25.770439,0 days 00:00:07.433281,444.0,2.0,115.0,153.8,0.46,COMPLETE
3124,0.825,2026-04-05 11:34:25.780519,2026-04-05 11:35:00.571058,0 days 00:00:34.790539,426.0,1.0,123.2,152.9,0.36,COMPLETE
3125,0.6875,2026-04-05 11:35:00.580925,2026-04-05 11:35:08.030012,0 days 00:00:07.449087,401.0,2.0,116.0,154.9,0.25,COMPLETE
